2025-09-01 09:50:20,805 [INFO] Activator:176 - 


2025-09-01 09:50:20,810 [INFO] Activator:177 - !SESSION log4j initialized
2025-09-01 09:50:26,587 [INFO] LogOutputStream:77 - [STDOUT_REDIRECT] 
2025-09-01 09:50:33,682 [INFO] ApplicationProperties:184 - Using Application install path: C:\ST\STM32CubeIDE_1.16.1\STM32CubeIDE\plugins\com.st.stm32cube.common.mx_6.12.1.202409122256
2025-09-01 09:50:33,699 [INFO] DbMcusXml:78 - Set database path to: C:\ST\STM32CubeIDE_1.16.1\STM32CubeIDE\plugins\com.st.stm32cube.common.mx_6.12.1.202409122256\\db\/mcu/
2025-09-01 09:50:33,699 [INFO] ApiDb:274 - Set plugin database path to: C:\ST\STM32CubeIDE_1.16.1\STM32CubeIDE\plugins\com.st.stm32cube.common.mx_6.12.1.202409122256\\db\/plugins/boardmanager/
2025-09-01 09:50:33,699 [WARN] ApiDb:259 - Overriding images path with different value:  => C:\ST\STM32CubeIDE_1.16.1\STM32CubeIDE\plugins\com.st.stm32cube.common.mx_6.12.1.202409122256\\db\/plugins/mcufinder/images/
2025-09-01 09:50:33,714 [INFO] ApiDb:250 - Set database path to: C:\Users\RND1\.stmcufinder\plugins\mcufinder//mcu/
2025-09-01 09:50:33,715 [INFO] DbMcusAds:125 - Set database path to: C:\Users\RND1\.stmcufinder\plugins\mcufinder//mcu/
2025-09-01 09:50:33,718 [INFO] CrossReferenceDbSqlite:203 - Set database path to: C:\Users\RND1\.stmcufinder\plugins\mcufinder//mcu/cs/
2025-09-01 09:50:33,820 [INFO] RulesReader:64 - Compatibility file has been processed (297 Rules)
2025-09-01 09:50:33,909 [INFO] DbMcusXml:78 - Set database path to: C:\ST\STM32CubeIDE_1.16.1\STM32CubeIDE\plugins\com.st.stm32cube.common.mx_6.12.1.202409122256\\db\/mcu/
2025-09-01 09:50:33,909 [INFO] ApiDb:274 - Set plugin database path to: C:\ST\STM32CubeIDE_1.16.1\STM32CubeIDE\plugins\com.st.stm32cube.common.mx_6.12.1.202409122256\\db\/plugins/boardmanager/
2025-09-01 09:50:33,910 [INFO] ApiDb:261 - Set plugin images path to: C:\ST\STM32CubeIDE_1.16.1\STM32CubeIDE\plugins\com.st.stm32cube.common.mx_6.12.1.202409122256\\db\/plugins/mcufinder/images/
2025-09-01 09:50:33,910 [WARN] DbFile:41 - Overriding database path with different value: C:\Users\RND1\.stmcufinder\plugins\mcufinder/ => C:\Users\RND1\.stmcufinder\plugins\mcufinder
2025-09-01 09:50:33,910 [INFO] ApiDb:250 - Set database path to: C:\Users\RND1\.stmcufinder\plugins\mcufinder//mcu/
2025-09-01 09:50:33,910 [WARN] DbFile:41 - Overriding database path with different value: C:\Users\RND1\.stmcufinder\plugins\mcufinder/ => C:\Users\RND1\.stmcufinder\plugins\mcufinder
2025-09-01 09:50:33,910 [INFO] DbMcusAds:125 - Set database path to: C:\Users\RND1\.stmcufinder\plugins\mcufinder//mcu/
2025-09-01 09:50:33,910 [WARN] DbFile:41 - Overriding database path with different value: C:\Users\RND1\.stmcufinder\plugins\mcufinder/ => C:\Users\RND1\.stmcufinder\plugins\mcufinder
2025-09-01 09:50:33,910 [WARN] DbFile:41 - Overriding database path with different value: C:\Users\RND1\.stmcufinder\plugins\mcufinder/ => C:\Users\RND1\.stmcufinder\plugins\mcufinder
2025-09-01 09:50:33,910 [INFO] CrossReferenceDbSqlite:203 - Set database path to: C:\Users\RND1\.stmcufinder\plugins\mcufinder//mcu/cs/
2025-09-01 09:50:33,987 [INFO] MainPanel:268 - HeapMemory: 268435456
2025-09-01 09:50:34,084 [INFO] DbMcusXml:78 - Set database path to: C:\ST\STM32CubeIDE_1.16.1\STM32CubeIDE\plugins\com.st.stm32cube.common.mx_6.12.1.202409122256\\db\/mcu/
2025-09-01 09:50:34,085 [INFO] ApiDb:274 - Set plugin database path to: C:\ST\STM32CubeIDE_1.16.1\STM32CubeIDE\plugins\com.st.stm32cube.common.mx_6.12.1.202409122256\\db\/plugins/boardmanager/
2025-09-01 09:50:34,085 [INFO] ApiDb:261 - Set plugin images path to: C:\ST\STM32CubeIDE_1.16.1\STM32CubeIDE\plugins\com.st.stm32cube.common.mx_6.12.1.202409122256\\db\/plugins/mcufinder/images/
2025-09-01 09:50:34,085 [WARN] DbFile:41 - Overriding database path with different value: C:\Users\RND1\.stmcufinder\plugins\mcufinder/ => C:\Users\RND1\.stmcufinder\plugins\mcufinder
2025-09-01 09:50:34,085 [INFO] ApiDb:250 - Set database path to: C:\Users\RND1\.stmcufinder\plugins\mcufinder//mcu/
2025-09-01 09:50:34,085 [WARN] DbFile:41 - Overriding database path with different value: C:\Users\RND1\.stmcufinder\plugins\mcufinder/ => C:\Users\RND1\.stmcufinder\plugins\mcufinder
2025-09-01 09:50:34,085 [INFO] DbMcusAds:125 - Set database path to: C:\Users\RND1\.stmcufinder\plugins\mcufinder//mcu/
2025-09-01 09:50:34,085 [WARN] DbFile:41 - Overriding database path with different value: C:\Users\RND1\.stmcufinder\plugins\mcufinder/ => C:\Users\RND1\.stmcufinder\plugins\mcufinder
2025-09-01 09:50:34,085 [WARN] DbFile:41 - Overriding database path with different value: C:\Users\RND1\.stmcufinder\plugins\mcufinder/ => C:\Users\RND1\.stmcufinder\plugins\mcufinder
2025-09-01 09:50:34,085 [INFO] CrossReferenceDbSqlite:203 - Set database path to: C:\Users\RND1\.stmcufinder\plugins\mcufinder//mcu/cs/
2025-09-01 09:50:34,102 [INFO] ApplicationProperties:184 - Using Application install path: C:\ST\STM32CubeIDE_1.16.1\STM32CubeIDE\plugins\com.st.stm32cube.common.mx_6.12.1.202409122256
2025-09-01 09:50:34,103 [INFO] PluginManage:196 - Search for loadable plugins [exclusion list=, ]
2025-09-01 09:50:34,105 [INFO] PluginManage:310 - Check plugin analytics
2025-09-01 09:50:34,268 [INFO] AnalyticsPlugin:253 - Accepted Software Licenses: STM32CubeMX.6.10.0
2025-09-01 09:50:34,268 [INFO] AnalyticsPlugin:255 - Accepted CMSIS Pack Licenses: 
2025-09-01 09:50:34,268 [INFO] AnalyticsPlugin:257 - Accepted Firmware Licenses: FW.G4.1.5.0,FW.G4.1.6.0,FW.F4.1.28.0,FW.H7.1.11.0
2025-09-01 09:50:34,270 [INFO] PluginManage:359 - Loaded plugin analytics (category:tool,tabindex:-1)
2025-09-01 09:50:34,271 [INFO] PluginManage:310 - Check plugin cadmodel
2025-09-01 09:50:34,287 [INFO] CADModel:105 - Init CAD model plugin
2025-09-01 09:50:34,287 [INFO] PluginManage:359 - Loaded plugin cadmodel (category:power,tabindex:5)
2025-09-01 09:50:34,288 [INFO] PluginManage:310 - Check plugin clock
2025-09-01 09:50:34,309 [INFO] PluginManage:359 - Loaded plugin clock (category:base,tabindex:2)
2025-09-01 09:50:34,309 [INFO] PluginManage:310 - Check plugin ddr
2025-09-01 09:50:34,313 [INFO] PluginManage:359 - Loaded plugin ddr (category:tool,tabindex:6)
2025-09-01 09:50:34,313 [INFO] PluginManage:310 - Check plugin filemanager
2025-09-01 09:50:34,449 [INFO] PluginManage:359 - Loaded plugin filemanager (category:base,tabindex:10)
2025-09-01 09:50:34,449 [INFO] PluginManage:310 - Check plugin ipmanager
2025-09-01 09:50:34,457 [INFO] PluginManage:359 - Loaded plugin ipmanager (category:base,tabindex:5)
2025-09-01 09:50:34,457 [INFO] PluginManage:310 - Check plugin lpbam
2025-09-01 09:50:34,493 [INFO] PluginManage:359 - Loaded plugin lpbam (category:base,tabindex:0)
2025-09-01 09:50:34,494 [INFO] PluginManage:310 - Check plugin memorymap
2025-09-01 09:50:34,514 [INFO] PluginManage:359 - Loaded plugin memorymap (category:base,tabindex:4)
2025-09-01 09:50:34,515 [INFO] PluginManage:310 - Check plugin pinoutandconfiguration
2025-09-01 09:50:34,535 [INFO] PluginManage:359 - Loaded plugin pinoutandconfiguration (category:base,tabindex:1)
2025-09-01 09:50:34,535 [INFO] PluginManage:310 - Check plugin pinoutconfig
2025-09-01 09:50:34,613 [WARN] SupportedApi:132 - Cannot load RTOS API schema: s4s-elt-must-match.1: The content of 'definitions' must match (annotation?, (simpleType | complexType)?, (unique | key | keyref)*)). A problem was found starting at: attribute.
2025-09-01 09:50:34,718 [INFO] PluginManage:359 - Loaded plugin pinoutconfig (category:base,tabindex:0)
2025-09-01 09:50:34,718 [INFO] PluginManage:310 - Check plugin power
2025-09-01 09:50:34,738 [INFO] PluginManage:359 - Loaded plugin power (category:power,tabindex:4)
2025-09-01 09:50:34,738 [INFO] PluginManage:310 - Check plugin projectmanager
2025-09-01 09:50:34,749 [INFO] PluginManage:359 - Loaded plugin projectmanager (category:projectmanager,tabindex:4)
2025-09-01 09:50:34,749 [INFO] PluginManage:310 - Check plugin rif
2025-09-01 09:50:34,765 [INFO] PluginManage:359 - Loaded plugin rif (category:base,tabindex:3)
2025-09-01 09:50:34,765 [INFO] PluginManage:310 - Check plugin thirdparty
2025-09-01 09:50:35,016 [INFO] PluginManage:359 - Loaded plugin thirdparty (category:base,tabindex:-1)
2025-09-01 09:50:35,016 [WARN] IntegrityCheckThread:84 - waiting for thirdparty lock release [integrity check]
2025-09-01 09:50:35,017 [INFO] IntegrityCheckThread:86 - entering critical section [integrity check]
2025-09-01 09:50:35,017 [INFO] PluginManage:310 - Check plugin tools
2025-09-01 09:50:35,017 [INFO] ThirdPartyUpdaterWithRetryManager:70 - Updater plugin not ready yet. [1/15]
2025-09-01 09:50:35,053 [INFO] PluginManage:359 - Loaded plugin tools (category:base,tabindex:7)
2025-09-01 09:50:35,054 [INFO] PluginManage:310 - Check plugin tutovideos
2025-09-01 09:50:35,214 [INFO] PluginManage:359 - Loaded plugin tutovideos (category:base,tabindex:-1)
2025-09-01 09:50:35,214 [INFO] PluginManage:310 - Check plugin updater
2025-09-01 09:50:35,229 [INFO] PluginManage:359 - Loaded plugin updater (category:base,tabindex:12)
2025-09-01 09:50:35,229 [INFO] PluginManage:310 - Check plugin userauth
2025-09-01 09:50:35,235 [INFO] UserAuth:113 - Init User Auth plugin
2025-09-01 09:50:35,236 [INFO] PluginManage:359 - Loaded plugin userauth (category:base,tabindex:14)
2025-09-01 09:50:35,236 [INFO] PluginManage:283 - PluginManage : Loaded plugins [18]
2025-09-01 09:50:35,423 [INFO] PinOutPanel:1561 - setPackage(No Configuration,No Configuration)
2025-09-01 09:50:35,502 [INFO] CADModel:165 - CPN selected for project level
2025-09-01 09:50:35,502 [INFO] CADModel:114 - Register for checkConnection events
2025-09-01 09:50:35,527 [INFO] IPUIPlugin:80 - create IPUIPlugin
2025-09-01 09:50:35,528 [INFO] PluginManager:220 - loadIPPluginJar : add adc
2025-09-01 09:50:35,558 [INFO] IPUIPlugin:80 - create IPUIPlugin
2025-09-01 09:50:35,559 [INFO] PluginManager:220 - loadIPPluginJar : add aes
2025-09-01 09:50:35,591 [INFO] IPUIPlugin:80 - create IPUIPlugin
2025-09-01 09:50:35,591 [INFO] PluginManager:220 - loadIPPluginJar : add can
2025-09-01 09:50:35,614 [INFO] IPUIPlugin:80 - create IPUIPlugin
2025-09-01 09:50:35,614 [INFO] PluginManager:220 - loadIPPluginJar : add comp
2025-09-01 09:50:35,645 [INFO] IPUIPlugin:80 - create IPUIPlugin
2025-09-01 09:50:35,645 [INFO] PluginManager:220 - loadIPPluginJar : add cryp
2025-09-01 09:50:35,659 [INFO] IPUIPlugin:80 - create IPUIPlugin
2025-09-01 09:50:35,659 [INFO] PluginManager:220 - loadIPPluginJar : add ddr_ctrl_phy
2025-09-01 09:50:35,691 [INFO] IPUIPlugin:80 - create IPUIPlugin
2025-09-01 09:50:35,691 [INFO] PluginManager:220 - loadIPPluginJar : add dfsdm
2025-09-01 09:50:35,705 [INFO] IPUIPlugin:80 - create IPUIPlugin
2025-09-01 09:50:35,706 [INFO] PluginManager:220 - loadIPPluginJar : add dma
2025-09-01 09:50:35,756 [INFO] IPUIPlugin:80 - create IPUIPlugin
2025-09-01 09:50:35,756 [INFO] PluginManager:220 - loadIPPluginJar : add dma3
2025-09-01 09:50:35,801 [INFO] IPUIPlugin:80 - create IPUIPlugin
2025-09-01 09:50:35,801 [INFO] PluginManager:220 - loadIPPluginJar : add extmemmanager
2025-09-01 09:50:35,823 [INFO] IPUIPlugin:80 - create IPUIPlugin
2025-09-01 09:50:35,824 [INFO] PluginManager:220 - loadIPPluginJar : add fatfs
2025-09-01 09:50:35,863 [INFO] IPUIPlugin:80 - create IPUIPlugin
2025-09-01 09:50:35,863 [INFO] PluginManager:220 - loadIPPluginJar : add fmc
2025-09-01 09:50:35,877 [INFO] IPUIPlugin:80 - create IPUIPlugin
2025-09-01 09:50:35,877 [INFO] PluginManager:220 - loadIPPluginJar : add freertos
2025-09-01 09:50:35,895 [INFO] IPUIPlugin:80 - create IPUIPlugin
2025-09-01 09:50:35,895 [INFO] PluginManager:220 - loadIPPluginJar : add genericplugin
2025-09-01 09:50:35,966 [INFO] IPUIPlugin:80 - create IPUIPlugin
2025-09-01 09:50:35,967 [INFO] PluginManager:220 - loadIPPluginJar : add gfxmmu
2025-09-01 09:50:36,067 [INFO] IPUIPlugin:80 - create IPUIPlugin
2025-09-01 09:50:36,067 [INFO] PluginManager:220 - loadIPPluginJar : add gic
2025-09-01 09:50:36,079 [INFO] IPUIPlugin:80 - create IPUIPlugin
2025-09-01 09:50:36,079 [INFO] PluginManager:220 - loadIPPluginJar : add gpio
2025-09-01 09:50:36,152 [INFO] IPUIPlugin:80 - create IPUIPlugin
2025-09-01 09:50:36,152 [INFO] PluginManager:220 - loadIPPluginJar : add gtzc
2025-09-01 09:50:36,182 [INFO] IPUIPlugin:80 - create IPUIPlugin
2025-09-01 09:50:36,182 [INFO] PluginManager:220 - loadIPPluginJar : add hash
2025-09-01 09:50:36,228 [INFO] IPUIPlugin:80 - create IPUIPlugin
2025-09-01 09:50:36,228 [INFO] PluginManager:220 - loadIPPluginJar : add i2c
2025-09-01 09:50:36,261 [INFO] IPUIPlugin:80 - create IPUIPlugin
2025-09-01 09:50:36,262 [INFO] PluginManager:220 - loadIPPluginJar : add i2s
2025-09-01 09:50:36,293 [INFO] IPUIPlugin:80 - create IPUIPlugin
2025-09-01 09:50:36,293 [INFO] PluginManager:220 - loadIPPluginJar : add i3c
2025-09-01 09:50:36,372 [INFO] IPUIPlugin:80 - create IPUIPlugin
2025-09-01 09:50:36,373 [INFO] PluginManager:220 - loadIPPluginJar : add ipddr
2025-09-01 09:50:36,448 [INFO] IPUIPlugin:80 - create IPUIPlugin
2025-09-01 09:50:36,448 [INFO] PluginManager:220 - loadIPPluginJar : add linkedlist
2025-09-01 09:50:36,484 [INFO] IPUIPlugin:80 - create IPUIPlugin
2025-09-01 09:50:36,484 [INFO] PluginManager:220 - loadIPPluginJar : add lorawan
2025-09-01 09:50:36,515 [INFO] IPUIPlugin:80 - create IPUIPlugin
2025-09-01 09:50:36,515 [INFO] PluginManager:220 - loadIPPluginJar : add ltdc
2025-09-01 09:50:36,527 [INFO] IPUIPlugin:80 - create IPUIPlugin
2025-09-01 09:50:36,528 [INFO] PluginManager:220 - loadIPPluginJar : add mdma
2025-09-01 09:50:36,540 [INFO] IPUIPlugin:80 - create IPUIPlugin
2025-09-01 09:50:36,540 [INFO] PluginManager:220 - loadIPPluginJar : add nvic
2025-09-01 09:50:36,574 [INFO] IPUIPlugin:80 - create IPUIPlugin
2025-09-01 09:50:36,574 [INFO] PluginManager:220 - loadIPPluginJar : add opamp
2025-09-01 09:50:36,628 [INFO] IPUIPlugin:80 - create IPUIPlugin
2025-09-01 09:50:36,628 [INFO] PluginManager:220 - loadIPPluginJar : add openamp
2025-09-01 09:50:36,666 [INFO] IPUIPlugin:80 - create IPUIPlugin
2025-09-01 09:50:36,666 [INFO] PluginManager:220 - loadIPPluginJar : add pdm2pcm
2025-09-01 09:50:36,678 [INFO] IPUIPlugin:80 - create IPUIPlugin
2025-09-01 09:50:36,679 [INFO] PluginManager:220 - loadIPPluginJar : add plateformsettings
2025-09-01 09:50:36,699 [INFO] IPUIPlugin:80 - create IPUIPlugin
2025-09-01 09:50:36,699 [INFO] PluginManager:220 - loadIPPluginJar : add quadspi
2025-09-01 09:50:36,732 [INFO] IPUIPlugin:80 - create IPUIPlugin
2025-09-01 09:50:36,733 [INFO] PluginManager:220 - loadIPPluginJar : add radio
2025-09-01 09:50:36,746 [INFO] IPUIPlugin:80 - create IPUIPlugin
2025-09-01 09:50:36,747 [INFO] PluginManager:220 - loadIPPluginJar : add resmgrutility
2025-09-01 09:50:36,794 [INFO] IPUIPlugin:80 - create IPUIPlugin
2025-09-01 09:50:36,794 [INFO] PluginManager:220 - loadIPPluginJar : add sai
2025-09-01 09:50:36,831 [INFO] IPUIPlugin:80 - create IPUIPlugin
2025-09-01 09:50:36,831 [INFO] PluginManager:220 - loadIPPluginJar : add spi
2025-09-01 09:50:36,884 [INFO] IPUIPlugin:80 - create IPUIPlugin
2025-09-01 09:50:36,884 [INFO] PluginManager:220 - loadIPPluginJar : add stm32_wpan
2025-09-01 09:50:36,905 [INFO] IPUIPlugin:80 - create IPUIPlugin
2025-09-01 09:50:36,905 [INFO] PluginManager:220 - loadIPPluginJar : add tim
2025-09-01 09:50:36,952 [INFO] IPUIPlugin:80 - create IPUIPlugin
2025-09-01 09:50:36,952 [INFO] PluginManager:220 - loadIPPluginJar : add touchsensing
2025-09-01 09:50:36,971 [INFO] IPUIPlugin:80 - create IPUIPlugin
2025-09-01 09:50:36,971 [INFO] PluginManager:220 - loadIPPluginJar : add tracer_emb
2025-09-01 09:50:36,992 [INFO] IPUIPlugin:80 - create IPUIPlugin
2025-09-01 09:50:36,992 [INFO] PluginManager:220 - loadIPPluginJar : add ts
2025-09-01 09:50:37,009 [INFO] IPUIPlugin:80 - create IPUIPlugin
2025-09-01 09:50:37,009 [INFO] PluginManager:220 - loadIPPluginJar : add tsc
2025-09-01 09:50:37,029 [INFO] IPUIPlugin:80 - create IPUIPlugin
2025-09-01 09:50:37,029 [INFO] PluginManager:220 - loadIPPluginJar : add ucpd
2025-09-01 09:50:37,063 [INFO] IPUIPlugin:80 - create IPUIPlugin
2025-09-01 09:50:37,063 [INFO] PluginManager:220 - loadIPPluginJar : add usart
2025-09-01 09:50:37,099 [INFO] IPUIPlugin:80 - create IPUIPlugin
2025-09-01 09:50:37,099 [INFO] PluginManager:220 - loadIPPluginJar : add usbx
2025-09-01 09:50:37,216 [INFO] CADModel:165 - CPN selected for project level
2025-09-01 09:50:37,216 [INFO] CADModel:114 - Register for checkConnection events
2025-09-01 09:50:37,216 [FATAL] Updater:334 - Updater called before beeing initialized
2025-09-01 09:50:37,216 [ERROR] CADModel:125 - Updater not yet initialized, retry later 
2025-09-01 09:50:37,322 [INFO] CADModel:165 - CPN selected for project level
2025-09-01 09:50:37,323 [INFO] CADModel:114 - Register for checkConnection events
2025-09-01 09:50:37,323 [FATAL] Updater:334 - Updater called before beeing initialized
2025-09-01 09:50:37,323 [ERROR] CADModel:125 - Updater not yet initialized, retry later 
2025-09-01 09:50:37,325 [FATAL] Updater:334 - Updater called before beeing initialized
2025-09-01 09:50:37,423 [FATAL] Updater:334 - Updater called before beeing initialized
2025-09-01 09:50:37,434 [INFO] DbMcusAds:53 - JSON generation date=Tue Jul 08 17:14:23 KST 2025 (1751962463582)
2025-09-01 09:50:37,434 [FATAL] Updater:334 - Updater called before beeing initialized
2025-09-01 09:50:37,470 [WARN] DetailPanel:346 - Failed to get advertising image, set to default
2025-09-01 09:50:37,555 [FATAL] Updater:334 - Updater called before beeing initialized
2025-09-01 09:50:37,557 [FATAL] Updater:334 - Updater called before beeing initialized
2025-09-01 09:50:37,557 [FATAL] Updater:334 - Updater called before beeing initialized
2025-09-01 09:50:37,557 [WARN] DetailPanel:346 - Failed to get advertising image, set to default
2025-09-01 09:50:37,558 [FATAL] Updater:334 - Updater called before beeing initialized
2025-09-01 09:50:37,617 [ERROR] Updater:1164 - MainUpdater not yet initialized. External WinMGr cannot be set.
2025-09-01 09:50:37,626 [INFO] Updater:1100 - Updater Version found : 6.12.1
2025-09-01 09:50:37,643 [INFO] ApplicationProperties:184 - Using Application install path: C:\ST\STM32CubeIDE_1.16.1\STM32CubeIDE\plugins\com.st.stm32cube.common.mx_6.12.1.202409122256
2025-09-01 09:50:38,018 [INFO] ThirdPartyUpdaterWithRetryManager:70 - Updater plugin not ready yet. [2/15]
2025-09-01 09:50:38,390 [INFO] MainUpdater:2873 - connection check result : 10
2025-09-01 09:50:38,390 [INFO] MainUpdater:3567 - Updater definition file requires update
2025-09-01 09:50:38,391 [INFO] MainUpdater:290 - Updater Check For Update Now.
2025-09-01 09:50:38,391 [INFO] MicroXplorer:498 - Change Database Version : DB.6.0.121
2025-09-01 09:50:38,407 [INFO] McuFinderGlobals:63 - Set McuFinder mode to 2 (CubeIDE integrated)
2025-09-01 09:50:38,411 [INFO] UserAuth:417 - Internet connection configuration mode: 1
2025-09-01 09:50:38,435 [INFO] JxBrowserEngine:152 - Initiate JxBrowser Engine with user profile folder
2025-09-01 09:50:38,699 [INFO] ServerAccessManage:473 - Download File updaters.zip
2025-09-01 09:50:38,951 [INFO] FileExtend:240 - Unzip File : updaters.zip
2025-09-01 09:50:38,951 [INFO] FileExtend:255 - Standard Zip Deflate
2025-09-01 09:50:39,873 [INFO] ServerAccessManage:473 - Download File PacksControlFlags.xml
2025-09-01 09:50:40,099 [INFO] ServerAccessManage:473 - Download File cubemx.pidx
2025-09-01 09:50:40,175 [INFO] LoadServerUpdatesThread:375 - End of LoadServerUpdate Thread
2025-09-01 09:50:40,327 [INFO] CheckServerUpdateThread:120 - End of CheckServer Thread
2025-09-01 09:50:40,992 [INFO] WebApp:167 - Instantiating new browser for Auth
2025-09-01 09:50:41,305 [WARN] PackLoader:240 - Cannot read IP mode file for STMicroelectronics.FP-SNS-MOTENVWB1.1.4.0
2025-09-01 09:50:41,319 [WARN] PackLoader:240 - Cannot read IP mode file for STMicroelectronics.FP-ATR-ASTRA1.2.0.2
2025-09-01 09:50:41,331 [WARN] PackLoader:240 - Cannot read IP mode file for STMicroelectronics.FP-ATR-ASTRA1.2.0.1
2025-09-01 09:50:41,344 [WARN] PackLoader:240 - Cannot read IP mode file for STMicroelectronics.X-CUBE-SMBUS.2.1.0
2025-09-01 09:50:41,359 [WARN] PackLoader:240 - Cannot read IP mode file for STMicroelectronics.X-CUBE-WB05N.1.1.0
2025-09-01 09:50:41,369 [ERROR] Engine:466 - C:\Users\RND1\.stm32cubemx\thirdparties\pdsc\STMicroelectronics.X-CUBE-ST60.1.0.0.pdsc: PDSC version is not supported
2025-09-01 09:50:41,381 [WARN] PackLoader:240 - Cannot read IP mode file for STMicroelectronics.X-CUBE-TOUCHGFX.4.23.0
2025-09-01 09:50:41,392 [WARN] PackLoader:240 - Cannot read IP mode file for STMicroelectronics.X-CUBE-TOUCHGFX.4.23.2
2025-09-01 09:50:41,420 [WARN] PackLoader:240 - Cannot read IP mode file for STMicroelectronics.X-CUBE-AZRTOS-F7.1.1.0
2025-09-01 09:50:41,436 [WARN] PackLoader:240 - Cannot read IP mode file for STMicroelectronics.FP-SNS-MOTENV1.4.3.2
2025-09-01 09:50:41,476 [WARN] PackLoader:240 - Cannot read IP mode file for STMicroelectronics.X-CUBE-MEMS1.11.0.0
2025-09-01 09:50:41,590 [WARN] PackLoader:240 - Cannot read IP mode file for STMicroelectronics.FP-SNS-FLIGHT1.5.0.2
2025-09-01 09:50:41,617 [WARN] PackLoader:240 - Cannot read IP mode file for STMicroelectronics.X-CUBE-AZRTOS-H7.3.4.0
2025-09-01 09:50:41,643 [WARN] PackLoader:240 - Cannot read IP mode file for STMicroelectronics.X-CUBE-DISPLAY.3.0.0
2025-09-01 09:50:41,664 [WARN] PackLoader:240 - Cannot read IP mode file for STMicroelectronics.X-CUBE-BLE1.7.0.0
2025-09-01 09:50:41,685 [WARN] PackLoader:240 - Cannot read IP mode file for STMicroelectronics.X-CUBE-NFC10.1.0.0
2025-09-01 09:50:41,716 [WARN] PackLoader:240 - Cannot read IP mode file for STMicroelectronics.X-CUBE-BLEMGR.4.0.0
2025-09-01 09:50:41,737 [WARN] PackLoader:240 - Cannot read IP mode file for emotas.I-CUBE-CANOPEN.1.3.0
2025-09-01 09:50:41,755 [WARN] PackLoader:240 - Cannot read IP mode file for STMicroelectronics.X-CUBE-BLEMGR.3.1.0
2025-09-01 09:50:41,773 [WARN] PackLoader:240 - Cannot read IP mode file for STMicroelectronics.X-CUBE-AI.10.0.0
2025-09-01 09:50:41,790 [ERROR] Engine:466 - C:\Users\RND1\.stm32cubemx\thirdparties\pdsc\STMicroelectronics.FP-SNS-STBOX1.2.1.0.pdsc: PDSC version is not supported
2025-09-01 09:50:41,796 [INFO] WebApp:448 - Apply proxy settings
2025-09-01 09:50:41,802 [INFO] WebApp:493 - Chromium authenticates against Manually configured proxy
2025-09-01 09:50:41,803 [WARN] PackLoader:240 - Cannot read IP mode file for STMicroelectronics.FP-SNS-SMARTAG2.1.2.0
2025-09-01 09:50:41,814 [ERROR] Engine:466 - C:\Users\RND1\.stm32cubemx\thirdparties\pdsc\STMicroelectronics.FP-SNS-FLIGHT1.5.1.0.pdsc: PDSC version is not supported
2025-09-01 09:50:41,828 [INFO] WebApp:501 - Username used for proxy authentication: 
2025-09-01 09:50:41,868 [WARN] PackLoader:240 - Cannot read IP mode file for STMicroelectronics.X-CUBE-MEMS1.11.1.0
2025-09-01 09:50:41,927 [INFO] WebApp:869 - Register for checkConnection events
2025-09-01 09:50:41,927 [INFO] WebApp:448 - Apply proxy settings
2025-09-01 09:50:41,933 [INFO] WebApp:493 - Chromium authenticates against Manually configured proxy
2025-09-01 09:50:41,934 [INFO] WebApp:501 - Username used for proxy authentication: 
2025-09-01 09:50:41,963 [INFO] LogOutputStream:77 - [STDOUT_REDIRECT] 1 : Invalid condition id : UX_CORESTACK_Condition cause : null
2025-09-01 09:50:41,965 [INFO] LogOutputStream:77 - [STDOUT_REDIRECT] 1 : Invalid condition id : UX_CORESTACK_Condition cause : null
2025-09-01 09:50:41,966 [INFO] LogOutputStream:77 - [STDOUT_REDIRECT] 1 : Invalid condition id : UX_CORESTACK_Condition cause : null
2025-09-01 09:50:41,968 [INFO] LogOutputStream:77 - [STDOUT_REDIRECT] 1 : Invalid condition id : UX_CORESTACK_Condition cause : null
2025-09-01 09:50:41,969 [INFO] LogOutputStream:77 - [STDOUT_REDIRECT] 1 : Invalid condition id : UX_CORESTACK_Condition cause : null
2025-09-01 09:50:41,971 [WARN] PackLoader:240 - Cannot read IP mode file for STMicroelectronics.X-CUBE-AZRTOS-WL.2.0.0
2025-09-01 09:50:41,989 [WARN] PackLoader:240 - Cannot read IP mode file for STMicroelectronics.FP-SNS-MOTENV1.5.0.0
2025-09-01 09:50:42,003 [WARN] PackLoader:240 - Cannot read IP mode file for wolfSSL.I-CUBE-wolfMQTT.1.19.0
2025-09-01 09:50:42,020 [WARN] PackLoader:240 - Cannot read IP mode file for WES.I-CUBE-Cesium.1.3.0
2025-09-01 09:50:42,036 [WARN] PackLoader:240 - Cannot read IP mode file for STMicroelectronics.X-CUBE-BLE2.3.3.0
2025-09-01 09:50:42,053 [WARN] PackLoader:240 - Cannot read IP mode file for STMicroelectronics.X-CUBE-NFC9.1.0.0
2025-09-01 09:50:42,066 [WARN] PackLoader:240 - Cannot read IP mode file for STMicroelectronics.X-CUBE-BLE1.7.1.0
2025-09-01 09:50:42,079 [WARN] PackLoader:240 - Cannot read IP mode file for STMicroelectronics.X-CUBE-TCPP.4.1.0
2025-09-01 09:50:42,095 [WARN] PackLoader:240 - Cannot read IP mode file for STMicroelectronics.X-CUBE-EEPRMA1.5.2.0
2025-09-01 09:50:42,111 [WARN] PackLoader:240 - Cannot read IP mode file for STMicroelectronics.X-CUBE-AI.10.1.0
2025-09-01 09:50:42,128 [WARN] PackLoader:240 - Cannot read IP mode file for STMicroelectronics.X-CUBE-ALGOBUILD.1.3.0
2025-09-01 09:50:42,141 [INFO] WebApp:186 - Connection restablished
2025-09-01 09:50:42,165 [WARN] PackLoader:240 - Cannot read IP mode file for STMicroelectronics.X-CUBE-MEMS1.11.2.0
2025-09-01 09:50:42,251 [WARN] PackLoader:240 - Cannot read IP mode file for STMicroelectronics.X-CUBE-AZRTOS-G0.1.1.0
2025-09-01 09:50:42,265 [WARN] PackLoader:240 - Cannot read IP mode file for STMicroelectronics.X-CUBE-SAFEA1.1.2.2
2025-09-01 09:50:42,279 [WARN] PackLoader:240 - Cannot read IP mode file for STMicroelectronics.X-CUBE-NFC4.3.0.0
2025-09-01 09:50:42,294 [WARN] PackLoader:240 - Cannot read IP mode file for wolfSSL.I-CUBE-wolfMQTT.1.18.0
2025-09-01 09:50:42,314 [WARN] PackLoader:240 - Cannot read IP mode file for EmbeddedOffice.I-CUBE-FS-RTOS.1.0.1
2025-09-01 09:50:42,314 [ERROR] ConditionMgr:805 - Attr not supported : Dmpu
2025-09-01 09:50:42,314 [ERROR] ConditionMgr:805 - Attr not supported : Dmpu
2025-09-01 09:50:42,314 [ERROR] ConditionMgr:805 - Attr not supported : Dmpu
2025-09-01 09:50:42,315 [ERROR] ConditionMgr:805 - Attr not supported : Dmpu
2025-09-01 09:50:42,315 [ERROR] ConditionMgr:805 - Attr not supported : Dmpu
2025-09-01 09:50:42,315 [ERROR] ConditionMgr:805 - Attr not supported : Dmpu
2025-09-01 09:50:42,315 [ERROR] ConditionMgr:805 - Attr not supported : Dmpu
2025-09-01 09:50:42,315 [ERROR] ConditionMgr:805 - Attr not supported : Dmpu
2025-09-01 09:50:42,315 [ERROR] ConditionMgr:805 - Attr not supported : Dmpu
2025-09-01 09:50:42,315 [ERROR] ConditionMgr:805 - Attr not supported : Dmpu
2025-09-01 09:50:42,315 [ERROR] ConditionMgr:805 - Attr not supported : Dmpu
2025-09-01 09:50:42,315 [ERROR] ConditionMgr:805 - Attr not supported : Dmpu
2025-09-01 09:50:42,315 [ERROR] ConditionMgr:805 - Attr not supported : Dmpu
2025-09-01 09:50:42,315 [ERROR] ConditionMgr:805 - Attr not supported : Dmpu
2025-09-01 09:50:42,315 [ERROR] ConditionMgr:805 - Attr not supported : Dmpu
2025-09-01 09:50:42,315 [ERROR] ConditionMgr:805 - Attr not supported : Dmpu
2025-09-01 09:50:42,315 [ERROR] ConditionMgr:805 - Attr not supported : Dmpu
2025-09-01 09:50:42,315 [ERROR] ConditionMgr:805 - Attr not supported : Dmpu
2025-09-01 09:50:42,315 [ERROR] ConditionMgr:805 - Attr not supported : Dmpu
2025-09-01 09:50:42,315 [ERROR] ConditionMgr:805 - Attr not supported : Dmpu
2025-09-01 09:50:42,315 [ERROR] ConditionMgr:805 - Attr not supported : Dmpu
2025-09-01 09:50:42,315 [ERROR] ConditionMgr:805 - Attr not supported : Dmpu
2025-09-01 09:50:42,315 [ERROR] ConditionMgr:805 - Attr not supported : Dmpu
2025-09-01 09:50:42,315 [ERROR] ConditionMgr:805 - Attr not supported : Dmpu
2025-09-01 09:50:42,315 [ERROR] ConditionMgr:805 - Attr not supported : Dmpu
2025-09-01 09:50:42,315 [ERROR] ConditionMgr:805 - Attr not supported : Dmpu
2025-09-01 09:50:42,316 [ERROR] ConditionMgr:805 - Attr not supported : Dmpu
2025-09-01 09:50:42,316 [ERROR] ConditionMgr:805 - Attr not supported : Dmpu
2025-09-01 09:50:42,316 [ERROR] ConditionMgr:805 - Attr not supported : Dmpu
2025-09-01 09:50:42,316 [ERROR] ConditionMgr:805 - Attr not supported : Dmpu
2025-09-01 09:50:42,316 [ERROR] ConditionMgr:805 - Attr not supported : Dmpu
2025-09-01 09:50:42,316 [ERROR] ConditionMgr:805 - Attr not supported : Dmpu
2025-09-01 09:50:42,316 [ERROR] ConditionMgr:805 - Attr not supported : Dmpu
2025-09-01 09:50:42,316 [ERROR] ConditionMgr:805 - Attr not supported : Dmpu
2025-09-01 09:50:42,316 [ERROR] ConditionMgr:805 - Attr not supported : Dmpu
2025-09-01 09:50:42,316 [ERROR] ConditionMgr:805 - Attr not supported : Dmpu
2025-09-01 09:50:42,316 [ERROR] ConditionMgr:805 - Attr not supported : Dmpu
2025-09-01 09:50:42,316 [ERROR] ConditionMgr:805 - Attr not supported : Dmpu
2025-09-01 09:50:42,316 [ERROR] ConditionMgr:805 - Attr not supported : Dmpu
2025-09-01 09:50:42,316 [ERROR] ConditionMgr:805 - Attr not supported : Dmpu
2025-09-01 09:50:42,316 [ERROR] ConditionMgr:805 - Attr not supported : Dmpu
2025-09-01 09:50:42,316 [ERROR] ConditionMgr:805 - Attr not supported : Dmpu
2025-09-01 09:50:42,316 [ERROR] ConditionMgr:805 - Attr not supported : Dmpu
2025-09-01 09:50:42,316 [ERROR] ConditionMgr:805 - Attr not supported : Dmpu
2025-09-01 09:50:42,316 [ERROR] ConditionMgr:805 - Attr not supported : Dmpu
2025-09-01 09:50:42,316 [ERROR] ConditionMgr:805 - Attr not supported : Dmpu
2025-09-01 09:50:42,316 [ERROR] ConditionMgr:805 - Attr not supported : Dmpu
2025-09-01 09:50:42,316 [ERROR] ConditionMgr:805 - Attr not supported : Dmpu
2025-09-01 09:50:42,317 [ERROR] ConditionMgr:805 - Attr not supported : Dmpu
2025-09-01 09:50:42,317 [ERROR] ConditionMgr:805 - Attr not supported : Dmpu
2025-09-01 09:50:42,317 [ERROR] ConditionMgr:805 - Attr not supported : Dmpu
2025-09-01 09:50:42,317 [ERROR] ConditionMgr:805 - Attr not supported : Dmpu
2025-09-01 09:50:42,317 [ERROR] ConditionMgr:805 - Attr not supported : Dmpu
2025-09-01 09:50:42,317 [ERROR] ConditionMgr:805 - Attr not supported : Dmpu
2025-09-01 09:50:42,317 [ERROR] ConditionMgr:805 - Attr not supported : Dmpu
2025-09-01 09:50:42,317 [ERROR] ConditionMgr:805 - Attr not supported : Dmpu
2025-09-01 09:50:42,317 [ERROR] ConditionMgr:805 - Attr not supported : Dmpu
2025-09-01 09:50:42,317 [ERROR] ConditionMgr:805 - Attr not supported : Dmpu
2025-09-01 09:50:42,317 [ERROR] ConditionMgr:805 - Attr not supported : Dmpu
2025-09-01 09:50:42,317 [ERROR] ConditionMgr:805 - Attr not supported : Dmpu
2025-09-01 09:50:42,317 [ERROR] ConditionMgr:805 - Attr not supported : Dmpu
2025-09-01 09:50:42,317 [ERROR] ConditionMgr:805 - Attr not supported : Dmpu
2025-09-01 09:50:42,317 [ERROR] ConditionMgr:805 - Attr not supported : Dmpu
2025-09-01 09:50:42,317 [ERROR] ConditionMgr:805 - Attr not supported : Dmpu
2025-09-01 09:50:42,331 [WARN] PackLoader:240 - Cannot read IP mode file for STMicroelectronics.X-CUBE-WB05N.2.0.0
2025-09-01 09:50:42,346 [WARN] PackLoader:240 - Cannot read IP mode file for STMicroelectronics.X-CUBE-BLEMGR.3.0.0
2025-09-01 09:50:42,360 [ERROR] Engine:466 - C:\Users\RND1\.stm32cubemx\thirdparties\pdsc\STMicroelectronics.X-CUBE-TCPP.4.2.0.pdsc: PDSC version is not supported
2025-09-01 09:50:42,373 [WARN] PackLoader:240 - Cannot read IP mode file for RealThread.X-CUBE-RT-Thread_Nano.4.1.1
2025-09-01 09:50:42,389 [WARN] PackLoader:240 - Cannot read IP mode file for STMicroelectronics.FP-ATR-SIGFOX1.3.2.0
2025-09-01 09:50:42,434 [WARN] ConditionMgr:438 - getConditionDescription Invalid condition id : Cortex-A Device cause : null
2025-09-01 09:50:42,463 [WARN] ConditionMgr:1039 - genDependencies : Invalid condition id : Cortex-A Device cause : null
2025-09-01 09:50:42,464 [WARN] ConditionMgr:1039 - genDependencies : Invalid condition id : Cortex-A Device cause : null
2025-09-01 09:50:42,464 [WARN] ConditionMgr:1039 - genDependencies : Invalid condition id : Cortex-A Device cause : null
2025-09-01 09:50:42,477 [WARN] PackLoader:240 - Cannot read IP mode file for STMicroelectronics.X-CUBE-EEPRMA1.5.1.0
2025-09-01 09:50:42,489 [ERROR] Engine:466 - C:\Users\RND1\.stm32cubemx\thirdparties\pdsc\STMicroelectronics.X-CUBE-ST67W61.1.0.0.pdsc: PDSC version is not supported
2025-09-01 09:50:42,501 [WARN] PackLoader:240 - Cannot read IP mode file for STMicroelectronics.X-CUBE-AI.10.2.0
2025-09-01 09:50:42,528 [WARN] PackLoader:240 - Cannot read IP mode file for SEGGER.I-CUBE-embOS.1.3.1
2025-09-01 09:50:42,583 [WARN] PackLoader:240 - Cannot read IP mode file for STMicroelectronics.X-CUBE-ALGOBUILD.1.4.0
2025-09-01 09:50:42,609 [INFO] WebApp:220 - Starting web application
2025-09-01 09:50:42,609 [INFO] WebApp:578 - Web application path used C:\ST\STM32CubeIDE_1.16.1\STM32CubeIDE\plugins\com.st.stm32cube.common.mx_6.12.1.202409122256\db\plugins\mcufinder\reactClient1\index.html
2025-09-01 09:50:42,632 [WARN] PackLoader:240 - Cannot read IP mode file for STMicroelectronics.X-CUBE-MEMS1.11.3.0
2025-09-01 09:50:42,733 [WARN] PackLoader:240 - Cannot read IP mode file for STMicroelectronics.X-CUBE-AI.9.1.0
2025-09-01 09:50:42,744 [WARN] PackLoader:240 - Cannot read IP mode file for STMicroelectronics.X-CUBE-PM33A1.1.0.0
2025-09-01 09:50:42,755 [WARN] PackLoader:240 - Cannot read IP mode file for STMicroelectronics.X-CUBE-GNSS1.6.0.0
2025-09-01 09:50:42,776 [WARN] PackLoader:240 - Cannot read IP mode file for STMicroelectronics.X-CUBE-AZRTOS-F4.1.1.0
2025-09-01 09:50:42,790 [WARN] PackLoader:240 - Cannot read IP mode file for wolfSSL.I-CUBE-wolfSSL.5.6.4
2025-09-01 09:50:42,791 [INFO] UserAuth:417 - Internet connection configuration mode: 1
2025-09-01 09:50:42,803 [ERROR] Engine:466 - C:\Users\RND1\.stm32cubemx\thirdparties\pdsc\Avnet-IotConnect.X-CUBE-IoTC-DA16k-PMOD.1.0.0.pdsc: PDSC version is not supported
2025-09-01 09:50:42,819 [WARN] PackLoader:240 - Cannot read IP mode file for STMicroelectronics.X-CUBE-ISPU.2.1.0
2025-09-01 09:50:42,833 [WARN] PackLoader:240 - Cannot read IP mode file for STMicroelectronics.X-CUBE-FREERTOS.1.2.0
2025-09-01 09:50:42,850 [WARN] PackLoader:240 - Cannot read IP mode file for STMicroelectronics.X-CUBE-NFC12.1.0.0
2025-09-01 09:50:42,883 [WARN] PackLoader:240 - Cannot read IP mode file for STMicroelectronics.X-CUBE-AZRTOS-L5.2.0.0
2025-09-01 09:50:42,904 [WARN] PackLoader:240 - Cannot read IP mode file for STMicroelectronics.X-CUBE-EEPRMA1.4.2.0
2025-09-01 09:50:42,921 [WARN] PackLoader:240 - Cannot read IP mode file for STMicroelectronics.X-CUBE-NFC6.3.1.0
2025-09-01 09:50:42,940 [WARN] PackLoader:240 - Cannot read IP mode file for ITTIA_DB.I-CUBE-ITTIADB.8.8.0
2025-09-01 09:50:42,959 [WARN] PackLoader:240 - Cannot read IP mode file for STMicroelectronics.X-CUBE-DPower.1.2.0
2025-09-01 09:50:42,975 [WARN] PackLoader:240 - Cannot read IP mode file for STMicroelectronics.X-CUBE-AI.9.0.0
2025-09-01 09:50:42,988 [WARN] PackLoader:240 - Cannot read IP mode file for STMicroelectronics.X-CUBE-FREERTOS.1.3.1
2025-09-01 09:50:42,998 [WARN] PackLoader:240 - Cannot read IP mode file for STMicroelectronics.X-CUBE-FREERTOS.1.3.0
2025-09-01 09:50:43,010 [WARN] PackLoader:240 - Cannot read IP mode file for STMicroelectronics.X-CUBE-NFC7.1.0.1
2025-09-01 09:50:43,022 [WARN] PackLoader:240 - Cannot read IP mode file for STMicroelectronics.X-CUBE-NFC6.3.0.0
2025-09-01 09:50:43,031 [ERROR] Engine:466 - C:\Users\RND1\.stm32cubemx\thirdparties\pdsc\STMicroelectronics.FP-SNS-STAIOTCFT.1.0.0.pdsc: PDSC version is not supported
2025-09-01 09:50:43,041 [WARN] PackLoader:240 - Cannot read IP mode file for STMicroelectronics.X-CUBE-DPower.1.3.0
2025-09-01 09:50:43,053 [WARN] PackLoader:240 - Cannot read IP mode file for STMicroelectronics.X-CUBE-AI.8.1.0
2025-09-01 09:50:43,073 [WARN] ConditionMgr:438 - getConditionDescription Invalid condition id : LAN8742 Phy interface Condition cause : null
2025-09-01 09:50:43,074 [WARN] PackLoader:240 - Cannot read IP mode file for STMicroelectronics.X-CUBE-AZRTOS-L4.2.0.0
2025-09-01 09:50:43,075 [WARN] ConditionMgr:1039 - genDependencies : Invalid condition id : LAN8742 Phy interface Condition cause : null
2025-09-01 09:50:43,075 [WARN] ConditionMgr:1039 - genDependencies : Invalid condition id : LAN8742 Phy interface Condition cause : null
2025-09-01 09:50:43,075 [WARN] ConditionMgr:1039 - genDependencies : Invalid condition id : LAN8742 Phy interface Condition cause : null
2025-09-01 09:50:43,086 [WARN] PackLoader:240 - Cannot read IP mode file for STMicroelectronics.X-CUBE-SFXS2LP1.4.0.0
2025-09-01 09:50:43,106 [WARN] PackLoader:240 - Cannot read IP mode file for STMicroelectronics.X-CUBE-AZRTOS-H7.3.3.0
2025-09-01 09:50:43,119 [ERROR] Engine:466 - C:\Users\RND1\.stm32cubemx\thirdparties\pdsc\STMicroelectronics.X-CUBE-BLEMGR.4.1.0.pdsc: PDSC version is not supported
2025-09-01 09:50:43,134 [WARN] PackLoader:240 - Cannot read IP mode file for STMicroelectronics.X-CUBE-IPS.3.0.0
2025-09-01 09:50:43,152 [WARN] ConditionMgr:438 - getConditionDescription Invalid condition id : UX DEVICE CLASS RTOS Condition cause : null
2025-09-01 09:50:43,152 [WARN] ConditionMgr:438 - getConditionDescription Invalid condition id : UX DEVICE CLASS RTOS Condition cause : null
2025-09-01 09:50:43,153 [WARN] PackLoader:240 - Cannot read IP mode file for STMicroelectronics.X-CUBE-AZRTOS-WB.2.0.0
2025-09-01 09:50:43,153 [WARN] ConditionMgr:1039 - genDependencies : Invalid condition id : UX DEVICE CLASS RTOS Condition cause : null
2025-09-01 09:50:43,153 [WARN] ConditionMgr:1039 - genDependencies : Invalid condition id : UX DEVICE CLASS RTOS Condition cause : null
2025-09-01 09:50:43,154 [WARN] ConditionMgr:1039 - genDependencies : Invalid condition id : UX DEVICE CLASS RTOS Condition cause : null
2025-09-01 09:50:43,154 [WARN] ConditionMgr:1039 - genDependencies : Invalid condition id : UX DEVICE CLASS RTOS Condition cause : null
2025-09-01 09:50:43,154 [WARN] ConditionMgr:1039 - genDependencies : Invalid condition id : UX DEVICE CLASS RTOS Condition cause : null
2025-09-01 09:50:43,165 [WARN] PackLoader:240 - Cannot read IP mode file for STMicroelectronics.X-CUBE-GNSS1.7.0.0
2025-09-01 09:50:43,176 [WARN] PackLoader:240 - Cannot read IP mode file for STMicroelectronics.X-CUBE-GNSS1.7.0.1
2025-09-01 09:50:43,190 [WARN] PackLoader:240 - Cannot read IP mode file for STMicroelectronics.X-CUBE-TOUCHGFX.4.25.0
2025-09-01 09:50:43,202 [WARN] PackLoader:240 - Cannot read IP mode file for STMicroelectronics.FP-SNS-STBOX1.2.0.0
2025-09-01 09:50:43,218 [WARN] PackLoader:240 - Cannot read IP mode file for STMicroelectronics.X-CUBE-SUBG2.5.0.0
2025-09-01 09:50:43,246 [WARN] PackLoader:240 - Cannot read IP mode file for STMicroelectronics.X-CUBE-AZRTOS-H7RS.1.1.0
2025-09-01 09:50:43,263 [WARN] PackLoader:240 - Cannot read IP mode file for STMicroelectronics.X-CUBE-AZRTOS-G4.2.0.0
2025-09-01 09:50:43,281 [WARN] PackLoader:240 - Cannot read IP mode file for Infineon.AIROC-Wi-Fi-Bluetooth-STM32.1.5.1
2025-09-01 09:50:43,292 [WARN] PackLoader:240 - Cannot read IP mode file for STMicroelectronics.X-CUBE-NFC7.2.0.0
2025-09-01 09:50:43,302 [WARN] PackLoader:240 - Cannot read IP mode file for STMicroelectronics.FP-SNS-MOTENVWB1.1.3.1
2025-09-01 09:50:43,311 [WARN] PackLoader:240 - Cannot read IP mode file for STMicroelectronics.X-CUBE-ISPU.2.0.0
2025-09-01 09:50:43,321 [ERROR] Engine:466 - C:\Users\RND1\.stm32cubemx\thirdparties\pdsc\STMicroelectronics.X-CUBE-IPS.3.1.0.pdsc: PDSC version is not supported
2025-09-01 09:50:43,332 [WARN] PackLoader:240 - Cannot read IP mode file for STMicroelectronics.X-CUBE-ALS.1.0.2
2025-09-01 09:50:43,355 [WARN] PackLoader:240 - Cannot read IP mode file for STMicroelectronics.X-CUBE-MEMS1.10.0.0
2025-09-01 09:50:43,405 [WARN] PackLoader:240 - Cannot read IP mode file for STMicroelectronics.X-CUBE-FREERTOS.1.1.0
2025-09-01 09:50:43,416 [WARN] PackLoader:240 - Cannot read IP mode file for STMicroelectronics.X-CUBE-TOUCHGFX.4.24.0
2025-09-01 09:50:43,431 [WARN] PackLoader:240 - Cannot read IP mode file for STMicroelectronics.X-CUBE-TOUCHGFX.4.24.2
2025-09-01 09:50:43,441 [WARN] PackLoader:240 - Cannot read IP mode file for STMicroelectronics.X-CUBE-TOUCHGFX.4.24.1
2025-09-01 09:50:43,453 [WARN] PackLoader:240 - Cannot read IP mode file for wolfSSL.I-CUBE-wolfTPM.3.4.0
2025-09-01 09:50:43,465 [WARN] PackLoader:240 - Cannot read IP mode file for portGmbH.I-Cube-SoM-uGOAL.1.1.0
2025-09-01 09:50:43,473 [WARN] PackLoader:240 - Cannot read IP mode file for STMicroelectronics.X-CUBE-ALS.1.0.1
2025-09-01 09:50:43,493 [WARN] PackLoader:240 - Cannot read IP mode file for STMicroelectronics.X-CUBE-AZRTOS-H7RS.1.0.0
2025-09-01 09:50:43,505 [WARN] PackLoader:240 - Cannot read IP mode file for STMicroelectronics.FP-ATR-ASTRA1.2.0.0
2025-09-01 09:50:43,519 [WARN] PackLoader:240 - Cannot read IP mode file for STMicroelectronics.X-CUBE-TOF1.3.4.2
2025-09-01 09:50:43,536 [ERROR] Engine:466 - C:\Users\RND1\.stm32cubemx\thirdparties\pdsc\STMicroelectronics.X-CUBE-TOF1.3.4.3.pdsc: PDSC version is not supported
2025-09-01 09:50:43,549 [WARN] PackLoader:240 - Cannot read IP mode file for STMicroelectronics.X-CUBE-TOF1.3.4.0
2025-09-01 09:50:43,567 [WARN] PackLoader:240 - Cannot read IP mode file for STMicroelectronics.X-CUBE-TOF1.3.4.1
2025-09-01 09:50:43,590 [WARN] PackLoader:240 - Cannot read IP mode file for STMicroelectronics.X-CUBE-AZRTOS-H7.3.2.0
2025-09-01 09:50:43,602 [WARN] PackLoader:240 - Cannot read IP mode file for wolfSSL.I-CUBE-wolfSSH.1.4.17
2025-09-01 09:50:43,602 [INFO] ThirdParty:978 - Integrity check success = true
2025-09-01 09:50:43,602 [INFO] IntegrityCheckThread:100 - exiting critical section [integrity check]
2025-09-01 09:50:43,602 [INFO] IntegrityCheckThread:103 - End integrity checks thread
2025-09-01 17:30:20,425 [ERROR] LogOutputStream:75 - [STDERR_REDIRECT] 
