2025-01-23 15:10:19,032 [INFO] Activator:176 - 


2025-01-23 15:10:19,036 [INFO] Activator:177 - !SESSION log4j initialized
2025-01-23 15:10:23,880 [INFO] LogOutputStream:77 - [STDOUT_REDIRECT] 
2025-01-23 15:10:28,230 [INFO] ApplicationProperties:184 - Using Application install path: C:\ST\STM32CubeIDE_1.16.1\STM32CubeIDE\plugins\com.st.stm32cube.common.mx_6.12.1.202409122256
2025-01-23 15:10:28,242 [INFO] DbMcusXml:78 - Set database path to: C:\ST\STM32CubeIDE_1.16.1\STM32CubeIDE\plugins\com.st.stm32cube.common.mx_6.12.1.202409122256\\db\/mcu/
2025-01-23 15:10:28,242 [INFO] ApiDb:274 - Set plugin database path to: C:\ST\STM32CubeIDE_1.16.1\STM32CubeIDE\plugins\com.st.stm32cube.common.mx_6.12.1.202409122256\\db\/plugins/boardmanager/
2025-01-23 15:10:28,242 [WARN] ApiDb:259 - Overriding images path with different value:  => C:\ST\STM32CubeIDE_1.16.1\STM32CubeIDE\plugins\com.st.stm32cube.common.mx_6.12.1.202409122256\\db\/plugins/mcufinder/images/
2025-01-23 15:10:28,256 [INFO] ApiDb:250 - Set database path to: C:\Users\RND1\.stmcufinder\plugins\mcufinder//mcu/
2025-01-23 15:10:28,257 [INFO] DbMcusAds:125 - Set database path to: C:\Users\RND1\.stmcufinder\plugins\mcufinder//mcu/
2025-01-23 15:10:28,259 [INFO] CrossReferenceDbSqlite:203 - Set database path to: C:\Users\RND1\.stmcufinder\plugins\mcufinder//mcu/cs/
2025-01-23 15:10:28,334 [INFO] RulesReader:64 - Compatibility file has been processed (297 Rules)
2025-01-23 15:10:28,393 [INFO] DbMcusXml:78 - Set database path to: C:\ST\STM32CubeIDE_1.16.1\STM32CubeIDE\plugins\com.st.stm32cube.common.mx_6.12.1.202409122256\\db\/mcu/
2025-01-23 15:10:28,393 [INFO] ApiDb:274 - Set plugin database path to: C:\ST\STM32CubeIDE_1.16.1\STM32CubeIDE\plugins\com.st.stm32cube.common.mx_6.12.1.202409122256\\db\/plugins/boardmanager/
2025-01-23 15:10:28,393 [INFO] ApiDb:261 - Set plugin images path to: C:\ST\STM32CubeIDE_1.16.1\STM32CubeIDE\plugins\com.st.stm32cube.common.mx_6.12.1.202409122256\\db\/plugins/mcufinder/images/
2025-01-23 15:10:28,393 [WARN] DbFile:41 - Overriding database path with different value: C:\Users\RND1\.stmcufinder\plugins\mcufinder/ => C:\Users\RND1\.stmcufinder\plugins\mcufinder
2025-01-23 15:10:28,393 [INFO] ApiDb:250 - Set database path to: C:\Users\RND1\.stmcufinder\plugins\mcufinder//mcu/
2025-01-23 15:10:28,393 [WARN] DbFile:41 - Overriding database path with different value: C:\Users\RND1\.stmcufinder\plugins\mcufinder/ => C:\Users\RND1\.stmcufinder\plugins\mcufinder
2025-01-23 15:10:28,393 [INFO] DbMcusAds:125 - Set database path to: C:\Users\RND1\.stmcufinder\plugins\mcufinder//mcu/
2025-01-23 15:10:28,393 [WARN] DbFile:41 - Overriding database path with different value: C:\Users\RND1\.stmcufinder\plugins\mcufinder/ => C:\Users\RND1\.stmcufinder\plugins\mcufinder
2025-01-23 15:10:28,394 [WARN] DbFile:41 - Overriding database path with different value: C:\Users\RND1\.stmcufinder\plugins\mcufinder/ => C:\Users\RND1\.stmcufinder\plugins\mcufinder
2025-01-23 15:10:28,394 [INFO] CrossReferenceDbSqlite:203 - Set database path to: C:\Users\RND1\.stmcufinder\plugins\mcufinder//mcu/cs/
2025-01-23 15:10:28,449 [INFO] MainPanel:268 - HeapMemory: 268435456
2025-01-23 15:10:28,523 [INFO] DbMcusXml:78 - Set database path to: C:\ST\STM32CubeIDE_1.16.1\STM32CubeIDE\plugins\com.st.stm32cube.common.mx_6.12.1.202409122256\\db\/mcu/
2025-01-23 15:10:28,523 [INFO] ApiDb:274 - Set plugin database path to: C:\ST\STM32CubeIDE_1.16.1\STM32CubeIDE\plugins\com.st.stm32cube.common.mx_6.12.1.202409122256\\db\/plugins/boardmanager/
2025-01-23 15:10:28,523 [INFO] ApiDb:261 - Set plugin images path to: C:\ST\STM32CubeIDE_1.16.1\STM32CubeIDE\plugins\com.st.stm32cube.common.mx_6.12.1.202409122256\\db\/plugins/mcufinder/images/
2025-01-23 15:10:28,523 [WARN] DbFile:41 - Overriding database path with different value: C:\Users\RND1\.stmcufinder\plugins\mcufinder/ => C:\Users\RND1\.stmcufinder\plugins\mcufinder
2025-01-23 15:10:28,523 [INFO] ApiDb:250 - Set database path to: C:\Users\RND1\.stmcufinder\plugins\mcufinder//mcu/
2025-01-23 15:10:28,523 [WARN] DbFile:41 - Overriding database path with different value: C:\Users\RND1\.stmcufinder\plugins\mcufinder/ => C:\Users\RND1\.stmcufinder\plugins\mcufinder
2025-01-23 15:10:28,523 [INFO] DbMcusAds:125 - Set database path to: C:\Users\RND1\.stmcufinder\plugins\mcufinder//mcu/
2025-01-23 15:10:28,523 [WARN] DbFile:41 - Overriding database path with different value: C:\Users\RND1\.stmcufinder\plugins\mcufinder/ => C:\Users\RND1\.stmcufinder\plugins\mcufinder
2025-01-23 15:10:28,524 [WARN] DbFile:41 - Overriding database path with different value: C:\Users\RND1\.stmcufinder\plugins\mcufinder/ => C:\Users\RND1\.stmcufinder\plugins\mcufinder
2025-01-23 15:10:28,524 [INFO] CrossReferenceDbSqlite:203 - Set database path to: C:\Users\RND1\.stmcufinder\plugins\mcufinder//mcu/cs/
2025-01-23 15:10:28,536 [INFO] ApplicationProperties:184 - Using Application install path: C:\ST\STM32CubeIDE_1.16.1\STM32CubeIDE\plugins\com.st.stm32cube.common.mx_6.12.1.202409122256
2025-01-23 15:10:28,536 [INFO] PluginManage:196 - Search for loadable plugins [exclusion list=, ]
2025-01-23 15:10:28,539 [INFO] PluginManage:310 - Check plugin analytics
2025-01-23 15:10:28,659 [INFO] AnalyticsPlugin:253 - Accepted Software Licenses: STM32CubeMX.6.10.0
2025-01-23 15:10:28,659 [INFO] AnalyticsPlugin:255 - Accepted CMSIS Pack Licenses: 
2025-01-23 15:10:28,660 [INFO] AnalyticsPlugin:257 - Accepted Firmware Licenses: FW.G4.1.5.0,FW.G4.1.6.0,FW.F4.1.28.0,FW.H7.1.11.0
2025-01-23 15:10:28,662 [INFO] PluginManage:359 - Loaded plugin analytics (category:tool,tabindex:-1)
2025-01-23 15:10:28,662 [INFO] PluginManage:310 - Check plugin cadmodel
2025-01-23 15:10:28,676 [INFO] CADModel:105 - Init CAD model plugin
2025-01-23 15:10:28,676 [INFO] PluginManage:359 - Loaded plugin cadmodel (category:power,tabindex:5)
2025-01-23 15:10:28,676 [INFO] PluginManage:310 - Check plugin clock
2025-01-23 15:10:28,695 [INFO] PluginManage:359 - Loaded plugin clock (category:base,tabindex:2)
2025-01-23 15:10:28,696 [INFO] PluginManage:310 - Check plugin ddr
2025-01-23 15:10:28,698 [INFO] PluginManage:359 - Loaded plugin ddr (category:tool,tabindex:6)
2025-01-23 15:10:28,698 [INFO] PluginManage:310 - Check plugin filemanager
2025-01-23 15:10:28,818 [INFO] PluginManage:359 - Loaded plugin filemanager (category:base,tabindex:10)
2025-01-23 15:10:28,818 [INFO] PluginManage:310 - Check plugin ipmanager
2025-01-23 15:10:28,825 [INFO] PluginManage:359 - Loaded plugin ipmanager (category:base,tabindex:5)
2025-01-23 15:10:28,825 [INFO] PluginManage:310 - Check plugin lpbam
2025-01-23 15:10:28,839 [INFO] PluginManage:359 - Loaded plugin lpbam (category:base,tabindex:0)
2025-01-23 15:10:28,839 [INFO] PluginManage:310 - Check plugin memorymap
2025-01-23 15:10:28,855 [INFO] PluginManage:359 - Loaded plugin memorymap (category:base,tabindex:4)
2025-01-23 15:10:28,855 [INFO] PluginManage:310 - Check plugin pinoutandconfiguration
2025-01-23 15:10:28,869 [INFO] PluginManage:359 - Loaded plugin pinoutandconfiguration (category:base,tabindex:1)
2025-01-23 15:10:28,869 [INFO] PluginManage:310 - Check plugin pinoutconfig
2025-01-23 15:10:28,935 [WARN] SupportedApi:132 - Cannot load RTOS API schema: s4s-elt-must-match.1: The content of 'definitions' must match (annotation?, (simpleType | complexType)?, (unique | key | keyref)*)). A problem was found starting at: attribute.
2025-01-23 15:10:29,020 [INFO] PluginManage:359 - Loaded plugin pinoutconfig (category:base,tabindex:0)
2025-01-23 15:10:29,020 [INFO] PluginManage:310 - Check plugin power
2025-01-23 15:10:29,041 [INFO] PluginManage:359 - Loaded plugin power (category:power,tabindex:4)
2025-01-23 15:10:29,041 [INFO] PluginManage:310 - Check plugin projectmanager
2025-01-23 15:10:29,051 [INFO] PluginManage:359 - Loaded plugin projectmanager (category:projectmanager,tabindex:4)
2025-01-23 15:10:29,051 [INFO] PluginManage:310 - Check plugin rif
2025-01-23 15:10:29,066 [INFO] PluginManage:359 - Loaded plugin rif (category:base,tabindex:3)
2025-01-23 15:10:29,066 [INFO] PluginManage:310 - Check plugin thirdparty
2025-01-23 15:10:29,305 [INFO] PluginManage:359 - Loaded plugin thirdparty (category:base,tabindex:-1)
2025-01-23 15:10:29,305 [WARN] IntegrityCheckThread:84 - waiting for thirdparty lock release [integrity check]
2025-01-23 15:10:29,305 [INFO] PluginManage:310 - Check plugin tools
2025-01-23 15:10:29,305 [INFO] IntegrityCheckThread:86 - entering critical section [integrity check]
2025-01-23 15:10:29,306 [INFO] ThirdPartyUpdaterWithRetryManager:70 - Updater plugin not ready yet. [1/15]
2025-01-23 15:10:29,333 [INFO] PluginManage:359 - Loaded plugin tools (category:base,tabindex:7)
2025-01-23 15:10:29,333 [INFO] PluginManage:310 - Check plugin tutovideos
2025-01-23 15:10:29,458 [INFO] PluginManage:359 - Loaded plugin tutovideos (category:base,tabindex:-1)
2025-01-23 15:10:29,458 [INFO] PluginManage:310 - Check plugin updater
2025-01-23 15:10:29,469 [INFO] PluginManage:359 - Loaded plugin updater (category:base,tabindex:12)
2025-01-23 15:10:29,469 [INFO] PluginManage:310 - Check plugin userauth
2025-01-23 15:10:29,473 [INFO] UserAuth:113 - Init User Auth plugin
2025-01-23 15:10:29,473 [INFO] PluginManage:359 - Loaded plugin userauth (category:base,tabindex:14)
2025-01-23 15:10:29,473 [INFO] PluginManage:283 - PluginManage : Loaded plugins [18]
2025-01-23 15:10:29,620 [INFO] PinOutPanel:1561 - setPackage(No Configuration,No Configuration)
2025-01-23 15:10:29,678 [INFO] CADModel:165 - CPN selected for project level
2025-01-23 15:10:29,678 [INFO] CADModel:114 - Register for checkConnection events
2025-01-23 15:10:29,700 [INFO] IPUIPlugin:80 - create IPUIPlugin
2025-01-23 15:10:29,700 [INFO] PluginManager:220 - loadIPPluginJar : add adc
2025-01-23 15:10:29,735 [INFO] IPUIPlugin:80 - create IPUIPlugin
2025-01-23 15:10:29,735 [INFO] PluginManager:220 - loadIPPluginJar : add aes
2025-01-23 15:10:29,772 [INFO] IPUIPlugin:80 - create IPUIPlugin
2025-01-23 15:10:29,773 [INFO] PluginManager:220 - loadIPPluginJar : add can
2025-01-23 15:10:29,796 [INFO] IPUIPlugin:80 - create IPUIPlugin
2025-01-23 15:10:29,796 [INFO] PluginManager:220 - loadIPPluginJar : add comp
2025-01-23 15:10:29,824 [INFO] IPUIPlugin:80 - create IPUIPlugin
2025-01-23 15:10:29,824 [INFO] PluginManager:220 - loadIPPluginJar : add cryp
2025-01-23 15:10:29,834 [INFO] IPUIPlugin:80 - create IPUIPlugin
2025-01-23 15:10:29,834 [INFO] PluginManager:220 - loadIPPluginJar : add ddr_ctrl_phy
2025-01-23 15:10:29,857 [INFO] IPUIPlugin:80 - create IPUIPlugin
2025-01-23 15:10:29,857 [INFO] PluginManager:220 - loadIPPluginJar : add dfsdm
2025-01-23 15:10:29,867 [INFO] IPUIPlugin:80 - create IPUIPlugin
2025-01-23 15:10:29,868 [INFO] PluginManager:220 - loadIPPluginJar : add dma
2025-01-23 15:10:29,899 [INFO] IPUIPlugin:80 - create IPUIPlugin
2025-01-23 15:10:29,899 [INFO] PluginManager:220 - loadIPPluginJar : add dma3
2025-01-23 15:10:29,933 [INFO] IPUIPlugin:80 - create IPUIPlugin
2025-01-23 15:10:29,933 [INFO] PluginManager:220 - loadIPPluginJar : add extmemmanager
2025-01-23 15:10:29,949 [INFO] IPUIPlugin:80 - create IPUIPlugin
2025-01-23 15:10:29,949 [INFO] PluginManager:220 - loadIPPluginJar : add fatfs
2025-01-23 15:10:29,983 [INFO] IPUIPlugin:80 - create IPUIPlugin
2025-01-23 15:10:29,984 [INFO] PluginManager:220 - loadIPPluginJar : add fmc
2025-01-23 15:10:29,996 [INFO] IPUIPlugin:80 - create IPUIPlugin
2025-01-23 15:10:29,996 [INFO] PluginManager:220 - loadIPPluginJar : add freertos
2025-01-23 15:10:30,014 [INFO] IPUIPlugin:80 - create IPUIPlugin
2025-01-23 15:10:30,014 [INFO] PluginManager:220 - loadIPPluginJar : add genericplugin
2025-01-23 15:10:30,099 [INFO] IPUIPlugin:80 - create IPUIPlugin
2025-01-23 15:10:30,099 [INFO] PluginManager:220 - loadIPPluginJar : add gfxmmu
2025-01-23 15:10:30,228 [INFO] IPUIPlugin:80 - create IPUIPlugin
2025-01-23 15:10:30,229 [INFO] PluginManager:220 - loadIPPluginJar : add gic
2025-01-23 15:10:30,241 [INFO] IPUIPlugin:80 - create IPUIPlugin
2025-01-23 15:10:30,241 [INFO] PluginManager:220 - loadIPPluginJar : add gpio
2025-01-23 15:10:30,326 [INFO] IPUIPlugin:80 - create IPUIPlugin
2025-01-23 15:10:30,326 [INFO] PluginManager:220 - loadIPPluginJar : add gtzc
2025-01-23 15:10:30,360 [INFO] IPUIPlugin:80 - create IPUIPlugin
2025-01-23 15:10:30,360 [INFO] PluginManager:220 - loadIPPluginJar : add hash
2025-01-23 15:10:30,411 [INFO] IPUIPlugin:80 - create IPUIPlugin
2025-01-23 15:10:30,411 [INFO] PluginManager:220 - loadIPPluginJar : add i2c
2025-01-23 15:10:30,450 [INFO] IPUIPlugin:80 - create IPUIPlugin
2025-01-23 15:10:30,450 [INFO] PluginManager:220 - loadIPPluginJar : add i2s
2025-01-23 15:10:30,486 [INFO] IPUIPlugin:80 - create IPUIPlugin
2025-01-23 15:10:30,486 [INFO] PluginManager:220 - loadIPPluginJar : add i3c
2025-01-23 15:10:30,575 [INFO] IPUIPlugin:80 - create IPUIPlugin
2025-01-23 15:10:30,576 [INFO] PluginManager:220 - loadIPPluginJar : add ipddr
2025-01-23 15:10:30,671 [INFO] IPUIPlugin:80 - create IPUIPlugin
2025-01-23 15:10:30,671 [INFO] PluginManager:220 - loadIPPluginJar : add linkedlist
2025-01-23 15:10:30,709 [INFO] IPUIPlugin:80 - create IPUIPlugin
2025-01-23 15:10:30,709 [INFO] PluginManager:220 - loadIPPluginJar : add lorawan
2025-01-23 15:10:30,745 [INFO] IPUIPlugin:80 - create IPUIPlugin
2025-01-23 15:10:30,745 [INFO] PluginManager:220 - loadIPPluginJar : add ltdc
2025-01-23 15:10:30,756 [INFO] IPUIPlugin:80 - create IPUIPlugin
2025-01-23 15:10:30,756 [INFO] PluginManager:220 - loadIPPluginJar : add mdma
2025-01-23 15:10:30,768 [INFO] IPUIPlugin:80 - create IPUIPlugin
2025-01-23 15:10:30,768 [INFO] PluginManager:220 - loadIPPluginJar : add nvic
2025-01-23 15:10:30,802 [INFO] IPUIPlugin:80 - create IPUIPlugin
2025-01-23 15:10:30,802 [INFO] PluginManager:220 - loadIPPluginJar : add opamp
2025-01-23 15:10:30,861 [INFO] IPUIPlugin:80 - create IPUIPlugin
2025-01-23 15:10:30,861 [INFO] PluginManager:220 - loadIPPluginJar : add openamp
2025-01-23 15:10:30,898 [INFO] IPUIPlugin:80 - create IPUIPlugin
2025-01-23 15:10:30,898 [INFO] PluginManager:220 - loadIPPluginJar : add pdm2pcm
2025-01-23 15:10:30,911 [INFO] IPUIPlugin:80 - create IPUIPlugin
2025-01-23 15:10:30,912 [INFO] PluginManager:220 - loadIPPluginJar : add plateformsettings
2025-01-23 15:10:30,933 [INFO] IPUIPlugin:80 - create IPUIPlugin
2025-01-23 15:10:30,934 [INFO] PluginManager:220 - loadIPPluginJar : add quadspi
2025-01-23 15:10:30,956 [INFO] IPUIPlugin:80 - create IPUIPlugin
2025-01-23 15:10:30,958 [INFO] PluginManager:220 - loadIPPluginJar : add radio
2025-01-23 15:10:30,968 [INFO] IPUIPlugin:80 - create IPUIPlugin
2025-01-23 15:10:30,968 [INFO] PluginManager:220 - loadIPPluginJar : add resmgrutility
2025-01-23 15:10:31,010 [INFO] IPUIPlugin:80 - create IPUIPlugin
2025-01-23 15:10:31,010 [INFO] PluginManager:220 - loadIPPluginJar : add sai
2025-01-23 15:10:31,048 [INFO] IPUIPlugin:80 - create IPUIPlugin
2025-01-23 15:10:31,048 [INFO] PluginManager:220 - loadIPPluginJar : add spi
2025-01-23 15:10:31,110 [INFO] IPUIPlugin:80 - create IPUIPlugin
2025-01-23 15:10:31,110 [INFO] PluginManager:220 - loadIPPluginJar : add stm32_wpan
2025-01-23 15:10:31,134 [INFO] IPUIPlugin:80 - create IPUIPlugin
2025-01-23 15:10:31,135 [INFO] PluginManager:220 - loadIPPluginJar : add tim
2025-01-23 15:10:31,194 [INFO] IPUIPlugin:80 - create IPUIPlugin
2025-01-23 15:10:31,194 [INFO] PluginManager:220 - loadIPPluginJar : add touchsensing
2025-01-23 15:10:31,216 [INFO] IPUIPlugin:80 - create IPUIPlugin
2025-01-23 15:10:31,216 [INFO] PluginManager:220 - loadIPPluginJar : add tracer_emb
2025-01-23 15:10:31,238 [INFO] IPUIPlugin:80 - create IPUIPlugin
2025-01-23 15:10:31,238 [INFO] PluginManager:220 - loadIPPluginJar : add ts
2025-01-23 15:10:31,259 [INFO] IPUIPlugin:80 - create IPUIPlugin
2025-01-23 15:10:31,260 [INFO] PluginManager:220 - loadIPPluginJar : add tsc
2025-01-23 15:10:31,278 [INFO] IPUIPlugin:80 - create IPUIPlugin
2025-01-23 15:10:31,278 [INFO] PluginManager:220 - loadIPPluginJar : add ucpd
2025-01-23 15:10:31,312 [INFO] IPUIPlugin:80 - create IPUIPlugin
2025-01-23 15:10:31,312 [INFO] PluginManager:220 - loadIPPluginJar : add usart
2025-01-23 15:10:31,347 [INFO] IPUIPlugin:80 - create IPUIPlugin
2025-01-23 15:10:31,347 [INFO] PluginManager:220 - loadIPPluginJar : add usbx
2025-01-23 15:10:31,459 [INFO] CADModel:165 - CPN selected for project level
2025-01-23 15:10:31,459 [INFO] CADModel:114 - Register for checkConnection events
2025-01-23 15:10:31,459 [FATAL] Updater:334 - Updater called before beeing initialized
2025-01-23 15:10:31,459 [ERROR] CADModel:125 - Updater not yet initialized, retry later 
2025-01-23 15:10:31,546 [INFO] CADModel:165 - CPN selected for project level
2025-01-23 15:10:31,546 [INFO] CADModel:114 - Register for checkConnection events
2025-01-23 15:10:31,546 [FATAL] Updater:334 - Updater called before beeing initialized
2025-01-23 15:10:31,546 [ERROR] CADModel:125 - Updater not yet initialized, retry later 
2025-01-23 15:10:31,549 [FATAL] Updater:334 - Updater called before beeing initialized
2025-01-23 15:10:31,625 [FATAL] Updater:334 - Updater called before beeing initialized
2025-01-23 15:10:31,634 [INFO] DbMcusAds:53 - JSON generation date=Wed Dec 18 01:01:15 KST 2024 (1734451275196)
2025-01-23 15:10:31,634 [FATAL] Updater:334 - Updater called before beeing initialized
2025-01-23 15:10:31,661 [WARN] DetailPanel:346 - Failed to get advertising image, set to default
2025-01-23 15:10:31,722 [FATAL] Updater:334 - Updater called before beeing initialized
2025-01-23 15:10:31,723 [FATAL] Updater:334 - Updater called before beeing initialized
2025-01-23 15:10:31,723 [FATAL] Updater:334 - Updater called before beeing initialized
2025-01-23 15:10:31,723 [WARN] DetailPanel:346 - Failed to get advertising image, set to default
2025-01-23 15:10:31,724 [FATAL] Updater:334 - Updater called before beeing initialized
2025-01-23 15:10:31,768 [ERROR] Updater:1164 - MainUpdater not yet initialized. External WinMGr cannot be set.
2025-01-23 15:10:31,777 [INFO] Updater:1100 - Updater Version found : 6.12.1
2025-01-23 15:10:31,790 [INFO] ApplicationProperties:184 - Using Application install path: C:\ST\STM32CubeIDE_1.16.1\STM32CubeIDE\plugins\com.st.stm32cube.common.mx_6.12.1.202409122256
2025-01-23 15:10:31,861 [INFO] MainUpdater:526 - Copy updater definitions from MX database
2025-01-23 15:10:32,311 [INFO] ThirdPartyUpdaterWithRetryManager:70 - Updater plugin not ready yet. [2/15]
2025-01-23 15:10:32,412 [INFO] MainUpdater:2873 - connection check result : 10
2025-01-23 15:10:32,414 [INFO] MainUpdater:3567 - Updater definition file requires update
2025-01-23 15:10:32,414 [INFO] MainUpdater:290 - Updater Check For Update Now.
2025-01-23 15:10:32,414 [INFO] MicroXplorer:498 - Change Database Version : DB.6.0.121
2025-01-23 15:10:32,429 [INFO] McuFinderGlobals:63 - Set McuFinder mode to 2 (CubeIDE integrated)
2025-01-23 15:10:32,435 [INFO] UserAuth:417 - Internet connection configuration mode: 1
2025-01-23 15:10:32,453 [INFO] JxBrowserEngine:152 - Initiate JxBrowser Engine with user profile folder
2025-01-23 15:10:32,816 [INFO] ServerAccessManage:473 - Download File updaters.zip
2025-01-23 15:10:33,155 [INFO] FileExtend:240 - Unzip File : updaters.zip
2025-01-23 15:10:33,155 [INFO] FileExtend:255 - Standard Zip Deflate
2025-01-23 15:10:34,149 [INFO] ServerAccessManage:473 - Download File PacksControlFlags.xml
2025-01-23 15:10:34,375 [INFO] ServerAccessManage:473 - Download File cubemx.pidx
2025-01-23 15:10:35,049 [INFO] ServerAccessManage:473 - Download File STMicroelectronics.X-CUBE-AI.pdsc
2025-01-23 15:10:35,312 [WARN] MainUpdater:1194 - Updater busy. Cannot search thirdparties
2025-01-23 15:10:35,312 [INFO] ThirdPartyUpdaterWithRetryManager:96 - Updater plugin is busy. [1/15]
2025-01-23 15:10:37,238 [INFO] WebApp:167 - Instantiating new browser for Auth
2025-01-23 15:10:37,750 [INFO] WebApp:448 - Apply proxy settings
2025-01-23 15:10:37,751 [INFO] WebApp:533 - Chromium requires no authentication
2025-01-23 15:10:37,758 [INFO] WebApp:476 - Direct internet connection detected
2025-01-23 15:10:37,776 [INFO] WebApp:869 - Register for checkConnection events
2025-01-23 15:10:37,776 [INFO] WebApp:448 - Apply proxy settings
2025-01-23 15:10:37,776 [INFO] WebApp:533 - Chromium requires no authentication
2025-01-23 15:10:37,776 [INFO] WebApp:476 - Direct internet connection detected
2025-01-23 15:10:37,902 [INFO] WebApp:220 - Starting web application
2025-01-23 15:10:37,902 [INFO] WebApp:578 - Web application path used C:\ST\STM32CubeIDE_1.16.1\STM32CubeIDE\plugins\com.st.stm32cube.common.mx_6.12.1.202409122256\db\plugins\mcufinder\reactClient1\index.html
2025-01-23 15:10:38,011 [INFO] UserAuth:417 - Internet connection configuration mode: 1
2025-01-23 15:10:38,124 [INFO] WebApp:186 - Connection restablished
2025-01-23 15:10:38,317 [WARN] MainUpdater:1194 - Updater busy. Cannot search thirdparties
2025-01-23 15:10:38,317 [INFO] ThirdPartyUpdaterWithRetryManager:96 - Updater plugin is busy. [2/15]
2025-01-23 15:10:41,031 [WARN] PackLoader:240 - Cannot read IP mode file for STMicroelectronics.X-CUBE-AI.10.0.0
2025-01-23 15:10:41,032 [INFO] PopulateThirdPartyThread:66 - Ending populate Thread
2025-01-23 15:10:41,032 [INFO] ThirdParty:1030 - CMSIS Pack Vendor :STMicroelectronics X-CUBE-AI 10.0.0
2025-01-23 15:10:41,033 [INFO] LoadServerUpdatesThread:375 - End of LoadServerUpdate Thread
2025-01-23 15:10:41,184 [INFO] CheckServerUpdateThread:120 - End of CheckServer Thread
2025-01-23 15:10:41,468 [WARN] PackLoader:240 - Cannot read IP mode file for STMicroelectronics.FP-SNS-MOTENVWB1.1.4.0
2025-01-23 15:10:41,474 [WARN] PackLoader:240 - Cannot read IP mode file for STMicroelectronics.FP-ATR-ASTRA1.2.0.1
2025-01-23 15:10:41,485 [WARN] PackLoader:240 - Cannot read IP mode file for STMicroelectronics.X-CUBE-SMBUS.2.1.0
2025-01-23 15:10:41,499 [WARN] PackLoader:240 - Cannot read IP mode file for STMicroelectronics.X-CUBE-WB05N.1.1.0
2025-01-23 15:10:41,510 [WARN] PackLoader:240 - Cannot read IP mode file for STMicroelectronics.X-CUBE-TOUCHGFX.4.23.0
2025-01-23 15:10:41,518 [WARN] PackLoader:240 - Cannot read IP mode file for STMicroelectronics.X-CUBE-TOUCHGFX.4.23.2
2025-01-23 15:10:41,547 [WARN] PackLoader:240 - Cannot read IP mode file for STMicroelectronics.X-CUBE-AZRTOS-F7.1.1.0
2025-01-23 15:10:41,565 [WARN] PackLoader:240 - Cannot read IP mode file for STMicroelectronics.FP-SNS-MOTENV1.4.3.2
2025-01-23 15:10:41,619 [WARN] PackLoader:240 - Cannot read IP mode file for STMicroelectronics.X-CUBE-MEMS1.11.0.0
2025-01-23 15:10:41,706 [WARN] PackLoader:240 - Cannot read IP mode file for STMicroelectronics.FP-SNS-FLIGHT1.5.0.2
2025-01-23 15:10:41,724 [WARN] PackLoader:240 - Cannot read IP mode file for STMicroelectronics.X-CUBE-DISPLAY.3.0.0
2025-01-23 15:10:41,744 [WARN] PackLoader:240 - Cannot read IP mode file for STMicroelectronics.X-CUBE-BLE1.7.0.0
2025-01-23 15:10:41,763 [WARN] PackLoader:240 - Cannot read IP mode file for STMicroelectronics.X-CUBE-NFC10.1.0.0
2025-01-23 15:10:41,783 [WARN] PackLoader:240 - Cannot read IP mode file for STMicroelectronics.X-CUBE-BLEMGR.4.0.0
2025-01-23 15:10:41,804 [WARN] PackLoader:240 - Cannot read IP mode file for emotas.I-CUBE-CANOPEN.1.3.0
2025-01-23 15:10:41,825 [WARN] PackLoader:240 - Cannot read IP mode file for STMicroelectronics.X-CUBE-BLEMGR.3.1.0
2025-01-23 15:10:41,831 [WARN] PackLoader:240 - Cannot read IP mode file for STMicroelectronics.X-CUBE-AI.10.0.0
2025-01-23 15:10:41,848 [WARN] PackLoader:240 - Cannot read IP mode file for STMicroelectronics.FP-SNS-SMARTAG2.1.2.0
2025-01-23 15:10:41,899 [WARN] PackLoader:240 - Cannot read IP mode file for STMicroelectronics.X-CUBE-MEMS1.11.1.0
2025-01-23 15:10:41,968 [INFO] LogOutputStream:77 - [STDOUT_REDIRECT] 1 : Invalid condition id : UX_CORESTACK_Condition cause : null
2025-01-23 15:10:41,968 [INFO] LogOutputStream:77 - [STDOUT_REDIRECT] 1 : Invalid condition id : UX_CORESTACK_Condition cause : null
2025-01-23 15:10:41,969 [INFO] LogOutputStream:77 - [STDOUT_REDIRECT] 1 : Invalid condition id : UX_CORESTACK_Condition cause : null
2025-01-23 15:10:41,970 [INFO] LogOutputStream:77 - [STDOUT_REDIRECT] 1 : Invalid condition id : UX_CORESTACK_Condition cause : null
2025-01-23 15:10:41,971 [INFO] LogOutputStream:77 - [STDOUT_REDIRECT] 1 : Invalid condition id : UX_CORESTACK_Condition cause : null
2025-01-23 15:10:41,973 [WARN] PackLoader:240 - Cannot read IP mode file for STMicroelectronics.X-CUBE-AZRTOS-WL.2.0.0
2025-01-23 15:10:41,989 [WARN] PackLoader:240 - Cannot read IP mode file for STMicroelectronics.FP-SNS-MOTENV1.5.0.0
2025-01-23 15:10:41,995 [WARN] PackLoader:240 - Cannot read IP mode file for wolfSSL.I-CUBE-wolfMQTT.1.19.0
2025-01-23 15:10:42,013 [WARN] PackLoader:240 - Cannot read IP mode file for WES.I-CUBE-Cesium.1.3.0
2025-01-23 15:10:42,030 [WARN] PackLoader:240 - Cannot read IP mode file for STMicroelectronics.X-CUBE-BLE2.3.3.0
2025-01-23 15:10:42,051 [WARN] PackLoader:240 - Cannot read IP mode file for STMicroelectronics.X-CUBE-NFC9.1.0.0
2025-01-23 15:10:42,068 [WARN] PackLoader:240 - Cannot read IP mode file for STMicroelectronics.X-CUBE-TCPP.4.1.0
2025-01-23 15:10:42,088 [WARN] PackLoader:240 - Cannot read IP mode file for STMicroelectronics.X-CUBE-ALGOBUILD.1.3.0
2025-01-23 15:10:42,121 [WARN] PackLoader:240 - Cannot read IP mode file for STMicroelectronics.X-CUBE-AZRTOS-G0.1.1.0
2025-01-23 15:10:42,140 [WARN] PackLoader:240 - Cannot read IP mode file for STMicroelectronics.X-CUBE-SAFEA1.1.2.2
2025-01-23 15:10:42,160 [WARN] PackLoader:240 - Cannot read IP mode file for STMicroelectronics.X-CUBE-NFC4.3.0.0
2025-01-23 15:10:42,173 [WARN] PackLoader:240 - Cannot read IP mode file for wolfSSL.I-CUBE-wolfMQTT.1.18.0
2025-01-23 15:10:42,194 [WARN] PackLoader:240 - Cannot read IP mode file for EmbeddedOffice.I-CUBE-FS-RTOS.1.0.1
2025-01-23 15:10:42,195 [ERROR] ConditionMgr:805 - Attr not supported : Dmpu
2025-01-23 15:10:42,195 [ERROR] ConditionMgr:805 - Attr not supported : Dmpu
2025-01-23 15:10:42,195 [ERROR] ConditionMgr:805 - Attr not supported : Dmpu
2025-01-23 15:10:42,195 [ERROR] ConditionMgr:805 - Attr not supported : Dmpu
2025-01-23 15:10:42,195 [ERROR] ConditionMgr:805 - Attr not supported : Dmpu
2025-01-23 15:10:42,195 [ERROR] ConditionMgr:805 - Attr not supported : Dmpu
2025-01-23 15:10:42,195 [ERROR] ConditionMgr:805 - Attr not supported : Dmpu
2025-01-23 15:10:42,195 [ERROR] ConditionMgr:805 - Attr not supported : Dmpu
2025-01-23 15:10:42,195 [ERROR] ConditionMgr:805 - Attr not supported : Dmpu
2025-01-23 15:10:42,195 [ERROR] ConditionMgr:805 - Attr not supported : Dmpu
2025-01-23 15:10:42,195 [ERROR] ConditionMgr:805 - Attr not supported : Dmpu
2025-01-23 15:10:42,195 [ERROR] ConditionMgr:805 - Attr not supported : Dmpu
2025-01-23 15:10:42,196 [ERROR] ConditionMgr:805 - Attr not supported : Dmpu
2025-01-23 15:10:42,196 [ERROR] ConditionMgr:805 - Attr not supported : Dmpu
2025-01-23 15:10:42,196 [ERROR] ConditionMgr:805 - Attr not supported : Dmpu
2025-01-23 15:10:42,196 [ERROR] ConditionMgr:805 - Attr not supported : Dmpu
2025-01-23 15:10:42,196 [ERROR] ConditionMgr:805 - Attr not supported : Dmpu
2025-01-23 15:10:42,196 [ERROR] ConditionMgr:805 - Attr not supported : Dmpu
2025-01-23 15:10:42,196 [ERROR] ConditionMgr:805 - Attr not supported : Dmpu
2025-01-23 15:10:42,196 [ERROR] ConditionMgr:805 - Attr not supported : Dmpu
2025-01-23 15:10:42,196 [ERROR] ConditionMgr:805 - Attr not supported : Dmpu
2025-01-23 15:10:42,196 [ERROR] ConditionMgr:805 - Attr not supported : Dmpu
2025-01-23 15:10:42,196 [ERROR] ConditionMgr:805 - Attr not supported : Dmpu
2025-01-23 15:10:42,196 [ERROR] ConditionMgr:805 - Attr not supported : Dmpu
2025-01-23 15:10:42,196 [ERROR] ConditionMgr:805 - Attr not supported : Dmpu
2025-01-23 15:10:42,196 [ERROR] ConditionMgr:805 - Attr not supported : Dmpu
2025-01-23 15:10:42,196 [ERROR] ConditionMgr:805 - Attr not supported : Dmpu
2025-01-23 15:10:42,196 [ERROR] ConditionMgr:805 - Attr not supported : Dmpu
2025-01-23 15:10:42,196 [ERROR] ConditionMgr:805 - Attr not supported : Dmpu
2025-01-23 15:10:42,196 [ERROR] ConditionMgr:805 - Attr not supported : Dmpu
2025-01-23 15:10:42,196 [ERROR] ConditionMgr:805 - Attr not supported : Dmpu
2025-01-23 15:10:42,196 [ERROR] ConditionMgr:805 - Attr not supported : Dmpu
2025-01-23 15:10:42,196 [ERROR] ConditionMgr:805 - Attr not supported : Dmpu
2025-01-23 15:10:42,196 [ERROR] ConditionMgr:805 - Attr not supported : Dmpu
2025-01-23 15:10:42,196 [ERROR] ConditionMgr:805 - Attr not supported : Dmpu
2025-01-23 15:10:42,196 [ERROR] ConditionMgr:805 - Attr not supported : Dmpu
2025-01-23 15:10:42,197 [ERROR] ConditionMgr:805 - Attr not supported : Dmpu
2025-01-23 15:10:42,197 [ERROR] ConditionMgr:805 - Attr not supported : Dmpu
2025-01-23 15:10:42,197 [ERROR] ConditionMgr:805 - Attr not supported : Dmpu
2025-01-23 15:10:42,197 [ERROR] ConditionMgr:805 - Attr not supported : Dmpu
2025-01-23 15:10:42,197 [ERROR] ConditionMgr:805 - Attr not supported : Dmpu
2025-01-23 15:10:42,197 [ERROR] ConditionMgr:805 - Attr not supported : Dmpu
2025-01-23 15:10:42,197 [ERROR] ConditionMgr:805 - Attr not supported : Dmpu
2025-01-23 15:10:42,197 [ERROR] ConditionMgr:805 - Attr not supported : Dmpu
2025-01-23 15:10:42,197 [ERROR] ConditionMgr:805 - Attr not supported : Dmpu
2025-01-23 15:10:42,197 [ERROR] ConditionMgr:805 - Attr not supported : Dmpu
2025-01-23 15:10:42,197 [ERROR] ConditionMgr:805 - Attr not supported : Dmpu
2025-01-23 15:10:42,197 [ERROR] ConditionMgr:805 - Attr not supported : Dmpu
2025-01-23 15:10:42,197 [ERROR] ConditionMgr:805 - Attr not supported : Dmpu
2025-01-23 15:10:42,197 [ERROR] ConditionMgr:805 - Attr not supported : Dmpu
2025-01-23 15:10:42,197 [ERROR] ConditionMgr:805 - Attr not supported : Dmpu
2025-01-23 15:10:42,197 [ERROR] ConditionMgr:805 - Attr not supported : Dmpu
2025-01-23 15:10:42,197 [ERROR] ConditionMgr:805 - Attr not supported : Dmpu
2025-01-23 15:10:42,197 [ERROR] ConditionMgr:805 - Attr not supported : Dmpu
2025-01-23 15:10:42,197 [ERROR] ConditionMgr:805 - Attr not supported : Dmpu
2025-01-23 15:10:42,197 [ERROR] ConditionMgr:805 - Attr not supported : Dmpu
2025-01-23 15:10:42,197 [ERROR] ConditionMgr:805 - Attr not supported : Dmpu
2025-01-23 15:10:42,197 [ERROR] ConditionMgr:805 - Attr not supported : Dmpu
2025-01-23 15:10:42,197 [ERROR] ConditionMgr:805 - Attr not supported : Dmpu
2025-01-23 15:10:42,197 [ERROR] ConditionMgr:805 - Attr not supported : Dmpu
2025-01-23 15:10:42,197 [ERROR] ConditionMgr:805 - Attr not supported : Dmpu
2025-01-23 15:10:42,197 [ERROR] ConditionMgr:805 - Attr not supported : Dmpu
2025-01-23 15:10:42,198 [ERROR] ConditionMgr:805 - Attr not supported : Dmpu
2025-01-23 15:10:42,198 [ERROR] ConditionMgr:805 - Attr not supported : Dmpu
2025-01-23 15:10:42,216 [WARN] PackLoader:240 - Cannot read IP mode file for STMicroelectronics.X-CUBE-BLEMGR.3.0.0
2025-01-23 15:10:42,232 [ERROR] Engine:466 - C:\Users\RND1\.stm32cubemx\thirdparties\pdsc\STMicroelectronics.X-CUBE-TCPP.4.2.0.pdsc: PDSC version is not supported
2025-01-23 15:10:42,246 [WARN] PackLoader:240 - Cannot read IP mode file for RealThread.X-CUBE-RT-Thread_Nano.4.1.1
2025-01-23 15:10:42,252 [WARN] PackLoader:240 - Cannot read IP mode file for STMicroelectronics.FP-ATR-SIGFOX1.3.2.0
2025-01-23 15:10:42,257 [WARN] ConditionMgr:438 - getConditionDescription Invalid condition id : Cortex-A Device cause : null
2025-01-23 15:10:42,277 [WARN] ConditionMgr:1039 - genDependencies : Invalid condition id : Cortex-A Device cause : null
2025-01-23 15:10:42,277 [WARN] ConditionMgr:1039 - genDependencies : Invalid condition id : Cortex-A Device cause : null
2025-01-23 15:10:42,277 [WARN] ConditionMgr:1039 - genDependencies : Invalid condition id : Cortex-A Device cause : null
2025-01-23 15:10:42,291 [WARN] PackLoader:240 - Cannot read IP mode file for STMicroelectronics.X-CUBE-EEPRMA1.5.1.0
2025-01-23 15:10:42,319 [WARN] PackLoader:240 - Cannot read IP mode file for SEGGER.I-CUBE-embOS.1.3.1
2025-01-23 15:10:42,346 [WARN] PackLoader:240 - Cannot read IP mode file for STMicroelectronics.X-CUBE-ALGOBUILD.1.4.0
2025-01-23 15:10:42,364 [WARN] PackLoader:240 - Cannot read IP mode file for STMicroelectronics.X-CUBE-AI.9.1.0
2025-01-23 15:10:42,377 [WARN] PackLoader:240 - Cannot read IP mode file for STMicroelectronics.X-CUBE-GNSS1.6.0.0
2025-01-23 15:10:42,398 [WARN] PackLoader:240 - Cannot read IP mode file for STMicroelectronics.X-CUBE-AZRTOS-F4.1.1.0
2025-01-23 15:10:42,415 [WARN] PackLoader:240 - Cannot read IP mode file for wolfSSL.I-CUBE-wolfSSL.5.6.4
2025-01-23 15:10:42,426 [WARN] PackLoader:240 - Cannot read IP mode file for STMicroelectronics.X-CUBE-ISPU.2.1.0
2025-01-23 15:10:42,438 [WARN] PackLoader:240 - Cannot read IP mode file for STMicroelectronics.X-CUBE-FREERTOS.1.2.0
2025-01-23 15:10:42,459 [WARN] PackLoader:240 - Cannot read IP mode file for STMicroelectronics.X-CUBE-AZRTOS-L5.2.0.0
2025-01-23 15:10:42,472 [WARN] PackLoader:240 - Cannot read IP mode file for STMicroelectronics.X-CUBE-EEPRMA1.4.2.0
2025-01-23 15:10:42,486 [WARN] PackLoader:240 - Cannot read IP mode file for STMicroelectronics.X-CUBE-NFC6.3.1.0
2025-01-23 15:10:42,500 [WARN] PackLoader:240 - Cannot read IP mode file for ITTIA_DB.I-CUBE-ITTIADB.8.8.0
2025-01-23 15:10:42,511 [WARN] PackLoader:240 - Cannot read IP mode file for STMicroelectronics.X-CUBE-DPower.1.2.0
2025-01-23 15:10:42,523 [WARN] PackLoader:240 - Cannot read IP mode file for STMicroelectronics.X-CUBE-AI.9.0.0
2025-01-23 15:10:42,532 [WARN] PackLoader:240 - Cannot read IP mode file for STMicroelectronics.X-CUBE-FREERTOS.1.3.0
2025-01-23 15:10:42,544 [WARN] PackLoader:240 - Cannot read IP mode file for STMicroelectronics.X-CUBE-NFC7.1.0.1
2025-01-23 15:10:42,556 [WARN] PackLoader:240 - Cannot read IP mode file for STMicroelectronics.X-CUBE-NFC6.3.0.0
2025-01-23 15:10:42,569 [WARN] PackLoader:240 - Cannot read IP mode file for STMicroelectronics.X-CUBE-AI.8.1.0
2025-01-23 15:10:42,591 [WARN] ConditionMgr:438 - getConditionDescription Invalid condition id : LAN8742 Phy interface Condition cause : null
2025-01-23 15:10:42,591 [WARN] PackLoader:240 - Cannot read IP mode file for STMicroelectronics.X-CUBE-AZRTOS-L4.2.0.0
2025-01-23 15:10:42,592 [WARN] ConditionMgr:1039 - genDependencies : Invalid condition id : LAN8742 Phy interface Condition cause : null
2025-01-23 15:10:42,592 [WARN] ConditionMgr:1039 - genDependencies : Invalid condition id : LAN8742 Phy interface Condition cause : null
2025-01-23 15:10:42,592 [WARN] ConditionMgr:1039 - genDependencies : Invalid condition id : LAN8742 Phy interface Condition cause : null
2025-01-23 15:10:42,604 [WARN] PackLoader:240 - Cannot read IP mode file for STMicroelectronics.X-CUBE-SFXS2LP1.4.0.0
2025-01-23 15:10:42,625 [WARN] PackLoader:240 - Cannot read IP mode file for STMicroelectronics.X-CUBE-AZRTOS-H7.3.3.0
2025-01-23 15:10:42,641 [WARN] PackLoader:240 - Cannot read IP mode file for STMicroelectronics.X-CUBE-IPS.3.0.0
2025-01-23 15:10:42,663 [WARN] ConditionMgr:438 - getConditionDescription Invalid condition id : UX DEVICE CLASS RTOS Condition cause : null
2025-01-23 15:10:42,664 [WARN] ConditionMgr:438 - getConditionDescription Invalid condition id : UX DEVICE CLASS RTOS Condition cause : null
2025-01-23 15:10:42,664 [WARN] PackLoader:240 - Cannot read IP mode file for STMicroelectronics.X-CUBE-AZRTOS-WB.2.0.0
2025-01-23 15:10:42,665 [WARN] ConditionMgr:1039 - genDependencies : Invalid condition id : UX DEVICE CLASS RTOS Condition cause : null
2025-01-23 15:10:42,665 [WARN] ConditionMgr:1039 - genDependencies : Invalid condition id : UX DEVICE CLASS RTOS Condition cause : null
2025-01-23 15:10:42,665 [WARN] ConditionMgr:1039 - genDependencies : Invalid condition id : UX DEVICE CLASS RTOS Condition cause : null
2025-01-23 15:10:42,665 [WARN] ConditionMgr:1039 - genDependencies : Invalid condition id : UX DEVICE CLASS RTOS Condition cause : null
2025-01-23 15:10:42,665 [WARN] ConditionMgr:1039 - genDependencies : Invalid condition id : UX DEVICE CLASS RTOS Condition cause : null
2025-01-23 15:10:42,677 [WARN] PackLoader:240 - Cannot read IP mode file for STMicroelectronics.X-CUBE-GNSS1.7.0.0
2025-01-23 15:10:42,690 [WARN] PackLoader:240 - Cannot read IP mode file for STMicroelectronics.X-CUBE-GNSS1.7.0.1
2025-01-23 15:10:42,700 [WARN] PackLoader:240 - Cannot read IP mode file for STMicroelectronics.FP-SNS-STBOX1.2.0.0
2025-01-23 15:10:42,715 [WARN] PackLoader:240 - Cannot read IP mode file for STMicroelectronics.X-CUBE-SUBG2.5.0.0
2025-01-23 15:10:42,735 [WARN] PackLoader:240 - Cannot read IP mode file for STMicroelectronics.X-CUBE-AZRTOS-G4.2.0.0
2025-01-23 15:10:42,756 [WARN] PackLoader:240 - Cannot read IP mode file for Infineon.AIROC-Wi-Fi-Bluetooth-STM32.1.5.1
2025-01-23 15:10:42,766 [WARN] PackLoader:240 - Cannot read IP mode file for STMicroelectronics.FP-SNS-MOTENVWB1.1.3.1
2025-01-23 15:10:42,780 [WARN] PackLoader:240 - Cannot read IP mode file for STMicroelectronics.X-CUBE-ISPU.2.0.0
2025-01-23 15:10:42,794 [ERROR] Engine:466 - C:\Users\RND1\.stm32cubemx\thirdparties\pdsc\STMicroelectronics.X-CUBE-IPS.3.1.0.pdsc: PDSC version is not supported
2025-01-23 15:10:42,805 [WARN] PackLoader:240 - Cannot read IP mode file for STMicroelectronics.X-CUBE-ALS.1.0.2
2025-01-23 15:10:42,835 [WARN] PackLoader:240 - Cannot read IP mode file for STMicroelectronics.X-CUBE-MEMS1.10.0.0
2025-01-23 15:10:42,895 [WARN] PackLoader:240 - Cannot read IP mode file for STMicroelectronics.X-CUBE-FREERTOS.1.1.0
2025-01-23 15:10:42,905 [WARN] PackLoader:240 - Cannot read IP mode file for STMicroelectronics.X-CUBE-TOUCHGFX.4.24.0
2025-01-23 15:10:42,913 [WARN] PackLoader:240 - Cannot read IP mode file for STMicroelectronics.X-CUBE-TOUCHGFX.4.24.2
2025-01-23 15:10:42,922 [WARN] PackLoader:240 - Cannot read IP mode file for STMicroelectronics.X-CUBE-TOUCHGFX.4.24.1
2025-01-23 15:10:42,924 [WARN] PackLoader:240 - Cannot read IP mode file for wolfSSL.I-CUBE-wolfTPM.3.4.0
2025-01-23 15:10:42,935 [WARN] PackLoader:240 - Cannot read IP mode file for portGmbH.I-Cube-SoM-uGOAL.1.1.0
2025-01-23 15:10:42,943 [WARN] PackLoader:240 - Cannot read IP mode file for STMicroelectronics.X-CUBE-ALS.1.0.1
2025-01-23 15:10:42,959 [WARN] PackLoader:240 - Cannot read IP mode file for STMicroelectronics.X-CUBE-AZRTOS-H7RS.1.0.0
2025-01-23 15:10:42,969 [WARN] PackLoader:240 - Cannot read IP mode file for STMicroelectronics.FP-ATR-ASTRA1.2.0.0
2025-01-23 15:10:42,981 [WARN] PackLoader:240 - Cannot read IP mode file for STMicroelectronics.X-CUBE-TOF1.3.4.2
2025-01-23 15:10:42,996 [WARN] PackLoader:240 - Cannot read IP mode file for STMicroelectronics.X-CUBE-TOF1.3.4.0
2025-01-23 15:10:43,012 [WARN] PackLoader:240 - Cannot read IP mode file for STMicroelectronics.X-CUBE-TOF1.3.4.1
2025-01-23 15:10:43,033 [WARN] PackLoader:240 - Cannot read IP mode file for STMicroelectronics.X-CUBE-AZRTOS-H7.3.2.0
2025-01-23 15:10:43,038 [WARN] PackLoader:240 - Cannot read IP mode file for wolfSSL.I-CUBE-wolfSSH.1.4.17
2025-01-23 15:10:43,038 [INFO] ThirdParty:978 - Integrity check success = true
2025-01-23 15:10:43,038 [INFO] IntegrityCheckThread:100 - exiting critical section [integrity check]
2025-01-23 15:10:43,038 [INFO] IntegrityCheckThread:103 - End integrity checks thread
2025-01-23 17:22:54,858 [ERROR] LogOutputStream:75 - [STDERR_REDIRECT] 
