2025-03-27 08:38:21,276 [INFO] Activator:176 - 


2025-03-27 08:38:21,281 [INFO] Activator:177 - !SESSION log4j initialized
2025-03-27 08:38:26,500 [INFO] LogOutputStream:77 - [STDOUT_REDIRECT] 
2025-03-27 08:38:32,230 [INFO] ApplicationProperties:184 - Using Application install path: C:\ST\STM32CubeIDE_1.16.1\STM32CubeIDE\plugins\com.st.stm32cube.common.mx_6.12.1.202409122256
2025-03-27 08:38:32,245 [INFO] DbMcusXml:78 - Set database path to: C:\ST\STM32CubeIDE_1.16.1\STM32CubeIDE\plugins\com.st.stm32cube.common.mx_6.12.1.202409122256\\db\/mcu/
2025-03-27 08:38:32,246 [INFO] ApiDb:274 - Set plugin database path to: C:\ST\STM32CubeIDE_1.16.1\STM32CubeIDE\plugins\com.st.stm32cube.common.mx_6.12.1.202409122256\\db\/plugins/boardmanager/
2025-03-27 08:38:32,246 [WARN] ApiDb:259 - Overriding images path with different value:  => C:\ST\STM32CubeIDE_1.16.1\STM32CubeIDE\plugins\com.st.stm32cube.common.mx_6.12.1.202409122256\\db\/plugins/mcufinder/images/
2025-03-27 08:38:32,260 [INFO] ApiDb:250 - Set database path to: C:\Users\RND1\.stmcufinder\plugins\mcufinder//mcu/
2025-03-27 08:38:32,260 [INFO] DbMcusAds:125 - Set database path to: C:\Users\RND1\.stmcufinder\plugins\mcufinder//mcu/
2025-03-27 08:38:32,262 [INFO] CrossReferenceDbSqlite:203 - Set database path to: C:\Users\RND1\.stmcufinder\plugins\mcufinder//mcu/cs/
2025-03-27 08:38:32,359 [INFO] RulesReader:64 - Compatibility file has been processed (297 Rules)
2025-03-27 08:38:32,433 [INFO] DbMcusXml:78 - Set database path to: C:\ST\STM32CubeIDE_1.16.1\STM32CubeIDE\plugins\com.st.stm32cube.common.mx_6.12.1.202409122256\\db\/mcu/
2025-03-27 08:38:32,433 [INFO] ApiDb:274 - Set plugin database path to: C:\ST\STM32CubeIDE_1.16.1\STM32CubeIDE\plugins\com.st.stm32cube.common.mx_6.12.1.202409122256\\db\/plugins/boardmanager/
2025-03-27 08:38:32,433 [INFO] ApiDb:261 - Set plugin images path to: C:\ST\STM32CubeIDE_1.16.1\STM32CubeIDE\plugins\com.st.stm32cube.common.mx_6.12.1.202409122256\\db\/plugins/mcufinder/images/
2025-03-27 08:38:32,434 [WARN] DbFile:41 - Overriding database path with different value: C:\Users\RND1\.stmcufinder\plugins\mcufinder/ => C:\Users\RND1\.stmcufinder\plugins\mcufinder
2025-03-27 08:38:32,434 [INFO] ApiDb:250 - Set database path to: C:\Users\RND1\.stmcufinder\plugins\mcufinder//mcu/
2025-03-27 08:38:32,434 [WARN] DbFile:41 - Overriding database path with different value: C:\Users\RND1\.stmcufinder\plugins\mcufinder/ => C:\Users\RND1\.stmcufinder\plugins\mcufinder
2025-03-27 08:38:32,434 [INFO] DbMcusAds:125 - Set database path to: C:\Users\RND1\.stmcufinder\plugins\mcufinder//mcu/
2025-03-27 08:38:32,434 [WARN] DbFile:41 - Overriding database path with different value: C:\Users\RND1\.stmcufinder\plugins\mcufinder/ => C:\Users\RND1\.stmcufinder\plugins\mcufinder
2025-03-27 08:38:32,434 [WARN] DbFile:41 - Overriding database path with different value: C:\Users\RND1\.stmcufinder\plugins\mcufinder/ => C:\Users\RND1\.stmcufinder\plugins\mcufinder
2025-03-27 08:38:32,434 [INFO] CrossReferenceDbSqlite:203 - Set database path to: C:\Users\RND1\.stmcufinder\plugins\mcufinder//mcu/cs/
2025-03-27 08:38:32,501 [INFO] MainPanel:268 - HeapMemory: 268435456
2025-03-27 08:38:32,578 [INFO] DbMcusXml:78 - Set database path to: C:\ST\STM32CubeIDE_1.16.1\STM32CubeIDE\plugins\com.st.stm32cube.common.mx_6.12.1.202409122256\\db\/mcu/
2025-03-27 08:38:32,579 [INFO] ApiDb:274 - Set plugin database path to: C:\ST\STM32CubeIDE_1.16.1\STM32CubeIDE\plugins\com.st.stm32cube.common.mx_6.12.1.202409122256\\db\/plugins/boardmanager/
2025-03-27 08:38:32,579 [INFO] ApiDb:261 - Set plugin images path to: C:\ST\STM32CubeIDE_1.16.1\STM32CubeIDE\plugins\com.st.stm32cube.common.mx_6.12.1.202409122256\\db\/plugins/mcufinder/images/
2025-03-27 08:38:32,579 [WARN] DbFile:41 - Overriding database path with different value: C:\Users\RND1\.stmcufinder\plugins\mcufinder/ => C:\Users\RND1\.stmcufinder\plugins\mcufinder
2025-03-27 08:38:32,579 [INFO] ApiDb:250 - Set database path to: C:\Users\RND1\.stmcufinder\plugins\mcufinder//mcu/
2025-03-27 08:38:32,579 [WARN] DbFile:41 - Overriding database path with different value: C:\Users\RND1\.stmcufinder\plugins\mcufinder/ => C:\Users\RND1\.stmcufinder\plugins\mcufinder
2025-03-27 08:38:32,579 [INFO] DbMcusAds:125 - Set database path to: C:\Users\RND1\.stmcufinder\plugins\mcufinder//mcu/
2025-03-27 08:38:32,579 [WARN] DbFile:41 - Overriding database path with different value: C:\Users\RND1\.stmcufinder\plugins\mcufinder/ => C:\Users\RND1\.stmcufinder\plugins\mcufinder
2025-03-27 08:38:32,579 [WARN] DbFile:41 - Overriding database path with different value: C:\Users\RND1\.stmcufinder\plugins\mcufinder/ => C:\Users\RND1\.stmcufinder\plugins\mcufinder
2025-03-27 08:38:32,579 [INFO] CrossReferenceDbSqlite:203 - Set database path to: C:\Users\RND1\.stmcufinder\plugins\mcufinder//mcu/cs/
2025-03-27 08:38:32,594 [INFO] ApplicationProperties:184 - Using Application install path: C:\ST\STM32CubeIDE_1.16.1\STM32CubeIDE\plugins\com.st.stm32cube.common.mx_6.12.1.202409122256
2025-03-27 08:38:32,595 [INFO] PluginManage:196 - Search for loadable plugins [exclusion list=, ]
2025-03-27 08:38:32,596 [INFO] PluginManage:310 - Check plugin analytics
2025-03-27 08:38:32,743 [INFO] AnalyticsPlugin:253 - Accepted Software Licenses: STM32CubeMX.6.10.0
2025-03-27 08:38:32,743 [INFO] AnalyticsPlugin:255 - Accepted CMSIS Pack Licenses: 
2025-03-27 08:38:32,743 [INFO] AnalyticsPlugin:257 - Accepted Firmware Licenses: FW.G4.1.5.0,FW.G4.1.6.0,FW.F4.1.28.0,FW.H7.1.11.0
2025-03-27 08:38:32,746 [INFO] PluginManage:359 - Loaded plugin analytics (category:tool,tabindex:-1)
2025-03-27 08:38:32,746 [INFO] PluginManage:310 - Check plugin cadmodel
2025-03-27 08:38:32,763 [INFO] CADModel:105 - Init CAD model plugin
2025-03-27 08:38:32,763 [INFO] PluginManage:359 - Loaded plugin cadmodel (category:power,tabindex:5)
2025-03-27 08:38:32,763 [INFO] PluginManage:310 - Check plugin clock
2025-03-27 08:38:32,780 [INFO] PluginManage:359 - Loaded plugin clock (category:base,tabindex:2)
2025-03-27 08:38:32,781 [INFO] PluginManage:310 - Check plugin ddr
2025-03-27 08:38:32,784 [INFO] PluginManage:359 - Loaded plugin ddr (category:tool,tabindex:6)
2025-03-27 08:38:32,784 [INFO] PluginManage:310 - Check plugin filemanager
2025-03-27 08:38:32,931 [INFO] PluginManage:359 - Loaded plugin filemanager (category:base,tabindex:10)
2025-03-27 08:38:32,931 [INFO] PluginManage:310 - Check plugin ipmanager
2025-03-27 08:38:32,938 [INFO] PluginManage:359 - Loaded plugin ipmanager (category:base,tabindex:5)
2025-03-27 08:38:32,939 [INFO] PluginManage:310 - Check plugin lpbam
2025-03-27 08:38:32,955 [INFO] PluginManage:359 - Loaded plugin lpbam (category:base,tabindex:0)
2025-03-27 08:38:32,955 [INFO] PluginManage:310 - Check plugin memorymap
2025-03-27 08:38:32,975 [INFO] PluginManage:359 - Loaded plugin memorymap (category:base,tabindex:4)
2025-03-27 08:38:32,975 [INFO] PluginManage:310 - Check plugin pinoutandconfiguration
2025-03-27 08:38:32,992 [INFO] PluginManage:359 - Loaded plugin pinoutandconfiguration (category:base,tabindex:1)
2025-03-27 08:38:32,992 [INFO] PluginManage:310 - Check plugin pinoutconfig
2025-03-27 08:38:33,071 [WARN] SupportedApi:132 - Cannot load RTOS API schema: s4s-elt-must-match.1: The content of 'definitions' must match (annotation?, (simpleType | complexType)?, (unique | key | keyref)*)). A problem was found starting at: attribute.
2025-03-27 08:38:33,175 [INFO] PluginManage:359 - Loaded plugin pinoutconfig (category:base,tabindex:0)
2025-03-27 08:38:33,175 [INFO] PluginManage:310 - Check plugin power
2025-03-27 08:38:33,194 [INFO] PluginManage:359 - Loaded plugin power (category:power,tabindex:4)
2025-03-27 08:38:33,194 [INFO] PluginManage:310 - Check plugin projectmanager
2025-03-27 08:38:33,208 [INFO] PluginManage:359 - Loaded plugin projectmanager (category:projectmanager,tabindex:4)
2025-03-27 08:38:33,208 [INFO] PluginManage:310 - Check plugin rif
2025-03-27 08:38:33,223 [INFO] PluginManage:359 - Loaded plugin rif (category:base,tabindex:3)
2025-03-27 08:38:33,224 [INFO] PluginManage:310 - Check plugin thirdparty
2025-03-27 08:38:33,470 [INFO] PluginManage:359 - Loaded plugin thirdparty (category:base,tabindex:-1)
2025-03-27 08:38:33,470 [WARN] IntegrityCheckThread:84 - waiting for thirdparty lock release [integrity check]
2025-03-27 08:38:33,470 [INFO] PluginManage:310 - Check plugin tools
2025-03-27 08:38:33,470 [INFO] IntegrityCheckThread:86 - entering critical section [integrity check]
2025-03-27 08:38:33,471 [INFO] ThirdPartyUpdaterWithRetryManager:70 - Updater plugin not ready yet. [1/15]
2025-03-27 08:38:33,509 [INFO] PluginManage:359 - Loaded plugin tools (category:base,tabindex:7)
2025-03-27 08:38:33,509 [INFO] PluginManage:310 - Check plugin tutovideos
2025-03-27 08:38:33,673 [INFO] PluginManage:359 - Loaded plugin tutovideos (category:base,tabindex:-1)
2025-03-27 08:38:33,674 [INFO] PluginManage:310 - Check plugin updater
2025-03-27 08:38:33,687 [INFO] PluginManage:359 - Loaded plugin updater (category:base,tabindex:12)
2025-03-27 08:38:33,687 [INFO] PluginManage:310 - Check plugin userauth
2025-03-27 08:38:33,693 [INFO] UserAuth:113 - Init User Auth plugin
2025-03-27 08:38:33,694 [INFO] PluginManage:359 - Loaded plugin userauth (category:base,tabindex:14)
2025-03-27 08:38:33,694 [INFO] PluginManage:283 - PluginManage : Loaded plugins [18]
2025-03-27 08:38:33,867 [INFO] PinOutPanel:1561 - setPackage(No Configuration,No Configuration)
2025-03-27 08:38:33,942 [INFO] CADModel:165 - CPN selected for project level
2025-03-27 08:38:33,943 [INFO] CADModel:114 - Register for checkConnection events
2025-03-27 08:38:33,967 [INFO] IPUIPlugin:80 - create IPUIPlugin
2025-03-27 08:38:33,967 [INFO] PluginManager:220 - loadIPPluginJar : add adc
2025-03-27 08:38:34,004 [INFO] IPUIPlugin:80 - create IPUIPlugin
2025-03-27 08:38:34,004 [INFO] PluginManager:220 - loadIPPluginJar : add aes
2025-03-27 08:38:34,045 [INFO] IPUIPlugin:80 - create IPUIPlugin
2025-03-27 08:38:34,045 [INFO] PluginManager:220 - loadIPPluginJar : add can
2025-03-27 08:38:34,068 [INFO] IPUIPlugin:80 - create IPUIPlugin
2025-03-27 08:38:34,068 [INFO] PluginManager:220 - loadIPPluginJar : add comp
2025-03-27 08:38:34,099 [INFO] IPUIPlugin:80 - create IPUIPlugin
2025-03-27 08:38:34,099 [INFO] PluginManager:220 - loadIPPluginJar : add cryp
2025-03-27 08:38:34,111 [INFO] IPUIPlugin:80 - create IPUIPlugin
2025-03-27 08:38:34,111 [INFO] PluginManager:220 - loadIPPluginJar : add ddr_ctrl_phy
2025-03-27 08:38:34,138 [INFO] IPUIPlugin:80 - create IPUIPlugin
2025-03-27 08:38:34,138 [INFO] PluginManager:220 - loadIPPluginJar : add dfsdm
2025-03-27 08:38:34,151 [INFO] IPUIPlugin:80 - create IPUIPlugin
2025-03-27 08:38:34,152 [INFO] PluginManager:220 - loadIPPluginJar : add dma
2025-03-27 08:38:34,193 [INFO] IPUIPlugin:80 - create IPUIPlugin
2025-03-27 08:38:34,193 [INFO] PluginManager:220 - loadIPPluginJar : add dma3
2025-03-27 08:38:34,231 [INFO] IPUIPlugin:80 - create IPUIPlugin
2025-03-27 08:38:34,231 [INFO] PluginManager:220 - loadIPPluginJar : add extmemmanager
2025-03-27 08:38:34,252 [INFO] IPUIPlugin:80 - create IPUIPlugin
2025-03-27 08:38:34,252 [INFO] PluginManager:220 - loadIPPluginJar : add fatfs
2025-03-27 08:38:34,294 [INFO] IPUIPlugin:80 - create IPUIPlugin
2025-03-27 08:38:34,295 [INFO] PluginManager:220 - loadIPPluginJar : add fmc
2025-03-27 08:38:34,310 [INFO] IPUIPlugin:80 - create IPUIPlugin
2025-03-27 08:38:34,310 [INFO] PluginManager:220 - loadIPPluginJar : add freertos
2025-03-27 08:38:34,330 [INFO] IPUIPlugin:80 - create IPUIPlugin
2025-03-27 08:38:34,330 [INFO] PluginManager:220 - loadIPPluginJar : add genericplugin
2025-03-27 08:38:34,421 [INFO] IPUIPlugin:80 - create IPUIPlugin
2025-03-27 08:38:34,421 [INFO] PluginManager:220 - loadIPPluginJar : add gfxmmu
2025-03-27 08:38:34,550 [INFO] IPUIPlugin:80 - create IPUIPlugin
2025-03-27 08:38:34,550 [INFO] PluginManager:220 - loadIPPluginJar : add gic
2025-03-27 08:38:34,563 [INFO] IPUIPlugin:80 - create IPUIPlugin
2025-03-27 08:38:34,563 [INFO] PluginManager:220 - loadIPPluginJar : add gpio
2025-03-27 08:38:34,643 [INFO] IPUIPlugin:80 - create IPUIPlugin
2025-03-27 08:38:34,643 [INFO] PluginManager:220 - loadIPPluginJar : add gtzc
2025-03-27 08:38:34,675 [INFO] IPUIPlugin:80 - create IPUIPlugin
2025-03-27 08:38:34,675 [INFO] PluginManager:220 - loadIPPluginJar : add hash
2025-03-27 08:38:34,722 [INFO] IPUIPlugin:80 - create IPUIPlugin
2025-03-27 08:38:34,723 [INFO] PluginManager:220 - loadIPPluginJar : add i2c
2025-03-27 08:38:34,760 [INFO] IPUIPlugin:80 - create IPUIPlugin
2025-03-27 08:38:34,760 [INFO] PluginManager:220 - loadIPPluginJar : add i2s
2025-03-27 08:38:34,797 [INFO] IPUIPlugin:80 - create IPUIPlugin
2025-03-27 08:38:34,797 [INFO] PluginManager:220 - loadIPPluginJar : add i3c
2025-03-27 08:38:34,890 [INFO] IPUIPlugin:80 - create IPUIPlugin
2025-03-27 08:38:34,890 [INFO] PluginManager:220 - loadIPPluginJar : add ipddr
2025-03-27 08:38:34,977 [INFO] IPUIPlugin:80 - create IPUIPlugin
2025-03-27 08:38:34,978 [INFO] PluginManager:220 - loadIPPluginJar : add linkedlist
2025-03-27 08:38:35,016 [INFO] IPUIPlugin:80 - create IPUIPlugin
2025-03-27 08:38:35,016 [INFO] PluginManager:220 - loadIPPluginJar : add lorawan
2025-03-27 08:38:35,052 [INFO] IPUIPlugin:80 - create IPUIPlugin
2025-03-27 08:38:35,052 [INFO] PluginManager:220 - loadIPPluginJar : add ltdc
2025-03-27 08:38:35,066 [INFO] IPUIPlugin:80 - create IPUIPlugin
2025-03-27 08:38:35,066 [INFO] PluginManager:220 - loadIPPluginJar : add mdma
2025-03-27 08:38:35,077 [INFO] IPUIPlugin:80 - create IPUIPlugin
2025-03-27 08:38:35,077 [INFO] PluginManager:220 - loadIPPluginJar : add nvic
2025-03-27 08:38:35,111 [INFO] IPUIPlugin:80 - create IPUIPlugin
2025-03-27 08:38:35,111 [INFO] PluginManager:220 - loadIPPluginJar : add opamp
2025-03-27 08:38:35,168 [INFO] IPUIPlugin:80 - create IPUIPlugin
2025-03-27 08:38:35,169 [INFO] PluginManager:220 - loadIPPluginJar : add openamp
2025-03-27 08:38:35,208 [INFO] IPUIPlugin:80 - create IPUIPlugin
2025-03-27 08:38:35,208 [INFO] PluginManager:220 - loadIPPluginJar : add pdm2pcm
2025-03-27 08:38:35,222 [INFO] IPUIPlugin:80 - create IPUIPlugin
2025-03-27 08:38:35,224 [INFO] PluginManager:220 - loadIPPluginJar : add plateformsettings
2025-03-27 08:38:35,249 [INFO] IPUIPlugin:80 - create IPUIPlugin
2025-03-27 08:38:35,249 [INFO] PluginManager:220 - loadIPPluginJar : add quadspi
2025-03-27 08:38:35,273 [INFO] IPUIPlugin:80 - create IPUIPlugin
2025-03-27 08:38:35,274 [INFO] PluginManager:220 - loadIPPluginJar : add radio
2025-03-27 08:38:35,286 [INFO] IPUIPlugin:80 - create IPUIPlugin
2025-03-27 08:38:35,286 [INFO] PluginManager:220 - loadIPPluginJar : add resmgrutility
2025-03-27 08:38:35,328 [INFO] IPUIPlugin:80 - create IPUIPlugin
2025-03-27 08:38:35,328 [INFO] PluginManager:220 - loadIPPluginJar : add sai
2025-03-27 08:38:35,366 [INFO] IPUIPlugin:80 - create IPUIPlugin
2025-03-27 08:38:35,366 [INFO] PluginManager:220 - loadIPPluginJar : add spi
2025-03-27 08:38:35,436 [INFO] IPUIPlugin:80 - create IPUIPlugin
2025-03-27 08:38:35,436 [INFO] PluginManager:220 - loadIPPluginJar : add stm32_wpan
2025-03-27 08:38:35,462 [INFO] IPUIPlugin:80 - create IPUIPlugin
2025-03-27 08:38:35,462 [INFO] PluginManager:220 - loadIPPluginJar : add tim
2025-03-27 08:38:35,524 [INFO] IPUIPlugin:80 - create IPUIPlugin
2025-03-27 08:38:35,524 [INFO] PluginManager:220 - loadIPPluginJar : add touchsensing
2025-03-27 08:38:35,546 [INFO] IPUIPlugin:80 - create IPUIPlugin
2025-03-27 08:38:35,546 [INFO] PluginManager:220 - loadIPPluginJar : add tracer_emb
2025-03-27 08:38:35,568 [INFO] IPUIPlugin:80 - create IPUIPlugin
2025-03-27 08:38:35,568 [INFO] PluginManager:220 - loadIPPluginJar : add ts
2025-03-27 08:38:35,589 [INFO] IPUIPlugin:80 - create IPUIPlugin
2025-03-27 08:38:35,589 [INFO] PluginManager:220 - loadIPPluginJar : add tsc
2025-03-27 08:38:35,610 [INFO] IPUIPlugin:80 - create IPUIPlugin
2025-03-27 08:38:35,610 [INFO] PluginManager:220 - loadIPPluginJar : add ucpd
2025-03-27 08:38:35,650 [INFO] IPUIPlugin:80 - create IPUIPlugin
2025-03-27 08:38:35,650 [INFO] PluginManager:220 - loadIPPluginJar : add usart
2025-03-27 08:38:35,698 [INFO] IPUIPlugin:80 - create IPUIPlugin
2025-03-27 08:38:35,698 [INFO] PluginManager:220 - loadIPPluginJar : add usbx
2025-03-27 08:38:35,815 [INFO] CADModel:165 - CPN selected for project level
2025-03-27 08:38:35,815 [INFO] CADModel:114 - Register for checkConnection events
2025-03-27 08:38:35,816 [FATAL] Updater:334 - Updater called before beeing initialized
2025-03-27 08:38:35,816 [ERROR] CADModel:125 - Updater not yet initialized, retry later 
2025-03-27 08:38:35,940 [INFO] CADModel:165 - CPN selected for project level
2025-03-27 08:38:35,940 [INFO] CADModel:114 - Register for checkConnection events
2025-03-27 08:38:35,940 [FATAL] Updater:334 - Updater called before beeing initialized
2025-03-27 08:38:35,940 [ERROR] CADModel:125 - Updater not yet initialized, retry later 
2025-03-27 08:38:35,944 [FATAL] Updater:334 - Updater called before beeing initialized
2025-03-27 08:38:36,060 [FATAL] Updater:334 - Updater called before beeing initialized
2025-03-27 08:38:36,073 [INFO] DbMcusAds:53 - JSON generation date=Thu Mar 06 23:54:21 KST 2025 (1741272861825)
2025-03-27 08:38:36,074 [FATAL] Updater:334 - Updater called before beeing initialized
2025-03-27 08:38:36,108 [WARN] DetailPanel:346 - Failed to get advertising image, set to default
2025-03-27 08:38:36,190 [FATAL] Updater:334 - Updater called before beeing initialized
2025-03-27 08:38:36,190 [FATAL] Updater:334 - Updater called before beeing initialized
2025-03-27 08:38:36,191 [FATAL] Updater:334 - Updater called before beeing initialized
2025-03-27 08:38:36,191 [WARN] DetailPanel:346 - Failed to get advertising image, set to default
2025-03-27 08:38:36,191 [FATAL] Updater:334 - Updater called before beeing initialized
2025-03-27 08:38:36,276 [ERROR] Updater:1164 - MainUpdater not yet initialized. External WinMGr cannot be set.
2025-03-27 08:38:36,286 [INFO] Updater:1100 - Updater Version found : 6.12.1
2025-03-27 08:38:36,301 [INFO] ApplicationProperties:184 - Using Application install path: C:\ST\STM32CubeIDE_1.16.1\STM32CubeIDE\plugins\com.st.stm32cube.common.mx_6.12.1.202409122256
2025-03-27 08:38:36,382 [INFO] MainUpdater:526 - Copy updater definitions from MX database
2025-03-27 08:38:36,478 [INFO] ThirdPartyUpdaterWithRetryManager:70 - Updater plugin not ready yet. [2/15]
2025-03-27 08:38:36,993 [INFO] MainUpdater:2873 - connection check result : 10
2025-03-27 08:38:36,993 [INFO] MainUpdater:3567 - Updater definition file requires update
2025-03-27 08:38:36,994 [INFO] MainUpdater:290 - Updater Check For Update Now.
2025-03-27 08:38:36,994 [INFO] MicroXplorer:498 - Change Database Version : DB.6.0.121
2025-03-27 08:38:37,010 [INFO] McuFinderGlobals:63 - Set McuFinder mode to 2 (CubeIDE integrated)
2025-03-27 08:38:37,016 [INFO] UserAuth:417 - Internet connection configuration mode: 1
2025-03-27 08:38:37,036 [INFO] JxBrowserEngine:152 - Initiate JxBrowser Engine with user profile folder
2025-03-27 08:38:37,522 [INFO] ServerAccessManage:473 - Download File updaters.zip
2025-03-27 08:38:37,944 [INFO] FileExtend:240 - Unzip File : updaters.zip
2025-03-27 08:38:37,944 [INFO] FileExtend:255 - Standard Zip Deflate
2025-03-27 08:38:38,723 [INFO] ServerAccessManage:473 - Download File PacksControlFlags.xml
2025-03-27 08:38:38,949 [INFO] ServerAccessManage:473 - Download File cubemx.pidx
2025-03-27 08:38:39,492 [WARN] MainUpdater:1194 - Updater busy. Cannot search thirdparties
2025-03-27 08:38:39,492 [INFO] ThirdPartyUpdaterWithRetryManager:96 - Updater plugin is busy. [1/15]
2025-03-27 08:38:39,848 [INFO] WebApp:167 - Instantiating new browser for Auth
2025-03-27 08:38:40,447 [INFO] WebApp:448 - Apply proxy settings
2025-03-27 08:38:40,448 [INFO] WebApp:533 - Chromium requires no authentication
2025-03-27 08:38:40,456 [INFO] WebApp:476 - Direct internet connection detected
2025-03-27 08:38:40,477 [INFO] WebApp:869 - Register for checkConnection events
2025-03-27 08:38:40,477 [INFO] WebApp:448 - Apply proxy settings
2025-03-27 08:38:40,478 [INFO] WebApp:533 - Chromium requires no authentication
2025-03-27 08:38:40,478 [INFO] WebApp:476 - Direct internet connection detected
2025-03-27 08:38:40,604 [INFO] WebApp:220 - Starting web application
2025-03-27 08:38:40,604 [INFO] WebApp:578 - Web application path used C:\ST\STM32CubeIDE_1.16.1\STM32CubeIDE\plugins\com.st.stm32cube.common.mx_6.12.1.202409122256\db\plugins\mcufinder\reactClient1\index.html
2025-03-27 08:38:40,710 [INFO] UserAuth:417 - Internet connection configuration mode: 1
2025-03-27 08:38:40,781 [INFO] WebApp:186 - Connection restablished
2025-03-27 08:38:40,878 [INFO] ServerAccessManage:473 - Download File STMicroelectronics.X-CUBE-AZRTOS-H7RS.pdsc
2025-03-27 08:38:42,499 [WARN] MainUpdater:1194 - Updater busy. Cannot search thirdparties
2025-03-27 08:38:42,499 [INFO] ThirdPartyUpdaterWithRetryManager:96 - Updater plugin is busy. [2/15]
2025-03-27 08:38:42,644 [WARN] PackLoader:240 - Cannot read IP mode file for STMicroelectronics.X-CUBE-AZRTOS-H7RS.1.1.0
2025-03-27 08:38:42,647 [INFO] PopulateThirdPartyThread:66 - Ending populate Thread
2025-03-27 08:38:42,649 [INFO] ThirdParty:1030 - CMSIS Pack Vendor :STMicroelectronics X-CUBE-AZRTOS-H7RS 1.1.0
2025-03-27 08:38:42,649 [INFO] LoadServerUpdatesThread:375 - End of LoadServerUpdate Thread
2025-03-27 08:38:42,728 [INFO] CheckServerUpdateThread:120 - End of CheckServer Thread
2025-03-27 08:38:45,679 [WARN] PackLoader:240 - Cannot read IP mode file for STMicroelectronics.FP-SNS-MOTENVWB1.1.4.0
2025-03-27 08:38:45,684 [WARN] PackLoader:240 - Cannot read IP mode file for STMicroelectronics.FP-ATR-ASTRA1.2.0.2
2025-03-27 08:38:45,693 [WARN] PackLoader:240 - Cannot read IP mode file for STMicroelectronics.FP-ATR-ASTRA1.2.0.1
2025-03-27 08:38:45,705 [WARN] PackLoader:240 - Cannot read IP mode file for STMicroelectronics.X-CUBE-SMBUS.2.1.0
2025-03-27 08:38:45,716 [WARN] PackLoader:240 - Cannot read IP mode file for STMicroelectronics.X-CUBE-WB05N.1.1.0
2025-03-27 08:38:45,727 [WARN] PackLoader:240 - Cannot read IP mode file for STMicroelectronics.X-CUBE-TOUCHGFX.4.23.0
2025-03-27 08:38:45,735 [WARN] PackLoader:240 - Cannot read IP mode file for STMicroelectronics.X-CUBE-TOUCHGFX.4.23.2
2025-03-27 08:38:45,757 [WARN] PackLoader:240 - Cannot read IP mode file for STMicroelectronics.X-CUBE-AZRTOS-F7.1.1.0
2025-03-27 08:38:45,770 [WARN] PackLoader:240 - Cannot read IP mode file for STMicroelectronics.FP-SNS-MOTENV1.4.3.2
2025-03-27 08:38:45,806 [WARN] PackLoader:240 - Cannot read IP mode file for STMicroelectronics.X-CUBE-MEMS1.11.0.0
2025-03-27 08:38:45,914 [WARN] PackLoader:240 - Cannot read IP mode file for STMicroelectronics.FP-SNS-FLIGHT1.5.0.2
2025-03-27 08:38:45,933 [WARN] PackLoader:240 - Cannot read IP mode file for STMicroelectronics.X-CUBE-DISPLAY.3.0.0
2025-03-27 08:38:45,948 [WARN] PackLoader:240 - Cannot read IP mode file for STMicroelectronics.X-CUBE-BLE1.7.0.0
2025-03-27 08:38:45,965 [WARN] PackLoader:240 - Cannot read IP mode file for STMicroelectronics.X-CUBE-NFC10.1.0.0
2025-03-27 08:38:45,990 [WARN] PackLoader:240 - Cannot read IP mode file for STMicroelectronics.X-CUBE-BLEMGR.4.0.0
2025-03-27 08:38:46,008 [WARN] PackLoader:240 - Cannot read IP mode file for emotas.I-CUBE-CANOPEN.1.3.0
2025-03-27 08:38:46,025 [WARN] PackLoader:240 - Cannot read IP mode file for STMicroelectronics.X-CUBE-BLEMGR.3.1.0
2025-03-27 08:38:46,040 [WARN] PackLoader:240 - Cannot read IP mode file for STMicroelectronics.X-CUBE-AI.10.0.0
2025-03-27 08:38:46,059 [WARN] PackLoader:240 - Cannot read IP mode file for STMicroelectronics.FP-SNS-SMARTAG2.1.2.0
2025-03-27 08:38:46,064 [ERROR] Engine:466 - C:\Users\RND1\.stm32cubemx\thirdparties\pdsc\STMicroelectronics.FP-SNS-FLIGHT1.5.1.0.pdsc: PDSC version is not supported
2025-03-27 08:38:46,112 [WARN] PackLoader:240 - Cannot read IP mode file for STMicroelectronics.X-CUBE-MEMS1.11.1.0
2025-03-27 08:38:46,200 [INFO] LogOutputStream:77 - [STDOUT_REDIRECT] 1 : Invalid condition id : UX_CORESTACK_Condition cause : null
2025-03-27 08:38:46,200 [INFO] LogOutputStream:77 - [STDOUT_REDIRECT] 1 : Invalid condition id : UX_CORESTACK_Condition cause : null
2025-03-27 08:38:46,201 [INFO] LogOutputStream:77 - [STDOUT_REDIRECT] 1 : Invalid condition id : UX_CORESTACK_Condition cause : null
2025-03-27 08:38:46,204 [INFO] LogOutputStream:77 - [STDOUT_REDIRECT] 1 : Invalid condition id : UX_CORESTACK_Condition cause : null
2025-03-27 08:38:46,206 [INFO] LogOutputStream:77 - [STDOUT_REDIRECT] 1 : Invalid condition id : UX_CORESTACK_Condition cause : null
2025-03-27 08:38:46,208 [WARN] PackLoader:240 - Cannot read IP mode file for STMicroelectronics.X-CUBE-AZRTOS-WL.2.0.0
2025-03-27 08:38:46,222 [WARN] PackLoader:240 - Cannot read IP mode file for STMicroelectronics.FP-SNS-MOTENV1.5.0.0
2025-03-27 08:38:46,228 [WARN] PackLoader:240 - Cannot read IP mode file for wolfSSL.I-CUBE-wolfMQTT.1.19.0
2025-03-27 08:38:46,246 [WARN] PackLoader:240 - Cannot read IP mode file for WES.I-CUBE-Cesium.1.3.0
2025-03-27 08:38:46,260 [WARN] PackLoader:240 - Cannot read IP mode file for STMicroelectronics.X-CUBE-BLE2.3.3.0
2025-03-27 08:38:46,274 [WARN] PackLoader:240 - Cannot read IP mode file for STMicroelectronics.X-CUBE-NFC9.1.0.0
2025-03-27 08:38:46,290 [WARN] PackLoader:240 - Cannot read IP mode file for STMicroelectronics.X-CUBE-BLE1.7.1.0
2025-03-27 08:38:46,308 [WARN] PackLoader:240 - Cannot read IP mode file for STMicroelectronics.X-CUBE-TCPP.4.1.0
2025-03-27 08:38:46,326 [WARN] PackLoader:240 - Cannot read IP mode file for STMicroelectronics.X-CUBE-ALGOBUILD.1.3.0
2025-03-27 08:38:46,350 [WARN] PackLoader:240 - Cannot read IP mode file for STMicroelectronics.X-CUBE-AZRTOS-G0.1.1.0
2025-03-27 08:38:46,364 [WARN] PackLoader:240 - Cannot read IP mode file for STMicroelectronics.X-CUBE-SAFEA1.1.2.2
2025-03-27 08:38:46,378 [WARN] PackLoader:240 - Cannot read IP mode file for STMicroelectronics.X-CUBE-NFC4.3.0.0
2025-03-27 08:38:46,390 [WARN] PackLoader:240 - Cannot read IP mode file for wolfSSL.I-CUBE-wolfMQTT.1.18.0
2025-03-27 08:38:46,410 [WARN] PackLoader:240 - Cannot read IP mode file for EmbeddedOffice.I-CUBE-FS-RTOS.1.0.1
2025-03-27 08:38:46,410 [ERROR] ConditionMgr:805 - Attr not supported : Dmpu
2025-03-27 08:38:46,410 [ERROR] ConditionMgr:805 - Attr not supported : Dmpu
2025-03-27 08:38:46,410 [ERROR] ConditionMgr:805 - Attr not supported : Dmpu
2025-03-27 08:38:46,410 [ERROR] ConditionMgr:805 - Attr not supported : Dmpu
2025-03-27 08:38:46,410 [ERROR] ConditionMgr:805 - Attr not supported : Dmpu
2025-03-27 08:38:46,410 [ERROR] ConditionMgr:805 - Attr not supported : Dmpu
2025-03-27 08:38:46,410 [ERROR] ConditionMgr:805 - Attr not supported : Dmpu
2025-03-27 08:38:46,410 [ERROR] ConditionMgr:805 - Attr not supported : Dmpu
2025-03-27 08:38:46,410 [ERROR] ConditionMgr:805 - Attr not supported : Dmpu
2025-03-27 08:38:46,410 [ERROR] ConditionMgr:805 - Attr not supported : Dmpu
2025-03-27 08:38:46,410 [ERROR] ConditionMgr:805 - Attr not supported : Dmpu
2025-03-27 08:38:46,410 [ERROR] ConditionMgr:805 - Attr not supported : Dmpu
2025-03-27 08:38:46,410 [ERROR] ConditionMgr:805 - Attr not supported : Dmpu
2025-03-27 08:38:46,410 [ERROR] ConditionMgr:805 - Attr not supported : Dmpu
2025-03-27 08:38:46,411 [ERROR] ConditionMgr:805 - Attr not supported : Dmpu
2025-03-27 08:38:46,411 [ERROR] ConditionMgr:805 - Attr not supported : Dmpu
2025-03-27 08:38:46,411 [ERROR] ConditionMgr:805 - Attr not supported : Dmpu
2025-03-27 08:38:46,411 [ERROR] ConditionMgr:805 - Attr not supported : Dmpu
2025-03-27 08:38:46,411 [ERROR] ConditionMgr:805 - Attr not supported : Dmpu
2025-03-27 08:38:46,411 [ERROR] ConditionMgr:805 - Attr not supported : Dmpu
2025-03-27 08:38:46,411 [ERROR] ConditionMgr:805 - Attr not supported : Dmpu
2025-03-27 08:38:46,411 [ERROR] ConditionMgr:805 - Attr not supported : Dmpu
2025-03-27 08:38:46,411 [ERROR] ConditionMgr:805 - Attr not supported : Dmpu
2025-03-27 08:38:46,411 [ERROR] ConditionMgr:805 - Attr not supported : Dmpu
2025-03-27 08:38:46,411 [ERROR] ConditionMgr:805 - Attr not supported : Dmpu
2025-03-27 08:38:46,411 [ERROR] ConditionMgr:805 - Attr not supported : Dmpu
2025-03-27 08:38:46,411 [ERROR] ConditionMgr:805 - Attr not supported : Dmpu
2025-03-27 08:38:46,411 [ERROR] ConditionMgr:805 - Attr not supported : Dmpu
2025-03-27 08:38:46,411 [ERROR] ConditionMgr:805 - Attr not supported : Dmpu
2025-03-27 08:38:46,411 [ERROR] ConditionMgr:805 - Attr not supported : Dmpu
2025-03-27 08:38:46,411 [ERROR] ConditionMgr:805 - Attr not supported : Dmpu
2025-03-27 08:38:46,411 [ERROR] ConditionMgr:805 - Attr not supported : Dmpu
2025-03-27 08:38:46,411 [ERROR] ConditionMgr:805 - Attr not supported : Dmpu
2025-03-27 08:38:46,411 [ERROR] ConditionMgr:805 - Attr not supported : Dmpu
2025-03-27 08:38:46,411 [ERROR] ConditionMgr:805 - Attr not supported : Dmpu
2025-03-27 08:38:46,411 [ERROR] ConditionMgr:805 - Attr not supported : Dmpu
2025-03-27 08:38:46,411 [ERROR] ConditionMgr:805 - Attr not supported : Dmpu
2025-03-27 08:38:46,411 [ERROR] ConditionMgr:805 - Attr not supported : Dmpu
2025-03-27 08:38:46,412 [ERROR] ConditionMgr:805 - Attr not supported : Dmpu
2025-03-27 08:38:46,412 [ERROR] ConditionMgr:805 - Attr not supported : Dmpu
2025-03-27 08:38:46,412 [ERROR] ConditionMgr:805 - Attr not supported : Dmpu
2025-03-27 08:38:46,412 [ERROR] ConditionMgr:805 - Attr not supported : Dmpu
2025-03-27 08:38:46,412 [ERROR] ConditionMgr:805 - Attr not supported : Dmpu
2025-03-27 08:38:46,412 [ERROR] ConditionMgr:805 - Attr not supported : Dmpu
2025-03-27 08:38:46,412 [ERROR] ConditionMgr:805 - Attr not supported : Dmpu
2025-03-27 08:38:46,412 [ERROR] ConditionMgr:805 - Attr not supported : Dmpu
2025-03-27 08:38:46,412 [ERROR] ConditionMgr:805 - Attr not supported : Dmpu
2025-03-27 08:38:46,412 [ERROR] ConditionMgr:805 - Attr not supported : Dmpu
2025-03-27 08:38:46,412 [ERROR] ConditionMgr:805 - Attr not supported : Dmpu
2025-03-27 08:38:46,412 [ERROR] ConditionMgr:805 - Attr not supported : Dmpu
2025-03-27 08:38:46,412 [ERROR] ConditionMgr:805 - Attr not supported : Dmpu
2025-03-27 08:38:46,412 [ERROR] ConditionMgr:805 - Attr not supported : Dmpu
2025-03-27 08:38:46,412 [ERROR] ConditionMgr:805 - Attr not supported : Dmpu
2025-03-27 08:38:46,412 [ERROR] ConditionMgr:805 - Attr not supported : Dmpu
2025-03-27 08:38:46,412 [ERROR] ConditionMgr:805 - Attr not supported : Dmpu
2025-03-27 08:38:46,412 [ERROR] ConditionMgr:805 - Attr not supported : Dmpu
2025-03-27 08:38:46,412 [ERROR] ConditionMgr:805 - Attr not supported : Dmpu
2025-03-27 08:38:46,412 [ERROR] ConditionMgr:805 - Attr not supported : Dmpu
2025-03-27 08:38:46,412 [ERROR] ConditionMgr:805 - Attr not supported : Dmpu
2025-03-27 08:38:46,412 [ERROR] ConditionMgr:805 - Attr not supported : Dmpu
2025-03-27 08:38:46,412 [ERROR] ConditionMgr:805 - Attr not supported : Dmpu
2025-03-27 08:38:46,412 [ERROR] ConditionMgr:805 - Attr not supported : Dmpu
2025-03-27 08:38:46,412 [ERROR] ConditionMgr:805 - Attr not supported : Dmpu
2025-03-27 08:38:46,412 [ERROR] ConditionMgr:805 - Attr not supported : Dmpu
2025-03-27 08:38:46,429 [WARN] PackLoader:240 - Cannot read IP mode file for STMicroelectronics.X-CUBE-BLEMGR.3.0.0
2025-03-27 08:38:46,443 [ERROR] Engine:466 - C:\Users\RND1\.stm32cubemx\thirdparties\pdsc\STMicroelectronics.X-CUBE-TCPP.4.2.0.pdsc: PDSC version is not supported
2025-03-27 08:38:46,460 [WARN] PackLoader:240 - Cannot read IP mode file for RealThread.X-CUBE-RT-Thread_Nano.4.1.1
2025-03-27 08:38:46,466 [WARN] PackLoader:240 - Cannot read IP mode file for STMicroelectronics.FP-ATR-SIGFOX1.3.2.0
2025-03-27 08:38:46,474 [WARN] ConditionMgr:438 - getConditionDescription Invalid condition id : Cortex-A Device cause : null
2025-03-27 08:38:46,505 [WARN] ConditionMgr:1039 - genDependencies : Invalid condition id : Cortex-A Device cause : null
2025-03-27 08:38:46,506 [WARN] ConditionMgr:1039 - genDependencies : Invalid condition id : Cortex-A Device cause : null
2025-03-27 08:38:46,506 [WARN] ConditionMgr:1039 - genDependencies : Invalid condition id : Cortex-A Device cause : null
2025-03-27 08:38:46,519 [WARN] PackLoader:240 - Cannot read IP mode file for STMicroelectronics.X-CUBE-EEPRMA1.5.1.0
2025-03-27 08:38:46,557 [WARN] PackLoader:240 - Cannot read IP mode file for SEGGER.I-CUBE-embOS.1.3.1
2025-03-27 08:38:46,601 [WARN] PackLoader:240 - Cannot read IP mode file for STMicroelectronics.X-CUBE-ALGOBUILD.1.4.0
2025-03-27 08:38:46,620 [WARN] PackLoader:240 - Cannot read IP mode file for STMicroelectronics.X-CUBE-AI.9.1.0
2025-03-27 08:38:46,637 [WARN] PackLoader:240 - Cannot read IP mode file for STMicroelectronics.X-CUBE-GNSS1.6.0.0
2025-03-27 08:38:46,659 [WARN] PackLoader:240 - Cannot read IP mode file for STMicroelectronics.X-CUBE-AZRTOS-F4.1.1.0
2025-03-27 08:38:46,672 [WARN] PackLoader:240 - Cannot read IP mode file for wolfSSL.I-CUBE-wolfSSL.5.6.4
2025-03-27 08:38:46,682 [WARN] PackLoader:240 - Cannot read IP mode file for STMicroelectronics.X-CUBE-ISPU.2.1.0
2025-03-27 08:38:46,695 [WARN] PackLoader:240 - Cannot read IP mode file for STMicroelectronics.X-CUBE-FREERTOS.1.2.0
2025-03-27 08:38:46,715 [WARN] PackLoader:240 - Cannot read IP mode file for STMicroelectronics.X-CUBE-AZRTOS-L5.2.0.0
2025-03-27 08:38:46,728 [WARN] PackLoader:240 - Cannot read IP mode file for STMicroelectronics.X-CUBE-EEPRMA1.4.2.0
2025-03-27 08:38:46,743 [WARN] PackLoader:240 - Cannot read IP mode file for STMicroelectronics.X-CUBE-NFC6.3.1.0
2025-03-27 08:38:46,759 [WARN] PackLoader:240 - Cannot read IP mode file for ITTIA_DB.I-CUBE-ITTIADB.8.8.0
2025-03-27 08:38:46,774 [WARN] PackLoader:240 - Cannot read IP mode file for STMicroelectronics.X-CUBE-DPower.1.2.0
2025-03-27 08:38:46,787 [WARN] PackLoader:240 - Cannot read IP mode file for STMicroelectronics.X-CUBE-AI.9.0.0
2025-03-27 08:38:46,799 [WARN] PackLoader:240 - Cannot read IP mode file for STMicroelectronics.X-CUBE-FREERTOS.1.3.0
2025-03-27 08:38:46,811 [WARN] PackLoader:240 - Cannot read IP mode file for STMicroelectronics.X-CUBE-NFC7.1.0.1
2025-03-27 08:38:46,825 [WARN] PackLoader:240 - Cannot read IP mode file for STMicroelectronics.X-CUBE-NFC6.3.0.0
2025-03-27 08:38:46,838 [WARN] PackLoader:240 - Cannot read IP mode file for STMicroelectronics.X-CUBE-AI.8.1.0
2025-03-27 08:38:46,860 [WARN] ConditionMgr:438 - getConditionDescription Invalid condition id : LAN8742 Phy interface Condition cause : null
2025-03-27 08:38:46,860 [WARN] PackLoader:240 - Cannot read IP mode file for STMicroelectronics.X-CUBE-AZRTOS-L4.2.0.0
2025-03-27 08:38:46,861 [WARN] ConditionMgr:1039 - genDependencies : Invalid condition id : LAN8742 Phy interface Condition cause : null
2025-03-27 08:38:46,862 [WARN] ConditionMgr:1039 - genDependencies : Invalid condition id : LAN8742 Phy interface Condition cause : null
2025-03-27 08:38:46,862 [WARN] ConditionMgr:1039 - genDependencies : Invalid condition id : LAN8742 Phy interface Condition cause : null
2025-03-27 08:38:46,882 [WARN] PackLoader:240 - Cannot read IP mode file for STMicroelectronics.X-CUBE-SFXS2LP1.4.0.0
2025-03-27 08:38:46,909 [WARN] PackLoader:240 - Cannot read IP mode file for STMicroelectronics.X-CUBE-AZRTOS-H7.3.3.0
2025-03-27 08:38:46,930 [WARN] PackLoader:240 - Cannot read IP mode file for STMicroelectronics.X-CUBE-IPS.3.0.0
2025-03-27 08:38:46,954 [WARN] ConditionMgr:438 - getConditionDescription Invalid condition id : UX DEVICE CLASS RTOS Condition cause : null
2025-03-27 08:38:46,955 [WARN] ConditionMgr:438 - getConditionDescription Invalid condition id : UX DEVICE CLASS RTOS Condition cause : null
2025-03-27 08:38:46,956 [WARN] PackLoader:240 - Cannot read IP mode file for STMicroelectronics.X-CUBE-AZRTOS-WB.2.0.0
2025-03-27 08:38:46,957 [WARN] ConditionMgr:1039 - genDependencies : Invalid condition id : UX DEVICE CLASS RTOS Condition cause : null
2025-03-27 08:38:46,957 [WARN] ConditionMgr:1039 - genDependencies : Invalid condition id : UX DEVICE CLASS RTOS Condition cause : null
2025-03-27 08:38:46,957 [WARN] ConditionMgr:1039 - genDependencies : Invalid condition id : UX DEVICE CLASS RTOS Condition cause : null
2025-03-27 08:38:46,957 [WARN] ConditionMgr:1039 - genDependencies : Invalid condition id : UX DEVICE CLASS RTOS Condition cause : null
2025-03-27 08:38:46,957 [WARN] ConditionMgr:1039 - genDependencies : Invalid condition id : UX DEVICE CLASS RTOS Condition cause : null
2025-03-27 08:38:46,972 [WARN] PackLoader:240 - Cannot read IP mode file for STMicroelectronics.X-CUBE-GNSS1.7.0.0
2025-03-27 08:38:46,987 [WARN] PackLoader:240 - Cannot read IP mode file for STMicroelectronics.X-CUBE-GNSS1.7.0.1
2025-03-27 08:38:47,005 [WARN] PackLoader:240 - Cannot read IP mode file for STMicroelectronics.X-CUBE-TOUCHGFX.4.25.0
2025-03-27 08:38:47,019 [WARN] PackLoader:240 - Cannot read IP mode file for STMicroelectronics.FP-SNS-STBOX1.2.0.0
2025-03-27 08:38:47,037 [WARN] PackLoader:240 - Cannot read IP mode file for STMicroelectronics.X-CUBE-SUBG2.5.0.0
2025-03-27 08:38:47,050 [WARN] PackLoader:240 - Cannot read IP mode file for STMicroelectronics.X-CUBE-AZRTOS-H7RS.1.1.0
2025-03-27 08:38:47,076 [WARN] PackLoader:240 - Cannot read IP mode file for STMicroelectronics.X-CUBE-AZRTOS-G4.2.0.0
2025-03-27 08:38:47,101 [WARN] PackLoader:240 - Cannot read IP mode file for Infineon.AIROC-Wi-Fi-Bluetooth-STM32.1.5.1
2025-03-27 08:38:47,115 [WARN] PackLoader:240 - Cannot read IP mode file for STMicroelectronics.FP-SNS-MOTENVWB1.1.3.1
2025-03-27 08:38:47,127 [WARN] PackLoader:240 - Cannot read IP mode file for STMicroelectronics.X-CUBE-ISPU.2.0.0
2025-03-27 08:38:47,139 [ERROR] Engine:466 - C:\Users\RND1\.stm32cubemx\thirdparties\pdsc\STMicroelectronics.X-CUBE-IPS.3.1.0.pdsc: PDSC version is not supported
2025-03-27 08:38:47,151 [WARN] PackLoader:240 - Cannot read IP mode file for STMicroelectronics.X-CUBE-ALS.1.0.2
2025-03-27 08:38:47,181 [WARN] PackLoader:240 - Cannot read IP mode file for STMicroelectronics.X-CUBE-MEMS1.10.0.0
2025-03-27 08:38:47,259 [WARN] PackLoader:240 - Cannot read IP mode file for STMicroelectronics.X-CUBE-FREERTOS.1.1.0
2025-03-27 08:38:47,279 [WARN] PackLoader:240 - Cannot read IP mode file for STMicroelectronics.X-CUBE-TOUCHGFX.4.24.0
2025-03-27 08:38:47,294 [WARN] PackLoader:240 - Cannot read IP mode file for STMicroelectronics.X-CUBE-TOUCHGFX.4.24.2
2025-03-27 08:38:47,307 [WARN] PackLoader:240 - Cannot read IP mode file for STMicroelectronics.X-CUBE-TOUCHGFX.4.24.1
2025-03-27 08:38:47,311 [WARN] PackLoader:240 - Cannot read IP mode file for wolfSSL.I-CUBE-wolfTPM.3.4.0
2025-03-27 08:38:47,330 [WARN] PackLoader:240 - Cannot read IP mode file for portGmbH.I-Cube-SoM-uGOAL.1.1.0
2025-03-27 08:38:47,348 [WARN] PackLoader:240 - Cannot read IP mode file for STMicroelectronics.X-CUBE-ALS.1.0.1
2025-03-27 08:38:47,386 [WARN] PackLoader:240 - Cannot read IP mode file for STMicroelectronics.X-CUBE-AZRTOS-H7RS.1.0.0
2025-03-27 08:38:47,408 [WARN] PackLoader:240 - Cannot read IP mode file for STMicroelectronics.FP-ATR-ASTRA1.2.0.0
2025-03-27 08:38:47,432 [WARN] PackLoader:240 - Cannot read IP mode file for STMicroelectronics.X-CUBE-TOF1.3.4.2
2025-03-27 08:38:47,464 [WARN] PackLoader:240 - Cannot read IP mode file for STMicroelectronics.X-CUBE-TOF1.3.4.0
2025-03-27 08:38:47,492 [WARN] PackLoader:240 - Cannot read IP mode file for STMicroelectronics.X-CUBE-TOF1.3.4.1
2025-03-27 08:38:47,530 [WARN] PackLoader:240 - Cannot read IP mode file for STMicroelectronics.X-CUBE-AZRTOS-H7.3.2.0
2025-03-27 08:38:47,539 [WARN] PackLoader:240 - Cannot read IP mode file for wolfSSL.I-CUBE-wolfSSH.1.4.17
2025-03-27 08:38:47,540 [INFO] ThirdParty:978 - Integrity check success = true
2025-03-27 08:38:47,540 [INFO] IntegrityCheckThread:100 - exiting critical section [integrity check]
2025-03-27 08:38:47,540 [INFO] IntegrityCheckThread:103 - End integrity checks thread
2025-03-27 17:26:45,004 [ERROR] LogOutputStream:75 - [STDERR_REDIRECT] 
