2025-01-03 13:55:54,779 [INFO] Activator:176 - 


2025-01-03 13:55:54,783 [INFO] Activator:177 - !SESSION log4j initialized
2025-01-03 13:55:59,286 [INFO] LogOutputStream:77 - [STDOUT_REDIRECT] 
2025-01-03 13:56:01,492 [INFO] ApplicationProperties:184 - Using Application install path: C:\ST\STM32CubeIDE_1.16.1\STM32CubeIDE\plugins\com.st.stm32cube.common.mx_6.12.1.202409122256
2025-01-03 13:56:01,505 [INFO] DbMcusXml:78 - Set database path to: C:\ST\STM32CubeIDE_1.16.1\STM32CubeIDE\plugins\com.st.stm32cube.common.mx_6.12.1.202409122256\\db\/mcu/
2025-01-03 13:56:01,505 [INFO] ApiDb:274 - Set plugin database path to: C:\ST\STM32CubeIDE_1.16.1\STM32CubeIDE\plugins\com.st.stm32cube.common.mx_6.12.1.202409122256\\db\/plugins/boardmanager/
2025-01-03 13:56:01,506 [WARN] ApiDb:259 - Overriding images path with different value:  => C:\ST\STM32CubeIDE_1.16.1\STM32CubeIDE\plugins\com.st.stm32cube.common.mx_6.12.1.202409122256\\db\/plugins/mcufinder/images/
2025-01-03 13:56:01,518 [INFO] ApiDb:250 - Set database path to: C:\Users\RND1\.stmcufinder\plugins\mcufinder//mcu/
2025-01-03 13:56:01,518 [INFO] DbMcusAds:125 - Set database path to: C:\Users\RND1\.stmcufinder\plugins\mcufinder//mcu/
2025-01-03 13:56:01,520 [INFO] CrossReferenceDbSqlite:203 - Set database path to: C:\Users\RND1\.stmcufinder\plugins\mcufinder//mcu/cs/
2025-01-03 13:56:01,601 [INFO] RulesReader:64 - Compatibility file has been processed (297 Rules)
2025-01-03 13:56:01,661 [INFO] DbMcusXml:78 - Set database path to: C:\ST\STM32CubeIDE_1.16.1\STM32CubeIDE\plugins\com.st.stm32cube.common.mx_6.12.1.202409122256\\db\/mcu/
2025-01-03 13:56:01,661 [INFO] ApiDb:274 - Set plugin database path to: C:\ST\STM32CubeIDE_1.16.1\STM32CubeIDE\plugins\com.st.stm32cube.common.mx_6.12.1.202409122256\\db\/plugins/boardmanager/
2025-01-03 13:56:01,661 [INFO] ApiDb:261 - Set plugin images path to: C:\ST\STM32CubeIDE_1.16.1\STM32CubeIDE\plugins\com.st.stm32cube.common.mx_6.12.1.202409122256\\db\/plugins/mcufinder/images/
2025-01-03 13:56:01,661 [WARN] DbFile:41 - Overriding database path with different value: C:\Users\RND1\.stmcufinder\plugins\mcufinder/ => C:\Users\RND1\.stmcufinder\plugins\mcufinder
2025-01-03 13:56:01,661 [INFO] ApiDb:250 - Set database path to: C:\Users\RND1\.stmcufinder\plugins\mcufinder//mcu/
2025-01-03 13:56:01,661 [WARN] DbFile:41 - Overriding database path with different value: C:\Users\RND1\.stmcufinder\plugins\mcufinder/ => C:\Users\RND1\.stmcufinder\plugins\mcufinder
2025-01-03 13:56:01,661 [INFO] DbMcusAds:125 - Set database path to: C:\Users\RND1\.stmcufinder\plugins\mcufinder//mcu/
2025-01-03 13:56:01,661 [WARN] DbFile:41 - Overriding database path with different value: C:\Users\RND1\.stmcufinder\plugins\mcufinder/ => C:\Users\RND1\.stmcufinder\plugins\mcufinder
2025-01-03 13:56:01,661 [WARN] DbFile:41 - Overriding database path with different value: C:\Users\RND1\.stmcufinder\plugins\mcufinder/ => C:\Users\RND1\.stmcufinder\plugins\mcufinder
2025-01-03 13:56:01,661 [INFO] CrossReferenceDbSqlite:203 - Set database path to: C:\Users\RND1\.stmcufinder\plugins\mcufinder//mcu/cs/
2025-01-03 13:56:01,721 [INFO] MainPanel:268 - HeapMemory: 268435456
2025-01-03 13:56:01,795 [INFO] DbMcusXml:78 - Set database path to: C:\ST\STM32CubeIDE_1.16.1\STM32CubeIDE\plugins\com.st.stm32cube.common.mx_6.12.1.202409122256\\db\/mcu/
2025-01-03 13:56:01,795 [INFO] ApiDb:274 - Set plugin database path to: C:\ST\STM32CubeIDE_1.16.1\STM32CubeIDE\plugins\com.st.stm32cube.common.mx_6.12.1.202409122256\\db\/plugins/boardmanager/
2025-01-03 13:56:01,795 [INFO] ApiDb:261 - Set plugin images path to: C:\ST\STM32CubeIDE_1.16.1\STM32CubeIDE\plugins\com.st.stm32cube.common.mx_6.12.1.202409122256\\db\/plugins/mcufinder/images/
2025-01-03 13:56:01,795 [WARN] DbFile:41 - Overriding database path with different value: C:\Users\RND1\.stmcufinder\plugins\mcufinder/ => C:\Users\RND1\.stmcufinder\plugins\mcufinder
2025-01-03 13:56:01,796 [INFO] ApiDb:250 - Set database path to: C:\Users\RND1\.stmcufinder\plugins\mcufinder//mcu/
2025-01-03 13:56:01,796 [WARN] DbFile:41 - Overriding database path with different value: C:\Users\RND1\.stmcufinder\plugins\mcufinder/ => C:\Users\RND1\.stmcufinder\plugins\mcufinder
2025-01-03 13:56:01,796 [INFO] DbMcusAds:125 - Set database path to: C:\Users\RND1\.stmcufinder\plugins\mcufinder//mcu/
2025-01-03 13:56:01,796 [WARN] DbFile:41 - Overriding database path with different value: C:\Users\RND1\.stmcufinder\plugins\mcufinder/ => C:\Users\RND1\.stmcufinder\plugins\mcufinder
2025-01-03 13:56:01,796 [WARN] DbFile:41 - Overriding database path with different value: C:\Users\RND1\.stmcufinder\plugins\mcufinder/ => C:\Users\RND1\.stmcufinder\plugins\mcufinder
2025-01-03 13:56:01,796 [INFO] CrossReferenceDbSqlite:203 - Set database path to: C:\Users\RND1\.stmcufinder\plugins\mcufinder//mcu/cs/
2025-01-03 13:56:01,809 [INFO] ApplicationProperties:184 - Using Application install path: C:\ST\STM32CubeIDE_1.16.1\STM32CubeIDE\plugins\com.st.stm32cube.common.mx_6.12.1.202409122256
2025-01-03 13:56:01,810 [INFO] PluginManage:196 - Search for loadable plugins [exclusion list=, ]
2025-01-03 13:56:01,811 [INFO] PluginManage:310 - Check plugin analytics
2025-01-03 13:56:01,928 [INFO] AnalyticsPlugin:253 - Accepted Software Licenses: STM32CubeMX.6.10.0
2025-01-03 13:56:01,929 [INFO] AnalyticsPlugin:255 - Accepted CMSIS Pack Licenses: 
2025-01-03 13:56:01,929 [INFO] AnalyticsPlugin:257 - Accepted Firmware Licenses: FW.G4.1.5.0,FW.G4.1.6.0,FW.F4.1.28.0
2025-01-03 13:56:01,930 [INFO] PluginManage:359 - Loaded plugin analytics (category:tool,tabindex:-1)
2025-01-03 13:56:01,931 [INFO] PluginManage:310 - Check plugin cadmodel
2025-01-03 13:56:01,943 [INFO] CADModel:105 - Init CAD model plugin
2025-01-03 13:56:01,944 [INFO] PluginManage:359 - Loaded plugin cadmodel (category:power,tabindex:5)
2025-01-03 13:56:01,944 [INFO] PluginManage:310 - Check plugin clock
2025-01-03 13:56:01,959 [INFO] PluginManage:359 - Loaded plugin clock (category:base,tabindex:2)
2025-01-03 13:56:01,959 [INFO] PluginManage:310 - Check plugin ddr
2025-01-03 13:56:01,962 [INFO] PluginManage:359 - Loaded plugin ddr (category:tool,tabindex:6)
2025-01-03 13:56:01,962 [INFO] PluginManage:310 - Check plugin filemanager
2025-01-03 13:56:02,069 [INFO] PluginManage:359 - Loaded plugin filemanager (category:base,tabindex:10)
2025-01-03 13:56:02,069 [INFO] PluginManage:310 - Check plugin ipmanager
2025-01-03 13:56:02,074 [INFO] PluginManage:359 - Loaded plugin ipmanager (category:base,tabindex:5)
2025-01-03 13:56:02,074 [INFO] PluginManage:310 - Check plugin lpbam
2025-01-03 13:56:02,089 [INFO] PluginManage:359 - Loaded plugin lpbam (category:base,tabindex:0)
2025-01-03 13:56:02,089 [INFO] PluginManage:310 - Check plugin memorymap
2025-01-03 13:56:02,108 [INFO] PluginManage:359 - Loaded plugin memorymap (category:base,tabindex:4)
2025-01-03 13:56:02,108 [INFO] PluginManage:310 - Check plugin pinoutandconfiguration
2025-01-03 13:56:02,126 [INFO] PluginManage:359 - Loaded plugin pinoutandconfiguration (category:base,tabindex:1)
2025-01-03 13:56:02,127 [INFO] PluginManage:310 - Check plugin pinoutconfig
2025-01-03 13:56:02,197 [WARN] SupportedApi:132 - Cannot load RTOS API schema: s4s-elt-must-match.1: The content of 'definitions' must match (annotation?, (simpleType | complexType)?, (unique | key | keyref)*)). A problem was found starting at: attribute.
2025-01-03 13:56:02,286 [INFO] PluginManage:359 - Loaded plugin pinoutconfig (category:base,tabindex:0)
2025-01-03 13:56:02,286 [INFO] PluginManage:310 - Check plugin power
2025-01-03 13:56:02,301 [INFO] PluginManage:359 - Loaded plugin power (category:power,tabindex:4)
2025-01-03 13:56:02,301 [INFO] PluginManage:310 - Check plugin projectmanager
2025-01-03 13:56:02,312 [INFO] PluginManage:359 - Loaded plugin projectmanager (category:projectmanager,tabindex:4)
2025-01-03 13:56:02,312 [INFO] PluginManage:310 - Check plugin rif
2025-01-03 13:56:02,325 [INFO] PluginManage:359 - Loaded plugin rif (category:base,tabindex:3)
2025-01-03 13:56:02,326 [INFO] PluginManage:310 - Check plugin thirdparty
2025-01-03 13:56:02,526 [INFO] PluginManage:359 - Loaded plugin thirdparty (category:base,tabindex:-1)
2025-01-03 13:56:02,526 [WARN] IntegrityCheckThread:84 - waiting for thirdparty lock release [integrity check]
2025-01-03 13:56:02,526 [INFO] IntegrityCheckThread:86 - entering critical section [integrity check]
2025-01-03 13:56:02,526 [INFO] PluginManage:310 - Check plugin tools
2025-01-03 13:56:02,527 [INFO] ThirdPartyUpdaterWithRetryManager:70 - Updater plugin not ready yet. [1/15]
2025-01-03 13:56:02,553 [INFO] PluginManage:359 - Loaded plugin tools (category:base,tabindex:7)
2025-01-03 13:56:02,554 [INFO] PluginManage:310 - Check plugin tutovideos
2025-01-03 13:56:02,689 [INFO] PluginManage:359 - Loaded plugin tutovideos (category:base,tabindex:-1)
2025-01-03 13:56:02,690 [INFO] PluginManage:310 - Check plugin updater
2025-01-03 13:56:02,702 [INFO] PluginManage:359 - Loaded plugin updater (category:base,tabindex:12)
2025-01-03 13:56:02,702 [INFO] PluginManage:310 - Check plugin userauth
2025-01-03 13:56:02,706 [INFO] UserAuth:113 - Init User Auth plugin
2025-01-03 13:56:02,707 [INFO] PluginManage:359 - Loaded plugin userauth (category:base,tabindex:14)
2025-01-03 13:56:02,707 [INFO] PluginManage:283 - PluginManage : Loaded plugins [18]
2025-01-03 13:56:02,840 [INFO] PinOutPanel:1561 - setPackage(No Configuration,No Configuration)
2025-01-03 13:56:02,903 [INFO] CADModel:165 - CPN selected for project level
2025-01-03 13:56:02,903 [INFO] CADModel:114 - Register for checkConnection events
2025-01-03 13:56:02,924 [INFO] IPUIPlugin:80 - create IPUIPlugin
2025-01-03 13:56:02,924 [INFO] PluginManager:220 - loadIPPluginJar : add adc
2025-01-03 13:56:02,954 [INFO] IPUIPlugin:80 - create IPUIPlugin
2025-01-03 13:56:02,954 [INFO] PluginManager:220 - loadIPPluginJar : add aes
2025-01-03 13:56:02,989 [INFO] IPUIPlugin:80 - create IPUIPlugin
2025-01-03 13:56:02,989 [INFO] PluginManager:220 - loadIPPluginJar : add can
2025-01-03 13:56:03,010 [INFO] IPUIPlugin:80 - create IPUIPlugin
2025-01-03 13:56:03,010 [INFO] PluginManager:220 - loadIPPluginJar : add comp
2025-01-03 13:56:03,037 [INFO] IPUIPlugin:80 - create IPUIPlugin
2025-01-03 13:56:03,038 [INFO] PluginManager:220 - loadIPPluginJar : add cryp
2025-01-03 13:56:03,047 [INFO] IPUIPlugin:80 - create IPUIPlugin
2025-01-03 13:56:03,047 [INFO] PluginManager:220 - loadIPPluginJar : add ddr_ctrl_phy
2025-01-03 13:56:03,071 [INFO] IPUIPlugin:80 - create IPUIPlugin
2025-01-03 13:56:03,071 [INFO] PluginManager:220 - loadIPPluginJar : add dfsdm
2025-01-03 13:56:03,082 [INFO] IPUIPlugin:80 - create IPUIPlugin
2025-01-03 13:56:03,082 [INFO] PluginManager:220 - loadIPPluginJar : add dma
2025-01-03 13:56:03,114 [INFO] IPUIPlugin:80 - create IPUIPlugin
2025-01-03 13:56:03,114 [INFO] PluginManager:220 - loadIPPluginJar : add dma3
2025-01-03 13:56:03,145 [INFO] IPUIPlugin:80 - create IPUIPlugin
2025-01-03 13:56:03,146 [INFO] PluginManager:220 - loadIPPluginJar : add extmemmanager
2025-01-03 13:56:03,161 [INFO] IPUIPlugin:80 - create IPUIPlugin
2025-01-03 13:56:03,162 [INFO] PluginManager:220 - loadIPPluginJar : add fatfs
2025-01-03 13:56:03,194 [INFO] IPUIPlugin:80 - create IPUIPlugin
2025-01-03 13:56:03,194 [INFO] PluginManager:220 - loadIPPluginJar : add fmc
2025-01-03 13:56:03,206 [INFO] IPUIPlugin:80 - create IPUIPlugin
2025-01-03 13:56:03,206 [INFO] PluginManager:220 - loadIPPluginJar : add freertos
2025-01-03 13:56:03,220 [INFO] IPUIPlugin:80 - create IPUIPlugin
2025-01-03 13:56:03,221 [INFO] PluginManager:220 - loadIPPluginJar : add genericplugin
2025-01-03 13:56:03,281 [INFO] IPUIPlugin:80 - create IPUIPlugin
2025-01-03 13:56:03,281 [INFO] PluginManager:220 - loadIPPluginJar : add gfxmmu
2025-01-03 13:56:03,367 [INFO] IPUIPlugin:80 - create IPUIPlugin
2025-01-03 13:56:03,367 [INFO] PluginManager:220 - loadIPPluginJar : add gic
2025-01-03 13:56:03,377 [INFO] IPUIPlugin:80 - create IPUIPlugin
2025-01-03 13:56:03,377 [INFO] PluginManager:220 - loadIPPluginJar : add gpio
2025-01-03 13:56:03,441 [INFO] IPUIPlugin:80 - create IPUIPlugin
2025-01-03 13:56:03,441 [INFO] PluginManager:220 - loadIPPluginJar : add gtzc
2025-01-03 13:56:03,463 [INFO] IPUIPlugin:80 - create IPUIPlugin
2025-01-03 13:56:03,463 [INFO] PluginManager:220 - loadIPPluginJar : add hash
2025-01-03 13:56:03,498 [INFO] IPUIPlugin:80 - create IPUIPlugin
2025-01-03 13:56:03,498 [INFO] PluginManager:220 - loadIPPluginJar : add i2c
2025-01-03 13:56:03,526 [INFO] IPUIPlugin:80 - create IPUIPlugin
2025-01-03 13:56:03,526 [INFO] PluginManager:220 - loadIPPluginJar : add i2s
2025-01-03 13:56:03,558 [INFO] IPUIPlugin:80 - create IPUIPlugin
2025-01-03 13:56:03,558 [INFO] PluginManager:220 - loadIPPluginJar : add i3c
2025-01-03 13:56:03,632 [INFO] IPUIPlugin:80 - create IPUIPlugin
2025-01-03 13:56:03,632 [INFO] PluginManager:220 - loadIPPluginJar : add ipddr
2025-01-03 13:56:03,695 [INFO] IPUIPlugin:80 - create IPUIPlugin
2025-01-03 13:56:03,695 [INFO] PluginManager:220 - loadIPPluginJar : add linkedlist
2025-01-03 13:56:03,723 [INFO] IPUIPlugin:80 - create IPUIPlugin
2025-01-03 13:56:03,723 [INFO] PluginManager:220 - loadIPPluginJar : add lorawan
2025-01-03 13:56:03,750 [INFO] IPUIPlugin:80 - create IPUIPlugin
2025-01-03 13:56:03,751 [INFO] PluginManager:220 - loadIPPluginJar : add ltdc
2025-01-03 13:56:03,761 [INFO] IPUIPlugin:80 - create IPUIPlugin
2025-01-03 13:56:03,761 [INFO] PluginManager:220 - loadIPPluginJar : add mdma
2025-01-03 13:56:03,770 [INFO] IPUIPlugin:80 - create IPUIPlugin
2025-01-03 13:56:03,770 [INFO] PluginManager:220 - loadIPPluginJar : add nvic
2025-01-03 13:56:03,797 [INFO] IPUIPlugin:80 - create IPUIPlugin
2025-01-03 13:56:03,797 [INFO] PluginManager:220 - loadIPPluginJar : add opamp
2025-01-03 13:56:03,839 [INFO] IPUIPlugin:80 - create IPUIPlugin
2025-01-03 13:56:03,839 [INFO] PluginManager:220 - loadIPPluginJar : add openamp
2025-01-03 13:56:03,868 [INFO] IPUIPlugin:80 - create IPUIPlugin
2025-01-03 13:56:03,868 [INFO] PluginManager:220 - loadIPPluginJar : add pdm2pcm
2025-01-03 13:56:03,879 [INFO] IPUIPlugin:80 - create IPUIPlugin
2025-01-03 13:56:03,880 [INFO] PluginManager:220 - loadIPPluginJar : add plateformsettings
2025-01-03 13:56:03,898 [INFO] IPUIPlugin:80 - create IPUIPlugin
2025-01-03 13:56:03,899 [INFO] PluginManager:220 - loadIPPluginJar : add quadspi
2025-01-03 13:56:03,918 [INFO] IPUIPlugin:80 - create IPUIPlugin
2025-01-03 13:56:03,918 [INFO] PluginManager:220 - loadIPPluginJar : add radio
2025-01-03 13:56:03,928 [INFO] IPUIPlugin:80 - create IPUIPlugin
2025-01-03 13:56:03,928 [INFO] PluginManager:220 - loadIPPluginJar : add resmgrutility
2025-01-03 13:56:03,960 [INFO] IPUIPlugin:80 - create IPUIPlugin
2025-01-03 13:56:03,960 [INFO] PluginManager:220 - loadIPPluginJar : add sai
2025-01-03 13:56:03,986 [INFO] IPUIPlugin:80 - create IPUIPlugin
2025-01-03 13:56:03,986 [INFO] PluginManager:220 - loadIPPluginJar : add spi
2025-01-03 13:56:04,033 [INFO] IPUIPlugin:80 - create IPUIPlugin
2025-01-03 13:56:04,033 [INFO] PluginManager:220 - loadIPPluginJar : add stm32_wpan
2025-01-03 13:56:04,051 [INFO] IPUIPlugin:80 - create IPUIPlugin
2025-01-03 13:56:04,051 [INFO] PluginManager:220 - loadIPPluginJar : add tim
2025-01-03 13:56:04,093 [INFO] IPUIPlugin:80 - create IPUIPlugin
2025-01-03 13:56:04,093 [INFO] PluginManager:220 - loadIPPluginJar : add touchsensing
2025-01-03 13:56:04,109 [INFO] IPUIPlugin:80 - create IPUIPlugin
2025-01-03 13:56:04,110 [INFO] PluginManager:220 - loadIPPluginJar : add tracer_emb
2025-01-03 13:56:04,126 [INFO] IPUIPlugin:80 - create IPUIPlugin
2025-01-03 13:56:04,126 [INFO] PluginManager:220 - loadIPPluginJar : add ts
2025-01-03 13:56:04,142 [INFO] IPUIPlugin:80 - create IPUIPlugin
2025-01-03 13:56:04,142 [INFO] PluginManager:220 - loadIPPluginJar : add tsc
2025-01-03 13:56:04,156 [INFO] IPUIPlugin:80 - create IPUIPlugin
2025-01-03 13:56:04,157 [INFO] PluginManager:220 - loadIPPluginJar : add ucpd
2025-01-03 13:56:04,187 [INFO] IPUIPlugin:80 - create IPUIPlugin
2025-01-03 13:56:04,187 [INFO] PluginManager:220 - loadIPPluginJar : add usart
2025-01-03 13:56:04,217 [INFO] IPUIPlugin:80 - create IPUIPlugin
2025-01-03 13:56:04,217 [INFO] PluginManager:220 - loadIPPluginJar : add usbx
2025-01-03 13:56:04,324 [INFO] CADModel:165 - CPN selected for project level
2025-01-03 13:56:04,324 [INFO] CADModel:114 - Register for checkConnection events
2025-01-03 13:56:04,324 [FATAL] Updater:334 - Updater called before beeing initialized
2025-01-03 13:56:04,324 [ERROR] CADModel:125 - Updater not yet initialized, retry later 
2025-01-03 13:56:04,411 [INFO] CADModel:165 - CPN selected for project level
2025-01-03 13:56:04,411 [INFO] CADModel:114 - Register for checkConnection events
2025-01-03 13:56:04,411 [FATAL] Updater:334 - Updater called before beeing initialized
2025-01-03 13:56:04,411 [ERROR] CADModel:125 - Updater not yet initialized, retry later 
2025-01-03 13:56:04,413 [FATAL] Updater:334 - Updater called before beeing initialized
2025-01-03 13:56:04,483 [FATAL] Updater:334 - Updater called before beeing initialized
2025-01-03 13:56:04,491 [INFO] DbMcusAds:53 - JSON generation date=Wed Dec 18 01:01:15 KST 2024 (1734451275196)
2025-01-03 13:56:04,491 [FATAL] Updater:334 - Updater called before beeing initialized
2025-01-03 13:56:04,517 [WARN] DetailPanel:346 - Failed to get advertising image, set to default
2025-01-03 13:56:04,579 [FATAL] Updater:334 - Updater called before beeing initialized
2025-01-03 13:56:04,580 [FATAL] Updater:334 - Updater called before beeing initialized
2025-01-03 13:56:04,580 [FATAL] Updater:334 - Updater called before beeing initialized
2025-01-03 13:56:04,580 [WARN] DetailPanel:346 - Failed to get advertising image, set to default
2025-01-03 13:56:04,581 [FATAL] Updater:334 - Updater called before beeing initialized
2025-01-03 13:56:04,619 [ERROR] Updater:1164 - MainUpdater not yet initialized. External WinMGr cannot be set.
2025-01-03 13:56:04,626 [INFO] Updater:1100 - Updater Version found : 6.12.1
2025-01-03 13:56:04,641 [INFO] ApplicationProperties:184 - Using Application install path: C:\ST\STM32CubeIDE_1.16.1\STM32CubeIDE\plugins\com.st.stm32cube.common.mx_6.12.1.202409122256
2025-01-03 13:56:04,692 [INFO] MainUpdater:526 - Copy updater definitions from MX database
2025-01-03 13:56:05,213 [INFO] MainUpdater:2873 - connection check result : 10
2025-01-03 13:56:05,213 [INFO] MainUpdater:3567 - Updater definition file requires update
2025-01-03 13:56:05,214 [INFO] MainUpdater:290 - Updater Check For Update Now.
2025-01-03 13:56:05,214 [INFO] MicroXplorer:498 - Change Database Version : DB.6.0.121
2025-01-03 13:56:05,227 [INFO] McuFinderGlobals:63 - Set McuFinder mode to 2 (CubeIDE integrated)
2025-01-03 13:56:05,230 [INFO] UserAuth:417 - Internet connection configuration mode: 1
2025-01-03 13:56:05,248 [INFO] JxBrowserEngine:152 - Initiate JxBrowser Engine with user profile folder
2025-01-03 13:56:05,363 [INFO] ServerAccessManage:473 - Download File updaters.zip
2025-01-03 13:56:05,529 [WARN] MainUpdater:1194 - Updater busy. Cannot search thirdparties
2025-01-03 13:56:05,529 [INFO] ThirdPartyUpdaterWithRetryManager:96 - Updater plugin is busy. [1/15]
2025-01-03 13:56:05,713 [INFO] FileExtend:240 - Unzip File : updaters.zip
2025-01-03 13:56:05,713 [INFO] FileExtend:255 - Standard Zip Deflate
2025-01-03 13:56:06,553 [INFO] ServerAccessManage:473 - Download File PacksControlFlags.xml
2025-01-03 13:56:06,768 [INFO] ServerAccessManage:473 - Download File cubemx.pidx
2025-01-03 13:56:06,838 [INFO] LoadServerUpdatesThread:375 - End of LoadServerUpdate Thread
2025-01-03 13:56:07,004 [INFO] CheckServerUpdateThread:120 - End of CheckServer Thread
2025-01-03 13:56:08,675 [WARN] PackLoader:240 - Cannot read IP mode file for STMicroelectronics.FP-SNS-MOTENVWB1.1.4.0
2025-01-03 13:56:08,686 [WARN] PackLoader:240 - Cannot read IP mode file for STMicroelectronics.FP-ATR-ASTRA1.2.0.1
2025-01-03 13:56:08,698 [WARN] PackLoader:240 - Cannot read IP mode file for STMicroelectronics.X-CUBE-SMBUS.2.1.0
2025-01-03 13:56:08,709 [WARN] PackLoader:240 - Cannot read IP mode file for STMicroelectronics.X-CUBE-WB05N.1.1.0
2025-01-03 13:56:08,719 [WARN] PackLoader:240 - Cannot read IP mode file for STMicroelectronics.X-CUBE-TOUCHGFX.4.23.0
2025-01-03 13:56:08,727 [WARN] PackLoader:240 - Cannot read IP mode file for STMicroelectronics.X-CUBE-TOUCHGFX.4.23.2
2025-01-03 13:56:08,752 [WARN] PackLoader:240 - Cannot read IP mode file for STMicroelectronics.X-CUBE-AZRTOS-F7.1.1.0
2025-01-03 13:56:08,765 [WARN] PackLoader:240 - Cannot read IP mode file for STMicroelectronics.FP-SNS-MOTENV1.4.3.2
2025-01-03 13:56:08,811 [WARN] PackLoader:240 - Cannot read IP mode file for STMicroelectronics.X-CUBE-MEMS1.11.0.0
2025-01-03 13:56:08,884 [WARN] PackLoader:240 - Cannot read IP mode file for STMicroelectronics.FP-SNS-FLIGHT1.5.0.2
2025-01-03 13:56:08,897 [WARN] PackLoader:240 - Cannot read IP mode file for STMicroelectronics.X-CUBE-DISPLAY.3.0.0
2025-01-03 13:56:08,911 [WARN] PackLoader:240 - Cannot read IP mode file for STMicroelectronics.X-CUBE-BLE1.7.0.0
2025-01-03 13:56:08,925 [WARN] PackLoader:240 - Cannot read IP mode file for STMicroelectronics.X-CUBE-NFC10.1.0.0
2025-01-03 13:56:08,940 [WARN] PackLoader:240 - Cannot read IP mode file for STMicroelectronics.X-CUBE-BLEMGR.4.0.0
2025-01-03 13:56:08,954 [WARN] PackLoader:240 - Cannot read IP mode file for emotas.I-CUBE-CANOPEN.1.3.0
2025-01-03 13:56:08,968 [WARN] PackLoader:240 - Cannot read IP mode file for STMicroelectronics.X-CUBE-BLEMGR.3.1.0
2025-01-03 13:56:08,980 [WARN] PackLoader:240 - Cannot read IP mode file for STMicroelectronics.FP-SNS-SMARTAG2.1.2.0
2025-01-03 13:56:09,021 [WARN] PackLoader:240 - Cannot read IP mode file for STMicroelectronics.X-CUBE-MEMS1.11.1.0
2025-01-03 13:56:09,089 [INFO] LogOutputStream:77 - [STDOUT_REDIRECT] 1 : Invalid condition id : UX_CORESTACK_Condition cause : null
2025-01-03 13:56:09,089 [INFO] LogOutputStream:77 - [STDOUT_REDIRECT] 1 : Invalid condition id : UX_CORESTACK_Condition cause : null
2025-01-03 13:56:09,090 [INFO] LogOutputStream:77 - [STDOUT_REDIRECT] 1 : Invalid condition id : UX_CORESTACK_Condition cause : null
2025-01-03 13:56:09,091 [INFO] LogOutputStream:77 - [STDOUT_REDIRECT] 1 : Invalid condition id : UX_CORESTACK_Condition cause : null
2025-01-03 13:56:09,091 [INFO] LogOutputStream:77 - [STDOUT_REDIRECT] 1 : Invalid condition id : UX_CORESTACK_Condition cause : null
2025-01-03 13:56:09,093 [WARN] PackLoader:240 - Cannot read IP mode file for STMicroelectronics.X-CUBE-AZRTOS-WL.2.0.0
2025-01-03 13:56:09,108 [WARN] PackLoader:240 - Cannot read IP mode file for STMicroelectronics.FP-SNS-MOTENV1.5.0.0
2025-01-03 13:56:09,119 [WARN] PackLoader:240 - Cannot read IP mode file for wolfSSL.I-CUBE-wolfMQTT.1.19.0
2025-01-03 13:56:09,137 [WARN] PackLoader:240 - Cannot read IP mode file for WES.I-CUBE-Cesium.1.3.0
2025-01-03 13:56:09,150 [WARN] PackLoader:240 - Cannot read IP mode file for STMicroelectronics.X-CUBE-BLE2.3.3.0
2025-01-03 13:56:09,163 [WARN] PackLoader:240 - Cannot read IP mode file for STMicroelectronics.X-CUBE-NFC9.1.0.0
2025-01-03 13:56:09,178 [WARN] PackLoader:240 - Cannot read IP mode file for STMicroelectronics.X-CUBE-TCPP.4.1.0
2025-01-03 13:56:09,193 [WARN] PackLoader:240 - Cannot read IP mode file for STMicroelectronics.X-CUBE-ALGOBUILD.1.3.0
2025-01-03 13:56:09,218 [WARN] PackLoader:240 - Cannot read IP mode file for STMicroelectronics.X-CUBE-AZRTOS-G0.1.1.0
2025-01-03 13:56:09,235 [WARN] PackLoader:240 - Cannot read IP mode file for STMicroelectronics.X-CUBE-SAFEA1.1.2.2
2025-01-03 13:56:09,273 [WARN] PackLoader:240 - Cannot read IP mode file for STMicroelectronics.X-CUBE-NFC4.3.0.0
2025-01-03 13:56:09,321 [WARN] PackLoader:240 - Cannot read IP mode file for wolfSSL.I-CUBE-wolfMQTT.1.18.0
2025-01-03 13:56:09,340 [WARN] PackLoader:240 - Cannot read IP mode file for EmbeddedOffice.I-CUBE-FS-RTOS.1.0.1
2025-01-03 13:56:09,341 [ERROR] ConditionMgr:805 - Attr not supported : Dmpu
2025-01-03 13:56:09,341 [ERROR] ConditionMgr:805 - Attr not supported : Dmpu
2025-01-03 13:56:09,341 [ERROR] ConditionMgr:805 - Attr not supported : Dmpu
2025-01-03 13:56:09,341 [ERROR] ConditionMgr:805 - Attr not supported : Dmpu
2025-01-03 13:56:09,341 [ERROR] ConditionMgr:805 - Attr not supported : Dmpu
2025-01-03 13:56:09,341 [ERROR] ConditionMgr:805 - Attr not supported : Dmpu
2025-01-03 13:56:09,341 [ERROR] ConditionMgr:805 - Attr not supported : Dmpu
2025-01-03 13:56:09,342 [ERROR] ConditionMgr:805 - Attr not supported : Dmpu
2025-01-03 13:56:09,342 [ERROR] ConditionMgr:805 - Attr not supported : Dmpu
2025-01-03 13:56:09,342 [ERROR] ConditionMgr:805 - Attr not supported : Dmpu
2025-01-03 13:56:09,342 [ERROR] ConditionMgr:805 - Attr not supported : Dmpu
2025-01-03 13:56:09,342 [ERROR] ConditionMgr:805 - Attr not supported : Dmpu
2025-01-03 13:56:09,342 [ERROR] ConditionMgr:805 - Attr not supported : Dmpu
2025-01-03 13:56:09,342 [ERROR] ConditionMgr:805 - Attr not supported : Dmpu
2025-01-03 13:56:09,342 [ERROR] ConditionMgr:805 - Attr not supported : Dmpu
2025-01-03 13:56:09,343 [ERROR] ConditionMgr:805 - Attr not supported : Dmpu
2025-01-03 13:56:09,343 [ERROR] ConditionMgr:805 - Attr not supported : Dmpu
2025-01-03 13:56:09,343 [ERROR] ConditionMgr:805 - Attr not supported : Dmpu
2025-01-03 13:56:09,343 [ERROR] ConditionMgr:805 - Attr not supported : Dmpu
2025-01-03 13:56:09,343 [ERROR] ConditionMgr:805 - Attr not supported : Dmpu
2025-01-03 13:56:09,343 [ERROR] ConditionMgr:805 - Attr not supported : Dmpu
2025-01-03 13:56:09,343 [ERROR] ConditionMgr:805 - Attr not supported : Dmpu
2025-01-03 13:56:09,343 [ERROR] ConditionMgr:805 - Attr not supported : Dmpu
2025-01-03 13:56:09,343 [ERROR] ConditionMgr:805 - Attr not supported : Dmpu
2025-01-03 13:56:09,343 [ERROR] ConditionMgr:805 - Attr not supported : Dmpu
2025-01-03 13:56:09,343 [ERROR] ConditionMgr:805 - Attr not supported : Dmpu
2025-01-03 13:56:09,343 [ERROR] ConditionMgr:805 - Attr not supported : Dmpu
2025-01-03 13:56:09,343 [ERROR] ConditionMgr:805 - Attr not supported : Dmpu
2025-01-03 13:56:09,343 [ERROR] ConditionMgr:805 - Attr not supported : Dmpu
2025-01-03 13:56:09,343 [ERROR] ConditionMgr:805 - Attr not supported : Dmpu
2025-01-03 13:56:09,343 [ERROR] ConditionMgr:805 - Attr not supported : Dmpu
2025-01-03 13:56:09,343 [ERROR] ConditionMgr:805 - Attr not supported : Dmpu
2025-01-03 13:56:09,344 [ERROR] ConditionMgr:805 - Attr not supported : Dmpu
2025-01-03 13:56:09,344 [ERROR] ConditionMgr:805 - Attr not supported : Dmpu
2025-01-03 13:56:09,344 [ERROR] ConditionMgr:805 - Attr not supported : Dmpu
2025-01-03 13:56:09,344 [ERROR] ConditionMgr:805 - Attr not supported : Dmpu
2025-01-03 13:56:09,344 [ERROR] ConditionMgr:805 - Attr not supported : Dmpu
2025-01-03 13:56:09,344 [ERROR] ConditionMgr:805 - Attr not supported : Dmpu
2025-01-03 13:56:09,344 [ERROR] ConditionMgr:805 - Attr not supported : Dmpu
2025-01-03 13:56:09,344 [ERROR] ConditionMgr:805 - Attr not supported : Dmpu
2025-01-03 13:56:09,344 [ERROR] ConditionMgr:805 - Attr not supported : Dmpu
2025-01-03 13:56:09,344 [ERROR] ConditionMgr:805 - Attr not supported : Dmpu
2025-01-03 13:56:09,344 [ERROR] ConditionMgr:805 - Attr not supported : Dmpu
2025-01-03 13:56:09,344 [ERROR] ConditionMgr:805 - Attr not supported : Dmpu
2025-01-03 13:56:09,344 [ERROR] ConditionMgr:805 - Attr not supported : Dmpu
2025-01-03 13:56:09,344 [ERROR] ConditionMgr:805 - Attr not supported : Dmpu
2025-01-03 13:56:09,344 [ERROR] ConditionMgr:805 - Attr not supported : Dmpu
2025-01-03 13:56:09,344 [ERROR] ConditionMgr:805 - Attr not supported : Dmpu
2025-01-03 13:56:09,344 [ERROR] ConditionMgr:805 - Attr not supported : Dmpu
2025-01-03 13:56:09,345 [ERROR] ConditionMgr:805 - Attr not supported : Dmpu
2025-01-03 13:56:09,345 [ERROR] ConditionMgr:805 - Attr not supported : Dmpu
2025-01-03 13:56:09,345 [ERROR] ConditionMgr:805 - Attr not supported : Dmpu
2025-01-03 13:56:09,345 [ERROR] ConditionMgr:805 - Attr not supported : Dmpu
2025-01-03 13:56:09,345 [ERROR] ConditionMgr:805 - Attr not supported : Dmpu
2025-01-03 13:56:09,345 [ERROR] ConditionMgr:805 - Attr not supported : Dmpu
2025-01-03 13:56:09,345 [ERROR] ConditionMgr:805 - Attr not supported : Dmpu
2025-01-03 13:56:09,345 [ERROR] ConditionMgr:805 - Attr not supported : Dmpu
2025-01-03 13:56:09,345 [ERROR] ConditionMgr:805 - Attr not supported : Dmpu
2025-01-03 13:56:09,345 [ERROR] ConditionMgr:805 - Attr not supported : Dmpu
2025-01-03 13:56:09,345 [ERROR] ConditionMgr:805 - Attr not supported : Dmpu
2025-01-03 13:56:09,345 [ERROR] ConditionMgr:805 - Attr not supported : Dmpu
2025-01-03 13:56:09,345 [ERROR] ConditionMgr:805 - Attr not supported : Dmpu
2025-01-03 13:56:09,345 [ERROR] ConditionMgr:805 - Attr not supported : Dmpu
2025-01-03 13:56:09,345 [ERROR] ConditionMgr:805 - Attr not supported : Dmpu
2025-01-03 13:56:09,360 [WARN] PackLoader:240 - Cannot read IP mode file for STMicroelectronics.X-CUBE-BLEMGR.3.0.0
2025-01-03 13:56:09,372 [ERROR] Engine:466 - C:\Users\RND1\.stm32cubemx\thirdparties\pdsc\STMicroelectronics.X-CUBE-TCPP.4.2.0.pdsc: PDSC version is not supported
2025-01-03 13:56:09,384 [WARN] PackLoader:240 - Cannot read IP mode file for RealThread.X-CUBE-RT-Thread_Nano.4.1.1
2025-01-03 13:56:09,394 [WARN] PackLoader:240 - Cannot read IP mode file for STMicroelectronics.FP-ATR-SIGFOX1.3.2.0
2025-01-03 13:56:09,404 [WARN] ConditionMgr:438 - getConditionDescription Invalid condition id : Cortex-A Device cause : null
2025-01-03 13:56:09,419 [WARN] ConditionMgr:1039 - genDependencies : Invalid condition id : Cortex-A Device cause : null
2025-01-03 13:56:09,419 [WARN] ConditionMgr:1039 - genDependencies : Invalid condition id : Cortex-A Device cause : null
2025-01-03 13:56:09,419 [WARN] ConditionMgr:1039 - genDependencies : Invalid condition id : Cortex-A Device cause : null
2025-01-03 13:56:09,433 [WARN] PackLoader:240 - Cannot read IP mode file for STMicroelectronics.X-CUBE-EEPRMA1.5.1.0
2025-01-03 13:56:09,467 [WARN] PackLoader:240 - Cannot read IP mode file for SEGGER.I-CUBE-embOS.1.3.1
2025-01-03 13:56:09,509 [WARN] PackLoader:240 - Cannot read IP mode file for STMicroelectronics.X-CUBE-ALGOBUILD.1.4.0
2025-01-03 13:56:09,526 [WARN] PackLoader:240 - Cannot read IP mode file for STMicroelectronics.X-CUBE-AI.9.1.0
2025-01-03 13:56:09,543 [WARN] PackLoader:240 - Cannot read IP mode file for STMicroelectronics.X-CUBE-GNSS1.6.0.0
2025-01-03 13:56:09,568 [WARN] PackLoader:240 - Cannot read IP mode file for STMicroelectronics.X-CUBE-AZRTOS-F4.1.1.0
2025-01-03 13:56:09,581 [WARN] PackLoader:240 - Cannot read IP mode file for wolfSSL.I-CUBE-wolfSSL.5.6.4
2025-01-03 13:56:09,594 [WARN] PackLoader:240 - Cannot read IP mode file for STMicroelectronics.X-CUBE-ISPU.2.1.0
2025-01-03 13:56:09,607 [WARN] PackLoader:240 - Cannot read IP mode file for STMicroelectronics.X-CUBE-FREERTOS.1.2.0
2025-01-03 13:56:09,630 [WARN] PackLoader:240 - Cannot read IP mode file for STMicroelectronics.X-CUBE-AZRTOS-L5.2.0.0
2025-01-03 13:56:09,645 [WARN] PackLoader:240 - Cannot read IP mode file for STMicroelectronics.X-CUBE-EEPRMA1.4.2.0
2025-01-03 13:56:09,659 [WARN] PackLoader:240 - Cannot read IP mode file for STMicroelectronics.X-CUBE-NFC6.3.1.0
2025-01-03 13:56:09,679 [WARN] PackLoader:240 - Cannot read IP mode file for ITTIA_DB.I-CUBE-ITTIADB.8.8.0
2025-01-03 13:56:09,693 [WARN] PackLoader:240 - Cannot read IP mode file for STMicroelectronics.X-CUBE-DPower.1.2.0
2025-01-03 13:56:09,699 [INFO] WebApp:167 - Instantiating new browser for Auth
2025-01-03 13:56:09,708 [WARN] PackLoader:240 - Cannot read IP mode file for STMicroelectronics.X-CUBE-AI.9.0.0
2025-01-03 13:56:09,723 [WARN] PackLoader:240 - Cannot read IP mode file for STMicroelectronics.X-CUBE-FREERTOS.1.3.0
2025-01-03 13:56:09,738 [WARN] PackLoader:240 - Cannot read IP mode file for STMicroelectronics.X-CUBE-NFC7.1.0.1
2025-01-03 13:56:09,755 [WARN] PackLoader:240 - Cannot read IP mode file for STMicroelectronics.X-CUBE-NFC6.3.0.0
2025-01-03 13:56:09,767 [WARN] PackLoader:240 - Cannot read IP mode file for STMicroelectronics.X-CUBE-AI.8.1.0
2025-01-03 13:56:09,788 [WARN] ConditionMgr:438 - getConditionDescription Invalid condition id : LAN8742 Phy interface Condition cause : null
2025-01-03 13:56:09,789 [WARN] PackLoader:240 - Cannot read IP mode file for STMicroelectronics.X-CUBE-AZRTOS-L4.2.0.0
2025-01-03 13:56:09,790 [WARN] ConditionMgr:1039 - genDependencies : Invalid condition id : LAN8742 Phy interface Condition cause : null
2025-01-03 13:56:09,790 [WARN] ConditionMgr:1039 - genDependencies : Invalid condition id : LAN8742 Phy interface Condition cause : null
2025-01-03 13:56:09,790 [WARN] ConditionMgr:1039 - genDependencies : Invalid condition id : LAN8742 Phy interface Condition cause : null
2025-01-03 13:56:09,806 [WARN] PackLoader:240 - Cannot read IP mode file for STMicroelectronics.X-CUBE-SFXS2LP1.4.0.0
2025-01-03 13:56:09,830 [WARN] PackLoader:240 - Cannot read IP mode file for STMicroelectronics.X-CUBE-AZRTOS-H7.3.3.0
2025-01-03 13:56:09,849 [WARN] PackLoader:240 - Cannot read IP mode file for STMicroelectronics.X-CUBE-IPS.3.0.0
2025-01-03 13:56:09,873 [WARN] ConditionMgr:438 - getConditionDescription Invalid condition id : UX DEVICE CLASS RTOS Condition cause : null
2025-01-03 13:56:09,874 [WARN] ConditionMgr:438 - getConditionDescription Invalid condition id : UX DEVICE CLASS RTOS Condition cause : null
2025-01-03 13:56:09,875 [WARN] PackLoader:240 - Cannot read IP mode file for STMicroelectronics.X-CUBE-AZRTOS-WB.2.0.0
2025-01-03 13:56:09,875 [WARN] ConditionMgr:1039 - genDependencies : Invalid condition id : UX DEVICE CLASS RTOS Condition cause : null
2025-01-03 13:56:09,875 [WARN] ConditionMgr:1039 - genDependencies : Invalid condition id : UX DEVICE CLASS RTOS Condition cause : null
2025-01-03 13:56:09,876 [WARN] ConditionMgr:1039 - genDependencies : Invalid condition id : UX DEVICE CLASS RTOS Condition cause : null
2025-01-03 13:56:09,876 [WARN] ConditionMgr:1039 - genDependencies : Invalid condition id : UX DEVICE CLASS RTOS Condition cause : null
2025-01-03 13:56:09,876 [WARN] ConditionMgr:1039 - genDependencies : Invalid condition id : UX DEVICE CLASS RTOS Condition cause : null
2025-01-03 13:56:09,891 [WARN] PackLoader:240 - Cannot read IP mode file for STMicroelectronics.X-CUBE-GNSS1.7.0.0
2025-01-03 13:56:09,904 [WARN] PackLoader:240 - Cannot read IP mode file for STMicroelectronics.X-CUBE-GNSS1.7.0.1
2025-01-03 13:56:09,916 [WARN] PackLoader:240 - Cannot read IP mode file for STMicroelectronics.FP-SNS-STBOX1.2.0.0
2025-01-03 13:56:09,930 [WARN] PackLoader:240 - Cannot read IP mode file for STMicroelectronics.X-CUBE-SUBG2.5.0.0
2025-01-03 13:56:09,950 [WARN] PackLoader:240 - Cannot read IP mode file for STMicroelectronics.X-CUBE-AZRTOS-G4.2.0.0
2025-01-03 13:56:09,970 [WARN] PackLoader:240 - Cannot read IP mode file for Infineon.AIROC-Wi-Fi-Bluetooth-STM32.1.5.1
2025-01-03 13:56:09,983 [WARN] PackLoader:240 - Cannot read IP mode file for STMicroelectronics.FP-SNS-MOTENVWB1.1.3.1
2025-01-03 13:56:09,997 [WARN] PackLoader:240 - Cannot read IP mode file for STMicroelectronics.X-CUBE-ISPU.2.0.0
2025-01-03 13:56:10,009 [WARN] PackLoader:240 - Cannot read IP mode file for STMicroelectronics.X-CUBE-ALS.1.0.2
2025-01-03 13:56:10,051 [WARN] PackLoader:240 - Cannot read IP mode file for STMicroelectronics.X-CUBE-MEMS1.10.0.0
2025-01-03 13:56:10,118 [WARN] PackLoader:240 - Cannot read IP mode file for STMicroelectronics.X-CUBE-FREERTOS.1.1.0
2025-01-03 13:56:10,130 [WARN] PackLoader:240 - Cannot read IP mode file for STMicroelectronics.X-CUBE-TOUCHGFX.4.24.0
2025-01-03 13:56:10,140 [WARN] PackLoader:240 - Cannot read IP mode file for STMicroelectronics.X-CUBE-TOUCHGFX.4.24.1
2025-01-03 13:56:10,151 [WARN] PackLoader:240 - Cannot read IP mode file for wolfSSL.I-CUBE-wolfTPM.3.4.0
2025-01-03 13:56:10,161 [WARN] PackLoader:240 - Cannot read IP mode file for portGmbH.I-Cube-SoM-uGOAL.1.1.0
2025-01-03 13:56:10,170 [WARN] PackLoader:240 - Cannot read IP mode file for STMicroelectronics.X-CUBE-ALS.1.0.1
2025-01-03 13:56:10,188 [WARN] PackLoader:240 - Cannot read IP mode file for STMicroelectronics.X-CUBE-AZRTOS-H7RS.1.0.0
2025-01-03 13:56:10,199 [WARN] PackLoader:240 - Cannot read IP mode file for STMicroelectronics.FP-ATR-ASTRA1.2.0.0
2025-01-03 13:56:10,212 [WARN] PackLoader:240 - Cannot read IP mode file for STMicroelectronics.X-CUBE-TOF1.3.4.2
2025-01-03 13:56:10,228 [WARN] PackLoader:240 - Cannot read IP mode file for STMicroelectronics.X-CUBE-TOF1.3.4.0
2025-01-03 13:56:10,245 [WARN] PackLoader:240 - Cannot read IP mode file for STMicroelectronics.X-CUBE-TOF1.3.4.1
2025-01-03 13:56:10,276 [WARN] PackLoader:240 - Cannot read IP mode file for STMicroelectronics.X-CUBE-AZRTOS-H7.3.2.0
2025-01-03 13:56:10,288 [WARN] PackLoader:240 - Cannot read IP mode file for wolfSSL.I-CUBE-wolfSSH.1.4.17
2025-01-03 13:56:10,288 [INFO] ThirdParty:978 - Integrity check success = true
2025-01-03 13:56:10,288 [INFO] IntegrityCheckThread:100 - exiting critical section [integrity check]
2025-01-03 13:56:10,288 [INFO] IntegrityCheckThread:103 - End integrity checks thread
2025-01-03 13:56:10,361 [INFO] WebApp:448 - Apply proxy settings
2025-01-03 13:56:10,361 [INFO] WebApp:533 - Chromium requires no authentication
2025-01-03 13:56:10,369 [INFO] WebApp:476 - Direct internet connection detected
2025-01-03 13:56:10,386 [INFO] WebApp:869 - Register for checkConnection events
2025-01-03 13:56:10,386 [INFO] WebApp:448 - Apply proxy settings
2025-01-03 13:56:10,386 [INFO] WebApp:533 - Chromium requires no authentication
2025-01-03 13:56:10,387 [INFO] WebApp:476 - Direct internet connection detected
2025-01-03 13:56:10,510 [INFO] WebApp:220 - Starting web application
2025-01-03 13:56:10,510 [INFO] WebApp:578 - Web application path used C:\ST\STM32CubeIDE_1.16.1\STM32CubeIDE\plugins\com.st.stm32cube.common.mx_6.12.1.202409122256\db\plugins\mcufinder\reactClient1\index.html
2025-01-03 13:56:10,641 [INFO] UserAuth:417 - Internet connection configuration mode: 1
2025-01-03 13:56:10,663 [INFO] WebApp:186 - Connection restablished
2025-01-03 17:22:17,105 [ERROR] LogOutputStream:75 - [STDERR_REDIRECT] 
