2025-09-12 14:51:19,541 [INFO] Activator:176 - 


2025-09-12 14:51:19,546 [INFO] Activator:177 - !SESSION log4j initialized
2025-09-12 14:51:26,218 [INFO] LogOutputStream:77 - [STDOUT_REDIRECT] 
2025-09-12 14:51:32,156 [INFO] ApplicationProperties:184 - Using Application install path: C:\ST\STM32CubeIDE_1.16.1\STM32CubeIDE\plugins\com.st.stm32cube.common.mx_6.12.1.202409122256
2025-09-12 14:51:32,171 [INFO] DbMcusXml:78 - Set database path to: C:\ST\STM32CubeIDE_1.16.1\STM32CubeIDE\plugins\com.st.stm32cube.common.mx_6.12.1.202409122256\\db\/mcu/
2025-09-12 14:51:32,171 [INFO] ApiDb:274 - Set plugin database path to: C:\ST\STM32CubeIDE_1.16.1\STM32CubeIDE\plugins\com.st.stm32cube.common.mx_6.12.1.202409122256\\db\/plugins/boardmanager/
2025-09-12 14:51:32,171 [WARN] ApiDb:259 - Overriding images path with different value:  => C:\ST\STM32CubeIDE_1.16.1\STM32CubeIDE\plugins\com.st.stm32cube.common.mx_6.12.1.202409122256\\db\/plugins/mcufinder/images/
2025-09-12 14:51:32,186 [INFO] ApiDb:250 - Set database path to: C:\Users\RND1\.stmcufinder\plugins\mcufinder//mcu/
2025-09-12 14:51:32,187 [INFO] DbMcusAds:125 - Set database path to: C:\Users\RND1\.stmcufinder\plugins\mcufinder//mcu/
2025-09-12 14:51:32,191 [INFO] CrossReferenceDbSqlite:203 - Set database path to: C:\Users\RND1\.stmcufinder\plugins\mcufinder//mcu/cs/
2025-09-12 14:51:32,281 [INFO] RulesReader:64 - Compatibility file has been processed (297 Rules)
2025-09-12 14:51:32,365 [INFO] DbMcusXml:78 - Set database path to: C:\ST\STM32CubeIDE_1.16.1\STM32CubeIDE\plugins\com.st.stm32cube.common.mx_6.12.1.202409122256\\db\/mcu/
2025-09-12 14:51:32,365 [INFO] ApiDb:274 - Set plugin database path to: C:\ST\STM32CubeIDE_1.16.1\STM32CubeIDE\plugins\com.st.stm32cube.common.mx_6.12.1.202409122256\\db\/plugins/boardmanager/
2025-09-12 14:51:32,365 [INFO] ApiDb:261 - Set plugin images path to: C:\ST\STM32CubeIDE_1.16.1\STM32CubeIDE\plugins\com.st.stm32cube.common.mx_6.12.1.202409122256\\db\/plugins/mcufinder/images/
2025-09-12 14:51:32,365 [WARN] DbFile:41 - Overriding database path with different value: C:\Users\RND1\.stmcufinder\plugins\mcufinder/ => C:\Users\RND1\.stmcufinder\plugins\mcufinder
2025-09-12 14:51:32,365 [INFO] ApiDb:250 - Set database path to: C:\Users\RND1\.stmcufinder\plugins\mcufinder//mcu/
2025-09-12 14:51:32,365 [WARN] DbFile:41 - Overriding database path with different value: C:\Users\RND1\.stmcufinder\plugins\mcufinder/ => C:\Users\RND1\.stmcufinder\plugins\mcufinder
2025-09-12 14:51:32,365 [INFO] DbMcusAds:125 - Set database path to: C:\Users\RND1\.stmcufinder\plugins\mcufinder//mcu/
2025-09-12 14:51:32,365 [WARN] DbFile:41 - Overriding database path with different value: C:\Users\RND1\.stmcufinder\plugins\mcufinder/ => C:\Users\RND1\.stmcufinder\plugins\mcufinder
2025-09-12 14:51:32,365 [WARN] DbFile:41 - Overriding database path with different value: C:\Users\RND1\.stmcufinder\plugins\mcufinder/ => C:\Users\RND1\.stmcufinder\plugins\mcufinder
2025-09-12 14:51:32,365 [INFO] CrossReferenceDbSqlite:203 - Set database path to: C:\Users\RND1\.stmcufinder\plugins\mcufinder//mcu/cs/
2025-09-12 14:51:32,432 [INFO] MainPanel:268 - HeapMemory: 295698432
2025-09-12 14:51:32,512 [INFO] DbMcusXml:78 - Set database path to: C:\ST\STM32CubeIDE_1.16.1\STM32CubeIDE\plugins\com.st.stm32cube.common.mx_6.12.1.202409122256\\db\/mcu/
2025-09-12 14:51:32,512 [INFO] ApiDb:274 - Set plugin database path to: C:\ST\STM32CubeIDE_1.16.1\STM32CubeIDE\plugins\com.st.stm32cube.common.mx_6.12.1.202409122256\\db\/plugins/boardmanager/
2025-09-12 14:51:32,512 [INFO] ApiDb:261 - Set plugin images path to: C:\ST\STM32CubeIDE_1.16.1\STM32CubeIDE\plugins\com.st.stm32cube.common.mx_6.12.1.202409122256\\db\/plugins/mcufinder/images/
2025-09-12 14:51:32,512 [WARN] DbFile:41 - Overriding database path with different value: C:\Users\RND1\.stmcufinder\plugins\mcufinder/ => C:\Users\RND1\.stmcufinder\plugins\mcufinder
2025-09-12 14:51:32,512 [INFO] ApiDb:250 - Set database path to: C:\Users\RND1\.stmcufinder\plugins\mcufinder//mcu/
2025-09-12 14:51:32,512 [WARN] DbFile:41 - Overriding database path with different value: C:\Users\RND1\.stmcufinder\plugins\mcufinder/ => C:\Users\RND1\.stmcufinder\plugins\mcufinder
2025-09-12 14:51:32,513 [INFO] DbMcusAds:125 - Set database path to: C:\Users\RND1\.stmcufinder\plugins\mcufinder//mcu/
2025-09-12 14:51:32,513 [WARN] DbFile:41 - Overriding database path with different value: C:\Users\RND1\.stmcufinder\plugins\mcufinder/ => C:\Users\RND1\.stmcufinder\plugins\mcufinder
2025-09-12 14:51:32,513 [WARN] DbFile:41 - Overriding database path with different value: C:\Users\RND1\.stmcufinder\plugins\mcufinder/ => C:\Users\RND1\.stmcufinder\plugins\mcufinder
2025-09-12 14:51:32,513 [INFO] CrossReferenceDbSqlite:203 - Set database path to: C:\Users\RND1\.stmcufinder\plugins\mcufinder//mcu/cs/
2025-09-12 14:51:32,527 [INFO] ApplicationProperties:184 - Using Application install path: C:\ST\STM32CubeIDE_1.16.1\STM32CubeIDE\plugins\com.st.stm32cube.common.mx_6.12.1.202409122256
2025-09-12 14:51:32,529 [INFO] PluginManage:196 - Search for loadable plugins [exclusion list=, ]
2025-09-12 14:51:32,530 [INFO] PluginManage:310 - Check plugin analytics
2025-09-12 14:51:32,693 [INFO] AnalyticsPlugin:253 - Accepted Software Licenses: STM32CubeMX.6.10.0
2025-09-12 14:51:32,694 [INFO] AnalyticsPlugin:255 - Accepted CMSIS Pack Licenses: 
2025-09-12 14:51:32,694 [INFO] AnalyticsPlugin:257 - Accepted Firmware Licenses: FW.G4.1.5.0,FW.G4.1.6.0,FW.F4.1.28.0,FW.H7.1.11.0
2025-09-12 14:51:32,697 [INFO] PluginManage:359 - Loaded plugin analytics (category:tool,tabindex:-1)
2025-09-12 14:51:32,697 [INFO] PluginManage:310 - Check plugin cadmodel
2025-09-12 14:51:32,718 [INFO] CADModel:105 - Init CAD model plugin
2025-09-12 14:51:32,718 [INFO] PluginManage:359 - Loaded plugin cadmodel (category:power,tabindex:5)
2025-09-12 14:51:32,718 [INFO] PluginManage:310 - Check plugin clock
2025-09-12 14:51:32,739 [INFO] PluginManage:359 - Loaded plugin clock (category:base,tabindex:2)
2025-09-12 14:51:32,739 [INFO] PluginManage:310 - Check plugin ddr
2025-09-12 14:51:32,742 [INFO] PluginManage:359 - Loaded plugin ddr (category:tool,tabindex:6)
2025-09-12 14:51:32,742 [INFO] PluginManage:310 - Check plugin filemanager
2025-09-12 14:51:32,866 [INFO] PluginManage:359 - Loaded plugin filemanager (category:base,tabindex:10)
2025-09-12 14:51:32,866 [INFO] PluginManage:310 - Check plugin ipmanager
2025-09-12 14:51:32,872 [INFO] PluginManage:359 - Loaded plugin ipmanager (category:base,tabindex:5)
2025-09-12 14:51:32,872 [INFO] PluginManage:310 - Check plugin lpbam
2025-09-12 14:51:32,891 [INFO] PluginManage:359 - Loaded plugin lpbam (category:base,tabindex:0)
2025-09-12 14:51:32,891 [INFO] PluginManage:310 - Check plugin memorymap
2025-09-12 14:51:32,914 [INFO] PluginManage:359 - Loaded plugin memorymap (category:base,tabindex:4)
2025-09-12 14:51:32,914 [INFO] PluginManage:310 - Check plugin pinoutandconfiguration
2025-09-12 14:51:32,933 [INFO] PluginManage:359 - Loaded plugin pinoutandconfiguration (category:base,tabindex:1)
2025-09-12 14:51:32,934 [INFO] PluginManage:310 - Check plugin pinoutconfig
2025-09-12 14:51:33,012 [WARN] SupportedApi:132 - Cannot load RTOS API schema: s4s-elt-must-match.1: The content of 'definitions' must match (annotation?, (simpleType | complexType)?, (unique | key | keyref)*)). A problem was found starting at: attribute.
2025-09-12 14:51:33,118 [INFO] PluginManage:359 - Loaded plugin pinoutconfig (category:base,tabindex:0)
2025-09-12 14:51:33,118 [INFO] PluginManage:310 - Check plugin power
2025-09-12 14:51:33,143 [INFO] PluginManage:359 - Loaded plugin power (category:power,tabindex:4)
2025-09-12 14:51:33,143 [INFO] PluginManage:310 - Check plugin projectmanager
2025-09-12 14:51:33,155 [INFO] PluginManage:359 - Loaded plugin projectmanager (category:projectmanager,tabindex:4)
2025-09-12 14:51:33,155 [INFO] PluginManage:310 - Check plugin rif
2025-09-12 14:51:33,174 [INFO] PluginManage:359 - Loaded plugin rif (category:base,tabindex:3)
2025-09-12 14:51:33,174 [INFO] PluginManage:310 - Check plugin thirdparty
2025-09-12 14:51:33,442 [INFO] PluginManage:359 - Loaded plugin thirdparty (category:base,tabindex:-1)
2025-09-12 14:51:33,442 [WARN] IntegrityCheckThread:84 - waiting for thirdparty lock release [integrity check]
2025-09-12 14:51:33,442 [INFO] PluginManage:310 - Check plugin tools
2025-09-12 14:51:33,442 [INFO] IntegrityCheckThread:86 - entering critical section [integrity check]
2025-09-12 14:51:33,443 [INFO] ThirdPartyUpdaterWithRetryManager:70 - Updater plugin not ready yet. [1/15]
2025-09-12 14:51:33,478 [INFO] PluginManage:359 - Loaded plugin tools (category:base,tabindex:7)
2025-09-12 14:51:33,478 [INFO] PluginManage:310 - Check plugin tutovideos
2025-09-12 14:51:33,630 [INFO] PluginManage:359 - Loaded plugin tutovideos (category:base,tabindex:-1)
2025-09-12 14:51:33,630 [INFO] PluginManage:310 - Check plugin updater
2025-09-12 14:51:33,642 [INFO] PluginManage:359 - Loaded plugin updater (category:base,tabindex:12)
2025-09-12 14:51:33,642 [INFO] PluginManage:310 - Check plugin userauth
2025-09-12 14:51:33,648 [INFO] UserAuth:113 - Init User Auth plugin
2025-09-12 14:51:33,648 [INFO] PluginManage:359 - Loaded plugin userauth (category:base,tabindex:14)
2025-09-12 14:51:33,648 [INFO] PluginManage:283 - PluginManage : Loaded plugins [18]
2025-09-12 14:51:33,810 [INFO] PinOutPanel:1561 - setPackage(No Configuration,No Configuration)
2025-09-12 14:51:33,884 [INFO] CADModel:165 - CPN selected for project level
2025-09-12 14:51:33,884 [INFO] CADModel:114 - Register for checkConnection events
2025-09-12 14:51:33,908 [INFO] IPUIPlugin:80 - create IPUIPlugin
2025-09-12 14:51:33,908 [INFO] PluginManager:220 - loadIPPluginJar : add adc
2025-09-12 14:51:33,944 [INFO] IPUIPlugin:80 - create IPUIPlugin
2025-09-12 14:51:33,944 [INFO] PluginManager:220 - loadIPPluginJar : add aes
2025-09-12 14:51:33,985 [INFO] IPUIPlugin:80 - create IPUIPlugin
2025-09-12 14:51:33,985 [INFO] PluginManager:220 - loadIPPluginJar : add can
2025-09-12 14:51:34,010 [INFO] IPUIPlugin:80 - create IPUIPlugin
2025-09-12 14:51:34,011 [INFO] PluginManager:220 - loadIPPluginJar : add comp
2025-09-12 14:51:34,049 [INFO] IPUIPlugin:80 - create IPUIPlugin
2025-09-12 14:51:34,049 [INFO] PluginManager:220 - loadIPPluginJar : add cryp
2025-09-12 14:51:34,063 [INFO] IPUIPlugin:80 - create IPUIPlugin
2025-09-12 14:51:34,063 [INFO] PluginManager:220 - loadIPPluginJar : add ddr_ctrl_phy
2025-09-12 14:51:34,093 [INFO] IPUIPlugin:80 - create IPUIPlugin
2025-09-12 14:51:34,093 [INFO] PluginManager:220 - loadIPPluginJar : add dfsdm
2025-09-12 14:51:34,106 [INFO] IPUIPlugin:80 - create IPUIPlugin
2025-09-12 14:51:34,106 [INFO] PluginManager:220 - loadIPPluginJar : add dma
2025-09-12 14:51:34,150 [INFO] IPUIPlugin:80 - create IPUIPlugin
2025-09-12 14:51:34,150 [INFO] PluginManager:220 - loadIPPluginJar : add dma3
2025-09-12 14:51:34,193 [INFO] IPUIPlugin:80 - create IPUIPlugin
2025-09-12 14:51:34,193 [INFO] PluginManager:220 - loadIPPluginJar : add extmemmanager
2025-09-12 14:51:34,214 [INFO] IPUIPlugin:80 - create IPUIPlugin
2025-09-12 14:51:34,215 [INFO] PluginManager:220 - loadIPPluginJar : add fatfs
2025-09-12 14:51:34,259 [INFO] IPUIPlugin:80 - create IPUIPlugin
2025-09-12 14:51:34,259 [INFO] PluginManager:220 - loadIPPluginJar : add fmc
2025-09-12 14:51:34,274 [INFO] IPUIPlugin:80 - create IPUIPlugin
2025-09-12 14:51:34,274 [INFO] PluginManager:220 - loadIPPluginJar : add freertos
2025-09-12 14:51:34,296 [INFO] IPUIPlugin:80 - create IPUIPlugin
2025-09-12 14:51:34,296 [INFO] PluginManager:220 - loadIPPluginJar : add genericplugin
2025-09-12 14:51:34,409 [INFO] IPUIPlugin:80 - create IPUIPlugin
2025-09-12 14:51:34,409 [INFO] PluginManager:220 - loadIPPluginJar : add gfxmmu
2025-09-12 14:51:34,531 [INFO] IPUIPlugin:80 - create IPUIPlugin
2025-09-12 14:51:34,531 [INFO] PluginManager:220 - loadIPPluginJar : add gic
2025-09-12 14:51:34,544 [INFO] IPUIPlugin:80 - create IPUIPlugin
2025-09-12 14:51:34,545 [INFO] PluginManager:220 - loadIPPluginJar : add gpio
2025-09-12 14:51:34,631 [INFO] IPUIPlugin:80 - create IPUIPlugin
2025-09-12 14:51:34,631 [INFO] PluginManager:220 - loadIPPluginJar : add gtzc
2025-09-12 14:51:34,662 [INFO] IPUIPlugin:80 - create IPUIPlugin
2025-09-12 14:51:34,663 [INFO] PluginManager:220 - loadIPPluginJar : add hash
2025-09-12 14:51:34,713 [INFO] IPUIPlugin:80 - create IPUIPlugin
2025-09-12 14:51:34,713 [INFO] PluginManager:220 - loadIPPluginJar : add i2c
2025-09-12 14:51:34,753 [INFO] IPUIPlugin:80 - create IPUIPlugin
2025-09-12 14:51:34,754 [INFO] PluginManager:220 - loadIPPluginJar : add i2s
2025-09-12 14:51:34,792 [INFO] IPUIPlugin:80 - create IPUIPlugin
2025-09-12 14:51:34,792 [INFO] PluginManager:220 - loadIPPluginJar : add i3c
2025-09-12 14:51:34,884 [INFO] IPUIPlugin:80 - create IPUIPlugin
2025-09-12 14:51:34,884 [INFO] PluginManager:220 - loadIPPluginJar : add ipddr
2025-09-12 14:51:34,972 [INFO] IPUIPlugin:80 - create IPUIPlugin
2025-09-12 14:51:34,972 [INFO] PluginManager:220 - loadIPPluginJar : add linkedlist
2025-09-12 14:51:35,012 [INFO] IPUIPlugin:80 - create IPUIPlugin
2025-09-12 14:51:35,012 [INFO] PluginManager:220 - loadIPPluginJar : add lorawan
2025-09-12 14:51:35,055 [INFO] IPUIPlugin:80 - create IPUIPlugin
2025-09-12 14:51:35,055 [INFO] PluginManager:220 - loadIPPluginJar : add ltdc
2025-09-12 14:51:35,068 [INFO] IPUIPlugin:80 - create IPUIPlugin
2025-09-12 14:51:35,068 [INFO] PluginManager:220 - loadIPPluginJar : add mdma
2025-09-12 14:51:35,080 [INFO] IPUIPlugin:80 - create IPUIPlugin
2025-09-12 14:51:35,080 [INFO] PluginManager:220 - loadIPPluginJar : add nvic
2025-09-12 14:51:35,118 [INFO] IPUIPlugin:80 - create IPUIPlugin
2025-09-12 14:51:35,118 [INFO] PluginManager:220 - loadIPPluginJar : add opamp
2025-09-12 14:51:35,178 [INFO] IPUIPlugin:80 - create IPUIPlugin
2025-09-12 14:51:35,178 [INFO] PluginManager:220 - loadIPPluginJar : add openamp
2025-09-12 14:51:35,222 [INFO] IPUIPlugin:80 - create IPUIPlugin
2025-09-12 14:51:35,222 [INFO] PluginManager:220 - loadIPPluginJar : add pdm2pcm
2025-09-12 14:51:35,237 [INFO] IPUIPlugin:80 - create IPUIPlugin
2025-09-12 14:51:35,239 [INFO] PluginManager:220 - loadIPPluginJar : add plateformsettings
2025-09-12 14:51:35,264 [INFO] IPUIPlugin:80 - create IPUIPlugin
2025-09-12 14:51:35,265 [INFO] PluginManager:220 - loadIPPluginJar : add quadspi
2025-09-12 14:51:35,294 [INFO] IPUIPlugin:80 - create IPUIPlugin
2025-09-12 14:51:35,295 [INFO] PluginManager:220 - loadIPPluginJar : add radio
2025-09-12 14:51:35,311 [INFO] IPUIPlugin:80 - create IPUIPlugin
2025-09-12 14:51:35,311 [INFO] PluginManager:220 - loadIPPluginJar : add resmgrutility
2025-09-12 14:51:35,366 [INFO] IPUIPlugin:80 - create IPUIPlugin
2025-09-12 14:51:35,366 [INFO] PluginManager:220 - loadIPPluginJar : add sai
2025-09-12 14:51:35,406 [INFO] IPUIPlugin:80 - create IPUIPlugin
2025-09-12 14:51:35,407 [INFO] PluginManager:220 - loadIPPluginJar : add spi
2025-09-12 14:51:35,470 [INFO] IPUIPlugin:80 - create IPUIPlugin
2025-09-12 14:51:35,470 [INFO] PluginManager:220 - loadIPPluginJar : add stm32_wpan
2025-09-12 14:51:35,497 [INFO] IPUIPlugin:80 - create IPUIPlugin
2025-09-12 14:51:35,497 [INFO] PluginManager:220 - loadIPPluginJar : add tim
2025-09-12 14:51:35,554 [INFO] IPUIPlugin:80 - create IPUIPlugin
2025-09-12 14:51:35,554 [INFO] PluginManager:220 - loadIPPluginJar : add touchsensing
2025-09-12 14:51:35,577 [INFO] IPUIPlugin:80 - create IPUIPlugin
2025-09-12 14:51:35,577 [INFO] PluginManager:220 - loadIPPluginJar : add tracer_emb
2025-09-12 14:51:35,602 [INFO] IPUIPlugin:80 - create IPUIPlugin
2025-09-12 14:51:35,602 [INFO] PluginManager:220 - loadIPPluginJar : add ts
2025-09-12 14:51:35,626 [INFO] IPUIPlugin:80 - create IPUIPlugin
2025-09-12 14:51:35,626 [INFO] PluginManager:220 - loadIPPluginJar : add tsc
2025-09-12 14:51:35,651 [INFO] IPUIPlugin:80 - create IPUIPlugin
2025-09-12 14:51:35,651 [INFO] PluginManager:220 - loadIPPluginJar : add ucpd
2025-09-12 14:51:35,692 [INFO] IPUIPlugin:80 - create IPUIPlugin
2025-09-12 14:51:35,692 [INFO] PluginManager:220 - loadIPPluginJar : add usart
2025-09-12 14:51:35,733 [INFO] IPUIPlugin:80 - create IPUIPlugin
2025-09-12 14:51:35,733 [INFO] PluginManager:220 - loadIPPluginJar : add usbx
2025-09-12 14:51:35,847 [INFO] CADModel:165 - CPN selected for project level
2025-09-12 14:51:35,847 [INFO] CADModel:114 - Register for checkConnection events
2025-09-12 14:51:35,847 [FATAL] Updater:334 - Updater called before beeing initialized
2025-09-12 14:51:35,847 [ERROR] CADModel:125 - Updater not yet initialized, retry later 
2025-09-12 14:51:35,939 [INFO] CADModel:165 - CPN selected for project level
2025-09-12 14:51:35,939 [INFO] CADModel:114 - Register for checkConnection events
2025-09-12 14:51:35,939 [FATAL] Updater:334 - Updater called before beeing initialized
2025-09-12 14:51:35,939 [ERROR] CADModel:125 - Updater not yet initialized, retry later 
2025-09-12 14:51:35,940 [FATAL] Updater:334 - Updater called before beeing initialized
2025-09-12 14:51:36,023 [FATAL] Updater:334 - Updater called before beeing initialized
2025-09-12 14:51:36,032 [INFO] DbMcusAds:53 - JSON generation date=Tue Jul 08 17:14:23 KST 2025 (1751962463582)
2025-09-12 14:51:36,033 [FATAL] Updater:334 - Updater called before beeing initialized
2025-09-12 14:51:36,062 [WARN] DetailPanel:346 - Failed to get advertising image, set to default
2025-09-12 14:51:36,131 [FATAL] Updater:334 - Updater called before beeing initialized
2025-09-12 14:51:36,132 [FATAL] Updater:334 - Updater called before beeing initialized
2025-09-12 14:51:36,132 [FATAL] Updater:334 - Updater called before beeing initialized
2025-09-12 14:51:36,132 [WARN] DetailPanel:346 - Failed to get advertising image, set to default
2025-09-12 14:51:36,133 [FATAL] Updater:334 - Updater called before beeing initialized
2025-09-12 14:51:36,180 [ERROR] Updater:1164 - MainUpdater not yet initialized. External WinMGr cannot be set.
2025-09-12 14:51:36,190 [INFO] Updater:1100 - Updater Version found : 6.12.1
2025-09-12 14:51:36,204 [INFO] ApplicationProperties:184 - Using Application install path: C:\ST\STM32CubeIDE_1.16.1\STM32CubeIDE\plugins\com.st.stm32cube.common.mx_6.12.1.202409122256
2025-09-12 14:51:36,444 [INFO] ThirdPartyUpdaterWithRetryManager:70 - Updater plugin not ready yet. [2/15]
2025-09-12 14:51:37,055 [INFO] MainUpdater:2873 - connection check result : 10
2025-09-12 14:51:37,056 [INFO] MainUpdater:290 - Updater Check For Update Now.
2025-09-12 14:51:37,056 [INFO] MicroXplorer:498 - Change Database Version : DB.6.0.121
2025-09-12 14:51:37,072 [INFO] McuFinderGlobals:63 - Set McuFinder mode to 2 (CubeIDE integrated)
2025-09-12 14:51:37,080 [INFO] UserAuth:417 - Internet connection configuration mode: 1
2025-09-12 14:51:37,118 [INFO] JxBrowserEngine:152 - Initiate JxBrowser Engine with user profile folder
2025-09-12 14:51:37,245 [INFO] CheckServerUpdateThread:120 - End of CheckServer Thread
2025-09-12 14:51:39,442 [INFO] WebApp:167 - Instantiating new browser for Auth
2025-09-12 14:51:39,708 [WARN] PackLoader:240 - Cannot read IP mode file for STMicroelectronics.FP-SNS-MOTENVWB1.1.4.0
2025-09-12 14:51:39,723 [WARN] PackLoader:240 - Cannot read IP mode file for STMicroelectronics.FP-ATR-ASTRA1.2.0.2
2025-09-12 14:51:39,734 [WARN] PackLoader:240 - Cannot read IP mode file for STMicroelectronics.FP-ATR-ASTRA1.2.0.1
2025-09-12 14:51:39,748 [WARN] PackLoader:240 - Cannot read IP mode file for STMicroelectronics.X-CUBE-SMBUS.2.1.0
2025-09-12 14:51:39,763 [WARN] PackLoader:240 - Cannot read IP mode file for STMicroelectronics.X-CUBE-WB05N.1.1.0
2025-09-12 14:51:39,774 [ERROR] Engine:466 - C:\Users\RND1\.stm32cubemx\thirdparties\pdsc\STMicroelectronics.X-CUBE-ST60.1.0.0.pdsc: PDSC version is not supported
2025-09-12 14:51:39,789 [WARN] PackLoader:240 - Cannot read IP mode file for STMicroelectronics.X-CUBE-TOUCHGFX.4.23.0
2025-09-12 14:51:39,800 [WARN] PackLoader:240 - Cannot read IP mode file for STMicroelectronics.X-CUBE-TOUCHGFX.4.23.2
2025-09-12 14:51:39,826 [WARN] PackLoader:240 - Cannot read IP mode file for STMicroelectronics.X-CUBE-AZRTOS-F7.1.1.0
2025-09-12 14:51:39,845 [WARN] PackLoader:240 - Cannot read IP mode file for STMicroelectronics.FP-SNS-MOTENV1.4.3.2
2025-09-12 14:51:39,890 [WARN] PackLoader:240 - Cannot read IP mode file for STMicroelectronics.X-CUBE-MEMS1.11.0.0
2025-09-12 14:51:39,975 [WARN] PackLoader:240 - Cannot read IP mode file for STMicroelectronics.FP-SNS-FLIGHT1.5.0.2
2025-09-12 14:51:40,002 [WARN] PackLoader:240 - Cannot read IP mode file for STMicroelectronics.X-CUBE-AZRTOS-H7.3.4.0
2025-09-12 14:51:40,018 [WARN] PackLoader:240 - Cannot read IP mode file for STMicroelectronics.X-CUBE-DISPLAY.3.0.0
2025-09-12 14:51:40,034 [WARN] PackLoader:240 - Cannot read IP mode file for STMicroelectronics.X-CUBE-BLE1.7.0.0
2025-09-12 14:51:40,047 [WARN] PackLoader:240 - Cannot read IP mode file for STMicroelectronics.X-CUBE-NFC10.1.0.0
2025-09-12 14:51:40,064 [WARN] PackLoader:240 - Cannot read IP mode file for STMicroelectronics.X-CUBE-BLEMGR.4.0.0
2025-09-12 14:51:40,087 [WARN] PackLoader:240 - Cannot read IP mode file for emotas.I-CUBE-CANOPEN.1.3.0
2025-09-12 14:51:40,103 [WARN] PackLoader:240 - Cannot read IP mode file for STMicroelectronics.X-CUBE-BLEMGR.3.1.0
2025-09-12 14:51:40,117 [WARN] PackLoader:240 - Cannot read IP mode file for STMicroelectronics.X-CUBE-AI.10.0.0
2025-09-12 14:51:40,130 [ERROR] Engine:466 - C:\Users\RND1\.stm32cubemx\thirdparties\pdsc\STMicroelectronics.FP-SNS-STBOX1.2.1.0.pdsc: PDSC version is not supported
2025-09-12 14:51:40,142 [WARN] PackLoader:240 - Cannot read IP mode file for STMicroelectronics.FP-SNS-SMARTAG2.1.2.0
2025-09-12 14:51:40,153 [ERROR] Engine:466 - C:\Users\RND1\.stm32cubemx\thirdparties\pdsc\STMicroelectronics.FP-SNS-FLIGHT1.5.1.0.pdsc: PDSC version is not supported
2025-09-12 14:51:40,196 [WARN] PackLoader:240 - Cannot read IP mode file for STMicroelectronics.X-CUBE-MEMS1.11.1.0
2025-09-12 14:51:40,339 [INFO] LogOutputStream:77 - [STDOUT_REDIRECT] 1 : Invalid condition id : UX_CORESTACK_Condition cause : null
2025-09-12 14:51:40,340 [INFO] LogOutputStream:77 - [STDOUT_REDIRECT] 1 : Invalid condition id : UX_CORESTACK_Condition cause : null
2025-09-12 14:51:40,341 [INFO] LogOutputStream:77 - [STDOUT_REDIRECT] 1 : Invalid condition id : UX_CORESTACK_Condition cause : null
2025-09-12 14:51:40,343 [INFO] LogOutputStream:77 - [STDOUT_REDIRECT] 1 : Invalid condition id : UX_CORESTACK_Condition cause : null
2025-09-12 14:51:40,344 [INFO] LogOutputStream:77 - [STDOUT_REDIRECT] 1 : Invalid condition id : UX_CORESTACK_Condition cause : null
2025-09-12 14:51:40,348 [WARN] PackLoader:240 - Cannot read IP mode file for STMicroelectronics.X-CUBE-AZRTOS-WL.2.0.0
2025-09-12 14:51:40,369 [WARN] PackLoader:240 - Cannot read IP mode file for STMicroelectronics.FP-SNS-MOTENV1.5.0.0
2025-09-12 14:51:40,388 [WARN] PackLoader:240 - Cannot read IP mode file for wolfSSL.I-CUBE-wolfMQTT.1.19.0
2025-09-12 14:51:40,413 [WARN] PackLoader:240 - Cannot read IP mode file for WES.I-CUBE-Cesium.1.3.0
2025-09-12 14:51:40,432 [INFO] WebApp:448 - Apply proxy settings
2025-09-12 14:51:40,435 [WARN] PackLoader:240 - Cannot read IP mode file for STMicroelectronics.X-CUBE-BLE2.3.3.0
2025-09-12 14:51:40,440 [INFO] WebApp:493 - Chromium authenticates against Manually configured proxy
2025-09-12 14:51:40,454 [INFO] WebApp:501 - Username used for proxy authentication: 
2025-09-12 14:51:40,455 [WARN] PackLoader:240 - Cannot read IP mode file for STMicroelectronics.X-CUBE-NFC9.1.0.0
2025-09-12 14:51:40,472 [WARN] PackLoader:240 - Cannot read IP mode file for STMicroelectronics.X-CUBE-BLE1.7.1.0
2025-09-12 14:51:40,488 [WARN] PackLoader:240 - Cannot read IP mode file for STMicroelectronics.X-CUBE-TCPP.4.1.0
2025-09-12 14:51:40,505 [WARN] PackLoader:240 - Cannot read IP mode file for STMicroelectronics.X-CUBE-EEPRMA1.5.2.0
2025-09-12 14:51:40,521 [WARN] PackLoader:240 - Cannot read IP mode file for STMicroelectronics.X-CUBE-AI.10.1.0
2025-09-12 14:51:40,536 [WARN] PackLoader:240 - Cannot read IP mode file for STMicroelectronics.X-CUBE-ALGOBUILD.1.3.0
2025-09-12 14:51:40,572 [WARN] PackLoader:240 - Cannot read IP mode file for STMicroelectronics.X-CUBE-MEMS1.11.2.0
2025-09-12 14:51:40,585 [INFO] WebApp:869 - Register for checkConnection events
2025-09-12 14:51:40,586 [INFO] WebApp:448 - Apply proxy settings
2025-09-12 14:51:40,591 [INFO] WebApp:493 - Chromium authenticates against Manually configured proxy
2025-09-12 14:51:40,591 [INFO] WebApp:501 - Username used for proxy authentication: 
2025-09-12 14:51:40,648 [WARN] PackLoader:240 - Cannot read IP mode file for STMicroelectronics.X-CUBE-AZRTOS-G0.1.1.0
2025-09-12 14:51:40,664 [WARN] PackLoader:240 - Cannot read IP mode file for STMicroelectronics.X-CUBE-SAFEA1.1.2.2
2025-09-12 14:51:40,680 [WARN] PackLoader:240 - Cannot read IP mode file for STMicroelectronics.X-CUBE-NFC4.3.0.0
2025-09-12 14:51:40,693 [WARN] PackLoader:240 - Cannot read IP mode file for wolfSSL.I-CUBE-wolfMQTT.1.18.0
2025-09-12 14:51:40,709 [WARN] PackLoader:240 - Cannot read IP mode file for EmbeddedOffice.I-CUBE-FS-RTOS.1.0.1
2025-09-12 14:51:40,709 [ERROR] ConditionMgr:805 - Attr not supported : Dmpu
2025-09-12 14:51:40,710 [ERROR] ConditionMgr:805 - Attr not supported : Dmpu
2025-09-12 14:51:40,710 [ERROR] ConditionMgr:805 - Attr not supported : Dmpu
2025-09-12 14:51:40,710 [ERROR] ConditionMgr:805 - Attr not supported : Dmpu
2025-09-12 14:51:40,710 [ERROR] ConditionMgr:805 - Attr not supported : Dmpu
2025-09-12 14:51:40,711 [ERROR] ConditionMgr:805 - Attr not supported : Dmpu
2025-09-12 14:51:40,711 [ERROR] ConditionMgr:805 - Attr not supported : Dmpu
2025-09-12 14:51:40,711 [ERROR] ConditionMgr:805 - Attr not supported : Dmpu
2025-09-12 14:51:40,711 [ERROR] ConditionMgr:805 - Attr not supported : Dmpu
2025-09-12 14:51:40,711 [ERROR] ConditionMgr:805 - Attr not supported : Dmpu
2025-09-12 14:51:40,711 [ERROR] ConditionMgr:805 - Attr not supported : Dmpu
2025-09-12 14:51:40,711 [ERROR] ConditionMgr:805 - Attr not supported : Dmpu
2025-09-12 14:51:40,711 [ERROR] ConditionMgr:805 - Attr not supported : Dmpu
2025-09-12 14:51:40,711 [ERROR] ConditionMgr:805 - Attr not supported : Dmpu
2025-09-12 14:51:40,711 [ERROR] ConditionMgr:805 - Attr not supported : Dmpu
2025-09-12 14:51:40,711 [ERROR] ConditionMgr:805 - Attr not supported : Dmpu
2025-09-12 14:51:40,711 [ERROR] ConditionMgr:805 - Attr not supported : Dmpu
2025-09-12 14:51:40,711 [ERROR] ConditionMgr:805 - Attr not supported : Dmpu
2025-09-12 14:51:40,711 [ERROR] ConditionMgr:805 - Attr not supported : Dmpu
2025-09-12 14:51:40,711 [ERROR] ConditionMgr:805 - Attr not supported : Dmpu
2025-09-12 14:51:40,711 [ERROR] ConditionMgr:805 - Attr not supported : Dmpu
2025-09-12 14:51:40,712 [ERROR] ConditionMgr:805 - Attr not supported : Dmpu
2025-09-12 14:51:40,712 [ERROR] ConditionMgr:805 - Attr not supported : Dmpu
2025-09-12 14:51:40,712 [ERROR] ConditionMgr:805 - Attr not supported : Dmpu
2025-09-12 14:51:40,712 [ERROR] ConditionMgr:805 - Attr not supported : Dmpu
2025-09-12 14:51:40,712 [ERROR] ConditionMgr:805 - Attr not supported : Dmpu
2025-09-12 14:51:40,712 [ERROR] ConditionMgr:805 - Attr not supported : Dmpu
2025-09-12 14:51:40,712 [ERROR] ConditionMgr:805 - Attr not supported : Dmpu
2025-09-12 14:51:40,712 [ERROR] ConditionMgr:805 - Attr not supported : Dmpu
2025-09-12 14:51:40,712 [ERROR] ConditionMgr:805 - Attr not supported : Dmpu
2025-09-12 14:51:40,712 [ERROR] ConditionMgr:805 - Attr not supported : Dmpu
2025-09-12 14:51:40,712 [ERROR] ConditionMgr:805 - Attr not supported : Dmpu
2025-09-12 14:51:40,712 [ERROR] ConditionMgr:805 - Attr not supported : Dmpu
2025-09-12 14:51:40,712 [ERROR] ConditionMgr:805 - Attr not supported : Dmpu
2025-09-12 14:51:40,712 [ERROR] ConditionMgr:805 - Attr not supported : Dmpu
2025-09-12 14:51:40,712 [ERROR] ConditionMgr:805 - Attr not supported : Dmpu
2025-09-12 14:51:40,713 [ERROR] ConditionMgr:805 - Attr not supported : Dmpu
2025-09-12 14:51:40,713 [ERROR] ConditionMgr:805 - Attr not supported : Dmpu
2025-09-12 14:51:40,713 [ERROR] ConditionMgr:805 - Attr not supported : Dmpu
2025-09-12 14:51:40,713 [ERROR] ConditionMgr:805 - Attr not supported : Dmpu
2025-09-12 14:51:40,714 [ERROR] ConditionMgr:805 - Attr not supported : Dmpu
2025-09-12 14:51:40,714 [ERROR] ConditionMgr:805 - Attr not supported : Dmpu
2025-09-12 14:51:40,714 [ERROR] ConditionMgr:805 - Attr not supported : Dmpu
2025-09-12 14:51:40,714 [ERROR] ConditionMgr:805 - Attr not supported : Dmpu
2025-09-12 14:51:40,715 [ERROR] ConditionMgr:805 - Attr not supported : Dmpu
2025-09-12 14:51:40,715 [ERROR] ConditionMgr:805 - Attr not supported : Dmpu
2025-09-12 14:51:40,715 [ERROR] ConditionMgr:805 - Attr not supported : Dmpu
2025-09-12 14:51:40,715 [ERROR] ConditionMgr:805 - Attr not supported : Dmpu
2025-09-12 14:51:40,715 [ERROR] ConditionMgr:805 - Attr not supported : Dmpu
2025-09-12 14:51:40,715 [ERROR] ConditionMgr:805 - Attr not supported : Dmpu
2025-09-12 14:51:40,715 [ERROR] ConditionMgr:805 - Attr not supported : Dmpu
2025-09-12 14:51:40,715 [ERROR] ConditionMgr:805 - Attr not supported : Dmpu
2025-09-12 14:51:40,715 [ERROR] ConditionMgr:805 - Attr not supported : Dmpu
2025-09-12 14:51:40,715 [ERROR] ConditionMgr:805 - Attr not supported : Dmpu
2025-09-12 14:51:40,715 [ERROR] ConditionMgr:805 - Attr not supported : Dmpu
2025-09-12 14:51:40,715 [ERROR] ConditionMgr:805 - Attr not supported : Dmpu
2025-09-12 14:51:40,716 [ERROR] ConditionMgr:805 - Attr not supported : Dmpu
2025-09-12 14:51:40,716 [ERROR] ConditionMgr:805 - Attr not supported : Dmpu
2025-09-12 14:51:40,716 [ERROR] ConditionMgr:805 - Attr not supported : Dmpu
2025-09-12 14:51:40,716 [ERROR] ConditionMgr:805 - Attr not supported : Dmpu
2025-09-12 14:51:40,716 [ERROR] ConditionMgr:805 - Attr not supported : Dmpu
2025-09-12 14:51:40,716 [ERROR] ConditionMgr:805 - Attr not supported : Dmpu
2025-09-12 14:51:40,716 [ERROR] ConditionMgr:805 - Attr not supported : Dmpu
2025-09-12 14:51:40,716 [ERROR] ConditionMgr:805 - Attr not supported : Dmpu
2025-09-12 14:51:40,734 [WARN] PackLoader:240 - Cannot read IP mode file for STMicroelectronics.X-CUBE-WB05N.2.0.0
2025-09-12 14:51:40,752 [WARN] PackLoader:240 - Cannot read IP mode file for STMicroelectronics.X-CUBE-BLEMGR.3.0.0
2025-09-12 14:51:40,761 [INFO] WebApp:186 - Connection restablished
2025-09-12 14:51:40,766 [ERROR] Engine:466 - C:\Users\RND1\.stm32cubemx\thirdparties\pdsc\STMicroelectronics.X-CUBE-TCPP.4.2.0.pdsc: PDSC version is not supported
2025-09-12 14:51:40,783 [WARN] PackLoader:240 - Cannot read IP mode file for RealThread.X-CUBE-RT-Thread_Nano.4.1.1
2025-09-12 14:51:40,798 [WARN] PackLoader:240 - Cannot read IP mode file for STMicroelectronics.FP-ATR-SIGFOX1.3.2.0
2025-09-12 14:51:40,813 [WARN] ConditionMgr:438 - getConditionDescription Invalid condition id : Cortex-A Device cause : null
2025-09-12 14:51:40,848 [WARN] ConditionMgr:1039 - genDependencies : Invalid condition id : Cortex-A Device cause : null
2025-09-12 14:51:40,848 [WARN] ConditionMgr:1039 - genDependencies : Invalid condition id : Cortex-A Device cause : null
2025-09-12 14:51:40,848 [WARN] ConditionMgr:1039 - genDependencies : Invalid condition id : Cortex-A Device cause : null
2025-09-12 14:51:40,867 [WARN] PackLoader:240 - Cannot read IP mode file for STMicroelectronics.X-CUBE-EEPRMA1.5.1.0
2025-09-12 14:51:40,885 [ERROR] Engine:466 - C:\Users\RND1\.stm32cubemx\thirdparties\pdsc\STMicroelectronics.X-CUBE-ST67W61.1.0.0.pdsc: PDSC version is not supported
2025-09-12 14:51:40,904 [WARN] PackLoader:240 - Cannot read IP mode file for STMicroelectronics.X-CUBE-AI.10.2.0
2025-09-12 14:51:40,939 [WARN] PackLoader:240 - Cannot read IP mode file for SEGGER.I-CUBE-embOS.1.3.1
2025-09-12 14:51:40,986 [WARN] PackLoader:240 - Cannot read IP mode file for STMicroelectronics.X-CUBE-ALGOBUILD.1.4.0
2025-09-12 14:51:41,044 [WARN] PackLoader:240 - Cannot read IP mode file for STMicroelectronics.X-CUBE-MEMS1.11.3.0
2025-09-12 14:51:41,189 [WARN] PackLoader:240 - Cannot read IP mode file for STMicroelectronics.X-CUBE-AI.9.1.0
2025-09-12 14:51:41,212 [WARN] PackLoader:240 - Cannot read IP mode file for STMicroelectronics.X-CUBE-PM33A1.1.0.0
2025-09-12 14:51:41,229 [INFO] WebApp:220 - Starting web application
2025-09-12 14:51:41,230 [INFO] WebApp:578 - Web application path used C:\ST\STM32CubeIDE_1.16.1\STM32CubeIDE\plugins\com.st.stm32cube.common.mx_6.12.1.202409122256\db\plugins\mcufinder\reactClient1\index.html
2025-09-12 14:51:41,235 [WARN] PackLoader:240 - Cannot read IP mode file for STMicroelectronics.X-CUBE-GNSS1.6.0.0
2025-09-12 14:51:41,272 [WARN] PackLoader:240 - Cannot read IP mode file for STMicroelectronics.X-CUBE-AZRTOS-F4.1.1.0
2025-09-12 14:51:41,296 [WARN] PackLoader:240 - Cannot read IP mode file for wolfSSL.I-CUBE-wolfSSL.5.6.4
2025-09-12 14:51:41,315 [ERROR] Engine:466 - C:\Users\RND1\.stm32cubemx\thirdparties\pdsc\Avnet-IotConnect.X-CUBE-IoTC-DA16k-PMOD.1.0.0.pdsc: PDSC version is not supported
2025-09-12 14:51:41,336 [WARN] PackLoader:240 - Cannot read IP mode file for STMicroelectronics.X-CUBE-ISPU.2.1.0
2025-09-12 14:51:41,355 [WARN] PackLoader:240 - Cannot read IP mode file for STMicroelectronics.X-CUBE-FREERTOS.1.2.0
2025-09-12 14:51:41,375 [WARN] PackLoader:240 - Cannot read IP mode file for STMicroelectronics.X-CUBE-NFC12.1.0.0
2025-09-12 14:51:41,405 [WARN] PackLoader:240 - Cannot read IP mode file for STMicroelectronics.X-CUBE-AZRTOS-L5.2.0.0
2025-09-12 14:51:41,426 [WARN] PackLoader:240 - Cannot read IP mode file for STMicroelectronics.X-CUBE-EEPRMA1.4.2.0
2025-09-12 14:51:41,446 [INFO] UserAuth:417 - Internet connection configuration mode: 1
2025-09-12 14:51:41,448 [WARN] PackLoader:240 - Cannot read IP mode file for STMicroelectronics.X-CUBE-NFC6.3.1.0
2025-09-12 14:51:41,471 [WARN] PackLoader:240 - Cannot read IP mode file for ITTIA_DB.I-CUBE-ITTIADB.8.8.0
2025-09-12 14:51:41,493 [WARN] PackLoader:240 - Cannot read IP mode file for STMicroelectronics.X-CUBE-DPower.1.2.0
2025-09-12 14:51:41,512 [WARN] PackLoader:240 - Cannot read IP mode file for STMicroelectronics.X-CUBE-AI.9.0.0
2025-09-12 14:51:41,527 [WARN] PackLoader:240 - Cannot read IP mode file for STMicroelectronics.X-CUBE-FREERTOS.1.3.1
2025-09-12 14:51:41,543 [WARN] PackLoader:240 - Cannot read IP mode file for STMicroelectronics.X-CUBE-FREERTOS.1.3.0
2025-09-12 14:51:41,557 [WARN] PackLoader:240 - Cannot read IP mode file for STMicroelectronics.X-CUBE-NFC7.1.0.1
2025-09-12 14:51:41,572 [WARN] PackLoader:240 - Cannot read IP mode file for STMicroelectronics.X-CUBE-NFC6.3.0.0
2025-09-12 14:51:41,588 [ERROR] Engine:466 - C:\Users\RND1\.stm32cubemx\thirdparties\pdsc\STMicroelectronics.FP-SNS-STAIOTCFT.1.0.0.pdsc: PDSC version is not supported
2025-09-12 14:51:41,605 [WARN] PackLoader:240 - Cannot read IP mode file for STMicroelectronics.X-CUBE-DPower.1.3.0
2025-09-12 14:51:41,623 [WARN] PackLoader:240 - Cannot read IP mode file for STMicroelectronics.X-CUBE-AI.8.1.0
2025-09-12 14:51:41,656 [WARN] ConditionMgr:438 - getConditionDescription Invalid condition id : LAN8742 Phy interface Condition cause : null
2025-09-12 14:51:41,656 [WARN] PackLoader:240 - Cannot read IP mode file for STMicroelectronics.X-CUBE-AZRTOS-L4.2.0.0
2025-09-12 14:51:41,657 [WARN] ConditionMgr:1039 - genDependencies : Invalid condition id : LAN8742 Phy interface Condition cause : null
2025-09-12 14:51:41,657 [WARN] ConditionMgr:1039 - genDependencies : Invalid condition id : LAN8742 Phy interface Condition cause : null
2025-09-12 14:51:41,658 [WARN] ConditionMgr:1039 - genDependencies : Invalid condition id : LAN8742 Phy interface Condition cause : null
2025-09-12 14:51:41,677 [WARN] PackLoader:240 - Cannot read IP mode file for STMicroelectronics.X-CUBE-SFXS2LP1.4.0.0
2025-09-12 14:51:41,701 [WARN] PackLoader:240 - Cannot read IP mode file for STMicroelectronics.X-CUBE-AZRTOS-H7.3.3.0
2025-09-12 14:51:41,716 [ERROR] Engine:466 - C:\Users\RND1\.stm32cubemx\thirdparties\pdsc\STMicroelectronics.X-CUBE-BLEMGR.4.1.0.pdsc: PDSC version is not supported
2025-09-12 14:51:41,734 [WARN] PackLoader:240 - Cannot read IP mode file for STMicroelectronics.X-CUBE-IPS.3.0.0
2025-09-12 14:51:41,755 [WARN] ConditionMgr:438 - getConditionDescription Invalid condition id : UX DEVICE CLASS RTOS Condition cause : null
2025-09-12 14:51:41,755 [WARN] ConditionMgr:438 - getConditionDescription Invalid condition id : UX DEVICE CLASS RTOS Condition cause : null
2025-09-12 14:51:41,756 [WARN] PackLoader:240 - Cannot read IP mode file for STMicroelectronics.X-CUBE-AZRTOS-WB.2.0.0
2025-09-12 14:51:41,757 [WARN] ConditionMgr:1039 - genDependencies : Invalid condition id : UX DEVICE CLASS RTOS Condition cause : null
2025-09-12 14:51:41,757 [WARN] ConditionMgr:1039 - genDependencies : Invalid condition id : UX DEVICE CLASS RTOS Condition cause : null
2025-09-12 14:51:41,757 [WARN] ConditionMgr:1039 - genDependencies : Invalid condition id : UX DEVICE CLASS RTOS Condition cause : null
2025-09-12 14:51:41,758 [WARN] ConditionMgr:1039 - genDependencies : Invalid condition id : UX DEVICE CLASS RTOS Condition cause : null
2025-09-12 14:51:41,758 [WARN] ConditionMgr:1039 - genDependencies : Invalid condition id : UX DEVICE CLASS RTOS Condition cause : null
2025-09-12 14:51:41,772 [WARN] PackLoader:240 - Cannot read IP mode file for STMicroelectronics.X-CUBE-GNSS1.7.0.0
2025-09-12 14:51:41,785 [WARN] PackLoader:240 - Cannot read IP mode file for STMicroelectronics.X-CUBE-GNSS1.7.0.1
2025-09-12 14:51:41,800 [WARN] PackLoader:240 - Cannot read IP mode file for STMicroelectronics.X-CUBE-TOUCHGFX.4.25.0
2025-09-12 14:51:41,814 [WARN] PackLoader:240 - Cannot read IP mode file for STMicroelectronics.FP-SNS-STBOX1.2.0.0
2025-09-12 14:51:41,835 [WARN] PackLoader:240 - Cannot read IP mode file for STMicroelectronics.X-CUBE-SUBG2.5.0.0
2025-09-12 14:51:41,865 [WARN] PackLoader:240 - Cannot read IP mode file for STMicroelectronics.X-CUBE-AZRTOS-H7RS.1.1.0
2025-09-12 14:51:41,890 [WARN] PackLoader:240 - Cannot read IP mode file for STMicroelectronics.X-CUBE-AZRTOS-G4.2.0.0
2025-09-12 14:51:41,914 [WARN] PackLoader:240 - Cannot read IP mode file for Infineon.AIROC-Wi-Fi-Bluetooth-STM32.1.5.1
2025-09-12 14:51:41,931 [WARN] PackLoader:240 - Cannot read IP mode file for STMicroelectronics.X-CUBE-NFC7.2.0.0
2025-09-12 14:51:41,947 [WARN] PackLoader:240 - Cannot read IP mode file for STMicroelectronics.FP-SNS-MOTENVWB1.1.3.1
2025-09-12 14:51:41,963 [WARN] PackLoader:240 - Cannot read IP mode file for STMicroelectronics.X-CUBE-ISPU.2.0.0
2025-09-12 14:51:41,979 [ERROR] Engine:466 - C:\Users\RND1\.stm32cubemx\thirdparties\pdsc\STMicroelectronics.X-CUBE-IPS.3.1.0.pdsc: PDSC version is not supported
2025-09-12 14:51:41,992 [WARN] PackLoader:240 - Cannot read IP mode file for STMicroelectronics.X-CUBE-ALS.1.0.2
2025-09-12 14:51:42,019 [WARN] PackLoader:240 - Cannot read IP mode file for STMicroelectronics.X-CUBE-MEMS1.10.0.0
2025-09-12 14:51:42,089 [WARN] PackLoader:240 - Cannot read IP mode file for STMicroelectronics.X-CUBE-FREERTOS.1.1.0
2025-09-12 14:51:42,104 [WARN] PackLoader:240 - Cannot read IP mode file for STMicroelectronics.X-CUBE-TOUCHGFX.4.24.0
2025-09-12 14:51:42,120 [WARN] PackLoader:240 - Cannot read IP mode file for STMicroelectronics.X-CUBE-TOUCHGFX.4.24.2
2025-09-12 14:51:42,132 [WARN] PackLoader:240 - Cannot read IP mode file for STMicroelectronics.X-CUBE-TOUCHGFX.4.24.1
2025-09-12 14:51:42,146 [WARN] PackLoader:240 - Cannot read IP mode file for STMicroelectronics.X-CUBE-STSE01.1.0.0
2025-09-12 14:51:42,159 [WARN] PackLoader:240 - Cannot read IP mode file for wolfSSL.I-CUBE-wolfTPM.3.4.0
2025-09-12 14:51:42,174 [WARN] PackLoader:240 - Cannot read IP mode file for portGmbH.I-Cube-SoM-uGOAL.1.1.0
2025-09-12 14:51:42,185 [WARN] PackLoader:240 - Cannot read IP mode file for STMicroelectronics.X-CUBE-ALS.1.0.1
2025-09-12 14:51:42,211 [WARN] PackLoader:240 - Cannot read IP mode file for STMicroelectronics.X-CUBE-AZRTOS-H7RS.1.0.0
2025-09-12 14:51:42,225 [WARN] PackLoader:240 - Cannot read IP mode file for STMicroelectronics.FP-ATR-ASTRA1.2.0.0
2025-09-12 14:51:42,242 [WARN] PackLoader:240 - Cannot read IP mode file for STMicroelectronics.X-CUBE-TOF1.3.4.2
2025-09-12 14:51:42,261 [ERROR] Engine:466 - C:\Users\RND1\.stm32cubemx\thirdparties\pdsc\STMicroelectronics.X-CUBE-TOF1.3.4.3.pdsc: PDSC version is not supported
2025-09-12 14:51:42,275 [WARN] PackLoader:240 - Cannot read IP mode file for STMicroelectronics.X-CUBE-TOF1.3.4.0
2025-09-12 14:51:42,296 [WARN] PackLoader:240 - Cannot read IP mode file for STMicroelectronics.X-CUBE-TOF1.3.4.1
2025-09-12 14:51:42,319 [WARN] PackLoader:240 - Cannot read IP mode file for STMicroelectronics.X-CUBE-AZRTOS-H7.3.2.0
2025-09-12 14:51:42,332 [WARN] PackLoader:240 - Cannot read IP mode file for wolfSSL.I-CUBE-wolfSSH.1.4.17
2025-09-12 14:51:42,332 [INFO] ThirdParty:978 - Integrity check success = true
2025-09-12 14:51:42,332 [INFO] IntegrityCheckThread:100 - exiting critical section [integrity check]
2025-09-12 14:51:42,333 [INFO] IntegrityCheckThread:103 - End integrity checks thread
2025-09-12 14:56:50,658 [INFO] McuFinderGlobals:63 - Set McuFinder mode to 2 (CubeIDE integrated)
2025-09-12 14:56:50,683 [INFO] MainUpdater:2873 - connection check result : 10
2025-09-12 14:56:50,690 [INFO] MainUpdater:2873 - connection check result : 10
2025-09-12 14:56:50,839 [INFO] RulesReader:64 - Compatibility file has been processed (297 Rules)
2025-09-12 14:56:50,846 [INFO] RulesReader:64 - Compatibility file has been processed (297 Rules)
2025-09-12 14:56:50,850 [INFO] MicroXplorer:468 - Change Database Path : 
2025-09-12 14:56:50,850 [INFO] MicroXplorer:498 - Change Database Version : DB.6.0.121
2025-09-12 14:56:50,860 [WARN] ThirdParty:871 - waiting for thirdparty lock release [close project]
2025-09-12 14:56:50,861 [INFO] ThirdParty:873 - entering critical section [close project]
2025-09-12 14:56:50,862 [INFO] ThirdParty:883 - exiting critical section [close project]
2025-09-12 14:56:50,865 [INFO] PinOutPanel:1561 - setPackage(No Configuration,No Configuration)
2025-09-12 14:56:50,870 [INFO] UtilMem:75 - Begin LoadConfig() Used Memory: 850888912 Bytes (1073741824)
2025-09-12 14:56:50,871 [INFO] MicroXplorer:468 - Change Database Path : 
2025-09-12 14:56:50,871 [INFO] MicroXplorer:498 - Change Database Version : DB.6.0.121
2025-09-12 14:56:50,871 [INFO] OpenFileManager:332 - Change cursor
2025-09-12 14:56:50,911 [INFO] Mcu:2032 - Initializing MCU STM32G431C(6-8-B)Ux STM32G431CBUx STM32G431CBU6
2025-09-12 14:56:53,343 [INFO] Context:742 - Trying to add GPIOservice into a context  which must be forbidden
2025-09-12 14:56:53,921 [INFO] RtosManager:555 - Registered RTOS mode: class=CMSIS, group=RTOS, mode=CMSIS_V1, owner=FREERTOS
2025-09-12 14:56:53,921 [INFO] RtosManager:555 - Registered RTOS mode: class=CMSIS, group=RTOS2, mode=CMSIS_V2, owner=FREERTOS
2025-09-12 14:56:53,921 [INFO] RtosManager:555 - Registered RTOS mode: class=RTOS, group=Core, mode=CMSIS_V1, owner=FREERTOS
2025-09-12 14:56:53,921 [INFO] RtosManager:555 - Registered RTOS mode: class=RTOS, group=Core, mode=CMSIS_V2, owner=FREERTOS
2025-09-12 14:56:53,921 [WARN] ModelIntegratedComponent:184 - Missing modes for component STMicroelectronics:FreeRTOS:0.0.1:STMicroelectronics:RTOS:FreeRTOS:Core:::10.2.0:
2025-09-12 14:56:53,928 [WARN] ModelIntegratedComponent:63 - No mode defined for component null
2025-09-12 14:56:53,928 [WARN] ModelIntegratedComponent:63 - No mode defined for component null
2025-09-12 14:56:53,929 [WARN] ModelIntegratedComponent:63 - No mode defined for component null
2025-09-12 14:56:53,929 [WARN] ModelIntegratedComponent:63 - No mode defined for component null
2025-09-12 14:56:53,929 [WARN] ModelIntegratedComponent:63 - No mode defined for component null
2025-09-12 14:56:53,929 [WARN] ModelIntegratedComponent:63 - No mode defined for component null
2025-09-12 14:56:53,929 [WARN] ModelIntegratedComponent:63 - No mode defined for component null
2025-09-12 14:56:53,929 [WARN] ModelIntegratedComponent:63 - No mode defined for component null
2025-09-12 14:56:53,929 [WARN] ModelIntegratedComponent:63 - No mode defined for component null
2025-09-12 14:56:53,929 [WARN] ModelIntegratedComponent:63 - No mode defined for component null
2025-09-12 14:56:53,929 [WARN] ModelIntegratedComponent:63 - No mode defined for component null
2025-09-12 14:56:53,929 [WARN] ModelIntegratedComponent:63 - No mode defined for component null
2025-09-12 14:56:53,929 [WARN] ModelIntegratedComponent:63 - No mode defined for component null
2025-09-12 14:56:53,929 [WARN] ModelIntegratedComponent:63 - No mode defined for component null
2025-09-12 14:56:53,929 [WARN] ModelIntegratedComponent:63 - No mode defined for component null
2025-09-12 14:56:53,929 [WARN] ModelIntegratedComponent:63 - No mode defined for component null
2025-09-12 14:56:53,929 [WARN] ModelIntegratedComponent:63 - No mode defined for component null
2025-09-12 14:56:53,929 [WARN] ModelIntegratedComponent:63 - No mode defined for component null
2025-09-12 14:56:53,929 [WARN] ModelIntegratedComponent:63 - No mode defined for component null
2025-09-12 14:56:53,929 [WARN] ModelIntegratedComponent:63 - No mode defined for component null
2025-09-12 14:56:53,929 [WARN] ModelIntegratedComponent:63 - No mode defined for component null
2025-09-12 14:56:53,929 [WARN] ModelIntegratedComponent:63 - No mode defined for component null
2025-09-12 14:56:53,929 [WARN] ModelIntegratedComponent:63 - No mode defined for component null
2025-09-12 14:56:53,929 [WARN] ModelIntegratedComponent:63 - No mode defined for component null
2025-09-12 14:56:53,929 [WARN] ModelIntegratedComponent:63 - No mode defined for component null
2025-09-12 14:56:53,929 [WARN] ModelIntegratedComponent:63 - No mode defined for component null
2025-09-12 14:56:53,929 [WARN] ModelIntegratedComponent:63 - No mode defined for component null
2025-09-12 14:56:53,929 [WARN] ModelIntegratedComponent:63 - No mode defined for component null
2025-09-12 14:56:53,929 [WARN] ModelIntegratedComponent:63 - No mode defined for component null
2025-09-12 14:56:53,929 [WARN] ModelIntegratedComponent:63 - No mode defined for component null
2025-09-12 14:56:53,929 [WARN] ModelIntegratedComponent:63 - No mode defined for component null
2025-09-12 14:56:53,929 [WARN] ModelIntegratedComponent:63 - No mode defined for component null
2025-09-12 14:56:53,929 [WARN] ModelIntegratedComponent:63 - No mode defined for component null
2025-09-12 14:56:53,929 [WARN] ModelIntegratedComponent:63 - No mode defined for component null
2025-09-12 14:56:53,929 [WARN] ModelIntegratedComponent:63 - No mode defined for component null
2025-09-12 14:56:53,930 [WARN] ModelPack:524 - Component already loaded: STMicroelectronics:HAL Drivers:0.0.0:STMicroelectronics:Device:STMicro_Driver:XSPI:HAL::0.0.1:HAL_XSPI
2025-09-12 14:56:54,107 [INFO] ThirdPartyModel:298 - Start build external matchings
2025-09-12 14:56:55,089 [INFO] ThirdPartyModel:316 - End build external matchings
2025-09-12 14:56:55,116 [INFO] ImportTextPane:205 - (OptionalMessage_ERROR) IP (RCC) : Invalid parameter (FamilyName)
2025-09-12 14:56:55,117 [INFO] ImportTextPane:205 - (OptionalMessage_ERROR) IP (RCC) : Parameter (RNGFreq_Value) has invalid value (170000000)
2025-09-12 14:56:55,117 [INFO] ImportTextPane:205 - (OptionalMessage_ERROR) IP (RCC) : Parameter (USBFreq_Value) has invalid value (170000000)
2025-09-12 14:56:55,491 [INFO] ApiDb:581 - Connected to CubeFinder SQLite database (C:\Users\RND1\.stmcufinder\plugins\mcufinder\mcu\cube-finder-db.db)
2025-09-12 14:56:55,558 [INFO] ApiDb:668 - CubeFinder database Data Model version=2.1
2025-09-12 14:56:55,558 [INFO] ApiDb:669 - CubeFinder database Configuration version=3.0.39
2025-09-12 14:56:55,558 [INFO] ApiDb:670 - CubeFinder database generation date=2025-07-24 (1753349077)
2025-09-12 14:56:55,558 [INFO] ApiDb:671 - CubeFinder database FW Pack versions=[FP-ATR-ASTRA1_V2.0.0, FP-SNS-FLIGHT1_V5.1.0, FP-SNS-MOTENV1_V5.0.0, FP-SNS-MOTENVWB1_V1.4.0, FP-SNS-SMARTAG2_V1.2.0, FP-SNS-STBOX1_V2.0.0, STM32Cube_FW_C0_V1.4.0, STM32Cube_FW_F4_V1.28.2, STM32Cube_FW_F7_V1.17.3, STM32Cube_FW_G0_V1.6.2, STM32Cube_FW_G4_V1.6.1, STM32Cube_FW_H5_V1.5.0, STM32Cube_FW_H7RS_V1.2.0, STM32Cube_FW_H7_V1.12.1, STM32Cube_FW_L0_V1.12.2, STM32Cube_FW_L4_V1.18.1, STM32Cube_FW_L5_V1.5.1, STM32Cube_FW_N6_V1.2.0, STM32Cube_FW_U0_V1.3.0, STM32Cube_FW_U3_V1.2.0, STM32Cube_FW_U5_V1.8.0, STM32Cube_FW_WB0_V1.3.0, STM32Cube_FW_WBA_V1.7.0, STM32Cube_FW_WB_V1.23.0, STM32Cube_FW_WL3_V1.2.0, STM32Cube_FW_WL_V1.3.1, X-CUBE-ALGOBUILD_V1.4.0, X-CUBE-ALS_V1.0.2, X-CUBE-AZRTOS-F4_V1.1.0, X-CUBE-AZRTOS-F7_V1.1.0, X-CUBE-AZRTOS-G0_V1.1.0, X-CUBE-AZRTOS-G4_V2.0.0, X-CUBE-AZRTOS-H7RS_V1.1.0, X-CUBE-AZRTOS-H7_V3.4.0, X-CUBE-AZRTOS-L4_V2.0.0, X-CUBE-AZRTOS-L5_V2.0.0, X-CUBE-AZRTOS-WB_V2.0.0, X-CUBE-AZRTOS-WL_V2.0.0, X-CUBE-BLE1_V7.1.0, X-CUBE-BLE2_V3.3.0, X-CUBE-BLEMGR_V4.1.0, X-CUBE-EEPRMA1_V5.2.0, X-CUBE-FREERTOS_V1.3.1, X-CUBE-GNSS1_V6.0.0, X-CUBE-MEMS1_V11.3.0, X-CUBE-NFC4_V3.0.0, X-CUBE-NFC7_V2.0.0, X-CUBE-SFXS2LP1_V4.0.0, X-CUBE-ST67W61_V1.0.0, X-CUBE-SUBG2_V5.0.0, X-CUBE-TOF1_V3.4.3]
2025-09-12 14:56:55,647 [INFO] DbBoardsSqlite:226 - include board P-NUCLEO-WB55-NUCLEO as a kit item of type 'Nucleo-64'
2025-09-12 14:56:55,648 [INFO] DbBoardsSqlite:226 - include board P-NUCLEO-WB55-USBDONGLE as a kit item of type 'Nucleo USB Dongle'
2025-09-12 14:56:55,648 [INFO] DbBoardsSqlite:226 - include board STEVAL-IDP005V1 as a kit item of type 'Evaluation Board'
2025-09-12 14:56:55,649 [INFO] DbBoardsSqlite:226 - include board STEVAL-IDP005V2 as a kit item of type 'Evaluation Board'
2025-09-12 14:56:55,921 [INFO] ApiDb:240 - Found 646 in-development CPN: [B-G473E-ZEST1S, B-WB1M-WPAN1, B-WL5M-SUBG1, NUCLEO-C031C6, NUCLEO-C071RB, NUCLEO-H503RB, NUCLEO-H533RE, NUCLEO-H563ZI, NUCLEO-H7S3L8, NUCLEO-U031R8, NUCLEO-U083RC, NUCLEO-U545RE-Q, NUCLEO-U5A5ZJ-Q, NUCLEO-WB05KZ, NUCLEO-WB07CC, NUCLEO-WB09KE, NUCLEO-WBA52CG, NUCLEO-WBA55CG, STEVAL-PROTEUS1, STEVAL-SMARTAG2, STEVAL-STWINBX1, STM320518-EVAL, STM32C0116-DK, STM32C011D6Y3TR, STM32C011D6Y6TR, STM32C011F4P3, STM32C011F4P6, STM32C011F4U3, STM32C011F4U6TR, STM32C011F6P3, STM32C011F6P6, STM32C011F6U3, STM32C011F6U6TR, STM32C011J4M3, STM32C011J4M6, STM32C011J6M3, STM32C011J6M6, STM32C0316-DK, STM32C031C4T3, STM32C031C4T6, STM32C031C4U3, STM32C031C4U6, STM32C031C6T3, STM32C031C6T6, STM32C031C6U3, STM32C031C6U6, STM32C031F4P3, STM32C031F4P6, STM32C031F6P3, STM32C031F6P6, STM32C031G4U3, STM32C031G4U6, STM32C031G6U3, STM32C031G6U6, STM32C031K4T3, STM32C031K4T6, STM32C031K4U3, STM32C031K4U6, STM32C031K6T3, STM32C031K6T6, STM32C031K6U3, STM32C031K6U6, STM32C071C8T6, STM32C071C8T6N, STM32C071C8U6, STM32C071C8U6N, STM32C071CBT6, STM32C071CBT6N, STM32C071CBU6, STM32C071CBU6N, STM32C071F8P6, STM32C071F8P6N, STM32C071FBP6, STM32C071FBP6N, STM32C071FBY6TR, STM32C071G8U6, STM32C071G8U6N, STM32C071GBU6, STM32C071GBU6N, STM32C071K8T6, STM32C071K8T6N, STM32C071K8U6, STM32C071K8U6N, STM32C071KBT6, STM32C071KBT6N, STM32C071KBU6, STM32C071KBU6N, STM32C071R8T6, STM32C071R8T6N, STM32C071RBI6N, STM32C071RBT6, STM32C071RBT6N, STM32G071K8TXN, STM32G071K8UXN, STM32G081GBU6N, STM32G081KBT6N, STM32G081KBUXN, STM32G0B1CCT6N, STM32G0B1KCT6, STM32G0B1NEY6TR, STM32G0B1RCT6N, STM32G0C1CCT6, STM32G0C1CCT6N, STM32G0C1CCU6N, STM32G0C1CET6N, STM32G0C1CEU6N, STM32G0C1KCT6, STM32G0C1NEY6TR, STM32G0C1RCI6N, STM32G0C1RCT6N, STM32G0C1REI6N, STM32G0C1RET6N, STM32G0C1VCI6, STM32G0C1VEI6, STM32G411C6T3, STM32G411C6T6, STM32G411C6U3, STM32G411C6U6, STM32G411C8T3, STM32G411C8T6, STM32G411C8U3, STM32G411C8U6, STM32G411CBT3, STM32G411CBT6, STM32G411CBU3, STM32G411CBU6, STM32G411K6T3, STM32G411K6T6, STM32G411K6U3, STM32G411K6U6, STM32G411K8T3, STM32G411K8T6, STM32G411K8U3, STM32G411K8U6, STM32G411KBT3, STM32G411KBT6, STM32G411KBU3, STM32G411KBU6, STM32G411M6T3, STM32G411M6T6, STM32G411M8T3, STM32G411M8T6, STM32G411MBT3, STM32G411MBT6, STM32G411R6T3, STM32G411R6T6, STM32G411R8T3, STM32G411R8T6, STM32G411RBT3, STM32G411RBT6, STM32G414CBT3, STM32G414CBT6, STM32G414CBU3, STM32G414CBU6, STM32G414CCT3, STM32G414CCT6, STM32G414CCU3, STM32G414CCU6, STM32G414MBT3, STM32G414MBT6, STM32G414MCT3, STM32G414MCT6, STM32G414RBT3, STM32G414RBT6, STM32G414RCT3, STM32G414RCT6, STM32G414VBT3, STM32G414VBT6, STM32G414VCT3, STM32G414VCT6, STM32G431CBT3Z, STM32G431RBT3Z, STM32G471CCT6, STM32G471CCU6, STM32G471CET3, STM32G471CET6, STM32G471CEU3, STM32G471CEU6, STM32G471MCT6, STM32G471MET3, STM32G471MET6, STM32G471MEY6TR, STM32G471QCT6, STM32G471QET3, STM32G471RCT6, STM32G471RET3, STM32G471RET6, STM32G471VCH6, STM32G471VCI6, STM32G471VCT6, STM32G471VEH3, STM32G471VEH6, STM32G471VEI3, STM32G471VEI6, STM32G471VET3, STM32G471VET6, STM32G473QET3Z, STM32G473RET3Z, STM32G474CCT6, STM32G491RET3Z, STM32H503CBT6, STM32H503CBU6, STM32H503EBY6TR, STM32H503KBU6, STM32H503RBT6, STM32H523CCT6, STM32H523CCU6, STM32H523CET6, STM32H523CEU6, STM32H523HEY6TR, STM32H523RCT6, STM32H523RET6, STM32H523VCI6, STM32H523VCT6, STM32H523VEI6, STM32H523VET6, STM32H523ZCJ6, STM32H523ZCT6, STM32H523ZEJ6, STM32H523ZET6, STM32H533CET6, STM32H533CEU6, STM32H533HEY6TR, STM32H533RET6, STM32H533VEI6, STM32H533VET6, STM32H533ZEJ6, STM32H533ZET6, STM32H562AGI6, STM32H562AII6, STM32H562IGK6, STM32H562IGT6, STM32H562IIK6, STM32H562IIT6, STM32H562RGT6, STM32H562RGV6, STM32H562RIT6, STM32H562RIV6, STM32H562VGT6, STM32H562VIT6, STM32H562ZGT6, STM32H562ZIT6, STM32H563AGI6, STM32H563AII3Q, STM32H563AII6, STM32H563IGK6, STM32H563IGT6, STM32H563IIK3Q, STM32H563IIK6, STM32H563IIT3Q, STM32H563IIT6, STM32H563MIY3QTR, STM32H563RGT6, STM32H563RGV6, STM32H563RIT6, STM32H563RIV6, STM32H563VGT6, STM32H563VIT3Q, STM32H563VIT6, STM32H563ZGT6, STM32H563ZIT3Q, STM32H563ZIT6, STM32H573AII3Q, STM32H573AII6, STM32H573I-DK, STM32H573IIK3Q, STM32H573IIK6, STM32H573IIT3Q, STM32H573IIT6, STM32H573MIY3QTR, STM32H573RIT6, STM32H573RIV6, STM32H573VIT3Q, STM32H573VIT6, STM32H573ZIT3Q, STM32H573ZIT6, STM32H7R3A8I6, STM32H7R3I8K6, STM32H7R3I8T6, STM32H7R3L8H6, STM32H7R3L8H6H, STM32H7R3R8V6, STM32H7R3V8H6, STM32H7R3V8T6, STM32H7R3V8Y6TR, STM32H7R3Z8J6, STM32H7R3Z8T6, STM32H7R7A8I6, STM32H7R7I8K6, STM32H7R7I8T6, STM32H7R7L8H6, STM32H7R7L8H6H, STM32H7R7Z8J6, STM32H7S3A8I6, STM32H7S3I8K6, STM32H7S3I8T6, STM32H7S3L8H6, STM32H7S3L8H6H, STM32H7S3R8V6, STM32H7S3V8H6, STM32H7S3V8T6, STM32H7S3V8Y6TR, STM32H7S3Z8J6, STM32H7S3Z8T6, STM32H7S78-DK, STM32H7S7A8I6, STM32H7S7I8K6, STM32H7S7I8T6, STM32H7S7L8H6, STM32H7S7L8H6H, STM32H7S7Z8J6, STM32L4R5QGI6STR, STM32MP131AAE3, STM32MP131AAF3, STM32MP131AAG3, STM32MP131CAE3, STM32MP131CAF3, STM32MP131CAG3, STM32MP131DAE7, STM32MP131DAF7, STM32MP131DAG7, STM32MP131FAE7, STM32MP131FAF7, STM32MP131FAG7, STM32MP133AAE3, STM32MP133AAF3, STM32MP133AAG3, STM32MP133CAE3, STM32MP133CAF3, STM32MP133CAG3, STM32MP133DAE7, STM32MP133DAF7, STM32MP133DAG7, STM32MP133FAE7, STM32MP133FAF7, STM32MP133FAG7, STM32MP135AAE3, STM32MP135AAF3, STM32MP135AAG3, STM32MP135CAE3, STM32MP135CAF3, STM32MP135CAG3, STM32MP135DAE7, STM32MP135DAF7, STM32MP135DAG7, STM32MP135F-DK, STM32MP135FAE7, STM32MP135FAF7, STM32MP135FAF7T, STM32MP135FAF7U, STM32MP135FAG7, STM32MP251AAI3, STM32MP251AAK3, STM32MP251AAL3, STM32MP251CAI3, STM32MP251CAK3, STM32MP251CAL3, STM32MP251DAI3, STM32MP251DAK3, STM32MP251DAL3, STM32MP251FAI3, STM32MP251FAK3, STM32MP251FAL3, STM32MP253AAI3, STM32MP253AAK3, STM32MP253AAL3, STM32MP253CAI3, STM32MP253CAK3, STM32MP253CAL3, STM32MP253DAI3, STM32MP253DAK3, STM32MP253DAL3, STM32MP253FAI3, STM32MP253FAK3, STM32MP253FAL3, STM32MP255AAI3, STM32MP255AAK3, STM32MP255AAL3, STM32MP255CAI3, STM32MP255CAK3, STM32MP255CAL3, STM32MP255DAI3, STM32MP255DAK3, STM32MP255DAL3, STM32MP255FAI3, STM32MP255FAK3, STM32MP255FAL3, STM32MP257AAI3, STM32MP257AAK3, STM32MP257AAL3, STM32MP257CAI3, STM32MP257CAK3, STM32MP257CAL3, STM32MP257DAI3, STM32MP257DAK3, STM32MP257DAL3, STM32MP257F-DK, STM32MP257F-EV1, STM32MP257FAI3, STM32MP257FAK3, STM32MP257FAL3, STM32U031C6T6, STM32U031C6U6, STM32U031C8T6, STM32U031C8U6, STM32U031F4P6, STM32U031F6P6, STM32U031F8P6, STM32U031G6Y6TR, STM32U031G8Y6TR, STM32U031K4U6, STM32U031K6U6, STM32U031K8U6, STM32U031R6I6, STM32U031R6T6, STM32U031R8I6, STM32U031R8T6, STM32U073C8T6, STM32U073C8U6, STM32U073CBT6, STM32U073CBU6, STM32U073CCT6, STM32U073CCU6, STM32U073H8Y6TR, STM32U073HBY6TR, STM32U073HCY6TR, STM32U073K8U6, STM32U073KBU6, STM32U073KCU6, STM32U073M8I6, STM32U073M8T6, STM32U073MBI6, STM32U073MBT6, STM32U073MCI6, STM32U073MCT6, STM32U073R8I6, STM32U073R8T6, STM32U073RBI6, STM32U073RBT6, STM32U073RCI6, STM32U073RCT6, STM32U083C-DK, STM32U083CCT6, STM32U083CCU6, STM32U083HCY6TR, STM32U083KCU6, STM32U083MCI6, STM32U083MCT6, STM32U083RCI6, STM32U083RCT6, STM32U535CBT6, STM32U535CBT6Q, STM32U535CBU6, STM32U535CBU6Q, STM32U535CCT6, STM32U535CCT6Q, STM32U535CCU6, STM32U535CCU6Q, STM32U535CET6, STM32U535CET6Q, STM32U535CEU6, STM32U535CEU6Q, STM32U535JEY6QTR, STM32U535NCY6QTR, STM32U535NEY6QTR, STM32U535RBI6, STM32U535RBI6Q, STM32U535RBT6, STM32U535RBT6Q, STM32U535RCI6, STM32U535RCI6Q, STM32U535RCT6, STM32U535RCT6Q, STM32U535REI6, STM32U535REI6Q, STM32U535RET6, STM32U535RET6Q, STM32U535VCI6, STM32U535VCI6Q, STM32U535VCT6, STM32U535VCT6Q, STM32U535VEI6, STM32U535VEI6Q, STM32U535VET6, STM32U535VET6Q, STM32U545CET6, STM32U545CET6Q, STM32U545CEU6, STM32U545CEU6Q, STM32U545JEY6QTR, STM32U545NEY6QTR, STM32U545REI6, STM32U545REI6Q, STM32U545RET6, STM32U545RET6Q, STM32U545VEI6, STM32U545VEI6Q, STM32U545VET6, STM32U545VET6Q, STM32U595AIH6, STM32U595AIH6Q, STM32U595AJH6, STM32U595AJH6Q, STM32U595QII6, STM32U595QII6Q, STM32U595QJI6, STM32U595QJI6Q, STM32U595RIT6, STM32U595RIT6Q, STM32U595RJT6, STM32U595RJT6Q, STM32U595VIT6, STM32U595VIT6Q, STM32U595VJT6, STM32U595VJT6Q, STM32U595ZIT6, STM32U595ZIT6Q, STM32U595ZIY6QTR, STM32U595ZJT6, STM32U595ZJT6Q, STM32U595ZJY6QTR, STM32U599BJY6QTR, STM32U599NIH6Q, STM32U599NJH6Q, STM32U599VIT6Q, STM32U599VJT6, STM32U599VJT6Q, STM32U599ZIT6Q, STM32U599ZIY6QTR, STM32U599ZJT6Q, STM32U599ZJY6QTR, STM32U5A5AJH6, STM32U5A5AJH6Q, STM32U5A5QII3Q , STM32U5A5QJI6, STM32U5A5QJI6Q, STM32U5A5RJT6, STM32U5A5RJT6Q, STM32U5A5VJT6, STM32U5A5VJT6Q, STM32U5A5ZJT6, STM32U5A5ZJT6Q, STM32U5A5ZJY6QTR, STM32U5A9BJY6QTR, STM32U5A9J-DK, STM32U5A9NJH6Q, STM32U5A9VJT6Q, STM32U5A9ZJT6Q, STM32U5A9ZJY6QTR, STM32U5F7VIT6, STM32U5F7VIT6Q, STM32U5F7VJT6, STM32U5F7VJT6Q, STM32U5F9BJY6QTR, STM32U5F9NJH6Q, STM32U5F9VIT6Q, STM32U5F9VJT6Q, STM32U5F9ZIJ6QTR, STM32U5F9ZIT6Q, STM32U5F9ZJJ6QTR, STM32U5F9ZJT6Q, STM32U5G7VJT6, STM32U5G7VJT6Q, STM32U5G9BJY6QTR, STM32U5G9J-DK1, STM32U5G9J-DK2, STM32U5G9NJH6Q, STM32U5G9VJT6Q, STM32U5G9ZJJ6QTR, STM32U5G9ZJT6Q, STM32WB05KZV6TR, STM32WB05KZV7TR, STM32WB05TZF6TR, STM32WB05TZF7TR, STM32WB06CCF6TR, STM32WB06CCF7TR, STM32WB06CCV6TR, STM32WB06CCV7TR, STM32WB06KCV6TR, STM32WB06KCV7TR, STM32WB07CCF6TR, STM32WB07CCF7TR, STM32WB07CCV6TR, STM32WB07CCV7TR, STM32WB07KCV6TR, STM32WB07KCV7TR, STM32WB09KEV6TR, STM32WB09KEV7TR, STM32WB09TEF6TR, STM32WB09TEF7TR, STM32WB1MMCH6, STM32WBA50KGU6, STM32WBA50KGU6TR, STM32WBA52CEU6, STM32WBA52CEU6TR, STM32WBA52CEU7, STM32WBA52CEU7TR, STM32WBA52CGU6, STM32WBA52CGU6TR, STM32WBA52CGU6U, STM32WBA52CGU7, STM32WBA52CGU7TR, STM32WBA52KEU6, STM32WBA52KEU6TR, STM32WBA52KGU6, STM32WBA52KGU6TR, STM32WBA54CEU6, STM32WBA54CEU6TR, STM32WBA54CEU7, STM32WBA54CEU7TR, STM32WBA54CGU6, STM32WBA54CGU6TR, STM32WBA54CGU7, STM32WBA54CGU7TR, STM32WBA54KEU6, STM32WBA54KEU6TR, STM32WBA54KEU7, STM32WBA54KEU7TR, STM32WBA54KGU6, STM32WBA54KGU6TR, STM32WBA54KGU7, STM32WBA54KGU7TR, STM32WBA55CEU6, STM32WBA55CEU6TR, STM32WBA55CEU7, STM32WBA55CEU7TR, STM32WBA55CGU6, STM32WBA55CGU6TR, STM32WBA55CGU6U, STM32WBA55CGU7, STM32WBA55CGU7TR, STM32WBA55G-DK1, STM32WBA55HEF6, STM32WBA55HEF7, STM32WBA55HGF6, STM32WBA55HGF7, STM32WBA55UEI6, STM32WBA55UEI6TR, STM32WBA55UEI7, STM32WBA55UEI7TR, STM32WBA55UGI6, STM32WBA55UGI6TR, STM32WBA55UGI7, STM32WBA55UGI7TR, STM32WL5MOCH6, STM32WL5MOCH6TR]
2025-09-12 14:56:55,923 [INFO] ApiDb:668 - CubeFinder database Data Model version=2.1
2025-09-12 14:56:55,923 [INFO] ApiDb:669 - CubeFinder database Configuration version=3.0.39
2025-09-12 14:56:55,923 [INFO] ApiDb:670 - CubeFinder database generation date=2025-07-24 (1753349077)
2025-09-12 14:56:55,923 [INFO] ApiDb:671 - CubeFinder database FW Pack versions=[FP-ATR-ASTRA1_V2.0.0, FP-SNS-FLIGHT1_V5.1.0, FP-SNS-MOTENV1_V5.0.0, FP-SNS-MOTENVWB1_V1.4.0, FP-SNS-SMARTAG2_V1.2.0, FP-SNS-STBOX1_V2.0.0, STM32Cube_FW_C0_V1.4.0, STM32Cube_FW_F4_V1.28.2, STM32Cube_FW_F7_V1.17.3, STM32Cube_FW_G0_V1.6.2, STM32Cube_FW_G4_V1.6.1, STM32Cube_FW_H5_V1.5.0, STM32Cube_FW_H7RS_V1.2.0, STM32Cube_FW_H7_V1.12.1, STM32Cube_FW_L0_V1.12.2, STM32Cube_FW_L4_V1.18.1, STM32Cube_FW_L5_V1.5.1, STM32Cube_FW_N6_V1.2.0, STM32Cube_FW_U0_V1.3.0, STM32Cube_FW_U3_V1.2.0, STM32Cube_FW_U5_V1.8.0, STM32Cube_FW_WB0_V1.3.0, STM32Cube_FW_WBA_V1.7.0, STM32Cube_FW_WB_V1.23.0, STM32Cube_FW_WL3_V1.2.0, STM32Cube_FW_WL_V1.3.1, X-CUBE-ALGOBUILD_V1.4.0, X-CUBE-ALS_V1.0.2, X-CUBE-AZRTOS-F4_V1.1.0, X-CUBE-AZRTOS-F7_V1.1.0, X-CUBE-AZRTOS-G0_V1.1.0, X-CUBE-AZRTOS-G4_V2.0.0, X-CUBE-AZRTOS-H7RS_V1.1.0, X-CUBE-AZRTOS-H7_V3.4.0, X-CUBE-AZRTOS-L4_V2.0.0, X-CUBE-AZRTOS-L5_V2.0.0, X-CUBE-AZRTOS-WB_V2.0.0, X-CUBE-AZRTOS-WL_V2.0.0, X-CUBE-BLE1_V7.1.0, X-CUBE-BLE2_V3.3.0, X-CUBE-BLEMGR_V4.1.0, X-CUBE-EEPRMA1_V5.2.0, X-CUBE-FREERTOS_V1.3.1, X-CUBE-GNSS1_V6.0.0, X-CUBE-MEMS1_V11.3.0, X-CUBE-NFC4_V3.0.0, X-CUBE-NFC7_V2.0.0, X-CUBE-SFXS2LP1_V4.0.0, X-CUBE-ST67W61_V1.0.0, X-CUBE-SUBG2_V5.0.0, X-CUBE-TOF1_V3.4.3]
2025-09-12 14:56:57,518 [INFO] ApiDb:240 - Found 646 in-development CPN: [B-G473E-ZEST1S, B-WB1M-WPAN1, B-WL5M-SUBG1, NUCLEO-C031C6, NUCLEO-C071RB, NUCLEO-H503RB, NUCLEO-H533RE, NUCLEO-H563ZI, NUCLEO-H7S3L8, NUCLEO-U031R8, NUCLEO-U083RC, NUCLEO-U545RE-Q, NUCLEO-U5A5ZJ-Q, NUCLEO-WB05KZ, NUCLEO-WB07CC, NUCLEO-WB09KE, NUCLEO-WBA52CG, NUCLEO-WBA55CG, STEVAL-PROTEUS1, STEVAL-SMARTAG2, STEVAL-STWINBX1, STM320518-EVAL, STM32C0116-DK, STM32C011D6Y3TR, STM32C011D6Y6TR, STM32C011F4P3, STM32C011F4P6, STM32C011F4U3, STM32C011F4U6TR, STM32C011F6P3, STM32C011F6P6, STM32C011F6U3, STM32C011F6U6TR, STM32C011J4M3, STM32C011J4M6, STM32C011J6M3, STM32C011J6M6, STM32C0316-DK, STM32C031C4T3, STM32C031C4T6, STM32C031C4U3, STM32C031C4U6, STM32C031C6T3, STM32C031C6T6, STM32C031C6U3, STM32C031C6U6, STM32C031F4P3, STM32C031F4P6, STM32C031F6P3, STM32C031F6P6, STM32C031G4U3, STM32C031G4U6, STM32C031G6U3, STM32C031G6U6, STM32C031K4T3, STM32C031K4T6, STM32C031K4U3, STM32C031K4U6, STM32C031K6T3, STM32C031K6T6, STM32C031K6U3, STM32C031K6U6, STM32C071C8T6, STM32C071C8T6N, STM32C071C8U6, STM32C071C8U6N, STM32C071CBT6, STM32C071CBT6N, STM32C071CBU6, STM32C071CBU6N, STM32C071F8P6, STM32C071F8P6N, STM32C071FBP6, STM32C071FBP6N, STM32C071FBY6TR, STM32C071G8U6, STM32C071G8U6N, STM32C071GBU6, STM32C071GBU6N, STM32C071K8T6, STM32C071K8T6N, STM32C071K8U6, STM32C071K8U6N, STM32C071KBT6, STM32C071KBT6N, STM32C071KBU6, STM32C071KBU6N, STM32C071R8T6, STM32C071R8T6N, STM32C071RBI6N, STM32C071RBT6, STM32C071RBT6N, STM32G071K8TXN, STM32G071K8UXN, STM32G081GBU6N, STM32G081KBT6N, STM32G081KBUXN, STM32G0B1CCT6N, STM32G0B1KCT6, STM32G0B1NEY6TR, STM32G0B1RCT6N, STM32G0C1CCT6, STM32G0C1CCT6N, STM32G0C1CCU6N, STM32G0C1CET6N, STM32G0C1CEU6N, STM32G0C1KCT6, STM32G0C1NEY6TR, STM32G0C1RCI6N, STM32G0C1RCT6N, STM32G0C1REI6N, STM32G0C1RET6N, STM32G0C1VCI6, STM32G0C1VEI6, STM32G411C6T3, STM32G411C6T6, STM32G411C6U3, STM32G411C6U6, STM32G411C8T3, STM32G411C8T6, STM32G411C8U3, STM32G411C8U6, STM32G411CBT3, STM32G411CBT6, STM32G411CBU3, STM32G411CBU6, STM32G411K6T3, STM32G411K6T6, STM32G411K6U3, STM32G411K6U6, STM32G411K8T3, STM32G411K8T6, STM32G411K8U3, STM32G411K8U6, STM32G411KBT3, STM32G411KBT6, STM32G411KBU3, STM32G411KBU6, STM32G411M6T3, STM32G411M6T6, STM32G411M8T3, STM32G411M8T6, STM32G411MBT3, STM32G411MBT6, STM32G411R6T3, STM32G411R6T6, STM32G411R8T3, STM32G411R8T6, STM32G411RBT3, STM32G411RBT6, STM32G414CBT3, STM32G414CBT6, STM32G414CBU3, STM32G414CBU6, STM32G414CCT3, STM32G414CCT6, STM32G414CCU3, STM32G414CCU6, STM32G414MBT3, STM32G414MBT6, STM32G414MCT3, STM32G414MCT6, STM32G414RBT3, STM32G414RBT6, STM32G414RCT3, STM32G414RCT6, STM32G414VBT3, STM32G414VBT6, STM32G414VCT3, STM32G414VCT6, STM32G431CBT3Z, STM32G431RBT3Z, STM32G471CCT6, STM32G471CCU6, STM32G471CET3, STM32G471CET6, STM32G471CEU3, STM32G471CEU6, STM32G471MCT6, STM32G471MET3, STM32G471MET6, STM32G471MEY6TR, STM32G471QCT6, STM32G471QET3, STM32G471RCT6, STM32G471RET3, STM32G471RET6, STM32G471VCH6, STM32G471VCI6, STM32G471VCT6, STM32G471VEH3, STM32G471VEH6, STM32G471VEI3, STM32G471VEI6, STM32G471VET3, STM32G471VET6, STM32G473QET3Z, STM32G473RET3Z, STM32G474CCT6, STM32G491RET3Z, STM32H503CBT6, STM32H503CBU6, STM32H503EBY6TR, STM32H503KBU6, STM32H503RBT6, STM32H523CCT6, STM32H523CCU6, STM32H523CET6, STM32H523CEU6, STM32H523HEY6TR, STM32H523RCT6, STM32H523RET6, STM32H523VCI6, STM32H523VCT6, STM32H523VEI6, STM32H523VET6, STM32H523ZCJ6, STM32H523ZCT6, STM32H523ZEJ6, STM32H523ZET6, STM32H533CET6, STM32H533CEU6, STM32H533HEY6TR, STM32H533RET6, STM32H533VEI6, STM32H533VET6, STM32H533ZEJ6, STM32H533ZET6, STM32H562AGI6, STM32H562AII6, STM32H562IGK6, STM32H562IGT6, STM32H562IIK6, STM32H562IIT6, STM32H562RGT6, STM32H562RGV6, STM32H562RIT6, STM32H562RIV6, STM32H562VGT6, STM32H562VIT6, STM32H562ZGT6, STM32H562ZIT6, STM32H563AGI6, STM32H563AII3Q, STM32H563AII6, STM32H563IGK6, STM32H563IGT6, STM32H563IIK3Q, STM32H563IIK6, STM32H563IIT3Q, STM32H563IIT6, STM32H563MIY3QTR, STM32H563RGT6, STM32H563RGV6, STM32H563RIT6, STM32H563RIV6, STM32H563VGT6, STM32H563VIT3Q, STM32H563VIT6, STM32H563ZGT6, STM32H563ZIT3Q, STM32H563ZIT6, STM32H573AII3Q, STM32H573AII6, STM32H573I-DK, STM32H573IIK3Q, STM32H573IIK6, STM32H573IIT3Q, STM32H573IIT6, STM32H573MIY3QTR, STM32H573RIT6, STM32H573RIV6, STM32H573VIT3Q, STM32H573VIT6, STM32H573ZIT3Q, STM32H573ZIT6, STM32H7R3A8I6, STM32H7R3I8K6, STM32H7R3I8T6, STM32H7R3L8H6, STM32H7R3L8H6H, STM32H7R3R8V6, STM32H7R3V8H6, STM32H7R3V8T6, STM32H7R3V8Y6TR, STM32H7R3Z8J6, STM32H7R3Z8T6, STM32H7R7A8I6, STM32H7R7I8K6, STM32H7R7I8T6, STM32H7R7L8H6, STM32H7R7L8H6H, STM32H7R7Z8J6, STM32H7S3A8I6, STM32H7S3I8K6, STM32H7S3I8T6, STM32H7S3L8H6, STM32H7S3L8H6H, STM32H7S3R8V6, STM32H7S3V8H6, STM32H7S3V8T6, STM32H7S3V8Y6TR, STM32H7S3Z8J6, STM32H7S3Z8T6, STM32H7S78-DK, STM32H7S7A8I6, STM32H7S7I8K6, STM32H7S7I8T6, STM32H7S7L8H6, STM32H7S7L8H6H, STM32H7S7Z8J6, STM32L4R5QGI6STR, STM32MP131AAE3, STM32MP131AAF3, STM32MP131AAG3, STM32MP131CAE3, STM32MP131CAF3, STM32MP131CAG3, STM32MP131DAE7, STM32MP131DAF7, STM32MP131DAG7, STM32MP131FAE7, STM32MP131FAF7, STM32MP131FAG7, STM32MP133AAE3, STM32MP133AAF3, STM32MP133AAG3, STM32MP133CAE3, STM32MP133CAF3, STM32MP133CAG3, STM32MP133DAE7, STM32MP133DAF7, STM32MP133DAG7, STM32MP133FAE7, STM32MP133FAF7, STM32MP133FAG7, STM32MP135AAE3, STM32MP135AAF3, STM32MP135AAG3, STM32MP135CAE3, STM32MP135CAF3, STM32MP135CAG3, STM32MP135DAE7, STM32MP135DAF7, STM32MP135DAG7, STM32MP135F-DK, STM32MP135FAE7, STM32MP135FAF7, STM32MP135FAF7T, STM32MP135FAF7U, STM32MP135FAG7, STM32MP251AAI3, STM32MP251AAK3, STM32MP251AAL3, STM32MP251CAI3, STM32MP251CAK3, STM32MP251CAL3, STM32MP251DAI3, STM32MP251DAK3, STM32MP251DAL3, STM32MP251FAI3, STM32MP251FAK3, STM32MP251FAL3, STM32MP253AAI3, STM32MP253AAK3, STM32MP253AAL3, STM32MP253CAI3, STM32MP253CAK3, STM32MP253CAL3, STM32MP253DAI3, STM32MP253DAK3, STM32MP253DAL3, STM32MP253FAI3, STM32MP253FAK3, STM32MP253FAL3, STM32MP255AAI3, STM32MP255AAK3, STM32MP255AAL3, STM32MP255CAI3, STM32MP255CAK3, STM32MP255CAL3, STM32MP255DAI3, STM32MP255DAK3, STM32MP255DAL3, STM32MP255FAI3, STM32MP255FAK3, STM32MP255FAL3, STM32MP257AAI3, STM32MP257AAK3, STM32MP257AAL3, STM32MP257CAI3, STM32MP257CAK3, STM32MP257CAL3, STM32MP257DAI3, STM32MP257DAK3, STM32MP257DAL3, STM32MP257F-DK, STM32MP257F-EV1, STM32MP257FAI3, STM32MP257FAK3, STM32MP257FAL3, STM32U031C6T6, STM32U031C6U6, STM32U031C8T6, STM32U031C8U6, STM32U031F4P6, STM32U031F6P6, STM32U031F8P6, STM32U031G6Y6TR, STM32U031G8Y6TR, STM32U031K4U6, STM32U031K6U6, STM32U031K8U6, STM32U031R6I6, STM32U031R6T6, STM32U031R8I6, STM32U031R8T6, STM32U073C8T6, STM32U073C8U6, STM32U073CBT6, STM32U073CBU6, STM32U073CCT6, STM32U073CCU6, STM32U073H8Y6TR, STM32U073HBY6TR, STM32U073HCY6TR, STM32U073K8U6, STM32U073KBU6, STM32U073KCU6, STM32U073M8I6, STM32U073M8T6, STM32U073MBI6, STM32U073MBT6, STM32U073MCI6, STM32U073MCT6, STM32U073R8I6, STM32U073R8T6, STM32U073RBI6, STM32U073RBT6, STM32U073RCI6, STM32U073RCT6, STM32U083C-DK, STM32U083CCT6, STM32U083CCU6, STM32U083HCY6TR, STM32U083KCU6, STM32U083MCI6, STM32U083MCT6, STM32U083RCI6, STM32U083RCT6, STM32U535CBT6, STM32U535CBT6Q, STM32U535CBU6, STM32U535CBU6Q, STM32U535CCT6, STM32U535CCT6Q, STM32U535CCU6, STM32U535CCU6Q, STM32U535CET6, STM32U535CET6Q, STM32U535CEU6, STM32U535CEU6Q, STM32U535JEY6QTR, STM32U535NCY6QTR, STM32U535NEY6QTR, STM32U535RBI6, STM32U535RBI6Q, STM32U535RBT6, STM32U535RBT6Q, STM32U535RCI6, STM32U535RCI6Q, STM32U535RCT6, STM32U535RCT6Q, STM32U535REI6, STM32U535REI6Q, STM32U535RET6, STM32U535RET6Q, STM32U535VCI6, STM32U535VCI6Q, STM32U535VCT6, STM32U535VCT6Q, STM32U535VEI6, STM32U535VEI6Q, STM32U535VET6, STM32U535VET6Q, STM32U545CET6, STM32U545CET6Q, STM32U545CEU6, STM32U545CEU6Q, STM32U545JEY6QTR, STM32U545NEY6QTR, STM32U545REI6, STM32U545REI6Q, STM32U545RET6, STM32U545RET6Q, STM32U545VEI6, STM32U545VEI6Q, STM32U545VET6, STM32U545VET6Q, STM32U595AIH6, STM32U595AIH6Q, STM32U595AJH6, STM32U595AJH6Q, STM32U595QII6, STM32U595QII6Q, STM32U595QJI6, STM32U595QJI6Q, STM32U595RIT6, STM32U595RIT6Q, STM32U595RJT6, STM32U595RJT6Q, STM32U595VIT6, STM32U595VIT6Q, STM32U595VJT6, STM32U595VJT6Q, STM32U595ZIT6, STM32U595ZIT6Q, STM32U595ZIY6QTR, STM32U595ZJT6, STM32U595ZJT6Q, STM32U595ZJY6QTR, STM32U599BJY6QTR, STM32U599NIH6Q, STM32U599NJH6Q, STM32U599VIT6Q, STM32U599VJT6, STM32U599VJT6Q, STM32U599ZIT6Q, STM32U599ZIY6QTR, STM32U599ZJT6Q, STM32U599ZJY6QTR, STM32U5A5AJH6, STM32U5A5AJH6Q, STM32U5A5QII3Q , STM32U5A5QJI6, STM32U5A5QJI6Q, STM32U5A5RJT6, STM32U5A5RJT6Q, STM32U5A5VJT6, STM32U5A5VJT6Q, STM32U5A5ZJT6, STM32U5A5ZJT6Q, STM32U5A5ZJY6QTR, STM32U5A9BJY6QTR, STM32U5A9J-DK, STM32U5A9NJH6Q, STM32U5A9VJT6Q, STM32U5A9ZJT6Q, STM32U5A9ZJY6QTR, STM32U5F7VIT6, STM32U5F7VIT6Q, STM32U5F7VJT6, STM32U5F7VJT6Q, STM32U5F9BJY6QTR, STM32U5F9NJH6Q, STM32U5F9VIT6Q, STM32U5F9VJT6Q, STM32U5F9ZIJ6QTR, STM32U5F9ZIT6Q, STM32U5F9ZJJ6QTR, STM32U5F9ZJT6Q, STM32U5G7VJT6, STM32U5G7VJT6Q, STM32U5G9BJY6QTR, STM32U5G9J-DK1, STM32U5G9J-DK2, STM32U5G9NJH6Q, STM32U5G9VJT6Q, STM32U5G9ZJJ6QTR, STM32U5G9ZJT6Q, STM32WB05KZV6TR, STM32WB05KZV7TR, STM32WB05TZF6TR, STM32WB05TZF7TR, STM32WB06CCF6TR, STM32WB06CCF7TR, STM32WB06CCV6TR, STM32WB06CCV7TR, STM32WB06KCV6TR, STM32WB06KCV7TR, STM32WB07CCF6TR, STM32WB07CCF7TR, STM32WB07CCV6TR, STM32WB07CCV7TR, STM32WB07KCV6TR, STM32WB07KCV7TR, STM32WB09KEV6TR, STM32WB09KEV7TR, STM32WB09TEF6TR, STM32WB09TEF7TR, STM32WB1MMCH6, STM32WBA50KGU6, STM32WBA50KGU6TR, STM32WBA52CEU6, STM32WBA52CEU6TR, STM32WBA52CEU7, STM32WBA52CEU7TR, STM32WBA52CGU6, STM32WBA52CGU6TR, STM32WBA52CGU6U, STM32WBA52CGU7, STM32WBA52CGU7TR, STM32WBA52KEU6, STM32WBA52KEU6TR, STM32WBA52KGU6, STM32WBA52KGU6TR, STM32WBA54CEU6, STM32WBA54CEU6TR, STM32WBA54CEU7, STM32WBA54CEU7TR, STM32WBA54CGU6, STM32WBA54CGU6TR, STM32WBA54CGU7, STM32WBA54CGU7TR, STM32WBA54KEU6, STM32WBA54KEU6TR, STM32WBA54KEU7, STM32WBA54KEU7TR, STM32WBA54KGU6, STM32WBA54KGU6TR, STM32WBA54KGU7, STM32WBA54KGU7TR, STM32WBA55CEU6, STM32WBA55CEU6TR, STM32WBA55CEU7, STM32WBA55CEU7TR, STM32WBA55CGU6, STM32WBA55CGU6TR, STM32WBA55CGU6U, STM32WBA55CGU7, STM32WBA55CGU7TR, STM32WBA55G-DK1, STM32WBA55HEF6, STM32WBA55HEF7, STM32WBA55HGF6, STM32WBA55HGF7, STM32WBA55UEI6, STM32WBA55UEI6TR, STM32WBA55UEI7, STM32WBA55UEI7TR, STM32WBA55UGI6, STM32WBA55UGI6TR, STM32WBA55UGI7, STM32WBA55UGI7TR, STM32WL5MOCH6, STM32WL5MOCH6TR]
2025-09-12 14:56:57,521 [INFO] DbMcus:218 - Found 4733 MCUs, 4733 are supported
2025-09-12 14:56:57,522 [INFO] ApiDb:423 - Load user favorites file C:\Users\RND1/.stm32cubeide/favorites.mcus.txt: 0 item(s)
2025-09-12 14:56:57,522 [INFO] ApiDb:427 - User favorites MCUs=[]
2025-09-12 14:56:57,522 [INFO] DbMcus:224 - Set 0 / 0 favorites MCUs
2025-09-12 14:56:57,777 [INFO] BoardInfo:889 - No configuration file found for board B-WBA5M-WPAN
2025-09-12 14:56:57,778 [INFO] DbBoards:161 - Board is not supported: B-WBA5M-WPAN
2025-09-12 14:56:57,782 [INFO] BoardInfo:889 - No configuration file found for board NUCLEO-C051C8
2025-09-12 14:56:57,782 [INFO] DbBoards:161 - Board is not supported: NUCLEO-C051C8
2025-09-12 14:56:57,784 [INFO] BoardInfo:889 - No configuration file found for board NUCLEO-C092RC
2025-09-12 14:56:57,785 [INFO] DbBoards:161 - Board is not supported: NUCLEO-C092RC
2025-09-12 14:56:57,862 [INFO] BoardInfo:889 - No configuration file found for board NUCLEO-N657X0-Q
2025-09-12 14:56:57,863 [INFO] DbBoards:161 - Board is not supported: NUCLEO-N657X0-Q
2025-09-12 14:56:57,865 [INFO] BoardInfo:889 - No configuration file found for board NUCLEO-U385RG-Q
2025-09-12 14:56:57,866 [INFO] DbBoards:161 - Board is not supported: NUCLEO-U385RG-Q
2025-09-12 14:56:57,877 [INFO] BoardInfo:889 - No configuration file found for board NUCLEO-WBA65RI
2025-09-12 14:56:57,877 [INFO] DbBoards:161 - Board is not supported: NUCLEO-WBA65RI
2025-09-12 14:56:57,878 [INFO] BoardInfo:889 - No configuration file found for board NUCLEO-WL33CC1
2025-09-12 14:56:57,878 [INFO] DbBoards:161 - Board is not supported: NUCLEO-WL33CC1
2025-09-12 14:56:57,879 [INFO] BoardInfo:889 - No configuration file found for board NUCLEO-WL33CC2
2025-09-12 14:56:57,880 [INFO] DbBoards:161 - Board is not supported: NUCLEO-WL33CC2
2025-09-12 14:56:57,885 [INFO] BoardInfo:889 - No configuration file found for board P-NUCLEO-WB55
2025-09-12 14:56:57,885 [INFO] DbBoards:161 - Kit is not supported: P-NUCLEO-WB55
2025-09-12 14:56:57,889 [INFO] BoardInfo:889 - No configuration file found for board STEVAL-BFA001V1B
2025-09-12 14:56:57,890 [INFO] DbBoards:161 - Kit is not supported: STEVAL-BFA001V1B
2025-09-12 14:56:57,891 [INFO] BoardInfo:889 - No configuration file found for board STEVAL-BFA001V2B
2025-09-12 14:56:57,891 [INFO] DbBoards:161 - Kit is not supported: STEVAL-BFA001V2B
2025-09-12 14:56:57,997 [INFO] BoardInfo:889 - No configuration file found for board STM32N6570-DK
2025-09-12 14:56:57,997 [INFO] DbBoards:161 - Board is not supported: STM32N6570-DK
2025-09-12 14:56:58,006 [INFO] BoardInfo:889 - No configuration file found for board STM32WBA65I-DK1
2025-09-12 14:56:58,007 [INFO] DbBoards:161 - Board is not supported: STM32WBA65I-DK1
2025-09-12 14:56:58,007 [INFO] DbBoards:168 - Found 211 boards, 198 are supported
2025-09-12 14:56:58,007 [INFO] DbBoards:169 - Found 211 boards, 25 of them is supported for  Bsp
2025-09-12 14:56:58,009 [INFO] ApiDb:423 - Load user favorites file C:\Users\RND1/.stm32cubeide/favorites.boards.txt: 0 item(s)
2025-09-12 14:56:58,009 [INFO] ApiDb:427 - User favorites Boards=[]
2025-09-12 14:56:58,009 [INFO] DbBoards:198 - Set 0 / 0 favorites Boards
2025-09-12 14:56:58,111 [INFO] UtilMem:75 - End LoadConfig() Used Memory: 828070168 Bytes (1073741824)
2025-09-12 14:56:58,212 [WARN] ThirdParty:833 - waiting for thirdparty lock release [change project]
2025-09-12 14:56:58,212 [INFO] ThirdParty:835 - entering critical section [change project]
2025-09-12 14:56:58,212 [INFO] ThirdParty:1030 - CMSIS Pack Vendor :STMicroelectronics X-CUBE-PM33A1 1.0.0
2025-09-12 14:56:58,212 [INFO] ThirdParty:1030 - CMSIS Pack Vendor :STMicroelectronics USBPD 4.1
2025-09-12 14:56:58,212 [INFO] ThirdParty:1030 - CMSIS Pack Vendor :STMicroelectronics X-CUBE-GNSS1 6.0.0
2025-09-12 14:56:58,212 [INFO] ThirdParty:1030 - CMSIS Pack Vendor :STMicroelectronics USB_HOST 2.0.0
2025-09-12 14:56:58,212 [INFO] ThirdParty:1030 - CMSIS Pack Vendor :STMicroelectronics FP-SNS-MOTENVWB1 1.4.0
2025-09-12 14:56:58,212 [INFO] ThirdParty:1030 - CMSIS Pack Vendor :STMicroelectronics X-CUBE-AZRTOS-F4 1.1.0
2025-09-12 14:56:58,212 [INFO] ThirdParty:1030 - CMSIS Pack Vendor :STMicroelectronics LIBJPEG 8.0.0
2025-09-12 14:56:58,212 [INFO] ThirdParty:1030 - CMSIS Pack Vendor :STMicroelectronics FP-ATR-ASTRA1 2.0.2
2025-09-12 14:56:58,212 [INFO] ThirdParty:1030 - CMSIS Pack Vendor :wolfSSL I-CUBE-wolfSSL 5.6.4
2025-09-12 14:56:58,212 [INFO] ThirdParty:1030 - CMSIS Pack Vendor :STMicroelectronics FP-ATR-ASTRA1 2.0.1
2025-09-12 14:56:58,212 [INFO] ThirdParty:1030 - CMSIS Pack Vendor :STMicroelectronics X-CUBE-SMBUS 2.1.0
2025-09-12 14:56:58,212 [INFO] ThirdParty:1030 - CMSIS Pack Vendor :STMicroelectronics X-CUBE-WB05N 1.1.0
2025-09-12 14:56:58,212 [INFO] ThirdParty:1030 - CMSIS Pack Vendor :STMicroelectronics X-CUBE-ISPU 2.1.0
2025-09-12 14:56:58,212 [INFO] ThirdParty:1030 - CMSIS Pack Vendor :STMicroelectronics X-CUBE-FREERTOS 1.2.0
2025-09-12 14:56:58,212 [INFO] ThirdParty:1030 - CMSIS Pack Vendor :STMicroelectronics X-CUBE-TOUCHGFX 4.23.0
2025-09-12 14:56:58,212 [INFO] ThirdParty:1030 - CMSIS Pack Vendor :STMicroelectronics X-CUBE-NFC12 1.0.0
2025-09-12 14:56:58,212 [INFO] ThirdParty:1030 - CMSIS Pack Vendor :STMicroelectronics X-CUBE-TOUCHGFX 4.23.2
2025-09-12 14:56:58,212 [INFO] ThirdParty:1030 - CMSIS Pack Vendor :STMicroelectronics X-CUBE-AZRTOS-F7 1.1.0
2025-09-12 14:56:58,212 [INFO] ThirdParty:1030 - CMSIS Pack Vendor :STMicroelectronics X-CUBE-AZRTOS-L5 2.0.0
2025-09-12 14:56:58,212 [INFO] ThirdParty:1030 - CMSIS Pack Vendor :STMicroelectronics USB_DEVICE 2.0.0
2025-09-12 14:56:58,212 [INFO] ThirdParty:1030 - CMSIS Pack Vendor :STMicroelectronics X-CUBE-EEPRMA1 4.2.0
2025-09-12 14:56:58,212 [INFO] ThirdParty:1030 - CMSIS Pack Vendor :STMicroelectronics X-CUBE-NFC6 3.1.0
2025-09-12 14:56:58,212 [INFO] ThirdParty:1030 - CMSIS Pack Vendor :ITTIA_DB I-CUBE-ITTIADB 8.8.0
2025-09-12 14:56:58,212 [INFO] ThirdParty:1030 - CMSIS Pack Vendor :STMicroelectronics FP-SNS-MOTENV1 4.3.2
2025-09-12 14:56:58,212 [INFO] ThirdParty:1030 - CMSIS Pack Vendor :STMicroelectronics X-CUBE-MEMS1 11.0.0
2025-09-12 14:56:58,212 [INFO] ThirdParty:1030 - CMSIS Pack Vendor :STMicroelectronics FreeRTOS 0.0.1
2025-09-12 14:56:58,212 [INFO] ThirdParty:1030 - CMSIS Pack Vendor :STMicroelectronics X-CUBE-DPower 1.2.0
2025-09-12 14:56:58,212 [INFO] ThirdParty:1030 - CMSIS Pack Vendor :STMicroelectronics FP-SNS-FLIGHT1 5.0.2
2025-09-12 14:56:58,212 [INFO] ThirdParty:1030 - CMSIS Pack Vendor :STMicroelectronics X-CUBE-AI 9.0.0
2025-09-12 14:56:58,212 [INFO] ThirdParty:1030 - CMSIS Pack Vendor :STMicroelectronics PDM2PCM 3.3.0
2025-09-12 14:56:58,213 [INFO] ThirdParty:1030 - CMSIS Pack Vendor :STMicroelectronics X-CUBE-AZRTOS-H7 3.4.0
2025-09-12 14:56:58,213 [INFO] ThirdParty:1030 - CMSIS Pack Vendor :STMicroelectronics X-CUBE-DISPLAY 3.0.0
2025-09-12 14:56:58,213 [INFO] ThirdParty:1030 - CMSIS Pack Vendor :STMicroelectronics X-CUBE-BLE1 7.0.0
2025-09-12 14:56:58,213 [INFO] ThirdParty:1030 - CMSIS Pack Vendor :STMicroelectronics X-CUBE-NFC10 1.0.0
2025-09-12 14:56:58,213 [INFO] ThirdParty:1030 - CMSIS Pack Vendor :STMicroelectronics X-CUBE-BLEMGR 4.0.0
2025-09-12 14:56:58,213 [INFO] ThirdParty:1030 - CMSIS Pack Vendor :STMicroelectronics X-CUBE-FREERTOS 1.3.1
2025-09-12 14:56:58,213 [INFO] ThirdParty:1030 - CMSIS Pack Vendor :STMicroelectronics HAL Drivers 0.0.0
2025-09-12 14:56:58,213 [INFO] ThirdParty:1030 - CMSIS Pack Vendor :emotas I-CUBE-CANOPEN 1.3.0
2025-09-12 14:56:58,213 [INFO] ThirdParty:1030 - CMSIS Pack Vendor :STMicroelectronics X-CUBE-FREERTOS 1.3.0
2025-09-12 14:56:58,213 [INFO] ThirdParty:1030 - CMSIS Pack Vendor :STMicroelectronics X-CUBE-NFC7 1.0.1
2025-09-12 14:56:58,213 [INFO] ThirdParty:1030 - CMSIS Pack Vendor :STMicroelectronics MBEDTLS 2.14.1
2025-09-12 14:56:58,213 [INFO] ThirdParty:1030 - CMSIS Pack Vendor :STMicroelectronics X-CUBE-NFC6 3.0.0
2025-09-12 14:56:58,213 [INFO] ThirdParty:1030 - CMSIS Pack Vendor :STMicroelectronics X-CUBE-BLEMGR 3.1.0
2025-09-12 14:56:58,213 [INFO] ThirdParty:1030 - CMSIS Pack Vendor :STMicroelectronics X-CUBE-AI 10.0.0
2025-09-12 14:56:58,213 [INFO] ThirdParty:1030 - CMSIS Pack Vendor :STMicroelectronics FP-SNS-SMARTAG2 1.2.0
2025-09-12 14:56:58,213 [INFO] ThirdParty:1030 - CMSIS Pack Vendor :STMicroelectronics X-CUBE-MEMS1 11.1.0
2025-09-12 14:56:58,213 [INFO] ThirdParty:1030 - CMSIS Pack Vendor :STMicroelectronics X-CUBE-AZRTOS-WL 2.0.0
2025-09-12 14:56:58,213 [INFO] ThirdParty:1030 - CMSIS Pack Vendor :STMicroelectronics X-CUBE-DPower 1.3.0
2025-09-12 14:56:58,213 [INFO] ThirdParty:1030 - CMSIS Pack Vendor :STMicroelectronics FP-SNS-MOTENV1 5.0.0
2025-09-12 14:56:58,213 [INFO] ThirdParty:1030 - CMSIS Pack Vendor :STMicroelectronics USB_DEVICE 1.0.0
2025-09-12 14:56:58,213 [INFO] ThirdParty:1030 - CMSIS Pack Vendor :STMicroelectronics X-CUBE-AI 8.1.0
2025-09-12 14:56:58,213 [INFO] ThirdParty:1030 - CMSIS Pack Vendor :wolfSSL I-CUBE-wolfMQTT 1.19.0
2025-09-12 14:56:58,213 [INFO] ThirdParty:1030 - CMSIS Pack Vendor :STMicroelectronics X-CUBE-AZRTOS-L4 2.0.0
2025-09-12 14:56:58,213 [INFO] ThirdParty:1030 - CMSIS Pack Vendor :STMicroelectronics ThreadX 0.0.2
2025-09-12 14:56:58,213 [INFO] ThirdParty:1030 - CMSIS Pack Vendor :WES I-CUBE-Cesium 1.3.0
2025-09-12 14:56:58,213 [INFO] ThirdParty:1030 - CMSIS Pack Vendor :STMicroelectronics lwIP 2.1.2
2025-09-12 14:56:58,213 [INFO] ThirdParty:1030 - CMSIS Pack Vendor :STMicroelectronics X-CUBE-SFXS2LP1 4.0.0
2025-09-12 14:56:58,213 [INFO] ThirdParty:1030 - CMSIS Pack Vendor :STMicroelectronics X-CUBE-BLE2 3.3.0
2025-09-12 14:56:58,213 [INFO] ThirdParty:1030 - CMSIS Pack Vendor :STMicroelectronics PDM2PCM 3.2.0
2025-09-12 14:56:58,213 [INFO] ThirdParty:1030 - CMSIS Pack Vendor :STMicroelectronics X-CUBE-AZRTOS-H7 3.3.0
2025-09-12 14:56:58,213 [INFO] ThirdParty:1030 - CMSIS Pack Vendor :STMicroelectronics X-CUBE-NFC9 1.0.0
2025-09-12 14:56:58,213 [INFO] ThirdParty:1030 - CMSIS Pack Vendor :STMicroelectronics X-CUBE-BLE1 7.1.0
2025-09-12 14:56:58,213 [INFO] ThirdParty:1030 - CMSIS Pack Vendor :STMicroelectronics USB_DEVICE 3.0.0
2025-09-12 14:56:58,213 [INFO] ThirdParty:1030 - CMSIS Pack Vendor :STMicroelectronics X-CUBE-TCPP 4.1.0
2025-09-12 14:56:58,213 [INFO] ThirdParty:1030 - CMSIS Pack Vendor :STMicroelectronics X-CUBE-EEPRMA1 5.2.0
2025-09-12 14:56:58,213 [INFO] ThirdParty:1030 - CMSIS Pack Vendor :STMicroelectronics X-CUBE-IPS 3.0.0
2025-09-12 14:56:58,213 [INFO] ThirdParty:1030 - CMSIS Pack Vendor :STMicroelectronics X-CUBE-AZRTOS-WB 2.0.0
2025-09-12 14:56:58,213 [INFO] ThirdParty:1030 - CMSIS Pack Vendor :STMicroelectronics X-CUBE-GNSS1 7.0.0
2025-09-12 14:56:58,213 [INFO] ThirdParty:1030 - CMSIS Pack Vendor :STMicroelectronics X-CUBE-GNSS1 7.0.1
2025-09-12 14:56:58,213 [INFO] ThirdParty:1030 - CMSIS Pack Vendor :STMicroelectronics X-CUBE-TOUCHGFX 4.25.0
2025-09-12 14:56:58,213 [INFO] ThirdParty:1030 - CMSIS Pack Vendor :STMicroelectronics X-CUBE-AI 10.1.0
2025-09-12 14:56:58,213 [INFO] ThirdParty:1030 - CMSIS Pack Vendor :STMicroelectronics FP-SNS-STBOX1 2.0.0
2025-09-12 14:56:58,213 [INFO] ThirdParty:1030 - CMSIS Pack Vendor :STMicroelectronics X-CUBE-ALGOBUILD 1.3.0
2025-09-12 14:56:58,213 [INFO] ThirdParty:1030 - CMSIS Pack Vendor :STMicroelectronics X-CUBE-MEMS1 11.2.0
2025-09-12 14:56:58,213 [INFO] ThirdParty:1030 - CMSIS Pack Vendor :STMicroelectronics X-CUBE-AZRTOS-G0 1.1.0
2025-09-12 14:56:58,213 [INFO] ThirdParty:1030 - CMSIS Pack Vendor :STMicroelectronics X-CUBE-SAFEA1 1.2.2
2025-09-12 14:56:58,213 [INFO] ThirdParty:1030 - CMSIS Pack Vendor :STMicroelectronics X-CUBE-NFC4 3.0.0
2025-09-12 14:56:58,213 [INFO] ThirdParty:1030 - CMSIS Pack Vendor :STMicroelectronics X-CUBE-SUBG2 5.0.0
2025-09-12 14:56:58,213 [INFO] ThirdParty:1030 - CMSIS Pack Vendor :STMicroelectronics X-CUBE-AZRTOS-H7RS 1.1.0
2025-09-12 14:56:58,213 [INFO] ThirdParty:1030 - CMSIS Pack Vendor :STMicroelectronics STM32_WPAN 1.0.0
2025-09-12 14:56:58,213 [INFO] ThirdParty:1030 - CMSIS Pack Vendor :wolfSSL I-CUBE-wolfMQTT 1.18.0
2025-09-12 14:56:58,213 [INFO] ThirdParty:1030 - CMSIS Pack Vendor :EmbeddedOffice I-CUBE-FS-RTOS 1.0.1
2025-09-12 14:56:58,213 [INFO] ThirdParty:1030 - CMSIS Pack Vendor :STMicroelectronics lwIP 2.0.3
2025-09-12 14:56:58,213 [INFO] ThirdParty:1030 - CMSIS Pack Vendor :STMicroelectronics USB_HOST 1.0.0
2025-09-12 14:56:58,213 [INFO] ThirdParty:1030 - CMSIS Pack Vendor :STMicroelectronics X-CUBE-AZRTOS-G4 2.0.0
2025-09-12 14:56:58,213 [INFO] ThirdParty:1030 - CMSIS Pack Vendor :STMicroelectronics X-CUBE-WB05N 2.0.0
2025-09-12 14:56:58,213 [INFO] ThirdParty:1030 - CMSIS Pack Vendor :STMicroelectronics PDM2PCM 3.1.0
2025-09-12 14:56:58,213 [INFO] ThirdParty:1030 - CMSIS Pack Vendor :Infineon AIROC-Wi-Fi-Bluetooth-STM32 1.5.1
2025-09-12 14:56:58,213 [INFO] ThirdParty:1030 - CMSIS Pack Vendor :STMicroelectronics X-CUBE-BLEMGR 3.0.0
2025-09-12 14:56:58,213 [INFO] ThirdParty:1030 - CMSIS Pack Vendor :STMicroelectronics X-CUBE-NFC7 2.0.0
2025-09-12 14:56:58,213 [INFO] ThirdParty:1030 - CMSIS Pack Vendor :RealThread X-CUBE-RT-Thread_Nano 4.1.1
2025-09-12 14:56:58,213 [INFO] ThirdParty:1030 - CMSIS Pack Vendor :STMicroelectronics FP-SNS-MOTENVWB1 1.3.1
2025-09-12 14:56:58,213 [INFO] ThirdParty:1030 - CMSIS Pack Vendor :STMicroelectronics FP-ATR-SIGFOX1 3.2.0
2025-09-12 14:56:58,214 [INFO] ThirdParty:1030 - CMSIS Pack Vendor :quantropi X-CUBE-qispace-sdk-base 1.9.3
2025-09-12 14:56:58,214 [INFO] ThirdParty:1030 - CMSIS Pack Vendor :STMicroelectronics X-CUBE-ISPU 2.0.0
2025-09-12 14:56:58,214 [INFO] ThirdParty:1030 - CMSIS Pack Vendor :STMicroelectronics X-CUBE-EEPRMA1 5.1.0
2025-09-12 14:56:58,214 [INFO] ThirdParty:1030 - CMSIS Pack Vendor :STMicroelectronics MBEDTLS 2.16.2
2025-09-12 14:56:58,214 [INFO] ThirdParty:1030 - CMSIS Pack Vendor :STMicroelectronics X-CUBE-ALS 1.0.2
2025-09-12 14:56:58,214 [INFO] ThirdParty:1030 - CMSIS Pack Vendor :STMicroelectronics X-CUBE-MEMS1 10.0.0
2025-09-12 14:56:58,214 [INFO] ThirdParty:1030 - CMSIS Pack Vendor :STMicroelectronics X-CUBE-FREERTOS 1.1.0
2025-09-12 14:56:58,214 [INFO] ThirdParty:1030 - CMSIS Pack Vendor :STMicroelectronics X-CUBE-TOUCHGFX 4.24.0
2025-09-12 14:56:58,214 [INFO] ThirdParty:1030 - CMSIS Pack Vendor :STMicroelectronics X-CUBE-TOUCHGFX 4.24.2
2025-09-12 14:56:58,214 [INFO] ThirdParty:1030 - CMSIS Pack Vendor :STMicroelectronics X-CUBE-TOUCHGFX 4.24.1
2025-09-12 14:56:58,214 [INFO] ThirdParty:1030 - CMSIS Pack Vendor :STMicroelectronics X-CUBE-STSE01 1.0.0
2025-09-12 14:56:58,214 [INFO] ThirdParty:1030 - CMSIS Pack Vendor :wolfSSL I-CUBE-wolfTPM 3.4.0
2025-09-12 14:56:58,214 [INFO] ThirdParty:1030 - CMSIS Pack Vendor :portGmbH I-Cube-SoM-uGOAL 1.1.0
2025-09-12 14:56:58,214 [INFO] ThirdParty:1030 - CMSIS Pack Vendor :STMicroelectronics X-CUBE-ALS 1.0.1
2025-09-12 14:56:58,214 [INFO] ThirdParty:1030 - CMSIS Pack Vendor :STMicroelectronics X-CUBE-AI 10.2.0
2025-09-12 14:56:58,214 [INFO] ThirdParty:1030 - CMSIS Pack Vendor :STMicroelectronics ThreadX 1.0.0
2025-09-12 14:56:58,214 [INFO] ThirdParty:1030 - CMSIS Pack Vendor :SEGGER I-CUBE-embOS 1.3.1
2025-09-12 14:56:58,214 [INFO] ThirdParty:1030 - CMSIS Pack Vendor :STMicroelectronics X-CUBE-ALGOBUILD 1.4.0
2025-09-12 14:56:58,214 [INFO] ThirdParty:1030 - CMSIS Pack Vendor :STMicroelectronics X-CUBE-MEMS1 11.3.0
2025-09-12 14:56:58,214 [INFO] ThirdParty:1030 - CMSIS Pack Vendor :STMicroelectronics X-CUBE-AZRTOS-H7RS 1.0.0
2025-09-12 14:56:58,214 [INFO] ThirdParty:1030 - CMSIS Pack Vendor :STMicroelectronics FP-ATR-ASTRA1 2.0.0
2025-09-12 14:56:58,214 [INFO] ThirdParty:1030 - CMSIS Pack Vendor :STMicroelectronics X-CUBE-TOF1 3.4.2
2025-09-12 14:56:58,214 [INFO] ThirdParty:1030 - CMSIS Pack Vendor :STMicroelectronics X-CUBE-AI 9.1.0
2025-09-12 14:56:58,214 [INFO] ThirdParty:1030 - CMSIS Pack Vendor :STMicroelectronics X-CUBE-TOF1 3.4.0
2025-09-12 14:56:58,214 [INFO] ThirdParty:1030 - CMSIS Pack Vendor :STMicroelectronics X-CUBE-TOF1 3.4.1
2025-09-12 14:56:58,214 [INFO] ThirdParty:1030 - CMSIS Pack Vendor :STMicroelectronics X-CUBE-AZRTOS-H7 3.2.0
2025-09-12 14:56:58,214 [INFO] ThirdParty:1030 - CMSIS Pack Vendor :wolfSSL I-CUBE-wolfSSH 1.4.17
2025-09-12 14:56:58,214 [INFO] ThirdParty:841 - exiting critical section [change project]
2025-09-12 14:56:58,518 [INFO] PinOutPanel:1561 - setPackage(No Configuration,No Configuration)
2025-09-12 14:56:58,521 [INFO] PinOutPanel:1561 - setPackage(STM32G431CBUx,UFQFPN48)
2025-09-12 14:56:58,898 [INFO] UtilMem:75 - Before build in PCC Used Memory: 856324200 Bytes (1073741824)
2025-09-12 14:56:59,869 [INFO] UtilMem:75 - After build in PCC Used Memory: 736535304 Bytes (1073741824)
2025-09-12 14:56:59,901 [INFO] IPUIPlugin:80 - create IPUIPlugin
2025-09-12 14:56:59,901 [INFO] IPUIPlugin:80 - create IPUIPlugin
2025-09-12 14:56:59,901 [INFO] IPUIPlugin:80 - create IPUIPlugin
2025-09-12 14:56:59,902 [INFO] IPUIPlugin:80 - create IPUIPlugin
2025-09-12 14:56:59,902 [INFO] IPUIPlugin:80 - create IPUIPlugin
2025-09-12 14:56:59,902 [INFO] IPUIPlugin:80 - create IPUIPlugin
2025-09-12 14:56:59,902 [INFO] IPUIPlugin:80 - create IPUIPlugin
2025-09-12 14:56:59,902 [INFO] IPUIPlugin:80 - create IPUIPlugin
2025-09-12 14:56:59,902 [INFO] IPUIPlugin:80 - create IPUIPlugin
2025-09-12 14:56:59,902 [INFO] IPUIPlugin:80 - create IPUIPlugin
2025-09-12 14:56:59,902 [INFO] IPUIPlugin:80 - create IPUIPlugin
2025-09-12 14:56:59,902 [INFO] IPUIPlugin:80 - create IPUIPlugin
2025-09-12 14:56:59,902 [INFO] IPUIPlugin:80 - create IPUIPlugin
2025-09-12 14:56:59,902 [INFO] IPUIPlugin:80 - create IPUIPlugin
2025-09-12 14:56:59,902 [INFO] IPUIPlugin:80 - create IPUIPlugin
2025-09-12 14:56:59,902 [INFO] IPUIPlugin:80 - create IPUIPlugin
2025-09-12 14:56:59,902 [INFO] IPUIPlugin:80 - create IPUIPlugin
2025-09-12 14:56:59,902 [INFO] IPUIPlugin:80 - create IPUIPlugin
2025-09-12 14:56:59,902 [INFO] IPUIPlugin:80 - create IPUIPlugin
2025-09-12 14:56:59,902 [INFO] IPUIPlugin:80 - create IPUIPlugin
2025-09-12 14:56:59,902 [INFO] IPUIPlugin:80 - create IPUIPlugin
2025-09-12 14:56:59,902 [INFO] IPUIPlugin:80 - create IPUIPlugin
2025-09-12 14:56:59,903 [INFO] IPUIPlugin:80 - create IPUIPlugin
2025-09-12 14:56:59,903 [INFO] IPUIPlugin:80 - create IPUIPlugin
2025-09-12 14:56:59,904 [INFO] IPUIPlugin:80 - create IPUIPlugin
2025-09-12 14:56:59,904 [INFO] IPUIPlugin:80 - create IPUIPlugin
2025-09-12 14:56:59,904 [INFO] IPUIPlugin:80 - create IPUIPlugin
2025-09-12 14:56:59,904 [INFO] IPUIPlugin:80 - create IPUIPlugin
2025-09-12 14:56:59,904 [INFO] IPUIPlugin:80 - create IPUIPlugin
2025-09-12 14:56:59,905 [INFO] IPUIPlugin:80 - create IPUIPlugin
2025-09-12 14:56:59,905 [INFO] IPUIPlugin:80 - create IPUIPlugin
2025-09-12 14:56:59,905 [INFO] IPUIPlugin:80 - create IPUIPlugin
2025-09-12 14:56:59,905 [INFO] IPUIPlugin:80 - create IPUIPlugin
2025-09-12 14:56:59,905 [INFO] IPUIPlugin:80 - create IPUIPlugin
2025-09-12 14:56:59,905 [INFO] IPUIPlugin:80 - create IPUIPlugin
2025-09-12 14:56:59,906 [INFO] IPUIPlugin:80 - create IPUIPlugin
2025-09-12 14:56:59,906 [INFO] IPUIPlugin:80 - create IPUIPlugin
2025-09-12 14:56:59,906 [INFO] IPUIPlugin:80 - create IPUIPlugin
2025-09-12 14:56:59,906 [INFO] IPUIPlugin:80 - create IPUIPlugin
2025-09-12 14:56:59,906 [INFO] IPUIPlugin:80 - create IPUIPlugin
2025-09-12 14:56:59,906 [INFO] IPUIPlugin:80 - create IPUIPlugin
2025-09-12 14:56:59,906 [INFO] IPUIPlugin:80 - create IPUIPlugin
2025-09-12 14:56:59,906 [INFO] IPUIPlugin:80 - create IPUIPlugin
2025-09-12 14:56:59,906 [INFO] IPUIPlugin:80 - create IPUIPlugin
2025-09-12 14:56:59,906 [INFO] IPUIPlugin:80 - create IPUIPlugin
2025-09-12 14:56:59,907 [INFO] IPUIPlugin:80 - create IPUIPlugin
2025-09-12 14:56:59,907 [INFO] IPUIPlugin:80 - create IPUIPlugin
2025-09-12 14:56:59,907 [INFO] IPUIPlugin:80 - create IPUIPlugin
2025-09-12 14:56:59,907 [INFO] IPUIPlugin:80 - create IPUIPlugin
2025-09-12 14:56:59,907 [INFO] IPUIPlugin:80 - create IPUIPlugin
2025-09-12 14:56:59,907 [INFO] IPUIPlugin:80 - create IPUIPlugin
2025-09-12 14:56:59,907 [INFO] IPUIPlugin:80 - create IPUIPlugin
2025-09-12 14:56:59,908 [INFO] IPUIPlugin:80 - create IPUIPlugin
2025-09-12 14:56:59,908 [INFO] IPUIPlugin:80 - create IPUIPlugin
2025-09-12 14:56:59,908 [INFO] IPUIPlugin:80 - create IPUIPlugin
2025-09-12 14:56:59,908 [INFO] IPUIPlugin:80 - create IPUIPlugin
2025-09-12 14:56:59,909 [INFO] IPUIPlugin:80 - create IPUIPlugin
2025-09-12 14:56:59,909 [INFO] IPUIPlugin:80 - create IPUIPlugin
2025-09-12 14:57:00,171 [INFO] CADModel:165 - CPN selected for project levelSTM32G431CBU6
2025-09-12 14:57:00,171 [INFO] CADModel:114 - Register for checkConnection events
2025-09-12 14:57:00,218 [INFO] OpenFileManager:363 - Restore cursor
2025-09-12 14:58:18,120 [INFO] I2cTimingTraitement:330 - 0x40B285C2
2025-09-12 14:58:39,786 [INFO] I2cTimingTraitement:330 - 0x40B285C2
2025-09-12 14:58:43,269 [INFO] I2cTimingTraitement:330 - 0x40B285C2
2025-09-12 14:59:30,053 [INFO] UtilMem:75 - End SaveConfig() Used Memory: 849068168 Bytes (1073741824)
2025-09-12 14:59:33,275 [INFO] UtilMem:75 - End SaveConfig() Used Memory: 911456368 Bytes (1073741824)
2025-09-12 14:59:33,649 [INFO] BlockDiagram:2766 - set Specific Code input for plugin: SPI
2025-09-12 14:59:33,649 [INFO] BlockDiagram:2766 - set Specific Code input for plugin: SYS
2025-09-12 14:59:33,649 [INFO] BlockDiagram:2766 - set Specific Code input for plugin: RCC
2025-09-12 14:59:33,649 [INFO] BlockDiagram:2766 - set Specific Code input for plugin: I2C
2025-09-12 14:59:33,649 [INFO] BlockDiagram:2766 - set Specific Code input for plugin: NVIC
2025-09-12 14:59:33,649 [INFO] BlockDiagram:2766 - set Specific Code input for plugin: GPIO
2025-09-12 14:59:33,651 [INFO] CodeGenerator:807 - code generatio: config db path: C:\ST\STM32CubeIDE_1.16.1\STM32CubeIDE\plugins\com.st.stm32cube.common.mx_6.12.1.202409122256\\db\
2025-09-12 14:59:33,888 [INFO] CodeEngine:255 - oldGeneratedFile, C:\Users\RND1\STM32CubeIDE\workspace_1.16.1\stm32g431_fw\MXTmpFiles\license.tmp_save
2025-09-12 14:59:34,121 [INFO] CodeEngine:279 - Generated code: C:\Users\RND1\STM32CubeIDE\workspace_1.16.1\stm32g431_fw\MXTmpFiles\license.tmp
2025-09-12 14:59:34,249 [INFO] CodeEngine:255 - oldGeneratedFile, C:\Users\RND1\STM32CubeIDE\workspace_1.16.1\stm32g431_fw\Core\Src\gpio.c_save
2025-09-12 14:59:34,397 [INFO] CodeEngine:279 - Generated code: C:\Users\RND1\STM32CubeIDE\workspace_1.16.1\stm32g431_fw\Core\Src\gpio.c
2025-09-12 14:59:34,420 [INFO] CodeEngine:255 - oldGeneratedFile, C:\Users\RND1\STM32CubeIDE\workspace_1.16.1\stm32g431_fw\Core\Inc\gpio.h_save
2025-09-12 14:59:34,503 [INFO] CodeEngine:279 - Generated code: C:\Users\RND1\STM32CubeIDE\workspace_1.16.1\stm32g431_fw\Core\Inc\gpio.h
2025-09-12 14:59:34,762 [INFO] CodeEngine:255 - oldGeneratedFile, C:\Users\RND1\STM32CubeIDE\workspace_1.16.1\stm32g431_fw\Core\Src\i2c.c_save
2025-09-12 14:59:34,897 [INFO] CodeEngine:279 - Generated code: C:\Users\RND1\STM32CubeIDE\workspace_1.16.1\stm32g431_fw\Core\Src\i2c.c
2025-09-12 14:59:34,911 [INFO] CodeEngine:255 - oldGeneratedFile, C:\Users\RND1\STM32CubeIDE\workspace_1.16.1\stm32g431_fw\Core\Inc\i2c.h_save
2025-09-12 14:59:34,992 [INFO] CodeEngine:279 - Generated code: C:\Users\RND1\STM32CubeIDE\workspace_1.16.1\stm32g431_fw\Core\Inc\i2c.h
2025-09-12 14:59:35,015 [INFO] CodeEngine:255 - oldGeneratedFile, C:\Users\RND1\STM32CubeIDE\workspace_1.16.1\stm32g431_fw\Core\Src\spi.c_save
2025-09-12 14:59:35,094 [INFO] CodeEngine:279 - Generated code: C:\Users\RND1\STM32CubeIDE\workspace_1.16.1\stm32g431_fw\Core\Src\spi.c
2025-09-12 14:59:35,101 [INFO] CodeEngine:255 - oldGeneratedFile, C:\Users\RND1\STM32CubeIDE\workspace_1.16.1\stm32g431_fw\Core\Inc\spi.h_save
2025-09-12 14:59:35,173 [INFO] CodeEngine:279 - Generated code: C:\Users\RND1\STM32CubeIDE\workspace_1.16.1\stm32g431_fw\Core\Inc\spi.h
2025-09-12 14:59:35,200 [INFO] CodeEngine:255 - oldGeneratedFile, C:\Users\RND1\STM32CubeIDE\workspace_1.16.1\stm32g431_fw\Core\Src\stm32g4xx_it.c_save
2025-09-12 14:59:35,277 [INFO] CodeEngine:279 - Generated code: C:\Users\RND1\STM32CubeIDE\workspace_1.16.1\stm32g431_fw\Core\Src\stm32g4xx_it.c
2025-09-12 14:59:35,298 [INFO] CodeEngine:255 - oldGeneratedFile, C:\Users\RND1\STM32CubeIDE\workspace_1.16.1\stm32g431_fw\Core\Inc\stm32g4xx_it.h_save
2025-09-12 14:59:35,351 [INFO] CodeEngine:279 - Generated code: C:\Users\RND1\STM32CubeIDE\workspace_1.16.1\stm32g431_fw\Core\Inc\stm32g4xx_it.h
2025-09-12 14:59:35,393 [INFO] CodeEngine:255 - oldGeneratedFile, C:\Users\RND1\STM32CubeIDE\workspace_1.16.1\stm32g431_fw\Core\Src\stm32g4xx_hal_msp.c_save
2025-09-12 14:59:35,480 [INFO] CodeEngine:279 - Generated code: C:\Users\RND1\STM32CubeIDE\workspace_1.16.1\stm32g431_fw\Core\Src\stm32g4xx_hal_msp.c
2025-09-12 14:59:35,493 [INFO] CodeEngine:255 - oldGeneratedFile, C:\Users\RND1\STM32CubeIDE\workspace_1.16.1\stm32g431_fw\MXTmpFiles\system.tmp_save
2025-09-12 14:59:35,544 [INFO] CodeEngine:279 - Generated code: C:\Users\RND1\STM32CubeIDE\workspace_1.16.1\stm32g431_fw\MXTmpFiles\system.tmp
2025-09-12 14:59:35,574 [INFO] CodeEngine:311 - oldGeneratedFile, C:\Users\RND1\STM32CubeIDE\workspace_1.16.1\stm32g431_fw\Core\Inc\stm32g4xx_hal_conf.h_save
2025-09-12 14:59:35,687 [INFO] CodeEngine:335 - Generated code: C:\Users\RND1\STM32CubeIDE\workspace_1.16.1\stm32g431_fw\Core\Inc\stm32g4xx_hal_conf.h
2025-09-12 14:59:35,738 [WARN] IPConfigManager:3005 - Warning: the RefConfig RCC_CommonPeriphClockConfig is not available in your config.xml file
2025-09-12 14:59:35,790 [INFO] CodeEngine:255 - oldGeneratedFile, C:\Users\RND1\STM32CubeIDE\workspace_1.16.1\stm32g431_fw\Core\Inc\main.h_save
2025-09-12 14:59:35,904 [INFO] CodeEngine:279 - Generated code: C:\Users\RND1\STM32CubeIDE\workspace_1.16.1\stm32g431_fw\Core\Inc\main.h
2025-09-12 14:59:35,933 [INFO] CodeEngine:255 - oldGeneratedFile, C:\Users\RND1\STM32CubeIDE\workspace_1.16.1\stm32g431_fw\Core\Src\main.c_save
2025-09-12 14:59:36,066 [INFO] CodeEngine:279 - Generated code: C:\Users\RND1\STM32CubeIDE\workspace_1.16.1\stm32g431_fw\Core\Src\main.c
2025-09-12 14:59:36,522 [INFO] ProjectBuilder:3249 - Time for Copy HAL[1] : 296mS.
2025-09-12 14:59:36,530 [INFO] ProjectBuilder:4828 - Project Generator version: 4.5.0-B34
2025-09-12 14:59:36,607 [INFO] ConfigFileManager:1531 - The Die is : DIE468
2025-09-12 14:59:36,630 [INFO] ApiDbMcu:508 - Load IP Config File for FATFS
2025-09-12 14:59:36,644 [INFO] ApiDbMcu:508 - Load IP Config File for FREERTOS
2025-09-12 14:59:36,660 [INFO] ApiDbMcu:508 - Load IP Config File for USBPD
2025-09-12 14:59:36,678 [INFO] ApiDbMcu:508 - Load IP Config File for USB_Device
2025-09-12 14:59:37,308 [INFO] LogOutputStream:77 - [STDOUT_REDIRECT] 
2025-09-12 14:59:39,269 [INFO] ProjectBuilder:5097 - Time for Generating toolchain IDE Files: 2738mS.
2025-09-12 14:59:39,271 [INFO] ProjectBuilder:3107 - Time for Copy CMSIS : 2mS.
2025-09-12 14:59:39,278 [INFO] ProjectBuilder:3107 - Time for Copy CMSIS : 0mS.
2025-09-12 17:29:36,332 [ERROR] LogOutputStream:75 - [STDERR_REDIRECT] 
