2024-10-25 10:35:11,989 [INFO] Activator:176 - 


2024-10-25 10:35:11,993 [INFO] Activator:177 - !SESSION log4j initialized
2024-10-25 10:35:15,826 [INFO] LogOutputStream:77 - [STDOUT_REDIRECT] 
2024-10-25 10:35:17,975 [INFO] ApplicationProperties:184 - Using Application install path: C:\ST\STM32CubeIDE_1.16.1\STM32CubeIDE\plugins\com.st.stm32cube.common.mx_6.12.1.202409122256
2024-10-25 10:35:17,986 [INFO] DbMcusXml:78 - Set database path to: C:\ST\STM32CubeIDE_1.16.1\STM32CubeIDE\plugins\com.st.stm32cube.common.mx_6.12.1.202409122256\\db\/mcu/
2024-10-25 10:35:17,986 [INFO] ApiDb:274 - Set plugin database path to: C:\ST\STM32CubeIDE_1.16.1\STM32CubeIDE\plugins\com.st.stm32cube.common.mx_6.12.1.202409122256\\db\/plugins/boardmanager/
2024-10-25 10:35:17,987 [WARN] ApiDb:259 - Overriding images path with different value:  => C:\ST\STM32CubeIDE_1.16.1\STM32CubeIDE\plugins\com.st.stm32cube.common.mx_6.12.1.202409122256\\db\/plugins/mcufinder/images/
2024-10-25 10:35:17,995 [INFO] ApiDb:250 - Set database path to: C:\Users\RND1\.stmcufinder\plugins\mcufinder//mcu/
2024-10-25 10:35:17,996 [INFO] DbMcusAds:125 - Set database path to: C:\Users\RND1\.stmcufinder\plugins\mcufinder//mcu/
2024-10-25 10:35:17,997 [INFO] CrossReferenceDbSqlite:203 - Set database path to: C:\Users\RND1\.stmcufinder\plugins\mcufinder//mcu/cs/
2024-10-25 10:35:18,079 [INFO] RulesReader:64 - Compatibility file has been processed (297 Rules)
2024-10-25 10:35:18,149 [INFO] DbMcusXml:78 - Set database path to: C:\ST\STM32CubeIDE_1.16.1\STM32CubeIDE\plugins\com.st.stm32cube.common.mx_6.12.1.202409122256\\db\/mcu/
2024-10-25 10:35:18,149 [INFO] ApiDb:274 - Set plugin database path to: C:\ST\STM32CubeIDE_1.16.1\STM32CubeIDE\plugins\com.st.stm32cube.common.mx_6.12.1.202409122256\\db\/plugins/boardmanager/
2024-10-25 10:35:18,149 [INFO] ApiDb:261 - Set plugin images path to: C:\ST\STM32CubeIDE_1.16.1\STM32CubeIDE\plugins\com.st.stm32cube.common.mx_6.12.1.202409122256\\db\/plugins/mcufinder/images/
2024-10-25 10:35:18,149 [WARN] DbFile:41 - Overriding database path with different value: C:\Users\RND1\.stmcufinder\plugins\mcufinder/ => C:\Users\RND1\.stmcufinder\plugins\mcufinder
2024-10-25 10:35:18,149 [INFO] ApiDb:250 - Set database path to: C:\Users\RND1\.stmcufinder\plugins\mcufinder//mcu/
2024-10-25 10:35:18,149 [WARN] DbFile:41 - Overriding database path with different value: C:\Users\RND1\.stmcufinder\plugins\mcufinder/ => C:\Users\RND1\.stmcufinder\plugins\mcufinder
2024-10-25 10:35:18,149 [INFO] DbMcusAds:125 - Set database path to: C:\Users\RND1\.stmcufinder\plugins\mcufinder//mcu/
2024-10-25 10:35:18,149 [WARN] DbFile:41 - Overriding database path with different value: C:\Users\RND1\.stmcufinder\plugins\mcufinder/ => C:\Users\RND1\.stmcufinder\plugins\mcufinder
2024-10-25 10:35:18,149 [WARN] DbFile:41 - Overriding database path with different value: C:\Users\RND1\.stmcufinder\plugins\mcufinder/ => C:\Users\RND1\.stmcufinder\plugins\mcufinder
2024-10-25 10:35:18,149 [INFO] CrossReferenceDbSqlite:203 - Set database path to: C:\Users\RND1\.stmcufinder\plugins\mcufinder//mcu/cs/
2024-10-25 10:35:18,203 [INFO] MainPanel:268 - HeapMemory: 268435456
2024-10-25 10:35:18,268 [INFO] DbMcusXml:78 - Set database path to: C:\ST\STM32CubeIDE_1.16.1\STM32CubeIDE\plugins\com.st.stm32cube.common.mx_6.12.1.202409122256\\db\/mcu/
2024-10-25 10:35:18,268 [INFO] ApiDb:274 - Set plugin database path to: C:\ST\STM32CubeIDE_1.16.1\STM32CubeIDE\plugins\com.st.stm32cube.common.mx_6.12.1.202409122256\\db\/plugins/boardmanager/
2024-10-25 10:35:18,268 [INFO] ApiDb:261 - Set plugin images path to: C:\ST\STM32CubeIDE_1.16.1\STM32CubeIDE\plugins\com.st.stm32cube.common.mx_6.12.1.202409122256\\db\/plugins/mcufinder/images/
2024-10-25 10:35:18,270 [WARN] DbFile:41 - Overriding database path with different value: C:\Users\RND1\.stmcufinder\plugins\mcufinder/ => C:\Users\RND1\.stmcufinder\plugins\mcufinder
2024-10-25 10:35:18,270 [INFO] ApiDb:250 - Set database path to: C:\Users\RND1\.stmcufinder\plugins\mcufinder//mcu/
2024-10-25 10:35:18,270 [WARN] DbFile:41 - Overriding database path with different value: C:\Users\RND1\.stmcufinder\plugins\mcufinder/ => C:\Users\RND1\.stmcufinder\plugins\mcufinder
2024-10-25 10:35:18,270 [INFO] DbMcusAds:125 - Set database path to: C:\Users\RND1\.stmcufinder\plugins\mcufinder//mcu/
2024-10-25 10:35:18,270 [WARN] DbFile:41 - Overriding database path with different value: C:\Users\RND1\.stmcufinder\plugins\mcufinder/ => C:\Users\RND1\.stmcufinder\plugins\mcufinder
2024-10-25 10:35:18,270 [WARN] DbFile:41 - Overriding database path with different value: C:\Users\RND1\.stmcufinder\plugins\mcufinder/ => C:\Users\RND1\.stmcufinder\plugins\mcufinder
2024-10-25 10:35:18,270 [INFO] CrossReferenceDbSqlite:203 - Set database path to: C:\Users\RND1\.stmcufinder\plugins\mcufinder//mcu/cs/
2024-10-25 10:35:18,283 [INFO] ApplicationProperties:184 - Using Application install path: C:\ST\STM32CubeIDE_1.16.1\STM32CubeIDE\plugins\com.st.stm32cube.common.mx_6.12.1.202409122256
2024-10-25 10:35:18,284 [INFO] PluginManage:196 - Search for loadable plugins [exclusion list=, ]
2024-10-25 10:35:18,285 [INFO] PluginManage:310 - Check plugin analytics
2024-10-25 10:35:18,426 [INFO] AnalyticsPlugin:253 - Accepted Software Licenses: STM32CubeMX.6.10.0
2024-10-25 10:35:18,427 [INFO] AnalyticsPlugin:255 - Accepted CMSIS Pack Licenses: 
2024-10-25 10:35:18,427 [INFO] AnalyticsPlugin:257 - Accepted Firmware Licenses: 
2024-10-25 10:35:18,429 [INFO] PluginManage:359 - Loaded plugin analytics (category:tool,tabindex:-1)
2024-10-25 10:35:18,430 [INFO] PluginManage:310 - Check plugin cadmodel
2024-10-25 10:35:18,440 [INFO] CADModel:105 - Init CAD model plugin
2024-10-25 10:35:18,440 [INFO] PluginManage:359 - Loaded plugin cadmodel (category:power,tabindex:5)
2024-10-25 10:35:18,440 [INFO] PluginManage:310 - Check plugin clock
2024-10-25 10:35:18,453 [INFO] PluginManage:359 - Loaded plugin clock (category:base,tabindex:2)
2024-10-25 10:35:18,453 [INFO] PluginManage:310 - Check plugin ddr
2024-10-25 10:35:18,456 [INFO] PluginManage:359 - Loaded plugin ddr (category:tool,tabindex:6)
2024-10-25 10:35:18,456 [INFO] PluginManage:310 - Check plugin filemanager
2024-10-25 10:35:18,562 [INFO] PluginManage:359 - Loaded plugin filemanager (category:base,tabindex:10)
2024-10-25 10:35:18,563 [INFO] PluginManage:310 - Check plugin ipmanager
2024-10-25 10:35:18,568 [INFO] PluginManage:359 - Loaded plugin ipmanager (category:base,tabindex:5)
2024-10-25 10:35:18,568 [INFO] PluginManage:310 - Check plugin lpbam
2024-10-25 10:35:18,581 [INFO] PluginManage:359 - Loaded plugin lpbam (category:base,tabindex:0)
2024-10-25 10:35:18,581 [INFO] PluginManage:310 - Check plugin memorymap
2024-10-25 10:35:18,597 [INFO] PluginManage:359 - Loaded plugin memorymap (category:base,tabindex:4)
2024-10-25 10:35:18,597 [INFO] PluginManage:310 - Check plugin pinoutandconfiguration
2024-10-25 10:35:18,608 [INFO] PluginManage:359 - Loaded plugin pinoutandconfiguration (category:base,tabindex:1)
2024-10-25 10:35:18,609 [INFO] PluginManage:310 - Check plugin pinoutconfig
2024-10-25 10:35:18,681 [WARN] SupportedApi:132 - Cannot load RTOS API schema: s4s-elt-must-match.1: The content of 'definitions' must match (annotation?, (simpleType | complexType)?, (unique | key | keyref)*)). A problem was found starting at: attribute.
2024-10-25 10:35:18,768 [INFO] PluginManage:359 - Loaded plugin pinoutconfig (category:base,tabindex:0)
2024-10-25 10:35:18,768 [INFO] PluginManage:310 - Check plugin power
2024-10-25 10:35:18,780 [INFO] PluginManage:359 - Loaded plugin power (category:power,tabindex:4)
2024-10-25 10:35:18,781 [INFO] PluginManage:310 - Check plugin projectmanager
2024-10-25 10:35:18,792 [INFO] PluginManage:359 - Loaded plugin projectmanager (category:projectmanager,tabindex:4)
2024-10-25 10:35:18,792 [INFO] PluginManage:310 - Check plugin rif
2024-10-25 10:35:18,802 [INFO] PluginManage:359 - Loaded plugin rif (category:base,tabindex:3)
2024-10-25 10:35:18,802 [INFO] PluginManage:310 - Check plugin thirdparty
2024-10-25 10:35:18,986 [INFO] PluginManage:359 - Loaded plugin thirdparty (category:base,tabindex:-1)
2024-10-25 10:35:18,986 [WARN] IntegrityCheckThread:84 - waiting for thirdparty lock release [integrity check]
2024-10-25 10:35:18,986 [INFO] PluginManage:310 - Check plugin tools
2024-10-25 10:35:18,986 [INFO] IntegrityCheckThread:86 - entering critical section [integrity check]
2024-10-25 10:35:18,987 [INFO] ThirdPartyUpdaterWithRetryManager:70 - Updater plugin not ready yet. [1/15]
2024-10-25 10:35:19,010 [INFO] PluginManage:359 - Loaded plugin tools (category:base,tabindex:7)
2024-10-25 10:35:19,010 [INFO] PluginManage:310 - Check plugin tutovideos
2024-10-25 10:35:19,136 [INFO] PluginManage:359 - Loaded plugin tutovideos (category:base,tabindex:-1)
2024-10-25 10:35:19,136 [INFO] PluginManage:310 - Check plugin updater
2024-10-25 10:35:19,148 [INFO] PluginManage:359 - Loaded plugin updater (category:base,tabindex:12)
2024-10-25 10:35:19,148 [INFO] PluginManage:310 - Check plugin userauth
2024-10-25 10:35:19,153 [INFO] UserAuth:113 - Init User Auth plugin
2024-10-25 10:35:19,153 [INFO] PluginManage:359 - Loaded plugin userauth (category:base,tabindex:14)
2024-10-25 10:35:19,154 [INFO] PluginManage:283 - PluginManage : Loaded plugins [18]
2024-10-25 10:35:19,293 [INFO] PinOutPanel:1561 - setPackage(No Configuration,No Configuration)
2024-10-25 10:35:19,352 [INFO] CADModel:165 - CPN selected for project level
2024-10-25 10:35:19,352 [INFO] CADModel:114 - Register for checkConnection events
2024-10-25 10:35:19,370 [INFO] IPUIPlugin:80 - create IPUIPlugin
2024-10-25 10:35:19,370 [INFO] PluginManager:220 - loadIPPluginJar : add adc
2024-10-25 10:35:19,395 [INFO] IPUIPlugin:80 - create IPUIPlugin
2024-10-25 10:35:19,395 [INFO] PluginManager:220 - loadIPPluginJar : add aes
2024-10-25 10:35:19,423 [INFO] IPUIPlugin:80 - create IPUIPlugin
2024-10-25 10:35:19,423 [INFO] PluginManager:220 - loadIPPluginJar : add can
2024-10-25 10:35:19,440 [INFO] IPUIPlugin:80 - create IPUIPlugin
2024-10-25 10:35:19,440 [INFO] PluginManager:220 - loadIPPluginJar : add comp
2024-10-25 10:35:19,463 [INFO] IPUIPlugin:80 - create IPUIPlugin
2024-10-25 10:35:19,463 [INFO] PluginManager:220 - loadIPPluginJar : add cryp
2024-10-25 10:35:19,471 [INFO] IPUIPlugin:80 - create IPUIPlugin
2024-10-25 10:35:19,471 [INFO] PluginManager:220 - loadIPPluginJar : add ddr_ctrl_phy
2024-10-25 10:35:19,490 [INFO] IPUIPlugin:80 - create IPUIPlugin
2024-10-25 10:35:19,491 [INFO] PluginManager:220 - loadIPPluginJar : add dfsdm
2024-10-25 10:35:19,501 [INFO] IPUIPlugin:80 - create IPUIPlugin
2024-10-25 10:35:19,502 [INFO] PluginManager:220 - loadIPPluginJar : add dma
2024-10-25 10:35:19,528 [INFO] IPUIPlugin:80 - create IPUIPlugin
2024-10-25 10:35:19,528 [INFO] PluginManager:220 - loadIPPluginJar : add dma3
2024-10-25 10:35:19,556 [INFO] IPUIPlugin:80 - create IPUIPlugin
2024-10-25 10:35:19,556 [INFO] PluginManager:220 - loadIPPluginJar : add extmemmanager
2024-10-25 10:35:19,560 [INFO] IPUIPlugin:80 - create IPUIPlugin
2024-10-25 10:35:19,560 [INFO] PluginManager:220 - loadIPPluginJar : add fatfs
2024-10-25 10:35:19,598 [INFO] IPUIPlugin:80 - create IPUIPlugin
2024-10-25 10:35:19,598 [INFO] PluginManager:220 - loadIPPluginJar : add fmc
2024-10-25 10:35:19,608 [INFO] IPUIPlugin:80 - create IPUIPlugin
2024-10-25 10:35:19,608 [INFO] PluginManager:220 - loadIPPluginJar : add freertos
2024-10-25 10:35:19,620 [INFO] IPUIPlugin:80 - create IPUIPlugin
2024-10-25 10:35:19,620 [INFO] PluginManager:220 - loadIPPluginJar : add genericplugin
2024-10-25 10:35:19,673 [INFO] IPUIPlugin:80 - create IPUIPlugin
2024-10-25 10:35:19,673 [INFO] PluginManager:220 - loadIPPluginJar : add gfxmmu
2024-10-25 10:35:19,752 [INFO] IPUIPlugin:80 - create IPUIPlugin
2024-10-25 10:35:19,752 [INFO] PluginManager:220 - loadIPPluginJar : add gic
2024-10-25 10:35:19,760 [INFO] IPUIPlugin:80 - create IPUIPlugin
2024-10-25 10:35:19,760 [INFO] PluginManager:220 - loadIPPluginJar : add gpio
2024-10-25 10:35:19,818 [INFO] IPUIPlugin:80 - create IPUIPlugin
2024-10-25 10:35:19,818 [INFO] PluginManager:220 - loadIPPluginJar : add gtzc
2024-10-25 10:35:19,838 [INFO] IPUIPlugin:80 - create IPUIPlugin
2024-10-25 10:35:19,838 [INFO] PluginManager:220 - loadIPPluginJar : add hash
2024-10-25 10:35:19,865 [INFO] IPUIPlugin:80 - create IPUIPlugin
2024-10-25 10:35:19,865 [INFO] PluginManager:220 - loadIPPluginJar : add i2c
2024-10-25 10:35:19,892 [INFO] IPUIPlugin:80 - create IPUIPlugin
2024-10-25 10:35:19,892 [INFO] PluginManager:220 - loadIPPluginJar : add i2s
2024-10-25 10:35:19,917 [INFO] IPUIPlugin:80 - create IPUIPlugin
2024-10-25 10:35:19,917 [INFO] PluginManager:220 - loadIPPluginJar : add i3c
2024-10-25 10:35:19,985 [INFO] IPUIPlugin:80 - create IPUIPlugin
2024-10-25 10:35:19,985 [INFO] PluginManager:220 - loadIPPluginJar : add ipddr
2024-10-25 10:35:20,044 [INFO] IPUIPlugin:80 - create IPUIPlugin
2024-10-25 10:35:20,045 [INFO] PluginManager:220 - loadIPPluginJar : add linkedlist
2024-10-25 10:35:20,060 [INFO] IPUIPlugin:80 - create IPUIPlugin
2024-10-25 10:35:20,060 [INFO] PluginManager:220 - loadIPPluginJar : add lorawan
2024-10-25 10:35:20,092 [INFO] IPUIPlugin:80 - create IPUIPlugin
2024-10-25 10:35:20,092 [INFO] PluginManager:220 - loadIPPluginJar : add ltdc
2024-10-25 10:35:20,101 [INFO] IPUIPlugin:80 - create IPUIPlugin
2024-10-25 10:35:20,101 [INFO] PluginManager:220 - loadIPPluginJar : add mdma
2024-10-25 10:35:20,108 [INFO] IPUIPlugin:80 - create IPUIPlugin
2024-10-25 10:35:20,108 [INFO] PluginManager:220 - loadIPPluginJar : add nvic
2024-10-25 10:35:20,132 [INFO] IPUIPlugin:80 - create IPUIPlugin
2024-10-25 10:35:20,132 [INFO] PluginManager:220 - loadIPPluginJar : add opamp
2024-10-25 10:35:20,165 [INFO] IPUIPlugin:80 - create IPUIPlugin
2024-10-25 10:35:20,165 [INFO] PluginManager:220 - loadIPPluginJar : add openamp
2024-10-25 10:35:20,194 [INFO] IPUIPlugin:80 - create IPUIPlugin
2024-10-25 10:35:20,194 [INFO] PluginManager:220 - loadIPPluginJar : add pdm2pcm
2024-10-25 10:35:20,204 [INFO] IPUIPlugin:80 - create IPUIPlugin
2024-10-25 10:35:20,206 [INFO] PluginManager:220 - loadIPPluginJar : add plateformsettings
2024-10-25 10:35:20,220 [INFO] IPUIPlugin:80 - create IPUIPlugin
2024-10-25 10:35:20,220 [INFO] PluginManager:220 - loadIPPluginJar : add quadspi
2024-10-25 10:35:20,233 [INFO] IPUIPlugin:80 - create IPUIPlugin
2024-10-25 10:35:20,233 [INFO] PluginManager:220 - loadIPPluginJar : add radio
2024-10-25 10:35:20,246 [INFO] IPUIPlugin:80 - create IPUIPlugin
2024-10-25 10:35:20,246 [INFO] PluginManager:220 - loadIPPluginJar : add resmgrutility
2024-10-25 10:35:20,275 [INFO] IPUIPlugin:80 - create IPUIPlugin
2024-10-25 10:35:20,275 [INFO] PluginManager:220 - loadIPPluginJar : add sai
2024-10-25 10:35:20,296 [INFO] IPUIPlugin:80 - create IPUIPlugin
2024-10-25 10:35:20,296 [INFO] PluginManager:220 - loadIPPluginJar : add spi
2024-10-25 10:35:20,339 [INFO] IPUIPlugin:80 - create IPUIPlugin
2024-10-25 10:35:20,339 [INFO] PluginManager:220 - loadIPPluginJar : add stm32_wpan
2024-10-25 10:35:20,352 [INFO] IPUIPlugin:80 - create IPUIPlugin
2024-10-25 10:35:20,352 [INFO] PluginManager:220 - loadIPPluginJar : add tim
2024-10-25 10:35:20,387 [INFO] IPUIPlugin:80 - create IPUIPlugin
2024-10-25 10:35:20,388 [INFO] PluginManager:220 - loadIPPluginJar : add touchsensing
2024-10-25 10:35:20,401 [INFO] IPUIPlugin:80 - create IPUIPlugin
2024-10-25 10:35:20,401 [INFO] PluginManager:220 - loadIPPluginJar : add tracer_emb
2024-10-25 10:35:20,416 [INFO] IPUIPlugin:80 - create IPUIPlugin
2024-10-25 10:35:20,416 [INFO] PluginManager:220 - loadIPPluginJar : add ts
2024-10-25 10:35:20,428 [INFO] IPUIPlugin:80 - create IPUIPlugin
2024-10-25 10:35:20,428 [INFO] PluginManager:220 - loadIPPluginJar : add tsc
2024-10-25 10:35:20,442 [INFO] IPUIPlugin:80 - create IPUIPlugin
2024-10-25 10:35:20,442 [INFO] PluginManager:220 - loadIPPluginJar : add ucpd
2024-10-25 10:35:20,460 [INFO] IPUIPlugin:80 - create IPUIPlugin
2024-10-25 10:35:20,460 [INFO] PluginManager:220 - loadIPPluginJar : add usart
2024-10-25 10:35:20,494 [INFO] IPUIPlugin:80 - create IPUIPlugin
2024-10-25 10:35:20,494 [INFO] PluginManager:220 - loadIPPluginJar : add usbx
2024-10-25 10:35:20,600 [INFO] CADModel:165 - CPN selected for project level
2024-10-25 10:35:20,600 [INFO] CADModel:114 - Register for checkConnection events
2024-10-25 10:35:20,600 [FATAL] Updater:334 - Updater called before beeing initialized
2024-10-25 10:35:20,600 [ERROR] CADModel:125 - Updater not yet initialized, retry later 
2024-10-25 10:35:20,680 [INFO] CADModel:165 - CPN selected for project level
2024-10-25 10:35:20,680 [INFO] CADModel:114 - Register for checkConnection events
2024-10-25 10:35:20,680 [FATAL] Updater:334 - Updater called before beeing initialized
2024-10-25 10:35:20,680 [ERROR] CADModel:125 - Updater not yet initialized, retry later 
2024-10-25 10:35:20,682 [FATAL] Updater:334 - Updater called before beeing initialized
2024-10-25 10:35:20,752 [FATAL] Updater:334 - Updater called before beeing initialized
2024-10-25 10:35:20,758 [INFO] DbMcusAds:53 - JSON generation date=Fri Sep 20 22:04:38 KST 2024 (1726837478367)
2024-10-25 10:35:20,758 [FATAL] Updater:334 - Updater called before beeing initialized
2024-10-25 10:35:20,784 [WARN] DetailPanel:346 - Failed to get advertising image, set to default
2024-10-25 10:35:20,844 [FATAL] Updater:334 - Updater called before beeing initialized
2024-10-25 10:35:20,845 [FATAL] Updater:334 - Updater called before beeing initialized
2024-10-25 10:35:20,845 [FATAL] Updater:334 - Updater called before beeing initialized
2024-10-25 10:35:20,845 [WARN] DetailPanel:346 - Failed to get advertising image, set to default
2024-10-25 10:35:20,846 [FATAL] Updater:334 - Updater called before beeing initialized
2024-10-25 10:35:20,887 [ERROR] Updater:1164 - MainUpdater not yet initialized. External WinMGr cannot be set.
2024-10-25 10:35:20,895 [INFO] Updater:1100 - Updater Version found : 6.12.1
2024-10-25 10:35:20,907 [INFO] ApplicationProperties:184 - Using Application install path: C:\ST\STM32CubeIDE_1.16.1\STM32CubeIDE\plugins\com.st.stm32cube.common.mx_6.12.1.202409122256
2024-10-25 10:35:21,496 [INFO] MainUpdater:2873 - connection check result : 10
2024-10-25 10:35:21,497 [INFO] MainUpdater:290 - Updater Check For Update Now.
2024-10-25 10:35:21,497 [INFO] MicroXplorer:498 - Change Database Version : DB.6.0.121
2024-10-25 10:35:21,512 [INFO] McuFinderGlobals:63 - Set McuFinder mode to 2 (CubeIDE integrated)
2024-10-25 10:35:21,512 [INFO] UserAuth:179 - activating auth plugin
2024-10-25 10:35:21,515 [INFO] UserAuth:417 - Internet connection configuration mode: 1
2024-10-25 10:35:21,533 [INFO] JxBrowserEngine:152 - Initiate JxBrowser Engine with user profile folder
2024-10-25 10:35:21,686 [INFO] CheckServerUpdateThread:120 - End of CheckServer Thread
2024-10-25 10:35:22,132 [WARN] PackLoader:240 - Cannot read IP mode file for STMicroelectronics.FP-SNS-MOTENVWB1.1.4.0
2024-10-25 10:35:22,144 [WARN] PackLoader:240 - Cannot read IP mode file for STMicroelectronics.X-CUBE-SMBUS.2.1.0
2024-10-25 10:35:22,156 [WARN] PackLoader:240 - Cannot read IP mode file for STMicroelectronics.X-CUBE-WB05N.1.1.0
2024-10-25 10:35:22,164 [WARN] PackLoader:240 - Cannot read IP mode file for STMicroelectronics.X-CUBE-TOUCHGFX.4.23.0
2024-10-25 10:35:22,174 [WARN] PackLoader:240 - Cannot read IP mode file for STMicroelectronics.X-CUBE-TOUCHGFX.4.23.2
2024-10-25 10:35:22,201 [WARN] PackLoader:240 - Cannot read IP mode file for STMicroelectronics.X-CUBE-AZRTOS-F7.1.1.0
2024-10-25 10:35:22,216 [WARN] PackLoader:240 - Cannot read IP mode file for STMicroelectronics.FP-SNS-MOTENV1.4.3.2
2024-10-25 10:35:22,260 [WARN] PackLoader:240 - Cannot read IP mode file for STMicroelectronics.X-CUBE-MEMS1.11.0.0
2024-10-25 10:35:22,345 [WARN] PackLoader:240 - Cannot read IP mode file for STMicroelectronics.FP-SNS-FLIGHT1.5.0.2
2024-10-25 10:35:22,357 [WARN] PackLoader:240 - Cannot read IP mode file for STMicroelectronics.X-CUBE-DISPLAY.3.0.0
2024-10-25 10:35:22,360 [WARN] PackLoader:240 - Cannot read IP mode file for STMicroelectronics.X-CUBE-BLE1.7.0.0
2024-10-25 10:35:22,378 [WARN] PackLoader:240 - Cannot read IP mode file for STMicroelectronics.X-CUBE-NFC10.1.0.0
2024-10-25 10:35:22,390 [WARN] PackLoader:240 - Cannot read IP mode file for emotas.I-CUBE-CANOPEN.1.3.0
2024-10-25 10:35:22,402 [WARN] PackLoader:240 - Cannot read IP mode file for STMicroelectronics.X-CUBE-BLEMGR.3.1.0
2024-10-25 10:35:22,412 [WARN] PackLoader:240 - Cannot read IP mode file for STMicroelectronics.FP-SNS-SMARTAG2.1.2.0
2024-10-25 10:35:22,426 [INFO] LogOutputStream:77 - [STDOUT_REDIRECT] 1 : Invalid condition id : UX_CORESTACK_Condition cause : null
2024-10-25 10:35:22,427 [INFO] LogOutputStream:77 - [STDOUT_REDIRECT] 1 : Invalid condition id : UX_CORESTACK_Condition cause : null
2024-10-25 10:35:22,427 [INFO] LogOutputStream:77 - [STDOUT_REDIRECT] 1 : Invalid condition id : UX_CORESTACK_Condition cause : null
2024-10-25 10:35:22,428 [INFO] LogOutputStream:77 - [STDOUT_REDIRECT] 1 : Invalid condition id : UX_CORESTACK_Condition cause : null
2024-10-25 10:35:22,428 [INFO] LogOutputStream:77 - [STDOUT_REDIRECT] 1 : Invalid condition id : UX_CORESTACK_Condition cause : null
2024-10-25 10:35:22,430 [WARN] PackLoader:240 - Cannot read IP mode file for STMicroelectronics.X-CUBE-AZRTOS-WL.2.0.0
2024-10-25 10:35:22,440 [WARN] PackLoader:240 - Cannot read IP mode file for STMicroelectronics.FP-SNS-MOTENV1.5.0.0
2024-10-25 10:35:22,449 [WARN] PackLoader:240 - Cannot read IP mode file for wolfSSL.I-CUBE-wolfMQTT.1.19.0
2024-10-25 10:35:22,460 [WARN] PackLoader:240 - Cannot read IP mode file for WES.I-CUBE-Cesium.1.3.0
2024-10-25 10:35:22,470 [WARN] PackLoader:240 - Cannot read IP mode file for STMicroelectronics.X-CUBE-BLE2.3.3.0
2024-10-25 10:35:22,483 [WARN] PackLoader:240 - Cannot read IP mode file for STMicroelectronics.X-CUBE-NFC9.1.0.0
2024-10-25 10:35:22,493 [WARN] PackLoader:240 - Cannot read IP mode file for STMicroelectronics.X-CUBE-TCPP.4.1.0
2024-10-25 10:35:22,506 [WARN] PackLoader:240 - Cannot read IP mode file for STMicroelectronics.X-CUBE-ALGOBUILD.1.3.0
2024-10-25 10:35:22,528 [WARN] PackLoader:240 - Cannot read IP mode file for STMicroelectronics.X-CUBE-AZRTOS-G0.1.1.0
2024-10-25 10:35:22,544 [WARN] PackLoader:240 - Cannot read IP mode file for STMicroelectronics.X-CUBE-SAFEA1.1.2.2
2024-10-25 10:35:22,555 [WARN] PackLoader:240 - Cannot read IP mode file for STMicroelectronics.X-CUBE-NFC4.3.0.0
2024-10-25 10:35:22,560 [WARN] PackLoader:240 - Cannot read IP mode file for wolfSSL.I-CUBE-wolfMQTT.1.18.0
2024-10-25 10:35:22,577 [WARN] PackLoader:240 - Cannot read IP mode file for EmbeddedOffice.I-CUBE-FS-RTOS.1.0.1
2024-10-25 10:35:22,577 [ERROR] ConditionMgr:805 - Attr not supported : Dmpu
2024-10-25 10:35:22,577 [ERROR] ConditionMgr:805 - Attr not supported : Dmpu
2024-10-25 10:35:22,577 [ERROR] ConditionMgr:805 - Attr not supported : Dmpu
2024-10-25 10:35:22,577 [ERROR] ConditionMgr:805 - Attr not supported : Dmpu
2024-10-25 10:35:22,577 [ERROR] ConditionMgr:805 - Attr not supported : Dmpu
2024-10-25 10:35:22,577 [ERROR] ConditionMgr:805 - Attr not supported : Dmpu
2024-10-25 10:35:22,577 [ERROR] ConditionMgr:805 - Attr not supported : Dmpu
2024-10-25 10:35:22,577 [ERROR] ConditionMgr:805 - Attr not supported : Dmpu
2024-10-25 10:35:22,577 [ERROR] ConditionMgr:805 - Attr not supported : Dmpu
2024-10-25 10:35:22,578 [ERROR] ConditionMgr:805 - Attr not supported : Dmpu
2024-10-25 10:35:22,578 [ERROR] ConditionMgr:805 - Attr not supported : Dmpu
2024-10-25 10:35:22,578 [ERROR] ConditionMgr:805 - Attr not supported : Dmpu
2024-10-25 10:35:22,578 [ERROR] ConditionMgr:805 - Attr not supported : Dmpu
2024-10-25 10:35:22,578 [ERROR] ConditionMgr:805 - Attr not supported : Dmpu
2024-10-25 10:35:22,578 [ERROR] ConditionMgr:805 - Attr not supported : Dmpu
2024-10-25 10:35:22,578 [ERROR] ConditionMgr:805 - Attr not supported : Dmpu
2024-10-25 10:35:22,578 [ERROR] ConditionMgr:805 - Attr not supported : Dmpu
2024-10-25 10:35:22,578 [ERROR] ConditionMgr:805 - Attr not supported : Dmpu
2024-10-25 10:35:22,578 [ERROR] ConditionMgr:805 - Attr not supported : Dmpu
2024-10-25 10:35:22,578 [ERROR] ConditionMgr:805 - Attr not supported : Dmpu
2024-10-25 10:35:22,578 [ERROR] ConditionMgr:805 - Attr not supported : Dmpu
2024-10-25 10:35:22,578 [ERROR] ConditionMgr:805 - Attr not supported : Dmpu
2024-10-25 10:35:22,578 [ERROR] ConditionMgr:805 - Attr not supported : Dmpu
2024-10-25 10:35:22,578 [ERROR] ConditionMgr:805 - Attr not supported : Dmpu
2024-10-25 10:35:22,578 [ERROR] ConditionMgr:805 - Attr not supported : Dmpu
2024-10-25 10:35:22,578 [ERROR] ConditionMgr:805 - Attr not supported : Dmpu
2024-10-25 10:35:22,578 [ERROR] ConditionMgr:805 - Attr not supported : Dmpu
2024-10-25 10:35:22,578 [ERROR] ConditionMgr:805 - Attr not supported : Dmpu
2024-10-25 10:35:22,578 [ERROR] ConditionMgr:805 - Attr not supported : Dmpu
2024-10-25 10:35:22,578 [ERROR] ConditionMgr:805 - Attr not supported : Dmpu
2024-10-25 10:35:22,578 [ERROR] ConditionMgr:805 - Attr not supported : Dmpu
2024-10-25 10:35:22,578 [ERROR] ConditionMgr:805 - Attr not supported : Dmpu
2024-10-25 10:35:22,578 [ERROR] ConditionMgr:805 - Attr not supported : Dmpu
2024-10-25 10:35:22,578 [ERROR] ConditionMgr:805 - Attr not supported : Dmpu
2024-10-25 10:35:22,578 [ERROR] ConditionMgr:805 - Attr not supported : Dmpu
2024-10-25 10:35:22,578 [ERROR] ConditionMgr:805 - Attr not supported : Dmpu
2024-10-25 10:35:22,578 [ERROR] ConditionMgr:805 - Attr not supported : Dmpu
2024-10-25 10:35:22,578 [ERROR] ConditionMgr:805 - Attr not supported : Dmpu
2024-10-25 10:35:22,578 [ERROR] ConditionMgr:805 - Attr not supported : Dmpu
2024-10-25 10:35:22,578 [ERROR] ConditionMgr:805 - Attr not supported : Dmpu
2024-10-25 10:35:22,578 [ERROR] ConditionMgr:805 - Attr not supported : Dmpu
2024-10-25 10:35:22,578 [ERROR] ConditionMgr:805 - Attr not supported : Dmpu
2024-10-25 10:35:22,578 [ERROR] ConditionMgr:805 - Attr not supported : Dmpu
2024-10-25 10:35:22,578 [ERROR] ConditionMgr:805 - Attr not supported : Dmpu
2024-10-25 10:35:22,578 [ERROR] ConditionMgr:805 - Attr not supported : Dmpu
2024-10-25 10:35:22,578 [ERROR] ConditionMgr:805 - Attr not supported : Dmpu
2024-10-25 10:35:22,578 [ERROR] ConditionMgr:805 - Attr not supported : Dmpu
2024-10-25 10:35:22,578 [ERROR] ConditionMgr:805 - Attr not supported : Dmpu
2024-10-25 10:35:22,578 [ERROR] ConditionMgr:805 - Attr not supported : Dmpu
2024-10-25 10:35:22,578 [ERROR] ConditionMgr:805 - Attr not supported : Dmpu
2024-10-25 10:35:22,578 [ERROR] ConditionMgr:805 - Attr not supported : Dmpu
2024-10-25 10:35:22,578 [ERROR] ConditionMgr:805 - Attr not supported : Dmpu
2024-10-25 10:35:22,578 [ERROR] ConditionMgr:805 - Attr not supported : Dmpu
2024-10-25 10:35:22,580 [ERROR] ConditionMgr:805 - Attr not supported : Dmpu
2024-10-25 10:35:22,580 [ERROR] ConditionMgr:805 - Attr not supported : Dmpu
2024-10-25 10:35:22,580 [ERROR] ConditionMgr:805 - Attr not supported : Dmpu
2024-10-25 10:35:22,580 [ERROR] ConditionMgr:805 - Attr not supported : Dmpu
2024-10-25 10:35:22,580 [ERROR] ConditionMgr:805 - Attr not supported : Dmpu
2024-10-25 10:35:22,580 [ERROR] ConditionMgr:805 - Attr not supported : Dmpu
2024-10-25 10:35:22,580 [ERROR] ConditionMgr:805 - Attr not supported : Dmpu
2024-10-25 10:35:22,580 [ERROR] ConditionMgr:805 - Attr not supported : Dmpu
2024-10-25 10:35:22,580 [ERROR] ConditionMgr:805 - Attr not supported : Dmpu
2024-10-25 10:35:22,580 [ERROR] ConditionMgr:805 - Attr not supported : Dmpu
2024-10-25 10:35:22,580 [ERROR] ConditionMgr:805 - Attr not supported : Dmpu
2024-10-25 10:35:22,590 [WARN] PackLoader:240 - Cannot read IP mode file for STMicroelectronics.X-CUBE-BLEMGR.3.0.0
2024-10-25 10:35:22,600 [WARN] PackLoader:240 - Cannot read IP mode file for RealThread.X-CUBE-RT-Thread_Nano.4.1.1
2024-10-25 10:35:22,608 [WARN] PackLoader:240 - Cannot read IP mode file for STMicroelectronics.FP-ATR-SIGFOX1.3.2.0
2024-10-25 10:35:22,618 [WARN] PackLoader:240 - Cannot read IP mode file for STMicroelectronics.X-CUBE-EEPRMA1.5.1.0
2024-10-25 10:35:22,643 [WARN] PackLoader:240 - Cannot read IP mode file for SEGGER.I-CUBE-embOS.1.3.1
2024-10-25 10:35:22,677 [WARN] PackLoader:240 - Cannot read IP mode file for STMicroelectronics.X-CUBE-ALGOBUILD.1.4.0
2024-10-25 10:35:22,688 [WARN] PackLoader:240 - Cannot read IP mode file for STMicroelectronics.X-CUBE-AI.9.1.0
2024-10-25 10:35:22,702 [WARN] PackLoader:240 - Cannot read IP mode file for STMicroelectronics.X-CUBE-GNSS1.6.0.0
2024-10-25 10:35:22,724 [WARN] PackLoader:240 - Cannot read IP mode file for STMicroelectronics.X-CUBE-AZRTOS-F4.1.1.0
2024-10-25 10:35:22,734 [WARN] PackLoader:240 - Cannot read IP mode file for wolfSSL.I-CUBE-wolfSSL.5.6.4
2024-10-25 10:35:22,743 [WARN] PackLoader:240 - Cannot read IP mode file for STMicroelectronics.X-CUBE-ISPU.2.1.0
2024-10-25 10:35:22,750 [WARN] PackLoader:240 - Cannot read IP mode file for STMicroelectronics.X-CUBE-FREERTOS.1.2.0
2024-10-25 10:35:22,768 [WARN] PackLoader:240 - Cannot read IP mode file for STMicroelectronics.X-CUBE-AZRTOS-L5.2.0.0
2024-10-25 10:35:22,779 [WARN] PackLoader:240 - Cannot read IP mode file for STMicroelectronics.X-CUBE-EEPRMA1.4.2.0
2024-10-25 10:35:22,792 [WARN] PackLoader:240 - Cannot read IP mode file for STMicroelectronics.X-CUBE-NFC6.3.1.0
2024-10-25 10:35:22,804 [WARN] PackLoader:240 - Cannot read IP mode file for ITTIA_DB.I-CUBE-ITTIADB.8.8.0
2024-10-25 10:35:22,817 [WARN] PackLoader:240 - Cannot read IP mode file for STMicroelectronics.X-CUBE-DPower.1.2.0
2024-10-25 10:35:22,828 [WARN] PackLoader:240 - Cannot read IP mode file for STMicroelectronics.X-CUBE-AI.9.0.0
2024-10-25 10:35:22,841 [WARN] PackLoader:240 - Cannot read IP mode file for STMicroelectronics.X-CUBE-NFC7.1.0.1
2024-10-25 10:35:22,853 [WARN] PackLoader:240 - Cannot read IP mode file for STMicroelectronics.X-CUBE-NFC6.3.0.0
2024-10-25 10:35:22,860 [WARN] PackLoader:240 - Cannot read IP mode file for STMicroelectronics.X-CUBE-AI.8.1.0
2024-10-25 10:35:22,888 [WARN] ConditionMgr:438 - getConditionDescription Invalid condition id : LAN8742 Phy interface Condition cause : null
2024-10-25 10:35:22,888 [WARN] PackLoader:240 - Cannot read IP mode file for STMicroelectronics.X-CUBE-AZRTOS-L4.2.0.0
2024-10-25 10:35:22,890 [WARN] ConditionMgr:1039 - genDependencies : Invalid condition id : LAN8742 Phy interface Condition cause : null
2024-10-25 10:35:22,890 [WARN] ConditionMgr:1039 - genDependencies : Invalid condition id : LAN8742 Phy interface Condition cause : null
2024-10-25 10:35:22,891 [WARN] ConditionMgr:1039 - genDependencies : Invalid condition id : LAN8742 Phy interface Condition cause : null
2024-10-25 10:35:22,901 [WARN] PackLoader:240 - Cannot read IP mode file for STMicroelectronics.X-CUBE-SFXS2LP1.4.0.0
2024-10-25 10:35:22,923 [WARN] PackLoader:240 - Cannot read IP mode file for STMicroelectronics.X-CUBE-AZRTOS-H7.3.3.0
2024-10-25 10:35:22,936 [WARN] PackLoader:240 - Cannot read IP mode file for STMicroelectronics.X-CUBE-IPS.3.0.0
2024-10-25 10:35:22,954 [WARN] ConditionMgr:438 - getConditionDescription Invalid condition id : UX DEVICE CLASS RTOS Condition cause : null
2024-10-25 10:35:22,954 [WARN] ConditionMgr:438 - getConditionDescription Invalid condition id : UX DEVICE CLASS RTOS Condition cause : null
2024-10-25 10:35:22,955 [WARN] PackLoader:240 - Cannot read IP mode file for STMicroelectronics.X-CUBE-AZRTOS-WB.2.0.0
2024-10-25 10:35:22,955 [WARN] ConditionMgr:1039 - genDependencies : Invalid condition id : UX DEVICE CLASS RTOS Condition cause : null
2024-10-25 10:35:22,955 [WARN] ConditionMgr:1039 - genDependencies : Invalid condition id : UX DEVICE CLASS RTOS Condition cause : null
2024-10-25 10:35:22,955 [WARN] ConditionMgr:1039 - genDependencies : Invalid condition id : UX DEVICE CLASS RTOS Condition cause : null
2024-10-25 10:35:22,955 [WARN] ConditionMgr:1039 - genDependencies : Invalid condition id : UX DEVICE CLASS RTOS Condition cause : null
2024-10-25 10:35:22,955 [WARN] ConditionMgr:1039 - genDependencies : Invalid condition id : UX DEVICE CLASS RTOS Condition cause : null
2024-10-25 10:35:22,960 [WARN] PackLoader:240 - Cannot read IP mode file for STMicroelectronics.X-CUBE-GNSS1.7.0.0
2024-10-25 10:35:22,973 [WARN] PackLoader:240 - Cannot read IP mode file for STMicroelectronics.FP-SNS-STBOX1.2.0.0
2024-10-25 10:35:22,987 [WARN] PackLoader:240 - Cannot read IP mode file for STMicroelectronics.X-CUBE-SUBG2.5.0.0
2024-10-25 10:35:23,010 [WARN] PackLoader:240 - Cannot read IP mode file for STMicroelectronics.X-CUBE-AZRTOS-G4.2.0.0
2024-10-25 10:35:23,028 [WARN] PackLoader:240 - Cannot read IP mode file for Infineon.AIROC-Wi-Fi-Bluetooth-STM32.1.5.1
2024-10-25 10:35:23,037 [WARN] PackLoader:240 - Cannot read IP mode file for STMicroelectronics.FP-SNS-MOTENVWB1.1.3.1
2024-10-25 10:35:23,045 [WARN] PackLoader:240 - Cannot read IP mode file for STMicroelectronics.X-CUBE-ISPU.2.0.0
2024-10-25 10:35:23,053 [WARN] PackLoader:240 - Cannot read IP mode file for STMicroelectronics.X-CUBE-ALS.1.0.2
2024-10-25 10:35:23,082 [WARN] PackLoader:240 - Cannot read IP mode file for STMicroelectronics.X-CUBE-MEMS1.10.0.0
2024-10-25 10:35:23,139 [WARN] PackLoader:240 - Cannot read IP mode file for STMicroelectronics.X-CUBE-FREERTOS.1.1.0
2024-10-25 10:35:23,150 [WARN] PackLoader:240 - Cannot read IP mode file for STMicroelectronics.X-CUBE-TOUCHGFX.4.24.0
2024-10-25 10:35:23,160 [WARN] PackLoader:240 - Cannot read IP mode file for STMicroelectronics.X-CUBE-TOUCHGFX.4.24.1
2024-10-25 10:35:23,170 [WARN] PackLoader:240 - Cannot read IP mode file for wolfSSL.I-CUBE-wolfTPM.3.4.0
2024-10-25 10:35:23,178 [WARN] PackLoader:240 - Cannot read IP mode file for portGmbH.I-Cube-SoM-uGOAL.1.1.0
2024-10-25 10:35:23,187 [WARN] PackLoader:240 - Cannot read IP mode file for STMicroelectronics.X-CUBE-ALS.1.0.1
2024-10-25 10:35:23,209 [WARN] PackLoader:240 - Cannot read IP mode file for STMicroelectronics.X-CUBE-AZRTOS-H7RS.1.0.0
2024-10-25 10:35:23,218 [WARN] PackLoader:240 - Cannot read IP mode file for STMicroelectronics.FP-ATR-ASTRA1.2.0.0
2024-10-25 10:35:23,230 [WARN] PackLoader:240 - Cannot read IP mode file for STMicroelectronics.X-CUBE-TOF1.3.4.2
2024-10-25 10:35:23,248 [WARN] PackLoader:240 - Cannot read IP mode file for STMicroelectronics.X-CUBE-TOF1.3.4.0
2024-10-25 10:35:23,260 [WARN] PackLoader:240 - Cannot read IP mode file for STMicroelectronics.X-CUBE-TOF1.3.4.1
2024-10-25 10:35:23,284 [WARN] PackLoader:240 - Cannot read IP mode file for STMicroelectronics.X-CUBE-AZRTOS-H7.3.2.0
2024-10-25 10:35:23,296 [WARN] PackLoader:240 - Cannot read IP mode file for wolfSSL.I-CUBE-wolfSSH.1.4.17
2024-10-25 10:35:23,296 [INFO] ThirdParty:978 - Integrity check success = true
2024-10-25 10:35:23,296 [INFO] IntegrityCheckThread:100 - exiting critical section [integrity check]
2024-10-25 10:35:23,296 [INFO] IntegrityCheckThread:103 - End integrity checks thread
2024-10-25 10:35:25,500 [INFO] WebApp:167 - Instantiating new browser for Auth
2024-10-25 10:35:25,965 [INFO] WebApp:448 - Apply proxy settings
2024-10-25 10:35:25,965 [INFO] WebApp:533 - Chromium requires no authentication
2024-10-25 10:35:25,971 [INFO] WebApp:476 - Direct internet connection detected
2024-10-25 10:35:25,986 [INFO] WebApp:869 - Register for checkConnection events
2024-10-25 10:35:25,987 [INFO] WebApp:448 - Apply proxy settings
2024-10-25 10:35:25,987 [INFO] WebApp:533 - Chromium requires no authentication
2024-10-25 10:35:25,987 [INFO] WebApp:476 - Direct internet connection detected
2024-10-25 10:35:26,098 [INFO] WebApp:220 - Starting web application
2024-10-25 10:35:26,098 [INFO] WebApp:578 - Web application path used C:\ST\STM32CubeIDE_1.16.1\STM32CubeIDE\plugins\com.st.stm32cube.common.mx_6.12.1.202409122256\db\plugins\mcufinder\reactClient1\index.html
2024-10-25 10:35:26,243 [INFO] WebApp:186 - Connection restablished
2024-10-25 12:17:51,588 [ERROR] LogOutputStream:75 - [STDERR_REDIRECT] 
