2025-01-15 10:24:42,181 [INFO] Activator:176 - 


2025-01-15 10:24:42,184 [INFO] Activator:177 - !SESSION log4j initialized
2025-01-15 10:24:46,417 [INFO] LogOutputStream:77 - [STDOUT_REDIRECT] 
2025-01-15 10:24:49,526 [INFO] ApplicationProperties:184 - Using Application install path: C:\ST\STM32CubeIDE_1.16.1\STM32CubeIDE\plugins\com.st.stm32cube.common.mx_6.12.1.202409122256
2025-01-15 10:24:49,538 [INFO] DbMcusXml:78 - Set database path to: C:\ST\STM32CubeIDE_1.16.1\STM32CubeIDE\plugins\com.st.stm32cube.common.mx_6.12.1.202409122256\\db\/mcu/
2025-01-15 10:24:49,538 [INFO] ApiDb:274 - Set plugin database path to: C:\ST\STM32CubeIDE_1.16.1\STM32CubeIDE\plugins\com.st.stm32cube.common.mx_6.12.1.202409122256\\db\/plugins/boardmanager/
2025-01-15 10:24:49,538 [WARN] ApiDb:259 - Overriding images path with different value:  => C:\ST\STM32CubeIDE_1.16.1\STM32CubeIDE\plugins\com.st.stm32cube.common.mx_6.12.1.202409122256\\db\/plugins/mcufinder/images/
2025-01-15 10:24:49,547 [INFO] ApiDb:250 - Set database path to: C:\Users\RND1\.stmcufinder\plugins\mcufinder//mcu/
2025-01-15 10:24:49,548 [INFO] DbMcusAds:125 - Set database path to: C:\Users\RND1\.stmcufinder\plugins\mcufinder//mcu/
2025-01-15 10:24:49,550 [INFO] CrossReferenceDbSqlite:203 - Set database path to: C:\Users\RND1\.stmcufinder\plugins\mcufinder//mcu/cs/
2025-01-15 10:24:49,636 [INFO] RulesReader:64 - Compatibility file has been processed (297 Rules)
2025-01-15 10:24:49,691 [INFO] DbMcusXml:78 - Set database path to: C:\ST\STM32CubeIDE_1.16.1\STM32CubeIDE\plugins\com.st.stm32cube.common.mx_6.12.1.202409122256\\db\/mcu/
2025-01-15 10:24:49,691 [INFO] ApiDb:274 - Set plugin database path to: C:\ST\STM32CubeIDE_1.16.1\STM32CubeIDE\plugins\com.st.stm32cube.common.mx_6.12.1.202409122256\\db\/plugins/boardmanager/
2025-01-15 10:24:49,691 [INFO] ApiDb:261 - Set plugin images path to: C:\ST\STM32CubeIDE_1.16.1\STM32CubeIDE\plugins\com.st.stm32cube.common.mx_6.12.1.202409122256\\db\/plugins/mcufinder/images/
2025-01-15 10:24:49,691 [WARN] DbFile:41 - Overriding database path with different value: C:\Users\RND1\.stmcufinder\plugins\mcufinder/ => C:\Users\RND1\.stmcufinder\plugins\mcufinder
2025-01-15 10:24:49,691 [INFO] ApiDb:250 - Set database path to: C:\Users\RND1\.stmcufinder\plugins\mcufinder//mcu/
2025-01-15 10:24:49,691 [WARN] DbFile:41 - Overriding database path with different value: C:\Users\RND1\.stmcufinder\plugins\mcufinder/ => C:\Users\RND1\.stmcufinder\plugins\mcufinder
2025-01-15 10:24:49,692 [INFO] DbMcusAds:125 - Set database path to: C:\Users\RND1\.stmcufinder\plugins\mcufinder//mcu/
2025-01-15 10:24:49,692 [WARN] DbFile:41 - Overriding database path with different value: C:\Users\RND1\.stmcufinder\plugins\mcufinder/ => C:\Users\RND1\.stmcufinder\plugins\mcufinder
2025-01-15 10:24:49,692 [WARN] DbFile:41 - Overriding database path with different value: C:\Users\RND1\.stmcufinder\plugins\mcufinder/ => C:\Users\RND1\.stmcufinder\plugins\mcufinder
2025-01-15 10:24:49,692 [INFO] CrossReferenceDbSqlite:203 - Set database path to: C:\Users\RND1\.stmcufinder\plugins\mcufinder//mcu/cs/
2025-01-15 10:24:49,749 [INFO] MainPanel:268 - HeapMemory: 268435456
2025-01-15 10:24:49,818 [INFO] DbMcusXml:78 - Set database path to: C:\ST\STM32CubeIDE_1.16.1\STM32CubeIDE\plugins\com.st.stm32cube.common.mx_6.12.1.202409122256\\db\/mcu/
2025-01-15 10:24:49,818 [INFO] ApiDb:274 - Set plugin database path to: C:\ST\STM32CubeIDE_1.16.1\STM32CubeIDE\plugins\com.st.stm32cube.common.mx_6.12.1.202409122256\\db\/plugins/boardmanager/
2025-01-15 10:24:49,818 [INFO] ApiDb:261 - Set plugin images path to: C:\ST\STM32CubeIDE_1.16.1\STM32CubeIDE\plugins\com.st.stm32cube.common.mx_6.12.1.202409122256\\db\/plugins/mcufinder/images/
2025-01-15 10:24:49,818 [WARN] DbFile:41 - Overriding database path with different value: C:\Users\RND1\.stmcufinder\plugins\mcufinder/ => C:\Users\RND1\.stmcufinder\plugins\mcufinder
2025-01-15 10:24:49,818 [INFO] ApiDb:250 - Set database path to: C:\Users\RND1\.stmcufinder\plugins\mcufinder//mcu/
2025-01-15 10:24:49,818 [WARN] DbFile:41 - Overriding database path with different value: C:\Users\RND1\.stmcufinder\plugins\mcufinder/ => C:\Users\RND1\.stmcufinder\plugins\mcufinder
2025-01-15 10:24:49,819 [INFO] DbMcusAds:125 - Set database path to: C:\Users\RND1\.stmcufinder\plugins\mcufinder//mcu/
2025-01-15 10:24:49,819 [WARN] DbFile:41 - Overriding database path with different value: C:\Users\RND1\.stmcufinder\plugins\mcufinder/ => C:\Users\RND1\.stmcufinder\plugins\mcufinder
2025-01-15 10:24:49,819 [WARN] DbFile:41 - Overriding database path with different value: C:\Users\RND1\.stmcufinder\plugins\mcufinder/ => C:\Users\RND1\.stmcufinder\plugins\mcufinder
2025-01-15 10:24:49,819 [INFO] CrossReferenceDbSqlite:203 - Set database path to: C:\Users\RND1\.stmcufinder\plugins\mcufinder//mcu/cs/
2025-01-15 10:24:49,832 [INFO] ApplicationProperties:184 - Using Application install path: C:\ST\STM32CubeIDE_1.16.1\STM32CubeIDE\plugins\com.st.stm32cube.common.mx_6.12.1.202409122256
2025-01-15 10:24:49,832 [INFO] PluginManage:196 - Search for loadable plugins [exclusion list=, ]
2025-01-15 10:24:49,833 [INFO] PluginManage:310 - Check plugin analytics
2025-01-15 10:24:49,980 [INFO] AnalyticsPlugin:253 - Accepted Software Licenses: STM32CubeMX.6.10.0
2025-01-15 10:24:49,980 [INFO] AnalyticsPlugin:255 - Accepted CMSIS Pack Licenses: 
2025-01-15 10:24:49,980 [INFO] AnalyticsPlugin:257 - Accepted Firmware Licenses: FW.G4.1.5.0,FW.G4.1.6.0,FW.F4.1.28.0
2025-01-15 10:24:49,983 [INFO] PluginManage:359 - Loaded plugin analytics (category:tool,tabindex:-1)
2025-01-15 10:24:49,984 [INFO] PluginManage:310 - Check plugin cadmodel
2025-01-15 10:24:50,000 [INFO] CADModel:105 - Init CAD model plugin
2025-01-15 10:24:50,000 [INFO] PluginManage:359 - Loaded plugin cadmodel (category:power,tabindex:5)
2025-01-15 10:24:50,000 [INFO] PluginManage:310 - Check plugin clock
2025-01-15 10:24:50,023 [INFO] PluginManage:359 - Loaded plugin clock (category:base,tabindex:2)
2025-01-15 10:24:50,023 [INFO] PluginManage:310 - Check plugin ddr
2025-01-15 10:24:50,025 [INFO] PluginManage:359 - Loaded plugin ddr (category:tool,tabindex:6)
2025-01-15 10:24:50,026 [INFO] PluginManage:310 - Check plugin filemanager
2025-01-15 10:24:50,144 [INFO] PluginManage:359 - Loaded plugin filemanager (category:base,tabindex:10)
2025-01-15 10:24:50,145 [INFO] PluginManage:310 - Check plugin ipmanager
2025-01-15 10:24:50,153 [INFO] PluginManage:359 - Loaded plugin ipmanager (category:base,tabindex:5)
2025-01-15 10:24:50,154 [INFO] PluginManage:310 - Check plugin lpbam
2025-01-15 10:24:50,168 [INFO] PluginManage:359 - Loaded plugin lpbam (category:base,tabindex:0)
2025-01-15 10:24:50,168 [INFO] PluginManage:310 - Check plugin memorymap
2025-01-15 10:24:50,185 [INFO] PluginManage:359 - Loaded plugin memorymap (category:base,tabindex:4)
2025-01-15 10:24:50,185 [INFO] PluginManage:310 - Check plugin pinoutandconfiguration
2025-01-15 10:24:50,199 [INFO] PluginManage:359 - Loaded plugin pinoutandconfiguration (category:base,tabindex:1)
2025-01-15 10:24:50,199 [INFO] PluginManage:310 - Check plugin pinoutconfig
2025-01-15 10:24:50,271 [WARN] SupportedApi:132 - Cannot load RTOS API schema: s4s-elt-must-match.1: The content of 'definitions' must match (annotation?, (simpleType | complexType)?, (unique | key | keyref)*)). A problem was found starting at: attribute.
2025-01-15 10:24:50,359 [INFO] PluginManage:359 - Loaded plugin pinoutconfig (category:base,tabindex:0)
2025-01-15 10:24:50,359 [INFO] PluginManage:310 - Check plugin power
2025-01-15 10:24:50,375 [INFO] PluginManage:359 - Loaded plugin power (category:power,tabindex:4)
2025-01-15 10:24:50,375 [INFO] PluginManage:310 - Check plugin projectmanager
2025-01-15 10:24:50,386 [INFO] PluginManage:359 - Loaded plugin projectmanager (category:projectmanager,tabindex:4)
2025-01-15 10:24:50,386 [INFO] PluginManage:310 - Check plugin rif
2025-01-15 10:24:50,398 [INFO] PluginManage:359 - Loaded plugin rif (category:base,tabindex:3)
2025-01-15 10:24:50,398 [INFO] PluginManage:310 - Check plugin thirdparty
2025-01-15 10:24:50,593 [INFO] PluginManage:359 - Loaded plugin thirdparty (category:base,tabindex:-1)
2025-01-15 10:24:50,593 [WARN] IntegrityCheckThread:84 - waiting for thirdparty lock release [integrity check]
2025-01-15 10:24:50,593 [INFO] PluginManage:310 - Check plugin tools
2025-01-15 10:24:50,593 [INFO] IntegrityCheckThread:86 - entering critical section [integrity check]
2025-01-15 10:24:50,594 [INFO] ThirdPartyUpdaterWithRetryManager:70 - Updater plugin not ready yet. [1/15]
2025-01-15 10:24:50,619 [INFO] PluginManage:359 - Loaded plugin tools (category:base,tabindex:7)
2025-01-15 10:24:50,619 [INFO] PluginManage:310 - Check plugin tutovideos
2025-01-15 10:24:50,746 [INFO] PluginManage:359 - Loaded plugin tutovideos (category:base,tabindex:-1)
2025-01-15 10:24:50,746 [INFO] PluginManage:310 - Check plugin updater
2025-01-15 10:24:50,758 [INFO] PluginManage:359 - Loaded plugin updater (category:base,tabindex:12)
2025-01-15 10:24:50,758 [INFO] PluginManage:310 - Check plugin userauth
2025-01-15 10:24:50,763 [INFO] UserAuth:113 - Init User Auth plugin
2025-01-15 10:24:50,763 [INFO] PluginManage:359 - Loaded plugin userauth (category:base,tabindex:14)
2025-01-15 10:24:50,763 [INFO] PluginManage:283 - PluginManage : Loaded plugins [18]
2025-01-15 10:24:50,908 [INFO] PinOutPanel:1561 - setPackage(No Configuration,No Configuration)
2025-01-15 10:24:50,966 [INFO] CADModel:165 - CPN selected for project level
2025-01-15 10:24:50,966 [INFO] CADModel:114 - Register for checkConnection events
2025-01-15 10:24:50,986 [INFO] IPUIPlugin:80 - create IPUIPlugin
2025-01-15 10:24:50,986 [INFO] PluginManager:220 - loadIPPluginJar : add adc
2025-01-15 10:24:51,011 [INFO] IPUIPlugin:80 - create IPUIPlugin
2025-01-15 10:24:51,011 [INFO] PluginManager:220 - loadIPPluginJar : add aes
2025-01-15 10:24:51,039 [INFO] IPUIPlugin:80 - create IPUIPlugin
2025-01-15 10:24:51,040 [INFO] PluginManager:220 - loadIPPluginJar : add can
2025-01-15 10:24:51,058 [INFO] IPUIPlugin:80 - create IPUIPlugin
2025-01-15 10:24:51,058 [INFO] PluginManager:220 - loadIPPluginJar : add comp
2025-01-15 10:24:51,081 [INFO] IPUIPlugin:80 - create IPUIPlugin
2025-01-15 10:24:51,082 [INFO] PluginManager:220 - loadIPPluginJar : add cryp
2025-01-15 10:24:51,090 [INFO] IPUIPlugin:80 - create IPUIPlugin
2025-01-15 10:24:51,090 [INFO] PluginManager:220 - loadIPPluginJar : add ddr_ctrl_phy
2025-01-15 10:24:51,110 [INFO] IPUIPlugin:80 - create IPUIPlugin
2025-01-15 10:24:51,110 [INFO] PluginManager:220 - loadIPPluginJar : add dfsdm
2025-01-15 10:24:51,120 [INFO] IPUIPlugin:80 - create IPUIPlugin
2025-01-15 10:24:51,120 [INFO] PluginManager:220 - loadIPPluginJar : add dma
2025-01-15 10:24:51,154 [INFO] IPUIPlugin:80 - create IPUIPlugin
2025-01-15 10:24:51,154 [INFO] PluginManager:220 - loadIPPluginJar : add dma3
2025-01-15 10:24:51,186 [INFO] IPUIPlugin:80 - create IPUIPlugin
2025-01-15 10:24:51,186 [INFO] PluginManager:220 - loadIPPluginJar : add extmemmanager
2025-01-15 10:24:51,203 [INFO] IPUIPlugin:80 - create IPUIPlugin
2025-01-15 10:24:51,203 [INFO] PluginManager:220 - loadIPPluginJar : add fatfs
2025-01-15 10:24:51,237 [INFO] IPUIPlugin:80 - create IPUIPlugin
2025-01-15 10:24:51,237 [INFO] PluginManager:220 - loadIPPluginJar : add fmc
2025-01-15 10:24:51,248 [INFO] IPUIPlugin:80 - create IPUIPlugin
2025-01-15 10:24:51,248 [INFO] PluginManager:220 - loadIPPluginJar : add freertos
2025-01-15 10:24:51,264 [INFO] IPUIPlugin:80 - create IPUIPlugin
2025-01-15 10:24:51,264 [INFO] PluginManager:220 - loadIPPluginJar : add genericplugin
2025-01-15 10:24:51,322 [INFO] IPUIPlugin:80 - create IPUIPlugin
2025-01-15 10:24:51,322 [INFO] PluginManager:220 - loadIPPluginJar : add gfxmmu
2025-01-15 10:24:51,408 [INFO] IPUIPlugin:80 - create IPUIPlugin
2025-01-15 10:24:51,408 [INFO] PluginManager:220 - loadIPPluginJar : add gic
2025-01-15 10:24:51,418 [INFO] IPUIPlugin:80 - create IPUIPlugin
2025-01-15 10:24:51,418 [INFO] PluginManager:220 - loadIPPluginJar : add gpio
2025-01-15 10:24:51,483 [INFO] IPUIPlugin:80 - create IPUIPlugin
2025-01-15 10:24:51,483 [INFO] PluginManager:220 - loadIPPluginJar : add gtzc
2025-01-15 10:24:51,505 [INFO] IPUIPlugin:80 - create IPUIPlugin
2025-01-15 10:24:51,505 [INFO] PluginManager:220 - loadIPPluginJar : add hash
2025-01-15 10:24:51,538 [INFO] IPUIPlugin:80 - create IPUIPlugin
2025-01-15 10:24:51,539 [INFO] PluginManager:220 - loadIPPluginJar : add i2c
2025-01-15 10:24:51,565 [INFO] IPUIPlugin:80 - create IPUIPlugin
2025-01-15 10:24:51,565 [INFO] PluginManager:220 - loadIPPluginJar : add i2s
2025-01-15 10:24:51,593 [INFO] IPUIPlugin:80 - create IPUIPlugin
2025-01-15 10:24:51,593 [INFO] PluginManager:220 - loadIPPluginJar : add i3c
2025-01-15 10:24:51,666 [INFO] IPUIPlugin:80 - create IPUIPlugin
2025-01-15 10:24:51,666 [INFO] PluginManager:220 - loadIPPluginJar : add ipddr
2025-01-15 10:24:51,727 [INFO] IPUIPlugin:80 - create IPUIPlugin
2025-01-15 10:24:51,727 [INFO] PluginManager:220 - loadIPPluginJar : add linkedlist
2025-01-15 10:24:51,752 [INFO] IPUIPlugin:80 - create IPUIPlugin
2025-01-15 10:24:51,752 [INFO] PluginManager:220 - loadIPPluginJar : add lorawan
2025-01-15 10:24:51,776 [INFO] IPUIPlugin:80 - create IPUIPlugin
2025-01-15 10:24:51,776 [INFO] PluginManager:220 - loadIPPluginJar : add ltdc
2025-01-15 10:24:51,786 [INFO] IPUIPlugin:80 - create IPUIPlugin
2025-01-15 10:24:51,786 [INFO] PluginManager:220 - loadIPPluginJar : add mdma
2025-01-15 10:24:51,794 [INFO] IPUIPlugin:80 - create IPUIPlugin
2025-01-15 10:24:51,794 [INFO] PluginManager:220 - loadIPPluginJar : add nvic
2025-01-15 10:24:51,820 [INFO] IPUIPlugin:80 - create IPUIPlugin
2025-01-15 10:24:51,821 [INFO] PluginManager:220 - loadIPPluginJar : add opamp
2025-01-15 10:24:51,860 [INFO] IPUIPlugin:80 - create IPUIPlugin
2025-01-15 10:24:51,860 [INFO] PluginManager:220 - loadIPPluginJar : add openamp
2025-01-15 10:24:51,891 [INFO] IPUIPlugin:80 - create IPUIPlugin
2025-01-15 10:24:51,891 [INFO] PluginManager:220 - loadIPPluginJar : add pdm2pcm
2025-01-15 10:24:51,902 [INFO] IPUIPlugin:80 - create IPUIPlugin
2025-01-15 10:24:51,904 [INFO] PluginManager:220 - loadIPPluginJar : add plateformsettings
2025-01-15 10:24:51,922 [INFO] IPUIPlugin:80 - create IPUIPlugin
2025-01-15 10:24:51,922 [INFO] PluginManager:220 - loadIPPluginJar : add quadspi
2025-01-15 10:24:51,940 [INFO] IPUIPlugin:80 - create IPUIPlugin
2025-01-15 10:24:51,940 [INFO] PluginManager:220 - loadIPPluginJar : add radio
2025-01-15 10:24:51,950 [INFO] IPUIPlugin:80 - create IPUIPlugin
2025-01-15 10:24:51,950 [INFO] PluginManager:220 - loadIPPluginJar : add resmgrutility
2025-01-15 10:24:51,981 [INFO] IPUIPlugin:80 - create IPUIPlugin
2025-01-15 10:24:51,982 [INFO] PluginManager:220 - loadIPPluginJar : add sai
2025-01-15 10:24:52,007 [INFO] IPUIPlugin:80 - create IPUIPlugin
2025-01-15 10:24:52,007 [INFO] PluginManager:220 - loadIPPluginJar : add spi
2025-01-15 10:24:52,054 [INFO] IPUIPlugin:80 - create IPUIPlugin
2025-01-15 10:24:52,054 [INFO] PluginManager:220 - loadIPPluginJar : add stm32_wpan
2025-01-15 10:24:52,070 [INFO] IPUIPlugin:80 - create IPUIPlugin
2025-01-15 10:24:52,071 [INFO] PluginManager:220 - loadIPPluginJar : add tim
2025-01-15 10:24:52,110 [INFO] IPUIPlugin:80 - create IPUIPlugin
2025-01-15 10:24:52,111 [INFO] PluginManager:220 - loadIPPluginJar : add touchsensing
2025-01-15 10:24:52,126 [INFO] IPUIPlugin:80 - create IPUIPlugin
2025-01-15 10:24:52,126 [INFO] PluginManager:220 - loadIPPluginJar : add tracer_emb
2025-01-15 10:24:52,145 [INFO] IPUIPlugin:80 - create IPUIPlugin
2025-01-15 10:24:52,145 [INFO] PluginManager:220 - loadIPPluginJar : add ts
2025-01-15 10:24:52,163 [INFO] IPUIPlugin:80 - create IPUIPlugin
2025-01-15 10:24:52,163 [INFO] PluginManager:220 - loadIPPluginJar : add tsc
2025-01-15 10:24:52,178 [INFO] IPUIPlugin:80 - create IPUIPlugin
2025-01-15 10:24:52,178 [INFO] PluginManager:220 - loadIPPluginJar : add ucpd
2025-01-15 10:24:52,206 [INFO] IPUIPlugin:80 - create IPUIPlugin
2025-01-15 10:24:52,206 [INFO] PluginManager:220 - loadIPPluginJar : add usart
2025-01-15 10:24:52,234 [INFO] IPUIPlugin:80 - create IPUIPlugin
2025-01-15 10:24:52,234 [INFO] PluginManager:220 - loadIPPluginJar : add usbx
2025-01-15 10:24:52,345 [INFO] CADModel:165 - CPN selected for project level
2025-01-15 10:24:52,345 [INFO] CADModel:114 - Register for checkConnection events
2025-01-15 10:24:52,345 [FATAL] Updater:334 - Updater called before beeing initialized
2025-01-15 10:24:52,345 [ERROR] CADModel:125 - Updater not yet initialized, retry later 
2025-01-15 10:24:52,430 [INFO] CADModel:165 - CPN selected for project level
2025-01-15 10:24:52,430 [INFO] CADModel:114 - Register for checkConnection events
2025-01-15 10:24:52,430 [FATAL] Updater:334 - Updater called before beeing initialized
2025-01-15 10:24:52,430 [ERROR] CADModel:125 - Updater not yet initialized, retry later 
2025-01-15 10:24:52,432 [FATAL] Updater:334 - Updater called before beeing initialized
2025-01-15 10:24:52,501 [FATAL] Updater:334 - Updater called before beeing initialized
2025-01-15 10:24:52,509 [INFO] DbMcusAds:53 - JSON generation date=Wed Dec 18 01:01:15 KST 2024 (1734451275196)
2025-01-15 10:24:52,509 [FATAL] Updater:334 - Updater called before beeing initialized
2025-01-15 10:24:52,535 [WARN] DetailPanel:346 - Failed to get advertising image, set to default
2025-01-15 10:24:52,608 [FATAL] Updater:334 - Updater called before beeing initialized
2025-01-15 10:24:52,609 [FATAL] Updater:334 - Updater called before beeing initialized
2025-01-15 10:24:52,610 [FATAL] Updater:334 - Updater called before beeing initialized
2025-01-15 10:24:52,610 [WARN] DetailPanel:346 - Failed to get advertising image, set to default
2025-01-15 10:24:52,611 [FATAL] Updater:334 - Updater called before beeing initialized
2025-01-15 10:24:52,662 [ERROR] Updater:1164 - MainUpdater not yet initialized. External WinMGr cannot be set.
2025-01-15 10:24:52,670 [INFO] Updater:1100 - Updater Version found : 6.12.1
2025-01-15 10:24:52,683 [INFO] ApplicationProperties:184 - Using Application install path: C:\ST\STM32CubeIDE_1.16.1\STM32CubeIDE\plugins\com.st.stm32cube.common.mx_6.12.1.202409122256
2025-01-15 10:24:53,296 [INFO] MainUpdater:2873 - connection check result : 10
2025-01-15 10:24:53,296 [INFO] MainUpdater:3567 - Updater definition file requires update
2025-01-15 10:24:53,297 [INFO] MainUpdater:290 - Updater Check For Update Now.
2025-01-15 10:24:53,297 [INFO] MicroXplorer:498 - Change Database Version : DB.6.0.121
2025-01-15 10:24:53,308 [INFO] McuFinderGlobals:63 - Set McuFinder mode to 2 (CubeIDE integrated)
2025-01-15 10:24:53,311 [INFO] UserAuth:417 - Internet connection configuration mode: 1
2025-01-15 10:24:53,327 [INFO] JxBrowserEngine:152 - Initiate JxBrowser Engine with user profile folder
2025-01-15 10:24:53,604 [WARN] MainUpdater:1194 - Updater busy. Cannot search thirdparties
2025-01-15 10:24:53,604 [INFO] ThirdPartyUpdaterWithRetryManager:96 - Updater plugin is busy. [1/15]
2025-01-15 10:24:53,722 [INFO] ServerAccessManage:473 - Download File updaters.zip
2025-01-15 10:24:54,089 [INFO] FileExtend:240 - Unzip File : updaters.zip
2025-01-15 10:24:54,090 [INFO] FileExtend:255 - Standard Zip Deflate
2025-01-15 10:24:54,460 [INFO] McuFinderGlobals:63 - Set McuFinder mode to 2 (CubeIDE integrated)
2025-01-15 10:24:54,773 [INFO] ApiDb:581 - Connected to CubeFinder SQLite database (C:\Users\RND1\.stmcufinder\plugins\mcufinder\mcu\cube-finder-db.db)
2025-01-15 10:24:54,829 [INFO] ApiDb:668 - CubeFinder database Data Model version=2.1
2025-01-15 10:24:54,830 [INFO] ApiDb:669 - CubeFinder database Configuration version=3.0.39
2025-01-15 10:24:54,830 [INFO] ApiDb:670 - CubeFinder database generation date=2024-12-10 (1733817889)
2025-01-15 10:24:54,830 [INFO] ApiDb:671 - CubeFinder database FW Pack versions=[FP-ATR-ASTRA1_V2.0.0, FP-SNS-FLIGHT1_V5.0.2, FP-SNS-MOTENV1_V5.0.0, FP-SNS-MOTENVWB1_V1.4.0, FP-SNS-SMARTAG2_V1.2.0, FP-SNS-STBOX1_V2.0.0, STM32Cube_FW_C0_V1.3.0, STM32Cube_FW_F4_V1.28.1, STM32Cube_FW_F7_V1.17.2, STM32Cube_FW_G0_V1.6.2, STM32Cube_FW_G4_V1.6.1, STM32Cube_FW_H5_V1.4.0, STM32Cube_FW_H7RS_V1.1.0, STM32Cube_FW_H7_V1.12.0, STM32Cube_FW_L0_V1.12.2, STM32Cube_FW_L4_V1.18.1, STM32Cube_FW_L5_V1.5.1, STM32Cube_FW_N6_V1.0.0, STM32Cube_FW_U0_V1.2.0, STM32Cube_FW_U3_V1.0.0, STM32Cube_FW_U5_V1.7.0, STM32Cube_FW_WB0_V1.1.0, STM32Cube_FW_WBA_V1.5.0, STM32Cube_FW_WB_V1.21.0, STM32Cube_FW_WL3_V1.0.0, STM32Cube_FW_WL_V1.3.0, X-CUBE-ALGOBUILD_V1.4.0, X-CUBE-ALS_V1.0.2, X-CUBE-AZRTOS-F4_V1.1.0, X-CUBE-AZRTOS-F7_V1.1.0, X-CUBE-AZRTOS-G0_V1.1.0, X-CUBE-AZRTOS-G4_V2.0.0, X-CUBE-AZRTOS-H7RS_V1.0.0, X-CUBE-AZRTOS-H7_V3.3.0, X-CUBE-AZRTOS-L4_V2.0.0, X-CUBE-AZRTOS-L5_V2.0.0, X-CUBE-AZRTOS-WB_V2.0.0, X-CUBE-AZRTOS-WL_V2.0.0, X-CUBE-BLE1_V7.0.0, X-CUBE-BLE2_V3.3.0, X-CUBE-BLEMGR_V3.1.0, X-CUBE-EEPRMA1_V5.1.0, X-CUBE-FREERTOS_V1.2.0, X-CUBE-GNSS1_V6.0.0, X-CUBE-MEMS1_V11.0.0, X-CUBE-NFC4_V3.0.0, X-CUBE-NFC7_V1.0.1, X-CUBE-SFXS2LP1_V4.0.0, X-CUBE-SUBG2_V5.0.0, X-CUBE-TOF1_V3.4.2]
2025-01-15 10:24:54,887 [INFO] ServerAccessManage:473 - Download File PacksControlFlags.xml
2025-01-15 10:24:54,916 [INFO] DbBoardsSqlite:226 - include board P-NUCLEO-WB55-NUCLEO as a kit item of type 'Nucleo-64'
2025-01-15 10:24:54,916 [INFO] DbBoardsSqlite:226 - include board P-NUCLEO-WB55-USBDONGLE as a kit item of type 'Nucleo USB Dongle'
2025-01-15 10:24:54,917 [INFO] DbBoardsSqlite:226 - include board STEVAL-IDP005V1 as a kit item of type 'Evaluation Board'
2025-01-15 10:24:54,917 [INFO] DbBoardsSqlite:226 - include board STEVAL-IDP005V2 as a kit item of type 'Evaluation Board'
2025-01-15 10:24:55,153 [INFO] ServerAccessManage:473 - Download File cubemx.pidx
2025-01-15 10:24:55,170 [INFO] ApiDb:240 - Found 646 in-development CPN: [B-G473E-ZEST1S, B-WB1M-WPAN1, B-WL5M-SUBG1, NUCLEO-C031C6, NUCLEO-C071RB, NUCLEO-H503RB, NUCLEO-H533RE, NUCLEO-H563ZI, NUCLEO-H7S3L8, NUCLEO-U031R8, NUCLEO-U083RC, NUCLEO-U545RE-Q, NUCLEO-U5A5ZJ-Q, NUCLEO-WB05KZ, NUCLEO-WB07CC, NUCLEO-WB09KE, NUCLEO-WBA52CG, NUCLEO-WBA55CG, STEVAL-PROTEUS1, STEVAL-SMARTAG2, STEVAL-STWINBX1, STM320518-EVAL, STM32C0116-DK, STM32C011D6Y3TR, STM32C011D6Y6TR, STM32C011F4P3, STM32C011F4P6, STM32C011F4U3, STM32C011F4U6TR, STM32C011F6P3, STM32C011F6P6, STM32C011F6U3, STM32C011F6U6TR, STM32C011J4M3, STM32C011J4M6, STM32C011J6M3, STM32C011J6M6, STM32C0316-DK, STM32C031C4T3, STM32C031C4T6, STM32C031C4U3, STM32C031C4U6, STM32C031C6T3, STM32C031C6T6, STM32C031C6U3, STM32C031C6U6, STM32C031F4P3, STM32C031F4P6, STM32C031F6P3, STM32C031F6P6, STM32C031G4U3, STM32C031G4U6, STM32C031G6U3, STM32C031G6U6, STM32C031K4T3, STM32C031K4T6, STM32C031K4U3, STM32C031K4U6, STM32C031K6T3, STM32C031K6T6, STM32C031K6U3, STM32C031K6U6, STM32C071C8T6, STM32C071C8T6N, STM32C071C8U6, STM32C071C8U6N, STM32C071CBT6, STM32C071CBT6N, STM32C071CBU6, STM32C071CBU6N, STM32C071F8P6, STM32C071F8P6N, STM32C071FBP6, STM32C071FBP6N, STM32C071FBY6TR, STM32C071G8U6, STM32C071G8U6N, STM32C071GBU6, STM32C071GBU6N, STM32C071K8T6, STM32C071K8T6N, STM32C071K8U6, STM32C071K8U6N, STM32C071KBT6, STM32C071KBT6N, STM32C071KBU6, STM32C071KBU6N, STM32C071R8T6, STM32C071R8T6N, STM32C071RBI6N, STM32C071RBT6, STM32C071RBT6N, STM32G071K8TXN, STM32G071K8UXN, STM32G081GBU6N, STM32G081KBT6N, STM32G081KBUXN, STM32G0B1CCT6N, STM32G0B1KCT6, STM32G0B1NEY6TR, STM32G0B1RCT6N, STM32G0C1CCT6, STM32G0C1CCT6N, STM32G0C1CCU6N, STM32G0C1CET6N, STM32G0C1CEU6N, STM32G0C1KCT6, STM32G0C1NEY6TR, STM32G0C1RCI6N, STM32G0C1RCT6N, STM32G0C1REI6N, STM32G0C1RET6N, STM32G0C1VCI6, STM32G0C1VEI6, STM32G411C6T3, STM32G411C6T6, STM32G411C6U3, STM32G411C6U6, STM32G411C8T3, STM32G411C8T6, STM32G411C8U3, STM32G411C8U6, STM32G411CBT3, STM32G411CBT6, STM32G411CBU3, STM32G411CBU6, STM32G411K6T3, STM32G411K6T6, STM32G411K6U3, STM32G411K6U6, STM32G411K8T3, STM32G411K8T6, STM32G411K8U3, STM32G411K8U6, STM32G411KBT3, STM32G411KBT6, STM32G411KBU3, STM32G411KBU6, STM32G411M6T3, STM32G411M6T6, STM32G411M8T3, STM32G411M8T6, STM32G411MBT3, STM32G411MBT6, STM32G411R6T3, STM32G411R6T6, STM32G411R8T3, STM32G411R8T6, STM32G411RBT3, STM32G411RBT6, STM32G414CBT3, STM32G414CBT6, STM32G414CBU3, STM32G414CBU6, STM32G414CCT3, STM32G414CCT6, STM32G414CCU3, STM32G414CCU6, STM32G414MBT3, STM32G414MBT6, STM32G414MCT3, STM32G414MCT6, STM32G414RBT3, STM32G414RBT6, STM32G414RCT3, STM32G414RCT6, STM32G414VBT3, STM32G414VBT6, STM32G414VCT3, STM32G414VCT6, STM32G431CBT3Z, STM32G431RBT3Z, STM32G471CCT6, STM32G471CCU6, STM32G471CET3, STM32G471CET6, STM32G471CEU3, STM32G471CEU6, STM32G471MCT6, STM32G471MET3, STM32G471MET6, STM32G471MEY6TR, STM32G471QCT6, STM32G471QET3, STM32G471RCT6, STM32G471RET3, STM32G471RET6, STM32G471VCH6, STM32G471VCI6, STM32G471VCT6, STM32G471VEH3, STM32G471VEH6, STM32G471VEI3, STM32G471VEI6, STM32G471VET3, STM32G471VET6, STM32G473QET3Z, STM32G473RET3Z, STM32G474CCT6, STM32G491RET3Z, STM32H503CBT6, STM32H503CBU6, STM32H503EBY6TR, STM32H503KBU6, STM32H503RBT6, STM32H523CCT6, STM32H523CCU6, STM32H523CET6, STM32H523CEU6, STM32H523HEY6TR, STM32H523RCT6, STM32H523RET6, STM32H523VCI6, STM32H523VCT6, STM32H523VEI6, STM32H523VET6, STM32H523ZCJ6, STM32H523ZCT6, STM32H523ZEJ6, STM32H523ZET6, STM32H533CET6, STM32H533CEU6, STM32H533HEY6TR, STM32H533RET6, STM32H533VEI6, STM32H533VET6, STM32H533ZEJ6, STM32H533ZET6, STM32H562AGI6, STM32H562AII6, STM32H562IGK6, STM32H562IGT6, STM32H562IIK6, STM32H562IIT6, STM32H562RGT6, STM32H562RGV6, STM32H562RIT6, STM32H562RIV6, STM32H562VGT6, STM32H562VIT6, STM32H562ZGT6, STM32H562ZIT6, STM32H563AGI6, STM32H563AII3Q, STM32H563AII6, STM32H563IGK6, STM32H563IGT6, STM32H563IIK3Q, STM32H563IIK6, STM32H563IIT3Q, STM32H563IIT6, STM32H563MIY3QTR, STM32H563RGT6, STM32H563RGV6, STM32H563RIT6, STM32H563RIV6, STM32H563VGT6, STM32H563VIT3Q, STM32H563VIT6, STM32H563ZGT6, STM32H563ZIT3Q, STM32H563ZIT6, STM32H573AII3Q, STM32H573AII6, STM32H573I-DK, STM32H573IIK3Q, STM32H573IIK6, STM32H573IIT3Q, STM32H573IIT6, STM32H573MIY3QTR, STM32H573RIT6, STM32H573RIV6, STM32H573VIT3Q, STM32H573VIT6, STM32H573ZIT3Q, STM32H573ZIT6, STM32H7R3A8I6, STM32H7R3I8K6, STM32H7R3I8T6, STM32H7R3L8H6, STM32H7R3L8H6H, STM32H7R3R8V6, STM32H7R3V8H6, STM32H7R3V8T6, STM32H7R3V8Y6TR, STM32H7R3Z8J6, STM32H7R3Z8T6, STM32H7R7A8I6, STM32H7R7I8K6, STM32H7R7I8T6, STM32H7R7L8H6, STM32H7R7L8H6H, STM32H7R7Z8J6, STM32H7S3A8I6, STM32H7S3I8K6, STM32H7S3I8T6, STM32H7S3L8H6, STM32H7S3L8H6H, STM32H7S3R8V6, STM32H7S3V8H6, STM32H7S3V8T6, STM32H7S3V8Y6TR, STM32H7S3Z8J6, STM32H7S3Z8T6, STM32H7S78-DK, STM32H7S7A8I6, STM32H7S7I8K6, STM32H7S7I8T6, STM32H7S7L8H6, STM32H7S7L8H6H, STM32H7S7Z8J6, STM32L4R5QGI6STR, STM32MP131AAE3, STM32MP131AAF3, STM32MP131AAG3, STM32MP131CAE3, STM32MP131CAF3, STM32MP131CAG3, STM32MP131DAE7, STM32MP131DAF7, STM32MP131DAG7, STM32MP131FAE7, STM32MP131FAF7, STM32MP131FAG7, STM32MP133AAE3, STM32MP133AAF3, STM32MP133AAG3, STM32MP133CAE3, STM32MP133CAF3, STM32MP133CAG3, STM32MP133DAE7, STM32MP133DAF7, STM32MP133DAG7, STM32MP133FAE7, STM32MP133FAF7, STM32MP133FAG7, STM32MP135AAE3, STM32MP135AAF3, STM32MP135AAG3, STM32MP135CAE3, STM32MP135CAF3, STM32MP135CAG3, STM32MP135DAE7, STM32MP135DAF7, STM32MP135DAG7, STM32MP135F-DK, STM32MP135FAE7, STM32MP135FAF7, STM32MP135FAF7T, STM32MP135FAF7U, STM32MP135FAG7, STM32MP251AAI3, STM32MP251AAK3, STM32MP251AAL3, STM32MP251CAI3, STM32MP251CAK3, STM32MP251CAL3, STM32MP251DAI3, STM32MP251DAK3, STM32MP251DAL3, STM32MP251FAI3, STM32MP251FAK3, STM32MP251FAL3, STM32MP253AAI3, STM32MP253AAK3, STM32MP253AAL3, STM32MP253CAI3, STM32MP253CAK3, STM32MP253CAL3, STM32MP253DAI3, STM32MP253DAK3, STM32MP253DAL3, STM32MP253FAI3, STM32MP253FAK3, STM32MP253FAL3, STM32MP255AAI3, STM32MP255AAK3, STM32MP255AAL3, STM32MP255CAI3, STM32MP255CAK3, STM32MP255CAL3, STM32MP255DAI3, STM32MP255DAK3, STM32MP255DAL3, STM32MP255FAI3, STM32MP255FAK3, STM32MP255FAL3, STM32MP257AAI3, STM32MP257AAK3, STM32MP257AAL3, STM32MP257CAI3, STM32MP257CAK3, STM32MP257CAL3, STM32MP257DAI3, STM32MP257DAK3, STM32MP257DAL3, STM32MP257F-DK, STM32MP257F-EV1, STM32MP257FAI3, STM32MP257FAK3, STM32MP257FAL3, STM32U031C6T6, STM32U031C6U6, STM32U031C8T6, STM32U031C8U6, STM32U031F4P6, STM32U031F6P6, STM32U031F8P6, STM32U031G6Y6TR, STM32U031G8Y6TR, STM32U031K4U6, STM32U031K6U6, STM32U031K8U6, STM32U031R6I6, STM32U031R6T6, STM32U031R8I6, STM32U031R8T6, STM32U073C8T6, STM32U073C8U6, STM32U073CBT6, STM32U073CBU6, STM32U073CCT6, STM32U073CCU6, STM32U073H8Y6TR, STM32U073HBY6TR, STM32U073HCY6TR, STM32U073K8U6, STM32U073KBU6, STM32U073KCU6, STM32U073M8I6, STM32U073M8T6, STM32U073MBI6, STM32U073MBT6, STM32U073MCI6, STM32U073MCT6, STM32U073R8I6, STM32U073R8T6, STM32U073RBI6, STM32U073RBT6, STM32U073RCI6, STM32U073RCT6, STM32U083C-DK, STM32U083CCT6, STM32U083CCU6, STM32U083HCY6TR, STM32U083KCU6, STM32U083MCI6, STM32U083MCT6, STM32U083RCI6, STM32U083RCT6, STM32U535CBT6, STM32U535CBT6Q, STM32U535CBU6, STM32U535CBU6Q, STM32U535CCT6, STM32U535CCT6Q, STM32U535CCU6, STM32U535CCU6Q, STM32U535CET6, STM32U535CET6Q, STM32U535CEU6, STM32U535CEU6Q, STM32U535JEY6QTR, STM32U535NCY6QTR, STM32U535NEY6QTR, STM32U535RBI6, STM32U535RBI6Q, STM32U535RBT6, STM32U535RBT6Q, STM32U535RCI6, STM32U535RCI6Q, STM32U535RCT6, STM32U535RCT6Q, STM32U535REI6, STM32U535REI6Q, STM32U535RET6, STM32U535RET6Q, STM32U535VCI6, STM32U535VCI6Q, STM32U535VCT6, STM32U535VCT6Q, STM32U535VEI6, STM32U535VEI6Q, STM32U535VET6, STM32U535VET6Q, STM32U545CET6, STM32U545CET6Q, STM32U545CEU6, STM32U545CEU6Q, STM32U545JEY6QTR, STM32U545NEY6QTR, STM32U545REI6, STM32U545REI6Q, STM32U545RET6, STM32U545RET6Q, STM32U545VEI6, STM32U545VEI6Q, STM32U545VET6, STM32U545VET6Q, STM32U595AIH6, STM32U595AIH6Q, STM32U595AJH6, STM32U595AJH6Q, STM32U595QII6, STM32U595QII6Q, STM32U595QJI6, STM32U595QJI6Q, STM32U595RIT6, STM32U595RIT6Q, STM32U595RJT6, STM32U595RJT6Q, STM32U595VIT6, STM32U595VIT6Q, STM32U595VJT6, STM32U595VJT6Q, STM32U595ZIT6, STM32U595ZIT6Q, STM32U595ZIY6QTR, STM32U595ZJT6, STM32U595ZJT6Q, STM32U595ZJY6QTR, STM32U599BJY6QTR, STM32U599NIH6Q, STM32U599NJH6Q, STM32U599VIT6Q, STM32U599VJT6, STM32U599VJT6Q, STM32U599ZIT6Q, STM32U599ZIY6QTR, STM32U599ZJT6Q, STM32U599ZJY6QTR, STM32U5A5AJH6, STM32U5A5AJH6Q, STM32U5A5QII3Q , STM32U5A5QJI6, STM32U5A5QJI6Q, STM32U5A5RJT6, STM32U5A5RJT6Q, STM32U5A5VJT6, STM32U5A5VJT6Q, STM32U5A5ZJT6, STM32U5A5ZJT6Q, STM32U5A5ZJY6QTR, STM32U5A9BJY6QTR, STM32U5A9J-DK, STM32U5A9NJH6Q, STM32U5A9VJT6Q, STM32U5A9ZJT6Q, STM32U5A9ZJY6QTR, STM32U5F7VIT6, STM32U5F7VIT6Q, STM32U5F7VJT6, STM32U5F7VJT6Q, STM32U5F9BJY6QTR, STM32U5F9NJH6Q, STM32U5F9VIT6Q, STM32U5F9VJT6Q, STM32U5F9ZIJ6QTR, STM32U5F9ZIT6Q, STM32U5F9ZJJ6QTR, STM32U5F9ZJT6Q, STM32U5G7VJT6, STM32U5G7VJT6Q, STM32U5G9BJY6QTR, STM32U5G9J-DK1, STM32U5G9J-DK2, STM32U5G9NJH6Q, STM32U5G9VJT6Q, STM32U5G9ZJJ6QTR, STM32U5G9ZJT6Q, STM32WB05KZV6TR, STM32WB05KZV7TR, STM32WB05TZF6TR, STM32WB05TZF7TR, STM32WB06CCF6TR, STM32WB06CCF7TR, STM32WB06CCV6TR, STM32WB06CCV7TR, STM32WB06KCV6TR, STM32WB06KCV7TR, STM32WB07CCF6TR, STM32WB07CCF7TR, STM32WB07CCV6TR, STM32WB07CCV7TR, STM32WB07KCV6TR, STM32WB07KCV7TR, STM32WB09KEV6TR, STM32WB09KEV7TR, STM32WB09TEF6TR, STM32WB09TEF7TR, STM32WB1MMCH6, STM32WBA50KGU6, STM32WBA50KGU6TR, STM32WBA52CEU6, STM32WBA52CEU6TR, STM32WBA52CEU7, STM32WBA52CEU7TR, STM32WBA52CGU6, STM32WBA52CGU6TR, STM32WBA52CGU6U, STM32WBA52CGU7, STM32WBA52CGU7TR, STM32WBA52KEU6, STM32WBA52KEU6TR, STM32WBA52KGU6, STM32WBA52KGU6TR, STM32WBA54CEU6, STM32WBA54CEU6TR, STM32WBA54CEU7, STM32WBA54CEU7TR, STM32WBA54CGU6, STM32WBA54CGU6TR, STM32WBA54CGU7, STM32WBA54CGU7TR, STM32WBA54KEU6, STM32WBA54KEU6TR, STM32WBA54KEU7, STM32WBA54KEU7TR, STM32WBA54KGU6, STM32WBA54KGU6TR, STM32WBA54KGU7, STM32WBA54KGU7TR, STM32WBA55CEU6, STM32WBA55CEU6TR, STM32WBA55CEU7, STM32WBA55CEU7TR, STM32WBA55CGU6, STM32WBA55CGU6TR, STM32WBA55CGU6U, STM32WBA55CGU7, STM32WBA55CGU7TR, STM32WBA55G-DK1, STM32WBA55HEF6, STM32WBA55HEF7, STM32WBA55HGF6, STM32WBA55HGF7, STM32WBA55UEI6, STM32WBA55UEI6TR, STM32WBA55UEI7, STM32WBA55UEI7TR, STM32WBA55UGI6, STM32WBA55UGI6TR, STM32WBA55UGI7, STM32WBA55UGI7TR, STM32WL5MOCH6, STM32WL5MOCH6TR]
2025-01-15 10:24:55,172 [INFO] ApiDb:668 - CubeFinder database Data Model version=2.1
2025-01-15 10:24:55,173 [INFO] ApiDb:669 - CubeFinder database Configuration version=3.0.39
2025-01-15 10:24:55,173 [INFO] ApiDb:670 - CubeFinder database generation date=2024-12-10 (1733817889)
2025-01-15 10:24:55,173 [INFO] ApiDb:671 - CubeFinder database FW Pack versions=[FP-ATR-ASTRA1_V2.0.0, FP-SNS-FLIGHT1_V5.0.2, FP-SNS-MOTENV1_V5.0.0, FP-SNS-MOTENVWB1_V1.4.0, FP-SNS-SMARTAG2_V1.2.0, FP-SNS-STBOX1_V2.0.0, STM32Cube_FW_C0_V1.3.0, STM32Cube_FW_F4_V1.28.1, STM32Cube_FW_F7_V1.17.2, STM32Cube_FW_G0_V1.6.2, STM32Cube_FW_G4_V1.6.1, STM32Cube_FW_H5_V1.4.0, STM32Cube_FW_H7RS_V1.1.0, STM32Cube_FW_H7_V1.12.0, STM32Cube_FW_L0_V1.12.2, STM32Cube_FW_L4_V1.18.1, STM32Cube_FW_L5_V1.5.1, STM32Cube_FW_N6_V1.0.0, STM32Cube_FW_U0_V1.2.0, STM32Cube_FW_U3_V1.0.0, STM32Cube_FW_U5_V1.7.0, STM32Cube_FW_WB0_V1.1.0, STM32Cube_FW_WBA_V1.5.0, STM32Cube_FW_WB_V1.21.0, STM32Cube_FW_WL3_V1.0.0, STM32Cube_FW_WL_V1.3.0, X-CUBE-ALGOBUILD_V1.4.0, X-CUBE-ALS_V1.0.2, X-CUBE-AZRTOS-F4_V1.1.0, X-CUBE-AZRTOS-F7_V1.1.0, X-CUBE-AZRTOS-G0_V1.1.0, X-CUBE-AZRTOS-G4_V2.0.0, X-CUBE-AZRTOS-H7RS_V1.0.0, X-CUBE-AZRTOS-H7_V3.3.0, X-CUBE-AZRTOS-L4_V2.0.0, X-CUBE-AZRTOS-L5_V2.0.0, X-CUBE-AZRTOS-WB_V2.0.0, X-CUBE-AZRTOS-WL_V2.0.0, X-CUBE-BLE1_V7.0.0, X-CUBE-BLE2_V3.3.0, X-CUBE-BLEMGR_V3.1.0, X-CUBE-EEPRMA1_V5.1.0, X-CUBE-FREERTOS_V1.2.0, X-CUBE-GNSS1_V6.0.0, X-CUBE-MEMS1_V11.0.0, X-CUBE-NFC4_V3.0.0, X-CUBE-NFC7_V1.0.1, X-CUBE-SFXS2LP1_V4.0.0, X-CUBE-SUBG2_V5.0.0, X-CUBE-TOF1_V3.4.2]
2025-01-15 10:24:55,992 [INFO] ServerAccessManage:473 - Download File STMicroelectronics.X-CUBE-IPS.pdsc
2025-01-15 10:24:56,612 [WARN] MainUpdater:1194 - Updater busy. Cannot search thirdparties
2025-01-15 10:24:56,612 [INFO] ThirdPartyUpdaterWithRetryManager:96 - Updater plugin is busy. [2/15]
2025-01-15 10:24:56,756 [INFO] ApiDb:240 - Found 646 in-development CPN: [B-G473E-ZEST1S, B-WB1M-WPAN1, B-WL5M-SUBG1, NUCLEO-C031C6, NUCLEO-C071RB, NUCLEO-H503RB, NUCLEO-H533RE, NUCLEO-H563ZI, NUCLEO-H7S3L8, NUCLEO-U031R8, NUCLEO-U083RC, NUCLEO-U545RE-Q, NUCLEO-U5A5ZJ-Q, NUCLEO-WB05KZ, NUCLEO-WB07CC, NUCLEO-WB09KE, NUCLEO-WBA52CG, NUCLEO-WBA55CG, STEVAL-PROTEUS1, STEVAL-SMARTAG2, STEVAL-STWINBX1, STM320518-EVAL, STM32C0116-DK, STM32C011D6Y3TR, STM32C011D6Y6TR, STM32C011F4P3, STM32C011F4P6, STM32C011F4U3, STM32C011F4U6TR, STM32C011F6P3, STM32C011F6P6, STM32C011F6U3, STM32C011F6U6TR, STM32C011J4M3, STM32C011J4M6, STM32C011J6M3, STM32C011J6M6, STM32C0316-DK, STM32C031C4T3, STM32C031C4T6, STM32C031C4U3, STM32C031C4U6, STM32C031C6T3, STM32C031C6T6, STM32C031C6U3, STM32C031C6U6, STM32C031F4P3, STM32C031F4P6, STM32C031F6P3, STM32C031F6P6, STM32C031G4U3, STM32C031G4U6, STM32C031G6U3, STM32C031G6U6, STM32C031K4T3, STM32C031K4T6, STM32C031K4U3, STM32C031K4U6, STM32C031K6T3, STM32C031K6T6, STM32C031K6U3, STM32C031K6U6, STM32C071C8T6, STM32C071C8T6N, STM32C071C8U6, STM32C071C8U6N, STM32C071CBT6, STM32C071CBT6N, STM32C071CBU6, STM32C071CBU6N, STM32C071F8P6, STM32C071F8P6N, STM32C071FBP6, STM32C071FBP6N, STM32C071FBY6TR, STM32C071G8U6, STM32C071G8U6N, STM32C071GBU6, STM32C071GBU6N, STM32C071K8T6, STM32C071K8T6N, STM32C071K8U6, STM32C071K8U6N, STM32C071KBT6, STM32C071KBT6N, STM32C071KBU6, STM32C071KBU6N, STM32C071R8T6, STM32C071R8T6N, STM32C071RBI6N, STM32C071RBT6, STM32C071RBT6N, STM32G071K8TXN, STM32G071K8UXN, STM32G081GBU6N, STM32G081KBT6N, STM32G081KBUXN, STM32G0B1CCT6N, STM32G0B1KCT6, STM32G0B1NEY6TR, STM32G0B1RCT6N, STM32G0C1CCT6, STM32G0C1CCT6N, STM32G0C1CCU6N, STM32G0C1CET6N, STM32G0C1CEU6N, STM32G0C1KCT6, STM32G0C1NEY6TR, STM32G0C1RCI6N, STM32G0C1RCT6N, STM32G0C1REI6N, STM32G0C1RET6N, STM32G0C1VCI6, STM32G0C1VEI6, STM32G411C6T3, STM32G411C6T6, STM32G411C6U3, STM32G411C6U6, STM32G411C8T3, STM32G411C8T6, STM32G411C8U3, STM32G411C8U6, STM32G411CBT3, STM32G411CBT6, STM32G411CBU3, STM32G411CBU6, STM32G411K6T3, STM32G411K6T6, STM32G411K6U3, STM32G411K6U6, STM32G411K8T3, STM32G411K8T6, STM32G411K8U3, STM32G411K8U6, STM32G411KBT3, STM32G411KBT6, STM32G411KBU3, STM32G411KBU6, STM32G411M6T3, STM32G411M6T6, STM32G411M8T3, STM32G411M8T6, STM32G411MBT3, STM32G411MBT6, STM32G411R6T3, STM32G411R6T6, STM32G411R8T3, STM32G411R8T6, STM32G411RBT3, STM32G411RBT6, STM32G414CBT3, STM32G414CBT6, STM32G414CBU3, STM32G414CBU6, STM32G414CCT3, STM32G414CCT6, STM32G414CCU3, STM32G414CCU6, STM32G414MBT3, STM32G414MBT6, STM32G414MCT3, STM32G414MCT6, STM32G414RBT3, STM32G414RBT6, STM32G414RCT3, STM32G414RCT6, STM32G414VBT3, STM32G414VBT6, STM32G414VCT3, STM32G414VCT6, STM32G431CBT3Z, STM32G431RBT3Z, STM32G471CCT6, STM32G471CCU6, STM32G471CET3, STM32G471CET6, STM32G471CEU3, STM32G471CEU6, STM32G471MCT6, STM32G471MET3, STM32G471MET6, STM32G471MEY6TR, STM32G471QCT6, STM32G471QET3, STM32G471RCT6, STM32G471RET3, STM32G471RET6, STM32G471VCH6, STM32G471VCI6, STM32G471VCT6, STM32G471VEH3, STM32G471VEH6, STM32G471VEI3, STM32G471VEI6, STM32G471VET3, STM32G471VET6, STM32G473QET3Z, STM32G473RET3Z, STM32G474CCT6, STM32G491RET3Z, STM32H503CBT6, STM32H503CBU6, STM32H503EBY6TR, STM32H503KBU6, STM32H503RBT6, STM32H523CCT6, STM32H523CCU6, STM32H523CET6, STM32H523CEU6, STM32H523HEY6TR, STM32H523RCT6, STM32H523RET6, STM32H523VCI6, STM32H523VCT6, STM32H523VEI6, STM32H523VET6, STM32H523ZCJ6, STM32H523ZCT6, STM32H523ZEJ6, STM32H523ZET6, STM32H533CET6, STM32H533CEU6, STM32H533HEY6TR, STM32H533RET6, STM32H533VEI6, STM32H533VET6, STM32H533ZEJ6, STM32H533ZET6, STM32H562AGI6, STM32H562AII6, STM32H562IGK6, STM32H562IGT6, STM32H562IIK6, STM32H562IIT6, STM32H562RGT6, STM32H562RGV6, STM32H562RIT6, STM32H562RIV6, STM32H562VGT6, STM32H562VIT6, STM32H562ZGT6, STM32H562ZIT6, STM32H563AGI6, STM32H563AII3Q, STM32H563AII6, STM32H563IGK6, STM32H563IGT6, STM32H563IIK3Q, STM32H563IIK6, STM32H563IIT3Q, STM32H563IIT6, STM32H563MIY3QTR, STM32H563RGT6, STM32H563RGV6, STM32H563RIT6, STM32H563RIV6, STM32H563VGT6, STM32H563VIT3Q, STM32H563VIT6, STM32H563ZGT6, STM32H563ZIT3Q, STM32H563ZIT6, STM32H573AII3Q, STM32H573AII6, STM32H573I-DK, STM32H573IIK3Q, STM32H573IIK6, STM32H573IIT3Q, STM32H573IIT6, STM32H573MIY3QTR, STM32H573RIT6, STM32H573RIV6, STM32H573VIT3Q, STM32H573VIT6, STM32H573ZIT3Q, STM32H573ZIT6, STM32H7R3A8I6, STM32H7R3I8K6, STM32H7R3I8T6, STM32H7R3L8H6, STM32H7R3L8H6H, STM32H7R3R8V6, STM32H7R3V8H6, STM32H7R3V8T6, STM32H7R3V8Y6TR, STM32H7R3Z8J6, STM32H7R3Z8T6, STM32H7R7A8I6, STM32H7R7I8K6, STM32H7R7I8T6, STM32H7R7L8H6, STM32H7R7L8H6H, STM32H7R7Z8J6, STM32H7S3A8I6, STM32H7S3I8K6, STM32H7S3I8T6, STM32H7S3L8H6, STM32H7S3L8H6H, STM32H7S3R8V6, STM32H7S3V8H6, STM32H7S3V8T6, STM32H7S3V8Y6TR, STM32H7S3Z8J6, STM32H7S3Z8T6, STM32H7S78-DK, STM32H7S7A8I6, STM32H7S7I8K6, STM32H7S7I8T6, STM32H7S7L8H6, STM32H7S7L8H6H, STM32H7S7Z8J6, STM32L4R5QGI6STR, STM32MP131AAE3, STM32MP131AAF3, STM32MP131AAG3, STM32MP131CAE3, STM32MP131CAF3, STM32MP131CAG3, STM32MP131DAE7, STM32MP131DAF7, STM32MP131DAG7, STM32MP131FAE7, STM32MP131FAF7, STM32MP131FAG7, STM32MP133AAE3, STM32MP133AAF3, STM32MP133AAG3, STM32MP133CAE3, STM32MP133CAF3, STM32MP133CAG3, STM32MP133DAE7, STM32MP133DAF7, STM32MP133DAG7, STM32MP133FAE7, STM32MP133FAF7, STM32MP133FAG7, STM32MP135AAE3, STM32MP135AAF3, STM32MP135AAG3, STM32MP135CAE3, STM32MP135CAF3, STM32MP135CAG3, STM32MP135DAE7, STM32MP135DAF7, STM32MP135DAG7, STM32MP135F-DK, STM32MP135FAE7, STM32MP135FAF7, STM32MP135FAF7T, STM32MP135FAF7U, STM32MP135FAG7, STM32MP251AAI3, STM32MP251AAK3, STM32MP251AAL3, STM32MP251CAI3, STM32MP251CAK3, STM32MP251CAL3, STM32MP251DAI3, STM32MP251DAK3, STM32MP251DAL3, STM32MP251FAI3, STM32MP251FAK3, STM32MP251FAL3, STM32MP253AAI3, STM32MP253AAK3, STM32MP253AAL3, STM32MP253CAI3, STM32MP253CAK3, STM32MP253CAL3, STM32MP253DAI3, STM32MP253DAK3, STM32MP253DAL3, STM32MP253FAI3, STM32MP253FAK3, STM32MP253FAL3, STM32MP255AAI3, STM32MP255AAK3, STM32MP255AAL3, STM32MP255CAI3, STM32MP255CAK3, STM32MP255CAL3, STM32MP255DAI3, STM32MP255DAK3, STM32MP255DAL3, STM32MP255FAI3, STM32MP255FAK3, STM32MP255FAL3, STM32MP257AAI3, STM32MP257AAK3, STM32MP257AAL3, STM32MP257CAI3, STM32MP257CAK3, STM32MP257CAL3, STM32MP257DAI3, STM32MP257DAK3, STM32MP257DAL3, STM32MP257F-DK, STM32MP257F-EV1, STM32MP257FAI3, STM32MP257FAK3, STM32MP257FAL3, STM32U031C6T6, STM32U031C6U6, STM32U031C8T6, STM32U031C8U6, STM32U031F4P6, STM32U031F6P6, STM32U031F8P6, STM32U031G6Y6TR, STM32U031G8Y6TR, STM32U031K4U6, STM32U031K6U6, STM32U031K8U6, STM32U031R6I6, STM32U031R6T6, STM32U031R8I6, STM32U031R8T6, STM32U073C8T6, STM32U073C8U6, STM32U073CBT6, STM32U073CBU6, STM32U073CCT6, STM32U073CCU6, STM32U073H8Y6TR, STM32U073HBY6TR, STM32U073HCY6TR, STM32U073K8U6, STM32U073KBU6, STM32U073KCU6, STM32U073M8I6, STM32U073M8T6, STM32U073MBI6, STM32U073MBT6, STM32U073MCI6, STM32U073MCT6, STM32U073R8I6, STM32U073R8T6, STM32U073RBI6, STM32U073RBT6, STM32U073RCI6, STM32U073RCT6, STM32U083C-DK, STM32U083CCT6, STM32U083CCU6, STM32U083HCY6TR, STM32U083KCU6, STM32U083MCI6, STM32U083MCT6, STM32U083RCI6, STM32U083RCT6, STM32U535CBT6, STM32U535CBT6Q, STM32U535CBU6, STM32U535CBU6Q, STM32U535CCT6, STM32U535CCT6Q, STM32U535CCU6, STM32U535CCU6Q, STM32U535CET6, STM32U535CET6Q, STM32U535CEU6, STM32U535CEU6Q, STM32U535JEY6QTR, STM32U535NCY6QTR, STM32U535NEY6QTR, STM32U535RBI6, STM32U535RBI6Q, STM32U535RBT6, STM32U535RBT6Q, STM32U535RCI6, STM32U535RCI6Q, STM32U535RCT6, STM32U535RCT6Q, STM32U535REI6, STM32U535REI6Q, STM32U535RET6, STM32U535RET6Q, STM32U535VCI6, STM32U535VCI6Q, STM32U535VCT6, STM32U535VCT6Q, STM32U535VEI6, STM32U535VEI6Q, STM32U535VET6, STM32U535VET6Q, STM32U545CET6, STM32U545CET6Q, STM32U545CEU6, STM32U545CEU6Q, STM32U545JEY6QTR, STM32U545NEY6QTR, STM32U545REI6, STM32U545REI6Q, STM32U545RET6, STM32U545RET6Q, STM32U545VEI6, STM32U545VEI6Q, STM32U545VET6, STM32U545VET6Q, STM32U595AIH6, STM32U595AIH6Q, STM32U595AJH6, STM32U595AJH6Q, STM32U595QII6, STM32U595QII6Q, STM32U595QJI6, STM32U595QJI6Q, STM32U595RIT6, STM32U595RIT6Q, STM32U595RJT6, STM32U595RJT6Q, STM32U595VIT6, STM32U595VIT6Q, STM32U595VJT6, STM32U595VJT6Q, STM32U595ZIT6, STM32U595ZIT6Q, STM32U595ZIY6QTR, STM32U595ZJT6, STM32U595ZJT6Q, STM32U595ZJY6QTR, STM32U599BJY6QTR, STM32U599NIH6Q, STM32U599NJH6Q, STM32U599VIT6Q, STM32U599VJT6, STM32U599VJT6Q, STM32U599ZIT6Q, STM32U599ZIY6QTR, STM32U599ZJT6Q, STM32U599ZJY6QTR, STM32U5A5AJH6, STM32U5A5AJH6Q, STM32U5A5QII3Q , STM32U5A5QJI6, STM32U5A5QJI6Q, STM32U5A5RJT6, STM32U5A5RJT6Q, STM32U5A5VJT6, STM32U5A5VJT6Q, STM32U5A5ZJT6, STM32U5A5ZJT6Q, STM32U5A5ZJY6QTR, STM32U5A9BJY6QTR, STM32U5A9J-DK, STM32U5A9NJH6Q, STM32U5A9VJT6Q, STM32U5A9ZJT6Q, STM32U5A9ZJY6QTR, STM32U5F7VIT6, STM32U5F7VIT6Q, STM32U5F7VJT6, STM32U5F7VJT6Q, STM32U5F9BJY6QTR, STM32U5F9NJH6Q, STM32U5F9VIT6Q, STM32U5F9VJT6Q, STM32U5F9ZIJ6QTR, STM32U5F9ZIT6Q, STM32U5F9ZJJ6QTR, STM32U5F9ZJT6Q, STM32U5G7VJT6, STM32U5G7VJT6Q, STM32U5G9BJY6QTR, STM32U5G9J-DK1, STM32U5G9J-DK2, STM32U5G9NJH6Q, STM32U5G9VJT6Q, STM32U5G9ZJJ6QTR, STM32U5G9ZJT6Q, STM32WB05KZV6TR, STM32WB05KZV7TR, STM32WB05TZF6TR, STM32WB05TZF7TR, STM32WB06CCF6TR, STM32WB06CCF7TR, STM32WB06CCV6TR, STM32WB06CCV7TR, STM32WB06KCV6TR, STM32WB06KCV7TR, STM32WB07CCF6TR, STM32WB07CCF7TR, STM32WB07CCV6TR, STM32WB07CCV7TR, STM32WB07KCV6TR, STM32WB07KCV7TR, STM32WB09KEV6TR, STM32WB09KEV7TR, STM32WB09TEF6TR, STM32WB09TEF7TR, STM32WB1MMCH6, STM32WBA50KGU6, STM32WBA50KGU6TR, STM32WBA52CEU6, STM32WBA52CEU6TR, STM32WBA52CEU7, STM32WBA52CEU7TR, STM32WBA52CGU6, STM32WBA52CGU6TR, STM32WBA52CGU6U, STM32WBA52CGU7, STM32WBA52CGU7TR, STM32WBA52KEU6, STM32WBA52KEU6TR, STM32WBA52KGU6, STM32WBA52KGU6TR, STM32WBA54CEU6, STM32WBA54CEU6TR, STM32WBA54CEU7, STM32WBA54CEU7TR, STM32WBA54CGU6, STM32WBA54CGU6TR, STM32WBA54CGU7, STM32WBA54CGU7TR, STM32WBA54KEU6, STM32WBA54KEU6TR, STM32WBA54KEU7, STM32WBA54KEU7TR, STM32WBA54KGU6, STM32WBA54KGU6TR, STM32WBA54KGU7, STM32WBA54KGU7TR, STM32WBA55CEU6, STM32WBA55CEU6TR, STM32WBA55CEU7, STM32WBA55CEU7TR, STM32WBA55CGU6, STM32WBA55CGU6TR, STM32WBA55CGU6U, STM32WBA55CGU7, STM32WBA55CGU7TR, STM32WBA55G-DK1, STM32WBA55HEF6, STM32WBA55HEF7, STM32WBA55HGF6, STM32WBA55HGF7, STM32WBA55UEI6, STM32WBA55UEI6TR, STM32WBA55UEI7, STM32WBA55UEI7TR, STM32WBA55UGI6, STM32WBA55UGI6TR, STM32WBA55UGI7, STM32WBA55UGI7TR, STM32WL5MOCH6, STM32WL5MOCH6TR]
2025-01-15 10:24:56,760 [INFO] DbMcus:218 - Found 4404 MCUs, 4404 are supported
2025-01-15 10:24:56,761 [INFO] ApiDb:423 - Load user favorites file C:\Users\RND1/.stm32cubeide/favorites.mcus.txt: 0 item(s)
2025-01-15 10:24:56,761 [INFO] ApiDb:427 - User favorites MCUs=[]
2025-01-15 10:24:56,761 [INFO] DbMcus:224 - Set 0 / 0 favorites MCUs
2025-01-15 10:24:57,085 [INFO] BoardInfo:889 - No configuration file found for board NUCLEO-N657X0-Q
2025-01-15 10:24:57,086 [INFO] DbBoards:161 - Board is not supported: NUCLEO-N657X0-Q
2025-01-15 10:24:57,107 [INFO] BoardInfo:889 - No configuration file found for board P-NUCLEO-WB55
2025-01-15 10:24:57,107 [INFO] DbBoards:161 - Kit is not supported: P-NUCLEO-WB55
2025-01-15 10:24:57,112 [INFO] BoardInfo:889 - No configuration file found for board STEVAL-BFA001V1B
2025-01-15 10:24:57,112 [INFO] DbBoards:161 - Kit is not supported: STEVAL-BFA001V1B
2025-01-15 10:24:57,113 [INFO] BoardInfo:889 - No configuration file found for board STEVAL-BFA001V2B
2025-01-15 10:24:57,113 [INFO] DbBoards:161 - Kit is not supported: STEVAL-BFA001V2B
2025-01-15 10:24:57,169 [INFO] ServerAccessManage:473 - Download File STMicroelectronics.X-CUBE-TOUCHGFX.pdsc
2025-01-15 10:24:57,213 [INFO] BoardInfo:889 - No configuration file found for board STM32N6570-DK
2025-01-15 10:24:57,213 [INFO] DbBoards:161 - Board is not supported: STM32N6570-DK
2025-01-15 10:24:57,223 [INFO] DbBoards:168 - Found 203 boards, 198 are supported
2025-01-15 10:24:57,223 [INFO] DbBoards:169 - Found 203 boards, 25 of them is supported for  Bsp
2025-01-15 10:24:57,225 [INFO] ApiDb:423 - Load user favorites file C:\Users\RND1/.stm32cubeide/favorites.boards.txt: 0 item(s)
2025-01-15 10:24:57,225 [INFO] ApiDb:427 - User favorites Boards=[]
2025-01-15 10:24:57,225 [INFO] DbBoards:198 - Set 0 / 0 favorites Boards
2025-01-15 10:24:57,225 [INFO] McuFinderGlobals:76 - Set McuFinderConnectedMode to false
2025-01-15 10:24:57,230 [INFO] MultiScanPanel:200 - Auto-refresh data requested => check proxy status ongoing
2025-01-15 10:24:57,230 [INFO] MultiScanPanel:204 - Proxy status is invalid
2025-01-15 10:24:57,232 [INFO] FinderPluginLoader:95 - Searching for filters in installed packs
2025-01-15 10:24:57,702 [INFO] WebApp:167 - Instantiating new browser for Auth
2025-01-15 10:24:58,203 [INFO] DetailPanel:341 - Set advertising image to C:/Users/RND1/STM32Cube/Repository/\en.prom-stm32n6-mcu-finder.png
2025-01-15 10:24:58,504 [INFO] WebApp:448 - Apply proxy settings
2025-01-15 10:24:58,505 [INFO] WebApp:533 - Chromium requires no authentication
2025-01-15 10:24:58,515 [INFO] WebApp:476 - Direct internet connection detected
2025-01-15 10:24:58,547 [INFO] WebApp:869 - Register for checkConnection events
2025-01-15 10:24:58,547 [INFO] WebApp:448 - Apply proxy settings
2025-01-15 10:24:58,548 [INFO] WebApp:533 - Chromium requires no authentication
2025-01-15 10:24:58,548 [INFO] WebApp:476 - Direct internet connection detected
2025-01-15 10:24:58,810 [INFO] WebApp:220 - Starting web application
2025-01-15 10:24:58,810 [INFO] WebApp:578 - Web application path used C:\ST\STM32CubeIDE_1.16.1\STM32CubeIDE\plugins\com.st.stm32cube.common.mx_6.12.1.202409122256\db\plugins\mcufinder\reactClient1\index.html
2025-01-15 10:24:58,838 [INFO] WebApp:186 - Connection restablished
2025-01-15 10:24:59,034 [INFO] UserAuth:417 - Internet connection configuration mode: 1
2025-01-15 10:24:59,613 [WARN] MainUpdater:1194 - Updater busy. Cannot search thirdparties
2025-01-15 10:24:59,613 [INFO] ThirdPartyUpdaterWithRetryManager:96 - Updater plugin is busy. [3/15]
2025-01-15 10:25:02,615 [WARN] MainUpdater:1194 - Updater busy. Cannot search thirdparties
2025-01-15 10:25:02,615 [INFO] ThirdPartyUpdaterWithRetryManager:96 - Updater plugin is busy. [4/15]
2025-01-15 10:25:04,801 [WARN] PopulateThirdPartyThread:106 - Error when creating pack: C:/Users/RND1/.stm32cubemx/thirdparties/pdsc/STMicroelectronics.X-CUBE-IPS.pdsc
2025-01-15 10:25:04,816 [WARN] PackLoader:240 - Cannot read IP mode file for STMicroelectronics.X-CUBE-TOUCHGFX.4.24.2
2025-01-15 10:25:04,817 [INFO] PopulateThirdPartyThread:66 - Ending populate Thread
2025-01-15 10:25:04,817 [INFO] ThirdParty:1030 - CMSIS Pack Vendor :STMicroelectronics X-CUBE-TOUCHGFX 4.24.2
2025-01-15 10:25:04,818 [INFO] LoadServerUpdatesThread:375 - End of LoadServerUpdate Thread
2025-01-15 10:25:04,958 [INFO] CheckServerUpdateThread:120 - End of CheckServer Thread
2025-01-15 10:25:05,788 [WARN] PackLoader:240 - Cannot read IP mode file for STMicroelectronics.FP-SNS-MOTENVWB1.1.4.0
2025-01-15 10:25:05,794 [WARN] PackLoader:240 - Cannot read IP mode file for STMicroelectronics.FP-ATR-ASTRA1.2.0.1
2025-01-15 10:25:05,806 [WARN] PackLoader:240 - Cannot read IP mode file for STMicroelectronics.X-CUBE-SMBUS.2.1.0
2025-01-15 10:25:05,821 [WARN] PackLoader:240 - Cannot read IP mode file for STMicroelectronics.X-CUBE-WB05N.1.1.0
2025-01-15 10:25:05,832 [WARN] PackLoader:240 - Cannot read IP mode file for STMicroelectronics.X-CUBE-TOUCHGFX.4.23.0
2025-01-15 10:25:05,842 [WARN] PackLoader:240 - Cannot read IP mode file for STMicroelectronics.X-CUBE-TOUCHGFX.4.23.2
2025-01-15 10:25:05,875 [WARN] PackLoader:240 - Cannot read IP mode file for STMicroelectronics.X-CUBE-AZRTOS-F7.1.1.0
2025-01-15 10:25:05,890 [WARN] PackLoader:240 - Cannot read IP mode file for STMicroelectronics.FP-SNS-MOTENV1.4.3.2
2025-01-15 10:25:05,940 [WARN] PackLoader:240 - Cannot read IP mode file for STMicroelectronics.X-CUBE-MEMS1.11.0.0
2025-01-15 10:25:06,063 [WARN] PackLoader:240 - Cannot read IP mode file for STMicroelectronics.FP-SNS-FLIGHT1.5.0.2
2025-01-15 10:25:06,082 [WARN] PackLoader:240 - Cannot read IP mode file for STMicroelectronics.X-CUBE-DISPLAY.3.0.0
2025-01-15 10:25:06,097 [WARN] PackLoader:240 - Cannot read IP mode file for STMicroelectronics.X-CUBE-BLE1.7.0.0
2025-01-15 10:25:06,110 [WARN] PackLoader:240 - Cannot read IP mode file for STMicroelectronics.X-CUBE-NFC10.1.0.0
2025-01-15 10:25:06,131 [WARN] PackLoader:240 - Cannot read IP mode file for STMicroelectronics.X-CUBE-BLEMGR.4.0.0
2025-01-15 10:25:06,150 [WARN] PackLoader:240 - Cannot read IP mode file for emotas.I-CUBE-CANOPEN.1.3.0
2025-01-15 10:25:06,165 [WARN] PackLoader:240 - Cannot read IP mode file for STMicroelectronics.X-CUBE-BLEMGR.3.1.0
2025-01-15 10:25:06,178 [WARN] PackLoader:240 - Cannot read IP mode file for STMicroelectronics.FP-SNS-SMARTAG2.1.2.0
2025-01-15 10:25:06,223 [WARN] PackLoader:240 - Cannot read IP mode file for STMicroelectronics.X-CUBE-MEMS1.11.1.0
2025-01-15 10:25:06,292 [INFO] LogOutputStream:77 - [STDOUT_REDIRECT] 1 : Invalid condition id : UX_CORESTACK_Condition cause : null
2025-01-15 10:25:06,292 [INFO] LogOutputStream:77 - [STDOUT_REDIRECT] 1 : Invalid condition id : UX_CORESTACK_Condition cause : null
2025-01-15 10:25:06,293 [INFO] LogOutputStream:77 - [STDOUT_REDIRECT] 1 : Invalid condition id : UX_CORESTACK_Condition cause : null
2025-01-15 10:25:06,295 [INFO] LogOutputStream:77 - [STDOUT_REDIRECT] 1 : Invalid condition id : UX_CORESTACK_Condition cause : null
2025-01-15 10:25:06,296 [INFO] LogOutputStream:77 - [STDOUT_REDIRECT] 1 : Invalid condition id : UX_CORESTACK_Condition cause : null
2025-01-15 10:25:06,298 [WARN] PackLoader:240 - Cannot read IP mode file for STMicroelectronics.X-CUBE-AZRTOS-WL.2.0.0
2025-01-15 10:25:06,313 [WARN] PackLoader:240 - Cannot read IP mode file for STMicroelectronics.FP-SNS-MOTENV1.5.0.0
2025-01-15 10:25:06,319 [WARN] PackLoader:240 - Cannot read IP mode file for wolfSSL.I-CUBE-wolfMQTT.1.19.0
2025-01-15 10:25:06,336 [WARN] PackLoader:240 - Cannot read IP mode file for WES.I-CUBE-Cesium.1.3.0
2025-01-15 10:25:06,352 [WARN] PackLoader:240 - Cannot read IP mode file for STMicroelectronics.X-CUBE-BLE2.3.3.0
2025-01-15 10:25:06,366 [WARN] PackLoader:240 - Cannot read IP mode file for STMicroelectronics.X-CUBE-NFC9.1.0.0
2025-01-15 10:25:06,381 [WARN] PackLoader:240 - Cannot read IP mode file for STMicroelectronics.X-CUBE-TCPP.4.1.0
2025-01-15 10:25:06,396 [WARN] PackLoader:240 - Cannot read IP mode file for STMicroelectronics.X-CUBE-ALGOBUILD.1.3.0
2025-01-15 10:25:06,423 [WARN] PackLoader:240 - Cannot read IP mode file for STMicroelectronics.X-CUBE-AZRTOS-G0.1.1.0
2025-01-15 10:25:06,442 [WARN] PackLoader:240 - Cannot read IP mode file for STMicroelectronics.X-CUBE-SAFEA1.1.2.2
2025-01-15 10:25:06,458 [WARN] PackLoader:240 - Cannot read IP mode file for STMicroelectronics.X-CUBE-NFC4.3.0.0
2025-01-15 10:25:06,472 [WARN] PackLoader:240 - Cannot read IP mode file for wolfSSL.I-CUBE-wolfMQTT.1.18.0
2025-01-15 10:25:06,491 [WARN] PackLoader:240 - Cannot read IP mode file for EmbeddedOffice.I-CUBE-FS-RTOS.1.0.1
2025-01-15 10:25:06,491 [ERROR] ConditionMgr:805 - Attr not supported : Dmpu
2025-01-15 10:25:06,491 [ERROR] ConditionMgr:805 - Attr not supported : Dmpu
2025-01-15 10:25:06,491 [ERROR] ConditionMgr:805 - Attr not supported : Dmpu
2025-01-15 10:25:06,491 [ERROR] ConditionMgr:805 - Attr not supported : Dmpu
2025-01-15 10:25:06,491 [ERROR] ConditionMgr:805 - Attr not supported : Dmpu
2025-01-15 10:25:06,491 [ERROR] ConditionMgr:805 - Attr not supported : Dmpu
2025-01-15 10:25:06,492 [ERROR] ConditionMgr:805 - Attr not supported : Dmpu
2025-01-15 10:25:06,492 [ERROR] ConditionMgr:805 - Attr not supported : Dmpu
2025-01-15 10:25:06,492 [ERROR] ConditionMgr:805 - Attr not supported : Dmpu
2025-01-15 10:25:06,492 [ERROR] ConditionMgr:805 - Attr not supported : Dmpu
2025-01-15 10:25:06,492 [ERROR] ConditionMgr:805 - Attr not supported : Dmpu
2025-01-15 10:25:06,492 [ERROR] ConditionMgr:805 - Attr not supported : Dmpu
2025-01-15 10:25:06,492 [ERROR] ConditionMgr:805 - Attr not supported : Dmpu
2025-01-15 10:25:06,492 [ERROR] ConditionMgr:805 - Attr not supported : Dmpu
2025-01-15 10:25:06,492 [ERROR] ConditionMgr:805 - Attr not supported : Dmpu
2025-01-15 10:25:06,492 [ERROR] ConditionMgr:805 - Attr not supported : Dmpu
2025-01-15 10:25:06,492 [ERROR] ConditionMgr:805 - Attr not supported : Dmpu
2025-01-15 10:25:06,492 [ERROR] ConditionMgr:805 - Attr not supported : Dmpu
2025-01-15 10:25:06,492 [ERROR] ConditionMgr:805 - Attr not supported : Dmpu
2025-01-15 10:25:06,492 [ERROR] ConditionMgr:805 - Attr not supported : Dmpu
2025-01-15 10:25:06,492 [ERROR] ConditionMgr:805 - Attr not supported : Dmpu
2025-01-15 10:25:06,492 [ERROR] ConditionMgr:805 - Attr not supported : Dmpu
2025-01-15 10:25:06,492 [ERROR] ConditionMgr:805 - Attr not supported : Dmpu
2025-01-15 10:25:06,492 [ERROR] ConditionMgr:805 - Attr not supported : Dmpu
2025-01-15 10:25:06,492 [ERROR] ConditionMgr:805 - Attr not supported : Dmpu
2025-01-15 10:25:06,492 [ERROR] ConditionMgr:805 - Attr not supported : Dmpu
2025-01-15 10:25:06,492 [ERROR] ConditionMgr:805 - Attr not supported : Dmpu
2025-01-15 10:25:06,492 [ERROR] ConditionMgr:805 - Attr not supported : Dmpu
2025-01-15 10:25:06,492 [ERROR] ConditionMgr:805 - Attr not supported : Dmpu
2025-01-15 10:25:06,492 [ERROR] ConditionMgr:805 - Attr not supported : Dmpu
2025-01-15 10:25:06,492 [ERROR] ConditionMgr:805 - Attr not supported : Dmpu
2025-01-15 10:25:06,492 [ERROR] ConditionMgr:805 - Attr not supported : Dmpu
2025-01-15 10:25:06,492 [ERROR] ConditionMgr:805 - Attr not supported : Dmpu
2025-01-15 10:25:06,492 [ERROR] ConditionMgr:805 - Attr not supported : Dmpu
2025-01-15 10:25:06,492 [ERROR] ConditionMgr:805 - Attr not supported : Dmpu
2025-01-15 10:25:06,492 [ERROR] ConditionMgr:805 - Attr not supported : Dmpu
2025-01-15 10:25:06,493 [ERROR] ConditionMgr:805 - Attr not supported : Dmpu
2025-01-15 10:25:06,493 [ERROR] ConditionMgr:805 - Attr not supported : Dmpu
2025-01-15 10:25:06,493 [ERROR] ConditionMgr:805 - Attr not supported : Dmpu
2025-01-15 10:25:06,493 [ERROR] ConditionMgr:805 - Attr not supported : Dmpu
2025-01-15 10:25:06,493 [ERROR] ConditionMgr:805 - Attr not supported : Dmpu
2025-01-15 10:25:06,493 [ERROR] ConditionMgr:805 - Attr not supported : Dmpu
2025-01-15 10:25:06,493 [ERROR] ConditionMgr:805 - Attr not supported : Dmpu
2025-01-15 10:25:06,493 [ERROR] ConditionMgr:805 - Attr not supported : Dmpu
2025-01-15 10:25:06,493 [ERROR] ConditionMgr:805 - Attr not supported : Dmpu
2025-01-15 10:25:06,493 [ERROR] ConditionMgr:805 - Attr not supported : Dmpu
2025-01-15 10:25:06,493 [ERROR] ConditionMgr:805 - Attr not supported : Dmpu
2025-01-15 10:25:06,493 [ERROR] ConditionMgr:805 - Attr not supported : Dmpu
2025-01-15 10:25:06,493 [ERROR] ConditionMgr:805 - Attr not supported : Dmpu
2025-01-15 10:25:06,493 [ERROR] ConditionMgr:805 - Attr not supported : Dmpu
2025-01-15 10:25:06,493 [ERROR] ConditionMgr:805 - Attr not supported : Dmpu
2025-01-15 10:25:06,493 [ERROR] ConditionMgr:805 - Attr not supported : Dmpu
2025-01-15 10:25:06,493 [ERROR] ConditionMgr:805 - Attr not supported : Dmpu
2025-01-15 10:25:06,493 [ERROR] ConditionMgr:805 - Attr not supported : Dmpu
2025-01-15 10:25:06,493 [ERROR] ConditionMgr:805 - Attr not supported : Dmpu
2025-01-15 10:25:06,493 [ERROR] ConditionMgr:805 - Attr not supported : Dmpu
2025-01-15 10:25:06,493 [ERROR] ConditionMgr:805 - Attr not supported : Dmpu
2025-01-15 10:25:06,494 [ERROR] ConditionMgr:805 - Attr not supported : Dmpu
2025-01-15 10:25:06,494 [ERROR] ConditionMgr:805 - Attr not supported : Dmpu
2025-01-15 10:25:06,494 [ERROR] ConditionMgr:805 - Attr not supported : Dmpu
2025-01-15 10:25:06,494 [ERROR] ConditionMgr:805 - Attr not supported : Dmpu
2025-01-15 10:25:06,494 [ERROR] ConditionMgr:805 - Attr not supported : Dmpu
2025-01-15 10:25:06,494 [ERROR] ConditionMgr:805 - Attr not supported : Dmpu
2025-01-15 10:25:06,494 [ERROR] ConditionMgr:805 - Attr not supported : Dmpu
2025-01-15 10:25:06,512 [WARN] PackLoader:240 - Cannot read IP mode file for STMicroelectronics.X-CUBE-BLEMGR.3.0.0
2025-01-15 10:25:06,525 [ERROR] Engine:466 - C:\Users\RND1\.stm32cubemx\thirdparties\pdsc\STMicroelectronics.X-CUBE-TCPP.4.2.0.pdsc: PDSC version is not supported
2025-01-15 10:25:06,541 [WARN] PackLoader:240 - Cannot read IP mode file for RealThread.X-CUBE-RT-Thread_Nano.4.1.1
2025-01-15 10:25:06,546 [WARN] PackLoader:240 - Cannot read IP mode file for STMicroelectronics.FP-ATR-SIGFOX1.3.2.0
2025-01-15 10:25:06,551 [WARN] ConditionMgr:438 - getConditionDescription Invalid condition id : Cortex-A Device cause : null
2025-01-15 10:25:06,574 [WARN] ConditionMgr:1039 - genDependencies : Invalid condition id : Cortex-A Device cause : null
2025-01-15 10:25:06,574 [WARN] ConditionMgr:1039 - genDependencies : Invalid condition id : Cortex-A Device cause : null
2025-01-15 10:25:06,574 [WARN] ConditionMgr:1039 - genDependencies : Invalid condition id : Cortex-A Device cause : null
2025-01-15 10:25:06,590 [WARN] PackLoader:240 - Cannot read IP mode file for STMicroelectronics.X-CUBE-EEPRMA1.5.1.0
2025-01-15 10:25:06,621 [WARN] PackLoader:240 - Cannot read IP mode file for SEGGER.I-CUBE-embOS.1.3.1
2025-01-15 10:25:06,653 [WARN] PackLoader:240 - Cannot read IP mode file for STMicroelectronics.X-CUBE-ALGOBUILD.1.4.0
2025-01-15 10:25:06,666 [WARN] PackLoader:240 - Cannot read IP mode file for STMicroelectronics.X-CUBE-AI.9.1.0
2025-01-15 10:25:06,680 [WARN] PackLoader:240 - Cannot read IP mode file for STMicroelectronics.X-CUBE-GNSS1.6.0.0
2025-01-15 10:25:06,704 [WARN] PackLoader:240 - Cannot read IP mode file for STMicroelectronics.X-CUBE-AZRTOS-F4.1.1.0
2025-01-15 10:25:06,719 [WARN] PackLoader:240 - Cannot read IP mode file for wolfSSL.I-CUBE-wolfSSL.5.6.4
2025-01-15 10:25:06,732 [WARN] PackLoader:240 - Cannot read IP mode file for STMicroelectronics.X-CUBE-ISPU.2.1.0
2025-01-15 10:25:06,747 [WARN] PackLoader:240 - Cannot read IP mode file for STMicroelectronics.X-CUBE-FREERTOS.1.2.0
2025-01-15 10:25:06,770 [WARN] PackLoader:240 - Cannot read IP mode file for STMicroelectronics.X-CUBE-AZRTOS-L5.2.0.0
2025-01-15 10:25:06,783 [WARN] PackLoader:240 - Cannot read IP mode file for STMicroelectronics.X-CUBE-EEPRMA1.4.2.0
2025-01-15 10:25:06,797 [WARN] PackLoader:240 - Cannot read IP mode file for STMicroelectronics.X-CUBE-NFC6.3.1.0
2025-01-15 10:25:06,811 [WARN] PackLoader:240 - Cannot read IP mode file for ITTIA_DB.I-CUBE-ITTIADB.8.8.0
2025-01-15 10:25:06,825 [WARN] PackLoader:240 - Cannot read IP mode file for STMicroelectronics.X-CUBE-DPower.1.2.0
2025-01-15 10:25:06,842 [WARN] PackLoader:240 - Cannot read IP mode file for STMicroelectronics.X-CUBE-AI.9.0.0
2025-01-15 10:25:06,860 [WARN] PackLoader:240 - Cannot read IP mode file for STMicroelectronics.X-CUBE-FREERTOS.1.3.0
2025-01-15 10:25:06,878 [WARN] PackLoader:240 - Cannot read IP mode file for STMicroelectronics.X-CUBE-NFC7.1.0.1
2025-01-15 10:25:06,895 [WARN] PackLoader:240 - Cannot read IP mode file for STMicroelectronics.X-CUBE-NFC6.3.0.0
2025-01-15 10:25:06,911 [WARN] PackLoader:240 - Cannot read IP mode file for STMicroelectronics.X-CUBE-AI.8.1.0
2025-01-15 10:25:06,941 [WARN] ConditionMgr:438 - getConditionDescription Invalid condition id : LAN8742 Phy interface Condition cause : null
2025-01-15 10:25:06,942 [WARN] PackLoader:240 - Cannot read IP mode file for STMicroelectronics.X-CUBE-AZRTOS-L4.2.0.0
2025-01-15 10:25:06,943 [WARN] ConditionMgr:1039 - genDependencies : Invalid condition id : LAN8742 Phy interface Condition cause : null
2025-01-15 10:25:06,943 [WARN] ConditionMgr:1039 - genDependencies : Invalid condition id : LAN8742 Phy interface Condition cause : null
2025-01-15 10:25:06,944 [WARN] ConditionMgr:1039 - genDependencies : Invalid condition id : LAN8742 Phy interface Condition cause : null
2025-01-15 10:25:06,960 [WARN] PackLoader:240 - Cannot read IP mode file for STMicroelectronics.X-CUBE-SFXS2LP1.4.0.0
2025-01-15 10:25:06,984 [WARN] PackLoader:240 - Cannot read IP mode file for STMicroelectronics.X-CUBE-AZRTOS-H7.3.3.0
2025-01-15 10:25:07,003 [WARN] PackLoader:240 - Cannot read IP mode file for STMicroelectronics.X-CUBE-IPS.3.0.0
2025-01-15 10:25:07,031 [WARN] ConditionMgr:438 - getConditionDescription Invalid condition id : UX DEVICE CLASS RTOS Condition cause : null
2025-01-15 10:25:07,031 [WARN] ConditionMgr:438 - getConditionDescription Invalid condition id : UX DEVICE CLASS RTOS Condition cause : null
2025-01-15 10:25:07,032 [WARN] PackLoader:240 - Cannot read IP mode file for STMicroelectronics.X-CUBE-AZRTOS-WB.2.0.0
2025-01-15 10:25:07,033 [WARN] ConditionMgr:1039 - genDependencies : Invalid condition id : UX DEVICE CLASS RTOS Condition cause : null
2025-01-15 10:25:07,033 [WARN] ConditionMgr:1039 - genDependencies : Invalid condition id : UX DEVICE CLASS RTOS Condition cause : null
2025-01-15 10:25:07,033 [WARN] ConditionMgr:1039 - genDependencies : Invalid condition id : UX DEVICE CLASS RTOS Condition cause : null
2025-01-15 10:25:07,034 [WARN] ConditionMgr:1039 - genDependencies : Invalid condition id : UX DEVICE CLASS RTOS Condition cause : null
2025-01-15 10:25:07,034 [WARN] ConditionMgr:1039 - genDependencies : Invalid condition id : UX DEVICE CLASS RTOS Condition cause : null
2025-01-15 10:25:07,048 [WARN] PackLoader:240 - Cannot read IP mode file for STMicroelectronics.X-CUBE-GNSS1.7.0.0
2025-01-15 10:25:07,062 [WARN] PackLoader:240 - Cannot read IP mode file for STMicroelectronics.X-CUBE-GNSS1.7.0.1
2025-01-15 10:25:07,076 [WARN] PackLoader:240 - Cannot read IP mode file for STMicroelectronics.FP-SNS-STBOX1.2.0.0
2025-01-15 10:25:07,098 [WARN] PackLoader:240 - Cannot read IP mode file for STMicroelectronics.X-CUBE-SUBG2.5.0.0
2025-01-15 10:25:07,122 [WARN] PackLoader:240 - Cannot read IP mode file for STMicroelectronics.X-CUBE-AZRTOS-G4.2.0.0
2025-01-15 10:25:07,144 [WARN] PackLoader:240 - Cannot read IP mode file for Infineon.AIROC-Wi-Fi-Bluetooth-STM32.1.5.1
2025-01-15 10:25:07,159 [WARN] PackLoader:240 - Cannot read IP mode file for STMicroelectronics.FP-SNS-MOTENVWB1.1.3.1
2025-01-15 10:25:07,172 [WARN] PackLoader:240 - Cannot read IP mode file for STMicroelectronics.X-CUBE-ISPU.2.0.0
2025-01-15 10:25:07,175 [ERROR] Engine:466 - C:\Users\RND1\.stm32cubemx\thirdparties\pdsc\STMicroelectronics.X-CUBE-IPS.3.1.0.pdsc: PDSC version is not supported
2025-01-15 10:25:07,187 [WARN] PackLoader:240 - Cannot read IP mode file for STMicroelectronics.X-CUBE-ALS.1.0.2
2025-01-15 10:25:07,224 [WARN] PackLoader:240 - Cannot read IP mode file for STMicroelectronics.X-CUBE-MEMS1.10.0.0
2025-01-15 10:25:07,288 [WARN] PackLoader:240 - Cannot read IP mode file for STMicroelectronics.X-CUBE-FREERTOS.1.1.0
2025-01-15 10:25:07,299 [WARN] PackLoader:240 - Cannot read IP mode file for STMicroelectronics.X-CUBE-TOUCHGFX.4.24.0
2025-01-15 10:25:07,301 [WARN] PackLoader:240 - Cannot read IP mode file for STMicroelectronics.X-CUBE-TOUCHGFX.4.24.2
2025-01-15 10:25:07,313 [WARN] PackLoader:240 - Cannot read IP mode file for STMicroelectronics.X-CUBE-TOUCHGFX.4.24.1
2025-01-15 10:25:07,317 [WARN] PackLoader:240 - Cannot read IP mode file for wolfSSL.I-CUBE-wolfTPM.3.4.0
2025-01-15 10:25:07,332 [WARN] PackLoader:240 - Cannot read IP mode file for portGmbH.I-Cube-SoM-uGOAL.1.1.0
2025-01-15 10:25:07,343 [WARN] PackLoader:240 - Cannot read IP mode file for STMicroelectronics.X-CUBE-ALS.1.0.1
2025-01-15 10:25:07,367 [WARN] PackLoader:240 - Cannot read IP mode file for STMicroelectronics.X-CUBE-AZRTOS-H7RS.1.0.0
2025-01-15 10:25:07,383 [WARN] PackLoader:240 - Cannot read IP mode file for STMicroelectronics.FP-ATR-ASTRA1.2.0.0
2025-01-15 10:25:07,398 [WARN] PackLoader:240 - Cannot read IP mode file for STMicroelectronics.X-CUBE-TOF1.3.4.2
2025-01-15 10:25:07,418 [WARN] PackLoader:240 - Cannot read IP mode file for STMicroelectronics.X-CUBE-TOF1.3.4.0
2025-01-15 10:25:07,439 [WARN] PackLoader:240 - Cannot read IP mode file for STMicroelectronics.X-CUBE-TOF1.3.4.1
2025-01-15 10:25:07,470 [WARN] PackLoader:240 - Cannot read IP mode file for STMicroelectronics.X-CUBE-AZRTOS-H7.3.2.0
2025-01-15 10:25:07,476 [WARN] PackLoader:240 - Cannot read IP mode file for wolfSSL.I-CUBE-wolfSSH.1.4.17
2025-01-15 10:25:07,477 [INFO] ThirdParty:978 - Integrity check success = true
2025-01-15 10:25:07,477 [INFO] IntegrityCheckThread:100 - exiting critical section [integrity check]
2025-01-15 10:25:07,477 [INFO] IntegrityCheckThread:103 - End integrity checks thread
2025-01-15 10:25:50,634 [INFO] MainUpdater:2873 - connection check result : 10
2025-01-15 10:25:52,759 [INFO] RulesReader:64 - Compatibility file has been processed (297 Rules)
2025-01-15 10:25:52,759 [INFO] RulesReader:64 - Compatibility file has been processed (297 Rules)
2025-01-15 10:25:52,759 [INFO] MicroXplorer:468 - Change Database Path : 
2025-01-15 10:25:52,759 [INFO] MicroXplorer:498 - Change Database Version : DB.6.0.121
2025-01-15 10:25:52,776 [WARN] ThirdParty:871 - waiting for thirdparty lock release [close project]
2025-01-15 10:25:52,776 [INFO] ThirdParty:873 - entering critical section [close project]
2025-01-15 10:25:52,776 [INFO] ThirdParty:883 - exiting critical section [close project]
2025-01-15 10:25:52,776 [INFO] PinOutPanel:1561 - setPackage(No Configuration,No Configuration)
2025-01-15 10:25:52,776 [INFO] UtilMem:75 - Begin LoadConfig() Used Memory: 490281472 Bytes (588251136)
2025-01-15 10:25:52,776 [INFO] MicroXplorer:468 - Change Database Path : 
2025-01-15 10:25:52,776 [INFO] MicroXplorer:498 - Change Database Version : DB.6.0.121
2025-01-15 10:25:52,776 [INFO] OpenFileManager:332 - Change cursor
2025-01-15 10:25:52,809 [INFO] Mcu:2032 - Initializing MCU STM32H723ZGTx STM32H723ZGTx STM32H723ZGT6
2025-01-15 10:25:55,092 [INFO] Context:742 - Trying to add GPIOservice into a context  which must be forbidden
2025-01-15 10:25:55,743 [INFO] ImportTextPane:205 - (OptionalMessage_ERROR) Unable to find key (Mcu.ThirdPartyNb) in loaded IOC file
2025-01-15 10:25:55,743 [INFO] ImportTextPane:205 - (OptionalMessage_ERROR) Unable to find key (Mcu.PinsNb) in loaded IOC file
2025-01-15 10:25:55,743 [INFO] ImportTextPane:205 - (OptionalMessage_ERROR) Unable to find key (Mcu.IPNb) in loaded IOC file
2025-01-15 10:25:55,865 [INFO] RtosManager:555 - Registered RTOS mode: class=CMSIS, group=RTOS, mode=CMSIS_V1, owner=FREERTOS
2025-01-15 10:25:55,865 [INFO] RtosManager:555 - Registered RTOS mode: class=CMSIS, group=RTOS2, mode=CMSIS_V2, owner=FREERTOS
2025-01-15 10:25:55,865 [INFO] RtosManager:555 - Registered RTOS mode: class=RTOS, group=Core, mode=CMSIS_V1, owner=FREERTOS
2025-01-15 10:25:55,865 [INFO] RtosManager:555 - Registered RTOS mode: class=RTOS, group=Core, mode=CMSIS_V2, owner=FREERTOS
2025-01-15 10:25:55,865 [WARN] ModelIntegratedComponent:184 - Missing modes for component STMicroelectronics:FreeRTOS:0.0.1:STMicroelectronics:RTOS:FreeRTOS:Core:::10.2.0:
2025-01-15 10:25:55,868 [WARN] ModelIntegratedComponent:63 - No mode defined for component null
2025-01-15 10:25:55,868 [WARN] ModelIntegratedComponent:63 - No mode defined for component null
2025-01-15 10:25:55,868 [WARN] ModelIntegratedComponent:63 - No mode defined for component null
2025-01-15 10:25:55,868 [WARN] ModelIntegratedComponent:63 - No mode defined for component null
2025-01-15 10:25:55,868 [WARN] ModelIntegratedComponent:63 - No mode defined for component null
2025-01-15 10:25:55,868 [WARN] ModelIntegratedComponent:63 - No mode defined for component null
2025-01-15 10:25:55,868 [WARN] ModelIntegratedComponent:63 - No mode defined for component null
2025-01-15 10:25:55,868 [WARN] ModelIntegratedComponent:63 - No mode defined for component null
2025-01-15 10:25:55,869 [WARN] ModelIntegratedComponent:63 - No mode defined for component null
2025-01-15 10:25:55,869 [WARN] ModelIntegratedComponent:63 - No mode defined for component null
2025-01-15 10:25:55,869 [WARN] ModelIntegratedComponent:63 - No mode defined for component null
2025-01-15 10:25:55,869 [WARN] ModelIntegratedComponent:63 - No mode defined for component null
2025-01-15 10:25:55,869 [WARN] ModelIntegratedComponent:63 - No mode defined for component null
2025-01-15 10:25:55,869 [WARN] ModelIntegratedComponent:63 - No mode defined for component null
2025-01-15 10:25:55,869 [WARN] ModelIntegratedComponent:63 - No mode defined for component null
2025-01-15 10:25:55,869 [WARN] ModelIntegratedComponent:63 - No mode defined for component null
2025-01-15 10:25:55,869 [WARN] ModelIntegratedComponent:63 - No mode defined for component null
2025-01-15 10:25:55,869 [WARN] ModelIntegratedComponent:63 - No mode defined for component null
2025-01-15 10:25:55,869 [WARN] ModelIntegratedComponent:63 - No mode defined for component null
2025-01-15 10:25:55,869 [WARN] ModelIntegratedComponent:63 - No mode defined for component null
2025-01-15 10:25:55,869 [WARN] ModelIntegratedComponent:63 - No mode defined for component null
2025-01-15 10:25:55,869 [WARN] ModelIntegratedComponent:63 - No mode defined for component null
2025-01-15 10:25:55,869 [WARN] ModelIntegratedComponent:63 - No mode defined for component null
2025-01-15 10:25:55,869 [WARN] ModelIntegratedComponent:63 - No mode defined for component null
2025-01-15 10:25:55,869 [WARN] ModelIntegratedComponent:63 - No mode defined for component null
2025-01-15 10:25:55,869 [WARN] ModelIntegratedComponent:63 - No mode defined for component null
2025-01-15 10:25:55,869 [WARN] ModelIntegratedComponent:63 - No mode defined for component null
2025-01-15 10:25:55,869 [WARN] ModelIntegratedComponent:63 - No mode defined for component null
2025-01-15 10:25:55,869 [WARN] ModelIntegratedComponent:63 - No mode defined for component null
2025-01-15 10:25:55,869 [WARN] ModelIntegratedComponent:63 - No mode defined for component null
2025-01-15 10:25:55,869 [WARN] ModelIntegratedComponent:63 - No mode defined for component null
2025-01-15 10:25:55,869 [WARN] ModelIntegratedComponent:63 - No mode defined for component null
2025-01-15 10:25:55,869 [WARN] ModelIntegratedComponent:63 - No mode defined for component null
2025-01-15 10:25:55,869 [WARN] ModelIntegratedComponent:63 - No mode defined for component null
2025-01-15 10:25:55,869 [WARN] ModelIntegratedComponent:63 - No mode defined for component null
2025-01-15 10:25:55,869 [WARN] ModelPack:524 - Component already loaded: STMicroelectronics:HAL Drivers:0.0.0:STMicroelectronics:Device:STMicro_Driver:XSPI:HAL::0.0.1:HAL_XSPI
2025-01-15 10:25:55,910 [WARN] ModelIntegratedComponent:182 - Modes not found for component STMicroelectronics:USB_DEVICE:1.0.0:STMicroelectronics:USB::USB Device:Audio FS::1.0:USB_DEVICE_1_0_RESTRICTED_FS
2025-01-15 10:25:55,910 [WARN] ModelIntegratedComponent:188 - Modes not found for component STMicroelectronics:USB_DEVICE:1.0.0:STMicroelectronics:USB::USB Device:Audio FS::1.0:USB_DEVICE_1_0_RESTRICTED_FS
2025-01-15 10:25:55,910 [WARN] ModelIntegratedComponent:182 - Modes not found for component STMicroelectronics:USB_DEVICE:1.0.0:STMicroelectronics:USB::USB Device:CDC FS::1.0:USB_DEVICE_1_0_RESTRICTED_FS
2025-01-15 10:25:55,910 [WARN] ModelIntegratedComponent:188 - Modes not found for component STMicroelectronics:USB_DEVICE:1.0.0:STMicroelectronics:USB::USB Device:CDC FS::1.0:USB_DEVICE_1_0_RESTRICTED_FS
2025-01-15 10:25:55,910 [WARN] ModelIntegratedComponent:182 - Modes not found for component STMicroelectronics:USB_DEVICE:1.0.0:STMicroelectronics:USB::USB Device:DFU FS::1.0:USB_DEVICE_1_0_RESTRICTED_FS
2025-01-15 10:25:55,910 [WARN] ModelIntegratedComponent:188 - Modes not found for component STMicroelectronics:USB_DEVICE:1.0.0:STMicroelectronics:USB::USB Device:DFU FS::1.0:USB_DEVICE_1_0_RESTRICTED_FS
2025-01-15 10:25:55,910 [WARN] ModelIntegratedComponent:182 - Modes not found for component STMicroelectronics:USB_DEVICE:1.0.0:STMicroelectronics:USB::USB Device:HID FS::1.0:USB_DEVICE_1_0_RESTRICTED_FS
2025-01-15 10:25:55,910 [WARN] ModelIntegratedComponent:188 - Modes not found for component STMicroelectronics:USB_DEVICE:1.0.0:STMicroelectronics:USB::USB Device:HID FS::1.0:USB_DEVICE_1_0_RESTRICTED_FS
2025-01-15 10:25:55,911 [WARN] ModelIntegratedComponent:182 - Modes not found for component STMicroelectronics:USB_DEVICE:1.0.0:STMicroelectronics:USB::USB Device:Custom HID FS::1.0:USB_DEVICE_1_0_RESTRICTED_FS
2025-01-15 10:25:55,911 [WARN] ModelIntegratedComponent:188 - Modes not found for component STMicroelectronics:USB_DEVICE:1.0.0:STMicroelectronics:USB::USB Device:Custom HID FS::1.0:USB_DEVICE_1_0_RESTRICTED_FS
2025-01-15 10:25:55,911 [WARN] ModelIntegratedComponent:182 - Modes not found for component STMicroelectronics:USB_DEVICE:1.0.0:STMicroelectronics:USB::USB Device:MSC FS::1.0:USB_DEVICE_1_0_RESTRICTED_FS
2025-01-15 10:25:55,911 [WARN] ModelIntegratedComponent:188 - Modes not found for component STMicroelectronics:USB_DEVICE:1.0.0:STMicroelectronics:USB::USB Device:MSC FS::1.0:USB_DEVICE_1_0_RESTRICTED_FS
2025-01-15 10:25:55,918 [WARN] ModelIntegratedComponent:182 - Modes not found for component STMicroelectronics:USB_HOST:1.0.0:STMicroelectronics:USB::USB Host:Audio FS::1.0:USB_HOST_1_0_RESTRICTED_FS
2025-01-15 10:25:55,918 [WARN] ModelIntegratedComponent:188 - Modes not found for component STMicroelectronics:USB_HOST:1.0.0:STMicroelectronics:USB::USB Host:Audio FS::1.0:USB_HOST_1_0_RESTRICTED_FS
2025-01-15 10:25:55,919 [WARN] ModelIntegratedComponent:182 - Modes not found for component STMicroelectronics:USB_HOST:1.0.0:STMicroelectronics:USB::USB Host:CDC FS::1.0:USB_HOST_1_0_RESTRICTED_FS
2025-01-15 10:25:55,919 [WARN] ModelIntegratedComponent:188 - Modes not found for component STMicroelectronics:USB_HOST:1.0.0:STMicroelectronics:USB::USB Host:CDC FS::1.0:USB_HOST_1_0_RESTRICTED_FS
2025-01-15 10:25:55,919 [WARN] ModelIntegratedComponent:182 - Modes not found for component STMicroelectronics:USB_HOST:1.0.0:STMicroelectronics:USB::USB Host:MSC FS::1.0:USB_HOST_1_0_RESTRICTED_FS
2025-01-15 10:25:55,919 [WARN] ModelIntegratedComponent:188 - Modes not found for component STMicroelectronics:USB_HOST:1.0.0:STMicroelectronics:USB::USB Host:MSC FS::1.0:USB_HOST_1_0_RESTRICTED_FS
2025-01-15 10:25:55,919 [WARN] ModelIntegratedComponent:182 - Modes not found for component STMicroelectronics:USB_HOST:1.0.0:STMicroelectronics:USB::USB Host:HID FS::1.0:USB_HOST_1_0_RESTRICTED_FS
2025-01-15 10:25:55,919 [WARN] ModelIntegratedComponent:188 - Modes not found for component STMicroelectronics:USB_HOST:1.0.0:STMicroelectronics:USB::USB Host:HID FS::1.0:USB_HOST_1_0_RESTRICTED_FS
2025-01-15 10:25:55,919 [WARN] ModelIntegratedComponent:182 - Modes not found for component STMicroelectronics:USB_HOST:1.0.0:STMicroelectronics:USB::USB Host:MTP FS::1.0:USB_HOST_1_0_RESTRICTED_FS
2025-01-15 10:25:55,919 [WARN] ModelIntegratedComponent:188 - Modes not found for component STMicroelectronics:USB_HOST:1.0.0:STMicroelectronics:USB::USB Host:MTP FS::1.0:USB_HOST_1_0_RESTRICTED_FS
2025-01-15 10:25:55,975 [INFO] ThirdPartyModel:298 - Start build external matchings
2025-01-15 10:25:56,726 [INFO] ThirdPartyModel:316 - End build external matchings
2025-01-15 10:25:57,112 [INFO] UtilMem:75 - End LoadConfig() Used Memory: 454115904 Bytes (780140544)
2025-01-15 10:25:57,130 [WARN] ThirdParty:833 - waiting for thirdparty lock release [change project]
2025-01-15 10:25:57,130 [INFO] ThirdParty:835 - entering critical section [change project]
2025-01-15 10:25:57,130 [INFO] ThirdParty:1030 - CMSIS Pack Vendor :STMicroelectronics USBPD 4.1
2025-01-15 10:25:57,130 [INFO] ThirdParty:1030 - CMSIS Pack Vendor :STMicroelectronics X-CUBE-GNSS1 6.0.0
2025-01-15 10:25:57,130 [INFO] ThirdParty:1030 - CMSIS Pack Vendor :STMicroelectronics USB_HOST 2.0.0
2025-01-15 10:25:57,130 [INFO] ThirdParty:1030 - CMSIS Pack Vendor :STMicroelectronics FP-SNS-MOTENVWB1 1.4.0
2025-01-15 10:25:57,130 [INFO] ThirdParty:1030 - CMSIS Pack Vendor :STMicroelectronics X-CUBE-AZRTOS-F4 1.1.0
2025-01-15 10:25:57,130 [INFO] ThirdParty:1030 - CMSIS Pack Vendor :STMicroelectronics LIBJPEG 8.0.0
2025-01-15 10:25:57,130 [INFO] ThirdParty:1030 - CMSIS Pack Vendor :wolfSSL I-CUBE-wolfSSL 5.6.4
2025-01-15 10:25:57,130 [INFO] ThirdParty:1030 - CMSIS Pack Vendor :STMicroelectronics FP-ATR-ASTRA1 2.0.1
2025-01-15 10:25:57,130 [INFO] ThirdParty:1030 - CMSIS Pack Vendor :STMicroelectronics X-CUBE-SMBUS 2.1.0
2025-01-15 10:25:57,130 [INFO] ThirdParty:1030 - CMSIS Pack Vendor :STMicroelectronics X-CUBE-WB05N 1.1.0
2025-01-15 10:25:57,130 [INFO] ThirdParty:1030 - CMSIS Pack Vendor :STMicroelectronics X-CUBE-ISPU 2.1.0
2025-01-15 10:25:57,130 [INFO] ThirdParty:1030 - CMSIS Pack Vendor :STMicroelectronics X-CUBE-FREERTOS 1.2.0
2025-01-15 10:25:57,130 [INFO] ThirdParty:1030 - CMSIS Pack Vendor :STMicroelectronics X-CUBE-TOUCHGFX 4.23.0
2025-01-15 10:25:57,130 [INFO] ThirdParty:1030 - CMSIS Pack Vendor :STMicroelectronics X-CUBE-TOUCHGFX 4.23.2
2025-01-15 10:25:57,130 [INFO] ThirdParty:1030 - CMSIS Pack Vendor :STMicroelectronics X-CUBE-AZRTOS-F7 1.1.0
2025-01-15 10:25:57,130 [INFO] ThirdParty:1030 - CMSIS Pack Vendor :STMicroelectronics X-CUBE-AZRTOS-L5 2.0.0
2025-01-15 10:25:57,130 [INFO] ThirdParty:1030 - CMSIS Pack Vendor :STMicroelectronics USB_DEVICE 2.0.0
2025-01-15 10:25:57,130 [INFO] ThirdParty:1030 - CMSIS Pack Vendor :STMicroelectronics X-CUBE-EEPRMA1 4.2.0
2025-01-15 10:25:57,130 [INFO] ThirdParty:1030 - CMSIS Pack Vendor :STMicroelectronics X-CUBE-NFC6 3.1.0
2025-01-15 10:25:57,130 [INFO] ThirdParty:1030 - CMSIS Pack Vendor :ITTIA_DB I-CUBE-ITTIADB 8.8.0
2025-01-15 10:25:57,130 [INFO] ThirdParty:1030 - CMSIS Pack Vendor :STMicroelectronics FP-SNS-MOTENV1 4.3.2
2025-01-15 10:25:57,130 [INFO] ThirdParty:1030 - CMSIS Pack Vendor :STMicroelectronics X-CUBE-MEMS1 11.0.0
2025-01-15 10:25:57,130 [INFO] ThirdParty:1030 - CMSIS Pack Vendor :STMicroelectronics FreeRTOS 0.0.1
2025-01-15 10:25:57,130 [INFO] ThirdParty:1030 - CMSIS Pack Vendor :STMicroelectronics X-CUBE-DPower 1.2.0
2025-01-15 10:25:57,130 [INFO] ThirdParty:1030 - CMSIS Pack Vendor :STMicroelectronics FP-SNS-FLIGHT1 5.0.2
2025-01-15 10:25:57,130 [INFO] ThirdParty:1030 - CMSIS Pack Vendor :STMicroelectronics X-CUBE-AI 9.0.0
2025-01-15 10:25:57,130 [INFO] ThirdParty:1030 - CMSIS Pack Vendor :STMicroelectronics PDM2PCM 3.3.0
2025-01-15 10:25:57,130 [INFO] ThirdParty:1030 - CMSIS Pack Vendor :STMicroelectronics X-CUBE-DISPLAY 3.0.0
2025-01-15 10:25:57,130 [INFO] ThirdParty:1030 - CMSIS Pack Vendor :STMicroelectronics X-CUBE-BLE1 7.0.0
2025-01-15 10:25:57,130 [INFO] ThirdParty:1030 - CMSIS Pack Vendor :STMicroelectronics X-CUBE-NFC10 1.0.0
2025-01-15 10:25:57,130 [INFO] ThirdParty:1030 - CMSIS Pack Vendor :STMicroelectronics X-CUBE-BLEMGR 4.0.0
2025-01-15 10:25:57,130 [INFO] ThirdParty:1030 - CMSIS Pack Vendor :STMicroelectronics HAL Drivers 0.0.0
2025-01-15 10:25:57,130 [INFO] ThirdParty:1030 - CMSIS Pack Vendor :emotas I-CUBE-CANOPEN 1.3.0
2025-01-15 10:25:57,130 [INFO] ThirdParty:1030 - CMSIS Pack Vendor :STMicroelectronics X-CUBE-FREERTOS 1.3.0
2025-01-15 10:25:57,130 [INFO] ThirdParty:1030 - CMSIS Pack Vendor :STMicroelectronics X-CUBE-NFC7 1.0.1
2025-01-15 10:25:57,130 [INFO] ThirdParty:1030 - CMSIS Pack Vendor :STMicroelectronics MBEDTLS 2.14.1
2025-01-15 10:25:57,130 [INFO] ThirdParty:1030 - CMSIS Pack Vendor :STMicroelectronics X-CUBE-NFC6 3.0.0
2025-01-15 10:25:57,130 [INFO] ThirdParty:1030 - CMSIS Pack Vendor :STMicroelectronics X-CUBE-BLEMGR 3.1.0
2025-01-15 10:25:57,130 [INFO] ThirdParty:1030 - CMSIS Pack Vendor :STMicroelectronics FP-SNS-SMARTAG2 1.2.0
2025-01-15 10:25:57,130 [INFO] ThirdParty:1030 - CMSIS Pack Vendor :STMicroelectronics X-CUBE-MEMS1 11.1.0
2025-01-15 10:25:57,130 [INFO] ThirdParty:1030 - CMSIS Pack Vendor :STMicroelectronics X-CUBE-AZRTOS-WL 2.0.0
2025-01-15 10:25:57,130 [INFO] ThirdParty:1030 - CMSIS Pack Vendor :STMicroelectronics FP-SNS-MOTENV1 5.0.0
2025-01-15 10:25:57,130 [INFO] ThirdParty:1030 - CMSIS Pack Vendor :STMicroelectronics USB_DEVICE 1.0.0
2025-01-15 10:25:57,130 [INFO] ThirdParty:1030 - CMSIS Pack Vendor :STMicroelectronics X-CUBE-AI 8.1.0
2025-01-15 10:25:57,130 [INFO] ThirdParty:1030 - CMSIS Pack Vendor :wolfSSL I-CUBE-wolfMQTT 1.19.0
2025-01-15 10:25:57,130 [INFO] ThirdParty:1030 - CMSIS Pack Vendor :STMicroelectronics X-CUBE-AZRTOS-L4 2.0.0
2025-01-15 10:25:57,130 [INFO] ThirdParty:1030 - CMSIS Pack Vendor :STMicroelectronics ThreadX 0.0.2
2025-01-15 10:25:57,130 [INFO] ThirdParty:1030 - CMSIS Pack Vendor :WES I-CUBE-Cesium 1.3.0
2025-01-15 10:25:57,130 [INFO] ThirdParty:1030 - CMSIS Pack Vendor :STMicroelectronics lwIP 2.1.2
2025-01-15 10:25:57,131 [INFO] ThirdParty:1030 - CMSIS Pack Vendor :STMicroelectronics X-CUBE-SFXS2LP1 4.0.0
2025-01-15 10:25:57,131 [INFO] ThirdParty:1030 - CMSIS Pack Vendor :STMicroelectronics X-CUBE-BLE2 3.3.0
2025-01-15 10:25:57,131 [INFO] ThirdParty:1030 - CMSIS Pack Vendor :STMicroelectronics PDM2PCM 3.2.0
2025-01-15 10:25:57,131 [INFO] ThirdParty:1030 - CMSIS Pack Vendor :STMicroelectronics X-CUBE-AZRTOS-H7 3.3.0
2025-01-15 10:25:57,131 [INFO] ThirdParty:1030 - CMSIS Pack Vendor :STMicroelectronics X-CUBE-NFC9 1.0.0
2025-01-15 10:25:57,131 [INFO] ThirdParty:1030 - CMSIS Pack Vendor :STMicroelectronics USB_DEVICE 3.0.0
2025-01-15 10:25:57,131 [INFO] ThirdParty:1030 - CMSIS Pack Vendor :STMicroelectronics X-CUBE-TCPP 4.1.0
2025-01-15 10:25:57,131 [INFO] ThirdParty:1030 - CMSIS Pack Vendor :STMicroelectronics X-CUBE-IPS 3.0.0
2025-01-15 10:25:57,131 [INFO] ThirdParty:1030 - CMSIS Pack Vendor :STMicroelectronics X-CUBE-AZRTOS-WB 2.0.0
2025-01-15 10:25:57,131 [INFO] ThirdParty:1030 - CMSIS Pack Vendor :STMicroelectronics X-CUBE-GNSS1 7.0.0
2025-01-15 10:25:57,131 [INFO] ThirdParty:1030 - CMSIS Pack Vendor :STMicroelectronics X-CUBE-GNSS1 7.0.1
2025-01-15 10:25:57,131 [INFO] ThirdParty:1030 - CMSIS Pack Vendor :STMicroelectronics FP-SNS-STBOX1 2.0.0
2025-01-15 10:25:57,131 [INFO] ThirdParty:1030 - CMSIS Pack Vendor :STMicroelectronics X-CUBE-ALGOBUILD 1.3.0
2025-01-15 10:25:57,131 [INFO] ThirdParty:1030 - CMSIS Pack Vendor :STMicroelectronics X-CUBE-AZRTOS-G0 1.1.0
2025-01-15 10:25:57,131 [INFO] ThirdParty:1030 - CMSIS Pack Vendor :STMicroelectronics X-CUBE-SAFEA1 1.2.2
2025-01-15 10:25:57,131 [INFO] ThirdParty:1030 - CMSIS Pack Vendor :STMicroelectronics X-CUBE-NFC4 3.0.0
2025-01-15 10:25:57,131 [INFO] ThirdParty:1030 - CMSIS Pack Vendor :STMicroelectronics X-CUBE-SUBG2 5.0.0
2025-01-15 10:25:57,131 [INFO] ThirdParty:1030 - CMSIS Pack Vendor :STMicroelectronics STM32_WPAN 1.0.0
2025-01-15 10:25:57,131 [INFO] ThirdParty:1030 - CMSIS Pack Vendor :wolfSSL I-CUBE-wolfMQTT 1.18.0
2025-01-15 10:25:57,131 [INFO] ThirdParty:1030 - CMSIS Pack Vendor :EmbeddedOffice I-CUBE-FS-RTOS 1.0.1
2025-01-15 10:25:57,131 [INFO] ThirdParty:1030 - CMSIS Pack Vendor :STMicroelectronics lwIP 2.0.3
2025-01-15 10:25:57,131 [INFO] ThirdParty:1030 - CMSIS Pack Vendor :STMicroelectronics USB_HOST 1.0.0
2025-01-15 10:25:57,131 [INFO] ThirdParty:1030 - CMSIS Pack Vendor :STMicroelectronics X-CUBE-AZRTOS-G4 2.0.0
2025-01-15 10:25:57,131 [INFO] ThirdParty:1030 - CMSIS Pack Vendor :STMicroelectronics PDM2PCM 3.1.0
2025-01-15 10:25:57,131 [INFO] ThirdParty:1030 - CMSIS Pack Vendor :Infineon AIROC-Wi-Fi-Bluetooth-STM32 1.5.1
2025-01-15 10:25:57,131 [INFO] ThirdParty:1030 - CMSIS Pack Vendor :STMicroelectronics X-CUBE-BLEMGR 3.0.0
2025-01-15 10:25:57,131 [INFO] ThirdParty:1030 - CMSIS Pack Vendor :RealThread X-CUBE-RT-Thread_Nano 4.1.1
2025-01-15 10:25:57,131 [INFO] ThirdParty:1030 - CMSIS Pack Vendor :STMicroelectronics FP-SNS-MOTENVWB1 1.3.1
2025-01-15 10:25:57,131 [INFO] ThirdParty:1030 - CMSIS Pack Vendor :STMicroelectronics FP-ATR-SIGFOX1 3.2.0
2025-01-15 10:25:57,131 [INFO] ThirdParty:1030 - CMSIS Pack Vendor :quantropi X-CUBE-qispace-sdk-base 1.9.3
2025-01-15 10:25:57,131 [INFO] ThirdParty:1030 - CMSIS Pack Vendor :STMicroelectronics X-CUBE-ISPU 2.0.0
2025-01-15 10:25:57,131 [INFO] ThirdParty:1030 - CMSIS Pack Vendor :STMicroelectronics X-CUBE-EEPRMA1 5.1.0
2025-01-15 10:25:57,131 [INFO] ThirdParty:1030 - CMSIS Pack Vendor :STMicroelectronics MBEDTLS 2.16.2
2025-01-15 10:25:57,131 [INFO] ThirdParty:1030 - CMSIS Pack Vendor :STMicroelectronics X-CUBE-ALS 1.0.2
2025-01-15 10:25:57,131 [INFO] ThirdParty:1030 - CMSIS Pack Vendor :STMicroelectronics X-CUBE-MEMS1 10.0.0
2025-01-15 10:25:57,131 [INFO] ThirdParty:1030 - CMSIS Pack Vendor :STMicroelectronics X-CUBE-FREERTOS 1.1.0
2025-01-15 10:25:57,131 [INFO] ThirdParty:1030 - CMSIS Pack Vendor :STMicroelectronics X-CUBE-TOUCHGFX 4.24.0
2025-01-15 10:25:57,131 [INFO] ThirdParty:1030 - CMSIS Pack Vendor :STMicroelectronics X-CUBE-TOUCHGFX 4.24.2
2025-01-15 10:25:57,131 [INFO] ThirdParty:1030 - CMSIS Pack Vendor :STMicroelectronics X-CUBE-TOUCHGFX 4.24.1
2025-01-15 10:25:57,131 [INFO] ThirdParty:1030 - CMSIS Pack Vendor :wolfSSL I-CUBE-wolfTPM 3.4.0
2025-01-15 10:25:57,131 [INFO] ThirdParty:1030 - CMSIS Pack Vendor :portGmbH I-Cube-SoM-uGOAL 1.1.0
2025-01-15 10:25:57,131 [INFO] ThirdParty:1030 - CMSIS Pack Vendor :STMicroelectronics X-CUBE-ALS 1.0.1
2025-01-15 10:25:57,131 [INFO] ThirdParty:1030 - CMSIS Pack Vendor :STMicroelectronics ThreadX 1.0.0
2025-01-15 10:25:57,131 [INFO] ThirdParty:1030 - CMSIS Pack Vendor :SEGGER I-CUBE-embOS 1.3.1
2025-01-15 10:25:57,131 [INFO] ThirdParty:1030 - CMSIS Pack Vendor :STMicroelectronics X-CUBE-ALGOBUILD 1.4.0
2025-01-15 10:25:57,131 [INFO] ThirdParty:1030 - CMSIS Pack Vendor :STMicroelectronics X-CUBE-AZRTOS-H7RS 1.0.0
2025-01-15 10:25:57,131 [INFO] ThirdParty:1030 - CMSIS Pack Vendor :STMicroelectronics FP-ATR-ASTRA1 2.0.0
2025-01-15 10:25:57,131 [INFO] ThirdParty:1030 - CMSIS Pack Vendor :STMicroelectronics X-CUBE-TOF1 3.4.2
2025-01-15 10:25:57,131 [INFO] ThirdParty:1030 - CMSIS Pack Vendor :STMicroelectronics X-CUBE-AI 9.1.0
2025-01-15 10:25:57,131 [INFO] ThirdParty:1030 - CMSIS Pack Vendor :STMicroelectronics X-CUBE-TOF1 3.4.0
2025-01-15 10:25:57,131 [INFO] ThirdParty:1030 - CMSIS Pack Vendor :STMicroelectronics X-CUBE-TOF1 3.4.1
2025-01-15 10:25:57,131 [INFO] ThirdParty:1030 - CMSIS Pack Vendor :STMicroelectronics X-CUBE-AZRTOS-H7 3.2.0
2025-01-15 10:25:57,131 [INFO] ThirdParty:1030 - CMSIS Pack Vendor :wolfSSL I-CUBE-wolfSSH 1.4.17
2025-01-15 10:25:57,131 [INFO] ThirdParty:841 - exiting critical section [change project]
2025-01-15 10:25:57,437 [INFO] PinOutPanel:1561 - setPackage(No Configuration,No Configuration)
2025-01-15 10:25:57,437 [INFO] PinOutPanel:1561 - setPackage(STM32H723ZGTx,LQFP144)
2025-01-15 10:25:57,882 [INFO] UtilMem:75 - Before build in PCC Used Memory: 414134544 Bytes (780140544)
2025-01-15 10:25:58,843 [INFO] UtilMem:75 - After build in PCC Used Memory: 472907776 Bytes (838860800)
2025-01-15 10:25:58,864 [INFO] IPUIPlugin:80 - create IPUIPlugin
2025-01-15 10:25:58,864 [INFO] IPUIPlugin:80 - create IPUIPlugin
2025-01-15 10:25:58,864 [INFO] IPUIPlugin:80 - create IPUIPlugin
2025-01-15 10:25:58,864 [INFO] IPUIPlugin:80 - create IPUIPlugin
2025-01-15 10:25:58,864 [INFO] IPUIPlugin:80 - create IPUIPlugin
2025-01-15 10:25:58,864 [INFO] IPUIPlugin:80 - create IPUIPlugin
2025-01-15 10:25:58,864 [INFO] IPUIPlugin:80 - create IPUIPlugin
2025-01-15 10:25:58,864 [INFO] IPUIPlugin:80 - create IPUIPlugin
2025-01-15 10:25:58,864 [INFO] IPUIPlugin:80 - create IPUIPlugin
2025-01-15 10:25:58,864 [INFO] IPUIPlugin:80 - create IPUIPlugin
2025-01-15 10:25:58,864 [INFO] IPUIPlugin:80 - create IPUIPlugin
2025-01-15 10:25:58,864 [INFO] IPUIPlugin:80 - create IPUIPlugin
2025-01-15 10:25:58,864 [INFO] IPUIPlugin:80 - create IPUIPlugin
2025-01-15 10:25:58,864 [INFO] IPUIPlugin:80 - create IPUIPlugin
2025-01-15 10:25:58,865 [INFO] IPUIPlugin:80 - create IPUIPlugin
2025-01-15 10:25:58,865 [INFO] IPUIPlugin:80 - create IPUIPlugin
2025-01-15 10:25:58,865 [INFO] IPUIPlugin:80 - create IPUIPlugin
2025-01-15 10:25:58,865 [INFO] IPUIPlugin:80 - create IPUIPlugin
2025-01-15 10:25:58,865 [INFO] IPUIPlugin:80 - create IPUIPlugin
2025-01-15 10:25:58,865 [INFO] IPUIPlugin:80 - create IPUIPlugin
2025-01-15 10:25:58,865 [INFO] IPUIPlugin:80 - create IPUIPlugin
2025-01-15 10:25:58,865 [INFO] IPUIPlugin:80 - create IPUIPlugin
2025-01-15 10:25:58,865 [INFO] IPUIPlugin:80 - create IPUIPlugin
2025-01-15 10:25:58,865 [INFO] IPUIPlugin:80 - create IPUIPlugin
2025-01-15 10:25:58,865 [INFO] IPUIPlugin:80 - create IPUIPlugin
2025-01-15 10:25:58,865 [INFO] IPUIPlugin:80 - create IPUIPlugin
2025-01-15 10:25:58,865 [INFO] IPUIPlugin:80 - create IPUIPlugin
2025-01-15 10:25:58,865 [INFO] IPUIPlugin:80 - create IPUIPlugin
2025-01-15 10:25:58,865 [INFO] IPUIPlugin:80 - create IPUIPlugin
2025-01-15 10:25:58,865 [INFO] IPUIPlugin:80 - create IPUIPlugin
2025-01-15 10:25:58,865 [INFO] IPUIPlugin:80 - create IPUIPlugin
2025-01-15 10:25:58,865 [INFO] IPUIPlugin:80 - create IPUIPlugin
2025-01-15 10:25:58,865 [INFO] IPUIPlugin:80 - create IPUIPlugin
2025-01-15 10:25:58,866 [INFO] IPUIPlugin:80 - create IPUIPlugin
2025-01-15 10:25:58,866 [INFO] IPUIPlugin:80 - create IPUIPlugin
2025-01-15 10:25:58,866 [INFO] IPUIPlugin:80 - create IPUIPlugin
2025-01-15 10:25:58,866 [INFO] IPUIPlugin:80 - create IPUIPlugin
2025-01-15 10:25:58,866 [INFO] IPUIPlugin:80 - create IPUIPlugin
2025-01-15 10:25:58,866 [INFO] IPUIPlugin:80 - create IPUIPlugin
2025-01-15 10:25:58,867 [INFO] IPUIPlugin:80 - create IPUIPlugin
2025-01-15 10:25:58,867 [INFO] IPUIPlugin:80 - create IPUIPlugin
2025-01-15 10:25:58,867 [INFO] IPUIPlugin:80 - create IPUIPlugin
2025-01-15 10:25:58,867 [INFO] IPUIPlugin:80 - create IPUIPlugin
2025-01-15 10:25:58,867 [INFO] IPUIPlugin:80 - create IPUIPlugin
2025-01-15 10:25:58,868 [INFO] IPUIPlugin:80 - create IPUIPlugin
2025-01-15 10:25:58,868 [INFO] IPUIPlugin:80 - create IPUIPlugin
2025-01-15 10:25:58,868 [INFO] IPUIPlugin:80 - create IPUIPlugin
2025-01-15 10:25:58,868 [INFO] IPUIPlugin:80 - create IPUIPlugin
2025-01-15 10:25:58,868 [INFO] IPUIPlugin:80 - create IPUIPlugin
2025-01-15 10:25:58,868 [INFO] IPUIPlugin:80 - create IPUIPlugin
2025-01-15 10:25:58,868 [INFO] IPUIPlugin:80 - create IPUIPlugin
2025-01-15 10:25:58,868 [INFO] IPUIPlugin:80 - create IPUIPlugin
2025-01-15 10:25:58,868 [INFO] IPUIPlugin:80 - create IPUIPlugin
2025-01-15 10:25:58,869 [INFO] IPUIPlugin:80 - create IPUIPlugin
2025-01-15 10:25:58,869 [INFO] IPUIPlugin:80 - create IPUIPlugin
2025-01-15 10:25:58,869 [INFO] IPUIPlugin:80 - create IPUIPlugin
2025-01-15 10:25:58,869 [INFO] IPUIPlugin:80 - create IPUIPlugin
2025-01-15 10:25:58,869 [INFO] IPUIPlugin:80 - create IPUIPlugin
2025-01-15 10:25:58,869 [INFO] IPUIPlugin:80 - create IPUIPlugin
2025-01-15 10:25:58,869 [INFO] IPUIPlugin:80 - create IPUIPlugin
2025-01-15 10:25:58,869 [INFO] IPUIPlugin:80 - create IPUIPlugin
2025-01-15 10:25:58,870 [INFO] IPUIPlugin:80 - create IPUIPlugin
2025-01-15 10:25:58,870 [INFO] IPUIPlugin:80 - create IPUIPlugin
2025-01-15 10:25:58,870 [INFO] IPUIPlugin:80 - create IPUIPlugin
2025-01-15 10:25:58,870 [INFO] IPUIPlugin:80 - create IPUIPlugin
2025-01-15 10:25:58,870 [INFO] IPUIPlugin:80 - create IPUIPlugin
2025-01-15 10:25:58,870 [INFO] IPUIPlugin:80 - create IPUIPlugin
2025-01-15 10:25:58,870 [INFO] IPUIPlugin:80 - create IPUIPlugin
2025-01-15 10:25:58,871 [INFO] IPUIPlugin:80 - create IPUIPlugin
2025-01-15 10:25:58,871 [INFO] IPUIPlugin:80 - create IPUIPlugin
2025-01-15 10:25:58,871 [INFO] IPUIPlugin:80 - create IPUIPlugin
2025-01-15 10:25:58,871 [INFO] IPUIPlugin:80 - create IPUIPlugin
2025-01-15 10:25:58,871 [INFO] IPUIPlugin:80 - create IPUIPlugin
2025-01-15 10:25:58,871 [INFO] IPUIPlugin:80 - create IPUIPlugin
2025-01-15 10:25:58,871 [INFO] IPUIPlugin:80 - create IPUIPlugin
2025-01-15 10:25:58,872 [INFO] IPUIPlugin:80 - create IPUIPlugin
2025-01-15 10:25:58,872 [INFO] IPUIPlugin:80 - create IPUIPlugin
2025-01-15 10:25:58,872 [INFO] IPUIPlugin:80 - create IPUIPlugin
2025-01-15 10:25:58,872 [INFO] IPUIPlugin:80 - create IPUIPlugin
2025-01-15 10:25:58,872 [INFO] IPUIPlugin:80 - create IPUIPlugin
2025-01-15 10:25:58,872 [INFO] IPUIPlugin:80 - create IPUIPlugin
2025-01-15 10:25:58,873 [INFO] IPUIPlugin:80 - create IPUIPlugin
2025-01-15 10:25:58,873 [INFO] IPUIPlugin:80 - create IPUIPlugin
2025-01-15 10:25:58,873 [INFO] IPUIPlugin:80 - create IPUIPlugin
2025-01-15 10:25:58,873 [INFO] IPUIPlugin:80 - create IPUIPlugin
2025-01-15 10:25:58,873 [INFO] IPUIPlugin:80 - create IPUIPlugin
2025-01-15 10:25:58,874 [INFO] IPUIPlugin:80 - create IPUIPlugin
2025-01-15 10:25:58,874 [INFO] IPUIPlugin:80 - create IPUIPlugin
2025-01-15 10:25:58,874 [INFO] IPUIPlugin:80 - create IPUIPlugin
2025-01-15 10:25:58,875 [INFO] IPUIPlugin:80 - create IPUIPlugin
2025-01-15 10:25:58,875 [INFO] IPUIPlugin:80 - create IPUIPlugin
2025-01-15 10:25:58,875 [INFO] IPUIPlugin:80 - create IPUIPlugin
2025-01-15 10:25:58,876 [INFO] IPUIPlugin:80 - create IPUIPlugin
2025-01-15 10:25:58,876 [INFO] IPUIPlugin:80 - create IPUIPlugin
2025-01-15 10:25:58,876 [INFO] IPUIPlugin:80 - create IPUIPlugin
2025-01-15 10:25:58,876 [INFO] IPUIPlugin:80 - create IPUIPlugin
2025-01-15 10:25:58,876 [INFO] IPUIPlugin:80 - create IPUIPlugin
2025-01-15 10:25:58,877 [INFO] IPUIPlugin:80 - create IPUIPlugin
2025-01-15 10:25:58,877 [INFO] IPUIPlugin:80 - create IPUIPlugin
2025-01-15 10:25:58,877 [INFO] IPUIPlugin:80 - create IPUIPlugin
2025-01-15 10:25:58,877 [INFO] IPUIPlugin:80 - create IPUIPlugin
2025-01-15 10:25:58,878 [INFO] IPUIPlugin:80 - create IPUIPlugin
2025-01-15 10:25:58,878 [INFO] IPUIPlugin:80 - create IPUIPlugin
2025-01-15 10:25:58,878 [INFO] IPUIPlugin:80 - create IPUIPlugin
2025-01-15 10:25:58,878 [INFO] IPUIPlugin:80 - create IPUIPlugin
2025-01-15 10:25:58,879 [INFO] IPUIPlugin:80 - create IPUIPlugin
2025-01-15 10:25:58,937 [INFO] ApiDbMcu:508 - Load IP Config File for PDM2PCM
2025-01-15 10:25:59,041 [INFO] CADModel:165 - CPN selected for project levelSTM32H723ZGT6
2025-01-15 10:25:59,042 [INFO] CADModel:114 - Register for checkConnection events
2025-01-15 10:25:59,083 [INFO] OpenFileManager:363 - Restore cursor
2025-01-15 10:25:59,485 [INFO] UtilMem:75 - End SaveConfig() Used Memory: 462943984 Bytes (838860800)
2025-01-15 10:25:59,539 [WARN] Context:815 - Trying to set MEMORYMAP twice on same context Cortex-M7NS
2025-01-15 10:26:01,647 [INFO] ServerAccessManage:473 - Download File stm32cube_fw_h7_v1110.zip
2025-01-15 10:29:51,860 [INFO] AnalyticsPlugin:368 - Accepted License(s): [FW.H7.1.11.0]
2025-01-15 10:29:51,860 [INFO] FileExtend:240 - Unzip File : stm32cube_fw_h7_v1110.zip
2025-01-15 10:29:51,860 [INFO] FileExtend:255 - Standard Zip Deflate
2025-01-15 10:30:53,501 [INFO] ServerAccessManage:473 - Download File stm32cube_fw_h7_v1112.zip
2025-01-15 10:36:32,989 [INFO] McuFinderGlobals:76 - Set McuFinderConnectedMode to true
2025-01-15 10:36:32,993 [INFO] ApiDb:448 - Save user favorites file C:\Users\RND1/.stm32cubeide/favorites.mcus.txt: 0 item(s)
2025-01-15 10:36:32,993 [INFO] ApiDb:452 - User favorites MCUs=[]
2025-01-15 10:36:34,895 [ERROR] ServerAccessManage:651 - User Cancel Download : stm32cube_fw_h7_v1112.zip.
2025-01-15 10:36:35,008 [INFO] LoadServerPackagesThread:196 - End of LoadServerPackages Thread
2025-01-15 10:36:35,180 [INFO] ThirdPartyModel:298 - Start build external matchings
2025-01-15 10:36:35,745 [ERROR] ConfigurationRetriever:142 - IOException on connection: Read timed out
2025-01-15 10:36:36,009 [INFO] ThirdPartyModel:316 - End build external matchings
2025-01-15 10:36:36,019 [INFO] CheckServerUpdateThread:120 - End of CheckServer Thread
2025-01-15 10:36:37,747 [ERROR] ConfigurationRetriever:142 - IOException on connection: Connect timed out
2025-01-15 10:36:40,005 [ERROR] ConfigurationRetriever:142 - IOException on connection: Read timed out
2025-01-15 10:36:51,154 [ERROR] ConfigurationRetriever:142 - IOException on connection: Read timed out
2025-01-15 10:36:52,214 [ERROR] LogOutputStream:75 - [STDERR_REDIRECT] 
