2025-06-23 14:48:26,141 [INFO] Activator:176 - 


2025-06-23 14:48:26,147 [INFO] Activator:177 - !SESSION log4j initialized
2025-06-23 14:48:32,525 [INFO] LogOutputStream:77 - [STDOUT_REDIRECT] 
2025-06-23 14:48:39,856 [INFO] ApplicationProperties:184 - Using Application install path: C:\ST\STM32CubeIDE_1.16.1\STM32CubeIDE\plugins\com.st.stm32cube.common.mx_6.12.1.202409122256
2025-06-23 14:48:39,873 [INFO] DbMcusXml:78 - Set database path to: C:\ST\STM32CubeIDE_1.16.1\STM32CubeIDE\plugins\com.st.stm32cube.common.mx_6.12.1.202409122256\\db\/mcu/
2025-06-23 14:48:39,873 [INFO] ApiDb:274 - Set plugin database path to: C:\ST\STM32CubeIDE_1.16.1\STM32CubeIDE\plugins\com.st.stm32cube.common.mx_6.12.1.202409122256\\db\/plugins/boardmanager/
2025-06-23 14:48:39,874 [WARN] ApiDb:259 - Overriding images path with different value:  => C:\ST\STM32CubeIDE_1.16.1\STM32CubeIDE\plugins\com.st.stm32cube.common.mx_6.12.1.202409122256\\db\/plugins/mcufinder/images/
2025-06-23 14:48:39,891 [INFO] ApiDb:250 - Set database path to: C:\Users\RND1\.stmcufinder\plugins\mcufinder//mcu/
2025-06-23 14:48:39,894 [INFO] DbMcusAds:125 - Set database path to: C:\Users\RND1\.stmcufinder\plugins\mcufinder//mcu/
2025-06-23 14:48:39,896 [INFO] CrossReferenceDbSqlite:203 - Set database path to: C:\Users\RND1\.stmcufinder\plugins\mcufinder//mcu/cs/
2025-06-23 14:48:39,993 [INFO] RulesReader:64 - Compatibility file has been processed (297 Rules)
2025-06-23 14:48:40,079 [INFO] DbMcusXml:78 - Set database path to: C:\ST\STM32CubeIDE_1.16.1\STM32CubeIDE\plugins\com.st.stm32cube.common.mx_6.12.1.202409122256\\db\/mcu/
2025-06-23 14:48:40,079 [INFO] ApiDb:274 - Set plugin database path to: C:\ST\STM32CubeIDE_1.16.1\STM32CubeIDE\plugins\com.st.stm32cube.common.mx_6.12.1.202409122256\\db\/plugins/boardmanager/
2025-06-23 14:48:40,080 [INFO] ApiDb:261 - Set plugin images path to: C:\ST\STM32CubeIDE_1.16.1\STM32CubeIDE\plugins\com.st.stm32cube.common.mx_6.12.1.202409122256\\db\/plugins/mcufinder/images/
2025-06-23 14:48:40,080 [WARN] DbFile:41 - Overriding database path with different value: C:\Users\RND1\.stmcufinder\plugins\mcufinder/ => C:\Users\RND1\.stmcufinder\plugins\mcufinder
2025-06-23 14:48:40,080 [INFO] ApiDb:250 - Set database path to: C:\Users\RND1\.stmcufinder\plugins\mcufinder//mcu/
2025-06-23 14:48:40,080 [WARN] DbFile:41 - Overriding database path with different value: C:\Users\RND1\.stmcufinder\plugins\mcufinder/ => C:\Users\RND1\.stmcufinder\plugins\mcufinder
2025-06-23 14:48:40,080 [INFO] DbMcusAds:125 - Set database path to: C:\Users\RND1\.stmcufinder\plugins\mcufinder//mcu/
2025-06-23 14:48:40,080 [WARN] DbFile:41 - Overriding database path with different value: C:\Users\RND1\.stmcufinder\plugins\mcufinder/ => C:\Users\RND1\.stmcufinder\plugins\mcufinder
2025-06-23 14:48:40,080 [WARN] DbFile:41 - Overriding database path with different value: C:\Users\RND1\.stmcufinder\plugins\mcufinder/ => C:\Users\RND1\.stmcufinder\plugins\mcufinder
2025-06-23 14:48:40,080 [INFO] CrossReferenceDbSqlite:203 - Set database path to: C:\Users\RND1\.stmcufinder\plugins\mcufinder//mcu/cs/
2025-06-23 14:48:40,157 [INFO] MainPanel:268 - HeapMemory: 268435456
2025-06-23 14:48:40,254 [INFO] DbMcusXml:78 - Set database path to: C:\ST\STM32CubeIDE_1.16.1\STM32CubeIDE\plugins\com.st.stm32cube.common.mx_6.12.1.202409122256\\db\/mcu/
2025-06-23 14:48:40,254 [INFO] ApiDb:274 - Set plugin database path to: C:\ST\STM32CubeIDE_1.16.1\STM32CubeIDE\plugins\com.st.stm32cube.common.mx_6.12.1.202409122256\\db\/plugins/boardmanager/
2025-06-23 14:48:40,254 [INFO] ApiDb:261 - Set plugin images path to: C:\ST\STM32CubeIDE_1.16.1\STM32CubeIDE\plugins\com.st.stm32cube.common.mx_6.12.1.202409122256\\db\/plugins/mcufinder/images/
2025-06-23 14:48:40,254 [WARN] DbFile:41 - Overriding database path with different value: C:\Users\RND1\.stmcufinder\plugins\mcufinder/ => C:\Users\RND1\.stmcufinder\plugins\mcufinder
2025-06-23 14:48:40,255 [INFO] ApiDb:250 - Set database path to: C:\Users\RND1\.stmcufinder\plugins\mcufinder//mcu/
2025-06-23 14:48:40,255 [WARN] DbFile:41 - Overriding database path with different value: C:\Users\RND1\.stmcufinder\plugins\mcufinder/ => C:\Users\RND1\.stmcufinder\plugins\mcufinder
2025-06-23 14:48:40,255 [INFO] DbMcusAds:125 - Set database path to: C:\Users\RND1\.stmcufinder\plugins\mcufinder//mcu/
2025-06-23 14:48:40,255 [WARN] DbFile:41 - Overriding database path with different value: C:\Users\RND1\.stmcufinder\plugins\mcufinder/ => C:\Users\RND1\.stmcufinder\plugins\mcufinder
2025-06-23 14:48:40,255 [WARN] DbFile:41 - Overriding database path with different value: C:\Users\RND1\.stmcufinder\plugins\mcufinder/ => C:\Users\RND1\.stmcufinder\plugins\mcufinder
2025-06-23 14:48:40,255 [INFO] CrossReferenceDbSqlite:203 - Set database path to: C:\Users\RND1\.stmcufinder\plugins\mcufinder//mcu/cs/
2025-06-23 14:48:40,273 [INFO] ApplicationProperties:184 - Using Application install path: C:\ST\STM32CubeIDE_1.16.1\STM32CubeIDE\plugins\com.st.stm32cube.common.mx_6.12.1.202409122256
2025-06-23 14:48:40,275 [INFO] PluginManage:196 - Search for loadable plugins [exclusion list=, ]
2025-06-23 14:48:40,278 [INFO] PluginManage:310 - Check plugin analytics
2025-06-23 14:48:40,474 [INFO] AnalyticsPlugin:253 - Accepted Software Licenses: STM32CubeMX.6.10.0
2025-06-23 14:48:40,474 [INFO] AnalyticsPlugin:255 - Accepted CMSIS Pack Licenses: 
2025-06-23 14:48:40,475 [INFO] AnalyticsPlugin:257 - Accepted Firmware Licenses: FW.G4.1.5.0,FW.G4.1.6.0,FW.F4.1.28.0,FW.H7.1.11.0
2025-06-23 14:48:40,478 [INFO] PluginManage:359 - Loaded plugin analytics (category:tool,tabindex:-1)
2025-06-23 14:48:40,478 [INFO] PluginManage:310 - Check plugin cadmodel
2025-06-23 14:48:40,498 [INFO] CADModel:105 - Init CAD model plugin
2025-06-23 14:48:40,498 [INFO] PluginManage:359 - Loaded plugin cadmodel (category:power,tabindex:5)
2025-06-23 14:48:40,499 [INFO] PluginManage:310 - Check plugin clock
2025-06-23 14:48:40,523 [INFO] PluginManage:359 - Loaded plugin clock (category:base,tabindex:2)
2025-06-23 14:48:40,523 [INFO] PluginManage:310 - Check plugin ddr
2025-06-23 14:48:40,527 [INFO] PluginManage:359 - Loaded plugin ddr (category:tool,tabindex:6)
2025-06-23 14:48:40,527 [INFO] PluginManage:310 - Check plugin filemanager
2025-06-23 14:48:40,675 [INFO] PluginManage:359 - Loaded plugin filemanager (category:base,tabindex:10)
2025-06-23 14:48:40,676 [INFO] PluginManage:310 - Check plugin ipmanager
2025-06-23 14:48:40,685 [INFO] PluginManage:359 - Loaded plugin ipmanager (category:base,tabindex:5)
2025-06-23 14:48:40,685 [INFO] PluginManage:310 - Check plugin lpbam
2025-06-23 14:48:40,704 [INFO] PluginManage:359 - Loaded plugin lpbam (category:base,tabindex:0)
2025-06-23 14:48:40,704 [INFO] PluginManage:310 - Check plugin memorymap
2025-06-23 14:48:40,729 [INFO] PluginManage:359 - Loaded plugin memorymap (category:base,tabindex:4)
2025-06-23 14:48:40,729 [INFO] PluginManage:310 - Check plugin pinoutandconfiguration
2025-06-23 14:48:40,752 [INFO] PluginManage:359 - Loaded plugin pinoutandconfiguration (category:base,tabindex:1)
2025-06-23 14:48:40,752 [INFO] PluginManage:310 - Check plugin pinoutconfig
2025-06-23 14:48:40,838 [WARN] SupportedApi:132 - Cannot load RTOS API schema: s4s-elt-must-match.1: The content of 'definitions' must match (annotation?, (simpleType | complexType)?, (unique | key | keyref)*)). A problem was found starting at: attribute.
2025-06-23 14:48:40,954 [INFO] PluginManage:359 - Loaded plugin pinoutconfig (category:base,tabindex:0)
2025-06-23 14:48:40,954 [INFO] PluginManage:310 - Check plugin power
2025-06-23 14:48:40,974 [INFO] PluginManage:359 - Loaded plugin power (category:power,tabindex:4)
2025-06-23 14:48:40,974 [INFO] PluginManage:310 - Check plugin projectmanager
2025-06-23 14:48:40,986 [INFO] PluginManage:359 - Loaded plugin projectmanager (category:projectmanager,tabindex:4)
2025-06-23 14:48:40,986 [INFO] PluginManage:310 - Check plugin rif
2025-06-23 14:48:41,003 [INFO] PluginManage:359 - Loaded plugin rif (category:base,tabindex:3)
2025-06-23 14:48:41,003 [INFO] PluginManage:310 - Check plugin thirdparty
2025-06-23 14:48:41,278 [INFO] PluginManage:359 - Loaded plugin thirdparty (category:base,tabindex:-1)
2025-06-23 14:48:41,278 [WARN] IntegrityCheckThread:84 - waiting for thirdparty lock release [integrity check]
2025-06-23 14:48:41,278 [INFO] PluginManage:310 - Check plugin tools
2025-06-23 14:48:41,278 [INFO] IntegrityCheckThread:86 - entering critical section [integrity check]
2025-06-23 14:48:41,278 [INFO] ThirdPartyUpdaterWithRetryManager:70 - Updater plugin not ready yet. [1/15]
2025-06-23 14:48:41,317 [INFO] PluginManage:359 - Loaded plugin tools (category:base,tabindex:7)
2025-06-23 14:48:41,317 [INFO] PluginManage:310 - Check plugin tutovideos
2025-06-23 14:48:41,492 [INFO] PluginManage:359 - Loaded plugin tutovideos (category:base,tabindex:-1)
2025-06-23 14:48:41,492 [INFO] PluginManage:310 - Check plugin updater
2025-06-23 14:48:41,507 [INFO] PluginManage:359 - Loaded plugin updater (category:base,tabindex:12)
2025-06-23 14:48:41,507 [INFO] PluginManage:310 - Check plugin userauth
2025-06-23 14:48:41,513 [INFO] UserAuth:113 - Init User Auth plugin
2025-06-23 14:48:41,513 [INFO] PluginManage:359 - Loaded plugin userauth (category:base,tabindex:14)
2025-06-23 14:48:41,514 [INFO] PluginManage:283 - PluginManage : Loaded plugins [18]
2025-06-23 14:48:41,700 [INFO] PinOutPanel:1561 - setPackage(No Configuration,No Configuration)
2025-06-23 14:48:41,789 [INFO] CADModel:165 - CPN selected for project level
2025-06-23 14:48:41,789 [INFO] CADModel:114 - Register for checkConnection events
2025-06-23 14:48:41,816 [INFO] IPUIPlugin:80 - create IPUIPlugin
2025-06-23 14:48:41,816 [INFO] PluginManager:220 - loadIPPluginJar : add adc
2025-06-23 14:48:41,851 [INFO] IPUIPlugin:80 - create IPUIPlugin
2025-06-23 14:48:41,851 [INFO] PluginManager:220 - loadIPPluginJar : add aes
2025-06-23 14:48:41,889 [INFO] IPUIPlugin:80 - create IPUIPlugin
2025-06-23 14:48:41,889 [INFO] PluginManager:220 - loadIPPluginJar : add can
2025-06-23 14:48:41,913 [INFO] IPUIPlugin:80 - create IPUIPlugin
2025-06-23 14:48:41,913 [INFO] PluginManager:220 - loadIPPluginJar : add comp
2025-06-23 14:48:41,945 [INFO] IPUIPlugin:80 - create IPUIPlugin
2025-06-23 14:48:41,946 [INFO] PluginManager:220 - loadIPPluginJar : add cryp
2025-06-23 14:48:41,960 [INFO] IPUIPlugin:80 - create IPUIPlugin
2025-06-23 14:48:41,960 [INFO] PluginManager:220 - loadIPPluginJar : add ddr_ctrl_phy
2025-06-23 14:48:41,998 [INFO] IPUIPlugin:80 - create IPUIPlugin
2025-06-23 14:48:41,999 [INFO] PluginManager:220 - loadIPPluginJar : add dfsdm
2025-06-23 14:48:42,014 [INFO] IPUIPlugin:80 - create IPUIPlugin
2025-06-23 14:48:42,015 [INFO] PluginManager:220 - loadIPPluginJar : add dma
2025-06-23 14:48:42,066 [INFO] IPUIPlugin:80 - create IPUIPlugin
2025-06-23 14:48:42,066 [INFO] PluginManager:220 - loadIPPluginJar : add dma3
2025-06-23 14:48:42,114 [INFO] IPUIPlugin:80 - create IPUIPlugin
2025-06-23 14:48:42,114 [INFO] PluginManager:220 - loadIPPluginJar : add extmemmanager
2025-06-23 14:48:42,139 [INFO] IPUIPlugin:80 - create IPUIPlugin
2025-06-23 14:48:42,139 [INFO] PluginManager:220 - loadIPPluginJar : add fatfs
2025-06-23 14:48:42,190 [INFO] IPUIPlugin:80 - create IPUIPlugin
2025-06-23 14:48:42,190 [INFO] PluginManager:220 - loadIPPluginJar : add fmc
2025-06-23 14:48:42,205 [INFO] IPUIPlugin:80 - create IPUIPlugin
2025-06-23 14:48:42,205 [INFO] PluginManager:220 - loadIPPluginJar : add freertos
2025-06-23 14:48:42,226 [INFO] IPUIPlugin:80 - create IPUIPlugin
2025-06-23 14:48:42,226 [INFO] PluginManager:220 - loadIPPluginJar : add genericplugin
2025-06-23 14:48:42,304 [INFO] IPUIPlugin:80 - create IPUIPlugin
2025-06-23 14:48:42,304 [INFO] PluginManager:220 - loadIPPluginJar : add gfxmmu
2025-06-23 14:48:42,425 [INFO] IPUIPlugin:80 - create IPUIPlugin
2025-06-23 14:48:42,425 [INFO] PluginManager:220 - loadIPPluginJar : add gic
2025-06-23 14:48:42,438 [INFO] IPUIPlugin:80 - create IPUIPlugin
2025-06-23 14:48:42,439 [INFO] PluginManager:220 - loadIPPluginJar : add gpio
2025-06-23 14:48:42,539 [INFO] IPUIPlugin:80 - create IPUIPlugin
2025-06-23 14:48:42,539 [INFO] PluginManager:220 - loadIPPluginJar : add gtzc
2025-06-23 14:48:42,579 [INFO] IPUIPlugin:80 - create IPUIPlugin
2025-06-23 14:48:42,579 [INFO] PluginManager:220 - loadIPPluginJar : add hash
2025-06-23 14:48:42,643 [INFO] IPUIPlugin:80 - create IPUIPlugin
2025-06-23 14:48:42,643 [INFO] PluginManager:220 - loadIPPluginJar : add i2c
2025-06-23 14:48:42,688 [INFO] IPUIPlugin:80 - create IPUIPlugin
2025-06-23 14:48:42,688 [INFO] PluginManager:220 - loadIPPluginJar : add i2s
2025-06-23 14:48:42,733 [INFO] IPUIPlugin:80 - create IPUIPlugin
2025-06-23 14:48:42,733 [INFO] PluginManager:220 - loadIPPluginJar : add i3c
2025-06-23 14:48:42,822 [INFO] IPUIPlugin:80 - create IPUIPlugin
2025-06-23 14:48:42,822 [INFO] PluginManager:220 - loadIPPluginJar : add ipddr
2025-06-23 14:48:42,903 [INFO] IPUIPlugin:80 - create IPUIPlugin
2025-06-23 14:48:42,903 [INFO] PluginManager:220 - loadIPPluginJar : add linkedlist
2025-06-23 14:48:42,936 [INFO] IPUIPlugin:80 - create IPUIPlugin
2025-06-23 14:48:42,936 [INFO] PluginManager:220 - loadIPPluginJar : add lorawan
2025-06-23 14:48:42,975 [INFO] IPUIPlugin:80 - create IPUIPlugin
2025-06-23 14:48:42,975 [INFO] PluginManager:220 - loadIPPluginJar : add ltdc
2025-06-23 14:48:42,990 [INFO] IPUIPlugin:80 - create IPUIPlugin
2025-06-23 14:48:42,990 [INFO] PluginManager:220 - loadIPPluginJar : add mdma
2025-06-23 14:48:43,003 [INFO] IPUIPlugin:80 - create IPUIPlugin
2025-06-23 14:48:43,003 [INFO] PluginManager:220 - loadIPPluginJar : add nvic
2025-06-23 14:48:43,047 [INFO] IPUIPlugin:80 - create IPUIPlugin
2025-06-23 14:48:43,047 [INFO] PluginManager:220 - loadIPPluginJar : add opamp
2025-06-23 14:48:43,120 [INFO] IPUIPlugin:80 - create IPUIPlugin
2025-06-23 14:48:43,120 [INFO] PluginManager:220 - loadIPPluginJar : add openamp
2025-06-23 14:48:43,169 [INFO] IPUIPlugin:80 - create IPUIPlugin
2025-06-23 14:48:43,169 [INFO] PluginManager:220 - loadIPPluginJar : add pdm2pcm
2025-06-23 14:48:43,182 [INFO] IPUIPlugin:80 - create IPUIPlugin
2025-06-23 14:48:43,184 [INFO] PluginManager:220 - loadIPPluginJar : add plateformsettings
2025-06-23 14:48:43,207 [INFO] IPUIPlugin:80 - create IPUIPlugin
2025-06-23 14:48:43,207 [INFO] PluginManager:220 - loadIPPluginJar : add quadspi
2025-06-23 14:48:43,234 [INFO] IPUIPlugin:80 - create IPUIPlugin
2025-06-23 14:48:43,234 [INFO] PluginManager:220 - loadIPPluginJar : add radio
2025-06-23 14:48:43,247 [INFO] IPUIPlugin:80 - create IPUIPlugin
2025-06-23 14:48:43,248 [INFO] PluginManager:220 - loadIPPluginJar : add resmgrutility
2025-06-23 14:48:43,287 [INFO] IPUIPlugin:80 - create IPUIPlugin
2025-06-23 14:48:43,287 [INFO] PluginManager:220 - loadIPPluginJar : add sai
2025-06-23 14:48:43,319 [INFO] IPUIPlugin:80 - create IPUIPlugin
2025-06-23 14:48:43,319 [INFO] PluginManager:220 - loadIPPluginJar : add spi
2025-06-23 14:48:43,372 [INFO] IPUIPlugin:80 - create IPUIPlugin
2025-06-23 14:48:43,372 [INFO] PluginManager:220 - loadIPPluginJar : add stm32_wpan
2025-06-23 14:48:43,395 [INFO] IPUIPlugin:80 - create IPUIPlugin
2025-06-23 14:48:43,395 [INFO] PluginManager:220 - loadIPPluginJar : add tim
2025-06-23 14:48:43,456 [INFO] IPUIPlugin:80 - create IPUIPlugin
2025-06-23 14:48:43,456 [INFO] PluginManager:220 - loadIPPluginJar : add touchsensing
2025-06-23 14:48:43,483 [INFO] IPUIPlugin:80 - create IPUIPlugin
2025-06-23 14:48:43,483 [INFO] PluginManager:220 - loadIPPluginJar : add tracer_emb
2025-06-23 14:48:43,510 [INFO] IPUIPlugin:80 - create IPUIPlugin
2025-06-23 14:48:43,511 [INFO] PluginManager:220 - loadIPPluginJar : add ts
2025-06-23 14:48:43,537 [INFO] IPUIPlugin:80 - create IPUIPlugin
2025-06-23 14:48:43,537 [INFO] PluginManager:220 - loadIPPluginJar : add tsc
2025-06-23 14:48:43,564 [INFO] IPUIPlugin:80 - create IPUIPlugin
2025-06-23 14:48:43,564 [INFO] PluginManager:220 - loadIPPluginJar : add ucpd
2025-06-23 14:48:43,613 [INFO] IPUIPlugin:80 - create IPUIPlugin
2025-06-23 14:48:43,613 [INFO] PluginManager:220 - loadIPPluginJar : add usart
2025-06-23 14:48:43,662 [INFO] IPUIPlugin:80 - create IPUIPlugin
2025-06-23 14:48:43,663 [INFO] PluginManager:220 - loadIPPluginJar : add usbx
2025-06-23 14:48:43,780 [INFO] CADModel:165 - CPN selected for project level
2025-06-23 14:48:43,780 [INFO] CADModel:114 - Register for checkConnection events
2025-06-23 14:48:43,780 [FATAL] Updater:334 - Updater called before beeing initialized
2025-06-23 14:48:43,780 [ERROR] CADModel:125 - Updater not yet initialized, retry later 
2025-06-23 14:48:43,892 [INFO] CADModel:165 - CPN selected for project level
2025-06-23 14:48:43,893 [INFO] CADModel:114 - Register for checkConnection events
2025-06-23 14:48:43,893 [FATAL] Updater:334 - Updater called before beeing initialized
2025-06-23 14:48:43,893 [ERROR] CADModel:125 - Updater not yet initialized, retry later 
2025-06-23 14:48:43,895 [FATAL] Updater:334 - Updater called before beeing initialized
2025-06-23 14:48:43,991 [FATAL] Updater:334 - Updater called before beeing initialized
2025-06-23 14:48:44,002 [INFO] DbMcusAds:53 - JSON generation date=Thu Mar 06 23:54:21 KST 2025 (1741272861825)
2025-06-23 14:48:44,002 [FATAL] Updater:334 - Updater called before beeing initialized
2025-06-23 14:48:44,035 [WARN] DetailPanel:346 - Failed to get advertising image, set to default
2025-06-23 14:48:44,128 [FATAL] Updater:334 - Updater called before beeing initialized
2025-06-23 14:48:44,129 [FATAL] Updater:334 - Updater called before beeing initialized
2025-06-23 14:48:44,130 [FATAL] Updater:334 - Updater called before beeing initialized
2025-06-23 14:48:44,130 [WARN] DetailPanel:346 - Failed to get advertising image, set to default
2025-06-23 14:48:44,131 [FATAL] Updater:334 - Updater called before beeing initialized
2025-06-23 14:48:44,200 [ERROR] Updater:1164 - MainUpdater not yet initialized. External WinMGr cannot be set.
2025-06-23 14:48:44,211 [INFO] Updater:1100 - Updater Version found : 6.12.1
2025-06-23 14:48:44,228 [INFO] ApplicationProperties:184 - Using Application install path: C:\ST\STM32CubeIDE_1.16.1\STM32CubeIDE\plugins\com.st.stm32cube.common.mx_6.12.1.202409122256
2025-06-23 14:48:44,280 [INFO] ThirdPartyUpdaterWithRetryManager:70 - Updater plugin not ready yet. [2/15]
2025-06-23 14:48:45,000 [INFO] MainUpdater:2873 - connection check result : 10
2025-06-23 14:48:45,000 [INFO] MainUpdater:3567 - Updater definition file requires update
2025-06-23 14:48:45,001 [INFO] MainUpdater:290 - Updater Check For Update Now.
2025-06-23 14:48:45,002 [INFO] MicroXplorer:498 - Change Database Version : DB.6.0.121
2025-06-23 14:48:45,020 [INFO] McuFinderGlobals:63 - Set McuFinder mode to 2 (CubeIDE integrated)
2025-06-23 14:48:45,028 [INFO] UserAuth:417 - Internet connection configuration mode: 1
2025-06-23 14:48:45,054 [INFO] JxBrowserEngine:152 - Initiate JxBrowser Engine with user profile folder
2025-06-23 14:48:45,429 [INFO] ServerAccessManage:473 - Download File updaters.zip
2025-06-23 14:48:45,758 [INFO] FileExtend:240 - Unzip File : updaters.zip
2025-06-23 14:48:45,758 [INFO] FileExtend:255 - Standard Zip Deflate
2025-06-23 14:48:46,575 [INFO] ServerAccessManage:473 - Download File PacksControlFlags.xml
2025-06-23 14:48:46,773 [INFO] ServerAccessManage:473 - Download File cubemx.pidx
2025-06-23 14:48:47,281 [WARN] MainUpdater:1194 - Updater busy. Cannot search thirdparties
2025-06-23 14:48:47,281 [INFO] ThirdPartyUpdaterWithRetryManager:96 - Updater plugin is busy. [1/15]
2025-06-23 14:48:47,615 [INFO] ServerAccessManage:473 - Download File STMicroelectronics.X-CUBE-FREERTOS.pdsc
2025-06-23 14:48:47,740 [INFO] WebApp:167 - Instantiating new browser for Auth
2025-06-23 14:48:48,399 [INFO] WebApp:448 - Apply proxy settings
2025-06-23 14:48:48,404 [INFO] WebApp:493 - Chromium authenticates against Manually configured proxy
2025-06-23 14:48:48,412 [INFO] WebApp:501 - Username used for proxy authentication: 
2025-06-23 14:48:48,439 [INFO] WebApp:869 - Register for checkConnection events
2025-06-23 14:48:48,439 [INFO] WebApp:448 - Apply proxy settings
2025-06-23 14:48:48,443 [INFO] WebApp:493 - Chromium authenticates against Manually configured proxy
2025-06-23 14:48:48,443 [INFO] WebApp:501 - Username used for proxy authentication: 
2025-06-23 14:48:48,583 [INFO] WebApp:220 - Starting web application
2025-06-23 14:48:48,583 [INFO] WebApp:578 - Web application path used C:\ST\STM32CubeIDE_1.16.1\STM32CubeIDE\plugins\com.st.stm32cube.common.mx_6.12.1.202409122256\db\plugins\mcufinder\reactClient1\index.html
2025-06-23 14:48:48,697 [INFO] UserAuth:417 - Internet connection configuration mode: 1
2025-06-23 14:48:48,717 [INFO] WebApp:186 - Connection restablished
2025-06-23 14:48:49,927 [INFO] ServerAccessManage:473 - Download File STMicroelectronics.X-CUBE-PM33A1.pdsc
2025-06-23 14:48:50,282 [WARN] MainUpdater:1194 - Updater busy. Cannot search thirdparties
2025-06-23 14:48:50,282 [INFO] ThirdPartyUpdaterWithRetryManager:96 - Updater plugin is busy. [2/15]
2025-06-23 14:48:50,808 [WARN] PackLoader:240 - Cannot read IP mode file for STMicroelectronics.X-CUBE-FREERTOS.1.3.1
2025-06-23 14:48:50,815 [WARN] PackLoader:240 - Cannot read IP mode file for STMicroelectronics.X-CUBE-PM33A1.1.0.0
2025-06-23 14:48:50,815 [INFO] PopulateThirdPartyThread:66 - Ending populate Thread
2025-06-23 14:48:50,816 [INFO] ThirdParty:1030 - CMSIS Pack Vendor :STMicroelectronics X-CUBE-FREERTOS 1.3.1
2025-06-23 14:48:50,817 [INFO] ThirdParty:1030 - CMSIS Pack Vendor :STMicroelectronics X-CUBE-PM33A1 1.0.0
2025-06-23 14:48:50,817 [INFO] LoadServerUpdatesThread:375 - End of LoadServerUpdate Thread
2025-06-23 14:48:50,927 [INFO] CheckServerUpdateThread:120 - End of CheckServer Thread
2025-06-23 14:48:53,493 [WARN] PackLoader:240 - Cannot read IP mode file for STMicroelectronics.FP-SNS-MOTENVWB1.1.4.0
2025-06-23 14:48:53,498 [WARN] PackLoader:240 - Cannot read IP mode file for STMicroelectronics.FP-ATR-ASTRA1.2.0.2
2025-06-23 14:48:53,509 [WARN] PackLoader:240 - Cannot read IP mode file for STMicroelectronics.FP-ATR-ASTRA1.2.0.1
2025-06-23 14:48:53,524 [WARN] PackLoader:240 - Cannot read IP mode file for STMicroelectronics.X-CUBE-SMBUS.2.1.0
2025-06-23 14:48:53,536 [WARN] PackLoader:240 - Cannot read IP mode file for STMicroelectronics.X-CUBE-WB05N.1.1.0
2025-06-23 14:48:53,547 [ERROR] Engine:466 - C:\Users\RND1\.stm32cubemx\thirdparties\pdsc\STMicroelectronics.X-CUBE-ST60.1.0.0.pdsc: PDSC version is not supported
2025-06-23 14:48:53,559 [WARN] PackLoader:240 - Cannot read IP mode file for STMicroelectronics.X-CUBE-TOUCHGFX.4.23.0
2025-06-23 14:48:53,569 [WARN] PackLoader:240 - Cannot read IP mode file for STMicroelectronics.X-CUBE-TOUCHGFX.4.23.2
2025-06-23 14:48:53,596 [WARN] PackLoader:240 - Cannot read IP mode file for STMicroelectronics.X-CUBE-AZRTOS-F7.1.1.0
2025-06-23 14:48:53,611 [WARN] PackLoader:240 - Cannot read IP mode file for STMicroelectronics.FP-SNS-MOTENV1.4.3.2
2025-06-23 14:48:53,650 [WARN] PackLoader:240 - Cannot read IP mode file for STMicroelectronics.X-CUBE-MEMS1.11.0.0
2025-06-23 14:48:53,726 [WARN] PackLoader:240 - Cannot read IP mode file for STMicroelectronics.FP-SNS-FLIGHT1.5.0.2
2025-06-23 14:48:53,741 [WARN] PackLoader:240 - Cannot read IP mode file for STMicroelectronics.X-CUBE-DISPLAY.3.0.0
2025-06-23 14:48:53,756 [WARN] PackLoader:240 - Cannot read IP mode file for STMicroelectronics.X-CUBE-BLE1.7.0.0
2025-06-23 14:48:53,769 [WARN] PackLoader:240 - Cannot read IP mode file for STMicroelectronics.X-CUBE-NFC10.1.0.0
2025-06-23 14:48:53,787 [WARN] PackLoader:240 - Cannot read IP mode file for STMicroelectronics.X-CUBE-BLEMGR.4.0.0
2025-06-23 14:48:53,804 [WARN] PackLoader:240 - Cannot read IP mode file for emotas.I-CUBE-CANOPEN.1.3.0
2025-06-23 14:48:53,819 [WARN] PackLoader:240 - Cannot read IP mode file for STMicroelectronics.X-CUBE-BLEMGR.3.1.0
2025-06-23 14:48:53,835 [WARN] PackLoader:240 - Cannot read IP mode file for STMicroelectronics.X-CUBE-AI.10.0.0
2025-06-23 14:48:53,851 [WARN] PackLoader:240 - Cannot read IP mode file for STMicroelectronics.FP-SNS-SMARTAG2.1.2.0
2025-06-23 14:48:53,859 [ERROR] Engine:466 - C:\Users\RND1\.stm32cubemx\thirdparties\pdsc\STMicroelectronics.FP-SNS-FLIGHT1.5.1.0.pdsc: PDSC version is not supported
2025-06-23 14:48:53,900 [WARN] PackLoader:240 - Cannot read IP mode file for STMicroelectronics.X-CUBE-MEMS1.11.1.0
2025-06-23 14:48:53,977 [INFO] LogOutputStream:77 - [STDOUT_REDIRECT] 1 : Invalid condition id : UX_CORESTACK_Condition cause : null
2025-06-23 14:48:53,977 [INFO] LogOutputStream:77 - [STDOUT_REDIRECT] 1 : Invalid condition id : UX_CORESTACK_Condition cause : null
2025-06-23 14:48:53,978 [INFO] LogOutputStream:77 - [STDOUT_REDIRECT] 1 : Invalid condition id : UX_CORESTACK_Condition cause : null
2025-06-23 14:48:53,979 [INFO] LogOutputStream:77 - [STDOUT_REDIRECT] 1 : Invalid condition id : UX_CORESTACK_Condition cause : null
2025-06-23 14:48:53,980 [INFO] LogOutputStream:77 - [STDOUT_REDIRECT] 1 : Invalid condition id : UX_CORESTACK_Condition cause : null
2025-06-23 14:48:53,981 [WARN] PackLoader:240 - Cannot read IP mode file for STMicroelectronics.X-CUBE-AZRTOS-WL.2.0.0
2025-06-23 14:48:53,999 [WARN] PackLoader:240 - Cannot read IP mode file for STMicroelectronics.FP-SNS-MOTENV1.5.0.0
2025-06-23 14:48:54,016 [WARN] PackLoader:240 - Cannot read IP mode file for wolfSSL.I-CUBE-wolfMQTT.1.19.0
2025-06-23 14:48:54,034 [WARN] PackLoader:240 - Cannot read IP mode file for WES.I-CUBE-Cesium.1.3.0
2025-06-23 14:48:54,054 [WARN] PackLoader:240 - Cannot read IP mode file for STMicroelectronics.X-CUBE-BLE2.3.3.0
2025-06-23 14:48:54,075 [WARN] PackLoader:240 - Cannot read IP mode file for STMicroelectronics.X-CUBE-NFC9.1.0.0
2025-06-23 14:48:54,094 [WARN] PackLoader:240 - Cannot read IP mode file for STMicroelectronics.X-CUBE-BLE1.7.1.0
2025-06-23 14:48:54,114 [WARN] PackLoader:240 - Cannot read IP mode file for STMicroelectronics.X-CUBE-TCPP.4.1.0
2025-06-23 14:48:54,131 [WARN] PackLoader:240 - Cannot read IP mode file for STMicroelectronics.X-CUBE-AI.10.1.0
2025-06-23 14:48:54,148 [WARN] PackLoader:240 - Cannot read IP mode file for STMicroelectronics.X-CUBE-ALGOBUILD.1.3.0
2025-06-23 14:48:54,191 [WARN] PackLoader:240 - Cannot read IP mode file for STMicroelectronics.X-CUBE-MEMS1.11.2.0
2025-06-23 14:48:54,302 [WARN] PackLoader:240 - Cannot read IP mode file for STMicroelectronics.X-CUBE-AZRTOS-G0.1.1.0
2025-06-23 14:48:54,318 [WARN] PackLoader:240 - Cannot read IP mode file for STMicroelectronics.X-CUBE-SAFEA1.1.2.2
2025-06-23 14:48:54,332 [WARN] PackLoader:240 - Cannot read IP mode file for STMicroelectronics.X-CUBE-NFC4.3.0.0
2025-06-23 14:48:54,344 [WARN] PackLoader:240 - Cannot read IP mode file for wolfSSL.I-CUBE-wolfMQTT.1.18.0
2025-06-23 14:48:54,359 [WARN] PackLoader:240 - Cannot read IP mode file for EmbeddedOffice.I-CUBE-FS-RTOS.1.0.1
2025-06-23 14:48:54,360 [ERROR] ConditionMgr:805 - Attr not supported : Dmpu
2025-06-23 14:48:54,360 [ERROR] ConditionMgr:805 - Attr not supported : Dmpu
2025-06-23 14:48:54,360 [ERROR] ConditionMgr:805 - Attr not supported : Dmpu
2025-06-23 14:48:54,360 [ERROR] ConditionMgr:805 - Attr not supported : Dmpu
2025-06-23 14:48:54,360 [ERROR] ConditionMgr:805 - Attr not supported : Dmpu
2025-06-23 14:48:54,360 [ERROR] ConditionMgr:805 - Attr not supported : Dmpu
2025-06-23 14:48:54,360 [ERROR] ConditionMgr:805 - Attr not supported : Dmpu
2025-06-23 14:48:54,360 [ERROR] ConditionMgr:805 - Attr not supported : Dmpu
2025-06-23 14:48:54,360 [ERROR] ConditionMgr:805 - Attr not supported : Dmpu
2025-06-23 14:48:54,360 [ERROR] ConditionMgr:805 - Attr not supported : Dmpu
2025-06-23 14:48:54,360 [ERROR] ConditionMgr:805 - Attr not supported : Dmpu
2025-06-23 14:48:54,360 [ERROR] ConditionMgr:805 - Attr not supported : Dmpu
2025-06-23 14:48:54,360 [ERROR] ConditionMgr:805 - Attr not supported : Dmpu
2025-06-23 14:48:54,360 [ERROR] ConditionMgr:805 - Attr not supported : Dmpu
2025-06-23 14:48:54,360 [ERROR] ConditionMgr:805 - Attr not supported : Dmpu
2025-06-23 14:48:54,360 [ERROR] ConditionMgr:805 - Attr not supported : Dmpu
2025-06-23 14:48:54,360 [ERROR] ConditionMgr:805 - Attr not supported : Dmpu
2025-06-23 14:48:54,360 [ERROR] ConditionMgr:805 - Attr not supported : Dmpu
2025-06-23 14:48:54,360 [ERROR] ConditionMgr:805 - Attr not supported : Dmpu
2025-06-23 14:48:54,360 [ERROR] ConditionMgr:805 - Attr not supported : Dmpu
2025-06-23 14:48:54,360 [ERROR] ConditionMgr:805 - Attr not supported : Dmpu
2025-06-23 14:48:54,360 [ERROR] ConditionMgr:805 - Attr not supported : Dmpu
2025-06-23 14:48:54,360 [ERROR] ConditionMgr:805 - Attr not supported : Dmpu
2025-06-23 14:48:54,360 [ERROR] ConditionMgr:805 - Attr not supported : Dmpu
2025-06-23 14:48:54,360 [ERROR] ConditionMgr:805 - Attr not supported : Dmpu
2025-06-23 14:48:54,360 [ERROR] ConditionMgr:805 - Attr not supported : Dmpu
2025-06-23 14:48:54,360 [ERROR] ConditionMgr:805 - Attr not supported : Dmpu
2025-06-23 14:48:54,360 [ERROR] ConditionMgr:805 - Attr not supported : Dmpu
2025-06-23 14:48:54,360 [ERROR] ConditionMgr:805 - Attr not supported : Dmpu
2025-06-23 14:48:54,361 [ERROR] ConditionMgr:805 - Attr not supported : Dmpu
2025-06-23 14:48:54,361 [ERROR] ConditionMgr:805 - Attr not supported : Dmpu
2025-06-23 14:48:54,361 [ERROR] ConditionMgr:805 - Attr not supported : Dmpu
2025-06-23 14:48:54,361 [ERROR] ConditionMgr:805 - Attr not supported : Dmpu
2025-06-23 14:48:54,361 [ERROR] ConditionMgr:805 - Attr not supported : Dmpu
2025-06-23 14:48:54,361 [ERROR] ConditionMgr:805 - Attr not supported : Dmpu
2025-06-23 14:48:54,361 [ERROR] ConditionMgr:805 - Attr not supported : Dmpu
2025-06-23 14:48:54,361 [ERROR] ConditionMgr:805 - Attr not supported : Dmpu
2025-06-23 14:48:54,361 [ERROR] ConditionMgr:805 - Attr not supported : Dmpu
2025-06-23 14:48:54,361 [ERROR] ConditionMgr:805 - Attr not supported : Dmpu
2025-06-23 14:48:54,361 [ERROR] ConditionMgr:805 - Attr not supported : Dmpu
2025-06-23 14:48:54,361 [ERROR] ConditionMgr:805 - Attr not supported : Dmpu
2025-06-23 14:48:54,361 [ERROR] ConditionMgr:805 - Attr not supported : Dmpu
2025-06-23 14:48:54,361 [ERROR] ConditionMgr:805 - Attr not supported : Dmpu
2025-06-23 14:48:54,361 [ERROR] ConditionMgr:805 - Attr not supported : Dmpu
2025-06-23 14:48:54,361 [ERROR] ConditionMgr:805 - Attr not supported : Dmpu
2025-06-23 14:48:54,361 [ERROR] ConditionMgr:805 - Attr not supported : Dmpu
2025-06-23 14:48:54,361 [ERROR] ConditionMgr:805 - Attr not supported : Dmpu
2025-06-23 14:48:54,361 [ERROR] ConditionMgr:805 - Attr not supported : Dmpu
2025-06-23 14:48:54,361 [ERROR] ConditionMgr:805 - Attr not supported : Dmpu
2025-06-23 14:48:54,361 [ERROR] ConditionMgr:805 - Attr not supported : Dmpu
2025-06-23 14:48:54,361 [ERROR] ConditionMgr:805 - Attr not supported : Dmpu
2025-06-23 14:48:54,361 [ERROR] ConditionMgr:805 - Attr not supported : Dmpu
2025-06-23 14:48:54,361 [ERROR] ConditionMgr:805 - Attr not supported : Dmpu
2025-06-23 14:48:54,361 [ERROR] ConditionMgr:805 - Attr not supported : Dmpu
2025-06-23 14:48:54,361 [ERROR] ConditionMgr:805 - Attr not supported : Dmpu
2025-06-23 14:48:54,361 [ERROR] ConditionMgr:805 - Attr not supported : Dmpu
2025-06-23 14:48:54,361 [ERROR] ConditionMgr:805 - Attr not supported : Dmpu
2025-06-23 14:48:54,362 [ERROR] ConditionMgr:805 - Attr not supported : Dmpu
2025-06-23 14:48:54,362 [ERROR] ConditionMgr:805 - Attr not supported : Dmpu
2025-06-23 14:48:54,362 [ERROR] ConditionMgr:805 - Attr not supported : Dmpu
2025-06-23 14:48:54,362 [ERROR] ConditionMgr:805 - Attr not supported : Dmpu
2025-06-23 14:48:54,362 [ERROR] ConditionMgr:805 - Attr not supported : Dmpu
2025-06-23 14:48:54,362 [ERROR] ConditionMgr:805 - Attr not supported : Dmpu
2025-06-23 14:48:54,362 [ERROR] ConditionMgr:805 - Attr not supported : Dmpu
2025-06-23 14:48:54,376 [WARN] PackLoader:240 - Cannot read IP mode file for STMicroelectronics.X-CUBE-WB05N.2.0.0
2025-06-23 14:48:54,391 [WARN] PackLoader:240 - Cannot read IP mode file for STMicroelectronics.X-CUBE-BLEMGR.3.0.0
2025-06-23 14:48:54,403 [ERROR] Engine:466 - C:\Users\RND1\.stm32cubemx\thirdparties\pdsc\STMicroelectronics.X-CUBE-TCPP.4.2.0.pdsc: PDSC version is not supported
2025-06-23 14:48:54,418 [WARN] PackLoader:240 - Cannot read IP mode file for RealThread.X-CUBE-RT-Thread_Nano.4.1.1
2025-06-23 14:48:54,424 [WARN] PackLoader:240 - Cannot read IP mode file for STMicroelectronics.FP-ATR-SIGFOX1.3.2.0
2025-06-23 14:48:54,430 [WARN] ConditionMgr:438 - getConditionDescription Invalid condition id : Cortex-A Device cause : null
2025-06-23 14:48:54,450 [WARN] ConditionMgr:1039 - genDependencies : Invalid condition id : Cortex-A Device cause : null
2025-06-23 14:48:54,451 [WARN] ConditionMgr:1039 - genDependencies : Invalid condition id : Cortex-A Device cause : null
2025-06-23 14:48:54,451 [WARN] ConditionMgr:1039 - genDependencies : Invalid condition id : Cortex-A Device cause : null
2025-06-23 14:48:54,467 [WARN] PackLoader:240 - Cannot read IP mode file for STMicroelectronics.X-CUBE-EEPRMA1.5.1.0
2025-06-23 14:48:54,481 [ERROR] Engine:466 - C:\Users\RND1\.stm32cubemx\thirdparties\pdsc\STMicroelectronics.X-CUBE-ST67W61.1.0.0.pdsc: PDSC version is not supported
2025-06-23 14:48:54,509 [WARN] PackLoader:240 - Cannot read IP mode file for SEGGER.I-CUBE-embOS.1.3.1
2025-06-23 14:48:54,536 [WARN] PackLoader:240 - Cannot read IP mode file for STMicroelectronics.X-CUBE-ALGOBUILD.1.4.0
2025-06-23 14:48:54,571 [WARN] PackLoader:240 - Cannot read IP mode file for STMicroelectronics.X-CUBE-MEMS1.11.3.0
2025-06-23 14:48:54,629 [WARN] PackLoader:240 - Cannot read IP mode file for STMicroelectronics.X-CUBE-AI.9.1.0
2025-06-23 14:48:54,632 [WARN] PackLoader:240 - Cannot read IP mode file for STMicroelectronics.X-CUBE-PM33A1.1.0.0
2025-06-23 14:48:54,646 [WARN] PackLoader:240 - Cannot read IP mode file for STMicroelectronics.X-CUBE-GNSS1.6.0.0
2025-06-23 14:48:54,669 [WARN] PackLoader:240 - Cannot read IP mode file for STMicroelectronics.X-CUBE-AZRTOS-F4.1.1.0
2025-06-23 14:48:54,684 [WARN] PackLoader:240 - Cannot read IP mode file for wolfSSL.I-CUBE-wolfSSL.5.6.4
2025-06-23 14:48:54,686 [ERROR] Engine:466 - C:\Users\RND1\.stm32cubemx\thirdparties\pdsc\Avnet-IotConnect.X-CUBE-IoTC-DA16k-PMOD.1.0.0.pdsc: PDSC version is not supported
2025-06-23 14:48:54,699 [WARN] PackLoader:240 - Cannot read IP mode file for STMicroelectronics.X-CUBE-ISPU.2.1.0
2025-06-23 14:48:54,711 [WARN] PackLoader:240 - Cannot read IP mode file for STMicroelectronics.X-CUBE-FREERTOS.1.2.0
2025-06-23 14:48:54,733 [WARN] PackLoader:240 - Cannot read IP mode file for STMicroelectronics.X-CUBE-AZRTOS-L5.2.0.0
2025-06-23 14:48:54,747 [WARN] PackLoader:240 - Cannot read IP mode file for STMicroelectronics.X-CUBE-EEPRMA1.4.2.0
2025-06-23 14:48:54,761 [WARN] PackLoader:240 - Cannot read IP mode file for STMicroelectronics.X-CUBE-NFC6.3.1.0
2025-06-23 14:48:54,775 [WARN] PackLoader:240 - Cannot read IP mode file for ITTIA_DB.I-CUBE-ITTIADB.8.8.0
2025-06-23 14:48:54,786 [WARN] PackLoader:240 - Cannot read IP mode file for STMicroelectronics.X-CUBE-DPower.1.2.0
2025-06-23 14:48:54,799 [WARN] PackLoader:240 - Cannot read IP mode file for STMicroelectronics.X-CUBE-AI.9.0.0
2025-06-23 14:48:54,802 [WARN] PackLoader:240 - Cannot read IP mode file for STMicroelectronics.X-CUBE-FREERTOS.1.3.1
2025-06-23 14:48:54,813 [WARN] PackLoader:240 - Cannot read IP mode file for STMicroelectronics.X-CUBE-FREERTOS.1.3.0
2025-06-23 14:48:54,824 [WARN] PackLoader:240 - Cannot read IP mode file for STMicroelectronics.X-CUBE-NFC7.1.0.1
2025-06-23 14:48:54,835 [WARN] PackLoader:240 - Cannot read IP mode file for STMicroelectronics.X-CUBE-NFC6.3.0.0
2025-06-23 14:48:54,846 [WARN] PackLoader:240 - Cannot read IP mode file for STMicroelectronics.X-CUBE-DPower.1.3.0
2025-06-23 14:48:54,855 [WARN] PackLoader:240 - Cannot read IP mode file for STMicroelectronics.X-CUBE-AI.8.1.0
2025-06-23 14:48:54,873 [WARN] ConditionMgr:438 - getConditionDescription Invalid condition id : LAN8742 Phy interface Condition cause : null
2025-06-23 14:48:54,874 [WARN] PackLoader:240 - Cannot read IP mode file for STMicroelectronics.X-CUBE-AZRTOS-L4.2.0.0
2025-06-23 14:48:54,874 [WARN] ConditionMgr:1039 - genDependencies : Invalid condition id : LAN8742 Phy interface Condition cause : null
2025-06-23 14:48:54,874 [WARN] ConditionMgr:1039 - genDependencies : Invalid condition id : LAN8742 Phy interface Condition cause : null
2025-06-23 14:48:54,875 [WARN] ConditionMgr:1039 - genDependencies : Invalid condition id : LAN8742 Phy interface Condition cause : null
2025-06-23 14:48:54,887 [WARN] PackLoader:240 - Cannot read IP mode file for STMicroelectronics.X-CUBE-SFXS2LP1.4.0.0
2025-06-23 14:48:54,906 [WARN] PackLoader:240 - Cannot read IP mode file for STMicroelectronics.X-CUBE-AZRTOS-H7.3.3.0
2025-06-23 14:48:54,920 [WARN] PackLoader:240 - Cannot read IP mode file for STMicroelectronics.X-CUBE-IPS.3.0.0
2025-06-23 14:48:54,938 [WARN] ConditionMgr:438 - getConditionDescription Invalid condition id : UX DEVICE CLASS RTOS Condition cause : null
2025-06-23 14:48:54,938 [WARN] ConditionMgr:438 - getConditionDescription Invalid condition id : UX DEVICE CLASS RTOS Condition cause : null
2025-06-23 14:48:54,939 [WARN] PackLoader:240 - Cannot read IP mode file for STMicroelectronics.X-CUBE-AZRTOS-WB.2.0.0
2025-06-23 14:48:54,939 [WARN] ConditionMgr:1039 - genDependencies : Invalid condition id : UX DEVICE CLASS RTOS Condition cause : null
2025-06-23 14:48:54,939 [WARN] ConditionMgr:1039 - genDependencies : Invalid condition id : UX DEVICE CLASS RTOS Condition cause : null
2025-06-23 14:48:54,939 [WARN] ConditionMgr:1039 - genDependencies : Invalid condition id : UX DEVICE CLASS RTOS Condition cause : null
2025-06-23 14:48:54,939 [WARN] ConditionMgr:1039 - genDependencies : Invalid condition id : UX DEVICE CLASS RTOS Condition cause : null
2025-06-23 14:48:54,940 [WARN] ConditionMgr:1039 - genDependencies : Invalid condition id : UX DEVICE CLASS RTOS Condition cause : null
2025-06-23 14:48:54,951 [WARN] PackLoader:240 - Cannot read IP mode file for STMicroelectronics.X-CUBE-GNSS1.7.0.0
2025-06-23 14:48:54,963 [WARN] PackLoader:240 - Cannot read IP mode file for STMicroelectronics.X-CUBE-GNSS1.7.0.1
2025-06-23 14:48:54,976 [WARN] PackLoader:240 - Cannot read IP mode file for STMicroelectronics.X-CUBE-TOUCHGFX.4.25.0
2025-06-23 14:48:54,989 [WARN] PackLoader:240 - Cannot read IP mode file for STMicroelectronics.FP-SNS-STBOX1.2.0.0
2025-06-23 14:48:55,006 [WARN] PackLoader:240 - Cannot read IP mode file for STMicroelectronics.X-CUBE-SUBG2.5.0.0
2025-06-23 14:48:55,030 [WARN] PackLoader:240 - Cannot read IP mode file for STMicroelectronics.X-CUBE-AZRTOS-H7RS.1.1.0
2025-06-23 14:48:55,050 [WARN] PackLoader:240 - Cannot read IP mode file for STMicroelectronics.X-CUBE-AZRTOS-G4.2.0.0
2025-06-23 14:48:55,072 [WARN] PackLoader:240 - Cannot read IP mode file for Infineon.AIROC-Wi-Fi-Bluetooth-STM32.1.5.1
2025-06-23 14:48:55,085 [WARN] PackLoader:240 - Cannot read IP mode file for STMicroelectronics.X-CUBE-NFC7.2.0.0
2025-06-23 14:48:55,098 [WARN] PackLoader:240 - Cannot read IP mode file for STMicroelectronics.FP-SNS-MOTENVWB1.1.3.1
2025-06-23 14:48:55,110 [WARN] PackLoader:240 - Cannot read IP mode file for STMicroelectronics.X-CUBE-ISPU.2.0.0
2025-06-23 14:48:55,121 [ERROR] Engine:466 - C:\Users\RND1\.stm32cubemx\thirdparties\pdsc\STMicroelectronics.X-CUBE-IPS.3.1.0.pdsc: PDSC version is not supported
2025-06-23 14:48:55,133 [WARN] PackLoader:240 - Cannot read IP mode file for STMicroelectronics.X-CUBE-ALS.1.0.2
2025-06-23 14:48:55,163 [WARN] PackLoader:240 - Cannot read IP mode file for STMicroelectronics.X-CUBE-MEMS1.10.0.0
2025-06-23 14:48:55,211 [WARN] PackLoader:240 - Cannot read IP mode file for STMicroelectronics.X-CUBE-FREERTOS.1.1.0
2025-06-23 14:48:55,221 [WARN] PackLoader:240 - Cannot read IP mode file for STMicroelectronics.X-CUBE-TOUCHGFX.4.24.0
2025-06-23 14:48:55,233 [WARN] PackLoader:240 - Cannot read IP mode file for STMicroelectronics.X-CUBE-TOUCHGFX.4.24.2
2025-06-23 14:48:55,244 [WARN] PackLoader:240 - Cannot read IP mode file for STMicroelectronics.X-CUBE-TOUCHGFX.4.24.1
2025-06-23 14:48:55,247 [WARN] PackLoader:240 - Cannot read IP mode file for wolfSSL.I-CUBE-wolfTPM.3.4.0
2025-06-23 14:48:55,258 [WARN] PackLoader:240 - Cannot read IP mode file for portGmbH.I-Cube-SoM-uGOAL.1.1.0
2025-06-23 14:48:55,267 [WARN] PackLoader:240 - Cannot read IP mode file for STMicroelectronics.X-CUBE-ALS.1.0.1
2025-06-23 14:48:55,284 [WARN] PackLoader:240 - Cannot read IP mode file for STMicroelectronics.X-CUBE-AZRTOS-H7RS.1.0.0
2025-06-23 14:48:55,295 [WARN] PackLoader:240 - Cannot read IP mode file for STMicroelectronics.FP-ATR-ASTRA1.2.0.0
2025-06-23 14:48:55,308 [WARN] PackLoader:240 - Cannot read IP mode file for STMicroelectronics.X-CUBE-TOF1.3.4.2
2025-06-23 14:48:55,323 [ERROR] Engine:466 - C:\Users\RND1\.stm32cubemx\thirdparties\pdsc\STMicroelectronics.X-CUBE-TOF1.3.4.3.pdsc: PDSC version is not supported
2025-06-23 14:48:55,336 [WARN] PackLoader:240 - Cannot read IP mode file for STMicroelectronics.X-CUBE-TOF1.3.4.0
2025-06-23 14:48:55,353 [WARN] PackLoader:240 - Cannot read IP mode file for STMicroelectronics.X-CUBE-TOF1.3.4.1
2025-06-23 14:48:55,377 [WARN] PackLoader:240 - Cannot read IP mode file for STMicroelectronics.X-CUBE-AZRTOS-H7.3.2.0
2025-06-23 14:48:55,382 [WARN] PackLoader:240 - Cannot read IP mode file for wolfSSL.I-CUBE-wolfSSH.1.4.17
2025-06-23 14:48:55,382 [INFO] ThirdParty:978 - Integrity check success = true
2025-06-23 14:48:55,382 [INFO] IntegrityCheckThread:100 - exiting critical section [integrity check]
2025-06-23 14:48:55,382 [INFO] IntegrityCheckThread:103 - End integrity checks thread
2025-06-23 15:20:13,271 [INFO] WebApp:189 - Connection lost
2025-06-23 15:20:13,563 [INFO] WebApp:186 - Connection restablished
2025-06-23 15:20:15,460 [INFO] WebApp:189 - Connection lost
2025-06-23 15:20:15,612 [INFO] WebApp:186 - Connection restablished
2025-06-23 15:37:35,379 [INFO] WebApp:388 - JxBrowser engine has been closed 
2025-06-23 15:37:47,363 [ERROR] LogOutputStream:75 - [STDERR_REDIRECT] 
