2025-07-01 15:24:03,361 [INFO] Activator:176 - 


2025-07-01 15:24:03,367 [INFO] Activator:177 - !SESSION log4j initialized
2025-07-01 15:24:08,598 [INFO] LogOutputStream:77 - [STDOUT_REDIRECT] 
2025-07-01 15:24:13,140 [INFO] ApplicationProperties:184 - Using Application install path: C:\ST\STM32CubeIDE_1.16.1\STM32CubeIDE\plugins\com.st.stm32cube.common.mx_6.12.1.202409122256
2025-07-01 15:24:13,155 [INFO] DbMcusXml:78 - Set database path to: C:\ST\STM32CubeIDE_1.16.1\STM32CubeIDE\plugins\com.st.stm32cube.common.mx_6.12.1.202409122256\\db\/mcu/
2025-07-01 15:24:13,156 [INFO] ApiDb:274 - Set plugin database path to: C:\ST\STM32CubeIDE_1.16.1\STM32CubeIDE\plugins\com.st.stm32cube.common.mx_6.12.1.202409122256\\db\/plugins/boardmanager/
2025-07-01 15:24:13,156 [WARN] ApiDb:259 - Overriding images path with different value:  => C:\ST\STM32CubeIDE_1.16.1\STM32CubeIDE\plugins\com.st.stm32cube.common.mx_6.12.1.202409122256\\db\/plugins/mcufinder/images/
2025-07-01 15:24:13,169 [INFO] ApiDb:250 - Set database path to: C:\Users\RND1\.stmcufinder\plugins\mcufinder//mcu/
2025-07-01 15:24:13,170 [INFO] DbMcusAds:125 - Set database path to: C:\Users\RND1\.stmcufinder\plugins\mcufinder//mcu/
2025-07-01 15:24:13,172 [INFO] CrossReferenceDbSqlite:203 - Set database path to: C:\Users\RND1\.stmcufinder\plugins\mcufinder//mcu/cs/
2025-07-01 15:24:13,254 [INFO] RulesReader:64 - Compatibility file has been processed (297 Rules)
2025-07-01 15:24:13,335 [INFO] DbMcusXml:78 - Set database path to: C:\ST\STM32CubeIDE_1.16.1\STM32CubeIDE\plugins\com.st.stm32cube.common.mx_6.12.1.202409122256\\db\/mcu/
2025-07-01 15:24:13,335 [INFO] ApiDb:274 - Set plugin database path to: C:\ST\STM32CubeIDE_1.16.1\STM32CubeIDE\plugins\com.st.stm32cube.common.mx_6.12.1.202409122256\\db\/plugins/boardmanager/
2025-07-01 15:24:13,335 [INFO] ApiDb:261 - Set plugin images path to: C:\ST\STM32CubeIDE_1.16.1\STM32CubeIDE\plugins\com.st.stm32cube.common.mx_6.12.1.202409122256\\db\/plugins/mcufinder/images/
2025-07-01 15:24:13,336 [WARN] DbFile:41 - Overriding database path with different value: C:\Users\RND1\.stmcufinder\plugins\mcufinder/ => C:\Users\RND1\.stmcufinder\plugins\mcufinder
2025-07-01 15:24:13,336 [INFO] ApiDb:250 - Set database path to: C:\Users\RND1\.stmcufinder\plugins\mcufinder//mcu/
2025-07-01 15:24:13,336 [WARN] DbFile:41 - Overriding database path with different value: C:\Users\RND1\.stmcufinder\plugins\mcufinder/ => C:\Users\RND1\.stmcufinder\plugins\mcufinder
2025-07-01 15:24:13,336 [INFO] DbMcusAds:125 - Set database path to: C:\Users\RND1\.stmcufinder\plugins\mcufinder//mcu/
2025-07-01 15:24:13,336 [WARN] DbFile:41 - Overriding database path with different value: C:\Users\RND1\.stmcufinder\plugins\mcufinder/ => C:\Users\RND1\.stmcufinder\plugins\mcufinder
2025-07-01 15:24:13,336 [WARN] DbFile:41 - Overriding database path with different value: C:\Users\RND1\.stmcufinder\plugins\mcufinder/ => C:\Users\RND1\.stmcufinder\plugins\mcufinder
2025-07-01 15:24:13,336 [INFO] CrossReferenceDbSqlite:203 - Set database path to: C:\Users\RND1\.stmcufinder\plugins\mcufinder//mcu/cs/
2025-07-01 15:24:13,401 [INFO] MainPanel:268 - HeapMemory: 268435456
2025-07-01 15:24:13,476 [INFO] DbMcusXml:78 - Set database path to: C:\ST\STM32CubeIDE_1.16.1\STM32CubeIDE\plugins\com.st.stm32cube.common.mx_6.12.1.202409122256\\db\/mcu/
2025-07-01 15:24:13,477 [INFO] ApiDb:274 - Set plugin database path to: C:\ST\STM32CubeIDE_1.16.1\STM32CubeIDE\plugins\com.st.stm32cube.common.mx_6.12.1.202409122256\\db\/plugins/boardmanager/
2025-07-01 15:24:13,477 [INFO] ApiDb:261 - Set plugin images path to: C:\ST\STM32CubeIDE_1.16.1\STM32CubeIDE\plugins\com.st.stm32cube.common.mx_6.12.1.202409122256\\db\/plugins/mcufinder/images/
2025-07-01 15:24:13,477 [WARN] DbFile:41 - Overriding database path with different value: C:\Users\RND1\.stmcufinder\plugins\mcufinder/ => C:\Users\RND1\.stmcufinder\plugins\mcufinder
2025-07-01 15:24:13,477 [INFO] ApiDb:250 - Set database path to: C:\Users\RND1\.stmcufinder\plugins\mcufinder//mcu/
2025-07-01 15:24:13,477 [WARN] DbFile:41 - Overriding database path with different value: C:\Users\RND1\.stmcufinder\plugins\mcufinder/ => C:\Users\RND1\.stmcufinder\plugins\mcufinder
2025-07-01 15:24:13,477 [INFO] DbMcusAds:125 - Set database path to: C:\Users\RND1\.stmcufinder\plugins\mcufinder//mcu/
2025-07-01 15:24:13,477 [WARN] DbFile:41 - Overriding database path with different value: C:\Users\RND1\.stmcufinder\plugins\mcufinder/ => C:\Users\RND1\.stmcufinder\plugins\mcufinder
2025-07-01 15:24:13,477 [WARN] DbFile:41 - Overriding database path with different value: C:\Users\RND1\.stmcufinder\plugins\mcufinder/ => C:\Users\RND1\.stmcufinder\plugins\mcufinder
2025-07-01 15:24:13,477 [INFO] CrossReferenceDbSqlite:203 - Set database path to: C:\Users\RND1\.stmcufinder\plugins\mcufinder//mcu/cs/
2025-07-01 15:24:13,490 [INFO] ApplicationProperties:184 - Using Application install path: C:\ST\STM32CubeIDE_1.16.1\STM32CubeIDE\plugins\com.st.stm32cube.common.mx_6.12.1.202409122256
2025-07-01 15:24:13,491 [INFO] PluginManage:196 - Search for loadable plugins [exclusion list=, ]
2025-07-01 15:24:13,492 [INFO] PluginManage:310 - Check plugin analytics
2025-07-01 15:24:13,652 [INFO] AnalyticsPlugin:253 - Accepted Software Licenses: STM32CubeMX.6.10.0
2025-07-01 15:24:13,652 [INFO] AnalyticsPlugin:255 - Accepted CMSIS Pack Licenses: 
2025-07-01 15:24:13,653 [INFO] AnalyticsPlugin:257 - Accepted Firmware Licenses: FW.G4.1.5.0,FW.G4.1.6.0,FW.F4.1.28.0,FW.H7.1.11.0
2025-07-01 15:24:13,656 [INFO] PluginManage:359 - Loaded plugin analytics (category:tool,tabindex:-1)
2025-07-01 15:24:13,656 [INFO] PluginManage:310 - Check plugin cadmodel
2025-07-01 15:24:13,675 [INFO] CADModel:105 - Init CAD model plugin
2025-07-01 15:24:13,675 [INFO] PluginManage:359 - Loaded plugin cadmodel (category:power,tabindex:5)
2025-07-01 15:24:13,676 [INFO] PluginManage:310 - Check plugin clock
2025-07-01 15:24:13,701 [INFO] PluginManage:359 - Loaded plugin clock (category:base,tabindex:2)
2025-07-01 15:24:13,701 [INFO] PluginManage:310 - Check plugin ddr
2025-07-01 15:24:13,704 [INFO] PluginManage:359 - Loaded plugin ddr (category:tool,tabindex:6)
2025-07-01 15:24:13,705 [INFO] PluginManage:310 - Check plugin filemanager
2025-07-01 15:24:13,836 [INFO] PluginManage:359 - Loaded plugin filemanager (category:base,tabindex:10)
2025-07-01 15:24:13,836 [INFO] PluginManage:310 - Check plugin ipmanager
2025-07-01 15:24:13,843 [INFO] PluginManage:359 - Loaded plugin ipmanager (category:base,tabindex:5)
2025-07-01 15:24:13,844 [INFO] PluginManage:310 - Check plugin lpbam
2025-07-01 15:24:13,861 [INFO] PluginManage:359 - Loaded plugin lpbam (category:base,tabindex:0)
2025-07-01 15:24:13,861 [INFO] PluginManage:310 - Check plugin memorymap
2025-07-01 15:24:13,882 [INFO] PluginManage:359 - Loaded plugin memorymap (category:base,tabindex:4)
2025-07-01 15:24:13,882 [INFO] PluginManage:310 - Check plugin pinoutandconfiguration
2025-07-01 15:24:13,898 [INFO] PluginManage:359 - Loaded plugin pinoutandconfiguration (category:base,tabindex:1)
2025-07-01 15:24:13,898 [INFO] PluginManage:310 - Check plugin pinoutconfig
2025-07-01 15:24:13,973 [WARN] SupportedApi:132 - Cannot load RTOS API schema: s4s-elt-must-match.1: The content of 'definitions' must match (annotation?, (simpleType | complexType)?, (unique | key | keyref)*)). A problem was found starting at: attribute.
2025-07-01 15:24:14,076 [INFO] PluginManage:359 - Loaded plugin pinoutconfig (category:base,tabindex:0)
2025-07-01 15:24:14,076 [INFO] PluginManage:310 - Check plugin power
2025-07-01 15:24:14,093 [INFO] PluginManage:359 - Loaded plugin power (category:power,tabindex:4)
2025-07-01 15:24:14,093 [INFO] PluginManage:310 - Check plugin projectmanager
2025-07-01 15:24:14,105 [INFO] PluginManage:359 - Loaded plugin projectmanager (category:projectmanager,tabindex:4)
2025-07-01 15:24:14,105 [INFO] PluginManage:310 - Check plugin rif
2025-07-01 15:24:14,119 [INFO] PluginManage:359 - Loaded plugin rif (category:base,tabindex:3)
2025-07-01 15:24:14,120 [INFO] PluginManage:310 - Check plugin thirdparty
2025-07-01 15:24:14,347 [INFO] PluginManage:359 - Loaded plugin thirdparty (category:base,tabindex:-1)
2025-07-01 15:24:14,347 [INFO] PluginManage:310 - Check plugin tools
2025-07-01 15:24:14,347 [WARN] IntegrityCheckThread:84 - waiting for thirdparty lock release [integrity check]
2025-07-01 15:24:14,347 [INFO] IntegrityCheckThread:86 - entering critical section [integrity check]
2025-07-01 15:24:14,348 [INFO] ThirdPartyUpdaterWithRetryManager:70 - Updater plugin not ready yet. [1/15]
2025-07-01 15:24:14,378 [INFO] PluginManage:359 - Loaded plugin tools (category:base,tabindex:7)
2025-07-01 15:24:14,379 [INFO] PluginManage:310 - Check plugin tutovideos
2025-07-01 15:24:14,519 [INFO] PluginManage:359 - Loaded plugin tutovideos (category:base,tabindex:-1)
2025-07-01 15:24:14,519 [INFO] PluginManage:310 - Check plugin updater
2025-07-01 15:24:14,532 [INFO] PluginManage:359 - Loaded plugin updater (category:base,tabindex:12)
2025-07-01 15:24:14,532 [INFO] PluginManage:310 - Check plugin userauth
2025-07-01 15:24:14,537 [INFO] UserAuth:113 - Init User Auth plugin
2025-07-01 15:24:14,537 [INFO] PluginManage:359 - Loaded plugin userauth (category:base,tabindex:14)
2025-07-01 15:24:14,537 [INFO] PluginManage:283 - PluginManage : Loaded plugins [18]
2025-07-01 15:24:14,698 [INFO] PinOutPanel:1561 - setPackage(No Configuration,No Configuration)
2025-07-01 15:24:14,770 [INFO] CADModel:165 - CPN selected for project level
2025-07-01 15:24:14,771 [INFO] CADModel:114 - Register for checkConnection events
2025-07-01 15:24:14,794 [INFO] IPUIPlugin:80 - create IPUIPlugin
2025-07-01 15:24:14,794 [INFO] PluginManager:220 - loadIPPluginJar : add adc
2025-07-01 15:24:14,826 [INFO] IPUIPlugin:80 - create IPUIPlugin
2025-07-01 15:24:14,826 [INFO] PluginManager:220 - loadIPPluginJar : add aes
2025-07-01 15:24:14,858 [INFO] IPUIPlugin:80 - create IPUIPlugin
2025-07-01 15:24:14,858 [INFO] PluginManager:220 - loadIPPluginJar : add can
2025-07-01 15:24:14,879 [INFO] IPUIPlugin:80 - create IPUIPlugin
2025-07-01 15:24:14,879 [INFO] PluginManager:220 - loadIPPluginJar : add comp
2025-07-01 15:24:14,905 [INFO] IPUIPlugin:80 - create IPUIPlugin
2025-07-01 15:24:14,905 [INFO] PluginManager:220 - loadIPPluginJar : add cryp
2025-07-01 15:24:14,916 [INFO] IPUIPlugin:80 - create IPUIPlugin
2025-07-01 15:24:14,916 [INFO] PluginManager:220 - loadIPPluginJar : add ddr_ctrl_phy
2025-07-01 15:24:14,942 [INFO] IPUIPlugin:80 - create IPUIPlugin
2025-07-01 15:24:14,943 [INFO] PluginManager:220 - loadIPPluginJar : add dfsdm
2025-07-01 15:24:14,956 [INFO] IPUIPlugin:80 - create IPUIPlugin
2025-07-01 15:24:14,956 [INFO] PluginManager:220 - loadIPPluginJar : add dma
2025-07-01 15:24:14,993 [INFO] IPUIPlugin:80 - create IPUIPlugin
2025-07-01 15:24:14,993 [INFO] PluginManager:220 - loadIPPluginJar : add dma3
2025-07-01 15:24:15,028 [INFO] IPUIPlugin:80 - create IPUIPlugin
2025-07-01 15:24:15,028 [INFO] PluginManager:220 - loadIPPluginJar : add extmemmanager
2025-07-01 15:24:15,046 [INFO] IPUIPlugin:80 - create IPUIPlugin
2025-07-01 15:24:15,046 [INFO] PluginManager:220 - loadIPPluginJar : add fatfs
2025-07-01 15:24:15,083 [INFO] IPUIPlugin:80 - create IPUIPlugin
2025-07-01 15:24:15,083 [INFO] PluginManager:220 - loadIPPluginJar : add fmc
2025-07-01 15:24:15,097 [INFO] IPUIPlugin:80 - create IPUIPlugin
2025-07-01 15:24:15,097 [INFO] PluginManager:220 - loadIPPluginJar : add freertos
2025-07-01 15:24:15,114 [INFO] IPUIPlugin:80 - create IPUIPlugin
2025-07-01 15:24:15,114 [INFO] PluginManager:220 - loadIPPluginJar : add genericplugin
2025-07-01 15:24:15,181 [INFO] IPUIPlugin:80 - create IPUIPlugin
2025-07-01 15:24:15,181 [INFO] PluginManager:220 - loadIPPluginJar : add gfxmmu
2025-07-01 15:24:15,278 [INFO] IPUIPlugin:80 - create IPUIPlugin
2025-07-01 15:24:15,278 [INFO] PluginManager:220 - loadIPPluginJar : add gic
2025-07-01 15:24:15,290 [INFO] IPUIPlugin:80 - create IPUIPlugin
2025-07-01 15:24:15,290 [INFO] PluginManager:220 - loadIPPluginJar : add gpio
2025-07-01 15:24:15,355 [INFO] IPUIPlugin:80 - create IPUIPlugin
2025-07-01 15:24:15,356 [INFO] PluginManager:220 - loadIPPluginJar : add gtzc
2025-07-01 15:24:15,385 [INFO] IPUIPlugin:80 - create IPUIPlugin
2025-07-01 15:24:15,385 [INFO] PluginManager:220 - loadIPPluginJar : add hash
2025-07-01 15:24:15,429 [INFO] IPUIPlugin:80 - create IPUIPlugin
2025-07-01 15:24:15,429 [INFO] PluginManager:220 - loadIPPluginJar : add i2c
2025-07-01 15:24:15,460 [INFO] IPUIPlugin:80 - create IPUIPlugin
2025-07-01 15:24:15,461 [INFO] PluginManager:220 - loadIPPluginJar : add i2s
2025-07-01 15:24:15,492 [INFO] IPUIPlugin:80 - create IPUIPlugin
2025-07-01 15:24:15,492 [INFO] PluginManager:220 - loadIPPluginJar : add i3c
2025-07-01 15:24:15,564 [INFO] IPUIPlugin:80 - create IPUIPlugin
2025-07-01 15:24:15,564 [INFO] PluginManager:220 - loadIPPluginJar : add ipddr
2025-07-01 15:24:15,636 [INFO] IPUIPlugin:80 - create IPUIPlugin
2025-07-01 15:24:15,636 [INFO] PluginManager:220 - loadIPPluginJar : add linkedlist
2025-07-01 15:24:15,666 [INFO] IPUIPlugin:80 - create IPUIPlugin
2025-07-01 15:24:15,666 [INFO] PluginManager:220 - loadIPPluginJar : add lorawan
2025-07-01 15:24:15,695 [INFO] IPUIPlugin:80 - create IPUIPlugin
2025-07-01 15:24:15,695 [INFO] PluginManager:220 - loadIPPluginJar : add ltdc
2025-07-01 15:24:15,707 [INFO] IPUIPlugin:80 - create IPUIPlugin
2025-07-01 15:24:15,707 [INFO] PluginManager:220 - loadIPPluginJar : add mdma
2025-07-01 15:24:15,718 [INFO] IPUIPlugin:80 - create IPUIPlugin
2025-07-01 15:24:15,719 [INFO] PluginManager:220 - loadIPPluginJar : add nvic
2025-07-01 15:24:15,750 [INFO] IPUIPlugin:80 - create IPUIPlugin
2025-07-01 15:24:15,750 [INFO] PluginManager:220 - loadIPPluginJar : add opamp
2025-07-01 15:24:15,796 [INFO] IPUIPlugin:80 - create IPUIPlugin
2025-07-01 15:24:15,796 [INFO] PluginManager:220 - loadIPPluginJar : add openamp
2025-07-01 15:24:15,829 [INFO] IPUIPlugin:80 - create IPUIPlugin
2025-07-01 15:24:15,829 [INFO] PluginManager:220 - loadIPPluginJar : add pdm2pcm
2025-07-01 15:24:15,842 [INFO] IPUIPlugin:80 - create IPUIPlugin
2025-07-01 15:24:15,843 [INFO] PluginManager:220 - loadIPPluginJar : add plateformsettings
2025-07-01 15:24:15,862 [INFO] IPUIPlugin:80 - create IPUIPlugin
2025-07-01 15:24:15,862 [INFO] PluginManager:220 - loadIPPluginJar : add quadspi
2025-07-01 15:24:15,884 [INFO] IPUIPlugin:80 - create IPUIPlugin
2025-07-01 15:24:15,884 [INFO] PluginManager:220 - loadIPPluginJar : add radio
2025-07-01 15:24:15,897 [INFO] IPUIPlugin:80 - create IPUIPlugin
2025-07-01 15:24:15,897 [INFO] PluginManager:220 - loadIPPluginJar : add resmgrutility
2025-07-01 15:24:15,933 [INFO] IPUIPlugin:80 - create IPUIPlugin
2025-07-01 15:24:15,934 [INFO] PluginManager:220 - loadIPPluginJar : add sai
2025-07-01 15:24:15,962 [INFO] IPUIPlugin:80 - create IPUIPlugin
2025-07-01 15:24:15,962 [INFO] PluginManager:220 - loadIPPluginJar : add spi
2025-07-01 15:24:16,012 [INFO] IPUIPlugin:80 - create IPUIPlugin
2025-07-01 15:24:16,012 [INFO] PluginManager:220 - loadIPPluginJar : add stm32_wpan
2025-07-01 15:24:16,032 [INFO] IPUIPlugin:80 - create IPUIPlugin
2025-07-01 15:24:16,033 [INFO] PluginManager:220 - loadIPPluginJar : add tim
2025-07-01 15:24:16,077 [INFO] IPUIPlugin:80 - create IPUIPlugin
2025-07-01 15:24:16,077 [INFO] PluginManager:220 - loadIPPluginJar : add touchsensing
2025-07-01 15:24:16,096 [INFO] IPUIPlugin:80 - create IPUIPlugin
2025-07-01 15:24:16,096 [INFO] PluginManager:220 - loadIPPluginJar : add tracer_emb
2025-07-01 15:24:16,115 [INFO] IPUIPlugin:80 - create IPUIPlugin
2025-07-01 15:24:16,115 [INFO] PluginManager:220 - loadIPPluginJar : add ts
2025-07-01 15:24:16,133 [INFO] IPUIPlugin:80 - create IPUIPlugin
2025-07-01 15:24:16,133 [INFO] PluginManager:220 - loadIPPluginJar : add tsc
2025-07-01 15:24:16,152 [INFO] IPUIPlugin:80 - create IPUIPlugin
2025-07-01 15:24:16,152 [INFO] PluginManager:220 - loadIPPluginJar : add ucpd
2025-07-01 15:24:16,185 [INFO] IPUIPlugin:80 - create IPUIPlugin
2025-07-01 15:24:16,186 [INFO] PluginManager:220 - loadIPPluginJar : add usart
2025-07-01 15:24:16,218 [INFO] IPUIPlugin:80 - create IPUIPlugin
2025-07-01 15:24:16,218 [INFO] PluginManager:220 - loadIPPluginJar : add usbx
2025-07-01 15:24:16,327 [INFO] CADModel:165 - CPN selected for project level
2025-07-01 15:24:16,328 [INFO] CADModel:114 - Register for checkConnection events
2025-07-01 15:24:16,328 [FATAL] Updater:334 - Updater called before beeing initialized
2025-07-01 15:24:16,328 [ERROR] CADModel:125 - Updater not yet initialized, retry later 
2025-07-01 15:24:16,420 [INFO] CADModel:165 - CPN selected for project level
2025-07-01 15:24:16,420 [INFO] CADModel:114 - Register for checkConnection events
2025-07-01 15:24:16,420 [FATAL] Updater:334 - Updater called before beeing initialized
2025-07-01 15:24:16,420 [ERROR] CADModel:125 - Updater not yet initialized, retry later 
2025-07-01 15:24:16,423 [FATAL] Updater:334 - Updater called before beeing initialized
2025-07-01 15:24:16,519 [FATAL] Updater:334 - Updater called before beeing initialized
2025-07-01 15:24:16,528 [INFO] DbMcusAds:53 - JSON generation date=Thu Jun 19 17:32:34 KST 2025 (1750321954415)
2025-07-01 15:24:16,528 [FATAL] Updater:334 - Updater called before beeing initialized
2025-07-01 15:24:16,557 [WARN] DetailPanel:346 - Failed to get advertising image, set to default
2025-07-01 15:24:16,630 [FATAL] Updater:334 - Updater called before beeing initialized
2025-07-01 15:24:16,631 [FATAL] Updater:334 - Updater called before beeing initialized
2025-07-01 15:24:16,631 [FATAL] Updater:334 - Updater called before beeing initialized
2025-07-01 15:24:16,631 [WARN] DetailPanel:346 - Failed to get advertising image, set to default
2025-07-01 15:24:16,632 [FATAL] Updater:334 - Updater called before beeing initialized
2025-07-01 15:24:16,674 [ERROR] Updater:1164 - MainUpdater not yet initialized. External WinMGr cannot be set.
2025-07-01 15:24:16,682 [INFO] Updater:1100 - Updater Version found : 6.12.1
2025-07-01 15:24:16,696 [INFO] ApplicationProperties:184 - Using Application install path: C:\ST\STM32CubeIDE_1.16.1\STM32CubeIDE\plugins\com.st.stm32cube.common.mx_6.12.1.202409122256
2025-07-01 15:24:16,785 [INFO] MainUpdater:526 - Copy updater definitions from MX database
2025-07-01 15:24:17,348 [INFO] ThirdPartyUpdaterWithRetryManager:70 - Updater plugin not ready yet. [2/15]
2025-07-01 15:24:17,426 [INFO] MainUpdater:2873 - connection check result : 10
2025-07-01 15:24:17,427 [INFO] MainUpdater:3567 - Updater definition file requires update
2025-07-01 15:24:17,428 [INFO] MainUpdater:290 - Updater Check For Update Now.
2025-07-01 15:24:17,428 [INFO] MicroXplorer:498 - Change Database Version : DB.6.0.121
2025-07-01 15:24:17,441 [INFO] McuFinderGlobals:63 - Set McuFinder mode to 2 (CubeIDE integrated)
2025-07-01 15:24:17,447 [INFO] UserAuth:417 - Internet connection configuration mode: 1
2025-07-01 15:24:17,469 [INFO] JxBrowserEngine:152 - Initiate JxBrowser Engine with user profile folder
2025-07-01 15:24:17,861 [INFO] ServerAccessManage:473 - Download File updaters.zip
2025-07-01 15:24:18,255 [INFO] FileExtend:240 - Unzip File : updaters.zip
2025-07-01 15:24:18,256 [INFO] FileExtend:255 - Standard Zip Deflate
2025-07-01 15:24:19,048 [INFO] ServerAccessManage:473 - Download File PacksControlFlags.xml
2025-07-01 15:24:19,231 [INFO] ServerAccessManage:473 - Download File cubemx.pidx
2025-07-01 15:24:19,871 [INFO] ServerAccessManage:473 - Download File STMicroelectronics.FP-SNS-STAIOTCFT.pdsc
2025-07-01 15:24:20,117 [INFO] WebApp:167 - Instantiating new browser for Auth
2025-07-01 15:24:20,350 [WARN] MainUpdater:1194 - Updater busy. Cannot search thirdparties
2025-07-01 15:24:20,350 [INFO] ThirdPartyUpdaterWithRetryManager:96 - Updater plugin is busy. [1/15]
2025-07-01 15:24:20,620 [INFO] ServerAccessManage:473 - Download File STMicroelectronics.X-CUBE-FREERTOS.pdsc
2025-07-01 15:24:20,785 [INFO] WebApp:448 - Apply proxy settings
2025-07-01 15:24:20,790 [INFO] WebApp:493 - Chromium authenticates against Manually configured proxy
2025-07-01 15:24:20,795 [INFO] WebApp:501 - Username used for proxy authentication: 
2025-07-01 15:24:20,820 [INFO] WebApp:869 - Register for checkConnection events
2025-07-01 15:24:20,820 [INFO] WebApp:448 - Apply proxy settings
2025-07-01 15:24:20,824 [INFO] WebApp:493 - Chromium authenticates against Manually configured proxy
2025-07-01 15:24:20,824 [INFO] WebApp:501 - Username used for proxy authentication: 
2025-07-01 15:24:20,952 [INFO] WebApp:220 - Starting web application
2025-07-01 15:24:20,952 [INFO] WebApp:578 - Web application path used C:\ST\STM32CubeIDE_1.16.1\STM32CubeIDE\plugins\com.st.stm32cube.common.mx_6.12.1.202409122256\db\plugins\mcufinder\reactClient1\index.html
2025-07-01 15:24:21,077 [INFO] UserAuth:417 - Internet connection configuration mode: 1
2025-07-01 15:24:21,124 [INFO] WebApp:186 - Connection restablished
2025-07-01 15:24:23,076 [WARN] PopulateThirdPartyThread:106 - Error when creating pack: C:/Users/RND1/.stm32cubemx/thirdparties/pdsc/STMicroelectronics.FP-SNS-STAIOTCFT.pdsc
2025-07-01 15:24:23,122 [WARN] PackLoader:240 - Cannot read IP mode file for STMicroelectronics.X-CUBE-FREERTOS.1.3.1
2025-07-01 15:24:23,124 [INFO] PopulateThirdPartyThread:66 - Ending populate Thread
2025-07-01 15:24:23,125 [INFO] ThirdParty:1030 - CMSIS Pack Vendor :STMicroelectronics X-CUBE-FREERTOS 1.3.1
2025-07-01 15:24:23,125 [INFO] LoadServerUpdatesThread:375 - End of LoadServerUpdate Thread
2025-07-01 15:24:23,225 [INFO] CheckServerUpdateThread:120 - End of CheckServer Thread
2025-07-01 15:24:23,608 [WARN] PackLoader:240 - Cannot read IP mode file for STMicroelectronics.FP-SNS-MOTENVWB1.1.4.0
2025-07-01 15:24:23,612 [WARN] PackLoader:240 - Cannot read IP mode file for STMicroelectronics.FP-ATR-ASTRA1.2.0.2
2025-07-01 15:24:23,623 [WARN] PackLoader:240 - Cannot read IP mode file for STMicroelectronics.FP-ATR-ASTRA1.2.0.1
2025-07-01 15:24:23,634 [WARN] PackLoader:240 - Cannot read IP mode file for STMicroelectronics.X-CUBE-SMBUS.2.1.0
2025-07-01 15:24:23,646 [WARN] PackLoader:240 - Cannot read IP mode file for STMicroelectronics.X-CUBE-WB05N.1.1.0
2025-07-01 15:24:23,655 [ERROR] Engine:466 - C:\Users\RND1\.stm32cubemx\thirdparties\pdsc\STMicroelectronics.X-CUBE-ST60.1.0.0.pdsc: PDSC version is not supported
2025-07-01 15:24:23,665 [WARN] PackLoader:240 - Cannot read IP mode file for STMicroelectronics.X-CUBE-TOUCHGFX.4.23.0
2025-07-01 15:24:23,675 [WARN] PackLoader:240 - Cannot read IP mode file for STMicroelectronics.X-CUBE-TOUCHGFX.4.23.2
2025-07-01 15:24:23,698 [WARN] PackLoader:240 - Cannot read IP mode file for STMicroelectronics.X-CUBE-AZRTOS-F7.1.1.0
2025-07-01 15:24:23,712 [WARN] PackLoader:240 - Cannot read IP mode file for STMicroelectronics.FP-SNS-MOTENV1.4.3.2
2025-07-01 15:24:23,750 [WARN] PackLoader:240 - Cannot read IP mode file for STMicroelectronics.X-CUBE-MEMS1.11.0.0
2025-07-01 15:24:23,834 [WARN] PackLoader:240 - Cannot read IP mode file for STMicroelectronics.FP-SNS-FLIGHT1.5.0.2
2025-07-01 15:24:23,851 [WARN] PackLoader:240 - Cannot read IP mode file for STMicroelectronics.X-CUBE-DISPLAY.3.0.0
2025-07-01 15:24:23,868 [WARN] PackLoader:240 - Cannot read IP mode file for STMicroelectronics.X-CUBE-BLE1.7.0.0
2025-07-01 15:24:23,888 [WARN] PackLoader:240 - Cannot read IP mode file for STMicroelectronics.X-CUBE-NFC10.1.0.0
2025-07-01 15:24:23,905 [WARN] PackLoader:240 - Cannot read IP mode file for STMicroelectronics.X-CUBE-BLEMGR.4.0.0
2025-07-01 15:24:23,924 [WARN] PackLoader:240 - Cannot read IP mode file for emotas.I-CUBE-CANOPEN.1.3.0
2025-07-01 15:24:23,947 [WARN] PackLoader:240 - Cannot read IP mode file for STMicroelectronics.X-CUBE-BLEMGR.3.1.0
2025-07-01 15:24:23,964 [WARN] PackLoader:240 - Cannot read IP mode file for STMicroelectronics.X-CUBE-AI.10.0.0
2025-07-01 15:24:23,978 [WARN] PackLoader:240 - Cannot read IP mode file for STMicroelectronics.FP-SNS-SMARTAG2.1.2.0
2025-07-01 15:24:23,982 [ERROR] Engine:466 - C:\Users\RND1\.stm32cubemx\thirdparties\pdsc\STMicroelectronics.FP-SNS-FLIGHT1.5.1.0.pdsc: PDSC version is not supported
2025-07-01 15:24:24,029 [WARN] PackLoader:240 - Cannot read IP mode file for STMicroelectronics.X-CUBE-MEMS1.11.1.0
2025-07-01 15:24:24,100 [INFO] LogOutputStream:77 - [STDOUT_REDIRECT] 1 : Invalid condition id : UX_CORESTACK_Condition cause : null
2025-07-01 15:24:24,101 [INFO] LogOutputStream:77 - [STDOUT_REDIRECT] 1 : Invalid condition id : UX_CORESTACK_Condition cause : null
2025-07-01 15:24:24,102 [INFO] LogOutputStream:77 - [STDOUT_REDIRECT] 1 : Invalid condition id : UX_CORESTACK_Condition cause : null
2025-07-01 15:24:24,103 [INFO] LogOutputStream:77 - [STDOUT_REDIRECT] 1 : Invalid condition id : UX_CORESTACK_Condition cause : null
2025-07-01 15:24:24,104 [INFO] LogOutputStream:77 - [STDOUT_REDIRECT] 1 : Invalid condition id : UX_CORESTACK_Condition cause : null
2025-07-01 15:24:24,106 [WARN] PackLoader:240 - Cannot read IP mode file for STMicroelectronics.X-CUBE-AZRTOS-WL.2.0.0
2025-07-01 15:24:24,123 [WARN] PackLoader:240 - Cannot read IP mode file for STMicroelectronics.FP-SNS-MOTENV1.5.0.0
2025-07-01 15:24:24,130 [WARN] PackLoader:240 - Cannot read IP mode file for wolfSSL.I-CUBE-wolfMQTT.1.19.0
2025-07-01 15:24:24,149 [WARN] PackLoader:240 - Cannot read IP mode file for WES.I-CUBE-Cesium.1.3.0
2025-07-01 15:24:24,163 [WARN] PackLoader:240 - Cannot read IP mode file for STMicroelectronics.X-CUBE-BLE2.3.3.0
2025-07-01 15:24:24,179 [WARN] PackLoader:240 - Cannot read IP mode file for STMicroelectronics.X-CUBE-NFC9.1.0.0
2025-07-01 15:24:24,199 [WARN] PackLoader:240 - Cannot read IP mode file for STMicroelectronics.X-CUBE-BLE1.7.1.0
2025-07-01 15:24:24,215 [WARN] PackLoader:240 - Cannot read IP mode file for STMicroelectronics.X-CUBE-TCPP.4.1.0
2025-07-01 15:24:24,230 [WARN] PackLoader:240 - Cannot read IP mode file for STMicroelectronics.X-CUBE-AI.10.1.0
2025-07-01 15:24:24,244 [WARN] PackLoader:240 - Cannot read IP mode file for STMicroelectronics.X-CUBE-ALGOBUILD.1.3.0
2025-07-01 15:24:24,287 [WARN] PackLoader:240 - Cannot read IP mode file for STMicroelectronics.X-CUBE-MEMS1.11.2.0
2025-07-01 15:24:24,358 [WARN] PackLoader:240 - Cannot read IP mode file for STMicroelectronics.X-CUBE-AZRTOS-G0.1.1.0
2025-07-01 15:24:24,376 [WARN] PackLoader:240 - Cannot read IP mode file for STMicroelectronics.X-CUBE-SAFEA1.1.2.2
2025-07-01 15:24:24,395 [WARN] PackLoader:240 - Cannot read IP mode file for STMicroelectronics.X-CUBE-NFC4.3.0.0
2025-07-01 15:24:24,407 [WARN] PackLoader:240 - Cannot read IP mode file for wolfSSL.I-CUBE-wolfMQTT.1.18.0
2025-07-01 15:24:24,427 [WARN] PackLoader:240 - Cannot read IP mode file for EmbeddedOffice.I-CUBE-FS-RTOS.1.0.1
2025-07-01 15:24:24,427 [ERROR] ConditionMgr:805 - Attr not supported : Dmpu
2025-07-01 15:24:24,427 [ERROR] ConditionMgr:805 - Attr not supported : Dmpu
2025-07-01 15:24:24,427 [ERROR] ConditionMgr:805 - Attr not supported : Dmpu
2025-07-01 15:24:24,427 [ERROR] ConditionMgr:805 - Attr not supported : Dmpu
2025-07-01 15:24:24,427 [ERROR] ConditionMgr:805 - Attr not supported : Dmpu
2025-07-01 15:24:24,427 [ERROR] ConditionMgr:805 - Attr not supported : Dmpu
2025-07-01 15:24:24,427 [ERROR] ConditionMgr:805 - Attr not supported : Dmpu
2025-07-01 15:24:24,428 [ERROR] ConditionMgr:805 - Attr not supported : Dmpu
2025-07-01 15:24:24,428 [ERROR] ConditionMgr:805 - Attr not supported : Dmpu
2025-07-01 15:24:24,428 [ERROR] ConditionMgr:805 - Attr not supported : Dmpu
2025-07-01 15:24:24,428 [ERROR] ConditionMgr:805 - Attr not supported : Dmpu
2025-07-01 15:24:24,428 [ERROR] ConditionMgr:805 - Attr not supported : Dmpu
2025-07-01 15:24:24,428 [ERROR] ConditionMgr:805 - Attr not supported : Dmpu
2025-07-01 15:24:24,428 [ERROR] ConditionMgr:805 - Attr not supported : Dmpu
2025-07-01 15:24:24,428 [ERROR] ConditionMgr:805 - Attr not supported : Dmpu
2025-07-01 15:24:24,428 [ERROR] ConditionMgr:805 - Attr not supported : Dmpu
2025-07-01 15:24:24,428 [ERROR] ConditionMgr:805 - Attr not supported : Dmpu
2025-07-01 15:24:24,428 [ERROR] ConditionMgr:805 - Attr not supported : Dmpu
2025-07-01 15:24:24,428 [ERROR] ConditionMgr:805 - Attr not supported : Dmpu
2025-07-01 15:24:24,428 [ERROR] ConditionMgr:805 - Attr not supported : Dmpu
2025-07-01 15:24:24,429 [ERROR] ConditionMgr:805 - Attr not supported : Dmpu
2025-07-01 15:24:24,429 [ERROR] ConditionMgr:805 - Attr not supported : Dmpu
2025-07-01 15:24:24,429 [ERROR] ConditionMgr:805 - Attr not supported : Dmpu
2025-07-01 15:24:24,429 [ERROR] ConditionMgr:805 - Attr not supported : Dmpu
2025-07-01 15:24:24,429 [ERROR] ConditionMgr:805 - Attr not supported : Dmpu
2025-07-01 15:24:24,429 [ERROR] ConditionMgr:805 - Attr not supported : Dmpu
2025-07-01 15:24:24,429 [ERROR] ConditionMgr:805 - Attr not supported : Dmpu
2025-07-01 15:24:24,429 [ERROR] ConditionMgr:805 - Attr not supported : Dmpu
2025-07-01 15:24:24,429 [ERROR] ConditionMgr:805 - Attr not supported : Dmpu
2025-07-01 15:24:24,429 [ERROR] ConditionMgr:805 - Attr not supported : Dmpu
2025-07-01 15:24:24,429 [ERROR] ConditionMgr:805 - Attr not supported : Dmpu
2025-07-01 15:24:24,429 [ERROR] ConditionMgr:805 - Attr not supported : Dmpu
2025-07-01 15:24:24,429 [ERROR] ConditionMgr:805 - Attr not supported : Dmpu
2025-07-01 15:24:24,429 [ERROR] ConditionMgr:805 - Attr not supported : Dmpu
2025-07-01 15:24:24,429 [ERROR] ConditionMgr:805 - Attr not supported : Dmpu
2025-07-01 15:24:24,430 [ERROR] ConditionMgr:805 - Attr not supported : Dmpu
2025-07-01 15:24:24,430 [ERROR] ConditionMgr:805 - Attr not supported : Dmpu
2025-07-01 15:24:24,430 [ERROR] ConditionMgr:805 - Attr not supported : Dmpu
2025-07-01 15:24:24,430 [ERROR] ConditionMgr:805 - Attr not supported : Dmpu
2025-07-01 15:24:24,430 [ERROR] ConditionMgr:805 - Attr not supported : Dmpu
2025-07-01 15:24:24,430 [ERROR] ConditionMgr:805 - Attr not supported : Dmpu
2025-07-01 15:24:24,430 [ERROR] ConditionMgr:805 - Attr not supported : Dmpu
2025-07-01 15:24:24,430 [ERROR] ConditionMgr:805 - Attr not supported : Dmpu
2025-07-01 15:24:24,430 [ERROR] ConditionMgr:805 - Attr not supported : Dmpu
2025-07-01 15:24:24,430 [ERROR] ConditionMgr:805 - Attr not supported : Dmpu
2025-07-01 15:24:24,430 [ERROR] ConditionMgr:805 - Attr not supported : Dmpu
2025-07-01 15:24:24,430 [ERROR] ConditionMgr:805 - Attr not supported : Dmpu
2025-07-01 15:24:24,431 [ERROR] ConditionMgr:805 - Attr not supported : Dmpu
2025-07-01 15:24:24,431 [ERROR] ConditionMgr:805 - Attr not supported : Dmpu
2025-07-01 15:24:24,431 [ERROR] ConditionMgr:805 - Attr not supported : Dmpu
2025-07-01 15:24:24,431 [ERROR] ConditionMgr:805 - Attr not supported : Dmpu
2025-07-01 15:24:24,431 [ERROR] ConditionMgr:805 - Attr not supported : Dmpu
2025-07-01 15:24:24,431 [ERROR] ConditionMgr:805 - Attr not supported : Dmpu
2025-07-01 15:24:24,431 [ERROR] ConditionMgr:805 - Attr not supported : Dmpu
2025-07-01 15:24:24,431 [ERROR] ConditionMgr:805 - Attr not supported : Dmpu
2025-07-01 15:24:24,431 [ERROR] ConditionMgr:805 - Attr not supported : Dmpu
2025-07-01 15:24:24,431 [ERROR] ConditionMgr:805 - Attr not supported : Dmpu
2025-07-01 15:24:24,431 [ERROR] ConditionMgr:805 - Attr not supported : Dmpu
2025-07-01 15:24:24,431 [ERROR] ConditionMgr:805 - Attr not supported : Dmpu
2025-07-01 15:24:24,431 [ERROR] ConditionMgr:805 - Attr not supported : Dmpu
2025-07-01 15:24:24,431 [ERROR] ConditionMgr:805 - Attr not supported : Dmpu
2025-07-01 15:24:24,431 [ERROR] ConditionMgr:805 - Attr not supported : Dmpu
2025-07-01 15:24:24,431 [ERROR] ConditionMgr:805 - Attr not supported : Dmpu
2025-07-01 15:24:24,431 [ERROR] ConditionMgr:805 - Attr not supported : Dmpu
2025-07-01 15:24:24,456 [WARN] PackLoader:240 - Cannot read IP mode file for STMicroelectronics.X-CUBE-WB05N.2.0.0
2025-07-01 15:24:24,474 [WARN] PackLoader:240 - Cannot read IP mode file for STMicroelectronics.X-CUBE-BLEMGR.3.0.0
2025-07-01 15:24:24,487 [ERROR] Engine:466 - C:\Users\RND1\.stm32cubemx\thirdparties\pdsc\STMicroelectronics.X-CUBE-TCPP.4.2.0.pdsc: PDSC version is not supported
2025-07-01 15:24:24,501 [WARN] PackLoader:240 - Cannot read IP mode file for RealThread.X-CUBE-RT-Thread_Nano.4.1.1
2025-07-01 15:24:24,505 [WARN] PackLoader:240 - Cannot read IP mode file for STMicroelectronics.FP-ATR-SIGFOX1.3.2.0
2025-07-01 15:24:24,511 [WARN] ConditionMgr:438 - getConditionDescription Invalid condition id : Cortex-A Device cause : null
2025-07-01 15:24:24,534 [WARN] ConditionMgr:1039 - genDependencies : Invalid condition id : Cortex-A Device cause : null
2025-07-01 15:24:24,535 [WARN] ConditionMgr:1039 - genDependencies : Invalid condition id : Cortex-A Device cause : null
2025-07-01 15:24:24,535 [WARN] ConditionMgr:1039 - genDependencies : Invalid condition id : Cortex-A Device cause : null
2025-07-01 15:24:24,551 [WARN] PackLoader:240 - Cannot read IP mode file for STMicroelectronics.X-CUBE-EEPRMA1.5.1.0
2025-07-01 15:24:24,565 [ERROR] Engine:466 - C:\Users\RND1\.stm32cubemx\thirdparties\pdsc\STMicroelectronics.X-CUBE-ST67W61.1.0.0.pdsc: PDSC version is not supported
2025-07-01 15:24:24,596 [WARN] PackLoader:240 - Cannot read IP mode file for SEGGER.I-CUBE-embOS.1.3.1
2025-07-01 15:24:24,648 [WARN] PackLoader:240 - Cannot read IP mode file for STMicroelectronics.X-CUBE-ALGOBUILD.1.4.0
2025-07-01 15:24:24,694 [WARN] PackLoader:240 - Cannot read IP mode file for STMicroelectronics.X-CUBE-MEMS1.11.3.0
2025-07-01 15:24:24,767 [WARN] PackLoader:240 - Cannot read IP mode file for STMicroelectronics.X-CUBE-AI.9.1.0
2025-07-01 15:24:24,779 [WARN] PackLoader:240 - Cannot read IP mode file for STMicroelectronics.X-CUBE-PM33A1.1.0.0
2025-07-01 15:24:24,792 [WARN] PackLoader:240 - Cannot read IP mode file for STMicroelectronics.X-CUBE-GNSS1.6.0.0
2025-07-01 15:24:24,814 [WARN] PackLoader:240 - Cannot read IP mode file for STMicroelectronics.X-CUBE-AZRTOS-F4.1.1.0
2025-07-01 15:24:24,829 [WARN] PackLoader:240 - Cannot read IP mode file for wolfSSL.I-CUBE-wolfSSL.5.6.4
2025-07-01 15:24:24,832 [ERROR] Engine:466 - C:\Users\RND1\.stm32cubemx\thirdparties\pdsc\Avnet-IotConnect.X-CUBE-IoTC-DA16k-PMOD.1.0.0.pdsc: PDSC version is not supported
2025-07-01 15:24:24,844 [WARN] PackLoader:240 - Cannot read IP mode file for STMicroelectronics.X-CUBE-ISPU.2.1.0
2025-07-01 15:24:24,857 [WARN] PackLoader:240 - Cannot read IP mode file for STMicroelectronics.X-CUBE-FREERTOS.1.2.0
2025-07-01 15:24:24,880 [WARN] PackLoader:240 - Cannot read IP mode file for STMicroelectronics.X-CUBE-AZRTOS-L5.2.0.0
2025-07-01 15:24:24,892 [WARN] PackLoader:240 - Cannot read IP mode file for STMicroelectronics.X-CUBE-EEPRMA1.4.2.0
2025-07-01 15:24:24,905 [WARN] PackLoader:240 - Cannot read IP mode file for STMicroelectronics.X-CUBE-NFC6.3.1.0
2025-07-01 15:24:24,950 [WARN] PackLoader:240 - Cannot read IP mode file for ITTIA_DB.I-CUBE-ITTIADB.8.8.0
2025-07-01 15:24:24,973 [WARN] PackLoader:240 - Cannot read IP mode file for STMicroelectronics.X-CUBE-DPower.1.2.0
2025-07-01 15:24:24,983 [WARN] PackLoader:240 - Cannot read IP mode file for STMicroelectronics.X-CUBE-AI.9.0.0
2025-07-01 15:24:24,986 [WARN] PackLoader:240 - Cannot read IP mode file for STMicroelectronics.X-CUBE-FREERTOS.1.3.1
2025-07-01 15:24:24,995 [WARN] PackLoader:240 - Cannot read IP mode file for STMicroelectronics.X-CUBE-FREERTOS.1.3.0
2025-07-01 15:24:25,005 [WARN] PackLoader:240 - Cannot read IP mode file for STMicroelectronics.X-CUBE-NFC7.1.0.1
2025-07-01 15:24:25,016 [WARN] PackLoader:240 - Cannot read IP mode file for STMicroelectronics.X-CUBE-NFC6.3.0.0
2025-07-01 15:24:25,018 [ERROR] Engine:466 - C:\Users\RND1\.stm32cubemx\thirdparties\pdsc\STMicroelectronics.FP-SNS-STAIOTCFT.1.0.0.pdsc: PDSC version is not supported
2025-07-01 15:24:25,028 [WARN] PackLoader:240 - Cannot read IP mode file for STMicroelectronics.X-CUBE-DPower.1.3.0
2025-07-01 15:24:25,038 [WARN] PackLoader:240 - Cannot read IP mode file for STMicroelectronics.X-CUBE-AI.8.1.0
2025-07-01 15:24:25,056 [WARN] ConditionMgr:438 - getConditionDescription Invalid condition id : LAN8742 Phy interface Condition cause : null
2025-07-01 15:24:25,057 [WARN] PackLoader:240 - Cannot read IP mode file for STMicroelectronics.X-CUBE-AZRTOS-L4.2.0.0
2025-07-01 15:24:25,057 [WARN] ConditionMgr:1039 - genDependencies : Invalid condition id : LAN8742 Phy interface Condition cause : null
2025-07-01 15:24:25,057 [WARN] ConditionMgr:1039 - genDependencies : Invalid condition id : LAN8742 Phy interface Condition cause : null
2025-07-01 15:24:25,057 [WARN] ConditionMgr:1039 - genDependencies : Invalid condition id : LAN8742 Phy interface Condition cause : null
2025-07-01 15:24:25,069 [WARN] PackLoader:240 - Cannot read IP mode file for STMicroelectronics.X-CUBE-SFXS2LP1.4.0.0
2025-07-01 15:24:25,088 [WARN] PackLoader:240 - Cannot read IP mode file for STMicroelectronics.X-CUBE-AZRTOS-H7.3.3.0
2025-07-01 15:24:25,102 [WARN] PackLoader:240 - Cannot read IP mode file for STMicroelectronics.X-CUBE-IPS.3.0.0
2025-07-01 15:24:25,120 [WARN] ConditionMgr:438 - getConditionDescription Invalid condition id : UX DEVICE CLASS RTOS Condition cause : null
2025-07-01 15:24:25,120 [WARN] ConditionMgr:438 - getConditionDescription Invalid condition id : UX DEVICE CLASS RTOS Condition cause : null
2025-07-01 15:24:25,121 [WARN] PackLoader:240 - Cannot read IP mode file for STMicroelectronics.X-CUBE-AZRTOS-WB.2.0.0
2025-07-01 15:24:25,121 [WARN] ConditionMgr:1039 - genDependencies : Invalid condition id : UX DEVICE CLASS RTOS Condition cause : null
2025-07-01 15:24:25,121 [WARN] ConditionMgr:1039 - genDependencies : Invalid condition id : UX DEVICE CLASS RTOS Condition cause : null
2025-07-01 15:24:25,121 [WARN] ConditionMgr:1039 - genDependencies : Invalid condition id : UX DEVICE CLASS RTOS Condition cause : null
2025-07-01 15:24:25,121 [WARN] ConditionMgr:1039 - genDependencies : Invalid condition id : UX DEVICE CLASS RTOS Condition cause : null
2025-07-01 15:24:25,121 [WARN] ConditionMgr:1039 - genDependencies : Invalid condition id : UX DEVICE CLASS RTOS Condition cause : null
2025-07-01 15:24:25,133 [WARN] PackLoader:240 - Cannot read IP mode file for STMicroelectronics.X-CUBE-GNSS1.7.0.0
2025-07-01 15:24:25,144 [WARN] PackLoader:240 - Cannot read IP mode file for STMicroelectronics.X-CUBE-GNSS1.7.0.1
2025-07-01 15:24:25,156 [WARN] PackLoader:240 - Cannot read IP mode file for STMicroelectronics.X-CUBE-TOUCHGFX.4.25.0
2025-07-01 15:24:25,167 [WARN] PackLoader:240 - Cannot read IP mode file for STMicroelectronics.FP-SNS-STBOX1.2.0.0
2025-07-01 15:24:25,184 [WARN] PackLoader:240 - Cannot read IP mode file for STMicroelectronics.X-CUBE-SUBG2.5.0.0
2025-07-01 15:24:25,207 [WARN] PackLoader:240 - Cannot read IP mode file for STMicroelectronics.X-CUBE-AZRTOS-H7RS.1.1.0
2025-07-01 15:24:25,226 [WARN] PackLoader:240 - Cannot read IP mode file for STMicroelectronics.X-CUBE-AZRTOS-G4.2.0.0
2025-07-01 15:24:25,246 [WARN] PackLoader:240 - Cannot read IP mode file for Infineon.AIROC-Wi-Fi-Bluetooth-STM32.1.5.1
2025-07-01 15:24:25,257 [WARN] PackLoader:240 - Cannot read IP mode file for STMicroelectronics.X-CUBE-NFC7.2.0.0
2025-07-01 15:24:25,268 [WARN] PackLoader:240 - Cannot read IP mode file for STMicroelectronics.FP-SNS-MOTENVWB1.1.3.1
2025-07-01 15:24:25,278 [WARN] PackLoader:240 - Cannot read IP mode file for STMicroelectronics.X-CUBE-ISPU.2.0.0
2025-07-01 15:24:25,290 [ERROR] Engine:466 - C:\Users\RND1\.stm32cubemx\thirdparties\pdsc\STMicroelectronics.X-CUBE-IPS.3.1.0.pdsc: PDSC version is not supported
2025-07-01 15:24:25,302 [WARN] PackLoader:240 - Cannot read IP mode file for STMicroelectronics.X-CUBE-ALS.1.0.2
2025-07-01 15:24:25,326 [WARN] PackLoader:240 - Cannot read IP mode file for STMicroelectronics.X-CUBE-MEMS1.10.0.0
2025-07-01 15:24:25,373 [WARN] PackLoader:240 - Cannot read IP mode file for STMicroelectronics.X-CUBE-FREERTOS.1.1.0
2025-07-01 15:24:25,381 [WARN] PackLoader:240 - Cannot read IP mode file for STMicroelectronics.X-CUBE-TOUCHGFX.4.24.0
2025-07-01 15:24:25,390 [WARN] PackLoader:240 - Cannot read IP mode file for STMicroelectronics.X-CUBE-TOUCHGFX.4.24.2
2025-07-01 15:24:25,399 [WARN] PackLoader:240 - Cannot read IP mode file for STMicroelectronics.X-CUBE-TOUCHGFX.4.24.1
2025-07-01 15:24:25,403 [WARN] PackLoader:240 - Cannot read IP mode file for wolfSSL.I-CUBE-wolfTPM.3.4.0
2025-07-01 15:24:25,414 [WARN] PackLoader:240 - Cannot read IP mode file for portGmbH.I-Cube-SoM-uGOAL.1.1.0
2025-07-01 15:24:25,424 [WARN] PackLoader:240 - Cannot read IP mode file for STMicroelectronics.X-CUBE-ALS.1.0.1
2025-07-01 15:24:25,441 [WARN] PackLoader:240 - Cannot read IP mode file for STMicroelectronics.X-CUBE-AZRTOS-H7RS.1.0.0
2025-07-01 15:24:25,452 [WARN] PackLoader:240 - Cannot read IP mode file for STMicroelectronics.FP-ATR-ASTRA1.2.0.0
2025-07-01 15:24:25,465 [WARN] PackLoader:240 - Cannot read IP mode file for STMicroelectronics.X-CUBE-TOF1.3.4.2
2025-07-01 15:24:25,481 [ERROR] Engine:466 - C:\Users\RND1\.stm32cubemx\thirdparties\pdsc\STMicroelectronics.X-CUBE-TOF1.3.4.3.pdsc: PDSC version is not supported
2025-07-01 15:24:25,493 [WARN] PackLoader:240 - Cannot read IP mode file for STMicroelectronics.X-CUBE-TOF1.3.4.0
2025-07-01 15:24:25,511 [WARN] PackLoader:240 - Cannot read IP mode file for STMicroelectronics.X-CUBE-TOF1.3.4.1
2025-07-01 15:24:25,539 [WARN] PackLoader:240 - Cannot read IP mode file for STMicroelectronics.X-CUBE-AZRTOS-H7.3.2.0
2025-07-01 15:24:25,544 [WARN] PackLoader:240 - Cannot read IP mode file for wolfSSL.I-CUBE-wolfSSH.1.4.17
2025-07-01 15:24:25,544 [INFO] ThirdParty:978 - Integrity check success = true
2025-07-01 15:24:25,544 [INFO] IntegrityCheckThread:100 - exiting critical section [integrity check]
2025-07-01 15:24:25,544 [INFO] IntegrityCheckThread:103 - End integrity checks thread
2025-07-01 15:31:57,822 [ERROR] LogOutputStream:75 - [STDERR_REDIRECT] 
