2024-11-28 09:56:21,144 [INFO] Activator:176 - 


2024-11-28 09:56:21,159 [INFO] Activator:177 - !SESSION log4j initialized
2024-11-28 09:56:25,250 [INFO] LogOutputStream:77 - [STDOUT_REDIRECT] 
2024-11-28 09:56:27,554 [INFO] ApplicationProperties:184 - Using Application install path: C:\ST\STM32CubeIDE_1.16.1\STM32CubeIDE\plugins\com.st.stm32cube.common.mx_6.12.1.202409122256
2024-11-28 09:56:27,567 [INFO] DbMcusXml:78 - Set database path to: C:\ST\STM32CubeIDE_1.16.1\STM32CubeIDE\plugins\com.st.stm32cube.common.mx_6.12.1.202409122256\\db\/mcu/
2024-11-28 09:56:27,568 [INFO] ApiDb:274 - Set plugin database path to: C:\ST\STM32CubeIDE_1.16.1\STM32CubeIDE\plugins\com.st.stm32cube.common.mx_6.12.1.202409122256\\db\/plugins/boardmanager/
2024-11-28 09:56:27,568 [WARN] ApiDb:259 - Overriding images path with different value:  => C:\ST\STM32CubeIDE_1.16.1\STM32CubeIDE\plugins\com.st.stm32cube.common.mx_6.12.1.202409122256\\db\/plugins/mcufinder/images/
2024-11-28 09:56:27,579 [INFO] ApiDb:250 - Set database path to: C:\Users\RND1\.stmcufinder\plugins\mcufinder//mcu/
2024-11-28 09:56:27,580 [INFO] DbMcusAds:125 - Set database path to: C:\Users\RND1\.stmcufinder\plugins\mcufinder//mcu/
2024-11-28 09:56:27,582 [INFO] CrossReferenceDbSqlite:203 - Set database path to: C:\Users\RND1\.stmcufinder\plugins\mcufinder//mcu/cs/
2024-11-28 09:56:27,663 [INFO] RulesReader:64 - Compatibility file has been processed (297 Rules)
2024-11-28 09:56:27,716 [INFO] DbMcusXml:78 - Set database path to: C:\ST\STM32CubeIDE_1.16.1\STM32CubeIDE\plugins\com.st.stm32cube.common.mx_6.12.1.202409122256\\db\/mcu/
2024-11-28 09:56:27,716 [INFO] ApiDb:274 - Set plugin database path to: C:\ST\STM32CubeIDE_1.16.1\STM32CubeIDE\plugins\com.st.stm32cube.common.mx_6.12.1.202409122256\\db\/plugins/boardmanager/
2024-11-28 09:56:27,716 [INFO] ApiDb:261 - Set plugin images path to: C:\ST\STM32CubeIDE_1.16.1\STM32CubeIDE\plugins\com.st.stm32cube.common.mx_6.12.1.202409122256\\db\/plugins/mcufinder/images/
2024-11-28 09:56:27,716 [WARN] DbFile:41 - Overriding database path with different value: C:\Users\RND1\.stmcufinder\plugins\mcufinder/ => C:\Users\RND1\.stmcufinder\plugins\mcufinder
2024-11-28 09:56:27,717 [INFO] ApiDb:250 - Set database path to: C:\Users\RND1\.stmcufinder\plugins\mcufinder//mcu/
2024-11-28 09:56:27,717 [WARN] DbFile:41 - Overriding database path with different value: C:\Users\RND1\.stmcufinder\plugins\mcufinder/ => C:\Users\RND1\.stmcufinder\plugins\mcufinder
2024-11-28 09:56:27,717 [INFO] DbMcusAds:125 - Set database path to: C:\Users\RND1\.stmcufinder\plugins\mcufinder//mcu/
2024-11-28 09:56:27,717 [WARN] DbFile:41 - Overriding database path with different value: C:\Users\RND1\.stmcufinder\plugins\mcufinder/ => C:\Users\RND1\.stmcufinder\plugins\mcufinder
2024-11-28 09:56:27,717 [WARN] DbFile:41 - Overriding database path with different value: C:\Users\RND1\.stmcufinder\plugins\mcufinder/ => C:\Users\RND1\.stmcufinder\plugins\mcufinder
2024-11-28 09:56:27,717 [INFO] CrossReferenceDbSqlite:203 - Set database path to: C:\Users\RND1\.stmcufinder\plugins\mcufinder//mcu/cs/
2024-11-28 09:56:27,772 [INFO] MainPanel:268 - HeapMemory: 268435456
2024-11-28 09:56:27,842 [INFO] DbMcusXml:78 - Set database path to: C:\ST\STM32CubeIDE_1.16.1\STM32CubeIDE\plugins\com.st.stm32cube.common.mx_6.12.1.202409122256\\db\/mcu/
2024-11-28 09:56:27,842 [INFO] ApiDb:274 - Set plugin database path to: C:\ST\STM32CubeIDE_1.16.1\STM32CubeIDE\plugins\com.st.stm32cube.common.mx_6.12.1.202409122256\\db\/plugins/boardmanager/
2024-11-28 09:56:27,842 [INFO] ApiDb:261 - Set plugin images path to: C:\ST\STM32CubeIDE_1.16.1\STM32CubeIDE\plugins\com.st.stm32cube.common.mx_6.12.1.202409122256\\db\/plugins/mcufinder/images/
2024-11-28 09:56:27,842 [WARN] DbFile:41 - Overriding database path with different value: C:\Users\RND1\.stmcufinder\plugins\mcufinder/ => C:\Users\RND1\.stmcufinder\plugins\mcufinder
2024-11-28 09:56:27,842 [INFO] ApiDb:250 - Set database path to: C:\Users\RND1\.stmcufinder\plugins\mcufinder//mcu/
2024-11-28 09:56:27,842 [WARN] DbFile:41 - Overriding database path with different value: C:\Users\RND1\.stmcufinder\plugins\mcufinder/ => C:\Users\RND1\.stmcufinder\plugins\mcufinder
2024-11-28 09:56:27,842 [INFO] DbMcusAds:125 - Set database path to: C:\Users\RND1\.stmcufinder\plugins\mcufinder//mcu/
2024-11-28 09:56:27,842 [WARN] DbFile:41 - Overriding database path with different value: C:\Users\RND1\.stmcufinder\plugins\mcufinder/ => C:\Users\RND1\.stmcufinder\plugins\mcufinder
2024-11-28 09:56:27,842 [WARN] DbFile:41 - Overriding database path with different value: C:\Users\RND1\.stmcufinder\plugins\mcufinder/ => C:\Users\RND1\.stmcufinder\plugins\mcufinder
2024-11-28 09:56:27,842 [INFO] CrossReferenceDbSqlite:203 - Set database path to: C:\Users\RND1\.stmcufinder\plugins\mcufinder//mcu/cs/
2024-11-28 09:56:27,854 [INFO] ApplicationProperties:184 - Using Application install path: C:\ST\STM32CubeIDE_1.16.1\STM32CubeIDE\plugins\com.st.stm32cube.common.mx_6.12.1.202409122256
2024-11-28 09:56:27,854 [INFO] PluginManage:196 - Search for loadable plugins [exclusion list=, ]
2024-11-28 09:56:27,856 [INFO] PluginManage:310 - Check plugin analytics
2024-11-28 09:56:27,965 [INFO] AnalyticsPlugin:253 - Accepted Software Licenses: STM32CubeMX.6.10.0
2024-11-28 09:56:27,965 [INFO] AnalyticsPlugin:255 - Accepted CMSIS Pack Licenses: 
2024-11-28 09:56:27,966 [INFO] AnalyticsPlugin:257 - Accepted Firmware Licenses: FW.G4.1.5.0,FW.G4.1.6.0
2024-11-28 09:56:27,968 [INFO] PluginManage:359 - Loaded plugin analytics (category:tool,tabindex:-1)
2024-11-28 09:56:27,968 [INFO] PluginManage:310 - Check plugin cadmodel
2024-11-28 09:56:27,979 [INFO] CADModel:105 - Init CAD model plugin
2024-11-28 09:56:27,979 [INFO] PluginManage:359 - Loaded plugin cadmodel (category:power,tabindex:5)
2024-11-28 09:56:27,979 [INFO] PluginManage:310 - Check plugin clock
2024-11-28 09:56:27,993 [INFO] PluginManage:359 - Loaded plugin clock (category:base,tabindex:2)
2024-11-28 09:56:27,993 [INFO] PluginManage:310 - Check plugin ddr
2024-11-28 09:56:27,995 [INFO] PluginManage:359 - Loaded plugin ddr (category:tool,tabindex:6)
2024-11-28 09:56:27,995 [INFO] PluginManage:310 - Check plugin filemanager
2024-11-28 09:56:28,098 [INFO] PluginManage:359 - Loaded plugin filemanager (category:base,tabindex:10)
2024-11-28 09:56:28,099 [INFO] PluginManage:310 - Check plugin ipmanager
2024-11-28 09:56:28,104 [INFO] PluginManage:359 - Loaded plugin ipmanager (category:base,tabindex:5)
2024-11-28 09:56:28,104 [INFO] PluginManage:310 - Check plugin lpbam
2024-11-28 09:56:28,117 [INFO] PluginManage:359 - Loaded plugin lpbam (category:base,tabindex:0)
2024-11-28 09:56:28,117 [INFO] PluginManage:310 - Check plugin memorymap
2024-11-28 09:56:28,133 [INFO] PluginManage:359 - Loaded plugin memorymap (category:base,tabindex:4)
2024-11-28 09:56:28,133 [INFO] PluginManage:310 - Check plugin pinoutandconfiguration
2024-11-28 09:56:28,144 [INFO] PluginManage:359 - Loaded plugin pinoutandconfiguration (category:base,tabindex:1)
2024-11-28 09:56:28,144 [INFO] PluginManage:310 - Check plugin pinoutconfig
2024-11-28 09:56:28,210 [WARN] SupportedApi:132 - Cannot load RTOS API schema: s4s-elt-must-match.1: The content of 'definitions' must match (annotation?, (simpleType | complexType)?, (unique | key | keyref)*)). A problem was found starting at: attribute.
2024-11-28 09:56:28,299 [INFO] PluginManage:359 - Loaded plugin pinoutconfig (category:base,tabindex:0)
2024-11-28 09:56:28,299 [INFO] PluginManage:310 - Check plugin power
2024-11-28 09:56:28,313 [INFO] PluginManage:359 - Loaded plugin power (category:power,tabindex:4)
2024-11-28 09:56:28,314 [INFO] PluginManage:310 - Check plugin projectmanager
2024-11-28 09:56:28,325 [INFO] PluginManage:359 - Loaded plugin projectmanager (category:projectmanager,tabindex:4)
2024-11-28 09:56:28,325 [INFO] PluginManage:310 - Check plugin rif
2024-11-28 09:56:28,337 [INFO] PluginManage:359 - Loaded plugin rif (category:base,tabindex:3)
2024-11-28 09:56:28,337 [INFO] PluginManage:310 - Check plugin thirdparty
2024-11-28 09:56:28,519 [INFO] PluginManage:359 - Loaded plugin thirdparty (category:base,tabindex:-1)
2024-11-28 09:56:28,519 [WARN] IntegrityCheckThread:84 - waiting for thirdparty lock release [integrity check]
2024-11-28 09:56:28,519 [INFO] PluginManage:310 - Check plugin tools
2024-11-28 09:56:28,519 [INFO] IntegrityCheckThread:86 - entering critical section [integrity check]
2024-11-28 09:56:28,520 [INFO] ThirdPartyUpdaterWithRetryManager:70 - Updater plugin not ready yet. [1/15]
2024-11-28 09:56:28,543 [INFO] PluginManage:359 - Loaded plugin tools (category:base,tabindex:7)
2024-11-28 09:56:28,543 [INFO] PluginManage:310 - Check plugin tutovideos
2024-11-28 09:56:28,669 [INFO] PluginManage:359 - Loaded plugin tutovideos (category:base,tabindex:-1)
2024-11-28 09:56:28,669 [INFO] PluginManage:310 - Check plugin updater
2024-11-28 09:56:28,680 [INFO] PluginManage:359 - Loaded plugin updater (category:base,tabindex:12)
2024-11-28 09:56:28,681 [INFO] PluginManage:310 - Check plugin userauth
2024-11-28 09:56:28,685 [INFO] UserAuth:113 - Init User Auth plugin
2024-11-28 09:56:28,685 [INFO] PluginManage:359 - Loaded plugin userauth (category:base,tabindex:14)
2024-11-28 09:56:28,685 [INFO] PluginManage:283 - PluginManage : Loaded plugins [18]
2024-11-28 09:56:28,826 [INFO] PinOutPanel:1561 - setPackage(No Configuration,No Configuration)
2024-11-28 09:56:28,879 [INFO] CADModel:165 - CPN selected for project level
2024-11-28 09:56:28,879 [INFO] CADModel:114 - Register for checkConnection events
2024-11-28 09:56:28,898 [INFO] IPUIPlugin:80 - create IPUIPlugin
2024-11-28 09:56:28,898 [INFO] PluginManager:220 - loadIPPluginJar : add adc
2024-11-28 09:56:28,921 [INFO] IPUIPlugin:80 - create IPUIPlugin
2024-11-28 09:56:28,921 [INFO] PluginManager:220 - loadIPPluginJar : add aes
2024-11-28 09:56:28,947 [INFO] IPUIPlugin:80 - create IPUIPlugin
2024-11-28 09:56:28,947 [INFO] PluginManager:220 - loadIPPluginJar : add can
2024-11-28 09:56:28,962 [INFO] IPUIPlugin:80 - create IPUIPlugin
2024-11-28 09:56:28,962 [INFO] PluginManager:220 - loadIPPluginJar : add comp
2024-11-28 09:56:28,982 [INFO] IPUIPlugin:80 - create IPUIPlugin
2024-11-28 09:56:28,982 [INFO] PluginManager:220 - loadIPPluginJar : add cryp
2024-11-28 09:56:28,990 [INFO] IPUIPlugin:80 - create IPUIPlugin
2024-11-28 09:56:28,990 [INFO] PluginManager:220 - loadIPPluginJar : add ddr_ctrl_phy
2024-11-28 09:56:29,008 [INFO] IPUIPlugin:80 - create IPUIPlugin
2024-11-28 09:56:29,009 [INFO] PluginManager:220 - loadIPPluginJar : add dfsdm
2024-11-28 09:56:29,018 [INFO] IPUIPlugin:80 - create IPUIPlugin
2024-11-28 09:56:29,018 [INFO] PluginManager:220 - loadIPPluginJar : add dma
2024-11-28 09:56:29,046 [INFO] IPUIPlugin:80 - create IPUIPlugin
2024-11-28 09:56:29,046 [INFO] PluginManager:220 - loadIPPluginJar : add dma3
2024-11-28 09:56:29,073 [INFO] IPUIPlugin:80 - create IPUIPlugin
2024-11-28 09:56:29,073 [INFO] PluginManager:220 - loadIPPluginJar : add extmemmanager
2024-11-28 09:56:29,086 [INFO] IPUIPlugin:80 - create IPUIPlugin
2024-11-28 09:56:29,086 [INFO] PluginManager:220 - loadIPPluginJar : add fatfs
2024-11-28 09:56:29,114 [INFO] IPUIPlugin:80 - create IPUIPlugin
2024-11-28 09:56:29,114 [INFO] PluginManager:220 - loadIPPluginJar : add fmc
2024-11-28 09:56:29,125 [INFO] IPUIPlugin:80 - create IPUIPlugin
2024-11-28 09:56:29,125 [INFO] PluginManager:220 - loadIPPluginJar : add freertos
2024-11-28 09:56:29,137 [INFO] IPUIPlugin:80 - create IPUIPlugin
2024-11-28 09:56:29,137 [INFO] PluginManager:220 - loadIPPluginJar : add genericplugin
2024-11-28 09:56:29,191 [INFO] IPUIPlugin:80 - create IPUIPlugin
2024-11-28 09:56:29,191 [INFO] PluginManager:220 - loadIPPluginJar : add gfxmmu
2024-11-28 09:56:29,267 [INFO] IPUIPlugin:80 - create IPUIPlugin
2024-11-28 09:56:29,267 [INFO] PluginManager:220 - loadIPPluginJar : add gic
2024-11-28 09:56:29,275 [INFO] IPUIPlugin:80 - create IPUIPlugin
2024-11-28 09:56:29,275 [INFO] PluginManager:220 - loadIPPluginJar : add gpio
2024-11-28 09:56:29,329 [INFO] IPUIPlugin:80 - create IPUIPlugin
2024-11-28 09:56:29,329 [INFO] PluginManager:220 - loadIPPluginJar : add gtzc
2024-11-28 09:56:29,353 [INFO] IPUIPlugin:80 - create IPUIPlugin
2024-11-28 09:56:29,353 [INFO] PluginManager:220 - loadIPPluginJar : add hash
2024-11-28 09:56:29,385 [INFO] IPUIPlugin:80 - create IPUIPlugin
2024-11-28 09:56:29,386 [INFO] PluginManager:220 - loadIPPluginJar : add i2c
2024-11-28 09:56:29,409 [INFO] IPUIPlugin:80 - create IPUIPlugin
2024-11-28 09:56:29,409 [INFO] PluginManager:220 - loadIPPluginJar : add i2s
2024-11-28 09:56:29,434 [INFO] IPUIPlugin:80 - create IPUIPlugin
2024-11-28 09:56:29,434 [INFO] PluginManager:220 - loadIPPluginJar : add i3c
2024-11-28 09:56:29,498 [INFO] IPUIPlugin:80 - create IPUIPlugin
2024-11-28 09:56:29,498 [INFO] PluginManager:220 - loadIPPluginJar : add ipddr
2024-11-28 09:56:29,554 [INFO] IPUIPlugin:80 - create IPUIPlugin
2024-11-28 09:56:29,555 [INFO] PluginManager:220 - loadIPPluginJar : add linkedlist
2024-11-28 09:56:29,577 [INFO] IPUIPlugin:80 - create IPUIPlugin
2024-11-28 09:56:29,577 [INFO] PluginManager:220 - loadIPPluginJar : add lorawan
2024-11-28 09:56:29,598 [INFO] IPUIPlugin:80 - create IPUIPlugin
2024-11-28 09:56:29,598 [INFO] PluginManager:220 - loadIPPluginJar : add ltdc
2024-11-28 09:56:29,608 [INFO] IPUIPlugin:80 - create IPUIPlugin
2024-11-28 09:56:29,608 [INFO] PluginManager:220 - loadIPPluginJar : add mdma
2024-11-28 09:56:29,616 [INFO] IPUIPlugin:80 - create IPUIPlugin
2024-11-28 09:56:29,616 [INFO] PluginManager:220 - loadIPPluginJar : add nvic
2024-11-28 09:56:29,640 [INFO] IPUIPlugin:80 - create IPUIPlugin
2024-11-28 09:56:29,640 [INFO] PluginManager:220 - loadIPPluginJar : add opamp
2024-11-28 09:56:29,680 [INFO] IPUIPlugin:80 - create IPUIPlugin
2024-11-28 09:56:29,680 [INFO] PluginManager:220 - loadIPPluginJar : add openamp
2024-11-28 09:56:29,707 [INFO] IPUIPlugin:80 - create IPUIPlugin
2024-11-28 09:56:29,707 [INFO] PluginManager:220 - loadIPPluginJar : add pdm2pcm
2024-11-28 09:56:29,717 [INFO] IPUIPlugin:80 - create IPUIPlugin
2024-11-28 09:56:29,719 [INFO] PluginManager:220 - loadIPPluginJar : add plateformsettings
2024-11-28 09:56:29,735 [INFO] IPUIPlugin:80 - create IPUIPlugin
2024-11-28 09:56:29,735 [INFO] PluginManager:220 - loadIPPluginJar : add quadspi
2024-11-28 09:56:29,752 [INFO] IPUIPlugin:80 - create IPUIPlugin
2024-11-28 09:56:29,752 [INFO] PluginManager:220 - loadIPPluginJar : add radio
2024-11-28 09:56:29,760 [INFO] IPUIPlugin:80 - create IPUIPlugin
2024-11-28 09:56:29,760 [INFO] PluginManager:220 - loadIPPluginJar : add resmgrutility
2024-11-28 09:56:29,789 [INFO] IPUIPlugin:80 - create IPUIPlugin
2024-11-28 09:56:29,789 [INFO] PluginManager:220 - loadIPPluginJar : add sai
2024-11-28 09:56:29,810 [INFO] IPUIPlugin:80 - create IPUIPlugin
2024-11-28 09:56:29,811 [INFO] PluginManager:220 - loadIPPluginJar : add spi
2024-11-28 09:56:29,854 [INFO] IPUIPlugin:80 - create IPUIPlugin
2024-11-28 09:56:29,854 [INFO] PluginManager:220 - loadIPPluginJar : add stm32_wpan
2024-11-28 09:56:29,870 [INFO] IPUIPlugin:80 - create IPUIPlugin
2024-11-28 09:56:29,870 [INFO] PluginManager:220 - loadIPPluginJar : add tim
2024-11-28 09:56:29,906 [INFO] IPUIPlugin:80 - create IPUIPlugin
2024-11-28 09:56:29,906 [INFO] PluginManager:220 - loadIPPluginJar : add touchsensing
2024-11-28 09:56:29,920 [INFO] IPUIPlugin:80 - create IPUIPlugin
2024-11-28 09:56:29,920 [INFO] PluginManager:220 - loadIPPluginJar : add tracer_emb
2024-11-28 09:56:29,935 [INFO] IPUIPlugin:80 - create IPUIPlugin
2024-11-28 09:56:29,935 [INFO] PluginManager:220 - loadIPPluginJar : add ts
2024-11-28 09:56:29,949 [INFO] IPUIPlugin:80 - create IPUIPlugin
2024-11-28 09:56:29,949 [INFO] PluginManager:220 - loadIPPluginJar : add tsc
2024-11-28 09:56:29,963 [INFO] IPUIPlugin:80 - create IPUIPlugin
2024-11-28 09:56:29,963 [INFO] PluginManager:220 - loadIPPluginJar : add ucpd
2024-11-28 09:56:29,990 [INFO] IPUIPlugin:80 - create IPUIPlugin
2024-11-28 09:56:29,990 [INFO] PluginManager:220 - loadIPPluginJar : add usart
2024-11-28 09:56:30,017 [INFO] IPUIPlugin:80 - create IPUIPlugin
2024-11-28 09:56:30,017 [INFO] PluginManager:220 - loadIPPluginJar : add usbx
2024-11-28 09:56:30,124 [INFO] CADModel:165 - CPN selected for project level
2024-11-28 09:56:30,124 [INFO] CADModel:114 - Register for checkConnection events
2024-11-28 09:56:30,124 [FATAL] Updater:334 - Updater called before beeing initialized
2024-11-28 09:56:30,124 [ERROR] CADModel:125 - Updater not yet initialized, retry later 
2024-11-28 09:56:30,206 [INFO] CADModel:165 - CPN selected for project level
2024-11-28 09:56:30,207 [INFO] CADModel:114 - Register for checkConnection events
2024-11-28 09:56:30,207 [FATAL] Updater:334 - Updater called before beeing initialized
2024-11-28 09:56:30,207 [ERROR] CADModel:125 - Updater not yet initialized, retry later 
2024-11-28 09:56:30,208 [FATAL] Updater:334 - Updater called before beeing initialized
2024-11-28 09:56:30,275 [FATAL] Updater:334 - Updater called before beeing initialized
2024-11-28 09:56:30,282 [INFO] DbMcusAds:53 - JSON generation date=Fri Sep 20 22:04:38 KST 2024 (1726837478367)
2024-11-28 09:56:30,282 [FATAL] Updater:334 - Updater called before beeing initialized
2024-11-28 09:56:30,308 [WARN] DetailPanel:346 - Failed to get advertising image, set to default
2024-11-28 09:56:30,364 [FATAL] Updater:334 - Updater called before beeing initialized
2024-11-28 09:56:30,366 [FATAL] Updater:334 - Updater called before beeing initialized
2024-11-28 09:56:30,366 [FATAL] Updater:334 - Updater called before beeing initialized
2024-11-28 09:56:30,366 [WARN] DetailPanel:346 - Failed to get advertising image, set to default
2024-11-28 09:56:30,367 [FATAL] Updater:334 - Updater called before beeing initialized
2024-11-28 09:56:30,411 [ERROR] Updater:1164 - MainUpdater not yet initialized. External WinMGr cannot be set.
2024-11-28 09:56:30,417 [INFO] Updater:1100 - Updater Version found : 6.12.1
2024-11-28 09:56:30,429 [INFO] ApplicationProperties:184 - Using Application install path: C:\ST\STM32CubeIDE_1.16.1\STM32CubeIDE\plugins\com.st.stm32cube.common.mx_6.12.1.202409122256
2024-11-28 09:56:31,011 [INFO] MainUpdater:2873 - connection check result : 10
2024-11-28 09:56:31,011 [INFO] MainUpdater:290 - Updater Check For Update Now.
2024-11-28 09:56:31,011 [INFO] MicroXplorer:498 - Change Database Version : DB.6.0.121
2024-11-28 09:56:31,024 [INFO] McuFinderGlobals:63 - Set McuFinder mode to 2 (CubeIDE integrated)
2024-11-28 09:56:31,031 [INFO] UserAuth:417 - Internet connection configuration mode: 1
2024-11-28 09:56:31,051 [INFO] JxBrowserEngine:152 - Initiate JxBrowser Engine with user profile folder
2024-11-28 09:56:31,205 [INFO] CheckServerUpdateThread:120 - End of CheckServer Thread
2024-11-28 09:56:31,668 [WARN] PackLoader:240 - Cannot read IP mode file for STMicroelectronics.FP-SNS-MOTENVWB1.1.4.0
2024-11-28 09:56:31,679 [WARN] PackLoader:240 - Cannot read IP mode file for STMicroelectronics.FP-ATR-ASTRA1.2.0.1
2024-11-28 09:56:31,690 [WARN] PackLoader:240 - Cannot read IP mode file for STMicroelectronics.X-CUBE-SMBUS.2.1.0
2024-11-28 09:56:31,702 [WARN] PackLoader:240 - Cannot read IP mode file for STMicroelectronics.X-CUBE-WB05N.1.1.0
2024-11-28 09:56:31,712 [WARN] PackLoader:240 - Cannot read IP mode file for STMicroelectronics.X-CUBE-TOUCHGFX.4.23.0
2024-11-28 09:56:31,720 [WARN] PackLoader:240 - Cannot read IP mode file for STMicroelectronics.X-CUBE-TOUCHGFX.4.23.2
2024-11-28 09:56:31,752 [WARN] PackLoader:240 - Cannot read IP mode file for STMicroelectronics.X-CUBE-AZRTOS-F7.1.1.0
2024-11-28 09:56:31,770 [WARN] PackLoader:240 - Cannot read IP mode file for STMicroelectronics.FP-SNS-MOTENV1.4.3.2
2024-11-28 09:56:31,816 [WARN] PackLoader:240 - Cannot read IP mode file for STMicroelectronics.X-CUBE-MEMS1.11.0.0
2024-11-28 09:56:31,931 [WARN] PackLoader:240 - Cannot read IP mode file for STMicroelectronics.FP-SNS-FLIGHT1.5.0.2
2024-11-28 09:56:31,944 [WARN] PackLoader:240 - Cannot read IP mode file for STMicroelectronics.X-CUBE-DISPLAY.3.0.0
2024-11-28 09:56:31,955 [WARN] PackLoader:240 - Cannot read IP mode file for STMicroelectronics.X-CUBE-BLE1.7.0.0
2024-11-28 09:56:31,967 [WARN] PackLoader:240 - Cannot read IP mode file for STMicroelectronics.X-CUBE-NFC10.1.0.0
2024-11-28 09:56:31,979 [WARN] PackLoader:240 - Cannot read IP mode file for emotas.I-CUBE-CANOPEN.1.3.0
2024-11-28 09:56:31,992 [WARN] PackLoader:240 - Cannot read IP mode file for STMicroelectronics.X-CUBE-BLEMGR.3.1.0
2024-11-28 09:56:32,005 [WARN] PackLoader:240 - Cannot read IP mode file for STMicroelectronics.FP-SNS-SMARTAG2.1.2.0
2024-11-28 09:56:32,023 [INFO] LogOutputStream:77 - [STDOUT_REDIRECT] 1 : Invalid condition id : UX_CORESTACK_Condition cause : null
2024-11-28 09:56:32,024 [INFO] LogOutputStream:77 - [STDOUT_REDIRECT] 1 : Invalid condition id : UX_CORESTACK_Condition cause : null
2024-11-28 09:56:32,025 [INFO] LogOutputStream:77 - [STDOUT_REDIRECT] 1 : Invalid condition id : UX_CORESTACK_Condition cause : null
2024-11-28 09:56:32,027 [INFO] LogOutputStream:77 - [STDOUT_REDIRECT] 1 : Invalid condition id : UX_CORESTACK_Condition cause : null
2024-11-28 09:56:32,029 [INFO] LogOutputStream:77 - [STDOUT_REDIRECT] 1 : Invalid condition id : UX_CORESTACK_Condition cause : null
2024-11-28 09:56:32,030 [WARN] PackLoader:240 - Cannot read IP mode file for STMicroelectronics.X-CUBE-AZRTOS-WL.2.0.0
2024-11-28 09:56:32,042 [WARN] PackLoader:240 - Cannot read IP mode file for STMicroelectronics.FP-SNS-MOTENV1.5.0.0
2024-11-28 09:56:32,054 [WARN] PackLoader:240 - Cannot read IP mode file for wolfSSL.I-CUBE-wolfMQTT.1.19.0
2024-11-28 09:56:32,067 [WARN] PackLoader:240 - Cannot read IP mode file for WES.I-CUBE-Cesium.1.3.0
2024-11-28 09:56:32,081 [WARN] PackLoader:240 - Cannot read IP mode file for STMicroelectronics.X-CUBE-BLE2.3.3.0
2024-11-28 09:56:32,095 [WARN] PackLoader:240 - Cannot read IP mode file for STMicroelectronics.X-CUBE-NFC9.1.0.0
2024-11-28 09:56:32,107 [WARN] PackLoader:240 - Cannot read IP mode file for STMicroelectronics.X-CUBE-TCPP.4.1.0
2024-11-28 09:56:32,127 [WARN] PackLoader:240 - Cannot read IP mode file for STMicroelectronics.X-CUBE-ALGOBUILD.1.3.0
2024-11-28 09:56:32,156 [WARN] PackLoader:240 - Cannot read IP mode file for STMicroelectronics.X-CUBE-AZRTOS-G0.1.1.0
2024-11-28 09:56:32,172 [WARN] PackLoader:240 - Cannot read IP mode file for STMicroelectronics.X-CUBE-SAFEA1.1.2.2
2024-11-28 09:56:32,187 [WARN] PackLoader:240 - Cannot read IP mode file for STMicroelectronics.X-CUBE-NFC4.3.0.0
2024-11-28 09:56:32,199 [WARN] PackLoader:240 - Cannot read IP mode file for wolfSSL.I-CUBE-wolfMQTT.1.18.0
2024-11-28 09:56:32,218 [WARN] PackLoader:240 - Cannot read IP mode file for EmbeddedOffice.I-CUBE-FS-RTOS.1.0.1
2024-11-28 09:56:32,219 [ERROR] ConditionMgr:805 - Attr not supported : Dmpu
2024-11-28 09:56:32,219 [ERROR] ConditionMgr:805 - Attr not supported : Dmpu
2024-11-28 09:56:32,219 [ERROR] ConditionMgr:805 - Attr not supported : Dmpu
2024-11-28 09:56:32,219 [ERROR] ConditionMgr:805 - Attr not supported : Dmpu
2024-11-28 09:56:32,219 [ERROR] ConditionMgr:805 - Attr not supported : Dmpu
2024-11-28 09:56:32,219 [ERROR] ConditionMgr:805 - Attr not supported : Dmpu
2024-11-28 09:56:32,219 [ERROR] ConditionMgr:805 - Attr not supported : Dmpu
2024-11-28 09:56:32,219 [ERROR] ConditionMgr:805 - Attr not supported : Dmpu
2024-11-28 09:56:32,219 [ERROR] ConditionMgr:805 - Attr not supported : Dmpu
2024-11-28 09:56:32,219 [ERROR] ConditionMgr:805 - Attr not supported : Dmpu
2024-11-28 09:56:32,219 [ERROR] ConditionMgr:805 - Attr not supported : Dmpu
2024-11-28 09:56:32,219 [ERROR] ConditionMgr:805 - Attr not supported : Dmpu
2024-11-28 09:56:32,219 [ERROR] ConditionMgr:805 - Attr not supported : Dmpu
2024-11-28 09:56:32,219 [ERROR] ConditionMgr:805 - Attr not supported : Dmpu
2024-11-28 09:56:32,219 [ERROR] ConditionMgr:805 - Attr not supported : Dmpu
2024-11-28 09:56:32,220 [ERROR] ConditionMgr:805 - Attr not supported : Dmpu
2024-11-28 09:56:32,220 [ERROR] ConditionMgr:805 - Attr not supported : Dmpu
2024-11-28 09:56:32,220 [ERROR] ConditionMgr:805 - Attr not supported : Dmpu
2024-11-28 09:56:32,220 [ERROR] ConditionMgr:805 - Attr not supported : Dmpu
2024-11-28 09:56:32,220 [ERROR] ConditionMgr:805 - Attr not supported : Dmpu
2024-11-28 09:56:32,220 [ERROR] ConditionMgr:805 - Attr not supported : Dmpu
2024-11-28 09:56:32,220 [ERROR] ConditionMgr:805 - Attr not supported : Dmpu
2024-11-28 09:56:32,220 [ERROR] ConditionMgr:805 - Attr not supported : Dmpu
2024-11-28 09:56:32,220 [ERROR] ConditionMgr:805 - Attr not supported : Dmpu
2024-11-28 09:56:32,220 [ERROR] ConditionMgr:805 - Attr not supported : Dmpu
2024-11-28 09:56:32,220 [ERROR] ConditionMgr:805 - Attr not supported : Dmpu
2024-11-28 09:56:32,220 [ERROR] ConditionMgr:805 - Attr not supported : Dmpu
2024-11-28 09:56:32,220 [ERROR] ConditionMgr:805 - Attr not supported : Dmpu
2024-11-28 09:56:32,221 [ERROR] ConditionMgr:805 - Attr not supported : Dmpu
2024-11-28 09:56:32,221 [ERROR] ConditionMgr:805 - Attr not supported : Dmpu
2024-11-28 09:56:32,221 [ERROR] ConditionMgr:805 - Attr not supported : Dmpu
2024-11-28 09:56:32,221 [ERROR] ConditionMgr:805 - Attr not supported : Dmpu
2024-11-28 09:56:32,221 [ERROR] ConditionMgr:805 - Attr not supported : Dmpu
2024-11-28 09:56:32,221 [ERROR] ConditionMgr:805 - Attr not supported : Dmpu
2024-11-28 09:56:32,221 [ERROR] ConditionMgr:805 - Attr not supported : Dmpu
2024-11-28 09:56:32,221 [ERROR] ConditionMgr:805 - Attr not supported : Dmpu
2024-11-28 09:56:32,221 [ERROR] ConditionMgr:805 - Attr not supported : Dmpu
2024-11-28 09:56:32,221 [ERROR] ConditionMgr:805 - Attr not supported : Dmpu
2024-11-28 09:56:32,221 [ERROR] ConditionMgr:805 - Attr not supported : Dmpu
2024-11-28 09:56:32,221 [ERROR] ConditionMgr:805 - Attr not supported : Dmpu
2024-11-28 09:56:32,221 [ERROR] ConditionMgr:805 - Attr not supported : Dmpu
2024-11-28 09:56:32,221 [ERROR] ConditionMgr:805 - Attr not supported : Dmpu
2024-11-28 09:56:32,221 [ERROR] ConditionMgr:805 - Attr not supported : Dmpu
2024-11-28 09:56:32,221 [ERROR] ConditionMgr:805 - Attr not supported : Dmpu
2024-11-28 09:56:32,221 [ERROR] ConditionMgr:805 - Attr not supported : Dmpu
2024-11-28 09:56:32,221 [ERROR] ConditionMgr:805 - Attr not supported : Dmpu
2024-11-28 09:56:32,221 [ERROR] ConditionMgr:805 - Attr not supported : Dmpu
2024-11-28 09:56:32,221 [ERROR] ConditionMgr:805 - Attr not supported : Dmpu
2024-11-28 09:56:32,221 [ERROR] ConditionMgr:805 - Attr not supported : Dmpu
2024-11-28 09:56:32,221 [ERROR] ConditionMgr:805 - Attr not supported : Dmpu
2024-11-28 09:56:32,221 [ERROR] ConditionMgr:805 - Attr not supported : Dmpu
2024-11-28 09:56:32,221 [ERROR] ConditionMgr:805 - Attr not supported : Dmpu
2024-11-28 09:56:32,221 [ERROR] ConditionMgr:805 - Attr not supported : Dmpu
2024-11-28 09:56:32,221 [ERROR] ConditionMgr:805 - Attr not supported : Dmpu
2024-11-28 09:56:32,221 [ERROR] ConditionMgr:805 - Attr not supported : Dmpu
2024-11-28 09:56:32,221 [ERROR] ConditionMgr:805 - Attr not supported : Dmpu
2024-11-28 09:56:32,222 [ERROR] ConditionMgr:805 - Attr not supported : Dmpu
2024-11-28 09:56:32,222 [ERROR] ConditionMgr:805 - Attr not supported : Dmpu
2024-11-28 09:56:32,222 [ERROR] ConditionMgr:805 - Attr not supported : Dmpu
2024-11-28 09:56:32,222 [ERROR] ConditionMgr:805 - Attr not supported : Dmpu
2024-11-28 09:56:32,222 [ERROR] ConditionMgr:805 - Attr not supported : Dmpu
2024-11-28 09:56:32,222 [ERROR] ConditionMgr:805 - Attr not supported : Dmpu
2024-11-28 09:56:32,222 [ERROR] ConditionMgr:805 - Attr not supported : Dmpu
2024-11-28 09:56:32,222 [ERROR] ConditionMgr:805 - Attr not supported : Dmpu
2024-11-28 09:56:32,232 [WARN] PackLoader:240 - Cannot read IP mode file for STMicroelectronics.X-CUBE-BLEMGR.3.0.0
2024-11-28 09:56:32,243 [WARN] PackLoader:240 - Cannot read IP mode file for RealThread.X-CUBE-RT-Thread_Nano.4.1.1
2024-11-28 09:56:32,251 [WARN] PackLoader:240 - Cannot read IP mode file for STMicroelectronics.FP-ATR-SIGFOX1.3.2.0
2024-11-28 09:56:32,259 [WARN] ConditionMgr:438 - getConditionDescription Invalid condition id : Cortex-A Device cause : null
2024-11-28 09:56:32,273 [WARN] ConditionMgr:1039 - genDependencies : Invalid condition id : Cortex-A Device cause : null
2024-11-28 09:56:32,273 [WARN] ConditionMgr:1039 - genDependencies : Invalid condition id : Cortex-A Device cause : null
2024-11-28 09:56:32,273 [WARN] ConditionMgr:1039 - genDependencies : Invalid condition id : Cortex-A Device cause : null
2024-11-28 09:56:32,283 [WARN] PackLoader:240 - Cannot read IP mode file for STMicroelectronics.X-CUBE-EEPRMA1.5.1.0
2024-11-28 09:56:32,306 [WARN] PackLoader:240 - Cannot read IP mode file for SEGGER.I-CUBE-embOS.1.3.1
2024-11-28 09:56:32,333 [WARN] PackLoader:240 - Cannot read IP mode file for STMicroelectronics.X-CUBE-ALGOBUILD.1.4.0
2024-11-28 09:56:32,343 [WARN] PackLoader:240 - Cannot read IP mode file for STMicroelectronics.X-CUBE-AI.9.1.0
2024-11-28 09:56:32,354 [WARN] PackLoader:240 - Cannot read IP mode file for STMicroelectronics.X-CUBE-GNSS1.6.0.0
2024-11-28 09:56:32,376 [WARN] PackLoader:240 - Cannot read IP mode file for STMicroelectronics.X-CUBE-AZRTOS-F4.1.1.0
2024-11-28 09:56:32,386 [WARN] PackLoader:240 - Cannot read IP mode file for wolfSSL.I-CUBE-wolfSSL.5.6.4
2024-11-28 09:56:32,395 [WARN] PackLoader:240 - Cannot read IP mode file for STMicroelectronics.X-CUBE-ISPU.2.1.0
2024-11-28 09:56:32,404 [WARN] PackLoader:240 - Cannot read IP mode file for STMicroelectronics.X-CUBE-FREERTOS.1.2.0
2024-11-28 09:56:32,426 [WARN] PackLoader:240 - Cannot read IP mode file for STMicroelectronics.X-CUBE-AZRTOS-L5.2.0.0
2024-11-28 09:56:32,441 [WARN] PackLoader:240 - Cannot read IP mode file for STMicroelectronics.X-CUBE-EEPRMA1.4.2.0
2024-11-28 09:56:32,456 [WARN] PackLoader:240 - Cannot read IP mode file for STMicroelectronics.X-CUBE-NFC6.3.1.0
2024-11-28 09:56:32,469 [WARN] PackLoader:240 - Cannot read IP mode file for ITTIA_DB.I-CUBE-ITTIADB.8.8.0
2024-11-28 09:56:32,480 [WARN] PackLoader:240 - Cannot read IP mode file for STMicroelectronics.X-CUBE-DPower.1.2.0
2024-11-28 09:56:32,491 [WARN] PackLoader:240 - Cannot read IP mode file for STMicroelectronics.X-CUBE-AI.9.0.0
2024-11-28 09:56:32,503 [WARN] PackLoader:240 - Cannot read IP mode file for STMicroelectronics.X-CUBE-NFC7.1.0.1
2024-11-28 09:56:32,516 [WARN] PackLoader:240 - Cannot read IP mode file for STMicroelectronics.X-CUBE-NFC6.3.0.0
2024-11-28 09:56:32,530 [WARN] PackLoader:240 - Cannot read IP mode file for STMicroelectronics.X-CUBE-AI.8.1.0
2024-11-28 09:56:32,551 [WARN] ConditionMgr:438 - getConditionDescription Invalid condition id : LAN8742 Phy interface Condition cause : null
2024-11-28 09:56:32,551 [WARN] PackLoader:240 - Cannot read IP mode file for STMicroelectronics.X-CUBE-AZRTOS-L4.2.0.0
2024-11-28 09:56:32,552 [WARN] ConditionMgr:1039 - genDependencies : Invalid condition id : LAN8742 Phy interface Condition cause : null
2024-11-28 09:56:32,552 [WARN] ConditionMgr:1039 - genDependencies : Invalid condition id : LAN8742 Phy interface Condition cause : null
2024-11-28 09:56:32,552 [WARN] ConditionMgr:1039 - genDependencies : Invalid condition id : LAN8742 Phy interface Condition cause : null
2024-11-28 09:56:32,564 [WARN] PackLoader:240 - Cannot read IP mode file for STMicroelectronics.X-CUBE-SFXS2LP1.4.0.0
2024-11-28 09:56:32,587 [WARN] PackLoader:240 - Cannot read IP mode file for STMicroelectronics.X-CUBE-AZRTOS-H7.3.3.0
2024-11-28 09:56:32,602 [WARN] PackLoader:240 - Cannot read IP mode file for STMicroelectronics.X-CUBE-IPS.3.0.0
2024-11-28 09:56:32,619 [WARN] ConditionMgr:438 - getConditionDescription Invalid condition id : UX DEVICE CLASS RTOS Condition cause : null
2024-11-28 09:56:32,619 [WARN] ConditionMgr:438 - getConditionDescription Invalid condition id : UX DEVICE CLASS RTOS Condition cause : null
2024-11-28 09:56:32,620 [WARN] PackLoader:240 - Cannot read IP mode file for STMicroelectronics.X-CUBE-AZRTOS-WB.2.0.0
2024-11-28 09:56:32,620 [WARN] ConditionMgr:1039 - genDependencies : Invalid condition id : UX DEVICE CLASS RTOS Condition cause : null
2024-11-28 09:56:32,620 [WARN] ConditionMgr:1039 - genDependencies : Invalid condition id : UX DEVICE CLASS RTOS Condition cause : null
2024-11-28 09:56:32,620 [WARN] ConditionMgr:1039 - genDependencies : Invalid condition id : UX DEVICE CLASS RTOS Condition cause : null
2024-11-28 09:56:32,620 [WARN] ConditionMgr:1039 - genDependencies : Invalid condition id : UX DEVICE CLASS RTOS Condition cause : null
2024-11-28 09:56:32,620 [WARN] ConditionMgr:1039 - genDependencies : Invalid condition id : UX DEVICE CLASS RTOS Condition cause : null
2024-11-28 09:56:32,631 [WARN] PackLoader:240 - Cannot read IP mode file for STMicroelectronics.X-CUBE-GNSS1.7.0.0
2024-11-28 09:56:32,640 [WARN] PackLoader:240 - Cannot read IP mode file for STMicroelectronics.FP-SNS-STBOX1.2.0.0
2024-11-28 09:56:32,652 [WARN] PackLoader:240 - Cannot read IP mode file for STMicroelectronics.X-CUBE-SUBG2.5.0.0
2024-11-28 09:56:32,670 [WARN] PackLoader:240 - Cannot read IP mode file for STMicroelectronics.X-CUBE-AZRTOS-G4.2.0.0
2024-11-28 09:56:32,687 [WARN] PackLoader:240 - Cannot read IP mode file for Infineon.AIROC-Wi-Fi-Bluetooth-STM32.1.5.1
2024-11-28 09:56:32,696 [WARN] PackLoader:240 - Cannot read IP mode file for STMicroelectronics.FP-SNS-MOTENVWB1.1.3.1
2024-11-28 09:56:32,705 [WARN] PackLoader:240 - Cannot read IP mode file for STMicroelectronics.X-CUBE-ISPU.2.0.0
2024-11-28 09:56:32,713 [WARN] PackLoader:240 - Cannot read IP mode file for STMicroelectronics.X-CUBE-ALS.1.0.2
2024-11-28 09:56:32,743 [WARN] PackLoader:240 - Cannot read IP mode file for STMicroelectronics.X-CUBE-MEMS1.10.0.0
2024-11-28 09:56:32,795 [WARN] PackLoader:240 - Cannot read IP mode file for STMicroelectronics.X-CUBE-FREERTOS.1.1.0
2024-11-28 09:56:32,804 [WARN] PackLoader:240 - Cannot read IP mode file for STMicroelectronics.X-CUBE-TOUCHGFX.4.24.0
2024-11-28 09:56:32,812 [WARN] PackLoader:240 - Cannot read IP mode file for STMicroelectronics.X-CUBE-TOUCHGFX.4.24.1
2024-11-28 09:56:32,821 [WARN] PackLoader:240 - Cannot read IP mode file for wolfSSL.I-CUBE-wolfTPM.3.4.0
2024-11-28 09:56:32,830 [WARN] PackLoader:240 - Cannot read IP mode file for portGmbH.I-Cube-SoM-uGOAL.1.1.0
2024-11-28 09:56:32,836 [WARN] PackLoader:240 - Cannot read IP mode file for STMicroelectronics.X-CUBE-ALS.1.0.1
2024-11-28 09:56:32,853 [WARN] PackLoader:240 - Cannot read IP mode file for STMicroelectronics.X-CUBE-AZRTOS-H7RS.1.0.0
2024-11-28 09:56:32,860 [WARN] PackLoader:240 - Cannot read IP mode file for STMicroelectronics.FP-ATR-ASTRA1.2.0.0
2024-11-28 09:56:32,871 [WARN] PackLoader:240 - Cannot read IP mode file for STMicroelectronics.X-CUBE-TOF1.3.4.2
2024-11-28 09:56:32,885 [WARN] PackLoader:240 - Cannot read IP mode file for STMicroelectronics.X-CUBE-TOF1.3.4.0
2024-11-28 09:56:32,899 [WARN] PackLoader:240 - Cannot read IP mode file for STMicroelectronics.X-CUBE-TOF1.3.4.1
2024-11-28 09:56:32,920 [WARN] PackLoader:240 - Cannot read IP mode file for STMicroelectronics.X-CUBE-AZRTOS-H7.3.2.0
2024-11-28 09:56:32,929 [WARN] PackLoader:240 - Cannot read IP mode file for wolfSSL.I-CUBE-wolfSSH.1.4.17
2024-11-28 09:56:32,929 [INFO] ThirdParty:978 - Integrity check success = true
2024-11-28 09:56:32,929 [INFO] IntegrityCheckThread:100 - exiting critical section [integrity check]
2024-11-28 09:56:32,929 [INFO] IntegrityCheckThread:103 - End integrity checks thread
2024-11-28 09:56:35,963 [INFO] WebApp:167 - Instantiating new browser for Auth
2024-11-28 09:56:36,419 [INFO] WebApp:448 - Apply proxy settings
2024-11-28 09:56:36,419 [INFO] WebApp:533 - Chromium requires no authentication
2024-11-28 09:56:36,425 [INFO] WebApp:476 - Direct internet connection detected
2024-11-28 09:56:36,445 [INFO] WebApp:869 - Register for checkConnection events
2024-11-28 09:56:36,445 [INFO] WebApp:448 - Apply proxy settings
2024-11-28 09:56:36,445 [INFO] WebApp:533 - Chromium requires no authentication
2024-11-28 09:56:36,446 [INFO] WebApp:476 - Direct internet connection detected
2024-11-28 09:56:36,559 [INFO] WebApp:220 - Starting web application
2024-11-28 09:56:36,559 [INFO] WebApp:578 - Web application path used C:\ST\STM32CubeIDE_1.16.1\STM32CubeIDE\plugins\com.st.stm32cube.common.mx_6.12.1.202409122256\db\plugins\mcufinder\reactClient1\index.html
2024-11-28 09:56:36,703 [INFO] WebApp:186 - Connection restablished
2024-11-28 09:56:36,712 [INFO] UserAuth:417 - Internet connection configuration mode: 1
2024-11-28 17:28:10,530 [ERROR] LogOutputStream:75 - [STDERR_REDIRECT] 
