2025-09-17 11:33:10,946 [INFO] Activator:176 - 


2025-09-17 11:33:10,950 [INFO] Activator:177 - !SESSION log4j initialized
2025-09-17 11:33:17,499 [INFO] LogOutputStream:77 - [STDOUT_REDIRECT] 
2025-09-17 11:33:27,200 [INFO] ApplicationProperties:184 - Using Application install path: C:\ST\STM32CubeIDE_1.16.1\STM32CubeIDE\plugins\com.st.stm32cube.common.mx_6.12.1.202409122256
2025-09-17 11:33:27,224 [INFO] DbMcusXml:78 - Set database path to: C:\ST\STM32CubeIDE_1.16.1\STM32CubeIDE\plugins\com.st.stm32cube.common.mx_6.12.1.202409122256\\db\/mcu/
2025-09-17 11:33:27,224 [INFO] ApiDb:274 - Set plugin database path to: C:\ST\STM32CubeIDE_1.16.1\STM32CubeIDE\plugins\com.st.stm32cube.common.mx_6.12.1.202409122256\\db\/plugins/boardmanager/
2025-09-17 11:33:27,225 [WARN] ApiDb:259 - Overriding images path with different value:  => C:\ST\STM32CubeIDE_1.16.1\STM32CubeIDE\plugins\com.st.stm32cube.common.mx_6.12.1.202409122256\\db\/plugins/mcufinder/images/
2025-09-17 11:33:27,245 [INFO] ApiDb:250 - Set database path to: C:\Users\RND1\.stmcufinder\plugins\mcufinder//mcu/
2025-09-17 11:33:27,246 [INFO] DbMcusAds:125 - Set database path to: C:\Users\RND1\.stmcufinder\plugins\mcufinder//mcu/
2025-09-17 11:33:27,251 [INFO] CrossReferenceDbSqlite:203 - Set database path to: C:\Users\RND1\.stmcufinder\plugins\mcufinder//mcu/cs/
2025-09-17 11:33:27,477 [INFO] RulesReader:64 - Compatibility file has been processed (297 Rules)
2025-09-17 11:33:27,591 [INFO] DbMcusXml:78 - Set database path to: C:\ST\STM32CubeIDE_1.16.1\STM32CubeIDE\plugins\com.st.stm32cube.common.mx_6.12.1.202409122256\\db\/mcu/
2025-09-17 11:33:27,592 [INFO] ApiDb:274 - Set plugin database path to: C:\ST\STM32CubeIDE_1.16.1\STM32CubeIDE\plugins\com.st.stm32cube.common.mx_6.12.1.202409122256\\db\/plugins/boardmanager/
2025-09-17 11:33:27,592 [INFO] ApiDb:261 - Set plugin images path to: C:\ST\STM32CubeIDE_1.16.1\STM32CubeIDE\plugins\com.st.stm32cube.common.mx_6.12.1.202409122256\\db\/plugins/mcufinder/images/
2025-09-17 11:33:27,592 [WARN] DbFile:41 - Overriding database path with different value: C:\Users\RND1\.stmcufinder\plugins\mcufinder/ => C:\Users\RND1\.stmcufinder\plugins\mcufinder
2025-09-17 11:33:27,593 [INFO] ApiDb:250 - Set database path to: C:\Users\RND1\.stmcufinder\plugins\mcufinder//mcu/
2025-09-17 11:33:27,593 [WARN] DbFile:41 - Overriding database path with different value: C:\Users\RND1\.stmcufinder\plugins\mcufinder/ => C:\Users\RND1\.stmcufinder\plugins\mcufinder
2025-09-17 11:33:27,593 [INFO] DbMcusAds:125 - Set database path to: C:\Users\RND1\.stmcufinder\plugins\mcufinder//mcu/
2025-09-17 11:33:27,593 [WARN] DbFile:41 - Overriding database path with different value: C:\Users\RND1\.stmcufinder\plugins\mcufinder/ => C:\Users\RND1\.stmcufinder\plugins\mcufinder
2025-09-17 11:33:27,593 [WARN] DbFile:41 - Overriding database path with different value: C:\Users\RND1\.stmcufinder\plugins\mcufinder/ => C:\Users\RND1\.stmcufinder\plugins\mcufinder
2025-09-17 11:33:27,593 [INFO] CrossReferenceDbSqlite:203 - Set database path to: C:\Users\RND1\.stmcufinder\plugins\mcufinder//mcu/cs/
2025-09-17 11:33:27,734 [INFO] MainPanel:268 - HeapMemory: 268435456
2025-09-17 11:33:27,868 [INFO] DbMcusXml:78 - Set database path to: C:\ST\STM32CubeIDE_1.16.1\STM32CubeIDE\plugins\com.st.stm32cube.common.mx_6.12.1.202409122256\\db\/mcu/
2025-09-17 11:33:27,868 [INFO] ApiDb:274 - Set plugin database path to: C:\ST\STM32CubeIDE_1.16.1\STM32CubeIDE\plugins\com.st.stm32cube.common.mx_6.12.1.202409122256\\db\/plugins/boardmanager/
2025-09-17 11:33:27,869 [INFO] ApiDb:261 - Set plugin images path to: C:\ST\STM32CubeIDE_1.16.1\STM32CubeIDE\plugins\com.st.stm32cube.common.mx_6.12.1.202409122256\\db\/plugins/mcufinder/images/
2025-09-17 11:33:27,869 [WARN] DbFile:41 - Overriding database path with different value: C:\Users\RND1\.stmcufinder\plugins\mcufinder/ => C:\Users\RND1\.stmcufinder\plugins\mcufinder
2025-09-17 11:33:27,869 [INFO] ApiDb:250 - Set database path to: C:\Users\RND1\.stmcufinder\plugins\mcufinder//mcu/
2025-09-17 11:33:27,869 [WARN] DbFile:41 - Overriding database path with different value: C:\Users\RND1\.stmcufinder\plugins\mcufinder/ => C:\Users\RND1\.stmcufinder\plugins\mcufinder
2025-09-17 11:33:27,869 [INFO] DbMcusAds:125 - Set database path to: C:\Users\RND1\.stmcufinder\plugins\mcufinder//mcu/
2025-09-17 11:33:27,869 [WARN] DbFile:41 - Overriding database path with different value: C:\Users\RND1\.stmcufinder\plugins\mcufinder/ => C:\Users\RND1\.stmcufinder\plugins\mcufinder
2025-09-17 11:33:27,869 [WARN] DbFile:41 - Overriding database path with different value: C:\Users\RND1\.stmcufinder\plugins\mcufinder/ => C:\Users\RND1\.stmcufinder\plugins\mcufinder
2025-09-17 11:33:27,942 [INFO] CrossReferenceDbSqlite:203 - Set database path to: C:\Users\RND1\.stmcufinder\plugins\mcufinder//mcu/cs/
2025-09-17 11:33:27,979 [INFO] ApplicationProperties:184 - Using Application install path: C:\ST\STM32CubeIDE_1.16.1\STM32CubeIDE\plugins\com.st.stm32cube.common.mx_6.12.1.202409122256
2025-09-17 11:33:27,981 [INFO] PluginManage:196 - Search for loadable plugins [exclusion list=, ]
2025-09-17 11:33:27,984 [INFO] PluginManage:310 - Check plugin analytics
2025-09-17 11:33:28,341 [INFO] AnalyticsPlugin:253 - Accepted Software Licenses: STM32CubeMX.6.10.0
2025-09-17 11:33:28,342 [INFO] AnalyticsPlugin:255 - Accepted CMSIS Pack Licenses: 
2025-09-17 11:33:28,342 [INFO] AnalyticsPlugin:257 - Accepted Firmware Licenses: FW.G4.1.5.0,FW.G4.1.6.0,FW.F4.1.28.0,FW.H7.1.11.0
2025-09-17 11:33:28,346 [INFO] PluginManage:359 - Loaded plugin analytics (category:tool,tabindex:-1)
2025-09-17 11:33:28,346 [INFO] PluginManage:310 - Check plugin cadmodel
2025-09-17 11:33:28,380 [INFO] CADModel:105 - Init CAD model plugin
2025-09-17 11:33:28,380 [INFO] PluginManage:359 - Loaded plugin cadmodel (category:power,tabindex:5)
2025-09-17 11:33:28,380 [INFO] PluginManage:310 - Check plugin clock
2025-09-17 11:33:28,407 [INFO] PluginManage:359 - Loaded plugin clock (category:base,tabindex:2)
2025-09-17 11:33:28,407 [INFO] PluginManage:310 - Check plugin ddr
2025-09-17 11:33:28,411 [INFO] PluginManage:359 - Loaded plugin ddr (category:tool,tabindex:6)
2025-09-17 11:33:28,411 [INFO] PluginManage:310 - Check plugin filemanager
2025-09-17 11:33:28,587 [INFO] PluginManage:359 - Loaded plugin filemanager (category:base,tabindex:10)
2025-09-17 11:33:28,587 [INFO] PluginManage:310 - Check plugin ipmanager
2025-09-17 11:33:28,601 [INFO] PluginManage:359 - Loaded plugin ipmanager (category:base,tabindex:5)
2025-09-17 11:33:28,602 [INFO] PluginManage:310 - Check plugin lpbam
2025-09-17 11:33:28,628 [INFO] PluginManage:359 - Loaded plugin lpbam (category:base,tabindex:0)
2025-09-17 11:33:28,628 [INFO] PluginManage:310 - Check plugin memorymap
2025-09-17 11:33:28,662 [INFO] PluginManage:359 - Loaded plugin memorymap (category:base,tabindex:4)
2025-09-17 11:33:28,662 [INFO] PluginManage:310 - Check plugin pinoutandconfiguration
2025-09-17 11:33:28,686 [INFO] PluginManage:359 - Loaded plugin pinoutandconfiguration (category:base,tabindex:1)
2025-09-17 11:33:28,686 [INFO] PluginManage:310 - Check plugin pinoutconfig
2025-09-17 11:33:28,797 [WARN] SupportedApi:132 - Cannot load RTOS API schema: s4s-elt-must-match.1: The content of 'definitions' must match (annotation?, (simpleType | complexType)?, (unique | key | keyref)*)). A problem was found starting at: attribute.
2025-09-17 11:33:28,946 [INFO] PluginManage:359 - Loaded plugin pinoutconfig (category:base,tabindex:0)
2025-09-17 11:33:28,946 [INFO] PluginManage:310 - Check plugin power
2025-09-17 11:33:28,971 [INFO] PluginManage:359 - Loaded plugin power (category:power,tabindex:4)
2025-09-17 11:33:28,971 [INFO] PluginManage:310 - Check plugin projectmanager
2025-09-17 11:33:28,993 [INFO] PluginManage:359 - Loaded plugin projectmanager (category:projectmanager,tabindex:4)
2025-09-17 11:33:28,994 [INFO] PluginManage:310 - Check plugin rif
2025-09-17 11:33:29,013 [INFO] PluginManage:359 - Loaded plugin rif (category:base,tabindex:3)
2025-09-17 11:33:29,014 [INFO] PluginManage:310 - Check plugin thirdparty
2025-09-17 11:33:29,435 [INFO] PluginManage:359 - Loaded plugin thirdparty (category:base,tabindex:-1)
2025-09-17 11:33:29,436 [INFO] PluginManage:310 - Check plugin tools
2025-09-17 11:33:29,435 [WARN] IntegrityCheckThread:84 - waiting for thirdparty lock release [integrity check]
2025-09-17 11:33:29,436 [INFO] IntegrityCheckThread:86 - entering critical section [integrity check]
2025-09-17 11:33:29,436 [INFO] ThirdPartyUpdaterWithRetryManager:70 - Updater plugin not ready yet. [1/15]
2025-09-17 11:33:29,489 [INFO] PluginManage:359 - Loaded plugin tools (category:base,tabindex:7)
2025-09-17 11:33:29,489 [INFO] PluginManage:310 - Check plugin tutovideos
2025-09-17 11:33:29,745 [INFO] PluginManage:359 - Loaded plugin tutovideos (category:base,tabindex:-1)
2025-09-17 11:33:29,745 [INFO] PluginManage:310 - Check plugin updater
2025-09-17 11:33:29,768 [INFO] PluginManage:359 - Loaded plugin updater (category:base,tabindex:12)
2025-09-17 11:33:29,768 [INFO] PluginManage:310 - Check plugin userauth
2025-09-17 11:33:29,775 [INFO] UserAuth:113 - Init User Auth plugin
2025-09-17 11:33:29,775 [INFO] PluginManage:359 - Loaded plugin userauth (category:base,tabindex:14)
2025-09-17 11:33:29,775 [INFO] PluginManage:283 - PluginManage : Loaded plugins [18]
2025-09-17 11:33:30,067 [INFO] PinOutPanel:1561 - setPackage(No Configuration,No Configuration)
2025-09-17 11:33:30,343 [INFO] CADModel:165 - CPN selected for project level
2025-09-17 11:33:30,343 [INFO] CADModel:114 - Register for checkConnection events
2025-09-17 11:33:30,390 [INFO] IPUIPlugin:80 - create IPUIPlugin
2025-09-17 11:33:30,391 [INFO] PluginManager:220 - loadIPPluginJar : add adc
2025-09-17 11:33:30,445 [INFO] IPUIPlugin:80 - create IPUIPlugin
2025-09-17 11:33:30,445 [INFO] PluginManager:220 - loadIPPluginJar : add aes
2025-09-17 11:33:30,507 [INFO] IPUIPlugin:80 - create IPUIPlugin
2025-09-17 11:33:30,507 [INFO] PluginManager:220 - loadIPPluginJar : add can
2025-09-17 11:33:30,545 [INFO] IPUIPlugin:80 - create IPUIPlugin
2025-09-17 11:33:30,545 [INFO] PluginManager:220 - loadIPPluginJar : add comp
2025-09-17 11:33:30,603 [INFO] IPUIPlugin:80 - create IPUIPlugin
2025-09-17 11:33:30,603 [INFO] PluginManager:220 - loadIPPluginJar : add cryp
2025-09-17 11:33:30,623 [INFO] IPUIPlugin:80 - create IPUIPlugin
2025-09-17 11:33:30,624 [INFO] PluginManager:220 - loadIPPluginJar : add ddr_ctrl_phy
2025-09-17 11:33:30,679 [INFO] IPUIPlugin:80 - create IPUIPlugin
2025-09-17 11:33:30,679 [INFO] PluginManager:220 - loadIPPluginJar : add dfsdm
2025-09-17 11:33:30,701 [INFO] IPUIPlugin:80 - create IPUIPlugin
2025-09-17 11:33:30,701 [INFO] PluginManager:220 - loadIPPluginJar : add dma
2025-09-17 11:33:30,768 [INFO] IPUIPlugin:80 - create IPUIPlugin
2025-09-17 11:33:30,768 [INFO] PluginManager:220 - loadIPPluginJar : add dma3
2025-09-17 11:33:30,839 [INFO] IPUIPlugin:80 - create IPUIPlugin
2025-09-17 11:33:30,839 [INFO] PluginManager:220 - loadIPPluginJar : add extmemmanager
2025-09-17 11:33:30,871 [INFO] IPUIPlugin:80 - create IPUIPlugin
2025-09-17 11:33:30,871 [INFO] PluginManager:220 - loadIPPluginJar : add fatfs
2025-09-17 11:33:30,958 [INFO] IPUIPlugin:80 - create IPUIPlugin
2025-09-17 11:33:30,958 [INFO] PluginManager:220 - loadIPPluginJar : add fmc
2025-09-17 11:33:30,976 [INFO] IPUIPlugin:80 - create IPUIPlugin
2025-09-17 11:33:30,976 [INFO] PluginManager:220 - loadIPPluginJar : add freertos
2025-09-17 11:33:31,013 [INFO] IPUIPlugin:80 - create IPUIPlugin
2025-09-17 11:33:31,013 [INFO] PluginManager:220 - loadIPPluginJar : add genericplugin
2025-09-17 11:33:31,186 [INFO] IPUIPlugin:80 - create IPUIPlugin
2025-09-17 11:33:31,186 [INFO] PluginManager:220 - loadIPPluginJar : add gfxmmu
2025-09-17 11:33:31,392 [INFO] IPUIPlugin:80 - create IPUIPlugin
2025-09-17 11:33:31,392 [INFO] PluginManager:220 - loadIPPluginJar : add gic
2025-09-17 11:33:31,410 [INFO] IPUIPlugin:80 - create IPUIPlugin
2025-09-17 11:33:31,410 [INFO] PluginManager:220 - loadIPPluginJar : add gpio
2025-09-17 11:33:31,546 [INFO] IPUIPlugin:80 - create IPUIPlugin
2025-09-17 11:33:31,546 [INFO] PluginManager:220 - loadIPPluginJar : add gtzc
2025-09-17 11:33:31,598 [INFO] IPUIPlugin:80 - create IPUIPlugin
2025-09-17 11:33:31,598 [INFO] PluginManager:220 - loadIPPluginJar : add hash
2025-09-17 11:33:31,706 [INFO] IPUIPlugin:80 - create IPUIPlugin
2025-09-17 11:33:31,707 [INFO] PluginManager:220 - loadIPPluginJar : add i2c
2025-09-17 11:33:31,775 [INFO] IPUIPlugin:80 - create IPUIPlugin
2025-09-17 11:33:31,775 [INFO] PluginManager:220 - loadIPPluginJar : add i2s
2025-09-17 11:33:31,845 [INFO] IPUIPlugin:80 - create IPUIPlugin
2025-09-17 11:33:31,846 [INFO] PluginManager:220 - loadIPPluginJar : add i3c
2025-09-17 11:33:32,009 [INFO] IPUIPlugin:80 - create IPUIPlugin
2025-09-17 11:33:32,009 [INFO] PluginManager:220 - loadIPPluginJar : add ipddr
2025-09-17 11:33:32,187 [INFO] IPUIPlugin:80 - create IPUIPlugin
2025-09-17 11:33:32,189 [INFO] PluginManager:220 - loadIPPluginJar : add linkedlist
2025-09-17 11:33:32,243 [INFO] IPUIPlugin:80 - create IPUIPlugin
2025-09-17 11:33:32,243 [INFO] PluginManager:220 - loadIPPluginJar : add lorawan
2025-09-17 11:33:32,312 [INFO] IPUIPlugin:80 - create IPUIPlugin
2025-09-17 11:33:32,312 [INFO] PluginManager:220 - loadIPPluginJar : add ltdc
2025-09-17 11:33:32,332 [INFO] IPUIPlugin:80 - create IPUIPlugin
2025-09-17 11:33:32,333 [INFO] PluginManager:220 - loadIPPluginJar : add mdma
2025-09-17 11:33:32,349 [INFO] IPUIPlugin:80 - create IPUIPlugin
2025-09-17 11:33:32,349 [INFO] PluginManager:220 - loadIPPluginJar : add nvic
2025-09-17 11:33:32,416 [INFO] IPUIPlugin:80 - create IPUIPlugin
2025-09-17 11:33:32,417 [INFO] PluginManager:220 - loadIPPluginJar : add opamp
2025-09-17 11:33:32,449 [INFO] ThirdPartyUpdaterWithRetryManager:70 - Updater plugin not ready yet. [2/15]
2025-09-17 11:33:32,524 [INFO] IPUIPlugin:80 - create IPUIPlugin
2025-09-17 11:33:32,525 [INFO] PluginManager:220 - loadIPPluginJar : add openamp
2025-09-17 11:33:32,603 [INFO] IPUIPlugin:80 - create IPUIPlugin
2025-09-17 11:33:32,604 [INFO] PluginManager:220 - loadIPPluginJar : add pdm2pcm
2025-09-17 11:33:32,625 [INFO] IPUIPlugin:80 - create IPUIPlugin
2025-09-17 11:33:32,629 [INFO] PluginManager:220 - loadIPPluginJar : add plateformsettings
2025-09-17 11:33:32,679 [INFO] IPUIPlugin:80 - create IPUIPlugin
2025-09-17 11:33:32,679 [INFO] PluginManager:220 - loadIPPluginJar : add quadspi
2025-09-17 11:33:32,730 [INFO] IPUIPlugin:80 - create IPUIPlugin
2025-09-17 11:33:32,731 [INFO] PluginManager:220 - loadIPPluginJar : add radio
2025-09-17 11:33:32,747 [INFO] IPUIPlugin:80 - create IPUIPlugin
2025-09-17 11:33:32,747 [INFO] PluginManager:220 - loadIPPluginJar : add resmgrutility
2025-09-17 11:33:32,819 [INFO] IPUIPlugin:80 - create IPUIPlugin
2025-09-17 11:33:32,819 [INFO] PluginManager:220 - loadIPPluginJar : add sai
2025-09-17 11:33:32,890 [INFO] IPUIPlugin:80 - create IPUIPlugin
2025-09-17 11:33:32,890 [INFO] PluginManager:220 - loadIPPluginJar : add spi
2025-09-17 11:33:33,004 [INFO] IPUIPlugin:80 - create IPUIPlugin
2025-09-17 11:33:33,004 [INFO] PluginManager:220 - loadIPPluginJar : add stm32_wpan
2025-09-17 11:33:33,052 [INFO] IPUIPlugin:80 - create IPUIPlugin
2025-09-17 11:33:33,052 [INFO] PluginManager:220 - loadIPPluginJar : add tim
2025-09-17 11:33:33,189 [INFO] IPUIPlugin:80 - create IPUIPlugin
2025-09-17 11:33:33,189 [INFO] PluginManager:220 - loadIPPluginJar : add touchsensing
2025-09-17 11:33:33,234 [INFO] IPUIPlugin:80 - create IPUIPlugin
2025-09-17 11:33:33,234 [INFO] PluginManager:220 - loadIPPluginJar : add tracer_emb
2025-09-17 11:33:33,276 [INFO] IPUIPlugin:80 - create IPUIPlugin
2025-09-17 11:33:33,276 [INFO] PluginManager:220 - loadIPPluginJar : add ts
2025-09-17 11:33:33,316 [INFO] IPUIPlugin:80 - create IPUIPlugin
2025-09-17 11:33:33,316 [INFO] PluginManager:220 - loadIPPluginJar : add tsc
2025-09-17 11:33:33,354 [INFO] IPUIPlugin:80 - create IPUIPlugin
2025-09-17 11:33:33,354 [INFO] PluginManager:220 - loadIPPluginJar : add ucpd
2025-09-17 11:33:33,439 [INFO] IPUIPlugin:80 - create IPUIPlugin
2025-09-17 11:33:33,439 [INFO] PluginManager:220 - loadIPPluginJar : add usart
2025-09-17 11:33:33,498 [INFO] IPUIPlugin:80 - create IPUIPlugin
2025-09-17 11:33:33,500 [INFO] PluginManager:220 - loadIPPluginJar : add usbx
2025-09-17 11:33:33,659 [INFO] CADModel:165 - CPN selected for project level
2025-09-17 11:33:33,659 [INFO] CADModel:114 - Register for checkConnection events
2025-09-17 11:33:33,659 [FATAL] Updater:334 - Updater called before beeing initialized
2025-09-17 11:33:33,659 [ERROR] CADModel:125 - Updater not yet initialized, retry later 
2025-09-17 11:33:33,821 [INFO] CADModel:165 - CPN selected for project level
2025-09-17 11:33:33,821 [INFO] CADModel:114 - Register for checkConnection events
2025-09-17 11:33:33,821 [FATAL] Updater:334 - Updater called before beeing initialized
2025-09-17 11:33:33,822 [ERROR] CADModel:125 - Updater not yet initialized, retry later 
2025-09-17 11:33:33,825 [FATAL] Updater:334 - Updater called before beeing initialized
2025-09-17 11:33:34,005 [FATAL] Updater:334 - Updater called before beeing initialized
2025-09-17 11:33:34,017 [INFO] DbMcusAds:53 - JSON generation date=Tue Jul 08 17:14:23 KST 2025 (1751962463582)
2025-09-17 11:33:34,019 [FATAL] Updater:334 - Updater called before beeing initialized
2025-09-17 11:33:34,069 [WARN] DetailPanel:346 - Failed to get advertising image, set to default
2025-09-17 11:33:34,202 [FATAL] Updater:334 - Updater called before beeing initialized
2025-09-17 11:33:34,205 [FATAL] Updater:334 - Updater called before beeing initialized
2025-09-17 11:33:34,205 [FATAL] Updater:334 - Updater called before beeing initialized
2025-09-17 11:33:34,205 [WARN] DetailPanel:346 - Failed to get advertising image, set to default
2025-09-17 11:33:34,207 [FATAL] Updater:334 - Updater called before beeing initialized
2025-09-17 11:33:34,289 [ERROR] Updater:1164 - MainUpdater not yet initialized. External WinMGr cannot be set.
2025-09-17 11:33:34,300 [INFO] Updater:1100 - Updater Version found : 6.12.1
2025-09-17 11:33:34,329 [INFO] ApplicationProperties:184 - Using Application install path: C:\ST\STM32CubeIDE_1.16.1\STM32CubeIDE\plugins\com.st.stm32cube.common.mx_6.12.1.202409122256
2025-09-17 11:33:35,403 [INFO] MainUpdater:2873 - connection check result : 10
2025-09-17 11:33:35,404 [INFO] MainUpdater:290 - Updater Check For Update Now.
2025-09-17 11:33:35,404 [INFO] MicroXplorer:498 - Change Database Version : DB.6.0.121
2025-09-17 11:33:35,426 [INFO] McuFinderGlobals:63 - Set McuFinder mode to 2 (CubeIDE integrated)
2025-09-17 11:33:35,436 [INFO] UserAuth:417 - Internet connection configuration mode: 1
2025-09-17 11:33:35,473 [WARN] MainUpdater:1194 - Updater busy. Cannot search thirdparties
2025-09-17 11:33:35,474 [INFO] ThirdPartyUpdaterWithRetryManager:96 - Updater plugin is busy. [1/15]
2025-09-17 11:33:35,506 [INFO] JxBrowserEngine:152 - Initiate JxBrowser Engine with user profile folder
2025-09-17 11:33:35,780 [INFO] CheckServerUpdateThread:120 - End of CheckServer Thread
2025-09-17 11:33:38,610 [INFO] WebApp:167 - Instantiating new browser for Auth
2025-09-17 11:33:39,126 [WARN] PackLoader:240 - Cannot read IP mode file for STMicroelectronics.FP-SNS-MOTENVWB1.1.4.0
2025-09-17 11:33:39,160 [WARN] PackLoader:240 - Cannot read IP mode file for STMicroelectronics.FP-ATR-ASTRA1.2.0.2
2025-09-17 11:33:39,178 [WARN] PackLoader:240 - Cannot read IP mode file for STMicroelectronics.FP-ATR-ASTRA1.2.0.1
2025-09-17 11:33:39,201 [WARN] PackLoader:240 - Cannot read IP mode file for STMicroelectronics.X-CUBE-SMBUS.2.1.0
2025-09-17 11:33:39,234 [WARN] PackLoader:240 - Cannot read IP mode file for STMicroelectronics.X-CUBE-WB05N.1.1.0
2025-09-17 11:33:39,260 [ERROR] Engine:466 - C:\Users\RND1\.stm32cubemx\thirdparties\pdsc\STMicroelectronics.X-CUBE-ST60.1.0.0.pdsc: PDSC version is not supported
2025-09-17 11:33:39,293 [WARN] PackLoader:240 - Cannot read IP mode file for STMicroelectronics.X-CUBE-TOUCHGFX.4.23.0
2025-09-17 11:33:39,315 [WARN] PackLoader:240 - Cannot read IP mode file for STMicroelectronics.X-CUBE-TOUCHGFX.4.23.2
2025-09-17 11:33:39,369 [WARN] PackLoader:240 - Cannot read IP mode file for STMicroelectronics.X-CUBE-AZRTOS-F7.1.1.0
2025-09-17 11:33:39,394 [WARN] PackLoader:240 - Cannot read IP mode file for STMicroelectronics.FP-SNS-MOTENV1.4.3.2
2025-09-17 11:33:39,639 [WARN] PackLoader:240 - Cannot read IP mode file for STMicroelectronics.X-CUBE-MEMS1.11.0.0
2025-09-17 11:33:40,015 [WARN] PackLoader:240 - Cannot read IP mode file for STMicroelectronics.FP-SNS-FLIGHT1.5.0.2
2025-09-17 11:33:40,089 [WARN] PackLoader:240 - Cannot read IP mode file for STMicroelectronics.X-CUBE-AZRTOS-H7.3.4.0
2025-09-17 11:33:40,121 [WARN] PackLoader:240 - Cannot read IP mode file for STMicroelectronics.X-CUBE-DISPLAY.3.0.0
2025-09-17 11:33:40,145 [WARN] PackLoader:240 - Cannot read IP mode file for STMicroelectronics.X-CUBE-BLE1.7.0.0
2025-09-17 11:33:40,185 [WARN] PackLoader:240 - Cannot read IP mode file for STMicroelectronics.X-CUBE-NFC10.1.0.0
2025-09-17 11:33:40,209 [WARN] PackLoader:240 - Cannot read IP mode file for STMicroelectronics.X-CUBE-BLEMGR.4.0.0
2025-09-17 11:33:40,233 [WARN] PackLoader:240 - Cannot read IP mode file for emotas.I-CUBE-CANOPEN.1.3.0
2025-09-17 11:33:40,256 [WARN] PackLoader:240 - Cannot read IP mode file for STMicroelectronics.X-CUBE-BLEMGR.3.1.0
2025-09-17 11:33:40,280 [WARN] PackLoader:240 - Cannot read IP mode file for STMicroelectronics.X-CUBE-AI.10.0.0
2025-09-17 11:33:40,297 [ERROR] Engine:466 - C:\Users\RND1\.stm32cubemx\thirdparties\pdsc\STMicroelectronics.FP-SNS-STBOX1.2.1.0.pdsc: PDSC version is not supported
2025-09-17 11:33:40,313 [WARN] PackLoader:240 - Cannot read IP mode file for STMicroelectronics.FP-SNS-SMARTAG2.1.2.0
2025-09-17 11:33:40,332 [ERROR] Engine:466 - C:\Users\RND1\.stm32cubemx\thirdparties\pdsc\STMicroelectronics.FP-SNS-FLIGHT1.5.1.0.pdsc: PDSC version is not supported
2025-09-17 11:33:40,440 [WARN] PackLoader:240 - Cannot read IP mode file for STMicroelectronics.X-CUBE-MEMS1.11.1.0
2025-09-17 11:33:41,123 [INFO] LogOutputStream:77 - [STDOUT_REDIRECT] 1 : Invalid condition id : UX_CORESTACK_Condition cause : null
2025-09-17 11:33:41,125 [INFO] LogOutputStream:77 - [STDOUT_REDIRECT] 1 : Invalid condition id : UX_CORESTACK_Condition cause : null
2025-09-17 11:33:41,126 [INFO] LogOutputStream:77 - [STDOUT_REDIRECT] 1 : Invalid condition id : UX_CORESTACK_Condition cause : null
2025-09-17 11:33:41,129 [INFO] LogOutputStream:77 - [STDOUT_REDIRECT] 1 : Invalid condition id : UX_CORESTACK_Condition cause : null
2025-09-17 11:33:41,130 [INFO] LogOutputStream:77 - [STDOUT_REDIRECT] 1 : Invalid condition id : UX_CORESTACK_Condition cause : null
2025-09-17 11:33:41,136 [WARN] PackLoader:240 - Cannot read IP mode file for STMicroelectronics.X-CUBE-AZRTOS-WL.2.0.0
2025-09-17 11:33:41,222 [WARN] PackLoader:240 - Cannot read IP mode file for STMicroelectronics.FP-SNS-MOTENV1.5.0.0
2025-09-17 11:33:41,248 [WARN] PackLoader:240 - Cannot read IP mode file for wolfSSL.I-CUBE-wolfMQTT.1.19.0
2025-09-17 11:33:41,275 [WARN] PackLoader:240 - Cannot read IP mode file for WES.I-CUBE-Cesium.1.3.0
2025-09-17 11:33:41,404 [WARN] PackLoader:240 - Cannot read IP mode file for STMicroelectronics.X-CUBE-BLE2.3.3.0
2025-09-17 11:33:41,468 [WARN] PackLoader:240 - Cannot read IP mode file for STMicroelectronics.X-CUBE-NFC9.1.0.0
2025-09-17 11:33:41,489 [WARN] PackLoader:240 - Cannot read IP mode file for STMicroelectronics.X-CUBE-BLE1.7.1.0
2025-09-17 11:33:41,511 [WARN] PackLoader:240 - Cannot read IP mode file for STMicroelectronics.X-CUBE-TCPP.4.1.0
2025-09-17 11:33:41,535 [WARN] PackLoader:240 - Cannot read IP mode file for STMicroelectronics.X-CUBE-EEPRMA1.5.2.0
2025-09-17 11:33:41,537 [INFO] WebApp:448 - Apply proxy settings
2025-09-17 11:33:41,547 [INFO] WebApp:493 - Chromium authenticates against Manually configured proxy
2025-09-17 11:33:41,552 [WARN] PackLoader:240 - Cannot read IP mode file for STMicroelectronics.X-CUBE-AI.10.1.0
2025-09-17 11:33:41,558 [INFO] WebApp:501 - Username used for proxy authentication: 
2025-09-17 11:33:41,574 [WARN] PackLoader:240 - Cannot read IP mode file for STMicroelectronics.X-CUBE-ALGOBUILD.1.3.0
2025-09-17 11:33:41,613 [INFO] WebApp:869 - Register for checkConnection events
2025-09-17 11:33:41,613 [INFO] WebApp:448 - Apply proxy settings
2025-09-17 11:33:41,637 [INFO] WebApp:493 - Chromium authenticates against Manually configured proxy
2025-09-17 11:33:41,639 [INFO] WebApp:501 - Username used for proxy authentication: 
2025-09-17 11:33:41,679 [WARN] PackLoader:240 - Cannot read IP mode file for STMicroelectronics.X-CUBE-MEMS1.11.2.0
2025-09-17 11:33:41,856 [INFO] WebApp:186 - Connection restablished
2025-09-17 11:33:42,250 [INFO] WebApp:220 - Starting web application
2025-09-17 11:33:42,251 [INFO] WebApp:578 - Web application path used C:\ST\STM32CubeIDE_1.16.1\STM32CubeIDE\plugins\com.st.stm32cube.common.mx_6.12.1.202409122256\db\plugins\mcufinder\reactClient1\index.html
2025-09-17 11:33:42,487 [WARN] PackLoader:240 - Cannot read IP mode file for STMicroelectronics.X-CUBE-AZRTOS-G0.1.1.0
2025-09-17 11:33:42,641 [WARN] PackLoader:240 - Cannot read IP mode file for STMicroelectronics.X-CUBE-SAFEA1.1.2.2
2025-09-17 11:33:42,735 [WARN] PackLoader:240 - Cannot read IP mode file for STMicroelectronics.X-CUBE-NFC4.3.0.0
2025-09-17 11:33:42,776 [WARN] PackLoader:240 - Cannot read IP mode file for wolfSSL.I-CUBE-wolfMQTT.1.18.0
2025-09-17 11:33:42,835 [WARN] PackLoader:240 - Cannot read IP mode file for EmbeddedOffice.I-CUBE-FS-RTOS.1.0.1
2025-09-17 11:33:42,836 [ERROR] ConditionMgr:805 - Attr not supported : Dmpu
2025-09-17 11:33:42,836 [ERROR] ConditionMgr:805 - Attr not supported : Dmpu
2025-09-17 11:33:42,836 [ERROR] ConditionMgr:805 - Attr not supported : Dmpu
2025-09-17 11:33:42,836 [ERROR] ConditionMgr:805 - Attr not supported : Dmpu
2025-09-17 11:33:42,836 [ERROR] ConditionMgr:805 - Attr not supported : Dmpu
2025-09-17 11:33:42,837 [ERROR] ConditionMgr:805 - Attr not supported : Dmpu
2025-09-17 11:33:42,837 [ERROR] ConditionMgr:805 - Attr not supported : Dmpu
2025-09-17 11:33:42,837 [ERROR] ConditionMgr:805 - Attr not supported : Dmpu
2025-09-17 11:33:42,837 [ERROR] ConditionMgr:805 - Attr not supported : Dmpu
2025-09-17 11:33:42,837 [ERROR] ConditionMgr:805 - Attr not supported : Dmpu
2025-09-17 11:33:42,837 [ERROR] ConditionMgr:805 - Attr not supported : Dmpu
2025-09-17 11:33:42,837 [ERROR] ConditionMgr:805 - Attr not supported : Dmpu
2025-09-17 11:33:42,837 [ERROR] ConditionMgr:805 - Attr not supported : Dmpu
2025-09-17 11:33:42,837 [ERROR] ConditionMgr:805 - Attr not supported : Dmpu
2025-09-17 11:33:42,837 [ERROR] ConditionMgr:805 - Attr not supported : Dmpu
2025-09-17 11:33:42,837 [ERROR] ConditionMgr:805 - Attr not supported : Dmpu
2025-09-17 11:33:42,837 [ERROR] ConditionMgr:805 - Attr not supported : Dmpu
2025-09-17 11:33:42,837 [ERROR] ConditionMgr:805 - Attr not supported : Dmpu
2025-09-17 11:33:42,837 [ERROR] ConditionMgr:805 - Attr not supported : Dmpu
2025-09-17 11:33:42,837 [ERROR] ConditionMgr:805 - Attr not supported : Dmpu
2025-09-17 11:33:42,837 [ERROR] ConditionMgr:805 - Attr not supported : Dmpu
2025-09-17 11:33:42,837 [ERROR] ConditionMgr:805 - Attr not supported : Dmpu
2025-09-17 11:33:42,838 [ERROR] ConditionMgr:805 - Attr not supported : Dmpu
2025-09-17 11:33:42,838 [ERROR] ConditionMgr:805 - Attr not supported : Dmpu
2025-09-17 11:33:42,838 [ERROR] ConditionMgr:805 - Attr not supported : Dmpu
2025-09-17 11:33:42,838 [ERROR] ConditionMgr:805 - Attr not supported : Dmpu
2025-09-17 11:33:42,838 [ERROR] ConditionMgr:805 - Attr not supported : Dmpu
2025-09-17 11:33:42,838 [ERROR] ConditionMgr:805 - Attr not supported : Dmpu
2025-09-17 11:33:42,839 [ERROR] ConditionMgr:805 - Attr not supported : Dmpu
2025-09-17 11:33:42,839 [ERROR] ConditionMgr:805 - Attr not supported : Dmpu
2025-09-17 11:33:42,839 [ERROR] ConditionMgr:805 - Attr not supported : Dmpu
2025-09-17 11:33:42,839 [ERROR] ConditionMgr:805 - Attr not supported : Dmpu
2025-09-17 11:33:42,839 [ERROR] ConditionMgr:805 - Attr not supported : Dmpu
2025-09-17 11:33:42,839 [ERROR] ConditionMgr:805 - Attr not supported : Dmpu
2025-09-17 11:33:42,839 [ERROR] ConditionMgr:805 - Attr not supported : Dmpu
2025-09-17 11:33:42,839 [ERROR] ConditionMgr:805 - Attr not supported : Dmpu
2025-09-17 11:33:42,839 [ERROR] ConditionMgr:805 - Attr not supported : Dmpu
2025-09-17 11:33:42,839 [ERROR] ConditionMgr:805 - Attr not supported : Dmpu
2025-09-17 11:33:42,840 [ERROR] ConditionMgr:805 - Attr not supported : Dmpu
2025-09-17 11:33:42,840 [ERROR] ConditionMgr:805 - Attr not supported : Dmpu
2025-09-17 11:33:42,840 [ERROR] ConditionMgr:805 - Attr not supported : Dmpu
2025-09-17 11:33:42,840 [ERROR] ConditionMgr:805 - Attr not supported : Dmpu
2025-09-17 11:33:42,840 [ERROR] ConditionMgr:805 - Attr not supported : Dmpu
2025-09-17 11:33:42,840 [ERROR] ConditionMgr:805 - Attr not supported : Dmpu
2025-09-17 11:33:42,840 [ERROR] ConditionMgr:805 - Attr not supported : Dmpu
2025-09-17 11:33:42,840 [ERROR] ConditionMgr:805 - Attr not supported : Dmpu
2025-09-17 11:33:42,840 [ERROR] ConditionMgr:805 - Attr not supported : Dmpu
2025-09-17 11:33:42,840 [ERROR] ConditionMgr:805 - Attr not supported : Dmpu
2025-09-17 11:33:42,840 [ERROR] ConditionMgr:805 - Attr not supported : Dmpu
2025-09-17 11:33:42,841 [ERROR] ConditionMgr:805 - Attr not supported : Dmpu
2025-09-17 11:33:42,841 [ERROR] ConditionMgr:805 - Attr not supported : Dmpu
2025-09-17 11:33:42,841 [ERROR] ConditionMgr:805 - Attr not supported : Dmpu
2025-09-17 11:33:42,841 [ERROR] ConditionMgr:805 - Attr not supported : Dmpu
2025-09-17 11:33:42,841 [ERROR] ConditionMgr:805 - Attr not supported : Dmpu
2025-09-17 11:33:42,841 [ERROR] ConditionMgr:805 - Attr not supported : Dmpu
2025-09-17 11:33:42,841 [ERROR] ConditionMgr:805 - Attr not supported : Dmpu
2025-09-17 11:33:42,841 [ERROR] ConditionMgr:805 - Attr not supported : Dmpu
2025-09-17 11:33:42,841 [ERROR] ConditionMgr:805 - Attr not supported : Dmpu
2025-09-17 11:33:42,841 [ERROR] ConditionMgr:805 - Attr not supported : Dmpu
2025-09-17 11:33:42,841 [ERROR] ConditionMgr:805 - Attr not supported : Dmpu
2025-09-17 11:33:42,842 [ERROR] ConditionMgr:805 - Attr not supported : Dmpu
2025-09-17 11:33:42,842 [ERROR] ConditionMgr:805 - Attr not supported : Dmpu
2025-09-17 11:33:42,842 [ERROR] ConditionMgr:805 - Attr not supported : Dmpu
2025-09-17 11:33:42,842 [ERROR] ConditionMgr:805 - Attr not supported : Dmpu
2025-09-17 11:33:42,862 [WARN] PackLoader:240 - Cannot read IP mode file for STMicroelectronics.X-CUBE-WB05N.2.0.0
2025-09-17 11:33:42,891 [WARN] PackLoader:240 - Cannot read IP mode file for STMicroelectronics.X-CUBE-BLEMGR.3.0.0
2025-09-17 11:33:42,910 [ERROR] Engine:466 - C:\Users\RND1\.stm32cubemx\thirdparties\pdsc\STMicroelectronics.X-CUBE-TCPP.4.2.0.pdsc: PDSC version is not supported
2025-09-17 11:33:42,932 [WARN] PackLoader:240 - Cannot read IP mode file for RealThread.X-CUBE-RT-Thread_Nano.4.1.1
2025-09-17 11:33:42,948 [WARN] PackLoader:240 - Cannot read IP mode file for STMicroelectronics.FP-ATR-SIGFOX1.3.2.0
2025-09-17 11:33:42,966 [WARN] ConditionMgr:438 - getConditionDescription Invalid condition id : Cortex-A Device cause : null
2025-09-17 11:33:43,002 [WARN] ConditionMgr:1039 - genDependencies : Invalid condition id : Cortex-A Device cause : null
2025-09-17 11:33:43,003 [WARN] ConditionMgr:1039 - genDependencies : Invalid condition id : Cortex-A Device cause : null
2025-09-17 11:33:43,003 [WARN] ConditionMgr:1039 - genDependencies : Invalid condition id : Cortex-A Device cause : null
2025-09-17 11:33:43,016 [WARN] PackLoader:240 - Cannot read IP mode file for STMicroelectronics.X-CUBE-EEPRMA1.5.1.0
2025-09-17 11:33:43,039 [ERROR] Engine:466 - C:\Users\RND1\.stm32cubemx\thirdparties\pdsc\STMicroelectronics.X-CUBE-ST67W61.1.0.0.pdsc: PDSC version is not supported
2025-09-17 11:33:43,057 [WARN] PackLoader:240 - Cannot read IP mode file for STMicroelectronics.X-CUBE-AI.10.2.0
2025-09-17 11:33:43,112 [WARN] PackLoader:240 - Cannot read IP mode file for SEGGER.I-CUBE-embOS.1.3.1
2025-09-17 11:33:43,275 [WARN] PackLoader:240 - Cannot read IP mode file for STMicroelectronics.X-CUBE-ALGOBUILD.1.4.0
2025-09-17 11:33:43,426 [WARN] PackLoader:240 - Cannot read IP mode file for STMicroelectronics.X-CUBE-MEMS1.11.3.0
2025-09-17 11:33:43,693 [WARN] PackLoader:240 - Cannot read IP mode file for STMicroelectronics.X-CUBE-AI.9.1.0
2025-09-17 11:33:43,711 [WARN] PackLoader:240 - Cannot read IP mode file for STMicroelectronics.X-CUBE-PM33A1.1.0.0
2025-09-17 11:33:43,733 [WARN] PackLoader:240 - Cannot read IP mode file for STMicroelectronics.X-CUBE-GNSS1.6.0.0
2025-09-17 11:33:43,794 [WARN] PackLoader:240 - Cannot read IP mode file for STMicroelectronics.X-CUBE-AZRTOS-F4.1.1.0
2025-09-17 11:33:43,814 [WARN] PackLoader:240 - Cannot read IP mode file for wolfSSL.I-CUBE-wolfSSL.5.6.4
2025-09-17 11:33:43,827 [ERROR] Engine:466 - C:\Users\RND1\.stm32cubemx\thirdparties\pdsc\Avnet-IotConnect.X-CUBE-IoTC-DA16k-PMOD.1.0.0.pdsc: PDSC version is not supported
2025-09-17 11:33:43,845 [WARN] PackLoader:240 - Cannot read IP mode file for STMicroelectronics.X-CUBE-ISPU.2.1.0
2025-09-17 11:33:43,864 [WARN] PackLoader:240 - Cannot read IP mode file for STMicroelectronics.X-CUBE-FREERTOS.1.2.0
2025-09-17 11:33:43,870 [INFO] UserAuth:417 - Internet connection configuration mode: 1
2025-09-17 11:33:43,889 [WARN] PackLoader:240 - Cannot read IP mode file for STMicroelectronics.X-CUBE-NFC12.1.0.0
2025-09-17 11:33:43,929 [WARN] PackLoader:240 - Cannot read IP mode file for STMicroelectronics.X-CUBE-AZRTOS-L5.2.0.0
2025-09-17 11:33:43,951 [WARN] PackLoader:240 - Cannot read IP mode file for STMicroelectronics.X-CUBE-EEPRMA1.4.2.0
2025-09-17 11:33:44,018 [WARN] PackLoader:240 - Cannot read IP mode file for STMicroelectronics.X-CUBE-NFC6.3.1.0
2025-09-17 11:33:44,091 [WARN] PackLoader:240 - Cannot read IP mode file for ITTIA_DB.I-CUBE-ITTIADB.8.8.0
2025-09-17 11:33:44,112 [WARN] PackLoader:240 - Cannot read IP mode file for STMicroelectronics.X-CUBE-DPower.1.2.0
2025-09-17 11:33:44,131 [WARN] PackLoader:240 - Cannot read IP mode file for STMicroelectronics.X-CUBE-AI.9.0.0
2025-09-17 11:33:44,152 [WARN] PackLoader:240 - Cannot read IP mode file for STMicroelectronics.X-CUBE-FREERTOS.1.3.1
2025-09-17 11:33:44,168 [WARN] PackLoader:240 - Cannot read IP mode file for STMicroelectronics.X-CUBE-FREERTOS.1.3.0
2025-09-17 11:33:44,190 [WARN] PackLoader:240 - Cannot read IP mode file for STMicroelectronics.X-CUBE-NFC7.1.0.1
2025-09-17 11:33:44,212 [WARN] PackLoader:240 - Cannot read IP mode file for STMicroelectronics.X-CUBE-NFC6.3.0.0
2025-09-17 11:33:44,231 [ERROR] Engine:466 - C:\Users\RND1\.stm32cubemx\thirdparties\pdsc\STMicroelectronics.FP-SNS-STAIOTCFT.1.0.0.pdsc: PDSC version is not supported
2025-09-17 11:33:44,248 [WARN] PackLoader:240 - Cannot read IP mode file for STMicroelectronics.X-CUBE-DPower.1.3.0
2025-09-17 11:33:44,266 [WARN] PackLoader:240 - Cannot read IP mode file for STMicroelectronics.X-CUBE-AI.8.1.0
2025-09-17 11:33:44,306 [WARN] ConditionMgr:438 - getConditionDescription Invalid condition id : LAN8742 Phy interface Condition cause : null
2025-09-17 11:33:44,306 [WARN] PackLoader:240 - Cannot read IP mode file for STMicroelectronics.X-CUBE-AZRTOS-L4.2.0.0
2025-09-17 11:33:44,307 [WARN] ConditionMgr:1039 - genDependencies : Invalid condition id : LAN8742 Phy interface Condition cause : null
2025-09-17 11:33:44,307 [WARN] ConditionMgr:1039 - genDependencies : Invalid condition id : LAN8742 Phy interface Condition cause : null
2025-09-17 11:33:44,308 [WARN] ConditionMgr:1039 - genDependencies : Invalid condition id : LAN8742 Phy interface Condition cause : null
2025-09-17 11:33:44,439 [WARN] PackLoader:240 - Cannot read IP mode file for STMicroelectronics.X-CUBE-SFXS2LP1.4.0.0
2025-09-17 11:33:44,470 [WARN] PackLoader:240 - Cannot read IP mode file for STMicroelectronics.X-CUBE-AZRTOS-H7.3.3.0
2025-09-17 11:33:44,488 [ERROR] Engine:466 - C:\Users\RND1\.stm32cubemx\thirdparties\pdsc\STMicroelectronics.X-CUBE-BLEMGR.4.1.0.pdsc: PDSC version is not supported
2025-09-17 11:33:44,510 [WARN] PackLoader:240 - Cannot read IP mode file for STMicroelectronics.X-CUBE-IPS.3.0.0
2025-09-17 11:33:44,548 [WARN] ConditionMgr:438 - getConditionDescription Invalid condition id : UX DEVICE CLASS RTOS Condition cause : null
2025-09-17 11:33:44,548 [WARN] ConditionMgr:438 - getConditionDescription Invalid condition id : UX DEVICE CLASS RTOS Condition cause : null
2025-09-17 11:33:44,551 [WARN] PackLoader:240 - Cannot read IP mode file for STMicroelectronics.X-CUBE-AZRTOS-WB.2.0.0
2025-09-17 11:33:44,551 [WARN] ConditionMgr:1039 - genDependencies : Invalid condition id : UX DEVICE CLASS RTOS Condition cause : null
2025-09-17 11:33:44,552 [WARN] ConditionMgr:1039 - genDependencies : Invalid condition id : UX DEVICE CLASS RTOS Condition cause : null
2025-09-17 11:33:44,552 [WARN] ConditionMgr:1039 - genDependencies : Invalid condition id : UX DEVICE CLASS RTOS Condition cause : null
2025-09-17 11:33:44,552 [WARN] ConditionMgr:1039 - genDependencies : Invalid condition id : UX DEVICE CLASS RTOS Condition cause : null
2025-09-17 11:33:44,552 [WARN] ConditionMgr:1039 - genDependencies : Invalid condition id : UX DEVICE CLASS RTOS Condition cause : null
2025-09-17 11:33:44,569 [WARN] PackLoader:240 - Cannot read IP mode file for STMicroelectronics.X-CUBE-GNSS1.7.0.0
2025-09-17 11:33:44,587 [WARN] PackLoader:240 - Cannot read IP mode file for STMicroelectronics.X-CUBE-GNSS1.7.0.1
2025-09-17 11:33:44,604 [WARN] PackLoader:240 - Cannot read IP mode file for STMicroelectronics.X-CUBE-TOUCHGFX.4.25.0
2025-09-17 11:33:44,651 [WARN] PackLoader:240 - Cannot read IP mode file for STMicroelectronics.FP-SNS-STBOX1.2.0.0
2025-09-17 11:33:44,676 [WARN] PackLoader:240 - Cannot read IP mode file for STMicroelectronics.X-CUBE-SUBG2.5.0.0
2025-09-17 11:33:44,711 [WARN] PackLoader:240 - Cannot read IP mode file for STMicroelectronics.X-CUBE-AZRTOS-H7RS.1.1.0
2025-09-17 11:33:44,747 [WARN] PackLoader:240 - Cannot read IP mode file for STMicroelectronics.X-CUBE-AZRTOS-G4.2.0.0
2025-09-17 11:33:44,795 [WARN] PackLoader:240 - Cannot read IP mode file for Infineon.AIROC-Wi-Fi-Bluetooth-STM32.1.5.1
2025-09-17 11:33:44,816 [WARN] PackLoader:240 - Cannot read IP mode file for STMicroelectronics.X-CUBE-NFC7.2.0.0
2025-09-17 11:33:44,834 [WARN] PackLoader:240 - Cannot read IP mode file for STMicroelectronics.FP-SNS-MOTENVWB1.1.3.1
2025-09-17 11:33:44,859 [WARN] PackLoader:240 - Cannot read IP mode file for STMicroelectronics.X-CUBE-ISPU.2.0.0
2025-09-17 11:33:44,894 [ERROR] Engine:466 - C:\Users\RND1\.stm32cubemx\thirdparties\pdsc\STMicroelectronics.X-CUBE-IPS.3.1.0.pdsc: PDSC version is not supported
2025-09-17 11:33:45,003 [WARN] PackLoader:240 - Cannot read IP mode file for STMicroelectronics.X-CUBE-ALS.1.0.2
2025-09-17 11:33:45,047 [WARN] PackLoader:240 - Cannot read IP mode file for STMicroelectronics.X-CUBE-MEMS1.10.0.0
2025-09-17 11:33:45,363 [WARN] PackLoader:240 - Cannot read IP mode file for STMicroelectronics.X-CUBE-FREERTOS.1.1.0
2025-09-17 11:33:45,380 [WARN] PackLoader:240 - Cannot read IP mode file for STMicroelectronics.X-CUBE-TOUCHGFX.4.24.0
2025-09-17 11:33:45,395 [WARN] PackLoader:240 - Cannot read IP mode file for STMicroelectronics.X-CUBE-TOUCHGFX.4.24.2
2025-09-17 11:33:45,415 [WARN] PackLoader:240 - Cannot read IP mode file for STMicroelectronics.X-CUBE-TOUCHGFX.4.24.1
2025-09-17 11:33:45,435 [WARN] PackLoader:240 - Cannot read IP mode file for STMicroelectronics.X-CUBE-STSE01.1.0.0
2025-09-17 11:33:45,449 [WARN] PackLoader:240 - Cannot read IP mode file for wolfSSL.I-CUBE-wolfTPM.3.4.0
2025-09-17 11:33:45,467 [WARN] PackLoader:240 - Cannot read IP mode file for portGmbH.I-Cube-SoM-uGOAL.1.1.0
2025-09-17 11:33:45,480 [WARN] PackLoader:240 - Cannot read IP mode file for STMicroelectronics.X-CUBE-ALS.1.0.1
2025-09-17 11:33:45,512 [WARN] PackLoader:240 - Cannot read IP mode file for STMicroelectronics.X-CUBE-AZRTOS-H7RS.1.0.0
2025-09-17 11:33:45,530 [WARN] PackLoader:240 - Cannot read IP mode file for STMicroelectronics.FP-ATR-ASTRA1.2.0.0
2025-09-17 11:33:45,554 [WARN] PackLoader:240 - Cannot read IP mode file for STMicroelectronics.X-CUBE-TOF1.3.4.2
2025-09-17 11:33:45,578 [ERROR] Engine:466 - C:\Users\RND1\.stm32cubemx\thirdparties\pdsc\STMicroelectronics.X-CUBE-TOF1.3.4.3.pdsc: PDSC version is not supported
2025-09-17 11:33:45,600 [WARN] PackLoader:240 - Cannot read IP mode file for STMicroelectronics.X-CUBE-TOF1.3.4.0
2025-09-17 11:33:45,634 [WARN] PackLoader:240 - Cannot read IP mode file for STMicroelectronics.X-CUBE-TOF1.3.4.1
2025-09-17 11:33:45,680 [WARN] PackLoader:240 - Cannot read IP mode file for STMicroelectronics.X-CUBE-AZRTOS-H7.3.2.0
2025-09-17 11:33:45,710 [WARN] PackLoader:240 - Cannot read IP mode file for wolfSSL.I-CUBE-wolfSSH.1.4.17
2025-09-17 11:33:45,710 [INFO] ThirdParty:978 - Integrity check success = true
2025-09-17 11:33:45,711 [INFO] IntegrityCheckThread:100 - exiting critical section [integrity check]
2025-09-17 11:33:45,711 [INFO] IntegrityCheckThread:103 - End integrity checks thread
2025-09-17 17:30:22,094 [ERROR] LogOutputStream:75 - [STDERR_REDIRECT] 
