2025-02-18 17:10:47,513 [INFO] Activator:176 - 


2025-02-18 17:10:47,518 [INFO] Activator:177 - !SESSION log4j initialized
2025-02-18 17:10:54,750 [INFO] LogOutputStream:77 - [STDOUT_REDIRECT] 
2025-02-18 17:10:58,222 [INFO] ApplicationProperties:184 - Using Application install path: C:\ST\STM32CubeIDE_1.16.1\STM32CubeIDE\plugins\com.st.stm32cube.common.mx_6.12.1.202409122256
2025-02-18 17:10:58,234 [INFO] DbMcusXml:78 - Set database path to: C:\ST\STM32CubeIDE_1.16.1\STM32CubeIDE\plugins\com.st.stm32cube.common.mx_6.12.1.202409122256\\db\/mcu/
2025-02-18 17:10:58,234 [INFO] ApiDb:274 - Set plugin database path to: C:\ST\STM32CubeIDE_1.16.1\STM32CubeIDE\plugins\com.st.stm32cube.common.mx_6.12.1.202409122256\\db\/plugins/boardmanager/
2025-02-18 17:10:58,234 [WARN] ApiDb:259 - Overriding images path with different value:  => C:\ST\STM32CubeIDE_1.16.1\STM32CubeIDE\plugins\com.st.stm32cube.common.mx_6.12.1.202409122256\\db\/plugins/mcufinder/images/
2025-02-18 17:10:58,244 [INFO] ApiDb:250 - Set database path to: C:\Users\RND1\.stmcufinder\plugins\mcufinder//mcu/
2025-02-18 17:10:58,245 [INFO] DbMcusAds:125 - Set database path to: C:\Users\RND1\.stmcufinder\plugins\mcufinder//mcu/
2025-02-18 17:10:58,247 [INFO] CrossReferenceDbSqlite:203 - Set database path to: C:\Users\RND1\.stmcufinder\plugins\mcufinder//mcu/cs/
2025-02-18 17:10:58,328 [INFO] RulesReader:64 - Compatibility file has been processed (297 Rules)
2025-02-18 17:10:58,398 [INFO] DbMcusXml:78 - Set database path to: C:\ST\STM32CubeIDE_1.16.1\STM32CubeIDE\plugins\com.st.stm32cube.common.mx_6.12.1.202409122256\\db\/mcu/
2025-02-18 17:10:58,398 [INFO] ApiDb:274 - Set plugin database path to: C:\ST\STM32CubeIDE_1.16.1\STM32CubeIDE\plugins\com.st.stm32cube.common.mx_6.12.1.202409122256\\db\/plugins/boardmanager/
2025-02-18 17:10:58,398 [INFO] ApiDb:261 - Set plugin images path to: C:\ST\STM32CubeIDE_1.16.1\STM32CubeIDE\plugins\com.st.stm32cube.common.mx_6.12.1.202409122256\\db\/plugins/mcufinder/images/
2025-02-18 17:10:58,399 [WARN] DbFile:41 - Overriding database path with different value: C:\Users\RND1\.stmcufinder\plugins\mcufinder/ => C:\Users\RND1\.stmcufinder\plugins\mcufinder
2025-02-18 17:10:58,399 [INFO] ApiDb:250 - Set database path to: C:\Users\RND1\.stmcufinder\plugins\mcufinder//mcu/
2025-02-18 17:10:58,399 [WARN] DbFile:41 - Overriding database path with different value: C:\Users\RND1\.stmcufinder\plugins\mcufinder/ => C:\Users\RND1\.stmcufinder\plugins\mcufinder
2025-02-18 17:10:58,399 [INFO] DbMcusAds:125 - Set database path to: C:\Users\RND1\.stmcufinder\plugins\mcufinder//mcu/
2025-02-18 17:10:58,399 [WARN] DbFile:41 - Overriding database path with different value: C:\Users\RND1\.stmcufinder\plugins\mcufinder/ => C:\Users\RND1\.stmcufinder\plugins\mcufinder
2025-02-18 17:10:58,399 [WARN] DbFile:41 - Overriding database path with different value: C:\Users\RND1\.stmcufinder\plugins\mcufinder/ => C:\Users\RND1\.stmcufinder\plugins\mcufinder
2025-02-18 17:10:58,399 [INFO] CrossReferenceDbSqlite:203 - Set database path to: C:\Users\RND1\.stmcufinder\plugins\mcufinder//mcu/cs/
2025-02-18 17:10:58,464 [INFO] MainPanel:268 - HeapMemory: 268435456
2025-02-18 17:10:58,537 [INFO] DbMcusXml:78 - Set database path to: C:\ST\STM32CubeIDE_1.16.1\STM32CubeIDE\plugins\com.st.stm32cube.common.mx_6.12.1.202409122256\\db\/mcu/
2025-02-18 17:10:58,537 [INFO] ApiDb:274 - Set plugin database path to: C:\ST\STM32CubeIDE_1.16.1\STM32CubeIDE\plugins\com.st.stm32cube.common.mx_6.12.1.202409122256\\db\/plugins/boardmanager/
2025-02-18 17:10:58,537 [INFO] ApiDb:261 - Set plugin images path to: C:\ST\STM32CubeIDE_1.16.1\STM32CubeIDE\plugins\com.st.stm32cube.common.mx_6.12.1.202409122256\\db\/plugins/mcufinder/images/
2025-02-18 17:10:58,537 [WARN] DbFile:41 - Overriding database path with different value: C:\Users\RND1\.stmcufinder\plugins\mcufinder/ => C:\Users\RND1\.stmcufinder\plugins\mcufinder
2025-02-18 17:10:58,537 [INFO] ApiDb:250 - Set database path to: C:\Users\RND1\.stmcufinder\plugins\mcufinder//mcu/
2025-02-18 17:10:58,537 [WARN] DbFile:41 - Overriding database path with different value: C:\Users\RND1\.stmcufinder\plugins\mcufinder/ => C:\Users\RND1\.stmcufinder\plugins\mcufinder
2025-02-18 17:10:58,538 [INFO] DbMcusAds:125 - Set database path to: C:\Users\RND1\.stmcufinder\plugins\mcufinder//mcu/
2025-02-18 17:10:58,538 [WARN] DbFile:41 - Overriding database path with different value: C:\Users\RND1\.stmcufinder\plugins\mcufinder/ => C:\Users\RND1\.stmcufinder\plugins\mcufinder
2025-02-18 17:10:58,538 [WARN] DbFile:41 - Overriding database path with different value: C:\Users\RND1\.stmcufinder\plugins\mcufinder/ => C:\Users\RND1\.stmcufinder\plugins\mcufinder
2025-02-18 17:10:58,538 [INFO] CrossReferenceDbSqlite:203 - Set database path to: C:\Users\RND1\.stmcufinder\plugins\mcufinder//mcu/cs/
2025-02-18 17:10:58,552 [INFO] ApplicationProperties:184 - Using Application install path: C:\ST\STM32CubeIDE_1.16.1\STM32CubeIDE\plugins\com.st.stm32cube.common.mx_6.12.1.202409122256
2025-02-18 17:10:58,553 [INFO] PluginManage:196 - Search for loadable plugins [exclusion list=, ]
2025-02-18 17:10:58,554 [INFO] PluginManage:310 - Check plugin analytics
2025-02-18 17:10:58,687 [INFO] AnalyticsPlugin:253 - Accepted Software Licenses: STM32CubeMX.6.10.0
2025-02-18 17:10:58,687 [INFO] AnalyticsPlugin:255 - Accepted CMSIS Pack Licenses: 
2025-02-18 17:10:58,688 [INFO] AnalyticsPlugin:257 - Accepted Firmware Licenses: FW.G4.1.5.0,FW.G4.1.6.0,FW.F4.1.28.0,FW.H7.1.11.0
2025-02-18 17:10:58,690 [INFO] PluginManage:359 - Loaded plugin analytics (category:tool,tabindex:-1)
2025-02-18 17:10:58,691 [INFO] PluginManage:310 - Check plugin cadmodel
2025-02-18 17:10:58,707 [INFO] CADModel:105 - Init CAD model plugin
2025-02-18 17:10:58,708 [INFO] PluginManage:359 - Loaded plugin cadmodel (category:power,tabindex:5)
2025-02-18 17:10:58,708 [INFO] PluginManage:310 - Check plugin clock
2025-02-18 17:10:58,725 [INFO] PluginManage:359 - Loaded plugin clock (category:base,tabindex:2)
2025-02-18 17:10:58,726 [INFO] PluginManage:310 - Check plugin ddr
2025-02-18 17:10:58,728 [INFO] PluginManage:359 - Loaded plugin ddr (category:tool,tabindex:6)
2025-02-18 17:10:58,728 [INFO] PluginManage:310 - Check plugin filemanager
2025-02-18 17:10:58,863 [INFO] PluginManage:359 - Loaded plugin filemanager (category:base,tabindex:10)
2025-02-18 17:10:58,864 [INFO] PluginManage:310 - Check plugin ipmanager
2025-02-18 17:10:58,870 [INFO] PluginManage:359 - Loaded plugin ipmanager (category:base,tabindex:5)
2025-02-18 17:10:58,870 [INFO] PluginManage:310 - Check plugin lpbam
2025-02-18 17:10:58,887 [INFO] PluginManage:359 - Loaded plugin lpbam (category:base,tabindex:0)
2025-02-18 17:10:58,887 [INFO] PluginManage:310 - Check plugin memorymap
2025-02-18 17:10:58,908 [INFO] PluginManage:359 - Loaded plugin memorymap (category:base,tabindex:4)
2025-02-18 17:10:58,908 [INFO] PluginManage:310 - Check plugin pinoutandconfiguration
2025-02-18 17:10:58,925 [INFO] PluginManage:359 - Loaded plugin pinoutandconfiguration (category:base,tabindex:1)
2025-02-18 17:10:58,925 [INFO] PluginManage:310 - Check plugin pinoutconfig
2025-02-18 17:10:58,995 [WARN] SupportedApi:132 - Cannot load RTOS API schema: s4s-elt-must-match.1: The content of 'definitions' must match (annotation?, (simpleType | complexType)?, (unique | key | keyref)*)). A problem was found starting at: attribute.
2025-02-18 17:10:59,100 [INFO] PluginManage:359 - Loaded plugin pinoutconfig (category:base,tabindex:0)
2025-02-18 17:10:59,100 [INFO] PluginManage:310 - Check plugin power
2025-02-18 17:10:59,118 [INFO] PluginManage:359 - Loaded plugin power (category:power,tabindex:4)
2025-02-18 17:10:59,118 [INFO] PluginManage:310 - Check plugin projectmanager
2025-02-18 17:10:59,130 [INFO] PluginManage:359 - Loaded plugin projectmanager (category:projectmanager,tabindex:4)
2025-02-18 17:10:59,130 [INFO] PluginManage:310 - Check plugin rif
2025-02-18 17:10:59,145 [INFO] PluginManage:359 - Loaded plugin rif (category:base,tabindex:3)
2025-02-18 17:10:59,145 [INFO] PluginManage:310 - Check plugin thirdparty
2025-02-18 17:10:59,367 [INFO] PluginManage:359 - Loaded plugin thirdparty (category:base,tabindex:-1)
2025-02-18 17:10:59,367 [WARN] IntegrityCheckThread:84 - waiting for thirdparty lock release [integrity check]
2025-02-18 17:10:59,368 [INFO] PluginManage:310 - Check plugin tools
2025-02-18 17:10:59,368 [INFO] IntegrityCheckThread:86 - entering critical section [integrity check]
2025-02-18 17:10:59,368 [INFO] ThirdPartyUpdaterWithRetryManager:70 - Updater plugin not ready yet. [1/15]
2025-02-18 17:10:59,399 [INFO] PluginManage:359 - Loaded plugin tools (category:base,tabindex:7)
2025-02-18 17:10:59,399 [INFO] PluginManage:310 - Check plugin tutovideos
2025-02-18 17:10:59,549 [INFO] PluginManage:359 - Loaded plugin tutovideos (category:base,tabindex:-1)
2025-02-18 17:10:59,549 [INFO] PluginManage:310 - Check plugin updater
2025-02-18 17:10:59,563 [INFO] PluginManage:359 - Loaded plugin updater (category:base,tabindex:12)
2025-02-18 17:10:59,563 [INFO] PluginManage:310 - Check plugin userauth
2025-02-18 17:10:59,569 [INFO] UserAuth:113 - Init User Auth plugin
2025-02-18 17:10:59,569 [INFO] PluginManage:359 - Loaded plugin userauth (category:base,tabindex:14)
2025-02-18 17:10:59,569 [INFO] PluginManage:283 - PluginManage : Loaded plugins [18]
2025-02-18 17:10:59,734 [INFO] PinOutPanel:1561 - setPackage(No Configuration,No Configuration)
2025-02-18 17:10:59,803 [INFO] CADModel:165 - CPN selected for project level
2025-02-18 17:10:59,803 [INFO] CADModel:114 - Register for checkConnection events
2025-02-18 17:10:59,827 [INFO] IPUIPlugin:80 - create IPUIPlugin
2025-02-18 17:10:59,827 [INFO] PluginManager:220 - loadIPPluginJar : add adc
2025-02-18 17:10:59,855 [INFO] IPUIPlugin:80 - create IPUIPlugin
2025-02-18 17:10:59,855 [INFO] PluginManager:220 - loadIPPluginJar : add aes
2025-02-18 17:10:59,885 [INFO] IPUIPlugin:80 - create IPUIPlugin
2025-02-18 17:10:59,885 [INFO] PluginManager:220 - loadIPPluginJar : add can
2025-02-18 17:10:59,905 [INFO] IPUIPlugin:80 - create IPUIPlugin
2025-02-18 17:10:59,905 [INFO] PluginManager:220 - loadIPPluginJar : add comp
2025-02-18 17:10:59,930 [INFO] IPUIPlugin:80 - create IPUIPlugin
2025-02-18 17:10:59,930 [INFO] PluginManager:220 - loadIPPluginJar : add cryp
2025-02-18 17:10:59,940 [INFO] IPUIPlugin:80 - create IPUIPlugin
2025-02-18 17:10:59,940 [INFO] PluginManager:220 - loadIPPluginJar : add ddr_ctrl_phy
2025-02-18 17:10:59,963 [INFO] IPUIPlugin:80 - create IPUIPlugin
2025-02-18 17:10:59,963 [INFO] PluginManager:220 - loadIPPluginJar : add dfsdm
2025-02-18 17:10:59,975 [INFO] IPUIPlugin:80 - create IPUIPlugin
2025-02-18 17:10:59,976 [INFO] PluginManager:220 - loadIPPluginJar : add dma
2025-02-18 17:11:00,011 [INFO] IPUIPlugin:80 - create IPUIPlugin
2025-02-18 17:11:00,011 [INFO] PluginManager:220 - loadIPPluginJar : add dma3
2025-02-18 17:11:00,054 [INFO] IPUIPlugin:80 - create IPUIPlugin
2025-02-18 17:11:00,054 [INFO] PluginManager:220 - loadIPPluginJar : add extmemmanager
2025-02-18 17:11:00,071 [INFO] IPUIPlugin:80 - create IPUIPlugin
2025-02-18 17:11:00,071 [INFO] PluginManager:220 - loadIPPluginJar : add fatfs
2025-02-18 17:11:00,108 [INFO] IPUIPlugin:80 - create IPUIPlugin
2025-02-18 17:11:00,108 [INFO] PluginManager:220 - loadIPPluginJar : add fmc
2025-02-18 17:11:00,122 [INFO] IPUIPlugin:80 - create IPUIPlugin
2025-02-18 17:11:00,122 [INFO] PluginManager:220 - loadIPPluginJar : add freertos
2025-02-18 17:11:00,138 [INFO] IPUIPlugin:80 - create IPUIPlugin
2025-02-18 17:11:00,138 [INFO] PluginManager:220 - loadIPPluginJar : add genericplugin
2025-02-18 17:11:00,201 [INFO] IPUIPlugin:80 - create IPUIPlugin
2025-02-18 17:11:00,201 [INFO] PluginManager:220 - loadIPPluginJar : add gfxmmu
2025-02-18 17:11:00,293 [INFO] IPUIPlugin:80 - create IPUIPlugin
2025-02-18 17:11:00,293 [INFO] PluginManager:220 - loadIPPluginJar : add gic
2025-02-18 17:11:00,304 [INFO] IPUIPlugin:80 - create IPUIPlugin
2025-02-18 17:11:00,304 [INFO] PluginManager:220 - loadIPPluginJar : add gpio
2025-02-18 17:11:00,371 [INFO] IPUIPlugin:80 - create IPUIPlugin
2025-02-18 17:11:00,371 [INFO] PluginManager:220 - loadIPPluginJar : add gtzc
2025-02-18 17:11:00,396 [INFO] IPUIPlugin:80 - create IPUIPlugin
2025-02-18 17:11:00,396 [INFO] PluginManager:220 - loadIPPluginJar : add hash
2025-02-18 17:11:00,434 [INFO] IPUIPlugin:80 - create IPUIPlugin
2025-02-18 17:11:00,434 [INFO] PluginManager:220 - loadIPPluginJar : add i2c
2025-02-18 17:11:00,463 [INFO] IPUIPlugin:80 - create IPUIPlugin
2025-02-18 17:11:00,463 [INFO] PluginManager:220 - loadIPPluginJar : add i2s
2025-02-18 17:11:00,492 [INFO] IPUIPlugin:80 - create IPUIPlugin
2025-02-18 17:11:00,493 [INFO] PluginManager:220 - loadIPPluginJar : add i3c
2025-02-18 17:11:00,564 [INFO] IPUIPlugin:80 - create IPUIPlugin
2025-02-18 17:11:00,565 [INFO] PluginManager:220 - loadIPPluginJar : add ipddr
2025-02-18 17:11:00,634 [INFO] IPUIPlugin:80 - create IPUIPlugin
2025-02-18 17:11:00,634 [INFO] PluginManager:220 - loadIPPluginJar : add linkedlist
2025-02-18 17:11:00,665 [INFO] IPUIPlugin:80 - create IPUIPlugin
2025-02-18 17:11:00,665 [INFO] PluginManager:220 - loadIPPluginJar : add lorawan
2025-02-18 17:11:00,692 [INFO] IPUIPlugin:80 - create IPUIPlugin
2025-02-18 17:11:00,692 [INFO] PluginManager:220 - loadIPPluginJar : add ltdc
2025-02-18 17:11:00,704 [INFO] IPUIPlugin:80 - create IPUIPlugin
2025-02-18 17:11:00,705 [INFO] PluginManager:220 - loadIPPluginJar : add mdma
2025-02-18 17:11:00,715 [INFO] IPUIPlugin:80 - create IPUIPlugin
2025-02-18 17:11:00,715 [INFO] PluginManager:220 - loadIPPluginJar : add nvic
2025-02-18 17:11:00,745 [INFO] IPUIPlugin:80 - create IPUIPlugin
2025-02-18 17:11:00,745 [INFO] PluginManager:220 - loadIPPluginJar : add opamp
2025-02-18 17:11:00,789 [INFO] IPUIPlugin:80 - create IPUIPlugin
2025-02-18 17:11:00,789 [INFO] PluginManager:220 - loadIPPluginJar : add openamp
2025-02-18 17:11:00,820 [INFO] IPUIPlugin:80 - create IPUIPlugin
2025-02-18 17:11:00,820 [INFO] PluginManager:220 - loadIPPluginJar : add pdm2pcm
2025-02-18 17:11:00,831 [INFO] IPUIPlugin:80 - create IPUIPlugin
2025-02-18 17:11:00,833 [INFO] PluginManager:220 - loadIPPluginJar : add plateformsettings
2025-02-18 17:11:00,853 [INFO] IPUIPlugin:80 - create IPUIPlugin
2025-02-18 17:11:00,853 [INFO] PluginManager:220 - loadIPPluginJar : add quadspi
2025-02-18 17:11:00,873 [INFO] IPUIPlugin:80 - create IPUIPlugin
2025-02-18 17:11:00,873 [INFO] PluginManager:220 - loadIPPluginJar : add radio
2025-02-18 17:11:00,884 [INFO] IPUIPlugin:80 - create IPUIPlugin
2025-02-18 17:11:00,884 [INFO] PluginManager:220 - loadIPPluginJar : add resmgrutility
2025-02-18 17:11:00,918 [INFO] IPUIPlugin:80 - create IPUIPlugin
2025-02-18 17:11:00,918 [INFO] PluginManager:220 - loadIPPluginJar : add sai
2025-02-18 17:11:00,946 [INFO] IPUIPlugin:80 - create IPUIPlugin
2025-02-18 17:11:00,947 [INFO] PluginManager:220 - loadIPPluginJar : add spi
2025-02-18 17:11:01,001 [INFO] IPUIPlugin:80 - create IPUIPlugin
2025-02-18 17:11:01,002 [INFO] PluginManager:220 - loadIPPluginJar : add stm32_wpan
2025-02-18 17:11:01,023 [INFO] IPUIPlugin:80 - create IPUIPlugin
2025-02-18 17:11:01,023 [INFO] PluginManager:220 - loadIPPluginJar : add tim
2025-02-18 17:11:01,073 [INFO] IPUIPlugin:80 - create IPUIPlugin
2025-02-18 17:11:01,073 [INFO] PluginManager:220 - loadIPPluginJar : add touchsensing
2025-02-18 17:11:01,094 [INFO] IPUIPlugin:80 - create IPUIPlugin
2025-02-18 17:11:01,094 [INFO] PluginManager:220 - loadIPPluginJar : add tracer_emb
2025-02-18 17:11:01,116 [INFO] IPUIPlugin:80 - create IPUIPlugin
2025-02-18 17:11:01,116 [INFO] PluginManager:220 - loadIPPluginJar : add ts
2025-02-18 17:11:01,137 [INFO] IPUIPlugin:80 - create IPUIPlugin
2025-02-18 17:11:01,137 [INFO] PluginManager:220 - loadIPPluginJar : add tsc
2025-02-18 17:11:01,158 [INFO] IPUIPlugin:80 - create IPUIPlugin
2025-02-18 17:11:01,158 [INFO] PluginManager:220 - loadIPPluginJar : add ucpd
2025-02-18 17:11:01,194 [INFO] IPUIPlugin:80 - create IPUIPlugin
2025-02-18 17:11:01,194 [INFO] PluginManager:220 - loadIPPluginJar : add usart
2025-02-18 17:11:01,226 [INFO] IPUIPlugin:80 - create IPUIPlugin
2025-02-18 17:11:01,226 [INFO] PluginManager:220 - loadIPPluginJar : add usbx
2025-02-18 17:11:01,339 [INFO] CADModel:165 - CPN selected for project level
2025-02-18 17:11:01,339 [INFO] CADModel:114 - Register for checkConnection events
2025-02-18 17:11:01,339 [FATAL] Updater:334 - Updater called before beeing initialized
2025-02-18 17:11:01,339 [ERROR] CADModel:125 - Updater not yet initialized, retry later 
2025-02-18 17:11:01,436 [INFO] CADModel:165 - CPN selected for project level
2025-02-18 17:11:01,436 [INFO] CADModel:114 - Register for checkConnection events
2025-02-18 17:11:01,436 [FATAL] Updater:334 - Updater called before beeing initialized
2025-02-18 17:11:01,436 [ERROR] CADModel:125 - Updater not yet initialized, retry later 
2025-02-18 17:11:01,438 [FATAL] Updater:334 - Updater called before beeing initialized
2025-02-18 17:11:01,518 [FATAL] Updater:334 - Updater called before beeing initialized
2025-02-18 17:11:01,526 [INFO] DbMcusAds:53 - JSON generation date=Wed Dec 18 01:01:15 KST 2024 (1734451275196)
2025-02-18 17:11:01,526 [FATAL] Updater:334 - Updater called before beeing initialized
2025-02-18 17:11:01,727 [WARN] DetailPanel:346 - Failed to get advertising image, set to default
2025-02-18 17:11:01,794 [FATAL] Updater:334 - Updater called before beeing initialized
2025-02-18 17:11:01,795 [FATAL] Updater:334 - Updater called before beeing initialized
2025-02-18 17:11:01,795 [FATAL] Updater:334 - Updater called before beeing initialized
2025-02-18 17:11:01,795 [WARN] DetailPanel:346 - Failed to get advertising image, set to default
2025-02-18 17:11:01,796 [FATAL] Updater:334 - Updater called before beeing initialized
2025-02-18 17:11:01,843 [ERROR] Updater:1164 - MainUpdater not yet initialized. External WinMGr cannot be set.
2025-02-18 17:11:01,851 [INFO] Updater:1100 - Updater Version found : 6.12.1
2025-02-18 17:11:01,866 [INFO] ApplicationProperties:184 - Using Application install path: C:\ST\STM32CubeIDE_1.16.1\STM32CubeIDE\plugins\com.st.stm32cube.common.mx_6.12.1.202409122256
2025-02-18 17:11:02,370 [INFO] ThirdPartyUpdaterWithRetryManager:70 - Updater plugin not ready yet. [2/15]
2025-02-18 17:11:02,621 [INFO] MainUpdater:2873 - connection check result : 10
2025-02-18 17:11:02,622 [INFO] MainUpdater:3567 - Updater definition file requires update
2025-02-18 17:11:02,622 [INFO] MainUpdater:290 - Updater Check For Update Now.
2025-02-18 17:11:02,622 [INFO] MicroXplorer:498 - Change Database Version : DB.6.0.121
2025-02-18 17:11:02,635 [INFO] McuFinderGlobals:63 - Set McuFinder mode to 2 (CubeIDE integrated)
2025-02-18 17:11:02,639 [INFO] UserAuth:417 - Internet connection configuration mode: 1
2025-02-18 17:11:02,657 [INFO] JxBrowserEngine:152 - Initiate JxBrowser Engine with user profile folder
2025-02-18 17:11:02,812 [INFO] ServerAccessManage:473 - Download File updaters.zip
2025-02-18 17:11:03,235 [INFO] FileExtend:240 - Unzip File : updaters.zip
2025-02-18 17:11:03,235 [INFO] FileExtend:255 - Standard Zip Deflate
2025-02-18 17:11:04,229 [INFO] ServerAccessManage:473 - Download File PacksControlFlags.xml
2025-02-18 17:11:04,481 [INFO] ServerAccessManage:473 - Download File cubemx.pidx
2025-02-18 17:11:04,562 [INFO] LoadServerUpdatesThread:375 - End of LoadServerUpdate Thread
2025-02-18 17:11:04,751 [INFO] CheckServerUpdateThread:120 - End of CheckServer Thread
2025-02-18 17:11:05,238 [INFO] WebApp:167 - Instantiating new browser for Auth
2025-02-18 17:11:05,574 [WARN] PackLoader:240 - Cannot read IP mode file for STMicroelectronics.FP-SNS-MOTENVWB1.1.4.0
2025-02-18 17:11:05,587 [WARN] PackLoader:240 - Cannot read IP mode file for STMicroelectronics.FP-ATR-ASTRA1.2.0.1
2025-02-18 17:11:05,600 [WARN] PackLoader:240 - Cannot read IP mode file for STMicroelectronics.X-CUBE-SMBUS.2.1.0
2025-02-18 17:11:05,613 [WARN] PackLoader:240 - Cannot read IP mode file for STMicroelectronics.X-CUBE-WB05N.1.1.0
2025-02-18 17:11:05,624 [WARN] PackLoader:240 - Cannot read IP mode file for STMicroelectronics.X-CUBE-TOUCHGFX.4.23.0
2025-02-18 17:11:05,634 [WARN] PackLoader:240 - Cannot read IP mode file for STMicroelectronics.X-CUBE-TOUCHGFX.4.23.2
2025-02-18 17:11:05,664 [WARN] PackLoader:240 - Cannot read IP mode file for STMicroelectronics.X-CUBE-AZRTOS-F7.1.1.0
2025-02-18 17:11:05,679 [WARN] PackLoader:240 - Cannot read IP mode file for STMicroelectronics.FP-SNS-MOTENV1.4.3.2
2025-02-18 17:11:05,723 [WARN] PackLoader:240 - Cannot read IP mode file for STMicroelectronics.X-CUBE-MEMS1.11.0.0
2025-02-18 17:11:05,819 [WARN] PackLoader:240 - Cannot read IP mode file for STMicroelectronics.FP-SNS-FLIGHT1.5.0.2
2025-02-18 17:11:05,834 [WARN] PackLoader:240 - Cannot read IP mode file for STMicroelectronics.X-CUBE-DISPLAY.3.0.0
2025-02-18 17:11:05,850 [WARN] PackLoader:240 - Cannot read IP mode file for STMicroelectronics.X-CUBE-BLE1.7.0.0
2025-02-18 17:11:05,864 [WARN] PackLoader:240 - Cannot read IP mode file for STMicroelectronics.X-CUBE-NFC10.1.0.0
2025-02-18 17:11:05,881 [WARN] PackLoader:240 - Cannot read IP mode file for STMicroelectronics.X-CUBE-BLEMGR.4.0.0
2025-02-18 17:11:05,896 [WARN] PackLoader:240 - Cannot read IP mode file for emotas.I-CUBE-CANOPEN.1.3.0
2025-02-18 17:11:05,914 [WARN] PackLoader:240 - Cannot read IP mode file for STMicroelectronics.X-CUBE-BLEMGR.3.1.0
2025-02-18 17:11:05,932 [WARN] PackLoader:240 - Cannot read IP mode file for STMicroelectronics.X-CUBE-AI.10.0.0
2025-02-18 17:11:05,945 [WARN] PackLoader:240 - Cannot read IP mode file for STMicroelectronics.FP-SNS-SMARTAG2.1.2.0
2025-02-18 17:11:06,000 [WARN] PackLoader:240 - Cannot read IP mode file for STMicroelectronics.X-CUBE-MEMS1.11.1.0
2025-02-18 17:11:06,146 [INFO] LogOutputStream:77 - [STDOUT_REDIRECT] 1 : Invalid condition id : UX_CORESTACK_Condition cause : null
2025-02-18 17:11:06,147 [INFO] LogOutputStream:77 - [STDOUT_REDIRECT] 1 : Invalid condition id : UX_CORESTACK_Condition cause : null
2025-02-18 17:11:06,149 [INFO] LogOutputStream:77 - [STDOUT_REDIRECT] 1 : Invalid condition id : UX_CORESTACK_Condition cause : null
2025-02-18 17:11:06,151 [INFO] LogOutputStream:77 - [STDOUT_REDIRECT] 1 : Invalid condition id : UX_CORESTACK_Condition cause : null
2025-02-18 17:11:06,152 [INFO] LogOutputStream:77 - [STDOUT_REDIRECT] 1 : Invalid condition id : UX_CORESTACK_Condition cause : null
2025-02-18 17:11:06,154 [WARN] PackLoader:240 - Cannot read IP mode file for STMicroelectronics.X-CUBE-AZRTOS-WL.2.0.0
2025-02-18 17:11:06,166 [WARN] PackLoader:240 - Cannot read IP mode file for STMicroelectronics.FP-SNS-MOTENV1.5.0.0
2025-02-18 17:11:06,181 [WARN] PackLoader:240 - Cannot read IP mode file for wolfSSL.I-CUBE-wolfMQTT.1.19.0
2025-02-18 17:11:06,203 [WARN] PackLoader:240 - Cannot read IP mode file for WES.I-CUBE-Cesium.1.3.0
2025-02-18 17:11:06,219 [WARN] PackLoader:240 - Cannot read IP mode file for STMicroelectronics.X-CUBE-BLE2.3.3.0
2025-02-18 17:11:06,232 [INFO] WebApp:448 - Apply proxy settings
2025-02-18 17:11:06,233 [INFO] WebApp:533 - Chromium requires no authentication
2025-02-18 17:11:06,236 [WARN] PackLoader:240 - Cannot read IP mode file for STMicroelectronics.X-CUBE-NFC9.1.0.0
2025-02-18 17:11:06,251 [WARN] PackLoader:240 - Cannot read IP mode file for STMicroelectronics.X-CUBE-TCPP.4.1.0
2025-02-18 17:11:06,255 [INFO] WebApp:476 - Direct internet connection detected
2025-02-18 17:11:06,268 [WARN] PackLoader:240 - Cannot read IP mode file for STMicroelectronics.X-CUBE-ALGOBUILD.1.3.0
2025-02-18 17:11:06,296 [WARN] PackLoader:240 - Cannot read IP mode file for STMicroelectronics.X-CUBE-AZRTOS-G0.1.1.0
2025-02-18 17:11:06,307 [INFO] WebApp:869 - Register for checkConnection events
2025-02-18 17:11:06,307 [INFO] WebApp:448 - Apply proxy settings
2025-02-18 17:11:06,307 [INFO] WebApp:533 - Chromium requires no authentication
2025-02-18 17:11:06,307 [INFO] WebApp:476 - Direct internet connection detected
2025-02-18 17:11:06,311 [WARN] PackLoader:240 - Cannot read IP mode file for STMicroelectronics.X-CUBE-SAFEA1.1.2.2
2025-02-18 17:11:06,323 [WARN] PackLoader:240 - Cannot read IP mode file for STMicroelectronics.X-CUBE-NFC4.3.0.0
2025-02-18 17:11:06,336 [WARN] PackLoader:240 - Cannot read IP mode file for wolfSSL.I-CUBE-wolfMQTT.1.18.0
2025-02-18 17:11:06,352 [WARN] PackLoader:240 - Cannot read IP mode file for EmbeddedOffice.I-CUBE-FS-RTOS.1.0.1
2025-02-18 17:11:06,352 [ERROR] ConditionMgr:805 - Attr not supported : Dmpu
2025-02-18 17:11:06,353 [ERROR] ConditionMgr:805 - Attr not supported : Dmpu
2025-02-18 17:11:06,353 [ERROR] ConditionMgr:805 - Attr not supported : Dmpu
2025-02-18 17:11:06,353 [ERROR] ConditionMgr:805 - Attr not supported : Dmpu
2025-02-18 17:11:06,353 [ERROR] ConditionMgr:805 - Attr not supported : Dmpu
2025-02-18 17:11:06,353 [ERROR] ConditionMgr:805 - Attr not supported : Dmpu
2025-02-18 17:11:06,353 [ERROR] ConditionMgr:805 - Attr not supported : Dmpu
2025-02-18 17:11:06,353 [ERROR] ConditionMgr:805 - Attr not supported : Dmpu
2025-02-18 17:11:06,353 [ERROR] ConditionMgr:805 - Attr not supported : Dmpu
2025-02-18 17:11:06,353 [ERROR] ConditionMgr:805 - Attr not supported : Dmpu
2025-02-18 17:11:06,353 [ERROR] ConditionMgr:805 - Attr not supported : Dmpu
2025-02-18 17:11:06,353 [ERROR] ConditionMgr:805 - Attr not supported : Dmpu
2025-02-18 17:11:06,353 [ERROR] ConditionMgr:805 - Attr not supported : Dmpu
2025-02-18 17:11:06,353 [ERROR] ConditionMgr:805 - Attr not supported : Dmpu
2025-02-18 17:11:06,353 [ERROR] ConditionMgr:805 - Attr not supported : Dmpu
2025-02-18 17:11:06,353 [ERROR] ConditionMgr:805 - Attr not supported : Dmpu
2025-02-18 17:11:06,353 [ERROR] ConditionMgr:805 - Attr not supported : Dmpu
2025-02-18 17:11:06,353 [ERROR] ConditionMgr:805 - Attr not supported : Dmpu
2025-02-18 17:11:06,353 [ERROR] ConditionMgr:805 - Attr not supported : Dmpu
2025-02-18 17:11:06,353 [ERROR] ConditionMgr:805 - Attr not supported : Dmpu
2025-02-18 17:11:06,353 [ERROR] ConditionMgr:805 - Attr not supported : Dmpu
2025-02-18 17:11:06,353 [ERROR] ConditionMgr:805 - Attr not supported : Dmpu
2025-02-18 17:11:06,353 [ERROR] ConditionMgr:805 - Attr not supported : Dmpu
2025-02-18 17:11:06,353 [ERROR] ConditionMgr:805 - Attr not supported : Dmpu
2025-02-18 17:11:06,353 [ERROR] ConditionMgr:805 - Attr not supported : Dmpu
2025-02-18 17:11:06,353 [ERROR] ConditionMgr:805 - Attr not supported : Dmpu
2025-02-18 17:11:06,353 [ERROR] ConditionMgr:805 - Attr not supported : Dmpu
2025-02-18 17:11:06,353 [ERROR] ConditionMgr:805 - Attr not supported : Dmpu
2025-02-18 17:11:06,353 [ERROR] ConditionMgr:805 - Attr not supported : Dmpu
2025-02-18 17:11:06,353 [ERROR] ConditionMgr:805 - Attr not supported : Dmpu
2025-02-18 17:11:06,353 [ERROR] ConditionMgr:805 - Attr not supported : Dmpu
2025-02-18 17:11:06,353 [ERROR] ConditionMgr:805 - Attr not supported : Dmpu
2025-02-18 17:11:06,353 [ERROR] ConditionMgr:805 - Attr not supported : Dmpu
2025-02-18 17:11:06,354 [ERROR] ConditionMgr:805 - Attr not supported : Dmpu
2025-02-18 17:11:06,354 [ERROR] ConditionMgr:805 - Attr not supported : Dmpu
2025-02-18 17:11:06,354 [ERROR] ConditionMgr:805 - Attr not supported : Dmpu
2025-02-18 17:11:06,354 [ERROR] ConditionMgr:805 - Attr not supported : Dmpu
2025-02-18 17:11:06,354 [ERROR] ConditionMgr:805 - Attr not supported : Dmpu
2025-02-18 17:11:06,354 [ERROR] ConditionMgr:805 - Attr not supported : Dmpu
2025-02-18 17:11:06,354 [ERROR] ConditionMgr:805 - Attr not supported : Dmpu
2025-02-18 17:11:06,354 [ERROR] ConditionMgr:805 - Attr not supported : Dmpu
2025-02-18 17:11:06,354 [ERROR] ConditionMgr:805 - Attr not supported : Dmpu
2025-02-18 17:11:06,354 [ERROR] ConditionMgr:805 - Attr not supported : Dmpu
2025-02-18 17:11:06,354 [ERROR] ConditionMgr:805 - Attr not supported : Dmpu
2025-02-18 17:11:06,354 [ERROR] ConditionMgr:805 - Attr not supported : Dmpu
2025-02-18 17:11:06,354 [ERROR] ConditionMgr:805 - Attr not supported : Dmpu
2025-02-18 17:11:06,354 [ERROR] ConditionMgr:805 - Attr not supported : Dmpu
2025-02-18 17:11:06,354 [ERROR] ConditionMgr:805 - Attr not supported : Dmpu
2025-02-18 17:11:06,354 [ERROR] ConditionMgr:805 - Attr not supported : Dmpu
2025-02-18 17:11:06,354 [ERROR] ConditionMgr:805 - Attr not supported : Dmpu
2025-02-18 17:11:06,354 [ERROR] ConditionMgr:805 - Attr not supported : Dmpu
2025-02-18 17:11:06,354 [ERROR] ConditionMgr:805 - Attr not supported : Dmpu
2025-02-18 17:11:06,354 [ERROR] ConditionMgr:805 - Attr not supported : Dmpu
2025-02-18 17:11:06,354 [ERROR] ConditionMgr:805 - Attr not supported : Dmpu
2025-02-18 17:11:06,354 [ERROR] ConditionMgr:805 - Attr not supported : Dmpu
2025-02-18 17:11:06,354 [ERROR] ConditionMgr:805 - Attr not supported : Dmpu
2025-02-18 17:11:06,354 [ERROR] ConditionMgr:805 - Attr not supported : Dmpu
2025-02-18 17:11:06,354 [ERROR] ConditionMgr:805 - Attr not supported : Dmpu
2025-02-18 17:11:06,354 [ERROR] ConditionMgr:805 - Attr not supported : Dmpu
2025-02-18 17:11:06,354 [ERROR] ConditionMgr:805 - Attr not supported : Dmpu
2025-02-18 17:11:06,354 [ERROR] ConditionMgr:805 - Attr not supported : Dmpu
2025-02-18 17:11:06,354 [ERROR] ConditionMgr:805 - Attr not supported : Dmpu
2025-02-18 17:11:06,354 [ERROR] ConditionMgr:805 - Attr not supported : Dmpu
2025-02-18 17:11:06,354 [ERROR] ConditionMgr:805 - Attr not supported : Dmpu
2025-02-18 17:11:06,368 [WARN] PackLoader:240 - Cannot read IP mode file for STMicroelectronics.X-CUBE-BLEMGR.3.0.0
2025-02-18 17:11:06,380 [ERROR] Engine:466 - C:\Users\RND1\.stm32cubemx\thirdparties\pdsc\STMicroelectronics.X-CUBE-TCPP.4.2.0.pdsc: PDSC version is not supported
2025-02-18 17:11:06,391 [WARN] PackLoader:240 - Cannot read IP mode file for RealThread.X-CUBE-RT-Thread_Nano.4.1.1
2025-02-18 17:11:06,403 [WARN] PackLoader:240 - Cannot read IP mode file for STMicroelectronics.FP-ATR-SIGFOX1.3.2.0
2025-02-18 17:11:06,413 [WARN] ConditionMgr:438 - getConditionDescription Invalid condition id : Cortex-A Device cause : null
2025-02-18 17:11:06,436 [WARN] ConditionMgr:1039 - genDependencies : Invalid condition id : Cortex-A Device cause : null
2025-02-18 17:11:06,437 [WARN] ConditionMgr:1039 - genDependencies : Invalid condition id : Cortex-A Device cause : null
2025-02-18 17:11:06,437 [WARN] ConditionMgr:1039 - genDependencies : Invalid condition id : Cortex-A Device cause : null
2025-02-18 17:11:06,449 [WARN] PackLoader:240 - Cannot read IP mode file for STMicroelectronics.X-CUBE-EEPRMA1.5.1.0
2025-02-18 17:11:06,481 [WARN] PackLoader:240 - Cannot read IP mode file for SEGGER.I-CUBE-embOS.1.3.1
2025-02-18 17:11:06,513 [WARN] PackLoader:240 - Cannot read IP mode file for STMicroelectronics.X-CUBE-ALGOBUILD.1.4.0
2025-02-18 17:11:06,525 [WARN] PackLoader:240 - Cannot read IP mode file for STMicroelectronics.X-CUBE-AI.9.1.0
2025-02-18 17:11:06,537 [WARN] PackLoader:240 - Cannot read IP mode file for STMicroelectronics.X-CUBE-GNSS1.6.0.0
2025-02-18 17:11:06,557 [WARN] PackLoader:240 - Cannot read IP mode file for STMicroelectronics.X-CUBE-AZRTOS-F4.1.1.0
2025-02-18 17:11:06,570 [WARN] PackLoader:240 - Cannot read IP mode file for wolfSSL.I-CUBE-wolfSSL.5.6.4
2025-02-18 17:11:06,581 [WARN] PackLoader:240 - Cannot read IP mode file for STMicroelectronics.X-CUBE-ISPU.2.1.0
2025-02-18 17:11:06,592 [WARN] PackLoader:240 - Cannot read IP mode file for STMicroelectronics.X-CUBE-FREERTOS.1.2.0
2025-02-18 17:11:06,611 [WARN] PackLoader:240 - Cannot read IP mode file for STMicroelectronics.X-CUBE-AZRTOS-L5.2.0.0
2025-02-18 17:11:06,622 [WARN] PackLoader:240 - Cannot read IP mode file for STMicroelectronics.X-CUBE-EEPRMA1.4.2.0
2025-02-18 17:11:06,637 [WARN] PackLoader:240 - Cannot read IP mode file for STMicroelectronics.X-CUBE-NFC6.3.1.0
2025-02-18 17:11:06,653 [WARN] PackLoader:240 - Cannot read IP mode file for ITTIA_DB.I-CUBE-ITTIADB.8.8.0
2025-02-18 17:11:06,665 [WARN] PackLoader:240 - Cannot read IP mode file for STMicroelectronics.X-CUBE-DPower.1.2.0
2025-02-18 17:11:06,668 [INFO] WebApp:186 - Connection restablished
2025-02-18 17:11:06,677 [WARN] PackLoader:240 - Cannot read IP mode file for STMicroelectronics.X-CUBE-AI.9.0.0
2025-02-18 17:11:06,688 [WARN] PackLoader:240 - Cannot read IP mode file for STMicroelectronics.X-CUBE-FREERTOS.1.3.0
2025-02-18 17:11:06,701 [WARN] PackLoader:240 - Cannot read IP mode file for STMicroelectronics.X-CUBE-NFC7.1.0.1
2025-02-18 17:11:06,714 [WARN] PackLoader:240 - Cannot read IP mode file for STMicroelectronics.X-CUBE-NFC6.3.0.0
2025-02-18 17:11:06,726 [WARN] PackLoader:240 - Cannot read IP mode file for STMicroelectronics.X-CUBE-AI.8.1.0
2025-02-18 17:11:06,748 [WARN] ConditionMgr:438 - getConditionDescription Invalid condition id : LAN8742 Phy interface Condition cause : null
2025-02-18 17:11:06,749 [WARN] PackLoader:240 - Cannot read IP mode file for STMicroelectronics.X-CUBE-AZRTOS-L4.2.0.0
2025-02-18 17:11:06,750 [WARN] ConditionMgr:1039 - genDependencies : Invalid condition id : LAN8742 Phy interface Condition cause : null
2025-02-18 17:11:06,750 [WARN] ConditionMgr:1039 - genDependencies : Invalid condition id : LAN8742 Phy interface Condition cause : null
2025-02-18 17:11:06,750 [WARN] ConditionMgr:1039 - genDependencies : Invalid condition id : LAN8742 Phy interface Condition cause : null
2025-02-18 17:11:06,765 [WARN] PackLoader:240 - Cannot read IP mode file for STMicroelectronics.X-CUBE-SFXS2LP1.4.0.0
2025-02-18 17:11:06,787 [WARN] PackLoader:240 - Cannot read IP mode file for STMicroelectronics.X-CUBE-AZRTOS-H7.3.3.0
2025-02-18 17:11:06,804 [WARN] PackLoader:240 - Cannot read IP mode file for STMicroelectronics.X-CUBE-IPS.3.0.0
2025-02-18 17:11:06,830 [WARN] ConditionMgr:438 - getConditionDescription Invalid condition id : UX DEVICE CLASS RTOS Condition cause : null
2025-02-18 17:11:06,831 [WARN] ConditionMgr:438 - getConditionDescription Invalid condition id : UX DEVICE CLASS RTOS Condition cause : null
2025-02-18 17:11:06,831 [WARN] PackLoader:240 - Cannot read IP mode file for STMicroelectronics.X-CUBE-AZRTOS-WB.2.0.0
2025-02-18 17:11:06,832 [WARN] ConditionMgr:1039 - genDependencies : Invalid condition id : UX DEVICE CLASS RTOS Condition cause : null
2025-02-18 17:11:06,832 [WARN] ConditionMgr:1039 - genDependencies : Invalid condition id : UX DEVICE CLASS RTOS Condition cause : null
2025-02-18 17:11:06,832 [WARN] ConditionMgr:1039 - genDependencies : Invalid condition id : UX DEVICE CLASS RTOS Condition cause : null
2025-02-18 17:11:06,833 [WARN] ConditionMgr:1039 - genDependencies : Invalid condition id : UX DEVICE CLASS RTOS Condition cause : null
2025-02-18 17:11:06,833 [WARN] ConditionMgr:1039 - genDependencies : Invalid condition id : UX DEVICE CLASS RTOS Condition cause : null
2025-02-18 17:11:06,847 [WARN] PackLoader:240 - Cannot read IP mode file for STMicroelectronics.X-CUBE-GNSS1.7.0.0
2025-02-18 17:11:06,862 [WARN] PackLoader:240 - Cannot read IP mode file for STMicroelectronics.X-CUBE-GNSS1.7.0.1
2025-02-18 17:11:06,880 [WARN] PackLoader:240 - Cannot read IP mode file for STMicroelectronics.FP-SNS-STBOX1.2.0.0
2025-02-18 17:11:06,899 [WARN] PackLoader:240 - Cannot read IP mode file for STMicroelectronics.X-CUBE-SUBG2.5.0.0
2025-02-18 17:11:06,923 [WARN] PackLoader:240 - Cannot read IP mode file for STMicroelectronics.X-CUBE-AZRTOS-G4.2.0.0
2025-02-18 17:11:06,949 [WARN] PackLoader:240 - Cannot read IP mode file for Infineon.AIROC-Wi-Fi-Bluetooth-STM32.1.5.1
2025-02-18 17:11:06,961 [WARN] PackLoader:240 - Cannot read IP mode file for STMicroelectronics.FP-SNS-MOTENVWB1.1.3.1
2025-02-18 17:11:06,974 [WARN] PackLoader:240 - Cannot read IP mode file for STMicroelectronics.X-CUBE-ISPU.2.0.0
2025-02-18 17:11:06,987 [ERROR] Engine:466 - C:\Users\RND1\.stm32cubemx\thirdparties\pdsc\STMicroelectronics.X-CUBE-IPS.3.1.0.pdsc: PDSC version is not supported
2025-02-18 17:11:06,998 [WARN] PackLoader:240 - Cannot read IP mode file for STMicroelectronics.X-CUBE-ALS.1.0.2
2025-02-18 17:11:07,008 [INFO] WebApp:220 - Starting web application
2025-02-18 17:11:07,008 [INFO] WebApp:578 - Web application path used C:\ST\STM32CubeIDE_1.16.1\STM32CubeIDE\plugins\com.st.stm32cube.common.mx_6.12.1.202409122256\db\plugins\mcufinder\reactClient1\index.html
2025-02-18 17:11:07,031 [WARN] PackLoader:240 - Cannot read IP mode file for STMicroelectronics.X-CUBE-MEMS1.10.0.0
2025-02-18 17:11:07,089 [WARN] PackLoader:240 - Cannot read IP mode file for STMicroelectronics.X-CUBE-FREERTOS.1.1.0
2025-02-18 17:11:07,101 [WARN] PackLoader:240 - Cannot read IP mode file for STMicroelectronics.X-CUBE-TOUCHGFX.4.24.0
2025-02-18 17:11:07,111 [WARN] PackLoader:240 - Cannot read IP mode file for STMicroelectronics.X-CUBE-TOUCHGFX.4.24.2
2025-02-18 17:11:07,123 [WARN] PackLoader:240 - Cannot read IP mode file for STMicroelectronics.X-CUBE-TOUCHGFX.4.24.1
2025-02-18 17:11:07,135 [WARN] PackLoader:240 - Cannot read IP mode file for wolfSSL.I-CUBE-wolfTPM.3.4.0
2025-02-18 17:11:07,147 [WARN] PackLoader:240 - Cannot read IP mode file for portGmbH.I-Cube-SoM-uGOAL.1.1.0
2025-02-18 17:11:07,158 [WARN] PackLoader:240 - Cannot read IP mode file for STMicroelectronics.X-CUBE-ALS.1.0.1
2025-02-18 17:11:07,180 [WARN] PackLoader:240 - Cannot read IP mode file for STMicroelectronics.X-CUBE-AZRTOS-H7RS.1.0.0
2025-02-18 17:11:07,194 [WARN] PackLoader:240 - Cannot read IP mode file for STMicroelectronics.FP-ATR-ASTRA1.2.0.0
2025-02-18 17:11:07,196 [INFO] UserAuth:417 - Internet connection configuration mode: 1
2025-02-18 17:11:07,214 [WARN] PackLoader:240 - Cannot read IP mode file for STMicroelectronics.X-CUBE-TOF1.3.4.2
2025-02-18 17:11:07,238 [WARN] PackLoader:240 - Cannot read IP mode file for STMicroelectronics.X-CUBE-TOF1.3.4.0
2025-02-18 17:11:07,258 [WARN] PackLoader:240 - Cannot read IP mode file for STMicroelectronics.X-CUBE-TOF1.3.4.1
2025-02-18 17:11:07,284 [WARN] PackLoader:240 - Cannot read IP mode file for STMicroelectronics.X-CUBE-AZRTOS-H7.3.2.0
2025-02-18 17:11:07,295 [WARN] PackLoader:240 - Cannot read IP mode file for wolfSSL.I-CUBE-wolfSSH.1.4.17
2025-02-18 17:11:07,296 [INFO] ThirdParty:978 - Integrity check success = true
2025-02-18 17:11:07,296 [INFO] IntegrityCheckThread:100 - exiting critical section [integrity check]
2025-02-18 17:11:07,296 [INFO] IntegrityCheckThread:103 - End integrity checks thread
2025-02-18 17:20:00,809 [ERROR] LogOutputStream:75 - [STDERR_REDIRECT] 
