2025-04-23 15:53:51,475 [INFO] Activator:176 - 


2025-04-23 15:53:51,479 [INFO] Activator:177 - !SESSION log4j initialized
2025-04-23 15:53:58,084 [INFO] LogOutputStream:77 - [STDOUT_REDIRECT] 
2025-04-23 15:54:06,335 [INFO] ApplicationProperties:184 - Using Application install path: C:\ST\STM32CubeIDE_1.16.1\STM32CubeIDE\plugins\com.st.stm32cube.common.mx_6.12.1.202409122256
2025-04-23 15:54:06,356 [INFO] DbMcusXml:78 - Set database path to: C:\ST\STM32CubeIDE_1.16.1\STM32CubeIDE\plugins\com.st.stm32cube.common.mx_6.12.1.202409122256\\db\/mcu/
2025-04-23 15:54:06,356 [INFO] ApiDb:274 - Set plugin database path to: C:\ST\STM32CubeIDE_1.16.1\STM32CubeIDE\plugins\com.st.stm32cube.common.mx_6.12.1.202409122256\\db\/plugins/boardmanager/
2025-04-23 15:54:06,357 [WARN] ApiDb:259 - Overriding images path with different value:  => C:\ST\STM32CubeIDE_1.16.1\STM32CubeIDE\plugins\com.st.stm32cube.common.mx_6.12.1.202409122256\\db\/plugins/mcufinder/images/
2025-04-23 15:54:06,376 [INFO] ApiDb:250 - Set database path to: C:\Users\RND1\.stmcufinder\plugins\mcufinder//mcu/
2025-04-23 15:54:06,378 [INFO] DbMcusAds:125 - Set database path to: C:\Users\RND1\.stmcufinder\plugins\mcufinder//mcu/
2025-04-23 15:54:06,381 [INFO] CrossReferenceDbSqlite:203 - Set database path to: C:\Users\RND1\.stmcufinder\plugins\mcufinder//mcu/cs/
2025-04-23 15:54:06,491 [INFO] RulesReader:64 - Compatibility file has been processed (297 Rules)
2025-04-23 15:54:06,590 [INFO] DbMcusXml:78 - Set database path to: C:\ST\STM32CubeIDE_1.16.1\STM32CubeIDE\plugins\com.st.stm32cube.common.mx_6.12.1.202409122256\\db\/mcu/
2025-04-23 15:54:06,590 [INFO] ApiDb:274 - Set plugin database path to: C:\ST\STM32CubeIDE_1.16.1\STM32CubeIDE\plugins\com.st.stm32cube.common.mx_6.12.1.202409122256\\db\/plugins/boardmanager/
2025-04-23 15:54:06,591 [INFO] ApiDb:261 - Set plugin images path to: C:\ST\STM32CubeIDE_1.16.1\STM32CubeIDE\plugins\com.st.stm32cube.common.mx_6.12.1.202409122256\\db\/plugins/mcufinder/images/
2025-04-23 15:54:06,591 [WARN] DbFile:41 - Overriding database path with different value: C:\Users\RND1\.stmcufinder\plugins\mcufinder/ => C:\Users\RND1\.stmcufinder\plugins\mcufinder
2025-04-23 15:54:06,591 [INFO] ApiDb:250 - Set database path to: C:\Users\RND1\.stmcufinder\plugins\mcufinder//mcu/
2025-04-23 15:54:06,591 [WARN] DbFile:41 - Overriding database path with different value: C:\Users\RND1\.stmcufinder\plugins\mcufinder/ => C:\Users\RND1\.stmcufinder\plugins\mcufinder
2025-04-23 15:54:06,591 [INFO] DbMcusAds:125 - Set database path to: C:\Users\RND1\.stmcufinder\plugins\mcufinder//mcu/
2025-04-23 15:54:06,591 [WARN] DbFile:41 - Overriding database path with different value: C:\Users\RND1\.stmcufinder\plugins\mcufinder/ => C:\Users\RND1\.stmcufinder\plugins\mcufinder
2025-04-23 15:54:06,591 [WARN] DbFile:41 - Overriding database path with different value: C:\Users\RND1\.stmcufinder\plugins\mcufinder/ => C:\Users\RND1\.stmcufinder\plugins\mcufinder
2025-04-23 15:54:06,591 [INFO] CrossReferenceDbSqlite:203 - Set database path to: C:\Users\RND1\.stmcufinder\plugins\mcufinder//mcu/cs/
2025-04-23 15:54:06,695 [INFO] MainPanel:268 - HeapMemory: 268435456
2025-04-23 15:54:06,823 [INFO] DbMcusXml:78 - Set database path to: C:\ST\STM32CubeIDE_1.16.1\STM32CubeIDE\plugins\com.st.stm32cube.common.mx_6.12.1.202409122256\\db\/mcu/
2025-04-23 15:54:06,823 [INFO] ApiDb:274 - Set plugin database path to: C:\ST\STM32CubeIDE_1.16.1\STM32CubeIDE\plugins\com.st.stm32cube.common.mx_6.12.1.202409122256\\db\/plugins/boardmanager/
2025-04-23 15:54:06,823 [INFO] ApiDb:261 - Set plugin images path to: C:\ST\STM32CubeIDE_1.16.1\STM32CubeIDE\plugins\com.st.stm32cube.common.mx_6.12.1.202409122256\\db\/plugins/mcufinder/images/
2025-04-23 15:54:06,824 [WARN] DbFile:41 - Overriding database path with different value: C:\Users\RND1\.stmcufinder\plugins\mcufinder/ => C:\Users\RND1\.stmcufinder\plugins\mcufinder
2025-04-23 15:54:06,824 [INFO] ApiDb:250 - Set database path to: C:\Users\RND1\.stmcufinder\plugins\mcufinder//mcu/
2025-04-23 15:54:06,824 [WARN] DbFile:41 - Overriding database path with different value: C:\Users\RND1\.stmcufinder\plugins\mcufinder/ => C:\Users\RND1\.stmcufinder\plugins\mcufinder
2025-04-23 15:54:06,824 [INFO] DbMcusAds:125 - Set database path to: C:\Users\RND1\.stmcufinder\plugins\mcufinder//mcu/
2025-04-23 15:54:06,824 [WARN] DbFile:41 - Overriding database path with different value: C:\Users\RND1\.stmcufinder\plugins\mcufinder/ => C:\Users\RND1\.stmcufinder\plugins\mcufinder
2025-04-23 15:54:06,824 [WARN] DbFile:41 - Overriding database path with different value: C:\Users\RND1\.stmcufinder\plugins\mcufinder/ => C:\Users\RND1\.stmcufinder\plugins\mcufinder
2025-04-23 15:54:06,824 [INFO] CrossReferenceDbSqlite:203 - Set database path to: C:\Users\RND1\.stmcufinder\plugins\mcufinder//mcu/cs/
2025-04-23 15:54:06,846 [INFO] ApplicationProperties:184 - Using Application install path: C:\ST\STM32CubeIDE_1.16.1\STM32CubeIDE\plugins\com.st.stm32cube.common.mx_6.12.1.202409122256
2025-04-23 15:54:06,848 [INFO] PluginManage:196 - Search for loadable plugins [exclusion list=, ]
2025-04-23 15:54:06,850 [INFO] PluginManage:310 - Check plugin analytics
2025-04-23 15:54:07,035 [INFO] AnalyticsPlugin:253 - Accepted Software Licenses: STM32CubeMX.6.10.0
2025-04-23 15:54:07,035 [INFO] AnalyticsPlugin:255 - Accepted CMSIS Pack Licenses: 
2025-04-23 15:54:07,036 [INFO] AnalyticsPlugin:257 - Accepted Firmware Licenses: FW.G4.1.5.0,FW.G4.1.6.0,FW.F4.1.28.0,FW.H7.1.11.0
2025-04-23 15:54:07,039 [INFO] PluginManage:359 - Loaded plugin analytics (category:tool,tabindex:-1)
2025-04-23 15:54:07,039 [INFO] PluginManage:310 - Check plugin cadmodel
2025-04-23 15:54:07,058 [INFO] CADModel:105 - Init CAD model plugin
2025-04-23 15:54:07,058 [INFO] PluginManage:359 - Loaded plugin cadmodel (category:power,tabindex:5)
2025-04-23 15:54:07,058 [INFO] PluginManage:310 - Check plugin clock
2025-04-23 15:54:07,078 [INFO] PluginManage:359 - Loaded plugin clock (category:base,tabindex:2)
2025-04-23 15:54:07,078 [INFO] PluginManage:310 - Check plugin ddr
2025-04-23 15:54:07,080 [INFO] PluginManage:359 - Loaded plugin ddr (category:tool,tabindex:6)
2025-04-23 15:54:07,080 [INFO] PluginManage:310 - Check plugin filemanager
2025-04-23 15:54:07,255 [INFO] PluginManage:359 - Loaded plugin filemanager (category:base,tabindex:10)
2025-04-23 15:54:07,255 [INFO] PluginManage:310 - Check plugin ipmanager
2025-04-23 15:54:07,264 [INFO] PluginManage:359 - Loaded plugin ipmanager (category:base,tabindex:5)
2025-04-23 15:54:07,265 [INFO] PluginManage:310 - Check plugin lpbam
2025-04-23 15:54:07,292 [INFO] PluginManage:359 - Loaded plugin lpbam (category:base,tabindex:0)
2025-04-23 15:54:07,292 [INFO] PluginManage:310 - Check plugin memorymap
2025-04-23 15:54:07,323 [INFO] PluginManage:359 - Loaded plugin memorymap (category:base,tabindex:4)
2025-04-23 15:54:07,324 [INFO] PluginManage:310 - Check plugin pinoutandconfiguration
2025-04-23 15:54:07,349 [INFO] PluginManage:359 - Loaded plugin pinoutandconfiguration (category:base,tabindex:1)
2025-04-23 15:54:07,349 [INFO] PluginManage:310 - Check plugin pinoutconfig
2025-04-23 15:54:07,439 [WARN] SupportedApi:132 - Cannot load RTOS API schema: s4s-elt-must-match.1: The content of 'definitions' must match (annotation?, (simpleType | complexType)?, (unique | key | keyref)*)). A problem was found starting at: attribute.
2025-04-23 15:54:07,538 [INFO] PluginManage:359 - Loaded plugin pinoutconfig (category:base,tabindex:0)
2025-04-23 15:54:07,538 [INFO] PluginManage:310 - Check plugin power
2025-04-23 15:54:07,557 [INFO] PluginManage:359 - Loaded plugin power (category:power,tabindex:4)
2025-04-23 15:54:07,557 [INFO] PluginManage:310 - Check plugin projectmanager
2025-04-23 15:54:07,572 [INFO] PluginManage:359 - Loaded plugin projectmanager (category:projectmanager,tabindex:4)
2025-04-23 15:54:07,572 [INFO] PluginManage:310 - Check plugin rif
2025-04-23 15:54:07,589 [INFO] PluginManage:359 - Loaded plugin rif (category:base,tabindex:3)
2025-04-23 15:54:07,589 [INFO] PluginManage:310 - Check plugin thirdparty
2025-04-23 15:54:07,896 [INFO] PluginManage:359 - Loaded plugin thirdparty (category:base,tabindex:-1)
2025-04-23 15:54:07,896 [WARN] IntegrityCheckThread:84 - waiting for thirdparty lock release [integrity check]
2025-04-23 15:54:07,896 [INFO] PluginManage:310 - Check plugin tools
2025-04-23 15:54:07,896 [INFO] IntegrityCheckThread:86 - entering critical section [integrity check]
2025-04-23 15:54:07,896 [INFO] ThirdPartyUpdaterWithRetryManager:70 - Updater plugin not ready yet. [1/15]
2025-04-23 15:54:07,939 [INFO] PluginManage:359 - Loaded plugin tools (category:base,tabindex:7)
2025-04-23 15:54:07,939 [INFO] PluginManage:310 - Check plugin tutovideos
2025-04-23 15:54:08,102 [INFO] PluginManage:359 - Loaded plugin tutovideos (category:base,tabindex:-1)
2025-04-23 15:54:08,102 [INFO] PluginManage:310 - Check plugin updater
2025-04-23 15:54:08,114 [INFO] PluginManage:359 - Loaded plugin updater (category:base,tabindex:12)
2025-04-23 15:54:08,114 [INFO] PluginManage:310 - Check plugin userauth
2025-04-23 15:54:08,120 [INFO] UserAuth:113 - Init User Auth plugin
2025-04-23 15:54:08,120 [INFO] PluginManage:359 - Loaded plugin userauth (category:base,tabindex:14)
2025-04-23 15:54:08,120 [INFO] PluginManage:283 - PluginManage : Loaded plugins [18]
2025-04-23 15:54:08,296 [INFO] PinOutPanel:1561 - setPackage(No Configuration,No Configuration)
2025-04-23 15:54:08,375 [INFO] CADModel:165 - CPN selected for project level
2025-04-23 15:54:08,376 [INFO] CADModel:114 - Register for checkConnection events
2025-04-23 15:54:08,401 [INFO] IPUIPlugin:80 - create IPUIPlugin
2025-04-23 15:54:08,401 [INFO] PluginManager:220 - loadIPPluginJar : add adc
2025-04-23 15:54:08,442 [INFO] IPUIPlugin:80 - create IPUIPlugin
2025-04-23 15:54:08,442 [INFO] PluginManager:220 - loadIPPluginJar : add aes
2025-04-23 15:54:08,480 [INFO] IPUIPlugin:80 - create IPUIPlugin
2025-04-23 15:54:08,480 [INFO] PluginManager:220 - loadIPPluginJar : add can
2025-04-23 15:54:08,506 [INFO] IPUIPlugin:80 - create IPUIPlugin
2025-04-23 15:54:08,506 [INFO] PluginManager:220 - loadIPPluginJar : add comp
2025-04-23 15:54:08,539 [INFO] IPUIPlugin:80 - create IPUIPlugin
2025-04-23 15:54:08,539 [INFO] PluginManager:220 - loadIPPluginJar : add cryp
2025-04-23 15:54:08,553 [INFO] IPUIPlugin:80 - create IPUIPlugin
2025-04-23 15:54:08,553 [INFO] PluginManager:220 - loadIPPluginJar : add ddr_ctrl_phy
2025-04-23 15:54:08,586 [INFO] IPUIPlugin:80 - create IPUIPlugin
2025-04-23 15:54:08,586 [INFO] PluginManager:220 - loadIPPluginJar : add dfsdm
2025-04-23 15:54:08,605 [INFO] IPUIPlugin:80 - create IPUIPlugin
2025-04-23 15:54:08,605 [INFO] PluginManager:220 - loadIPPluginJar : add dma
2025-04-23 15:54:08,657 [INFO] IPUIPlugin:80 - create IPUIPlugin
2025-04-23 15:54:08,657 [INFO] PluginManager:220 - loadIPPluginJar : add dma3
2025-04-23 15:54:08,707 [INFO] IPUIPlugin:80 - create IPUIPlugin
2025-04-23 15:54:08,707 [INFO] PluginManager:220 - loadIPPluginJar : add extmemmanager
2025-04-23 15:54:08,735 [INFO] IPUIPlugin:80 - create IPUIPlugin
2025-04-23 15:54:08,735 [INFO] PluginManager:220 - loadIPPluginJar : add fatfs
2025-04-23 15:54:08,787 [INFO] IPUIPlugin:80 - create IPUIPlugin
2025-04-23 15:54:08,787 [INFO] PluginManager:220 - loadIPPluginJar : add fmc
2025-04-23 15:54:08,803 [INFO] IPUIPlugin:80 - create IPUIPlugin
2025-04-23 15:54:08,804 [INFO] PluginManager:220 - loadIPPluginJar : add freertos
2025-04-23 15:54:08,829 [INFO] IPUIPlugin:80 - create IPUIPlugin
2025-04-23 15:54:08,829 [INFO] PluginManager:220 - loadIPPluginJar : add genericplugin
2025-04-23 15:54:08,923 [INFO] IPUIPlugin:80 - create IPUIPlugin
2025-04-23 15:54:08,923 [INFO] PluginManager:220 - loadIPPluginJar : add gfxmmu
2025-04-23 15:54:09,070 [INFO] IPUIPlugin:80 - create IPUIPlugin
2025-04-23 15:54:09,070 [INFO] PluginManager:220 - loadIPPluginJar : add gic
2025-04-23 15:54:09,082 [INFO] IPUIPlugin:80 - create IPUIPlugin
2025-04-23 15:54:09,082 [INFO] PluginManager:220 - loadIPPluginJar : add gpio
2025-04-23 15:54:09,171 [INFO] IPUIPlugin:80 - create IPUIPlugin
2025-04-23 15:54:09,172 [INFO] PluginManager:220 - loadIPPluginJar : add gtzc
2025-04-23 15:54:09,212 [INFO] IPUIPlugin:80 - create IPUIPlugin
2025-04-23 15:54:09,212 [INFO] PluginManager:220 - loadIPPluginJar : add hash
2025-04-23 15:54:09,276 [INFO] IPUIPlugin:80 - create IPUIPlugin
2025-04-23 15:54:09,276 [INFO] PluginManager:220 - loadIPPluginJar : add i2c
2025-04-23 15:54:09,320 [INFO] IPUIPlugin:80 - create IPUIPlugin
2025-04-23 15:54:09,320 [INFO] PluginManager:220 - loadIPPluginJar : add i2s
2025-04-23 15:54:09,367 [INFO] IPUIPlugin:80 - create IPUIPlugin
2025-04-23 15:54:09,367 [INFO] PluginManager:220 - loadIPPluginJar : add i3c
2025-04-23 15:54:09,470 [INFO] IPUIPlugin:80 - create IPUIPlugin
2025-04-23 15:54:09,470 [INFO] PluginManager:220 - loadIPPluginJar : add ipddr
2025-04-23 15:54:09,557 [INFO] IPUIPlugin:80 - create IPUIPlugin
2025-04-23 15:54:09,558 [INFO] PluginManager:220 - loadIPPluginJar : add linkedlist
2025-04-23 15:54:09,597 [INFO] IPUIPlugin:80 - create IPUIPlugin
2025-04-23 15:54:09,598 [INFO] PluginManager:220 - loadIPPluginJar : add lorawan
2025-04-23 15:54:09,639 [INFO] IPUIPlugin:80 - create IPUIPlugin
2025-04-23 15:54:09,639 [INFO] PluginManager:220 - loadIPPluginJar : add ltdc
2025-04-23 15:54:09,654 [INFO] IPUIPlugin:80 - create IPUIPlugin
2025-04-23 15:54:09,654 [INFO] PluginManager:220 - loadIPPluginJar : add mdma
2025-04-23 15:54:09,667 [INFO] IPUIPlugin:80 - create IPUIPlugin
2025-04-23 15:54:09,667 [INFO] PluginManager:220 - loadIPPluginJar : add nvic
2025-04-23 15:54:09,711 [INFO] IPUIPlugin:80 - create IPUIPlugin
2025-04-23 15:54:09,711 [INFO] PluginManager:220 - loadIPPluginJar : add opamp
2025-04-23 15:54:09,785 [INFO] IPUIPlugin:80 - create IPUIPlugin
2025-04-23 15:54:09,786 [INFO] PluginManager:220 - loadIPPluginJar : add openamp
2025-04-23 15:54:09,836 [INFO] IPUIPlugin:80 - create IPUIPlugin
2025-04-23 15:54:09,836 [INFO] PluginManager:220 - loadIPPluginJar : add pdm2pcm
2025-04-23 15:54:09,851 [INFO] IPUIPlugin:80 - create IPUIPlugin
2025-04-23 15:54:09,853 [INFO] PluginManager:220 - loadIPPluginJar : add plateformsettings
2025-04-23 15:54:09,877 [INFO] IPUIPlugin:80 - create IPUIPlugin
2025-04-23 15:54:09,877 [INFO] PluginManager:220 - loadIPPluginJar : add quadspi
2025-04-23 15:54:09,905 [INFO] IPUIPlugin:80 - create IPUIPlugin
2025-04-23 15:54:09,905 [INFO] PluginManager:220 - loadIPPluginJar : add radio
2025-04-23 15:54:09,919 [INFO] IPUIPlugin:80 - create IPUIPlugin
2025-04-23 15:54:09,920 [INFO] PluginManager:220 - loadIPPluginJar : add resmgrutility
2025-04-23 15:54:09,969 [INFO] IPUIPlugin:80 - create IPUIPlugin
2025-04-23 15:54:09,969 [INFO] PluginManager:220 - loadIPPluginJar : add sai
2025-04-23 15:54:10,012 [INFO] IPUIPlugin:80 - create IPUIPlugin
2025-04-23 15:54:10,013 [INFO] PluginManager:220 - loadIPPluginJar : add spi
2025-04-23 15:54:10,083 [INFO] IPUIPlugin:80 - create IPUIPlugin
2025-04-23 15:54:10,083 [INFO] PluginManager:220 - loadIPPluginJar : add stm32_wpan
2025-04-23 15:54:10,108 [INFO] IPUIPlugin:80 - create IPUIPlugin
2025-04-23 15:54:10,108 [INFO] PluginManager:220 - loadIPPluginJar : add tim
2025-04-23 15:54:10,170 [INFO] IPUIPlugin:80 - create IPUIPlugin
2025-04-23 15:54:10,170 [INFO] PluginManager:220 - loadIPPluginJar : add touchsensing
2025-04-23 15:54:10,198 [INFO] IPUIPlugin:80 - create IPUIPlugin
2025-04-23 15:54:10,198 [INFO] PluginManager:220 - loadIPPluginJar : add tracer_emb
2025-04-23 15:54:10,228 [INFO] IPUIPlugin:80 - create IPUIPlugin
2025-04-23 15:54:10,228 [INFO] PluginManager:220 - loadIPPluginJar : add ts
2025-04-23 15:54:10,256 [INFO] IPUIPlugin:80 - create IPUIPlugin
2025-04-23 15:54:10,256 [INFO] PluginManager:220 - loadIPPluginJar : add tsc
2025-04-23 15:54:10,284 [INFO] IPUIPlugin:80 - create IPUIPlugin
2025-04-23 15:54:10,284 [INFO] PluginManager:220 - loadIPPluginJar : add ucpd
2025-04-23 15:54:10,339 [INFO] IPUIPlugin:80 - create IPUIPlugin
2025-04-23 15:54:10,339 [INFO] PluginManager:220 - loadIPPluginJar : add usart
2025-04-23 15:54:10,388 [INFO] IPUIPlugin:80 - create IPUIPlugin
2025-04-23 15:54:10,388 [INFO] PluginManager:220 - loadIPPluginJar : add usbx
2025-04-23 15:54:10,505 [INFO] CADModel:165 - CPN selected for project level
2025-04-23 15:54:10,505 [INFO] CADModel:114 - Register for checkConnection events
2025-04-23 15:54:10,505 [FATAL] Updater:334 - Updater called before beeing initialized
2025-04-23 15:54:10,505 [ERROR] CADModel:125 - Updater not yet initialized, retry later 
2025-04-23 15:54:10,603 [INFO] CADModel:165 - CPN selected for project level
2025-04-23 15:54:10,603 [INFO] CADModel:114 - Register for checkConnection events
2025-04-23 15:54:10,603 [FATAL] Updater:334 - Updater called before beeing initialized
2025-04-23 15:54:10,603 [ERROR] CADModel:125 - Updater not yet initialized, retry later 
2025-04-23 15:54:10,605 [FATAL] Updater:334 - Updater called before beeing initialized
2025-04-23 15:54:10,705 [FATAL] Updater:334 - Updater called before beeing initialized
2025-04-23 15:54:10,718 [INFO] DbMcusAds:53 - JSON generation date=Thu Mar 06 23:54:21 KST 2025 (1741272861825)
2025-04-23 15:54:10,718 [FATAL] Updater:334 - Updater called before beeing initialized
2025-04-23 15:54:10,747 [WARN] DetailPanel:346 - Failed to get advertising image, set to default
2025-04-23 15:54:10,818 [FATAL] Updater:334 - Updater called before beeing initialized
2025-04-23 15:54:10,819 [FATAL] Updater:334 - Updater called before beeing initialized
2025-04-23 15:54:10,820 [FATAL] Updater:334 - Updater called before beeing initialized
2025-04-23 15:54:10,820 [WARN] DetailPanel:346 - Failed to get advertising image, set to default
2025-04-23 15:54:10,820 [FATAL] Updater:334 - Updater called before beeing initialized
2025-04-23 15:54:10,872 [ERROR] Updater:1164 - MainUpdater not yet initialized. External WinMGr cannot be set.
2025-04-23 15:54:10,881 [INFO] Updater:1100 - Updater Version found : 6.12.1
2025-04-23 15:54:10,894 [INFO] ApplicationProperties:184 - Using Application install path: C:\ST\STM32CubeIDE_1.16.1\STM32CubeIDE\plugins\com.st.stm32cube.common.mx_6.12.1.202409122256
2025-04-23 15:54:10,898 [INFO] ThirdPartyUpdaterWithRetryManager:70 - Updater plugin not ready yet. [2/15]
2025-04-23 15:54:11,306 [INFO] MainUpdater:2873 - connection check result : 10
2025-04-23 15:54:11,306 [INFO] MainUpdater:3567 - Updater definition file requires update
2025-04-23 15:54:11,307 [INFO] MainUpdater:290 - Updater Check For Update Now.
2025-04-23 15:54:11,307 [INFO] MicroXplorer:498 - Change Database Version : DB.6.0.121
2025-04-23 15:54:11,323 [INFO] McuFinderGlobals:63 - Set McuFinder mode to 2 (CubeIDE integrated)
2025-04-23 15:54:11,330 [INFO] UserAuth:417 - Internet connection configuration mode: 1
2025-04-23 15:54:11,350 [INFO] JxBrowserEngine:152 - Initiate JxBrowser Engine with user profile folder
2025-04-23 15:54:11,419 [INFO] ServerAccessManage:473 - Download File updaters.zip
2025-04-23 15:54:11,541 [INFO] FileExtend:240 - Unzip File : updaters.zip
2025-04-23 15:54:11,541 [INFO] FileExtend:255 - Standard Zip Deflate
2025-04-23 15:54:12,269 [INFO] ServerAccessManage:473 - Download File PacksControlFlags.xml
2025-04-23 15:54:12,371 [INFO] ServerAccessManage:473 - Download File cubemx.pidx
2025-04-23 15:54:13,228 [INFO] ServerAccessManage:473 - Download File STMicroelectronics.X-CUBE-MEMS1.pdsc
2025-04-23 15:54:13,899 [WARN] MainUpdater:1194 - Updater busy. Cannot search thirdparties
2025-04-23 15:54:13,899 [INFO] ThirdPartyUpdaterWithRetryManager:96 - Updater plugin is busy. [1/15]
2025-04-23 15:54:14,639 [INFO] WebApp:167 - Instantiating new browser for Auth
2025-04-23 15:54:15,279 [INFO] WebApp:448 - Apply proxy settings
2025-04-23 15:54:15,279 [INFO] WebApp:533 - Chromium requires no authentication
2025-04-23 15:54:15,287 [INFO] WebApp:476 - Direct internet connection detected
2025-04-23 15:54:15,307 [INFO] WebApp:869 - Register for checkConnection events
2025-04-23 15:54:15,307 [INFO] WebApp:448 - Apply proxy settings
2025-04-23 15:54:15,307 [INFO] WebApp:533 - Chromium requires no authentication
2025-04-23 15:54:15,308 [INFO] WebApp:476 - Direct internet connection detected
2025-04-23 15:54:15,455 [INFO] WebApp:220 - Starting web application
2025-04-23 15:54:15,455 [INFO] WebApp:578 - Web application path used C:\ST\STM32CubeIDE_1.16.1\STM32CubeIDE\plugins\com.st.stm32cube.common.mx_6.12.1.202409122256\db\plugins\mcufinder\reactClient1\index.html
2025-04-23 15:54:15,584 [INFO] WebApp:186 - Connection restablished
2025-04-23 15:54:15,587 [INFO] UserAuth:417 - Internet connection configuration mode: 1
2025-04-23 15:54:15,984 [INFO] ServerAccessManage:473 - Download File STMicroelectronics.X-CUBE-TOF1.pdsc
2025-04-23 15:54:16,900 [WARN] MainUpdater:1194 - Updater busy. Cannot search thirdparties
2025-04-23 15:54:16,900 [INFO] ThirdPartyUpdaterWithRetryManager:96 - Updater plugin is busy. [2/15]
2025-04-23 15:54:17,138 [ERROR] ServerAccessManage:1089 - Problem, file not found on Server
2025-04-23 15:54:17,599 [INFO] ServerAccessManage:473 - Download File STMicroelectronics.X-CUBE-WB05N.pdsc
2025-04-23 15:54:18,049 [WARN] PackLoader:240 - Cannot read IP mode file for STMicroelectronics.X-CUBE-MEMS1.11.2.0
2025-04-23 15:54:18,129 [INFO] CheckServerUpdateThread:120 - End of CheckServer Thread
2025-04-23 15:54:18,163 [WARN] PopulateThirdPartyThread:106 - Error when creating pack: C:/Users/RND1/.stm32cubemx/thirdparties/pdsc/STMicroelectronics.X-CUBE-TOF1.pdsc
2025-04-23 15:54:18,172 [WARN] PackLoader:240 - Cannot read IP mode file for STMicroelectronics.X-CUBE-WB05N.2.0.0
2025-04-23 15:54:18,173 [INFO] PopulateThirdPartyThread:66 - Ending populate Thread
2025-04-23 15:54:18,175 [INFO] ThirdParty:1030 - CMSIS Pack Vendor :STMicroelectronics X-CUBE-MEMS1 11.2.0
2025-04-23 15:54:18,175 [INFO] ThirdParty:1030 - CMSIS Pack Vendor :STMicroelectronics X-CUBE-WB05N 2.0.0
2025-04-23 15:54:18,175 [INFO] LoadServerUpdatesThread:375 - End of LoadServerUpdate Thread
2025-04-23 15:54:20,095 [WARN] PackLoader:240 - Cannot read IP mode file for STMicroelectronics.FP-SNS-MOTENVWB1.1.4.0
2025-04-23 15:54:20,100 [WARN] PackLoader:240 - Cannot read IP mode file for STMicroelectronics.FP-ATR-ASTRA1.2.0.2
2025-04-23 15:54:20,110 [WARN] PackLoader:240 - Cannot read IP mode file for STMicroelectronics.FP-ATR-ASTRA1.2.0.1
2025-04-23 15:54:20,123 [WARN] PackLoader:240 - Cannot read IP mode file for STMicroelectronics.X-CUBE-SMBUS.2.1.0
2025-04-23 15:54:20,136 [WARN] PackLoader:240 - Cannot read IP mode file for STMicroelectronics.X-CUBE-WB05N.1.1.0
2025-04-23 15:54:20,150 [WARN] PackLoader:240 - Cannot read IP mode file for STMicroelectronics.X-CUBE-TOUCHGFX.4.23.0
2025-04-23 15:54:20,161 [WARN] PackLoader:240 - Cannot read IP mode file for STMicroelectronics.X-CUBE-TOUCHGFX.4.23.2
2025-04-23 15:54:20,183 [WARN] PackLoader:240 - Cannot read IP mode file for STMicroelectronics.X-CUBE-AZRTOS-F7.1.1.0
2025-04-23 15:54:20,195 [WARN] PackLoader:240 - Cannot read IP mode file for STMicroelectronics.FP-SNS-MOTENV1.4.3.2
2025-04-23 15:54:20,230 [WARN] PackLoader:240 - Cannot read IP mode file for STMicroelectronics.X-CUBE-MEMS1.11.0.0
2025-04-23 15:54:20,297 [WARN] PackLoader:240 - Cannot read IP mode file for STMicroelectronics.FP-SNS-FLIGHT1.5.0.2
2025-04-23 15:54:20,315 [WARN] PackLoader:240 - Cannot read IP mode file for STMicroelectronics.X-CUBE-DISPLAY.3.0.0
2025-04-23 15:54:20,331 [WARN] PackLoader:240 - Cannot read IP mode file for STMicroelectronics.X-CUBE-BLE1.7.0.0
2025-04-23 15:54:20,346 [WARN] PackLoader:240 - Cannot read IP mode file for STMicroelectronics.X-CUBE-NFC10.1.0.0
2025-04-23 15:54:20,362 [WARN] PackLoader:240 - Cannot read IP mode file for STMicroelectronics.X-CUBE-BLEMGR.4.0.0
2025-04-23 15:54:20,377 [WARN] PackLoader:240 - Cannot read IP mode file for emotas.I-CUBE-CANOPEN.1.3.0
2025-04-23 15:54:20,392 [WARN] PackLoader:240 - Cannot read IP mode file for STMicroelectronics.X-CUBE-BLEMGR.3.1.0
2025-04-23 15:54:20,407 [WARN] PackLoader:240 - Cannot read IP mode file for STMicroelectronics.X-CUBE-AI.10.0.0
2025-04-23 15:54:20,422 [WARN] PackLoader:240 - Cannot read IP mode file for STMicroelectronics.FP-SNS-SMARTAG2.1.2.0
2025-04-23 15:54:20,425 [ERROR] Engine:466 - C:\Users\RND1\.stm32cubemx\thirdparties\pdsc\STMicroelectronics.FP-SNS-FLIGHT1.5.1.0.pdsc: PDSC version is not supported
2025-04-23 15:54:20,462 [WARN] PackLoader:240 - Cannot read IP mode file for STMicroelectronics.X-CUBE-MEMS1.11.1.0
2025-04-23 15:54:20,526 [INFO] LogOutputStream:77 - [STDOUT_REDIRECT] 1 : Invalid condition id : UX_CORESTACK_Condition cause : null
2025-04-23 15:54:20,526 [INFO] LogOutputStream:77 - [STDOUT_REDIRECT] 1 : Invalid condition id : UX_CORESTACK_Condition cause : null
2025-04-23 15:54:20,527 [INFO] LogOutputStream:77 - [STDOUT_REDIRECT] 1 : Invalid condition id : UX_CORESTACK_Condition cause : null
2025-04-23 15:54:20,528 [INFO] LogOutputStream:77 - [STDOUT_REDIRECT] 1 : Invalid condition id : UX_CORESTACK_Condition cause : null
2025-04-23 15:54:20,528 [INFO] LogOutputStream:77 - [STDOUT_REDIRECT] 1 : Invalid condition id : UX_CORESTACK_Condition cause : null
2025-04-23 15:54:20,530 [WARN] PackLoader:240 - Cannot read IP mode file for STMicroelectronics.X-CUBE-AZRTOS-WL.2.0.0
2025-04-23 15:54:20,544 [WARN] PackLoader:240 - Cannot read IP mode file for STMicroelectronics.FP-SNS-MOTENV1.5.0.0
2025-04-23 15:54:20,550 [WARN] PackLoader:240 - Cannot read IP mode file for wolfSSL.I-CUBE-wolfMQTT.1.19.0
2025-04-23 15:54:20,562 [WARN] PackLoader:240 - Cannot read IP mode file for WES.I-CUBE-Cesium.1.3.0
2025-04-23 15:54:20,574 [WARN] PackLoader:240 - Cannot read IP mode file for STMicroelectronics.X-CUBE-BLE2.3.3.0
2025-04-23 15:54:20,587 [WARN] PackLoader:240 - Cannot read IP mode file for STMicroelectronics.X-CUBE-NFC9.1.0.0
2025-04-23 15:54:20,600 [WARN] PackLoader:240 - Cannot read IP mode file for STMicroelectronics.X-CUBE-BLE1.7.1.0
2025-04-23 15:54:20,613 [WARN] PackLoader:240 - Cannot read IP mode file for STMicroelectronics.X-CUBE-TCPP.4.1.0
2025-04-23 15:54:20,626 [WARN] PackLoader:240 - Cannot read IP mode file for STMicroelectronics.X-CUBE-ALGOBUILD.1.3.0
2025-04-23 15:54:20,652 [WARN] PackLoader:240 - Cannot read IP mode file for STMicroelectronics.X-CUBE-MEMS1.11.2.0
2025-04-23 15:54:20,732 [WARN] PackLoader:240 - Cannot read IP mode file for STMicroelectronics.X-CUBE-AZRTOS-G0.1.1.0
2025-04-23 15:54:20,753 [WARN] PackLoader:240 - Cannot read IP mode file for STMicroelectronics.X-CUBE-SAFEA1.1.2.2
2025-04-23 15:54:20,773 [WARN] PackLoader:240 - Cannot read IP mode file for STMicroelectronics.X-CUBE-NFC4.3.0.0
2025-04-23 15:54:20,790 [WARN] PackLoader:240 - Cannot read IP mode file for wolfSSL.I-CUBE-wolfMQTT.1.18.0
2025-04-23 15:54:20,811 [WARN] PackLoader:240 - Cannot read IP mode file for EmbeddedOffice.I-CUBE-FS-RTOS.1.0.1
2025-04-23 15:54:20,812 [ERROR] ConditionMgr:805 - Attr not supported : Dmpu
2025-04-23 15:54:20,812 [ERROR] ConditionMgr:805 - Attr not supported : Dmpu
2025-04-23 15:54:20,812 [ERROR] ConditionMgr:805 - Attr not supported : Dmpu
2025-04-23 15:54:20,812 [ERROR] ConditionMgr:805 - Attr not supported : Dmpu
2025-04-23 15:54:20,812 [ERROR] ConditionMgr:805 - Attr not supported : Dmpu
2025-04-23 15:54:20,812 [ERROR] ConditionMgr:805 - Attr not supported : Dmpu
2025-04-23 15:54:20,812 [ERROR] ConditionMgr:805 - Attr not supported : Dmpu
2025-04-23 15:54:20,812 [ERROR] ConditionMgr:805 - Attr not supported : Dmpu
2025-04-23 15:54:20,813 [ERROR] ConditionMgr:805 - Attr not supported : Dmpu
2025-04-23 15:54:20,813 [ERROR] ConditionMgr:805 - Attr not supported : Dmpu
2025-04-23 15:54:20,813 [ERROR] ConditionMgr:805 - Attr not supported : Dmpu
2025-04-23 15:54:20,813 [ERROR] ConditionMgr:805 - Attr not supported : Dmpu
2025-04-23 15:54:20,813 [ERROR] ConditionMgr:805 - Attr not supported : Dmpu
2025-04-23 15:54:20,813 [ERROR] ConditionMgr:805 - Attr not supported : Dmpu
2025-04-23 15:54:20,813 [ERROR] ConditionMgr:805 - Attr not supported : Dmpu
2025-04-23 15:54:20,813 [ERROR] ConditionMgr:805 - Attr not supported : Dmpu
2025-04-23 15:54:20,813 [ERROR] ConditionMgr:805 - Attr not supported : Dmpu
2025-04-23 15:54:20,813 [ERROR] ConditionMgr:805 - Attr not supported : Dmpu
2025-04-23 15:54:20,813 [ERROR] ConditionMgr:805 - Attr not supported : Dmpu
2025-04-23 15:54:20,813 [ERROR] ConditionMgr:805 - Attr not supported : Dmpu
2025-04-23 15:54:20,813 [ERROR] ConditionMgr:805 - Attr not supported : Dmpu
2025-04-23 15:54:20,813 [ERROR] ConditionMgr:805 - Attr not supported : Dmpu
2025-04-23 15:54:20,813 [ERROR] ConditionMgr:805 - Attr not supported : Dmpu
2025-04-23 15:54:20,813 [ERROR] ConditionMgr:805 - Attr not supported : Dmpu
2025-04-23 15:54:20,813 [ERROR] ConditionMgr:805 - Attr not supported : Dmpu
2025-04-23 15:54:20,813 [ERROR] ConditionMgr:805 - Attr not supported : Dmpu
2025-04-23 15:54:20,814 [ERROR] ConditionMgr:805 - Attr not supported : Dmpu
2025-04-23 15:54:20,814 [ERROR] ConditionMgr:805 - Attr not supported : Dmpu
2025-04-23 15:54:20,814 [ERROR] ConditionMgr:805 - Attr not supported : Dmpu
2025-04-23 15:54:20,814 [ERROR] ConditionMgr:805 - Attr not supported : Dmpu
2025-04-23 15:54:20,814 [ERROR] ConditionMgr:805 - Attr not supported : Dmpu
2025-04-23 15:54:20,814 [ERROR] ConditionMgr:805 - Attr not supported : Dmpu
2025-04-23 15:54:20,814 [ERROR] ConditionMgr:805 - Attr not supported : Dmpu
2025-04-23 15:54:20,814 [ERROR] ConditionMgr:805 - Attr not supported : Dmpu
2025-04-23 15:54:20,814 [ERROR] ConditionMgr:805 - Attr not supported : Dmpu
2025-04-23 15:54:20,814 [ERROR] ConditionMgr:805 - Attr not supported : Dmpu
2025-04-23 15:54:20,814 [ERROR] ConditionMgr:805 - Attr not supported : Dmpu
2025-04-23 15:54:20,815 [ERROR] ConditionMgr:805 - Attr not supported : Dmpu
2025-04-23 15:54:20,815 [ERROR] ConditionMgr:805 - Attr not supported : Dmpu
2025-04-23 15:54:20,815 [ERROR] ConditionMgr:805 - Attr not supported : Dmpu
2025-04-23 15:54:20,815 [ERROR] ConditionMgr:805 - Attr not supported : Dmpu
2025-04-23 15:54:20,815 [ERROR] ConditionMgr:805 - Attr not supported : Dmpu
2025-04-23 15:54:20,815 [ERROR] ConditionMgr:805 - Attr not supported : Dmpu
2025-04-23 15:54:20,815 [ERROR] ConditionMgr:805 - Attr not supported : Dmpu
2025-04-23 15:54:20,815 [ERROR] ConditionMgr:805 - Attr not supported : Dmpu
2025-04-23 15:54:20,815 [ERROR] ConditionMgr:805 - Attr not supported : Dmpu
2025-04-23 15:54:20,815 [ERROR] ConditionMgr:805 - Attr not supported : Dmpu
2025-04-23 15:54:20,815 [ERROR] ConditionMgr:805 - Attr not supported : Dmpu
2025-04-23 15:54:20,816 [ERROR] ConditionMgr:805 - Attr not supported : Dmpu
2025-04-23 15:54:20,816 [ERROR] ConditionMgr:805 - Attr not supported : Dmpu
2025-04-23 15:54:20,816 [ERROR] ConditionMgr:805 - Attr not supported : Dmpu
2025-04-23 15:54:20,816 [ERROR] ConditionMgr:805 - Attr not supported : Dmpu
2025-04-23 15:54:20,816 [ERROR] ConditionMgr:805 - Attr not supported : Dmpu
2025-04-23 15:54:20,816 [ERROR] ConditionMgr:805 - Attr not supported : Dmpu
2025-04-23 15:54:20,816 [ERROR] ConditionMgr:805 - Attr not supported : Dmpu
2025-04-23 15:54:20,816 [ERROR] ConditionMgr:805 - Attr not supported : Dmpu
2025-04-23 15:54:20,816 [ERROR] ConditionMgr:805 - Attr not supported : Dmpu
2025-04-23 15:54:20,817 [ERROR] ConditionMgr:805 - Attr not supported : Dmpu
2025-04-23 15:54:20,817 [ERROR] ConditionMgr:805 - Attr not supported : Dmpu
2025-04-23 15:54:20,817 [ERROR] ConditionMgr:805 - Attr not supported : Dmpu
2025-04-23 15:54:20,817 [ERROR] ConditionMgr:805 - Attr not supported : Dmpu
2025-04-23 15:54:20,817 [ERROR] ConditionMgr:805 - Attr not supported : Dmpu
2025-04-23 15:54:20,817 [ERROR] ConditionMgr:805 - Attr not supported : Dmpu
2025-04-23 15:54:20,817 [ERROR] ConditionMgr:805 - Attr not supported : Dmpu
2025-04-23 15:54:20,821 [WARN] PackLoader:240 - Cannot read IP mode file for STMicroelectronics.X-CUBE-WB05N.2.0.0
2025-04-23 15:54:20,841 [WARN] PackLoader:240 - Cannot read IP mode file for STMicroelectronics.X-CUBE-BLEMGR.3.0.0
2025-04-23 15:54:20,854 [ERROR] Engine:466 - C:\Users\RND1\.stm32cubemx\thirdparties\pdsc\STMicroelectronics.X-CUBE-TCPP.4.2.0.pdsc: PDSC version is not supported
2025-04-23 15:54:20,869 [WARN] PackLoader:240 - Cannot read IP mode file for RealThread.X-CUBE-RT-Thread_Nano.4.1.1
2025-04-23 15:54:20,873 [WARN] PackLoader:240 - Cannot read IP mode file for STMicroelectronics.FP-ATR-SIGFOX1.3.2.0
2025-04-23 15:54:20,877 [WARN] ConditionMgr:438 - getConditionDescription Invalid condition id : Cortex-A Device cause : null
2025-04-23 15:54:20,897 [WARN] ConditionMgr:1039 - genDependencies : Invalid condition id : Cortex-A Device cause : null
2025-04-23 15:54:20,897 [WARN] ConditionMgr:1039 - genDependencies : Invalid condition id : Cortex-A Device cause : null
2025-04-23 15:54:20,897 [WARN] ConditionMgr:1039 - genDependencies : Invalid condition id : Cortex-A Device cause : null
2025-04-23 15:54:20,910 [WARN] PackLoader:240 - Cannot read IP mode file for STMicroelectronics.X-CUBE-EEPRMA1.5.1.0
2025-04-23 15:54:20,937 [WARN] PackLoader:240 - Cannot read IP mode file for SEGGER.I-CUBE-embOS.1.3.1
2025-04-23 15:54:20,969 [WARN] PackLoader:240 - Cannot read IP mode file for STMicroelectronics.X-CUBE-ALGOBUILD.1.4.0
2025-04-23 15:54:20,981 [WARN] PackLoader:240 - Cannot read IP mode file for STMicroelectronics.X-CUBE-AI.9.1.0
2025-04-23 15:54:20,997 [WARN] PackLoader:240 - Cannot read IP mode file for STMicroelectronics.X-CUBE-GNSS1.6.0.0
2025-04-23 15:54:21,022 [WARN] PackLoader:240 - Cannot read IP mode file for STMicroelectronics.X-CUBE-AZRTOS-F4.1.1.0
2025-04-23 15:54:21,037 [WARN] PackLoader:240 - Cannot read IP mode file for wolfSSL.I-CUBE-wolfSSL.5.6.4
2025-04-23 15:54:21,039 [ERROR] Engine:466 - C:\Users\RND1\.stm32cubemx\thirdparties\pdsc\Avnet-IotConnect.X-CUBE-IoTC-DA16k-PMOD.1.0.0.pdsc: PDSC version is not supported
2025-04-23 15:54:21,052 [WARN] PackLoader:240 - Cannot read IP mode file for STMicroelectronics.X-CUBE-ISPU.2.1.0
2025-04-23 15:54:21,064 [WARN] PackLoader:240 - Cannot read IP mode file for STMicroelectronics.X-CUBE-FREERTOS.1.2.0
2025-04-23 15:54:21,088 [WARN] PackLoader:240 - Cannot read IP mode file for STMicroelectronics.X-CUBE-AZRTOS-L5.2.0.0
2025-04-23 15:54:21,104 [WARN] PackLoader:240 - Cannot read IP mode file for STMicroelectronics.X-CUBE-EEPRMA1.4.2.0
2025-04-23 15:54:21,120 [WARN] PackLoader:240 - Cannot read IP mode file for STMicroelectronics.X-CUBE-NFC6.3.1.0
2025-04-23 15:54:21,137 [WARN] PackLoader:240 - Cannot read IP mode file for ITTIA_DB.I-CUBE-ITTIADB.8.8.0
2025-04-23 15:54:21,152 [WARN] PackLoader:240 - Cannot read IP mode file for STMicroelectronics.X-CUBE-DPower.1.2.0
2025-04-23 15:54:21,171 [WARN] PackLoader:240 - Cannot read IP mode file for STMicroelectronics.X-CUBE-AI.9.0.0
2025-04-23 15:54:21,185 [WARN] PackLoader:240 - Cannot read IP mode file for STMicroelectronics.X-CUBE-FREERTOS.1.3.0
2025-04-23 15:54:21,197 [WARN] PackLoader:240 - Cannot read IP mode file for STMicroelectronics.X-CUBE-NFC7.1.0.1
2025-04-23 15:54:21,212 [WARN] PackLoader:240 - Cannot read IP mode file for STMicroelectronics.X-CUBE-NFC6.3.0.0
2025-04-23 15:54:21,227 [WARN] PackLoader:240 - Cannot read IP mode file for STMicroelectronics.X-CUBE-DPower.1.3.0
2025-04-23 15:54:21,242 [WARN] PackLoader:240 - Cannot read IP mode file for STMicroelectronics.X-CUBE-AI.8.1.0
2025-04-23 15:54:21,266 [WARN] ConditionMgr:438 - getConditionDescription Invalid condition id : LAN8742 Phy interface Condition cause : null
2025-04-23 15:54:21,266 [WARN] PackLoader:240 - Cannot read IP mode file for STMicroelectronics.X-CUBE-AZRTOS-L4.2.0.0
2025-04-23 15:54:21,267 [WARN] ConditionMgr:1039 - genDependencies : Invalid condition id : LAN8742 Phy interface Condition cause : null
2025-04-23 15:54:21,268 [WARN] ConditionMgr:1039 - genDependencies : Invalid condition id : LAN8742 Phy interface Condition cause : null
2025-04-23 15:54:21,268 [WARN] ConditionMgr:1039 - genDependencies : Invalid condition id : LAN8742 Phy interface Condition cause : null
2025-04-23 15:54:21,282 [WARN] PackLoader:240 - Cannot read IP mode file for STMicroelectronics.X-CUBE-SFXS2LP1.4.0.0
2025-04-23 15:54:21,304 [WARN] PackLoader:240 - Cannot read IP mode file for STMicroelectronics.X-CUBE-AZRTOS-H7.3.3.0
2025-04-23 15:54:21,320 [WARN] PackLoader:240 - Cannot read IP mode file for STMicroelectronics.X-CUBE-IPS.3.0.0
2025-04-23 15:54:21,340 [WARN] ConditionMgr:438 - getConditionDescription Invalid condition id : UX DEVICE CLASS RTOS Condition cause : null
2025-04-23 15:54:21,340 [WARN] ConditionMgr:438 - getConditionDescription Invalid condition id : UX DEVICE CLASS RTOS Condition cause : null
2025-04-23 15:54:21,341 [WARN] PackLoader:240 - Cannot read IP mode file for STMicroelectronics.X-CUBE-AZRTOS-WB.2.0.0
2025-04-23 15:54:21,341 [WARN] ConditionMgr:1039 - genDependencies : Invalid condition id : UX DEVICE CLASS RTOS Condition cause : null
2025-04-23 15:54:21,341 [WARN] ConditionMgr:1039 - genDependencies : Invalid condition id : UX DEVICE CLASS RTOS Condition cause : null
2025-04-23 15:54:21,341 [WARN] ConditionMgr:1039 - genDependencies : Invalid condition id : UX DEVICE CLASS RTOS Condition cause : null
2025-04-23 15:54:21,341 [WARN] ConditionMgr:1039 - genDependencies : Invalid condition id : UX DEVICE CLASS RTOS Condition cause : null
2025-04-23 15:54:21,341 [WARN] ConditionMgr:1039 - genDependencies : Invalid condition id : UX DEVICE CLASS RTOS Condition cause : null
2025-04-23 15:54:21,352 [WARN] PackLoader:240 - Cannot read IP mode file for STMicroelectronics.X-CUBE-GNSS1.7.0.0
2025-04-23 15:54:21,364 [WARN] PackLoader:240 - Cannot read IP mode file for STMicroelectronics.X-CUBE-GNSS1.7.0.1
2025-04-23 15:54:21,376 [WARN] PackLoader:240 - Cannot read IP mode file for STMicroelectronics.X-CUBE-TOUCHGFX.4.25.0
2025-04-23 15:54:21,388 [WARN] PackLoader:240 - Cannot read IP mode file for STMicroelectronics.FP-SNS-STBOX1.2.0.0
2025-04-23 15:54:21,405 [WARN] PackLoader:240 - Cannot read IP mode file for STMicroelectronics.X-CUBE-SUBG2.5.0.0
2025-04-23 15:54:21,427 [WARN] PackLoader:240 - Cannot read IP mode file for STMicroelectronics.X-CUBE-AZRTOS-H7RS.1.1.0
2025-04-23 15:54:21,447 [WARN] PackLoader:240 - Cannot read IP mode file for STMicroelectronics.X-CUBE-AZRTOS-G4.2.0.0
2025-04-23 15:54:21,466 [WARN] PackLoader:240 - Cannot read IP mode file for Infineon.AIROC-Wi-Fi-Bluetooth-STM32.1.5.1
2025-04-23 15:54:21,478 [WARN] PackLoader:240 - Cannot read IP mode file for STMicroelectronics.FP-SNS-MOTENVWB1.1.3.1
2025-04-23 15:54:21,490 [WARN] PackLoader:240 - Cannot read IP mode file for STMicroelectronics.X-CUBE-ISPU.2.0.0
2025-04-23 15:54:21,502 [ERROR] Engine:466 - C:\Users\RND1\.stm32cubemx\thirdparties\pdsc\STMicroelectronics.X-CUBE-IPS.3.1.0.pdsc: PDSC version is not supported
2025-04-23 15:54:21,512 [WARN] PackLoader:240 - Cannot read IP mode file for STMicroelectronics.X-CUBE-ALS.1.0.2
2025-04-23 15:54:21,539 [WARN] PackLoader:240 - Cannot read IP mode file for STMicroelectronics.X-CUBE-MEMS1.10.0.0
2025-04-23 15:54:21,855 [WARN] PackLoader:240 - Cannot read IP mode file for STMicroelectronics.X-CUBE-FREERTOS.1.1.0
2025-04-23 15:54:21,867 [WARN] PackLoader:240 - Cannot read IP mode file for STMicroelectronics.X-CUBE-TOUCHGFX.4.24.0
2025-04-23 15:54:21,878 [WARN] PackLoader:240 - Cannot read IP mode file for STMicroelectronics.X-CUBE-TOUCHGFX.4.24.2
2025-04-23 15:54:21,888 [WARN] PackLoader:240 - Cannot read IP mode file for STMicroelectronics.X-CUBE-TOUCHGFX.4.24.1
2025-04-23 15:54:21,892 [WARN] PackLoader:240 - Cannot read IP mode file for wolfSSL.I-CUBE-wolfTPM.3.4.0
2025-04-23 15:54:21,903 [WARN] PackLoader:240 - Cannot read IP mode file for portGmbH.I-Cube-SoM-uGOAL.1.1.0
2025-04-23 15:54:21,913 [WARN] PackLoader:240 - Cannot read IP mode file for STMicroelectronics.X-CUBE-ALS.1.0.1
2025-04-23 15:54:21,934 [WARN] PackLoader:240 - Cannot read IP mode file for STMicroelectronics.X-CUBE-AZRTOS-H7RS.1.0.0
2025-04-23 15:54:21,947 [WARN] PackLoader:240 - Cannot read IP mode file for STMicroelectronics.FP-ATR-ASTRA1.2.0.0
2025-04-23 15:54:21,963 [WARN] PackLoader:240 - Cannot read IP mode file for STMicroelectronics.X-CUBE-TOF1.3.4.2
2025-04-23 15:54:21,972 [ERROR] Engine:466 - C:\Users\RND1\.stm32cubemx\thirdparties\pdsc\STMicroelectronics.X-CUBE-TOF1.3.4.3.pdsc: PDSC version is not supported
2025-04-23 15:54:21,988 [WARN] PackLoader:240 - Cannot read IP mode file for STMicroelectronics.X-CUBE-TOF1.3.4.0
2025-04-23 15:54:22,007 [WARN] PackLoader:240 - Cannot read IP mode file for STMicroelectronics.X-CUBE-TOF1.3.4.1
2025-04-23 15:54:22,030 [WARN] PackLoader:240 - Cannot read IP mode file for STMicroelectronics.X-CUBE-AZRTOS-H7.3.2.0
2025-04-23 15:54:22,036 [WARN] PackLoader:240 - Cannot read IP mode file for wolfSSL.I-CUBE-wolfSSH.1.4.17
2025-04-23 15:54:22,037 [INFO] ThirdParty:978 - Integrity check success = true
2025-04-23 15:54:22,037 [INFO] IntegrityCheckThread:100 - exiting critical section [integrity check]
2025-04-23 15:54:22,037 [INFO] IntegrityCheckThread:103 - End integrity checks thread
2025-04-23 17:28:38,144 [ERROR] LogOutputStream:75 - [STDERR_REDIRECT] 
