2025-07-04 09:50:27,069 [INFO] Activator:176 - 


2025-07-04 09:50:27,076 [INFO] Activator:177 - !SESSION log4j initialized
2025-07-04 09:50:34,613 [INFO] LogOutputStream:77 - [STDOUT_REDIRECT] 
2025-07-04 09:50:40,753 [INFO] ApplicationProperties:184 - Using Application install path: C:\ST\STM32CubeIDE_1.16.1\STM32CubeIDE\plugins\com.st.stm32cube.common.mx_6.12.1.202409122256
2025-07-04 09:50:40,773 [INFO] DbMcusXml:78 - Set database path to: C:\ST\STM32CubeIDE_1.16.1\STM32CubeIDE\plugins\com.st.stm32cube.common.mx_6.12.1.202409122256\\db\/mcu/
2025-07-04 09:50:40,774 [INFO] ApiDb:274 - Set plugin database path to: C:\ST\STM32CubeIDE_1.16.1\STM32CubeIDE\plugins\com.st.stm32cube.common.mx_6.12.1.202409122256\\db\/plugins/boardmanager/
2025-07-04 09:50:40,775 [WARN] ApiDb:259 - Overriding images path with different value:  => C:\ST\STM32CubeIDE_1.16.1\STM32CubeIDE\plugins\com.st.stm32cube.common.mx_6.12.1.202409122256\\db\/plugins/mcufinder/images/
2025-07-04 09:50:40,790 [INFO] ApiDb:250 - Set database path to: C:\Users\RND1\.stmcufinder\plugins\mcufinder//mcu/
2025-07-04 09:50:40,791 [INFO] DbMcusAds:125 - Set database path to: C:\Users\RND1\.stmcufinder\plugins\mcufinder//mcu/
2025-07-04 09:50:40,795 [INFO] CrossReferenceDbSqlite:203 - Set database path to: C:\Users\RND1\.stmcufinder\plugins\mcufinder//mcu/cs/
2025-07-04 09:50:40,903 [INFO] RulesReader:64 - Compatibility file has been processed (297 Rules)
2025-07-04 09:50:41,014 [INFO] DbMcusXml:78 - Set database path to: C:\ST\STM32CubeIDE_1.16.1\STM32CubeIDE\plugins\com.st.stm32cube.common.mx_6.12.1.202409122256\\db\/mcu/
2025-07-04 09:50:41,014 [INFO] ApiDb:274 - Set plugin database path to: C:\ST\STM32CubeIDE_1.16.1\STM32CubeIDE\plugins\com.st.stm32cube.common.mx_6.12.1.202409122256\\db\/plugins/boardmanager/
2025-07-04 09:50:41,014 [INFO] ApiDb:261 - Set plugin images path to: C:\ST\STM32CubeIDE_1.16.1\STM32CubeIDE\plugins\com.st.stm32cube.common.mx_6.12.1.202409122256\\db\/plugins/mcufinder/images/
2025-07-04 09:50:41,015 [WARN] DbFile:41 - Overriding database path with different value: C:\Users\RND1\.stmcufinder\plugins\mcufinder/ => C:\Users\RND1\.stmcufinder\plugins\mcufinder
2025-07-04 09:50:41,015 [INFO] ApiDb:250 - Set database path to: C:\Users\RND1\.stmcufinder\plugins\mcufinder//mcu/
2025-07-04 09:50:41,015 [WARN] DbFile:41 - Overriding database path with different value: C:\Users\RND1\.stmcufinder\plugins\mcufinder/ => C:\Users\RND1\.stmcufinder\plugins\mcufinder
2025-07-04 09:50:41,015 [INFO] DbMcusAds:125 - Set database path to: C:\Users\RND1\.stmcufinder\plugins\mcufinder//mcu/
2025-07-04 09:50:41,016 [WARN] DbFile:41 - Overriding database path with different value: C:\Users\RND1\.stmcufinder\plugins\mcufinder/ => C:\Users\RND1\.stmcufinder\plugins\mcufinder
2025-07-04 09:50:41,016 [WARN] DbFile:41 - Overriding database path with different value: C:\Users\RND1\.stmcufinder\plugins\mcufinder/ => C:\Users\RND1\.stmcufinder\plugins\mcufinder
2025-07-04 09:50:41,016 [INFO] CrossReferenceDbSqlite:203 - Set database path to: C:\Users\RND1\.stmcufinder\plugins\mcufinder//mcu/cs/
2025-07-04 09:50:41,100 [INFO] MainPanel:268 - HeapMemory: 268435456
2025-07-04 09:50:41,204 [INFO] DbMcusXml:78 - Set database path to: C:\ST\STM32CubeIDE_1.16.1\STM32CubeIDE\plugins\com.st.stm32cube.common.mx_6.12.1.202409122256\\db\/mcu/
2025-07-04 09:50:41,205 [INFO] ApiDb:274 - Set plugin database path to: C:\ST\STM32CubeIDE_1.16.1\STM32CubeIDE\plugins\com.st.stm32cube.common.mx_6.12.1.202409122256\\db\/plugins/boardmanager/
2025-07-04 09:50:41,205 [INFO] ApiDb:261 - Set plugin images path to: C:\ST\STM32CubeIDE_1.16.1\STM32CubeIDE\plugins\com.st.stm32cube.common.mx_6.12.1.202409122256\\db\/plugins/mcufinder/images/
2025-07-04 09:50:41,205 [WARN] DbFile:41 - Overriding database path with different value: C:\Users\RND1\.stmcufinder\plugins\mcufinder/ => C:\Users\RND1\.stmcufinder\plugins\mcufinder
2025-07-04 09:50:41,205 [INFO] ApiDb:250 - Set database path to: C:\Users\RND1\.stmcufinder\plugins\mcufinder//mcu/
2025-07-04 09:50:41,205 [WARN] DbFile:41 - Overriding database path with different value: C:\Users\RND1\.stmcufinder\plugins\mcufinder/ => C:\Users\RND1\.stmcufinder\plugins\mcufinder
2025-07-04 09:50:41,206 [INFO] DbMcusAds:125 - Set database path to: C:\Users\RND1\.stmcufinder\plugins\mcufinder//mcu/
2025-07-04 09:50:41,206 [WARN] DbFile:41 - Overriding database path with different value: C:\Users\RND1\.stmcufinder\plugins\mcufinder/ => C:\Users\RND1\.stmcufinder\plugins\mcufinder
2025-07-04 09:50:41,206 [WARN] DbFile:41 - Overriding database path with different value: C:\Users\RND1\.stmcufinder\plugins\mcufinder/ => C:\Users\RND1\.stmcufinder\plugins\mcufinder
2025-07-04 09:50:41,206 [INFO] CrossReferenceDbSqlite:203 - Set database path to: C:\Users\RND1\.stmcufinder\plugins\mcufinder//mcu/cs/
2025-07-04 09:50:41,232 [INFO] ApplicationProperties:184 - Using Application install path: C:\ST\STM32CubeIDE_1.16.1\STM32CubeIDE\plugins\com.st.stm32cube.common.mx_6.12.1.202409122256
2025-07-04 09:50:41,234 [INFO] PluginManage:196 - Search for loadable plugins [exclusion list=, ]
2025-07-04 09:50:41,237 [INFO] PluginManage:310 - Check plugin analytics
2025-07-04 09:50:41,411 [INFO] AnalyticsPlugin:253 - Accepted Software Licenses: STM32CubeMX.6.10.0
2025-07-04 09:50:41,411 [INFO] AnalyticsPlugin:255 - Accepted CMSIS Pack Licenses: 
2025-07-04 09:50:41,411 [INFO] AnalyticsPlugin:257 - Accepted Firmware Licenses: FW.G4.1.5.0,FW.G4.1.6.0,FW.F4.1.28.0,FW.H7.1.11.0
2025-07-04 09:50:41,416 [INFO] PluginManage:359 - Loaded plugin analytics (category:tool,tabindex:-1)
2025-07-04 09:50:41,416 [INFO] PluginManage:310 - Check plugin cadmodel
2025-07-04 09:50:41,442 [INFO] CADModel:105 - Init CAD model plugin
2025-07-04 09:50:41,442 [INFO] PluginManage:359 - Loaded plugin cadmodel (category:power,tabindex:5)
2025-07-04 09:50:41,442 [INFO] PluginManage:310 - Check plugin clock
2025-07-04 09:50:41,474 [INFO] PluginManage:359 - Loaded plugin clock (category:base,tabindex:2)
2025-07-04 09:50:41,474 [INFO] PluginManage:310 - Check plugin ddr
2025-07-04 09:50:41,478 [INFO] PluginManage:359 - Loaded plugin ddr (category:tool,tabindex:6)
2025-07-04 09:50:41,479 [INFO] PluginManage:310 - Check plugin filemanager
2025-07-04 09:50:41,646 [INFO] PluginManage:359 - Loaded plugin filemanager (category:base,tabindex:10)
2025-07-04 09:50:41,646 [INFO] PluginManage:310 - Check plugin ipmanager
2025-07-04 09:50:41,654 [INFO] PluginManage:359 - Loaded plugin ipmanager (category:base,tabindex:5)
2025-07-04 09:50:41,655 [INFO] PluginManage:310 - Check plugin lpbam
2025-07-04 09:50:41,676 [INFO] PluginManage:359 - Loaded plugin lpbam (category:base,tabindex:0)
2025-07-04 09:50:41,676 [INFO] PluginManage:310 - Check plugin memorymap
2025-07-04 09:50:41,704 [INFO] PluginManage:359 - Loaded plugin memorymap (category:base,tabindex:4)
2025-07-04 09:50:41,705 [INFO] PluginManage:310 - Check plugin pinoutandconfiguration
2025-07-04 09:50:41,728 [INFO] PluginManage:359 - Loaded plugin pinoutandconfiguration (category:base,tabindex:1)
2025-07-04 09:50:41,728 [INFO] PluginManage:310 - Check plugin pinoutconfig
2025-07-04 09:50:41,831 [WARN] SupportedApi:132 - Cannot load RTOS API schema: s4s-elt-must-match.1: The content of 'definitions' must match (annotation?, (simpleType | complexType)?, (unique | key | keyref)*)). A problem was found starting at: attribute.
2025-07-04 09:50:41,989 [INFO] PluginManage:359 - Loaded plugin pinoutconfig (category:base,tabindex:0)
2025-07-04 09:50:41,989 [INFO] PluginManage:310 - Check plugin power
2025-07-04 09:50:42,016 [INFO] PluginManage:359 - Loaded plugin power (category:power,tabindex:4)
2025-07-04 09:50:42,016 [INFO] PluginManage:310 - Check plugin projectmanager
2025-07-04 09:50:42,034 [INFO] PluginManage:359 - Loaded plugin projectmanager (category:projectmanager,tabindex:4)
2025-07-04 09:50:42,034 [INFO] PluginManage:310 - Check plugin rif
2025-07-04 09:50:42,056 [INFO] PluginManage:359 - Loaded plugin rif (category:base,tabindex:3)
2025-07-04 09:50:42,056 [INFO] PluginManage:310 - Check plugin thirdparty
2025-07-04 09:50:42,348 [INFO] PluginManage:359 - Loaded plugin thirdparty (category:base,tabindex:-1)
2025-07-04 09:50:42,348 [WARN] IntegrityCheckThread:84 - waiting for thirdparty lock release [integrity check]
2025-07-04 09:50:42,348 [INFO] IntegrityCheckThread:86 - entering critical section [integrity check]
2025-07-04 09:50:42,348 [INFO] PluginManage:310 - Check plugin tools
2025-07-04 09:50:42,349 [INFO] ThirdPartyUpdaterWithRetryManager:70 - Updater plugin not ready yet. [1/15]
2025-07-04 09:50:42,407 [INFO] PluginManage:359 - Loaded plugin tools (category:base,tabindex:7)
2025-07-04 09:50:42,407 [INFO] PluginManage:310 - Check plugin tutovideos
2025-07-04 09:50:42,609 [INFO] PluginManage:359 - Loaded plugin tutovideos (category:base,tabindex:-1)
2025-07-04 09:50:42,610 [INFO] PluginManage:310 - Check plugin updater
2025-07-04 09:50:42,626 [INFO] PluginManage:359 - Loaded plugin updater (category:base,tabindex:12)
2025-07-04 09:50:42,627 [INFO] PluginManage:310 - Check plugin userauth
2025-07-04 09:50:42,633 [INFO] UserAuth:113 - Init User Auth plugin
2025-07-04 09:50:42,633 [INFO] PluginManage:359 - Loaded plugin userauth (category:base,tabindex:14)
2025-07-04 09:50:42,633 [INFO] PluginManage:283 - PluginManage : Loaded plugins [18]
2025-07-04 09:50:42,825 [INFO] PinOutPanel:1561 - setPackage(No Configuration,No Configuration)
2025-07-04 09:50:42,915 [INFO] CADModel:165 - CPN selected for project level
2025-07-04 09:50:42,915 [INFO] CADModel:114 - Register for checkConnection events
2025-07-04 09:50:42,945 [INFO] IPUIPlugin:80 - create IPUIPlugin
2025-07-04 09:50:42,945 [INFO] PluginManager:220 - loadIPPluginJar : add adc
2025-07-04 09:50:42,991 [INFO] IPUIPlugin:80 - create IPUIPlugin
2025-07-04 09:50:42,991 [INFO] PluginManager:220 - loadIPPluginJar : add aes
2025-07-04 09:50:43,040 [INFO] IPUIPlugin:80 - create IPUIPlugin
2025-07-04 09:50:43,040 [INFO] PluginManager:220 - loadIPPluginJar : add can
2025-07-04 09:50:43,071 [INFO] IPUIPlugin:80 - create IPUIPlugin
2025-07-04 09:50:43,071 [INFO] PluginManager:220 - loadIPPluginJar : add comp
2025-07-04 09:50:43,116 [INFO] IPUIPlugin:80 - create IPUIPlugin
2025-07-04 09:50:43,116 [INFO] PluginManager:220 - loadIPPluginJar : add cryp
2025-07-04 09:50:43,130 [INFO] IPUIPlugin:80 - create IPUIPlugin
2025-07-04 09:50:43,131 [INFO] PluginManager:220 - loadIPPluginJar : add ddr_ctrl_phy
2025-07-04 09:50:43,159 [INFO] IPUIPlugin:80 - create IPUIPlugin
2025-07-04 09:50:43,159 [INFO] PluginManager:220 - loadIPPluginJar : add dfsdm
2025-07-04 09:50:43,172 [INFO] IPUIPlugin:80 - create IPUIPlugin
2025-07-04 09:50:43,173 [INFO] PluginManager:220 - loadIPPluginJar : add dma
2025-07-04 09:50:43,216 [INFO] IPUIPlugin:80 - create IPUIPlugin
2025-07-04 09:50:43,216 [INFO] PluginManager:220 - loadIPPluginJar : add dma3
2025-07-04 09:50:43,257 [INFO] IPUIPlugin:80 - create IPUIPlugin
2025-07-04 09:50:43,257 [INFO] PluginManager:220 - loadIPPluginJar : add extmemmanager
2025-07-04 09:50:43,278 [INFO] IPUIPlugin:80 - create IPUIPlugin
2025-07-04 09:50:43,278 [INFO] PluginManager:220 - loadIPPluginJar : add fatfs
2025-07-04 09:50:43,326 [INFO] IPUIPlugin:80 - create IPUIPlugin
2025-07-04 09:50:43,326 [INFO] PluginManager:220 - loadIPPluginJar : add fmc
2025-07-04 09:50:43,343 [INFO] IPUIPlugin:80 - create IPUIPlugin
2025-07-04 09:50:43,343 [INFO] PluginManager:220 - loadIPPluginJar : add freertos
2025-07-04 09:50:43,369 [INFO] IPUIPlugin:80 - create IPUIPlugin
2025-07-04 09:50:43,369 [INFO] PluginManager:220 - loadIPPluginJar : add genericplugin
2025-07-04 09:50:43,479 [INFO] IPUIPlugin:80 - create IPUIPlugin
2025-07-04 09:50:43,479 [INFO] PluginManager:220 - loadIPPluginJar : add gfxmmu
2025-07-04 09:50:43,620 [INFO] IPUIPlugin:80 - create IPUIPlugin
2025-07-04 09:50:43,621 [INFO] PluginManager:220 - loadIPPluginJar : add gic
2025-07-04 09:50:43,634 [INFO] IPUIPlugin:80 - create IPUIPlugin
2025-07-04 09:50:43,634 [INFO] PluginManager:220 - loadIPPluginJar : add gpio
2025-07-04 09:50:43,713 [INFO] IPUIPlugin:80 - create IPUIPlugin
2025-07-04 09:50:43,713 [INFO] PluginManager:220 - loadIPPluginJar : add gtzc
2025-07-04 09:50:43,744 [INFO] IPUIPlugin:80 - create IPUIPlugin
2025-07-04 09:50:43,745 [INFO] PluginManager:220 - loadIPPluginJar : add hash
2025-07-04 09:50:43,793 [INFO] IPUIPlugin:80 - create IPUIPlugin
2025-07-04 09:50:43,793 [INFO] PluginManager:220 - loadIPPluginJar : add i2c
2025-07-04 09:50:43,830 [INFO] IPUIPlugin:80 - create IPUIPlugin
2025-07-04 09:50:43,830 [INFO] PluginManager:220 - loadIPPluginJar : add i2s
2025-07-04 09:50:43,873 [INFO] IPUIPlugin:80 - create IPUIPlugin
2025-07-04 09:50:43,873 [INFO] PluginManager:220 - loadIPPluginJar : add i3c
2025-07-04 09:50:43,977 [INFO] IPUIPlugin:80 - create IPUIPlugin
2025-07-04 09:50:43,977 [INFO] PluginManager:220 - loadIPPluginJar : add ipddr
2025-07-04 09:50:44,081 [INFO] IPUIPlugin:80 - create IPUIPlugin
2025-07-04 09:50:44,082 [INFO] PluginManager:220 - loadIPPluginJar : add linkedlist
2025-07-04 09:50:44,118 [INFO] IPUIPlugin:80 - create IPUIPlugin
2025-07-04 09:50:44,118 [INFO] PluginManager:220 - loadIPPluginJar : add lorawan
2025-07-04 09:50:44,157 [INFO] IPUIPlugin:80 - create IPUIPlugin
2025-07-04 09:50:44,157 [INFO] PluginManager:220 - loadIPPluginJar : add ltdc
2025-07-04 09:50:44,171 [INFO] IPUIPlugin:80 - create IPUIPlugin
2025-07-04 09:50:44,171 [INFO] PluginManager:220 - loadIPPluginJar : add mdma
2025-07-04 09:50:44,184 [INFO] IPUIPlugin:80 - create IPUIPlugin
2025-07-04 09:50:44,184 [INFO] PluginManager:220 - loadIPPluginJar : add nvic
2025-07-04 09:50:44,221 [INFO] IPUIPlugin:80 - create IPUIPlugin
2025-07-04 09:50:44,221 [INFO] PluginManager:220 - loadIPPluginJar : add opamp
2025-07-04 09:50:44,280 [INFO] IPUIPlugin:80 - create IPUIPlugin
2025-07-04 09:50:44,280 [INFO] PluginManager:220 - loadIPPluginJar : add openamp
2025-07-04 09:50:44,332 [INFO] IPUIPlugin:80 - create IPUIPlugin
2025-07-04 09:50:44,332 [INFO] PluginManager:220 - loadIPPluginJar : add pdm2pcm
2025-07-04 09:50:44,349 [INFO] IPUIPlugin:80 - create IPUIPlugin
2025-07-04 09:50:44,350 [INFO] PluginManager:220 - loadIPPluginJar : add plateformsettings
2025-07-04 09:50:44,380 [INFO] IPUIPlugin:80 - create IPUIPlugin
2025-07-04 09:50:44,380 [INFO] PluginManager:220 - loadIPPluginJar : add quadspi
2025-07-04 09:50:44,412 [INFO] IPUIPlugin:80 - create IPUIPlugin
2025-07-04 09:50:44,413 [INFO] PluginManager:220 - loadIPPluginJar : add radio
2025-07-04 09:50:44,428 [INFO] IPUIPlugin:80 - create IPUIPlugin
2025-07-04 09:50:44,428 [INFO] PluginManager:220 - loadIPPluginJar : add resmgrutility
2025-07-04 09:50:44,476 [INFO] IPUIPlugin:80 - create IPUIPlugin
2025-07-04 09:50:44,476 [INFO] PluginManager:220 - loadIPPluginJar : add sai
2025-07-04 09:50:44,521 [INFO] IPUIPlugin:80 - create IPUIPlugin
2025-07-04 09:50:44,521 [INFO] PluginManager:220 - loadIPPluginJar : add spi
2025-07-04 09:50:44,595 [INFO] IPUIPlugin:80 - create IPUIPlugin
2025-07-04 09:50:44,595 [INFO] PluginManager:220 - loadIPPluginJar : add stm32_wpan
2025-07-04 09:50:44,619 [INFO] IPUIPlugin:80 - create IPUIPlugin
2025-07-04 09:50:44,619 [INFO] PluginManager:220 - loadIPPluginJar : add tim
2025-07-04 09:50:44,674 [INFO] IPUIPlugin:80 - create IPUIPlugin
2025-07-04 09:50:44,674 [INFO] PluginManager:220 - loadIPPluginJar : add touchsensing
2025-07-04 09:50:44,697 [INFO] IPUIPlugin:80 - create IPUIPlugin
2025-07-04 09:50:44,698 [INFO] PluginManager:220 - loadIPPluginJar : add tracer_emb
2025-07-04 09:50:44,722 [INFO] IPUIPlugin:80 - create IPUIPlugin
2025-07-04 09:50:44,722 [INFO] PluginManager:220 - loadIPPluginJar : add ts
2025-07-04 09:50:44,759 [INFO] IPUIPlugin:80 - create IPUIPlugin
2025-07-04 09:50:44,759 [INFO] PluginManager:220 - loadIPPluginJar : add tsc
2025-07-04 09:50:44,781 [INFO] IPUIPlugin:80 - create IPUIPlugin
2025-07-04 09:50:44,781 [INFO] PluginManager:220 - loadIPPluginJar : add ucpd
2025-07-04 09:50:44,820 [INFO] IPUIPlugin:80 - create IPUIPlugin
2025-07-04 09:50:44,820 [INFO] PluginManager:220 - loadIPPluginJar : add usart
2025-07-04 09:50:44,860 [INFO] IPUIPlugin:80 - create IPUIPlugin
2025-07-04 09:50:44,860 [INFO] PluginManager:220 - loadIPPluginJar : add usbx
2025-07-04 09:50:44,979 [INFO] CADModel:165 - CPN selected for project level
2025-07-04 09:50:44,979 [INFO] CADModel:114 - Register for checkConnection events
2025-07-04 09:50:44,979 [FATAL] Updater:334 - Updater called before beeing initialized
2025-07-04 09:50:44,979 [ERROR] CADModel:125 - Updater not yet initialized, retry later 
2025-07-04 09:50:45,107 [INFO] CADModel:165 - CPN selected for project level
2025-07-04 09:50:45,107 [INFO] CADModel:114 - Register for checkConnection events
2025-07-04 09:50:45,107 [FATAL] Updater:334 - Updater called before beeing initialized
2025-07-04 09:50:45,107 [ERROR] CADModel:125 - Updater not yet initialized, retry later 
2025-07-04 09:50:45,110 [FATAL] Updater:334 - Updater called before beeing initialized
2025-07-04 09:50:45,195 [FATAL] Updater:334 - Updater called before beeing initialized
2025-07-04 09:50:45,206 [INFO] DbMcusAds:53 - JSON generation date=Thu Jun 19 17:32:34 KST 2025 (1750321954415)
2025-07-04 09:50:45,206 [FATAL] Updater:334 - Updater called before beeing initialized
2025-07-04 09:50:45,238 [WARN] DetailPanel:346 - Failed to get advertising image, set to default
2025-07-04 09:50:45,328 [FATAL] Updater:334 - Updater called before beeing initialized
2025-07-04 09:50:45,329 [FATAL] Updater:334 - Updater called before beeing initialized
2025-07-04 09:50:45,330 [FATAL] Updater:334 - Updater called before beeing initialized
2025-07-04 09:50:45,330 [WARN] DetailPanel:346 - Failed to get advertising image, set to default
2025-07-04 09:50:45,331 [FATAL] Updater:334 - Updater called before beeing initialized
2025-07-04 09:50:45,359 [INFO] ThirdPartyUpdaterWithRetryManager:70 - Updater plugin not ready yet. [2/15]
2025-07-04 09:50:45,420 [ERROR] Updater:1164 - MainUpdater not yet initialized. External WinMGr cannot be set.
2025-07-04 09:50:45,436 [INFO] Updater:1100 - Updater Version found : 6.12.1
2025-07-04 09:50:45,456 [INFO] ApplicationProperties:184 - Using Application install path: C:\ST\STM32CubeIDE_1.16.1\STM32CubeIDE\plugins\com.st.stm32cube.common.mx_6.12.1.202409122256
2025-07-04 09:50:46,333 [INFO] MainUpdater:2873 - connection check result : 10
2025-07-04 09:50:46,334 [INFO] MainUpdater:290 - Updater Check For Update Now.
2025-07-04 09:50:46,334 [INFO] MicroXplorer:498 - Change Database Version : DB.6.0.121
2025-07-04 09:50:46,353 [INFO] McuFinderGlobals:63 - Set McuFinder mode to 2 (CubeIDE integrated)
2025-07-04 09:50:46,363 [INFO] UserAuth:417 - Internet connection configuration mode: 1
2025-07-04 09:50:46,402 [INFO] JxBrowserEngine:152 - Initiate JxBrowser Engine with user profile folder
2025-07-04 09:50:46,544 [INFO] CheckServerUpdateThread:120 - End of CheckServer Thread
2025-07-04 09:50:48,883 [WARN] PackLoader:240 - Cannot read IP mode file for STMicroelectronics.FP-SNS-MOTENVWB1.1.4.0
2025-07-04 09:50:48,901 [WARN] PackLoader:240 - Cannot read IP mode file for STMicroelectronics.FP-ATR-ASTRA1.2.0.2
2025-07-04 09:50:48,915 [WARN] PackLoader:240 - Cannot read IP mode file for STMicroelectronics.FP-ATR-ASTRA1.2.0.1
2025-07-04 09:50:48,918 [INFO] WebApp:167 - Instantiating new browser for Auth
2025-07-04 09:50:48,937 [WARN] PackLoader:240 - Cannot read IP mode file for STMicroelectronics.X-CUBE-SMBUS.2.1.0
2025-07-04 09:50:48,960 [WARN] PackLoader:240 - Cannot read IP mode file for STMicroelectronics.X-CUBE-WB05N.1.1.0
2025-07-04 09:50:48,977 [ERROR] Engine:466 - C:\Users\RND1\.stm32cubemx\thirdparties\pdsc\STMicroelectronics.X-CUBE-ST60.1.0.0.pdsc: PDSC version is not supported
2025-07-04 09:50:48,997 [WARN] PackLoader:240 - Cannot read IP mode file for STMicroelectronics.X-CUBE-TOUCHGFX.4.23.0
2025-07-04 09:50:49,016 [WARN] PackLoader:240 - Cannot read IP mode file for STMicroelectronics.X-CUBE-TOUCHGFX.4.23.2
2025-07-04 09:50:49,054 [WARN] PackLoader:240 - Cannot read IP mode file for STMicroelectronics.X-CUBE-AZRTOS-F7.1.1.0
2025-07-04 09:50:49,082 [WARN] PackLoader:240 - Cannot read IP mode file for STMicroelectronics.FP-SNS-MOTENV1.4.3.2
2025-07-04 09:50:49,161 [WARN] PackLoader:240 - Cannot read IP mode file for STMicroelectronics.X-CUBE-MEMS1.11.0.0
2025-07-04 09:50:49,303 [WARN] PackLoader:240 - Cannot read IP mode file for STMicroelectronics.FP-SNS-FLIGHT1.5.0.2
2025-07-04 09:50:49,329 [WARN] PackLoader:240 - Cannot read IP mode file for STMicroelectronics.X-CUBE-DISPLAY.3.0.0
2025-07-04 09:50:49,351 [WARN] PackLoader:240 - Cannot read IP mode file for STMicroelectronics.X-CUBE-BLE1.7.0.0
2025-07-04 09:50:49,369 [WARN] PackLoader:240 - Cannot read IP mode file for STMicroelectronics.X-CUBE-NFC10.1.0.0
2025-07-04 09:50:49,393 [WARN] PackLoader:240 - Cannot read IP mode file for STMicroelectronics.X-CUBE-BLEMGR.4.0.0
2025-07-04 09:50:49,411 [WARN] PackLoader:240 - Cannot read IP mode file for emotas.I-CUBE-CANOPEN.1.3.0
2025-07-04 09:50:49,436 [WARN] PackLoader:240 - Cannot read IP mode file for STMicroelectronics.X-CUBE-BLEMGR.3.1.0
2025-07-04 09:50:49,462 [WARN] PackLoader:240 - Cannot read IP mode file for STMicroelectronics.X-CUBE-AI.10.0.0
2025-07-04 09:50:49,484 [WARN] PackLoader:240 - Cannot read IP mode file for STMicroelectronics.FP-SNS-SMARTAG2.1.2.0
2025-07-04 09:50:49,509 [ERROR] Engine:466 - C:\Users\RND1\.stm32cubemx\thirdparties\pdsc\STMicroelectronics.FP-SNS-FLIGHT1.5.1.0.pdsc: PDSC version is not supported
2025-07-04 09:50:49,562 [WARN] PackLoader:240 - Cannot read IP mode file for STMicroelectronics.X-CUBE-MEMS1.11.1.0
2025-07-04 09:50:49,652 [INFO] LogOutputStream:77 - [STDOUT_REDIRECT] 1 : Invalid condition id : UX_CORESTACK_Condition cause : null
2025-07-04 09:50:49,653 [INFO] LogOutputStream:77 - [STDOUT_REDIRECT] 1 : Invalid condition id : UX_CORESTACK_Condition cause : null
2025-07-04 09:50:49,654 [INFO] LogOutputStream:77 - [STDOUT_REDIRECT] 1 : Invalid condition id : UX_CORESTACK_Condition cause : null
2025-07-04 09:50:49,656 [INFO] LogOutputStream:77 - [STDOUT_REDIRECT] 1 : Invalid condition id : UX_CORESTACK_Condition cause : null
2025-07-04 09:50:49,657 [INFO] LogOutputStream:77 - [STDOUT_REDIRECT] 1 : Invalid condition id : UX_CORESTACK_Condition cause : null
2025-07-04 09:50:49,659 [WARN] PackLoader:240 - Cannot read IP mode file for STMicroelectronics.X-CUBE-AZRTOS-WL.2.0.0
2025-07-04 09:50:49,677 [WARN] PackLoader:240 - Cannot read IP mode file for STMicroelectronics.FP-SNS-MOTENV1.5.0.0
2025-07-04 09:50:49,694 [WARN] PackLoader:240 - Cannot read IP mode file for wolfSSL.I-CUBE-wolfMQTT.1.19.0
2025-07-04 09:50:49,712 [WARN] PackLoader:240 - Cannot read IP mode file for WES.I-CUBE-Cesium.1.3.0
2025-07-04 09:50:49,731 [WARN] PackLoader:240 - Cannot read IP mode file for STMicroelectronics.X-CUBE-BLE2.3.3.0
2025-07-04 09:50:49,753 [WARN] PackLoader:240 - Cannot read IP mode file for STMicroelectronics.X-CUBE-NFC9.1.0.0
2025-07-04 09:50:49,797 [WARN] PackLoader:240 - Cannot read IP mode file for STMicroelectronics.X-CUBE-BLE1.7.1.0
2025-07-04 09:50:49,812 [WARN] PackLoader:240 - Cannot read IP mode file for STMicroelectronics.X-CUBE-TCPP.4.1.0
2025-07-04 09:50:49,823 [WARN] PackLoader:240 - Cannot read IP mode file for STMicroelectronics.X-CUBE-AI.10.1.0
2025-07-04 09:50:49,835 [WARN] PackLoader:240 - Cannot read IP mode file for STMicroelectronics.X-CUBE-ALGOBUILD.1.3.0
2025-07-04 09:50:49,878 [WARN] PackLoader:240 - Cannot read IP mode file for STMicroelectronics.X-CUBE-MEMS1.11.2.0
2025-07-04 09:50:50,016 [WARN] PackLoader:240 - Cannot read IP mode file for STMicroelectronics.X-CUBE-AZRTOS-G0.1.1.0
2025-07-04 09:50:50,040 [WARN] PackLoader:240 - Cannot read IP mode file for STMicroelectronics.X-CUBE-SAFEA1.1.2.2
2025-07-04 09:50:50,062 [WARN] PackLoader:240 - Cannot read IP mode file for STMicroelectronics.X-CUBE-NFC4.3.0.0
2025-07-04 09:50:50,081 [WARN] PackLoader:240 - Cannot read IP mode file for wolfSSL.I-CUBE-wolfMQTT.1.18.0
2025-07-04 09:50:50,108 [WARN] PackLoader:240 - Cannot read IP mode file for EmbeddedOffice.I-CUBE-FS-RTOS.1.0.1
2025-07-04 09:50:50,109 [ERROR] ConditionMgr:805 - Attr not supported : Dmpu
2025-07-04 09:50:50,109 [ERROR] ConditionMgr:805 - Attr not supported : Dmpu
2025-07-04 09:50:50,109 [ERROR] ConditionMgr:805 - Attr not supported : Dmpu
2025-07-04 09:50:50,109 [ERROR] ConditionMgr:805 - Attr not supported : Dmpu
2025-07-04 09:50:50,110 [ERROR] ConditionMgr:805 - Attr not supported : Dmpu
2025-07-04 09:50:50,110 [ERROR] ConditionMgr:805 - Attr not supported : Dmpu
2025-07-04 09:50:50,110 [ERROR] ConditionMgr:805 - Attr not supported : Dmpu
2025-07-04 09:50:50,110 [ERROR] ConditionMgr:805 - Attr not supported : Dmpu
2025-07-04 09:50:50,110 [ERROR] ConditionMgr:805 - Attr not supported : Dmpu
2025-07-04 09:50:50,110 [ERROR] ConditionMgr:805 - Attr not supported : Dmpu
2025-07-04 09:50:50,111 [ERROR] ConditionMgr:805 - Attr not supported : Dmpu
2025-07-04 09:50:50,111 [ERROR] ConditionMgr:805 - Attr not supported : Dmpu
2025-07-04 09:50:50,111 [ERROR] ConditionMgr:805 - Attr not supported : Dmpu
2025-07-04 09:50:50,111 [ERROR] ConditionMgr:805 - Attr not supported : Dmpu
2025-07-04 09:50:50,111 [ERROR] ConditionMgr:805 - Attr not supported : Dmpu
2025-07-04 09:50:50,111 [ERROR] ConditionMgr:805 - Attr not supported : Dmpu
2025-07-04 09:50:50,111 [ERROR] ConditionMgr:805 - Attr not supported : Dmpu
2025-07-04 09:50:50,111 [ERROR] ConditionMgr:805 - Attr not supported : Dmpu
2025-07-04 09:50:50,111 [ERROR] ConditionMgr:805 - Attr not supported : Dmpu
2025-07-04 09:50:50,112 [ERROR] ConditionMgr:805 - Attr not supported : Dmpu
2025-07-04 09:50:50,112 [ERROR] ConditionMgr:805 - Attr not supported : Dmpu
2025-07-04 09:50:50,112 [ERROR] ConditionMgr:805 - Attr not supported : Dmpu
2025-07-04 09:50:50,112 [ERROR] ConditionMgr:805 - Attr not supported : Dmpu
2025-07-04 09:50:50,112 [ERROR] ConditionMgr:805 - Attr not supported : Dmpu
2025-07-04 09:50:50,112 [ERROR] ConditionMgr:805 - Attr not supported : Dmpu
2025-07-04 09:50:50,112 [ERROR] ConditionMgr:805 - Attr not supported : Dmpu
2025-07-04 09:50:50,112 [ERROR] ConditionMgr:805 - Attr not supported : Dmpu
2025-07-04 09:50:50,112 [ERROR] ConditionMgr:805 - Attr not supported : Dmpu
2025-07-04 09:50:50,113 [ERROR] ConditionMgr:805 - Attr not supported : Dmpu
2025-07-04 09:50:50,113 [ERROR] ConditionMgr:805 - Attr not supported : Dmpu
2025-07-04 09:50:50,113 [ERROR] ConditionMgr:805 - Attr not supported : Dmpu
2025-07-04 09:50:50,113 [ERROR] ConditionMgr:805 - Attr not supported : Dmpu
2025-07-04 09:50:50,113 [ERROR] ConditionMgr:805 - Attr not supported : Dmpu
2025-07-04 09:50:50,113 [ERROR] ConditionMgr:805 - Attr not supported : Dmpu
2025-07-04 09:50:50,113 [ERROR] ConditionMgr:805 - Attr not supported : Dmpu
2025-07-04 09:50:50,113 [ERROR] ConditionMgr:805 - Attr not supported : Dmpu
2025-07-04 09:50:50,113 [ERROR] ConditionMgr:805 - Attr not supported : Dmpu
2025-07-04 09:50:50,113 [ERROR] ConditionMgr:805 - Attr not supported : Dmpu
2025-07-04 09:50:50,114 [ERROR] ConditionMgr:805 - Attr not supported : Dmpu
2025-07-04 09:50:50,114 [ERROR] ConditionMgr:805 - Attr not supported : Dmpu
2025-07-04 09:50:50,114 [ERROR] ConditionMgr:805 - Attr not supported : Dmpu
2025-07-04 09:50:50,114 [ERROR] ConditionMgr:805 - Attr not supported : Dmpu
2025-07-04 09:50:50,114 [ERROR] ConditionMgr:805 - Attr not supported : Dmpu
2025-07-04 09:50:50,114 [ERROR] ConditionMgr:805 - Attr not supported : Dmpu
2025-07-04 09:50:50,114 [ERROR] ConditionMgr:805 - Attr not supported : Dmpu
2025-07-04 09:50:50,114 [ERROR] ConditionMgr:805 - Attr not supported : Dmpu
2025-07-04 09:50:50,114 [ERROR] ConditionMgr:805 - Attr not supported : Dmpu
2025-07-04 09:50:50,115 [ERROR] ConditionMgr:805 - Attr not supported : Dmpu
2025-07-04 09:50:50,115 [ERROR] ConditionMgr:805 - Attr not supported : Dmpu
2025-07-04 09:50:50,115 [ERROR] ConditionMgr:805 - Attr not supported : Dmpu
2025-07-04 09:50:50,115 [ERROR] ConditionMgr:805 - Attr not supported : Dmpu
2025-07-04 09:50:50,115 [ERROR] ConditionMgr:805 - Attr not supported : Dmpu
2025-07-04 09:50:50,115 [ERROR] ConditionMgr:805 - Attr not supported : Dmpu
2025-07-04 09:50:50,115 [ERROR] ConditionMgr:805 - Attr not supported : Dmpu
2025-07-04 09:50:50,116 [ERROR] ConditionMgr:805 - Attr not supported : Dmpu
2025-07-04 09:50:50,116 [ERROR] ConditionMgr:805 - Attr not supported : Dmpu
2025-07-04 09:50:50,116 [ERROR] ConditionMgr:805 - Attr not supported : Dmpu
2025-07-04 09:50:50,116 [ERROR] ConditionMgr:805 - Attr not supported : Dmpu
2025-07-04 09:50:50,116 [ERROR] ConditionMgr:805 - Attr not supported : Dmpu
2025-07-04 09:50:50,116 [ERROR] ConditionMgr:805 - Attr not supported : Dmpu
2025-07-04 09:50:50,116 [ERROR] ConditionMgr:805 - Attr not supported : Dmpu
2025-07-04 09:50:50,117 [ERROR] ConditionMgr:805 - Attr not supported : Dmpu
2025-07-04 09:50:50,117 [ERROR] ConditionMgr:805 - Attr not supported : Dmpu
2025-07-04 09:50:50,117 [ERROR] ConditionMgr:805 - Attr not supported : Dmpu
2025-07-04 09:50:50,138 [WARN] PackLoader:240 - Cannot read IP mode file for STMicroelectronics.X-CUBE-WB05N.2.0.0
2025-07-04 09:50:50,169 [WARN] PackLoader:240 - Cannot read IP mode file for STMicroelectronics.X-CUBE-BLEMGR.3.0.0
2025-07-04 09:50:50,188 [ERROR] Engine:466 - C:\Users\RND1\.stm32cubemx\thirdparties\pdsc\STMicroelectronics.X-CUBE-TCPP.4.2.0.pdsc: PDSC version is not supported
2025-07-04 09:50:50,207 [WARN] PackLoader:240 - Cannot read IP mode file for RealThread.X-CUBE-RT-Thread_Nano.4.1.1
2025-07-04 09:50:50,224 [WARN] PackLoader:240 - Cannot read IP mode file for STMicroelectronics.FP-ATR-SIGFOX1.3.2.0
2025-07-04 09:50:50,238 [WARN] ConditionMgr:438 - getConditionDescription Invalid condition id : Cortex-A Device cause : null
2025-07-04 09:50:50,268 [WARN] ConditionMgr:1039 - genDependencies : Invalid condition id : Cortex-A Device cause : null
2025-07-04 09:50:50,268 [WARN] ConditionMgr:1039 - genDependencies : Invalid condition id : Cortex-A Device cause : null
2025-07-04 09:50:50,268 [WARN] ConditionMgr:1039 - genDependencies : Invalid condition id : Cortex-A Device cause : null
2025-07-04 09:50:50,289 [WARN] PackLoader:240 - Cannot read IP mode file for STMicroelectronics.X-CUBE-EEPRMA1.5.1.0
2025-07-04 09:50:50,291 [INFO] WebApp:448 - Apply proxy settings
2025-07-04 09:50:50,299 [INFO] WebApp:493 - Chromium authenticates against Manually configured proxy
2025-07-04 09:50:50,309 [ERROR] Engine:466 - C:\Users\RND1\.stm32cubemx\thirdparties\pdsc\STMicroelectronics.X-CUBE-ST67W61.1.0.0.pdsc: PDSC version is not supported
2025-07-04 09:50:50,311 [INFO] WebApp:501 - Username used for proxy authentication: 
2025-07-04 09:50:50,346 [WARN] PackLoader:240 - Cannot read IP mode file for SEGGER.I-CUBE-embOS.1.3.1
2025-07-04 09:50:50,360 [INFO] WebApp:869 - Register for checkConnection events
2025-07-04 09:50:50,360 [INFO] WebApp:448 - Apply proxy settings
2025-07-04 09:50:50,366 [INFO] WebApp:493 - Chromium authenticates against Manually configured proxy
2025-07-04 09:50:50,367 [INFO] WebApp:501 - Username used for proxy authentication: 
2025-07-04 09:50:50,397 [WARN] PackLoader:240 - Cannot read IP mode file for STMicroelectronics.X-CUBE-ALGOBUILD.1.4.0
2025-07-04 09:50:50,449 [WARN] PackLoader:240 - Cannot read IP mode file for STMicroelectronics.X-CUBE-MEMS1.11.3.0
2025-07-04 09:50:50,545 [WARN] PackLoader:240 - Cannot read IP mode file for STMicroelectronics.X-CUBE-AI.9.1.0
2025-07-04 09:50:50,565 [WARN] PackLoader:240 - Cannot read IP mode file for STMicroelectronics.X-CUBE-PM33A1.1.0.0
2025-07-04 09:50:50,585 [WARN] PackLoader:240 - Cannot read IP mode file for STMicroelectronics.X-CUBE-GNSS1.6.0.0
2025-07-04 09:50:50,610 [INFO] WebApp:186 - Connection restablished
2025-07-04 09:50:50,616 [WARN] PackLoader:240 - Cannot read IP mode file for STMicroelectronics.X-CUBE-AZRTOS-F4.1.1.0
2025-07-04 09:50:50,636 [WARN] PackLoader:240 - Cannot read IP mode file for wolfSSL.I-CUBE-wolfSSL.5.6.4
2025-07-04 09:50:50,654 [ERROR] Engine:466 - C:\Users\RND1\.stm32cubemx\thirdparties\pdsc\Avnet-IotConnect.X-CUBE-IoTC-DA16k-PMOD.1.0.0.pdsc: PDSC version is not supported
2025-07-04 09:50:50,677 [WARN] PackLoader:240 - Cannot read IP mode file for STMicroelectronics.X-CUBE-ISPU.2.1.0
2025-07-04 09:50:50,697 [WARN] PackLoader:240 - Cannot read IP mode file for STMicroelectronics.X-CUBE-FREERTOS.1.2.0
2025-07-04 09:50:50,729 [WARN] PackLoader:240 - Cannot read IP mode file for STMicroelectronics.X-CUBE-AZRTOS-L5.2.0.0
2025-07-04 09:50:50,737 [INFO] WebApp:220 - Starting web application
2025-07-04 09:50:50,737 [INFO] WebApp:578 - Web application path used C:\ST\STM32CubeIDE_1.16.1\STM32CubeIDE\plugins\com.st.stm32cube.common.mx_6.12.1.202409122256\db\plugins\mcufinder\reactClient1\index.html
2025-07-04 09:50:50,752 [WARN] PackLoader:240 - Cannot read IP mode file for STMicroelectronics.X-CUBE-EEPRMA1.4.2.0
2025-07-04 09:50:50,777 [WARN] PackLoader:240 - Cannot read IP mode file for STMicroelectronics.X-CUBE-NFC6.3.1.0
2025-07-04 09:50:50,799 [WARN] PackLoader:240 - Cannot read IP mode file for ITTIA_DB.I-CUBE-ITTIADB.8.8.0
2025-07-04 09:50:50,819 [WARN] PackLoader:240 - Cannot read IP mode file for STMicroelectronics.X-CUBE-DPower.1.2.0
2025-07-04 09:50:50,835 [WARN] PackLoader:240 - Cannot read IP mode file for STMicroelectronics.X-CUBE-AI.9.0.0
2025-07-04 09:50:50,848 [WARN] PackLoader:240 - Cannot read IP mode file for STMicroelectronics.X-CUBE-FREERTOS.1.3.1
2025-07-04 09:50:50,862 [WARN] PackLoader:240 - Cannot read IP mode file for STMicroelectronics.X-CUBE-FREERTOS.1.3.0
2025-07-04 09:50:50,877 [WARN] PackLoader:240 - Cannot read IP mode file for STMicroelectronics.X-CUBE-NFC7.1.0.1
2025-07-04 09:50:50,885 [INFO] UserAuth:417 - Internet connection configuration mode: 1
2025-07-04 09:50:50,895 [WARN] PackLoader:240 - Cannot read IP mode file for STMicroelectronics.X-CUBE-NFC6.3.0.0
2025-07-04 09:50:50,910 [ERROR] Engine:466 - C:\Users\RND1\.stm32cubemx\thirdparties\pdsc\STMicroelectronics.FP-SNS-STAIOTCFT.1.0.0.pdsc: PDSC version is not supported
2025-07-04 09:50:50,929 [WARN] PackLoader:240 - Cannot read IP mode file for STMicroelectronics.X-CUBE-DPower.1.3.0
2025-07-04 09:50:50,946 [WARN] PackLoader:240 - Cannot read IP mode file for STMicroelectronics.X-CUBE-AI.8.1.0
2025-07-04 09:50:50,981 [WARN] ConditionMgr:438 - getConditionDescription Invalid condition id : LAN8742 Phy interface Condition cause : null
2025-07-04 09:50:50,982 [WARN] PackLoader:240 - Cannot read IP mode file for STMicroelectronics.X-CUBE-AZRTOS-L4.2.0.0
2025-07-04 09:50:50,984 [WARN] ConditionMgr:1039 - genDependencies : Invalid condition id : LAN8742 Phy interface Condition cause : null
2025-07-04 09:50:50,984 [WARN] ConditionMgr:1039 - genDependencies : Invalid condition id : LAN8742 Phy interface Condition cause : null
2025-07-04 09:50:50,985 [WARN] ConditionMgr:1039 - genDependencies : Invalid condition id : LAN8742 Phy interface Condition cause : null
2025-07-04 09:50:51,003 [WARN] PackLoader:240 - Cannot read IP mode file for STMicroelectronics.X-CUBE-SFXS2LP1.4.0.0
2025-07-04 09:50:51,035 [WARN] PackLoader:240 - Cannot read IP mode file for STMicroelectronics.X-CUBE-AZRTOS-H7.3.3.0
2025-07-04 09:50:51,057 [WARN] PackLoader:240 - Cannot read IP mode file for STMicroelectronics.X-CUBE-IPS.3.0.0
2025-07-04 09:50:51,082 [WARN] ConditionMgr:438 - getConditionDescription Invalid condition id : UX DEVICE CLASS RTOS Condition cause : null
2025-07-04 09:50:51,082 [WARN] ConditionMgr:438 - getConditionDescription Invalid condition id : UX DEVICE CLASS RTOS Condition cause : null
2025-07-04 09:50:51,083 [WARN] PackLoader:240 - Cannot read IP mode file for STMicroelectronics.X-CUBE-AZRTOS-WB.2.0.0
2025-07-04 09:50:51,084 [WARN] ConditionMgr:1039 - genDependencies : Invalid condition id : UX DEVICE CLASS RTOS Condition cause : null
2025-07-04 09:50:51,084 [WARN] ConditionMgr:1039 - genDependencies : Invalid condition id : UX DEVICE CLASS RTOS Condition cause : null
2025-07-04 09:50:51,084 [WARN] ConditionMgr:1039 - genDependencies : Invalid condition id : UX DEVICE CLASS RTOS Condition cause : null
2025-07-04 09:50:51,084 [WARN] ConditionMgr:1039 - genDependencies : Invalid condition id : UX DEVICE CLASS RTOS Condition cause : null
2025-07-04 09:50:51,084 [WARN] ConditionMgr:1039 - genDependencies : Invalid condition id : UX DEVICE CLASS RTOS Condition cause : null
2025-07-04 09:50:51,100 [WARN] PackLoader:240 - Cannot read IP mode file for STMicroelectronics.X-CUBE-GNSS1.7.0.0
2025-07-04 09:50:51,115 [WARN] PackLoader:240 - Cannot read IP mode file for STMicroelectronics.X-CUBE-GNSS1.7.0.1
2025-07-04 09:50:51,128 [WARN] PackLoader:240 - Cannot read IP mode file for STMicroelectronics.X-CUBE-TOUCHGFX.4.25.0
2025-07-04 09:50:51,145 [WARN] PackLoader:240 - Cannot read IP mode file for STMicroelectronics.FP-SNS-STBOX1.2.0.0
2025-07-04 09:50:51,166 [WARN] PackLoader:240 - Cannot read IP mode file for STMicroelectronics.X-CUBE-SUBG2.5.0.0
2025-07-04 09:50:51,198 [WARN] PackLoader:240 - Cannot read IP mode file for STMicroelectronics.X-CUBE-AZRTOS-H7RS.1.1.0
2025-07-04 09:50:51,221 [WARN] PackLoader:240 - Cannot read IP mode file for STMicroelectronics.X-CUBE-AZRTOS-G4.2.0.0
2025-07-04 09:50:51,245 [WARN] PackLoader:240 - Cannot read IP mode file for Infineon.AIROC-Wi-Fi-Bluetooth-STM32.1.5.1
2025-07-04 09:50:51,260 [WARN] PackLoader:240 - Cannot read IP mode file for STMicroelectronics.X-CUBE-NFC7.2.0.0
2025-07-04 09:50:51,272 [WARN] PackLoader:240 - Cannot read IP mode file for STMicroelectronics.FP-SNS-MOTENVWB1.1.3.1
2025-07-04 09:50:51,286 [WARN] PackLoader:240 - Cannot read IP mode file for STMicroelectronics.X-CUBE-ISPU.2.0.0
2025-07-04 09:50:51,300 [ERROR] Engine:466 - C:\Users\RND1\.stm32cubemx\thirdparties\pdsc\STMicroelectronics.X-CUBE-IPS.3.1.0.pdsc: PDSC version is not supported
2025-07-04 09:50:51,312 [WARN] PackLoader:240 - Cannot read IP mode file for STMicroelectronics.X-CUBE-ALS.1.0.2
2025-07-04 09:50:51,345 [WARN] PackLoader:240 - Cannot read IP mode file for STMicroelectronics.X-CUBE-MEMS1.10.0.0
2025-07-04 09:50:51,395 [WARN] PackLoader:240 - Cannot read IP mode file for STMicroelectronics.X-CUBE-FREERTOS.1.1.0
2025-07-04 09:50:51,408 [WARN] PackLoader:240 - Cannot read IP mode file for STMicroelectronics.X-CUBE-TOUCHGFX.4.24.0
2025-07-04 09:50:51,419 [WARN] PackLoader:240 - Cannot read IP mode file for STMicroelectronics.X-CUBE-TOUCHGFX.4.24.2
2025-07-04 09:50:51,432 [WARN] PackLoader:240 - Cannot read IP mode file for STMicroelectronics.X-CUBE-TOUCHGFX.4.24.1
2025-07-04 09:50:51,443 [WARN] PackLoader:240 - Cannot read IP mode file for wolfSSL.I-CUBE-wolfTPM.3.4.0
2025-07-04 09:50:51,455 [WARN] PackLoader:240 - Cannot read IP mode file for portGmbH.I-Cube-SoM-uGOAL.1.1.0
2025-07-04 09:50:51,466 [WARN] PackLoader:240 - Cannot read IP mode file for STMicroelectronics.X-CUBE-ALS.1.0.1
2025-07-04 09:50:51,486 [WARN] PackLoader:240 - Cannot read IP mode file for STMicroelectronics.X-CUBE-AZRTOS-H7RS.1.0.0
2025-07-04 09:50:51,498 [WARN] PackLoader:240 - Cannot read IP mode file for STMicroelectronics.FP-ATR-ASTRA1.2.0.0
2025-07-04 09:50:51,512 [WARN] PackLoader:240 - Cannot read IP mode file for STMicroelectronics.X-CUBE-TOF1.3.4.2
2025-07-04 09:50:51,529 [ERROR] Engine:466 - C:\Users\RND1\.stm32cubemx\thirdparties\pdsc\STMicroelectronics.X-CUBE-TOF1.3.4.3.pdsc: PDSC version is not supported
2025-07-04 09:50:51,542 [WARN] PackLoader:240 - Cannot read IP mode file for STMicroelectronics.X-CUBE-TOF1.3.4.0
2025-07-04 09:50:51,559 [WARN] PackLoader:240 - Cannot read IP mode file for STMicroelectronics.X-CUBE-TOF1.3.4.1
2025-07-04 09:50:51,580 [WARN] PackLoader:240 - Cannot read IP mode file for STMicroelectronics.X-CUBE-AZRTOS-H7.3.2.0
2025-07-04 09:50:51,592 [WARN] PackLoader:240 - Cannot read IP mode file for wolfSSL.I-CUBE-wolfSSH.1.4.17
2025-07-04 09:50:51,593 [INFO] ThirdParty:978 - Integrity check success = true
2025-07-04 09:50:51,593 [INFO] IntegrityCheckThread:100 - exiting critical section [integrity check]
2025-07-04 09:50:51,593 [INFO] IntegrityCheckThread:103 - End integrity checks thread
2025-07-04 09:51:05,729 [ERROR] LogOutputStream:75 - [STDERR_REDIRECT] 
