2024-11-26 09:31:30,078 [INFO] Activator:176 - 


2024-11-26 09:31:30,081 [INFO] Activator:177 - !SESSION log4j initialized
2024-11-26 09:31:34,106 [INFO] LogOutputStream:77 - [STDOUT_REDIRECT] 
2024-11-26 09:31:36,666 [INFO] ApplicationProperties:184 - Using Application install path: C:\ST\STM32CubeIDE_1.16.1\STM32CubeIDE\plugins\com.st.stm32cube.common.mx_6.12.1.202409122256
2024-11-26 09:31:36,680 [INFO] DbMcusXml:78 - Set database path to: C:\ST\STM32CubeIDE_1.16.1\STM32CubeIDE\plugins\com.st.stm32cube.common.mx_6.12.1.202409122256\\db\/mcu/
2024-11-26 09:31:36,680 [INFO] ApiDb:274 - Set plugin database path to: C:\ST\STM32CubeIDE_1.16.1\STM32CubeIDE\plugins\com.st.stm32cube.common.mx_6.12.1.202409122256\\db\/plugins/boardmanager/
2024-11-26 09:31:36,681 [WARN] ApiDb:259 - Overriding images path with different value:  => C:\ST\STM32CubeIDE_1.16.1\STM32CubeIDE\plugins\com.st.stm32cube.common.mx_6.12.1.202409122256\\db\/plugins/mcufinder/images/
2024-11-26 09:31:36,690 [INFO] ApiDb:250 - Set database path to: C:\Users\RND1\.stmcufinder\plugins\mcufinder//mcu/
2024-11-26 09:31:36,691 [INFO] DbMcusAds:125 - Set database path to: C:\Users\RND1\.stmcufinder\plugins\mcufinder//mcu/
2024-11-26 09:31:36,693 [INFO] CrossReferenceDbSqlite:203 - Set database path to: C:\Users\RND1\.stmcufinder\plugins\mcufinder//mcu/cs/
2024-11-26 09:31:36,775 [INFO] RulesReader:64 - Compatibility file has been processed (297 Rules)
2024-11-26 09:31:36,832 [INFO] DbMcusXml:78 - Set database path to: C:\ST\STM32CubeIDE_1.16.1\STM32CubeIDE\plugins\com.st.stm32cube.common.mx_6.12.1.202409122256\\db\/mcu/
2024-11-26 09:31:36,832 [INFO] ApiDb:274 - Set plugin database path to: C:\ST\STM32CubeIDE_1.16.1\STM32CubeIDE\plugins\com.st.stm32cube.common.mx_6.12.1.202409122256\\db\/plugins/boardmanager/
2024-11-26 09:31:36,832 [INFO] ApiDb:261 - Set plugin images path to: C:\ST\STM32CubeIDE_1.16.1\STM32CubeIDE\plugins\com.st.stm32cube.common.mx_6.12.1.202409122256\\db\/plugins/mcufinder/images/
2024-11-26 09:31:36,832 [WARN] DbFile:41 - Overriding database path with different value: C:\Users\RND1\.stmcufinder\plugins\mcufinder/ => C:\Users\RND1\.stmcufinder\plugins\mcufinder
2024-11-26 09:31:36,833 [INFO] ApiDb:250 - Set database path to: C:\Users\RND1\.stmcufinder\plugins\mcufinder//mcu/
2024-11-26 09:31:36,833 [WARN] DbFile:41 - Overriding database path with different value: C:\Users\RND1\.stmcufinder\plugins\mcufinder/ => C:\Users\RND1\.stmcufinder\plugins\mcufinder
2024-11-26 09:31:36,833 [INFO] DbMcusAds:125 - Set database path to: C:\Users\RND1\.stmcufinder\plugins\mcufinder//mcu/
2024-11-26 09:31:36,833 [WARN] DbFile:41 - Overriding database path with different value: C:\Users\RND1\.stmcufinder\plugins\mcufinder/ => C:\Users\RND1\.stmcufinder\plugins\mcufinder
2024-11-26 09:31:36,833 [WARN] DbFile:41 - Overriding database path with different value: C:\Users\RND1\.stmcufinder\plugins\mcufinder/ => C:\Users\RND1\.stmcufinder\plugins\mcufinder
2024-11-26 09:31:36,833 [INFO] CrossReferenceDbSqlite:203 - Set database path to: C:\Users\RND1\.stmcufinder\plugins\mcufinder//mcu/cs/
2024-11-26 09:31:36,922 [INFO] MainPanel:268 - HeapMemory: 268435456
2024-11-26 09:31:37,003 [INFO] DbMcusXml:78 - Set database path to: C:\ST\STM32CubeIDE_1.16.1\STM32CubeIDE\plugins\com.st.stm32cube.common.mx_6.12.1.202409122256\\db\/mcu/
2024-11-26 09:31:37,003 [INFO] ApiDb:274 - Set plugin database path to: C:\ST\STM32CubeIDE_1.16.1\STM32CubeIDE\plugins\com.st.stm32cube.common.mx_6.12.1.202409122256\\db\/plugins/boardmanager/
2024-11-26 09:31:37,003 [INFO] ApiDb:261 - Set plugin images path to: C:\ST\STM32CubeIDE_1.16.1\STM32CubeIDE\plugins\com.st.stm32cube.common.mx_6.12.1.202409122256\\db\/plugins/mcufinder/images/
2024-11-26 09:31:37,004 [WARN] DbFile:41 - Overriding database path with different value: C:\Users\RND1\.stmcufinder\plugins\mcufinder/ => C:\Users\RND1\.stmcufinder\plugins\mcufinder
2024-11-26 09:31:37,004 [INFO] ApiDb:250 - Set database path to: C:\Users\RND1\.stmcufinder\plugins\mcufinder//mcu/
2024-11-26 09:31:37,004 [WARN] DbFile:41 - Overriding database path with different value: C:\Users\RND1\.stmcufinder\plugins\mcufinder/ => C:\Users\RND1\.stmcufinder\plugins\mcufinder
2024-11-26 09:31:37,004 [INFO] DbMcusAds:125 - Set database path to: C:\Users\RND1\.stmcufinder\plugins\mcufinder//mcu/
2024-11-26 09:31:37,004 [WARN] DbFile:41 - Overriding database path with different value: C:\Users\RND1\.stmcufinder\plugins\mcufinder/ => C:\Users\RND1\.stmcufinder\plugins\mcufinder
2024-11-26 09:31:37,004 [WARN] DbFile:41 - Overriding database path with different value: C:\Users\RND1\.stmcufinder\plugins\mcufinder/ => C:\Users\RND1\.stmcufinder\plugins\mcufinder
2024-11-26 09:31:37,004 [INFO] CrossReferenceDbSqlite:203 - Set database path to: C:\Users\RND1\.stmcufinder\plugins\mcufinder//mcu/cs/
2024-11-26 09:31:37,016 [INFO] ApplicationProperties:184 - Using Application install path: C:\ST\STM32CubeIDE_1.16.1\STM32CubeIDE\plugins\com.st.stm32cube.common.mx_6.12.1.202409122256
2024-11-26 09:31:37,018 [INFO] PluginManage:196 - Search for loadable plugins [exclusion list=, ]
2024-11-26 09:31:37,019 [INFO] PluginManage:310 - Check plugin analytics
2024-11-26 09:31:37,146 [INFO] AnalyticsPlugin:253 - Accepted Software Licenses: STM32CubeMX.6.10.0
2024-11-26 09:31:37,146 [INFO] AnalyticsPlugin:255 - Accepted CMSIS Pack Licenses: 
2024-11-26 09:31:37,146 [INFO] AnalyticsPlugin:257 - Accepted Firmware Licenses: FW.G4.1.5.0,FW.G4.1.6.0
2024-11-26 09:31:37,148 [INFO] PluginManage:359 - Loaded plugin analytics (category:tool,tabindex:-1)
2024-11-26 09:31:37,148 [INFO] PluginManage:310 - Check plugin cadmodel
2024-11-26 09:31:37,160 [INFO] CADModel:105 - Init CAD model plugin
2024-11-26 09:31:37,160 [INFO] PluginManage:359 - Loaded plugin cadmodel (category:power,tabindex:5)
2024-11-26 09:31:37,160 [INFO] PluginManage:310 - Check plugin clock
2024-11-26 09:31:37,175 [INFO] PluginManage:359 - Loaded plugin clock (category:base,tabindex:2)
2024-11-26 09:31:37,175 [INFO] PluginManage:310 - Check plugin ddr
2024-11-26 09:31:37,177 [INFO] PluginManage:359 - Loaded plugin ddr (category:tool,tabindex:6)
2024-11-26 09:31:37,177 [INFO] PluginManage:310 - Check plugin filemanager
2024-11-26 09:31:37,286 [INFO] PluginManage:359 - Loaded plugin filemanager (category:base,tabindex:10)
2024-11-26 09:31:37,287 [INFO] PluginManage:310 - Check plugin ipmanager
2024-11-26 09:31:37,292 [INFO] PluginManage:359 - Loaded plugin ipmanager (category:base,tabindex:5)
2024-11-26 09:31:37,292 [INFO] PluginManage:310 - Check plugin lpbam
2024-11-26 09:31:37,306 [INFO] PluginManage:359 - Loaded plugin lpbam (category:base,tabindex:0)
2024-11-26 09:31:37,306 [INFO] PluginManage:310 - Check plugin memorymap
2024-11-26 09:31:37,324 [INFO] PluginManage:359 - Loaded plugin memorymap (category:base,tabindex:4)
2024-11-26 09:31:37,324 [INFO] PluginManage:310 - Check plugin pinoutandconfiguration
2024-11-26 09:31:37,337 [INFO] PluginManage:359 - Loaded plugin pinoutandconfiguration (category:base,tabindex:1)
2024-11-26 09:31:37,337 [INFO] PluginManage:310 - Check plugin pinoutconfig
2024-11-26 09:31:37,402 [WARN] SupportedApi:132 - Cannot load RTOS API schema: s4s-elt-must-match.1: The content of 'definitions' must match (annotation?, (simpleType | complexType)?, (unique | key | keyref)*)). A problem was found starting at: attribute.
2024-11-26 09:31:37,492 [INFO] PluginManage:359 - Loaded plugin pinoutconfig (category:base,tabindex:0)
2024-11-26 09:31:37,492 [INFO] PluginManage:310 - Check plugin power
2024-11-26 09:31:37,507 [INFO] PluginManage:359 - Loaded plugin power (category:power,tabindex:4)
2024-11-26 09:31:37,507 [INFO] PluginManage:310 - Check plugin projectmanager
2024-11-26 09:31:37,518 [INFO] PluginManage:359 - Loaded plugin projectmanager (category:projectmanager,tabindex:4)
2024-11-26 09:31:37,519 [INFO] PluginManage:310 - Check plugin rif
2024-11-26 09:31:37,530 [INFO] PluginManage:359 - Loaded plugin rif (category:base,tabindex:3)
2024-11-26 09:31:37,530 [INFO] PluginManage:310 - Check plugin thirdparty
2024-11-26 09:31:37,719 [INFO] PluginManage:359 - Loaded plugin thirdparty (category:base,tabindex:-1)
2024-11-26 09:31:37,719 [INFO] PluginManage:310 - Check plugin tools
2024-11-26 09:31:37,719 [WARN] IntegrityCheckThread:84 - waiting for thirdparty lock release [integrity check]
2024-11-26 09:31:37,719 [INFO] IntegrityCheckThread:86 - entering critical section [integrity check]
2024-11-26 09:31:37,720 [INFO] ThirdPartyUpdaterWithRetryManager:70 - Updater plugin not ready yet. [1/15]
2024-11-26 09:31:37,744 [INFO] PluginManage:359 - Loaded plugin tools (category:base,tabindex:7)
2024-11-26 09:31:37,744 [INFO] PluginManage:310 - Check plugin tutovideos
2024-11-26 09:31:37,868 [INFO] PluginManage:359 - Loaded plugin tutovideos (category:base,tabindex:-1)
2024-11-26 09:31:37,868 [INFO] PluginManage:310 - Check plugin updater
2024-11-26 09:31:37,880 [INFO] PluginManage:359 - Loaded plugin updater (category:base,tabindex:12)
2024-11-26 09:31:37,880 [INFO] PluginManage:310 - Check plugin userauth
2024-11-26 09:31:37,885 [INFO] UserAuth:113 - Init User Auth plugin
2024-11-26 09:31:37,885 [INFO] PluginManage:359 - Loaded plugin userauth (category:base,tabindex:14)
2024-11-26 09:31:37,886 [INFO] PluginManage:283 - PluginManage : Loaded plugins [18]
2024-11-26 09:31:38,028 [INFO] PinOutPanel:1561 - setPackage(No Configuration,No Configuration)
2024-11-26 09:31:38,088 [INFO] CADModel:165 - CPN selected for project level
2024-11-26 09:31:38,088 [INFO] CADModel:114 - Register for checkConnection events
2024-11-26 09:31:38,106 [INFO] IPUIPlugin:80 - create IPUIPlugin
2024-11-26 09:31:38,106 [INFO] PluginManager:220 - loadIPPluginJar : add adc
2024-11-26 09:31:38,132 [INFO] IPUIPlugin:80 - create IPUIPlugin
2024-11-26 09:31:38,132 [INFO] PluginManager:220 - loadIPPluginJar : add aes
2024-11-26 09:31:38,160 [INFO] IPUIPlugin:80 - create IPUIPlugin
2024-11-26 09:31:38,160 [INFO] PluginManager:220 - loadIPPluginJar : add can
2024-11-26 09:31:38,176 [INFO] IPUIPlugin:80 - create IPUIPlugin
2024-11-26 09:31:38,176 [INFO] PluginManager:220 - loadIPPluginJar : add comp
2024-11-26 09:31:38,198 [INFO] IPUIPlugin:80 - create IPUIPlugin
2024-11-26 09:31:38,198 [INFO] PluginManager:220 - loadIPPluginJar : add cryp
2024-11-26 09:31:38,208 [INFO] IPUIPlugin:80 - create IPUIPlugin
2024-11-26 09:31:38,208 [INFO] PluginManager:220 - loadIPPluginJar : add ddr_ctrl_phy
2024-11-26 09:31:38,228 [INFO] IPUIPlugin:80 - create IPUIPlugin
2024-11-26 09:31:38,229 [INFO] PluginManager:220 - loadIPPluginJar : add dfsdm
2024-11-26 09:31:38,238 [INFO] IPUIPlugin:80 - create IPUIPlugin
2024-11-26 09:31:38,238 [INFO] PluginManager:220 - loadIPPluginJar : add dma
2024-11-26 09:31:38,266 [INFO] IPUIPlugin:80 - create IPUIPlugin
2024-11-26 09:31:38,266 [INFO] PluginManager:220 - loadIPPluginJar : add dma3
2024-11-26 09:31:38,295 [INFO] IPUIPlugin:80 - create IPUIPlugin
2024-11-26 09:31:38,296 [INFO] PluginManager:220 - loadIPPluginJar : add extmemmanager
2024-11-26 09:31:38,310 [INFO] IPUIPlugin:80 - create IPUIPlugin
2024-11-26 09:31:38,310 [INFO] PluginManager:220 - loadIPPluginJar : add fatfs
2024-11-26 09:31:38,341 [INFO] IPUIPlugin:80 - create IPUIPlugin
2024-11-26 09:31:38,341 [INFO] PluginManager:220 - loadIPPluginJar : add fmc
2024-11-26 09:31:38,353 [INFO] IPUIPlugin:80 - create IPUIPlugin
2024-11-26 09:31:38,353 [INFO] PluginManager:220 - loadIPPluginJar : add freertos
2024-11-26 09:31:38,366 [INFO] IPUIPlugin:80 - create IPUIPlugin
2024-11-26 09:31:38,366 [INFO] PluginManager:220 - loadIPPluginJar : add genericplugin
2024-11-26 09:31:38,424 [INFO] IPUIPlugin:80 - create IPUIPlugin
2024-11-26 09:31:38,424 [INFO] PluginManager:220 - loadIPPluginJar : add gfxmmu
2024-11-26 09:31:38,506 [INFO] IPUIPlugin:80 - create IPUIPlugin
2024-11-26 09:31:38,506 [INFO] PluginManager:220 - loadIPPluginJar : add gic
2024-11-26 09:31:38,514 [INFO] IPUIPlugin:80 - create IPUIPlugin
2024-11-26 09:31:38,515 [INFO] PluginManager:220 - loadIPPluginJar : add gpio
2024-11-26 09:31:38,574 [INFO] IPUIPlugin:80 - create IPUIPlugin
2024-11-26 09:31:38,574 [INFO] PluginManager:220 - loadIPPluginJar : add gtzc
2024-11-26 09:31:38,596 [INFO] IPUIPlugin:80 - create IPUIPlugin
2024-11-26 09:31:38,596 [INFO] PluginManager:220 - loadIPPluginJar : add hash
2024-11-26 09:31:38,630 [INFO] IPUIPlugin:80 - create IPUIPlugin
2024-11-26 09:31:38,630 [INFO] PluginManager:220 - loadIPPluginJar : add i2c
2024-11-26 09:31:38,655 [INFO] IPUIPlugin:80 - create IPUIPlugin
2024-11-26 09:31:38,656 [INFO] PluginManager:220 - loadIPPluginJar : add i2s
2024-11-26 09:31:38,682 [INFO] IPUIPlugin:80 - create IPUIPlugin
2024-11-26 09:31:38,682 [INFO] PluginManager:220 - loadIPPluginJar : add i3c
2024-11-26 09:31:38,746 [INFO] IPUIPlugin:80 - create IPUIPlugin
2024-11-26 09:31:38,746 [INFO] PluginManager:220 - loadIPPluginJar : add ipddr
2024-11-26 09:31:38,807 [INFO] IPUIPlugin:80 - create IPUIPlugin
2024-11-26 09:31:38,807 [INFO] PluginManager:220 - loadIPPluginJar : add linkedlist
2024-11-26 09:31:38,830 [INFO] IPUIPlugin:80 - create IPUIPlugin
2024-11-26 09:31:38,831 [INFO] PluginManager:220 - loadIPPluginJar : add lorawan
2024-11-26 09:31:38,854 [INFO] IPUIPlugin:80 - create IPUIPlugin
2024-11-26 09:31:38,854 [INFO] PluginManager:220 - loadIPPluginJar : add ltdc
2024-11-26 09:31:38,864 [INFO] IPUIPlugin:80 - create IPUIPlugin
2024-11-26 09:31:38,864 [INFO] PluginManager:220 - loadIPPluginJar : add mdma
2024-11-26 09:31:38,873 [INFO] IPUIPlugin:80 - create IPUIPlugin
2024-11-26 09:31:38,873 [INFO] PluginManager:220 - loadIPPluginJar : add nvic
2024-11-26 09:31:38,901 [INFO] IPUIPlugin:80 - create IPUIPlugin
2024-11-26 09:31:38,901 [INFO] PluginManager:220 - loadIPPluginJar : add opamp
2024-11-26 09:31:38,946 [INFO] IPUIPlugin:80 - create IPUIPlugin
2024-11-26 09:31:38,946 [INFO] PluginManager:220 - loadIPPluginJar : add openamp
2024-11-26 09:31:38,977 [INFO] IPUIPlugin:80 - create IPUIPlugin
2024-11-26 09:31:38,977 [INFO] PluginManager:220 - loadIPPluginJar : add pdm2pcm
2024-11-26 09:31:38,985 [INFO] IPUIPlugin:80 - create IPUIPlugin
2024-11-26 09:31:38,986 [INFO] PluginManager:220 - loadIPPluginJar : add plateformsettings
2024-11-26 09:31:39,003 [INFO] IPUIPlugin:80 - create IPUIPlugin
2024-11-26 09:31:39,003 [INFO] PluginManager:220 - loadIPPluginJar : add quadspi
2024-11-26 09:31:39,019 [INFO] IPUIPlugin:80 - create IPUIPlugin
2024-11-26 09:31:39,020 [INFO] PluginManager:220 - loadIPPluginJar : add radio
2024-11-26 09:31:39,028 [INFO] IPUIPlugin:80 - create IPUIPlugin
2024-11-26 09:31:39,029 [INFO] PluginManager:220 - loadIPPluginJar : add resmgrutility
2024-11-26 09:31:39,059 [INFO] IPUIPlugin:80 - create IPUIPlugin
2024-11-26 09:31:39,059 [INFO] PluginManager:220 - loadIPPluginJar : add sai
2024-11-26 09:31:39,084 [INFO] IPUIPlugin:80 - create IPUIPlugin
2024-11-26 09:31:39,084 [INFO] PluginManager:220 - loadIPPluginJar : add spi
2024-11-26 09:31:39,133 [INFO] IPUIPlugin:80 - create IPUIPlugin
2024-11-26 09:31:39,133 [INFO] PluginManager:220 - loadIPPluginJar : add stm32_wpan
2024-11-26 09:31:39,148 [INFO] IPUIPlugin:80 - create IPUIPlugin
2024-11-26 09:31:39,149 [INFO] PluginManager:220 - loadIPPluginJar : add tim
2024-11-26 09:31:39,188 [INFO] IPUIPlugin:80 - create IPUIPlugin
2024-11-26 09:31:39,188 [INFO] PluginManager:220 - loadIPPluginJar : add touchsensing
2024-11-26 09:31:39,203 [INFO] IPUIPlugin:80 - create IPUIPlugin
2024-11-26 09:31:39,203 [INFO] PluginManager:220 - loadIPPluginJar : add tracer_emb
2024-11-26 09:31:39,219 [INFO] IPUIPlugin:80 - create IPUIPlugin
2024-11-26 09:31:39,219 [INFO] PluginManager:220 - loadIPPluginJar : add ts
2024-11-26 09:31:39,233 [INFO] IPUIPlugin:80 - create IPUIPlugin
2024-11-26 09:31:39,233 [INFO] PluginManager:220 - loadIPPluginJar : add tsc
2024-11-26 09:31:39,247 [INFO] IPUIPlugin:80 - create IPUIPlugin
2024-11-26 09:31:39,247 [INFO] PluginManager:220 - loadIPPluginJar : add ucpd
2024-11-26 09:31:39,276 [INFO] IPUIPlugin:80 - create IPUIPlugin
2024-11-26 09:31:39,277 [INFO] PluginManager:220 - loadIPPluginJar : add usart
2024-11-26 09:31:39,302 [INFO] IPUIPlugin:80 - create IPUIPlugin
2024-11-26 09:31:39,302 [INFO] PluginManager:220 - loadIPPluginJar : add usbx
2024-11-26 09:31:39,409 [INFO] CADModel:165 - CPN selected for project level
2024-11-26 09:31:39,409 [INFO] CADModel:114 - Register for checkConnection events
2024-11-26 09:31:39,409 [FATAL] Updater:334 - Updater called before beeing initialized
2024-11-26 09:31:39,409 [ERROR] CADModel:125 - Updater not yet initialized, retry later 
2024-11-26 09:31:39,489 [INFO] CADModel:165 - CPN selected for project level
2024-11-26 09:31:39,489 [INFO] CADModel:114 - Register for checkConnection events
2024-11-26 09:31:39,489 [FATAL] Updater:334 - Updater called before beeing initialized
2024-11-26 09:31:39,489 [ERROR] CADModel:125 - Updater not yet initialized, retry later 
2024-11-26 09:31:39,492 [FATAL] Updater:334 - Updater called before beeing initialized
2024-11-26 09:31:39,558 [FATAL] Updater:334 - Updater called before beeing initialized
2024-11-26 09:31:39,568 [INFO] DbMcusAds:53 - JSON generation date=Fri Sep 20 22:04:38 KST 2024 (1726837478367)
2024-11-26 09:31:39,568 [FATAL] Updater:334 - Updater called before beeing initialized
2024-11-26 09:31:39,593 [WARN] DetailPanel:346 - Failed to get advertising image, set to default
2024-11-26 09:31:39,658 [FATAL] Updater:334 - Updater called before beeing initialized
2024-11-26 09:31:39,659 [FATAL] Updater:334 - Updater called before beeing initialized
2024-11-26 09:31:39,659 [FATAL] Updater:334 - Updater called before beeing initialized
2024-11-26 09:31:39,659 [WARN] DetailPanel:346 - Failed to get advertising image, set to default
2024-11-26 09:31:39,659 [FATAL] Updater:334 - Updater called before beeing initialized
2024-11-26 09:31:39,698 [ERROR] Updater:1164 - MainUpdater not yet initialized. External WinMGr cannot be set.
2024-11-26 09:31:39,706 [INFO] Updater:1100 - Updater Version found : 6.12.1
2024-11-26 09:31:39,722 [INFO] ApplicationProperties:184 - Using Application install path: C:\ST\STM32CubeIDE_1.16.1\STM32CubeIDE\plugins\com.st.stm32cube.common.mx_6.12.1.202409122256
2024-11-26 09:31:40,722 [INFO] ThirdPartyUpdaterWithRetryManager:70 - Updater plugin not ready yet. [2/15]
2024-11-26 09:31:40,851 [INFO] MainUpdater:2873 - connection check result : 10
2024-11-26 09:31:40,852 [INFO] MainUpdater:290 - Updater Check For Update Now.
2024-11-26 09:31:40,852 [INFO] MicroXplorer:498 - Change Database Version : DB.6.0.121
2024-11-26 09:31:40,863 [INFO] McuFinderGlobals:63 - Set McuFinder mode to 2 (CubeIDE integrated)
2024-11-26 09:31:40,871 [INFO] UserAuth:417 - Internet connection configuration mode: 1
2024-11-26 09:31:40,891 [INFO] JxBrowserEngine:152 - Initiate JxBrowser Engine with user profile folder
2024-11-26 09:31:41,048 [INFO] CheckServerUpdateThread:120 - End of CheckServer Thread
2024-11-26 09:31:43,885 [WARN] PackLoader:240 - Cannot read IP mode file for STMicroelectronics.FP-SNS-MOTENVWB1.1.4.0
2024-11-26 09:31:43,896 [WARN] PackLoader:240 - Cannot read IP mode file for STMicroelectronics.FP-ATR-ASTRA1.2.0.1
2024-11-26 09:31:43,906 [WARN] PackLoader:240 - Cannot read IP mode file for STMicroelectronics.X-CUBE-SMBUS.2.1.0
2024-11-26 09:31:43,918 [WARN] PackLoader:240 - Cannot read IP mode file for STMicroelectronics.X-CUBE-WB05N.1.1.0
2024-11-26 09:31:43,929 [WARN] PackLoader:240 - Cannot read IP mode file for STMicroelectronics.X-CUBE-TOUCHGFX.4.23.0
2024-11-26 09:31:43,937 [WARN] PackLoader:240 - Cannot read IP mode file for STMicroelectronics.X-CUBE-TOUCHGFX.4.23.2
2024-11-26 09:31:43,967 [WARN] PackLoader:240 - Cannot read IP mode file for STMicroelectronics.X-CUBE-AZRTOS-F7.1.1.0
2024-11-26 09:31:43,980 [WARN] PackLoader:240 - Cannot read IP mode file for STMicroelectronics.FP-SNS-MOTENV1.4.3.2
2024-11-26 09:31:44,032 [WARN] PackLoader:240 - Cannot read IP mode file for STMicroelectronics.X-CUBE-MEMS1.11.0.0
2024-11-26 09:31:44,109 [WARN] PackLoader:240 - Cannot read IP mode file for STMicroelectronics.FP-SNS-FLIGHT1.5.0.2
2024-11-26 09:31:44,122 [WARN] PackLoader:240 - Cannot read IP mode file for STMicroelectronics.X-CUBE-DISPLAY.3.0.0
2024-11-26 09:31:44,134 [WARN] PackLoader:240 - Cannot read IP mode file for STMicroelectronics.X-CUBE-BLE1.7.0.0
2024-11-26 09:31:44,145 [WARN] PackLoader:240 - Cannot read IP mode file for STMicroelectronics.X-CUBE-NFC10.1.0.0
2024-11-26 09:31:44,158 [WARN] PackLoader:240 - Cannot read IP mode file for emotas.I-CUBE-CANOPEN.1.3.0
2024-11-26 09:31:44,174 [WARN] PackLoader:240 - Cannot read IP mode file for STMicroelectronics.X-CUBE-BLEMGR.3.1.0
2024-11-26 09:31:44,185 [WARN] PackLoader:240 - Cannot read IP mode file for STMicroelectronics.FP-SNS-SMARTAG2.1.2.0
2024-11-26 09:31:44,202 [INFO] LogOutputStream:77 - [STDOUT_REDIRECT] 1 : Invalid condition id : UX_CORESTACK_Condition cause : null
2024-11-26 09:31:44,202 [INFO] LogOutputStream:77 - [STDOUT_REDIRECT] 1 : Invalid condition id : UX_CORESTACK_Condition cause : null
2024-11-26 09:31:44,203 [INFO] LogOutputStream:77 - [STDOUT_REDIRECT] 1 : Invalid condition id : UX_CORESTACK_Condition cause : null
2024-11-26 09:31:44,204 [INFO] LogOutputStream:77 - [STDOUT_REDIRECT] 1 : Invalid condition id : UX_CORESTACK_Condition cause : null
2024-11-26 09:31:44,205 [INFO] LogOutputStream:77 - [STDOUT_REDIRECT] 1 : Invalid condition id : UX_CORESTACK_Condition cause : null
2024-11-26 09:31:44,206 [WARN] PackLoader:240 - Cannot read IP mode file for STMicroelectronics.X-CUBE-AZRTOS-WL.2.0.0
2024-11-26 09:31:44,218 [WARN] PackLoader:240 - Cannot read IP mode file for STMicroelectronics.FP-SNS-MOTENV1.5.0.0
2024-11-26 09:31:44,230 [WARN] PackLoader:240 - Cannot read IP mode file for wolfSSL.I-CUBE-wolfMQTT.1.19.0
2024-11-26 09:31:44,242 [WARN] PackLoader:240 - Cannot read IP mode file for WES.I-CUBE-Cesium.1.3.0
2024-11-26 09:31:44,254 [WARN] PackLoader:240 - Cannot read IP mode file for STMicroelectronics.X-CUBE-BLE2.3.3.0
2024-11-26 09:31:44,267 [WARN] PackLoader:240 - Cannot read IP mode file for STMicroelectronics.X-CUBE-NFC9.1.0.0
2024-11-26 09:31:44,279 [WARN] PackLoader:240 - Cannot read IP mode file for STMicroelectronics.X-CUBE-TCPP.4.1.0
2024-11-26 09:31:44,291 [WARN] PackLoader:240 - Cannot read IP mode file for STMicroelectronics.X-CUBE-ALGOBUILD.1.3.0
2024-11-26 09:31:44,318 [WARN] PackLoader:240 - Cannot read IP mode file for STMicroelectronics.X-CUBE-AZRTOS-G0.1.1.0
2024-11-26 09:31:44,336 [WARN] PackLoader:240 - Cannot read IP mode file for STMicroelectronics.X-CUBE-SAFEA1.1.2.2
2024-11-26 09:31:44,362 [WARN] PackLoader:240 - Cannot read IP mode file for STMicroelectronics.X-CUBE-NFC4.3.0.0
2024-11-26 09:31:44,376 [WARN] PackLoader:240 - Cannot read IP mode file for wolfSSL.I-CUBE-wolfMQTT.1.18.0
2024-11-26 09:31:44,399 [WARN] PackLoader:240 - Cannot read IP mode file for EmbeddedOffice.I-CUBE-FS-RTOS.1.0.1
2024-11-26 09:31:44,399 [ERROR] ConditionMgr:805 - Attr not supported : Dmpu
2024-11-26 09:31:44,399 [ERROR] ConditionMgr:805 - Attr not supported : Dmpu
2024-11-26 09:31:44,399 [ERROR] ConditionMgr:805 - Attr not supported : Dmpu
2024-11-26 09:31:44,399 [ERROR] ConditionMgr:805 - Attr not supported : Dmpu
2024-11-26 09:31:44,399 [ERROR] ConditionMgr:805 - Attr not supported : Dmpu
2024-11-26 09:31:44,399 [ERROR] ConditionMgr:805 - Attr not supported : Dmpu
2024-11-26 09:31:44,399 [ERROR] ConditionMgr:805 - Attr not supported : Dmpu
2024-11-26 09:31:44,399 [ERROR] ConditionMgr:805 - Attr not supported : Dmpu
2024-11-26 09:31:44,399 [ERROR] ConditionMgr:805 - Attr not supported : Dmpu
2024-11-26 09:31:44,400 [ERROR] ConditionMgr:805 - Attr not supported : Dmpu
2024-11-26 09:31:44,400 [ERROR] ConditionMgr:805 - Attr not supported : Dmpu
2024-11-26 09:31:44,400 [ERROR] ConditionMgr:805 - Attr not supported : Dmpu
2024-11-26 09:31:44,400 [ERROR] ConditionMgr:805 - Attr not supported : Dmpu
2024-11-26 09:31:44,400 [ERROR] ConditionMgr:805 - Attr not supported : Dmpu
2024-11-26 09:31:44,400 [ERROR] ConditionMgr:805 - Attr not supported : Dmpu
2024-11-26 09:31:44,400 [ERROR] ConditionMgr:805 - Attr not supported : Dmpu
2024-11-26 09:31:44,400 [ERROR] ConditionMgr:805 - Attr not supported : Dmpu
2024-11-26 09:31:44,400 [ERROR] ConditionMgr:805 - Attr not supported : Dmpu
2024-11-26 09:31:44,400 [ERROR] ConditionMgr:805 - Attr not supported : Dmpu
2024-11-26 09:31:44,400 [ERROR] ConditionMgr:805 - Attr not supported : Dmpu
2024-11-26 09:31:44,400 [ERROR] ConditionMgr:805 - Attr not supported : Dmpu
2024-11-26 09:31:44,400 [ERROR] ConditionMgr:805 - Attr not supported : Dmpu
2024-11-26 09:31:44,400 [ERROR] ConditionMgr:805 - Attr not supported : Dmpu
2024-11-26 09:31:44,400 [ERROR] ConditionMgr:805 - Attr not supported : Dmpu
2024-11-26 09:31:44,400 [ERROR] ConditionMgr:805 - Attr not supported : Dmpu
2024-11-26 09:31:44,400 [ERROR] ConditionMgr:805 - Attr not supported : Dmpu
2024-11-26 09:31:44,400 [ERROR] ConditionMgr:805 - Attr not supported : Dmpu
2024-11-26 09:31:44,400 [ERROR] ConditionMgr:805 - Attr not supported : Dmpu
2024-11-26 09:31:44,401 [ERROR] ConditionMgr:805 - Attr not supported : Dmpu
2024-11-26 09:31:44,401 [ERROR] ConditionMgr:805 - Attr not supported : Dmpu
2024-11-26 09:31:44,401 [ERROR] ConditionMgr:805 - Attr not supported : Dmpu
2024-11-26 09:31:44,401 [ERROR] ConditionMgr:805 - Attr not supported : Dmpu
2024-11-26 09:31:44,401 [ERROR] ConditionMgr:805 - Attr not supported : Dmpu
2024-11-26 09:31:44,401 [ERROR] ConditionMgr:805 - Attr not supported : Dmpu
2024-11-26 09:31:44,401 [ERROR] ConditionMgr:805 - Attr not supported : Dmpu
2024-11-26 09:31:44,401 [ERROR] ConditionMgr:805 - Attr not supported : Dmpu
2024-11-26 09:31:44,401 [ERROR] ConditionMgr:805 - Attr not supported : Dmpu
2024-11-26 09:31:44,401 [ERROR] ConditionMgr:805 - Attr not supported : Dmpu
2024-11-26 09:31:44,401 [ERROR] ConditionMgr:805 - Attr not supported : Dmpu
2024-11-26 09:31:44,401 [ERROR] ConditionMgr:805 - Attr not supported : Dmpu
2024-11-26 09:31:44,401 [ERROR] ConditionMgr:805 - Attr not supported : Dmpu
2024-11-26 09:31:44,401 [ERROR] ConditionMgr:805 - Attr not supported : Dmpu
2024-11-26 09:31:44,401 [ERROR] ConditionMgr:805 - Attr not supported : Dmpu
2024-11-26 09:31:44,401 [ERROR] ConditionMgr:805 - Attr not supported : Dmpu
2024-11-26 09:31:44,401 [ERROR] ConditionMgr:805 - Attr not supported : Dmpu
2024-11-26 09:31:44,401 [ERROR] ConditionMgr:805 - Attr not supported : Dmpu
2024-11-26 09:31:44,401 [ERROR] ConditionMgr:805 - Attr not supported : Dmpu
2024-11-26 09:31:44,401 [ERROR] ConditionMgr:805 - Attr not supported : Dmpu
2024-11-26 09:31:44,401 [ERROR] ConditionMgr:805 - Attr not supported : Dmpu
2024-11-26 09:31:44,401 [ERROR] ConditionMgr:805 - Attr not supported : Dmpu
2024-11-26 09:31:44,401 [ERROR] ConditionMgr:805 - Attr not supported : Dmpu
2024-11-26 09:31:44,401 [ERROR] ConditionMgr:805 - Attr not supported : Dmpu
2024-11-26 09:31:44,401 [ERROR] ConditionMgr:805 - Attr not supported : Dmpu
2024-11-26 09:31:44,401 [ERROR] ConditionMgr:805 - Attr not supported : Dmpu
2024-11-26 09:31:44,401 [ERROR] ConditionMgr:805 - Attr not supported : Dmpu
2024-11-26 09:31:44,402 [ERROR] ConditionMgr:805 - Attr not supported : Dmpu
2024-11-26 09:31:44,402 [ERROR] ConditionMgr:805 - Attr not supported : Dmpu
2024-11-26 09:31:44,402 [ERROR] ConditionMgr:805 - Attr not supported : Dmpu
2024-11-26 09:31:44,402 [ERROR] ConditionMgr:805 - Attr not supported : Dmpu
2024-11-26 09:31:44,402 [ERROR] ConditionMgr:805 - Attr not supported : Dmpu
2024-11-26 09:31:44,402 [ERROR] ConditionMgr:805 - Attr not supported : Dmpu
2024-11-26 09:31:44,402 [ERROR] ConditionMgr:805 - Attr not supported : Dmpu
2024-11-26 09:31:44,402 [ERROR] ConditionMgr:805 - Attr not supported : Dmpu
2024-11-26 09:31:44,402 [ERROR] ConditionMgr:805 - Attr not supported : Dmpu
2024-11-26 09:31:44,415 [WARN] PackLoader:240 - Cannot read IP mode file for STMicroelectronics.X-CUBE-BLEMGR.3.0.0
2024-11-26 09:31:44,430 [WARN] PackLoader:240 - Cannot read IP mode file for RealThread.X-CUBE-RT-Thread_Nano.4.1.1
2024-11-26 09:31:44,441 [WARN] PackLoader:240 - Cannot read IP mode file for STMicroelectronics.FP-ATR-SIGFOX1.3.2.0
2024-11-26 09:31:44,452 [WARN] ConditionMgr:438 - getConditionDescription Invalid condition id : Cortex-A Device cause : null
2024-11-26 09:31:44,468 [WARN] ConditionMgr:1039 - genDependencies : Invalid condition id : Cortex-A Device cause : null
2024-11-26 09:31:44,468 [WARN] ConditionMgr:1039 - genDependencies : Invalid condition id : Cortex-A Device cause : null
2024-11-26 09:31:44,468 [WARN] ConditionMgr:1039 - genDependencies : Invalid condition id : Cortex-A Device cause : null
2024-11-26 09:31:44,478 [WARN] PackLoader:240 - Cannot read IP mode file for STMicroelectronics.X-CUBE-EEPRMA1.5.1.0
2024-11-26 09:31:44,503 [WARN] PackLoader:240 - Cannot read IP mode file for SEGGER.I-CUBE-embOS.1.3.1
2024-11-26 09:31:44,531 [WARN] PackLoader:240 - Cannot read IP mode file for STMicroelectronics.X-CUBE-ALGOBUILD.1.4.0
2024-11-26 09:31:44,543 [WARN] PackLoader:240 - Cannot read IP mode file for STMicroelectronics.X-CUBE-AI.9.1.0
2024-11-26 09:31:44,558 [WARN] PackLoader:240 - Cannot read IP mode file for STMicroelectronics.X-CUBE-GNSS1.6.0.0
2024-11-26 09:31:44,582 [WARN] PackLoader:240 - Cannot read IP mode file for STMicroelectronics.X-CUBE-AZRTOS-F4.1.1.0
2024-11-26 09:31:44,603 [WARN] PackLoader:240 - Cannot read IP mode file for wolfSSL.I-CUBE-wolfSSL.5.6.4
2024-11-26 09:31:44,626 [WARN] PackLoader:240 - Cannot read IP mode file for STMicroelectronics.X-CUBE-ISPU.2.1.0
2024-11-26 09:31:44,639 [WARN] PackLoader:240 - Cannot read IP mode file for STMicroelectronics.X-CUBE-FREERTOS.1.2.0
2024-11-26 09:31:44,663 [WARN] PackLoader:240 - Cannot read IP mode file for STMicroelectronics.X-CUBE-AZRTOS-L5.2.0.0
2024-11-26 09:31:44,678 [WARN] PackLoader:240 - Cannot read IP mode file for STMicroelectronics.X-CUBE-EEPRMA1.4.2.0
2024-11-26 09:31:44,768 [WARN] PackLoader:240 - Cannot read IP mode file for STMicroelectronics.X-CUBE-NFC6.3.1.0
2024-11-26 09:31:44,781 [WARN] PackLoader:240 - Cannot read IP mode file for ITTIA_DB.I-CUBE-ITTIADB.8.8.0
2024-11-26 09:31:44,791 [WARN] PackLoader:240 - Cannot read IP mode file for STMicroelectronics.X-CUBE-DPower.1.2.0
2024-11-26 09:31:44,799 [WARN] PackLoader:240 - Cannot read IP mode file for STMicroelectronics.X-CUBE-AI.9.0.0
2024-11-26 09:31:44,810 [WARN] PackLoader:240 - Cannot read IP mode file for STMicroelectronics.X-CUBE-NFC7.1.0.1
2024-11-26 09:31:44,820 [WARN] PackLoader:240 - Cannot read IP mode file for STMicroelectronics.X-CUBE-NFC6.3.0.0
2024-11-26 09:31:44,828 [WARN] PackLoader:240 - Cannot read IP mode file for STMicroelectronics.X-CUBE-AI.8.1.0
2024-11-26 09:31:44,846 [WARN] ConditionMgr:438 - getConditionDescription Invalid condition id : LAN8742 Phy interface Condition cause : null
2024-11-26 09:31:44,847 [WARN] PackLoader:240 - Cannot read IP mode file for STMicroelectronics.X-CUBE-AZRTOS-L4.2.0.0
2024-11-26 09:31:44,847 [WARN] ConditionMgr:1039 - genDependencies : Invalid condition id : LAN8742 Phy interface Condition cause : null
2024-11-26 09:31:44,847 [WARN] ConditionMgr:1039 - genDependencies : Invalid condition id : LAN8742 Phy interface Condition cause : null
2024-11-26 09:31:44,848 [WARN] ConditionMgr:1039 - genDependencies : Invalid condition id : LAN8742 Phy interface Condition cause : null
2024-11-26 09:31:44,860 [WARN] PackLoader:240 - Cannot read IP mode file for STMicroelectronics.X-CUBE-SFXS2LP1.4.0.0
2024-11-26 09:31:44,886 [WARN] PackLoader:240 - Cannot read IP mode file for STMicroelectronics.X-CUBE-AZRTOS-H7.3.3.0
2024-11-26 09:31:44,911 [WARN] PackLoader:240 - Cannot read IP mode file for STMicroelectronics.X-CUBE-IPS.3.0.0
2024-11-26 09:31:44,943 [WARN] ConditionMgr:438 - getConditionDescription Invalid condition id : UX DEVICE CLASS RTOS Condition cause : null
2024-11-26 09:31:44,944 [WARN] ConditionMgr:438 - getConditionDescription Invalid condition id : UX DEVICE CLASS RTOS Condition cause : null
2024-11-26 09:31:44,944 [WARN] PackLoader:240 - Cannot read IP mode file for STMicroelectronics.X-CUBE-AZRTOS-WB.2.0.0
2024-11-26 09:31:44,945 [WARN] ConditionMgr:1039 - genDependencies : Invalid condition id : UX DEVICE CLASS RTOS Condition cause : null
2024-11-26 09:31:44,945 [WARN] ConditionMgr:1039 - genDependencies : Invalid condition id : UX DEVICE CLASS RTOS Condition cause : null
2024-11-26 09:31:44,946 [WARN] ConditionMgr:1039 - genDependencies : Invalid condition id : UX DEVICE CLASS RTOS Condition cause : null
2024-11-26 09:31:44,946 [WARN] ConditionMgr:1039 - genDependencies : Invalid condition id : UX DEVICE CLASS RTOS Condition cause : null
2024-11-26 09:31:44,946 [WARN] ConditionMgr:1039 - genDependencies : Invalid condition id : UX DEVICE CLASS RTOS Condition cause : null
2024-11-26 09:31:44,963 [WARN] PackLoader:240 - Cannot read IP mode file for STMicroelectronics.X-CUBE-GNSS1.7.0.0
2024-11-26 09:31:44,975 [WARN] PackLoader:240 - Cannot read IP mode file for STMicroelectronics.FP-SNS-STBOX1.2.0.0
2024-11-26 09:31:44,991 [WARN] PackLoader:240 - Cannot read IP mode file for STMicroelectronics.X-CUBE-SUBG2.5.0.0
2024-11-26 09:31:45,013 [WARN] PackLoader:240 - Cannot read IP mode file for STMicroelectronics.X-CUBE-AZRTOS-G4.2.0.0
2024-11-26 09:31:45,039 [WARN] PackLoader:240 - Cannot read IP mode file for Infineon.AIROC-Wi-Fi-Bluetooth-STM32.1.5.1
2024-11-26 09:31:45,049 [WARN] PackLoader:240 - Cannot read IP mode file for STMicroelectronics.FP-SNS-MOTENVWB1.1.3.1
2024-11-26 09:31:45,057 [WARN] PackLoader:240 - Cannot read IP mode file for STMicroelectronics.X-CUBE-ISPU.2.0.0
2024-11-26 09:31:45,068 [WARN] PackLoader:240 - Cannot read IP mode file for STMicroelectronics.X-CUBE-ALS.1.0.2
2024-11-26 09:31:45,110 [WARN] PackLoader:240 - Cannot read IP mode file for STMicroelectronics.X-CUBE-MEMS1.10.0.0
2024-11-26 09:31:45,111 [INFO] WebApp:167 - Instantiating new browser for Auth
2024-11-26 09:31:45,230 [WARN] PackLoader:240 - Cannot read IP mode file for STMicroelectronics.X-CUBE-FREERTOS.1.1.0
2024-11-26 09:31:45,243 [WARN] PackLoader:240 - Cannot read IP mode file for STMicroelectronics.X-CUBE-TOUCHGFX.4.24.0
2024-11-26 09:31:45,255 [WARN] PackLoader:240 - Cannot read IP mode file for STMicroelectronics.X-CUBE-TOUCHGFX.4.24.1
2024-11-26 09:31:45,269 [WARN] PackLoader:240 - Cannot read IP mode file for wolfSSL.I-CUBE-wolfTPM.3.4.0
2024-11-26 09:31:45,283 [WARN] PackLoader:240 - Cannot read IP mode file for portGmbH.I-Cube-SoM-uGOAL.1.1.0
2024-11-26 09:31:45,296 [WARN] PackLoader:240 - Cannot read IP mode file for STMicroelectronics.X-CUBE-ALS.1.0.1
2024-11-26 09:31:45,323 [WARN] PackLoader:240 - Cannot read IP mode file for STMicroelectronics.X-CUBE-AZRTOS-H7RS.1.0.0
2024-11-26 09:31:45,334 [WARN] PackLoader:240 - Cannot read IP mode file for STMicroelectronics.FP-ATR-ASTRA1.2.0.0
2024-11-26 09:31:45,349 [WARN] PackLoader:240 - Cannot read IP mode file for STMicroelectronics.X-CUBE-TOF1.3.4.2
2024-11-26 09:31:45,370 [WARN] PackLoader:240 - Cannot read IP mode file for STMicroelectronics.X-CUBE-TOF1.3.4.0
2024-11-26 09:31:45,389 [WARN] PackLoader:240 - Cannot read IP mode file for STMicroelectronics.X-CUBE-TOF1.3.4.1
2024-11-26 09:31:45,414 [WARN] PackLoader:240 - Cannot read IP mode file for STMicroelectronics.X-CUBE-AZRTOS-H7.3.2.0
2024-11-26 09:31:45,425 [WARN] PackLoader:240 - Cannot read IP mode file for wolfSSL.I-CUBE-wolfSSH.1.4.17
2024-11-26 09:31:45,426 [INFO] ThirdParty:978 - Integrity check success = true
2024-11-26 09:31:45,426 [INFO] IntegrityCheckThread:100 - exiting critical section [integrity check]
2024-11-26 09:31:45,426 [INFO] IntegrityCheckThread:103 - End integrity checks thread
2024-11-26 09:31:45,752 [INFO] WebApp:448 - Apply proxy settings
2024-11-26 09:31:45,752 [INFO] WebApp:533 - Chromium requires no authentication
2024-11-26 09:31:45,759 [INFO] WebApp:476 - Direct internet connection detected
2024-11-26 09:31:45,778 [INFO] WebApp:869 - Register for checkConnection events
2024-11-26 09:31:45,778 [INFO] WebApp:448 - Apply proxy settings
2024-11-26 09:31:45,778 [INFO] WebApp:533 - Chromium requires no authentication
2024-11-26 09:31:45,778 [INFO] WebApp:476 - Direct internet connection detected
2024-11-26 09:31:45,891 [INFO] WebApp:220 - Starting web application
2024-11-26 09:31:45,891 [INFO] WebApp:578 - Web application path used C:\ST\STM32CubeIDE_1.16.1\STM32CubeIDE\plugins\com.st.stm32cube.common.mx_6.12.1.202409122256\db\plugins\mcufinder\reactClient1\index.html
2024-11-26 09:31:45,993 [INFO] UserAuth:417 - Internet connection configuration mode: 1
2024-11-26 09:31:46,069 [INFO] WebApp:186 - Connection restablished
2024-11-26 17:28:45,500 [ERROR] LogOutputStream:75 - [STDERR_REDIRECT] 
