2024-11-25 08:43:12,430 [INFO] Activator:176 - 


2024-11-25 08:43:12,439 [INFO] Activator:177 - !SESSION log4j initialized
2024-11-25 08:43:16,211 [INFO] LogOutputStream:77 - [STDOUT_REDIRECT] 
2024-11-25 08:43:18,685 [INFO] ApplicationProperties:184 - Using Application install path: C:\ST\STM32CubeIDE_1.16.1\STM32CubeIDE\plugins\com.st.stm32cube.common.mx_6.12.1.202409122256
2024-11-25 08:43:18,697 [INFO] DbMcusXml:78 - Set database path to: C:\ST\STM32CubeIDE_1.16.1\STM32CubeIDE\plugins\com.st.stm32cube.common.mx_6.12.1.202409122256\\db\/mcu/
2024-11-25 08:43:18,698 [INFO] ApiDb:274 - Set plugin database path to: C:\ST\STM32CubeIDE_1.16.1\STM32CubeIDE\plugins\com.st.stm32cube.common.mx_6.12.1.202409122256\\db\/plugins/boardmanager/
2024-11-25 08:43:18,698 [WARN] ApiDb:259 - Overriding images path with different value:  => C:\ST\STM32CubeIDE_1.16.1\STM32CubeIDE\plugins\com.st.stm32cube.common.mx_6.12.1.202409122256\\db\/plugins/mcufinder/images/
2024-11-25 08:43:18,707 [INFO] ApiDb:250 - Set database path to: C:\Users\RND1\.stmcufinder\plugins\mcufinder//mcu/
2024-11-25 08:43:18,708 [INFO] DbMcusAds:125 - Set database path to: C:\Users\RND1\.stmcufinder\plugins\mcufinder//mcu/
2024-11-25 08:43:18,711 [INFO] CrossReferenceDbSqlite:203 - Set database path to: C:\Users\RND1\.stmcufinder\plugins\mcufinder//mcu/cs/
2024-11-25 08:43:18,784 [INFO] RulesReader:64 - Compatibility file has been processed (297 Rules)
2024-11-25 08:43:18,840 [INFO] DbMcusXml:78 - Set database path to: C:\ST\STM32CubeIDE_1.16.1\STM32CubeIDE\plugins\com.st.stm32cube.common.mx_6.12.1.202409122256\\db\/mcu/
2024-11-25 08:43:18,840 [INFO] ApiDb:274 - Set plugin database path to: C:\ST\STM32CubeIDE_1.16.1\STM32CubeIDE\plugins\com.st.stm32cube.common.mx_6.12.1.202409122256\\db\/plugins/boardmanager/
2024-11-25 08:43:18,840 [INFO] ApiDb:261 - Set plugin images path to: C:\ST\STM32CubeIDE_1.16.1\STM32CubeIDE\plugins\com.st.stm32cube.common.mx_6.12.1.202409122256\\db\/plugins/mcufinder/images/
2024-11-25 08:43:18,840 [WARN] DbFile:41 - Overriding database path with different value: C:\Users\RND1\.stmcufinder\plugins\mcufinder/ => C:\Users\RND1\.stmcufinder\plugins\mcufinder
2024-11-25 08:43:18,841 [INFO] ApiDb:250 - Set database path to: C:\Users\RND1\.stmcufinder\plugins\mcufinder//mcu/
2024-11-25 08:43:18,841 [WARN] DbFile:41 - Overriding database path with different value: C:\Users\RND1\.stmcufinder\plugins\mcufinder/ => C:\Users\RND1\.stmcufinder\plugins\mcufinder
2024-11-25 08:43:18,841 [INFO] DbMcusAds:125 - Set database path to: C:\Users\RND1\.stmcufinder\plugins\mcufinder//mcu/
2024-11-25 08:43:18,841 [WARN] DbFile:41 - Overriding database path with different value: C:\Users\RND1\.stmcufinder\plugins\mcufinder/ => C:\Users\RND1\.stmcufinder\plugins\mcufinder
2024-11-25 08:43:18,841 [WARN] DbFile:41 - Overriding database path with different value: C:\Users\RND1\.stmcufinder\plugins\mcufinder/ => C:\Users\RND1\.stmcufinder\plugins\mcufinder
2024-11-25 08:43:18,841 [INFO] CrossReferenceDbSqlite:203 - Set database path to: C:\Users\RND1\.stmcufinder\plugins\mcufinder//mcu/cs/
2024-11-25 08:43:18,895 [INFO] MainPanel:268 - HeapMemory: 268435456
2024-11-25 08:43:18,968 [INFO] DbMcusXml:78 - Set database path to: C:\ST\STM32CubeIDE_1.16.1\STM32CubeIDE\plugins\com.st.stm32cube.common.mx_6.12.1.202409122256\\db\/mcu/
2024-11-25 08:43:18,968 [INFO] ApiDb:274 - Set plugin database path to: C:\ST\STM32CubeIDE_1.16.1\STM32CubeIDE\plugins\com.st.stm32cube.common.mx_6.12.1.202409122256\\db\/plugins/boardmanager/
2024-11-25 08:43:18,968 [INFO] ApiDb:261 - Set plugin images path to: C:\ST\STM32CubeIDE_1.16.1\STM32CubeIDE\plugins\com.st.stm32cube.common.mx_6.12.1.202409122256\\db\/plugins/mcufinder/images/
2024-11-25 08:43:18,968 [WARN] DbFile:41 - Overriding database path with different value: C:\Users\RND1\.stmcufinder\plugins\mcufinder/ => C:\Users\RND1\.stmcufinder\plugins\mcufinder
2024-11-25 08:43:18,968 [INFO] ApiDb:250 - Set database path to: C:\Users\RND1\.stmcufinder\plugins\mcufinder//mcu/
2024-11-25 08:43:18,968 [WARN] DbFile:41 - Overriding database path with different value: C:\Users\RND1\.stmcufinder\plugins\mcufinder/ => C:\Users\RND1\.stmcufinder\plugins\mcufinder
2024-11-25 08:43:18,968 [INFO] DbMcusAds:125 - Set database path to: C:\Users\RND1\.stmcufinder\plugins\mcufinder//mcu/
2024-11-25 08:43:18,968 [WARN] DbFile:41 - Overriding database path with different value: C:\Users\RND1\.stmcufinder\plugins\mcufinder/ => C:\Users\RND1\.stmcufinder\plugins\mcufinder
2024-11-25 08:43:18,968 [WARN] DbFile:41 - Overriding database path with different value: C:\Users\RND1\.stmcufinder\plugins\mcufinder/ => C:\Users\RND1\.stmcufinder\plugins\mcufinder
2024-11-25 08:43:18,968 [INFO] CrossReferenceDbSqlite:203 - Set database path to: C:\Users\RND1\.stmcufinder\plugins\mcufinder//mcu/cs/
2024-11-25 08:43:18,981 [INFO] ApplicationProperties:184 - Using Application install path: C:\ST\STM32CubeIDE_1.16.1\STM32CubeIDE\plugins\com.st.stm32cube.common.mx_6.12.1.202409122256
2024-11-25 08:43:18,982 [INFO] PluginManage:196 - Search for loadable plugins [exclusion list=, ]
2024-11-25 08:43:18,983 [INFO] PluginManage:310 - Check plugin analytics
2024-11-25 08:43:19,102 [INFO] AnalyticsPlugin:253 - Accepted Software Licenses: STM32CubeMX.6.10.0
2024-11-25 08:43:19,102 [INFO] AnalyticsPlugin:255 - Accepted CMSIS Pack Licenses: 
2024-11-25 08:43:19,102 [INFO] AnalyticsPlugin:257 - Accepted Firmware Licenses: FW.G4.1.5.0,FW.G4.1.6.0
2024-11-25 08:43:19,104 [INFO] PluginManage:359 - Loaded plugin analytics (category:tool,tabindex:-1)
2024-11-25 08:43:19,104 [INFO] PluginManage:310 - Check plugin cadmodel
2024-11-25 08:43:19,116 [INFO] CADModel:105 - Init CAD model plugin
2024-11-25 08:43:19,116 [INFO] PluginManage:359 - Loaded plugin cadmodel (category:power,tabindex:5)
2024-11-25 08:43:19,116 [INFO] PluginManage:310 - Check plugin clock
2024-11-25 08:43:19,131 [INFO] PluginManage:359 - Loaded plugin clock (category:base,tabindex:2)
2024-11-25 08:43:19,131 [INFO] PluginManage:310 - Check plugin ddr
2024-11-25 08:43:19,133 [INFO] PluginManage:359 - Loaded plugin ddr (category:tool,tabindex:6)
2024-11-25 08:43:19,133 [INFO] PluginManage:310 - Check plugin filemanager
2024-11-25 08:43:19,237 [INFO] PluginManage:359 - Loaded plugin filemanager (category:base,tabindex:10)
2024-11-25 08:43:19,237 [INFO] PluginManage:310 - Check plugin ipmanager
2024-11-25 08:43:19,243 [INFO] PluginManage:359 - Loaded plugin ipmanager (category:base,tabindex:5)
2024-11-25 08:43:19,243 [INFO] PluginManage:310 - Check plugin lpbam
2024-11-25 08:43:19,257 [INFO] PluginManage:359 - Loaded plugin lpbam (category:base,tabindex:0)
2024-11-25 08:43:19,257 [INFO] PluginManage:310 - Check plugin memorymap
2024-11-25 08:43:19,274 [INFO] PluginManage:359 - Loaded plugin memorymap (category:base,tabindex:4)
2024-11-25 08:43:19,274 [INFO] PluginManage:310 - Check plugin pinoutandconfiguration
2024-11-25 08:43:19,287 [INFO] PluginManage:359 - Loaded plugin pinoutandconfiguration (category:base,tabindex:1)
2024-11-25 08:43:19,287 [INFO] PluginManage:310 - Check plugin pinoutconfig
2024-11-25 08:43:19,353 [WARN] SupportedApi:132 - Cannot load RTOS API schema: s4s-elt-must-match.1: The content of 'definitions' must match (annotation?, (simpleType | complexType)?, (unique | key | keyref)*)). A problem was found starting at: attribute.
2024-11-25 08:43:19,444 [INFO] PluginManage:359 - Loaded plugin pinoutconfig (category:base,tabindex:0)
2024-11-25 08:43:19,444 [INFO] PluginManage:310 - Check plugin power
2024-11-25 08:43:19,458 [INFO] PluginManage:359 - Loaded plugin power (category:power,tabindex:4)
2024-11-25 08:43:19,458 [INFO] PluginManage:310 - Check plugin projectmanager
2024-11-25 08:43:19,469 [INFO] PluginManage:359 - Loaded plugin projectmanager (category:projectmanager,tabindex:4)
2024-11-25 08:43:19,469 [INFO] PluginManage:310 - Check plugin rif
2024-11-25 08:43:19,481 [INFO] PluginManage:359 - Loaded plugin rif (category:base,tabindex:3)
2024-11-25 08:43:19,481 [INFO] PluginManage:310 - Check plugin thirdparty
2024-11-25 08:43:19,661 [INFO] PluginManage:359 - Loaded plugin thirdparty (category:base,tabindex:-1)
2024-11-25 08:43:19,661 [INFO] PluginManage:310 - Check plugin tools
2024-11-25 08:43:19,661 [WARN] IntegrityCheckThread:84 - waiting for thirdparty lock release [integrity check]
2024-11-25 08:43:19,662 [INFO] IntegrityCheckThread:86 - entering critical section [integrity check]
2024-11-25 08:43:19,662 [INFO] ThirdPartyUpdaterWithRetryManager:70 - Updater plugin not ready yet. [1/15]
2024-11-25 08:43:19,686 [INFO] PluginManage:359 - Loaded plugin tools (category:base,tabindex:7)
2024-11-25 08:43:19,686 [INFO] PluginManage:310 - Check plugin tutovideos
2024-11-25 08:43:19,815 [INFO] PluginManage:359 - Loaded plugin tutovideos (category:base,tabindex:-1)
2024-11-25 08:43:19,815 [INFO] PluginManage:310 - Check plugin updater
2024-11-25 08:43:19,828 [INFO] PluginManage:359 - Loaded plugin updater (category:base,tabindex:12)
2024-11-25 08:43:19,828 [INFO] PluginManage:310 - Check plugin userauth
2024-11-25 08:43:19,833 [INFO] UserAuth:113 - Init User Auth plugin
2024-11-25 08:43:19,833 [INFO] PluginManage:359 - Loaded plugin userauth (category:base,tabindex:14)
2024-11-25 08:43:19,833 [INFO] PluginManage:283 - PluginManage : Loaded plugins [18]
2024-11-25 08:43:19,978 [INFO] PinOutPanel:1561 - setPackage(No Configuration,No Configuration)
2024-11-25 08:43:20,037 [INFO] CADModel:165 - CPN selected for project level
2024-11-25 08:43:20,037 [INFO] CADModel:114 - Register for checkConnection events
2024-11-25 08:43:20,056 [INFO] IPUIPlugin:80 - create IPUIPlugin
2024-11-25 08:43:20,056 [INFO] PluginManager:220 - loadIPPluginJar : add adc
2024-11-25 08:43:20,082 [INFO] IPUIPlugin:80 - create IPUIPlugin
2024-11-25 08:43:20,082 [INFO] PluginManager:220 - loadIPPluginJar : add aes
2024-11-25 08:43:20,110 [INFO] IPUIPlugin:80 - create IPUIPlugin
2024-11-25 08:43:20,111 [INFO] PluginManager:220 - loadIPPluginJar : add can
2024-11-25 08:43:20,128 [INFO] IPUIPlugin:80 - create IPUIPlugin
2024-11-25 08:43:20,128 [INFO] PluginManager:220 - loadIPPluginJar : add comp
2024-11-25 08:43:20,151 [INFO] IPUIPlugin:80 - create IPUIPlugin
2024-11-25 08:43:20,152 [INFO] PluginManager:220 - loadIPPluginJar : add cryp
2024-11-25 08:43:20,161 [INFO] IPUIPlugin:80 - create IPUIPlugin
2024-11-25 08:43:20,161 [INFO] PluginManager:220 - loadIPPluginJar : add ddr_ctrl_phy
2024-11-25 08:43:20,183 [INFO] IPUIPlugin:80 - create IPUIPlugin
2024-11-25 08:43:20,183 [INFO] PluginManager:220 - loadIPPluginJar : add dfsdm
2024-11-25 08:43:20,194 [INFO] IPUIPlugin:80 - create IPUIPlugin
2024-11-25 08:43:20,195 [INFO] PluginManager:220 - loadIPPluginJar : add dma
2024-11-25 08:43:20,226 [INFO] IPUIPlugin:80 - create IPUIPlugin
2024-11-25 08:43:20,226 [INFO] PluginManager:220 - loadIPPluginJar : add dma3
2024-11-25 08:43:20,258 [INFO] IPUIPlugin:80 - create IPUIPlugin
2024-11-25 08:43:20,258 [INFO] PluginManager:220 - loadIPPluginJar : add extmemmanager
2024-11-25 08:43:20,270 [INFO] IPUIPlugin:80 - create IPUIPlugin
2024-11-25 08:43:20,271 [INFO] PluginManager:220 - loadIPPluginJar : add fatfs
2024-11-25 08:43:20,301 [INFO] IPUIPlugin:80 - create IPUIPlugin
2024-11-25 08:43:20,301 [INFO] PluginManager:220 - loadIPPluginJar : add fmc
2024-11-25 08:43:20,313 [INFO] IPUIPlugin:80 - create IPUIPlugin
2024-11-25 08:43:20,313 [INFO] PluginManager:220 - loadIPPluginJar : add freertos
2024-11-25 08:43:20,326 [INFO] IPUIPlugin:80 - create IPUIPlugin
2024-11-25 08:43:20,326 [INFO] PluginManager:220 - loadIPPluginJar : add genericplugin
2024-11-25 08:43:20,384 [INFO] IPUIPlugin:80 - create IPUIPlugin
2024-11-25 08:43:20,384 [INFO] PluginManager:220 - loadIPPluginJar : add gfxmmu
2024-11-25 08:43:20,460 [INFO] IPUIPlugin:80 - create IPUIPlugin
2024-11-25 08:43:20,460 [INFO] PluginManager:220 - loadIPPluginJar : add gic
2024-11-25 08:43:20,470 [INFO] IPUIPlugin:80 - create IPUIPlugin
2024-11-25 08:43:20,470 [INFO] PluginManager:220 - loadIPPluginJar : add gpio
2024-11-25 08:43:20,527 [INFO] IPUIPlugin:80 - create IPUIPlugin
2024-11-25 08:43:20,527 [INFO] PluginManager:220 - loadIPPluginJar : add gtzc
2024-11-25 08:43:20,547 [INFO] IPUIPlugin:80 - create IPUIPlugin
2024-11-25 08:43:20,547 [INFO] PluginManager:220 - loadIPPluginJar : add hash
2024-11-25 08:43:20,578 [INFO] IPUIPlugin:80 - create IPUIPlugin
2024-11-25 08:43:20,578 [INFO] PluginManager:220 - loadIPPluginJar : add i2c
2024-11-25 08:43:20,601 [INFO] IPUIPlugin:80 - create IPUIPlugin
2024-11-25 08:43:20,602 [INFO] PluginManager:220 - loadIPPluginJar : add i2s
2024-11-25 08:43:20,626 [INFO] IPUIPlugin:80 - create IPUIPlugin
2024-11-25 08:43:20,626 [INFO] PluginManager:220 - loadIPPluginJar : add i3c
2024-11-25 08:43:20,688 [INFO] IPUIPlugin:80 - create IPUIPlugin
2024-11-25 08:43:20,688 [INFO] PluginManager:220 - loadIPPluginJar : add ipddr
2024-11-25 08:43:20,746 [INFO] IPUIPlugin:80 - create IPUIPlugin
2024-11-25 08:43:20,747 [INFO] PluginManager:220 - loadIPPluginJar : add linkedlist
2024-11-25 08:43:20,771 [INFO] IPUIPlugin:80 - create IPUIPlugin
2024-11-25 08:43:20,771 [INFO] PluginManager:220 - loadIPPluginJar : add lorawan
2024-11-25 08:43:20,795 [INFO] IPUIPlugin:80 - create IPUIPlugin
2024-11-25 08:43:20,795 [INFO] PluginManager:220 - loadIPPluginJar : add ltdc
2024-11-25 08:43:20,805 [INFO] IPUIPlugin:80 - create IPUIPlugin
2024-11-25 08:43:20,805 [INFO] PluginManager:220 - loadIPPluginJar : add mdma
2024-11-25 08:43:20,813 [INFO] IPUIPlugin:80 - create IPUIPlugin
2024-11-25 08:43:20,814 [INFO] PluginManager:220 - loadIPPluginJar : add nvic
2024-11-25 08:43:20,838 [INFO] IPUIPlugin:80 - create IPUIPlugin
2024-11-25 08:43:20,838 [INFO] PluginManager:220 - loadIPPluginJar : add opamp
2024-11-25 08:43:20,874 [INFO] IPUIPlugin:80 - create IPUIPlugin
2024-11-25 08:43:20,874 [INFO] PluginManager:220 - loadIPPluginJar : add openamp
2024-11-25 08:43:20,900 [INFO] IPUIPlugin:80 - create IPUIPlugin
2024-11-25 08:43:20,901 [INFO] PluginManager:220 - loadIPPluginJar : add pdm2pcm
2024-11-25 08:43:20,909 [INFO] IPUIPlugin:80 - create IPUIPlugin
2024-11-25 08:43:20,911 [INFO] PluginManager:220 - loadIPPluginJar : add plateformsettings
2024-11-25 08:43:20,926 [INFO] IPUIPlugin:80 - create IPUIPlugin
2024-11-25 08:43:20,926 [INFO] PluginManager:220 - loadIPPluginJar : add quadspi
2024-11-25 08:43:20,941 [INFO] IPUIPlugin:80 - create IPUIPlugin
2024-11-25 08:43:20,941 [INFO] PluginManager:220 - loadIPPluginJar : add radio
2024-11-25 08:43:20,949 [INFO] IPUIPlugin:80 - create IPUIPlugin
2024-11-25 08:43:20,949 [INFO] PluginManager:220 - loadIPPluginJar : add resmgrutility
2024-11-25 08:43:20,977 [INFO] IPUIPlugin:80 - create IPUIPlugin
2024-11-25 08:43:20,977 [INFO] PluginManager:220 - loadIPPluginJar : add sai
2024-11-25 08:43:20,998 [INFO] IPUIPlugin:80 - create IPUIPlugin
2024-11-25 08:43:20,998 [INFO] PluginManager:220 - loadIPPluginJar : add spi
2024-11-25 08:43:21,044 [INFO] IPUIPlugin:80 - create IPUIPlugin
2024-11-25 08:43:21,044 [INFO] PluginManager:220 - loadIPPluginJar : add stm32_wpan
2024-11-25 08:43:21,061 [INFO] IPUIPlugin:80 - create IPUIPlugin
2024-11-25 08:43:21,061 [INFO] PluginManager:220 - loadIPPluginJar : add tim
2024-11-25 08:43:21,096 [INFO] IPUIPlugin:80 - create IPUIPlugin
2024-11-25 08:43:21,096 [INFO] PluginManager:220 - loadIPPluginJar : add touchsensing
2024-11-25 08:43:21,111 [INFO] IPUIPlugin:80 - create IPUIPlugin
2024-11-25 08:43:21,111 [INFO] PluginManager:220 - loadIPPluginJar : add tracer_emb
2024-11-25 08:43:21,125 [INFO] IPUIPlugin:80 - create IPUIPlugin
2024-11-25 08:43:21,126 [INFO] PluginManager:220 - loadIPPluginJar : add ts
2024-11-25 08:43:21,140 [INFO] IPUIPlugin:80 - create IPUIPlugin
2024-11-25 08:43:21,140 [INFO] PluginManager:220 - loadIPPluginJar : add tsc
2024-11-25 08:43:21,153 [INFO] IPUIPlugin:80 - create IPUIPlugin
2024-11-25 08:43:21,153 [INFO] PluginManager:220 - loadIPPluginJar : add ucpd
2024-11-25 08:43:21,179 [INFO] IPUIPlugin:80 - create IPUIPlugin
2024-11-25 08:43:21,179 [INFO] PluginManager:220 - loadIPPluginJar : add usart
2024-11-25 08:43:21,205 [INFO] IPUIPlugin:80 - create IPUIPlugin
2024-11-25 08:43:21,205 [INFO] PluginManager:220 - loadIPPluginJar : add usbx
2024-11-25 08:43:21,313 [INFO] CADModel:165 - CPN selected for project level
2024-11-25 08:43:21,314 [INFO] CADModel:114 - Register for checkConnection events
2024-11-25 08:43:21,314 [FATAL] Updater:334 - Updater called before beeing initialized
2024-11-25 08:43:21,314 [ERROR] CADModel:125 - Updater not yet initialized, retry later 
2024-11-25 08:43:21,395 [INFO] CADModel:165 - CPN selected for project level
2024-11-25 08:43:21,396 [INFO] CADModel:114 - Register for checkConnection events
2024-11-25 08:43:21,396 [FATAL] Updater:334 - Updater called before beeing initialized
2024-11-25 08:43:21,396 [ERROR] CADModel:125 - Updater not yet initialized, retry later 
2024-11-25 08:43:21,398 [FATAL] Updater:334 - Updater called before beeing initialized
2024-11-25 08:43:21,468 [FATAL] Updater:334 - Updater called before beeing initialized
2024-11-25 08:43:21,478 [INFO] DbMcusAds:53 - JSON generation date=Fri Sep 20 22:04:38 KST 2024 (1726837478367)
2024-11-25 08:43:21,478 [FATAL] Updater:334 - Updater called before beeing initialized
2024-11-25 08:43:21,503 [WARN] DetailPanel:346 - Failed to get advertising image, set to default
2024-11-25 08:43:21,564 [FATAL] Updater:334 - Updater called before beeing initialized
2024-11-25 08:43:21,566 [FATAL] Updater:334 - Updater called before beeing initialized
2024-11-25 08:43:21,566 [FATAL] Updater:334 - Updater called before beeing initialized
2024-11-25 08:43:21,566 [WARN] DetailPanel:346 - Failed to get advertising image, set to default
2024-11-25 08:43:21,567 [FATAL] Updater:334 - Updater called before beeing initialized
2024-11-25 08:43:21,604 [ERROR] Updater:1164 - MainUpdater not yet initialized. External WinMGr cannot be set.
2024-11-25 08:43:21,611 [INFO] Updater:1100 - Updater Version found : 6.12.1
2024-11-25 08:43:21,626 [INFO] ApplicationProperties:184 - Using Application install path: C:\ST\STM32CubeIDE_1.16.1\STM32CubeIDE\plugins\com.st.stm32cube.common.mx_6.12.1.202409122256
2024-11-25 08:43:22,153 [INFO] MainUpdater:2873 - connection check result : 10
2024-11-25 08:43:22,154 [INFO] MainUpdater:3567 - Updater definition file requires update
2024-11-25 08:43:22,155 [INFO] MainUpdater:290 - Updater Check For Update Now.
2024-11-25 08:43:22,155 [INFO] MicroXplorer:498 - Change Database Version : DB.6.0.121
2024-11-25 08:43:22,166 [INFO] McuFinderGlobals:63 - Set McuFinder mode to 2 (CubeIDE integrated)
2024-11-25 08:43:22,168 [INFO] UserAuth:417 - Internet connection configuration mode: 1
2024-11-25 08:43:22,184 [INFO] JxBrowserEngine:152 - Initiate JxBrowser Engine with user profile folder
2024-11-25 08:43:22,287 [INFO] ServerAccessManage:473 - Download File updaters.zip
2024-11-25 08:43:22,577 [INFO] FileExtend:240 - Unzip File : updaters.zip
2024-11-25 08:43:22,577 [INFO] FileExtend:255 - Standard Zip Deflate
2024-11-25 08:43:22,664 [WARN] MainUpdater:1194 - Updater busy. Cannot search thirdparties
2024-11-25 08:43:22,664 [INFO] ThirdPartyUpdaterWithRetryManager:96 - Updater plugin is busy. [1/15]
2024-11-25 08:43:23,320 [INFO] ServerAccessManage:473 - Download File PacksControlFlags.xml
2024-11-25 08:43:23,524 [INFO] ServerAccessManage:473 - Download File cubemx.pidx
2024-11-25 08:43:23,589 [INFO] LoadServerUpdatesThread:375 - End of LoadServerUpdate Thread
2024-11-25 08:43:23,749 [INFO] CheckServerUpdateThread:120 - End of CheckServer Thread
2024-11-25 08:43:25,810 [WARN] PackLoader:240 - Cannot read IP mode file for STMicroelectronics.FP-SNS-MOTENVWB1.1.4.0
2024-11-25 08:43:25,821 [WARN] PackLoader:240 - Cannot read IP mode file for STMicroelectronics.FP-ATR-ASTRA1.2.0.1
2024-11-25 08:43:25,834 [WARN] PackLoader:240 - Cannot read IP mode file for STMicroelectronics.X-CUBE-SMBUS.2.1.0
2024-11-25 08:43:25,846 [WARN] PackLoader:240 - Cannot read IP mode file for STMicroelectronics.X-CUBE-WB05N.1.1.0
2024-11-25 08:43:25,857 [WARN] PackLoader:240 - Cannot read IP mode file for STMicroelectronics.X-CUBE-TOUCHGFX.4.23.0
2024-11-25 08:43:25,868 [WARN] PackLoader:240 - Cannot read IP mode file for STMicroelectronics.X-CUBE-TOUCHGFX.4.23.2
2024-11-25 08:43:25,897 [WARN] PackLoader:240 - Cannot read IP mode file for STMicroelectronics.X-CUBE-AZRTOS-F7.1.1.0
2024-11-25 08:43:25,921 [WARN] PackLoader:240 - Cannot read IP mode file for STMicroelectronics.FP-SNS-MOTENV1.4.3.2
2024-11-25 08:43:25,988 [WARN] PackLoader:240 - Cannot read IP mode file for STMicroelectronics.X-CUBE-MEMS1.11.0.0
2024-11-25 08:43:26,089 [WARN] PackLoader:240 - Cannot read IP mode file for STMicroelectronics.FP-SNS-FLIGHT1.5.0.2
2024-11-25 08:43:26,105 [WARN] PackLoader:240 - Cannot read IP mode file for STMicroelectronics.X-CUBE-DISPLAY.3.0.0
2024-11-25 08:43:26,119 [WARN] PackLoader:240 - Cannot read IP mode file for STMicroelectronics.X-CUBE-BLE1.7.0.0
2024-11-25 08:43:26,131 [WARN] PackLoader:240 - Cannot read IP mode file for STMicroelectronics.X-CUBE-NFC10.1.0.0
2024-11-25 08:43:26,142 [WARN] PackLoader:240 - Cannot read IP mode file for emotas.I-CUBE-CANOPEN.1.3.0
2024-11-25 08:43:26,153 [WARN] PackLoader:240 - Cannot read IP mode file for STMicroelectronics.X-CUBE-BLEMGR.3.1.0
2024-11-25 08:43:26,164 [WARN] PackLoader:240 - Cannot read IP mode file for STMicroelectronics.FP-SNS-SMARTAG2.1.2.0
2024-11-25 08:43:26,180 [INFO] LogOutputStream:77 - [STDOUT_REDIRECT] 1 : Invalid condition id : UX_CORESTACK_Condition cause : null
2024-11-25 08:43:26,180 [INFO] LogOutputStream:77 - [STDOUT_REDIRECT] 1 : Invalid condition id : UX_CORESTACK_Condition cause : null
2024-11-25 08:43:26,181 [INFO] LogOutputStream:77 - [STDOUT_REDIRECT] 1 : Invalid condition id : UX_CORESTACK_Condition cause : null
2024-11-25 08:43:26,182 [INFO] LogOutputStream:77 - [STDOUT_REDIRECT] 1 : Invalid condition id : UX_CORESTACK_Condition cause : null
2024-11-25 08:43:26,184 [INFO] LogOutputStream:77 - [STDOUT_REDIRECT] 1 : Invalid condition id : UX_CORESTACK_Condition cause : null
2024-11-25 08:43:26,186 [WARN] PackLoader:240 - Cannot read IP mode file for STMicroelectronics.X-CUBE-AZRTOS-WL.2.0.0
2024-11-25 08:43:26,202 [WARN] PackLoader:240 - Cannot read IP mode file for STMicroelectronics.FP-SNS-MOTENV1.5.0.0
2024-11-25 08:43:26,218 [WARN] PackLoader:240 - Cannot read IP mode file for wolfSSL.I-CUBE-wolfMQTT.1.19.0
2024-11-25 08:43:26,237 [WARN] PackLoader:240 - Cannot read IP mode file for WES.I-CUBE-Cesium.1.3.0
2024-11-25 08:43:26,250 [WARN] PackLoader:240 - Cannot read IP mode file for STMicroelectronics.X-CUBE-BLE2.3.3.0
2024-11-25 08:43:26,268 [WARN] PackLoader:240 - Cannot read IP mode file for STMicroelectronics.X-CUBE-NFC9.1.0.0
2024-11-25 08:43:26,280 [WARN] PackLoader:240 - Cannot read IP mode file for STMicroelectronics.X-CUBE-TCPP.4.1.0
2024-11-25 08:43:26,297 [WARN] PackLoader:240 - Cannot read IP mode file for STMicroelectronics.X-CUBE-ALGOBUILD.1.3.0
2024-11-25 08:43:26,320 [WARN] PackLoader:240 - Cannot read IP mode file for STMicroelectronics.X-CUBE-AZRTOS-G0.1.1.0
2024-11-25 08:43:26,337 [WARN] PackLoader:240 - Cannot read IP mode file for STMicroelectronics.X-CUBE-SAFEA1.1.2.2
2024-11-25 08:43:26,350 [WARN] PackLoader:240 - Cannot read IP mode file for STMicroelectronics.X-CUBE-NFC4.3.0.0
2024-11-25 08:43:26,362 [WARN] PackLoader:240 - Cannot read IP mode file for wolfSSL.I-CUBE-wolfMQTT.1.18.0
2024-11-25 08:43:26,374 [WARN] PackLoader:240 - Cannot read IP mode file for EmbeddedOffice.I-CUBE-FS-RTOS.1.0.1
2024-11-25 08:43:26,375 [ERROR] ConditionMgr:805 - Attr not supported : Dmpu
2024-11-25 08:43:26,375 [ERROR] ConditionMgr:805 - Attr not supported : Dmpu
2024-11-25 08:43:26,375 [ERROR] ConditionMgr:805 - Attr not supported : Dmpu
2024-11-25 08:43:26,375 [ERROR] ConditionMgr:805 - Attr not supported : Dmpu
2024-11-25 08:43:26,375 [ERROR] ConditionMgr:805 - Attr not supported : Dmpu
2024-11-25 08:43:26,375 [ERROR] ConditionMgr:805 - Attr not supported : Dmpu
2024-11-25 08:43:26,375 [ERROR] ConditionMgr:805 - Attr not supported : Dmpu
2024-11-25 08:43:26,375 [ERROR] ConditionMgr:805 - Attr not supported : Dmpu
2024-11-25 08:43:26,375 [ERROR] ConditionMgr:805 - Attr not supported : Dmpu
2024-11-25 08:43:26,375 [ERROR] ConditionMgr:805 - Attr not supported : Dmpu
2024-11-25 08:43:26,375 [ERROR] ConditionMgr:805 - Attr not supported : Dmpu
2024-11-25 08:43:26,375 [ERROR] ConditionMgr:805 - Attr not supported : Dmpu
2024-11-25 08:43:26,375 [ERROR] ConditionMgr:805 - Attr not supported : Dmpu
2024-11-25 08:43:26,375 [ERROR] ConditionMgr:805 - Attr not supported : Dmpu
2024-11-25 08:43:26,375 [ERROR] ConditionMgr:805 - Attr not supported : Dmpu
2024-11-25 08:43:26,375 [ERROR] ConditionMgr:805 - Attr not supported : Dmpu
2024-11-25 08:43:26,376 [ERROR] ConditionMgr:805 - Attr not supported : Dmpu
2024-11-25 08:43:26,376 [ERROR] ConditionMgr:805 - Attr not supported : Dmpu
2024-11-25 08:43:26,376 [ERROR] ConditionMgr:805 - Attr not supported : Dmpu
2024-11-25 08:43:26,376 [ERROR] ConditionMgr:805 - Attr not supported : Dmpu
2024-11-25 08:43:26,376 [ERROR] ConditionMgr:805 - Attr not supported : Dmpu
2024-11-25 08:43:26,376 [ERROR] ConditionMgr:805 - Attr not supported : Dmpu
2024-11-25 08:43:26,376 [ERROR] ConditionMgr:805 - Attr not supported : Dmpu
2024-11-25 08:43:26,376 [ERROR] ConditionMgr:805 - Attr not supported : Dmpu
2024-11-25 08:43:26,376 [ERROR] ConditionMgr:805 - Attr not supported : Dmpu
2024-11-25 08:43:26,376 [ERROR] ConditionMgr:805 - Attr not supported : Dmpu
2024-11-25 08:43:26,376 [ERROR] ConditionMgr:805 - Attr not supported : Dmpu
2024-11-25 08:43:26,376 [ERROR] ConditionMgr:805 - Attr not supported : Dmpu
2024-11-25 08:43:26,376 [ERROR] ConditionMgr:805 - Attr not supported : Dmpu
2024-11-25 08:43:26,376 [ERROR] ConditionMgr:805 - Attr not supported : Dmpu
2024-11-25 08:43:26,376 [ERROR] ConditionMgr:805 - Attr not supported : Dmpu
2024-11-25 08:43:26,376 [ERROR] ConditionMgr:805 - Attr not supported : Dmpu
2024-11-25 08:43:26,377 [ERROR] ConditionMgr:805 - Attr not supported : Dmpu
2024-11-25 08:43:26,377 [ERROR] ConditionMgr:805 - Attr not supported : Dmpu
2024-11-25 08:43:26,377 [ERROR] ConditionMgr:805 - Attr not supported : Dmpu
2024-11-25 08:43:26,377 [ERROR] ConditionMgr:805 - Attr not supported : Dmpu
2024-11-25 08:43:26,377 [ERROR] ConditionMgr:805 - Attr not supported : Dmpu
2024-11-25 08:43:26,377 [ERROR] ConditionMgr:805 - Attr not supported : Dmpu
2024-11-25 08:43:26,377 [ERROR] ConditionMgr:805 - Attr not supported : Dmpu
2024-11-25 08:43:26,377 [ERROR] ConditionMgr:805 - Attr not supported : Dmpu
2024-11-25 08:43:26,377 [ERROR] ConditionMgr:805 - Attr not supported : Dmpu
2024-11-25 08:43:26,377 [ERROR] ConditionMgr:805 - Attr not supported : Dmpu
2024-11-25 08:43:26,377 [ERROR] ConditionMgr:805 - Attr not supported : Dmpu
2024-11-25 08:43:26,377 [ERROR] ConditionMgr:805 - Attr not supported : Dmpu
2024-11-25 08:43:26,377 [ERROR] ConditionMgr:805 - Attr not supported : Dmpu
2024-11-25 08:43:26,377 [ERROR] ConditionMgr:805 - Attr not supported : Dmpu
2024-11-25 08:43:26,377 [ERROR] ConditionMgr:805 - Attr not supported : Dmpu
2024-11-25 08:43:26,377 [ERROR] ConditionMgr:805 - Attr not supported : Dmpu
2024-11-25 08:43:26,377 [ERROR] ConditionMgr:805 - Attr not supported : Dmpu
2024-11-25 08:43:26,377 [ERROR] ConditionMgr:805 - Attr not supported : Dmpu
2024-11-25 08:43:26,377 [ERROR] ConditionMgr:805 - Attr not supported : Dmpu
2024-11-25 08:43:26,377 [ERROR] ConditionMgr:805 - Attr not supported : Dmpu
2024-11-25 08:43:26,377 [ERROR] ConditionMgr:805 - Attr not supported : Dmpu
2024-11-25 08:43:26,377 [ERROR] ConditionMgr:805 - Attr not supported : Dmpu
2024-11-25 08:43:26,377 [ERROR] ConditionMgr:805 - Attr not supported : Dmpu
2024-11-25 08:43:26,377 [ERROR] ConditionMgr:805 - Attr not supported : Dmpu
2024-11-25 08:43:26,378 [ERROR] ConditionMgr:805 - Attr not supported : Dmpu
2024-11-25 08:43:26,378 [ERROR] ConditionMgr:805 - Attr not supported : Dmpu
2024-11-25 08:43:26,378 [ERROR] ConditionMgr:805 - Attr not supported : Dmpu
2024-11-25 08:43:26,378 [ERROR] ConditionMgr:805 - Attr not supported : Dmpu
2024-11-25 08:43:26,378 [ERROR] ConditionMgr:805 - Attr not supported : Dmpu
2024-11-25 08:43:26,378 [ERROR] ConditionMgr:805 - Attr not supported : Dmpu
2024-11-25 08:43:26,378 [ERROR] ConditionMgr:805 - Attr not supported : Dmpu
2024-11-25 08:43:26,378 [ERROR] ConditionMgr:805 - Attr not supported : Dmpu
2024-11-25 08:43:26,390 [WARN] PackLoader:240 - Cannot read IP mode file for STMicroelectronics.X-CUBE-BLEMGR.3.0.0
2024-11-25 08:43:26,401 [WARN] PackLoader:240 - Cannot read IP mode file for RealThread.X-CUBE-RT-Thread_Nano.4.1.1
2024-11-25 08:43:26,411 [WARN] PackLoader:240 - Cannot read IP mode file for STMicroelectronics.FP-ATR-SIGFOX1.3.2.0
2024-11-25 08:43:26,419 [WARN] ConditionMgr:438 - getConditionDescription Invalid condition id : Cortex-A Device cause : null
2024-11-25 08:43:26,432 [WARN] ConditionMgr:1039 - genDependencies : Invalid condition id : Cortex-A Device cause : null
2024-11-25 08:43:26,432 [WARN] ConditionMgr:1039 - genDependencies : Invalid condition id : Cortex-A Device cause : null
2024-11-25 08:43:26,432 [WARN] ConditionMgr:1039 - genDependencies : Invalid condition id : Cortex-A Device cause : null
2024-11-25 08:43:26,439 [INFO] WebApp:167 - Instantiating new browser for Auth
2024-11-25 08:43:26,442 [WARN] PackLoader:240 - Cannot read IP mode file for STMicroelectronics.X-CUBE-EEPRMA1.5.1.0
2024-11-25 08:43:26,481 [WARN] PackLoader:240 - Cannot read IP mode file for SEGGER.I-CUBE-embOS.1.3.1
2024-11-25 08:43:26,513 [WARN] PackLoader:240 - Cannot read IP mode file for STMicroelectronics.X-CUBE-ALGOBUILD.1.4.0
2024-11-25 08:43:26,527 [WARN] PackLoader:240 - Cannot read IP mode file for STMicroelectronics.X-CUBE-AI.9.1.0
2024-11-25 08:43:26,538 [WARN] PackLoader:240 - Cannot read IP mode file for STMicroelectronics.X-CUBE-GNSS1.6.0.0
2024-11-25 08:43:26,565 [WARN] PackLoader:240 - Cannot read IP mode file for STMicroelectronics.X-CUBE-AZRTOS-F4.1.1.0
2024-11-25 08:43:26,578 [WARN] PackLoader:240 - Cannot read IP mode file for wolfSSL.I-CUBE-wolfSSL.5.6.4
2024-11-25 08:43:26,591 [WARN] PackLoader:240 - Cannot read IP mode file for STMicroelectronics.X-CUBE-ISPU.2.1.0
2024-11-25 08:43:26,602 [WARN] PackLoader:240 - Cannot read IP mode file for STMicroelectronics.X-CUBE-FREERTOS.1.2.0
2024-11-25 08:43:26,624 [WARN] PackLoader:240 - Cannot read IP mode file for STMicroelectronics.X-CUBE-AZRTOS-L5.2.0.0
2024-11-25 08:43:26,635 [WARN] PackLoader:240 - Cannot read IP mode file for STMicroelectronics.X-CUBE-EEPRMA1.4.2.0
2024-11-25 08:43:26,647 [WARN] PackLoader:240 - Cannot read IP mode file for STMicroelectronics.X-CUBE-NFC6.3.1.0
2024-11-25 08:43:26,663 [WARN] PackLoader:240 - Cannot read IP mode file for ITTIA_DB.I-CUBE-ITTIADB.8.8.0
2024-11-25 08:43:26,673 [WARN] PackLoader:240 - Cannot read IP mode file for STMicroelectronics.X-CUBE-DPower.1.2.0
2024-11-25 08:43:26,684 [WARN] PackLoader:240 - Cannot read IP mode file for STMicroelectronics.X-CUBE-AI.9.0.0
2024-11-25 08:43:26,696 [WARN] PackLoader:240 - Cannot read IP mode file for STMicroelectronics.X-CUBE-NFC7.1.0.1
2024-11-25 08:43:26,708 [WARN] PackLoader:240 - Cannot read IP mode file for STMicroelectronics.X-CUBE-NFC6.3.0.0
2024-11-25 08:43:26,723 [WARN] PackLoader:240 - Cannot read IP mode file for STMicroelectronics.X-CUBE-AI.8.1.0
2024-11-25 08:43:26,749 [WARN] ConditionMgr:438 - getConditionDescription Invalid condition id : LAN8742 Phy interface Condition cause : null
2024-11-25 08:43:26,750 [WARN] PackLoader:240 - Cannot read IP mode file for STMicroelectronics.X-CUBE-AZRTOS-L4.2.0.0
2024-11-25 08:43:26,750 [WARN] ConditionMgr:1039 - genDependencies : Invalid condition id : LAN8742 Phy interface Condition cause : null
2024-11-25 08:43:26,751 [WARN] ConditionMgr:1039 - genDependencies : Invalid condition id : LAN8742 Phy interface Condition cause : null
2024-11-25 08:43:26,751 [WARN] ConditionMgr:1039 - genDependencies : Invalid condition id : LAN8742 Phy interface Condition cause : null
2024-11-25 08:43:26,767 [WARN] PackLoader:240 - Cannot read IP mode file for STMicroelectronics.X-CUBE-SFXS2LP1.4.0.0
2024-11-25 08:43:26,795 [WARN] PackLoader:240 - Cannot read IP mode file for STMicroelectronics.X-CUBE-AZRTOS-H7.3.3.0
2024-11-25 08:43:26,811 [WARN] PackLoader:240 - Cannot read IP mode file for STMicroelectronics.X-CUBE-IPS.3.0.0
2024-11-25 08:43:26,832 [WARN] ConditionMgr:438 - getConditionDescription Invalid condition id : UX DEVICE CLASS RTOS Condition cause : null
2024-11-25 08:43:26,832 [WARN] ConditionMgr:438 - getConditionDescription Invalid condition id : UX DEVICE CLASS RTOS Condition cause : null
2024-11-25 08:43:26,833 [WARN] PackLoader:240 - Cannot read IP mode file for STMicroelectronics.X-CUBE-AZRTOS-WB.2.0.0
2024-11-25 08:43:26,834 [WARN] ConditionMgr:1039 - genDependencies : Invalid condition id : UX DEVICE CLASS RTOS Condition cause : null
2024-11-25 08:43:26,834 [WARN] ConditionMgr:1039 - genDependencies : Invalid condition id : UX DEVICE CLASS RTOS Condition cause : null
2024-11-25 08:43:26,834 [WARN] ConditionMgr:1039 - genDependencies : Invalid condition id : UX DEVICE CLASS RTOS Condition cause : null
2024-11-25 08:43:26,834 [WARN] ConditionMgr:1039 - genDependencies : Invalid condition id : UX DEVICE CLASS RTOS Condition cause : null
2024-11-25 08:43:26,834 [WARN] ConditionMgr:1039 - genDependencies : Invalid condition id : UX DEVICE CLASS RTOS Condition cause : null
2024-11-25 08:43:26,846 [WARN] PackLoader:240 - Cannot read IP mode file for STMicroelectronics.X-CUBE-GNSS1.7.0.0
2024-11-25 08:43:26,858 [WARN] PackLoader:240 - Cannot read IP mode file for STMicroelectronics.FP-SNS-STBOX1.2.0.0
2024-11-25 08:43:26,876 [WARN] PackLoader:240 - Cannot read IP mode file for STMicroelectronics.X-CUBE-SUBG2.5.0.0
2024-11-25 08:43:26,899 [WARN] PackLoader:240 - Cannot read IP mode file for STMicroelectronics.X-CUBE-AZRTOS-G4.2.0.0
2024-11-25 08:43:26,925 [WARN] PackLoader:240 - Cannot read IP mode file for Infineon.AIROC-Wi-Fi-Bluetooth-STM32.1.5.1
2024-11-25 08:43:26,937 [WARN] PackLoader:240 - Cannot read IP mode file for STMicroelectronics.FP-SNS-MOTENVWB1.1.3.1
2024-11-25 08:43:26,950 [WARN] PackLoader:240 - Cannot read IP mode file for STMicroelectronics.X-CUBE-ISPU.2.0.0
2024-11-25 08:43:26,960 [WARN] PackLoader:240 - Cannot read IP mode file for STMicroelectronics.X-CUBE-ALS.1.0.2
2024-11-25 08:43:26,992 [WARN] PackLoader:240 - Cannot read IP mode file for STMicroelectronics.X-CUBE-MEMS1.10.0.0
2024-11-25 08:43:27,046 [WARN] PackLoader:240 - Cannot read IP mode file for STMicroelectronics.X-CUBE-FREERTOS.1.1.0
2024-11-25 08:43:27,056 [WARN] PackLoader:240 - Cannot read IP mode file for STMicroelectronics.X-CUBE-TOUCHGFX.4.24.0
2024-11-25 08:43:27,069 [WARN] PackLoader:240 - Cannot read IP mode file for STMicroelectronics.X-CUBE-TOUCHGFX.4.24.1
2024-11-25 08:43:27,079 [WARN] PackLoader:240 - Cannot read IP mode file for wolfSSL.I-CUBE-wolfTPM.3.4.0
2024-11-25 08:43:27,092 [WARN] PackLoader:240 - Cannot read IP mode file for portGmbH.I-Cube-SoM-uGOAL.1.1.0
2024-11-25 08:43:27,105 [WARN] PackLoader:240 - Cannot read IP mode file for STMicroelectronics.X-CUBE-ALS.1.0.1
2024-11-25 08:43:27,127 [WARN] PackLoader:240 - Cannot read IP mode file for STMicroelectronics.X-CUBE-AZRTOS-H7RS.1.0.0
2024-11-25 08:43:27,135 [WARN] PackLoader:240 - Cannot read IP mode file for STMicroelectronics.FP-ATR-ASTRA1.2.0.0
2024-11-25 08:43:27,150 [WARN] PackLoader:240 - Cannot read IP mode file for STMicroelectronics.X-CUBE-TOF1.3.4.2
2024-11-25 08:43:27,168 [WARN] PackLoader:240 - Cannot read IP mode file for STMicroelectronics.X-CUBE-TOF1.3.4.0
2024-11-25 08:43:27,172 [INFO] WebApp:448 - Apply proxy settings
2024-11-25 08:43:27,173 [INFO] WebApp:533 - Chromium requires no authentication
2024-11-25 08:43:27,191 [INFO] WebApp:476 - Direct internet connection detected
2024-11-25 08:43:27,199 [WARN] PackLoader:240 - Cannot read IP mode file for STMicroelectronics.X-CUBE-TOF1.3.4.1
2024-11-25 08:43:27,226 [INFO] WebApp:869 - Register for checkConnection events
2024-11-25 08:43:27,226 [INFO] WebApp:448 - Apply proxy settings
2024-11-25 08:43:27,226 [INFO] WebApp:533 - Chromium requires no authentication
2024-11-25 08:43:27,227 [INFO] WebApp:476 - Direct internet connection detected
2024-11-25 08:43:27,238 [WARN] PackLoader:240 - Cannot read IP mode file for STMicroelectronics.X-CUBE-AZRTOS-H7.3.2.0
2024-11-25 08:43:27,252 [WARN] PackLoader:240 - Cannot read IP mode file for wolfSSL.I-CUBE-wolfSSH.1.4.17
2024-11-25 08:43:27,253 [INFO] ThirdParty:978 - Integrity check success = true
2024-11-25 08:43:27,253 [INFO] IntegrityCheckThread:100 - exiting critical section [integrity check]
2024-11-25 08:43:27,253 [INFO] IntegrityCheckThread:103 - End integrity checks thread
2024-11-25 08:43:27,377 [INFO] WebApp:220 - Starting web application
2024-11-25 08:43:27,377 [INFO] WebApp:578 - Web application path used C:\ST\STM32CubeIDE_1.16.1\STM32CubeIDE\plugins\com.st.stm32cube.common.mx_6.12.1.202409122256\db\plugins\mcufinder\reactClient1\index.html
2024-11-25 08:43:27,473 [INFO] WebApp:186 - Connection restablished
2024-11-25 08:43:27,517 [INFO] UserAuth:417 - Internet connection configuration mode: 1
2024-11-25 17:28:54,421 [ERROR] LogOutputStream:75 - [STDERR_REDIRECT] 
