2025-05-21 08:55:10,636 [INFO] Activator:176 - 


2025-05-21 08:55:10,641 [INFO] Activator:177 - !SESSION log4j initialized
2025-05-21 08:55:16,654 [INFO] LogOutputStream:77 - [STDOUT_REDIRECT] 
2025-05-21 08:55:23,572 [INFO] ApplicationProperties:184 - Using Application install path: C:\ST\STM32CubeIDE_1.16.1\STM32CubeIDE\plugins\com.st.stm32cube.common.mx_6.12.1.202409122256
2025-05-21 08:55:23,587 [INFO] DbMcusXml:78 - Set database path to: C:\ST\STM32CubeIDE_1.16.1\STM32CubeIDE\plugins\com.st.stm32cube.common.mx_6.12.1.202409122256\\db\/mcu/
2025-05-21 08:55:23,587 [INFO] ApiDb:274 - Set plugin database path to: C:\ST\STM32CubeIDE_1.16.1\STM32CubeIDE\plugins\com.st.stm32cube.common.mx_6.12.1.202409122256\\db\/plugins/boardmanager/
2025-05-21 08:55:23,588 [WARN] ApiDb:259 - Overriding images path with different value:  => C:\ST\STM32CubeIDE_1.16.1\STM32CubeIDE\plugins\com.st.stm32cube.common.mx_6.12.1.202409122256\\db\/plugins/mcufinder/images/
2025-05-21 08:55:23,602 [INFO] ApiDb:250 - Set database path to: C:\Users\RND1\.stmcufinder\plugins\mcufinder//mcu/
2025-05-21 08:55:23,603 [INFO] DbMcusAds:125 - Set database path to: C:\Users\RND1\.stmcufinder\plugins\mcufinder//mcu/
2025-05-21 08:55:23,604 [INFO] CrossReferenceDbSqlite:203 - Set database path to: C:\Users\RND1\.stmcufinder\plugins\mcufinder//mcu/cs/
2025-05-21 08:55:23,690 [INFO] RulesReader:64 - Compatibility file has been processed (297 Rules)
2025-05-21 08:55:23,766 [INFO] DbMcusXml:78 - Set database path to: C:\ST\STM32CubeIDE_1.16.1\STM32CubeIDE\plugins\com.st.stm32cube.common.mx_6.12.1.202409122256\\db\/mcu/
2025-05-21 08:55:23,766 [INFO] ApiDb:274 - Set plugin database path to: C:\ST\STM32CubeIDE_1.16.1\STM32CubeIDE\plugins\com.st.stm32cube.common.mx_6.12.1.202409122256\\db\/plugins/boardmanager/
2025-05-21 08:55:23,766 [INFO] ApiDb:261 - Set plugin images path to: C:\ST\STM32CubeIDE_1.16.1\STM32CubeIDE\plugins\com.st.stm32cube.common.mx_6.12.1.202409122256\\db\/plugins/mcufinder/images/
2025-05-21 08:55:23,767 [WARN] DbFile:41 - Overriding database path with different value: C:\Users\RND1\.stmcufinder\plugins\mcufinder/ => C:\Users\RND1\.stmcufinder\plugins\mcufinder
2025-05-21 08:55:23,767 [INFO] ApiDb:250 - Set database path to: C:\Users\RND1\.stmcufinder\plugins\mcufinder//mcu/
2025-05-21 08:55:23,767 [WARN] DbFile:41 - Overriding database path with different value: C:\Users\RND1\.stmcufinder\plugins\mcufinder/ => C:\Users\RND1\.stmcufinder\plugins\mcufinder
2025-05-21 08:55:23,767 [INFO] DbMcusAds:125 - Set database path to: C:\Users\RND1\.stmcufinder\plugins\mcufinder//mcu/
2025-05-21 08:55:23,767 [WARN] DbFile:41 - Overriding database path with different value: C:\Users\RND1\.stmcufinder\plugins\mcufinder/ => C:\Users\RND1\.stmcufinder\plugins\mcufinder
2025-05-21 08:55:23,767 [WARN] DbFile:41 - Overriding database path with different value: C:\Users\RND1\.stmcufinder\plugins\mcufinder/ => C:\Users\RND1\.stmcufinder\plugins\mcufinder
2025-05-21 08:55:23,767 [INFO] CrossReferenceDbSqlite:203 - Set database path to: C:\Users\RND1\.stmcufinder\plugins\mcufinder//mcu/cs/
2025-05-21 08:55:23,830 [INFO] MainPanel:268 - HeapMemory: 268435456
2025-05-21 08:55:23,917 [INFO] DbMcusXml:78 - Set database path to: C:\ST\STM32CubeIDE_1.16.1\STM32CubeIDE\plugins\com.st.stm32cube.common.mx_6.12.1.202409122256\\db\/mcu/
2025-05-21 08:55:23,917 [INFO] ApiDb:274 - Set plugin database path to: C:\ST\STM32CubeIDE_1.16.1\STM32CubeIDE\plugins\com.st.stm32cube.common.mx_6.12.1.202409122256\\db\/plugins/boardmanager/
2025-05-21 08:55:23,917 [INFO] ApiDb:261 - Set plugin images path to: C:\ST\STM32CubeIDE_1.16.1\STM32CubeIDE\plugins\com.st.stm32cube.common.mx_6.12.1.202409122256\\db\/plugins/mcufinder/images/
2025-05-21 08:55:23,918 [WARN] DbFile:41 - Overriding database path with different value: C:\Users\RND1\.stmcufinder\plugins\mcufinder/ => C:\Users\RND1\.stmcufinder\plugins\mcufinder
2025-05-21 08:55:23,918 [INFO] ApiDb:250 - Set database path to: C:\Users\RND1\.stmcufinder\plugins\mcufinder//mcu/
2025-05-21 08:55:23,918 [WARN] DbFile:41 - Overriding database path with different value: C:\Users\RND1\.stmcufinder\plugins\mcufinder/ => C:\Users\RND1\.stmcufinder\plugins\mcufinder
2025-05-21 08:55:23,918 [INFO] DbMcusAds:125 - Set database path to: C:\Users\RND1\.stmcufinder\plugins\mcufinder//mcu/
2025-05-21 08:55:23,918 [WARN] DbFile:41 - Overriding database path with different value: C:\Users\RND1\.stmcufinder\plugins\mcufinder/ => C:\Users\RND1\.stmcufinder\plugins\mcufinder
2025-05-21 08:55:23,918 [WARN] DbFile:41 - Overriding database path with different value: C:\Users\RND1\.stmcufinder\plugins\mcufinder/ => C:\Users\RND1\.stmcufinder\plugins\mcufinder
2025-05-21 08:55:23,918 [INFO] CrossReferenceDbSqlite:203 - Set database path to: C:\Users\RND1\.stmcufinder\plugins\mcufinder//mcu/cs/
2025-05-21 08:55:23,934 [INFO] ApplicationProperties:184 - Using Application install path: C:\ST\STM32CubeIDE_1.16.1\STM32CubeIDE\plugins\com.st.stm32cube.common.mx_6.12.1.202409122256
2025-05-21 08:55:23,936 [INFO] PluginManage:196 - Search for loadable plugins [exclusion list=, ]
2025-05-21 08:55:23,937 [INFO] PluginManage:310 - Check plugin analytics
2025-05-21 08:55:24,118 [INFO] AnalyticsPlugin:253 - Accepted Software Licenses: STM32CubeMX.6.10.0
2025-05-21 08:55:24,118 [INFO] AnalyticsPlugin:255 - Accepted CMSIS Pack Licenses: 
2025-05-21 08:55:24,118 [INFO] AnalyticsPlugin:257 - Accepted Firmware Licenses: FW.G4.1.5.0,FW.G4.1.6.0,FW.F4.1.28.0,FW.H7.1.11.0
2025-05-21 08:55:24,121 [INFO] PluginManage:359 - Loaded plugin analytics (category:tool,tabindex:-1)
2025-05-21 08:55:24,122 [INFO] PluginManage:310 - Check plugin cadmodel
2025-05-21 08:55:24,143 [INFO] CADModel:105 - Init CAD model plugin
2025-05-21 08:55:24,143 [INFO] PluginManage:359 - Loaded plugin cadmodel (category:power,tabindex:5)
2025-05-21 08:55:24,143 [INFO] PluginManage:310 - Check plugin clock
2025-05-21 08:55:24,165 [INFO] PluginManage:359 - Loaded plugin clock (category:base,tabindex:2)
2025-05-21 08:55:24,165 [INFO] PluginManage:310 - Check plugin ddr
2025-05-21 08:55:24,167 [INFO] PluginManage:359 - Loaded plugin ddr (category:tool,tabindex:6)
2025-05-21 08:55:24,168 [INFO] PluginManage:310 - Check plugin filemanager
2025-05-21 08:55:24,312 [INFO] PluginManage:359 - Loaded plugin filemanager (category:base,tabindex:10)
2025-05-21 08:55:24,312 [INFO] PluginManage:310 - Check plugin ipmanager
2025-05-21 08:55:24,320 [INFO] PluginManage:359 - Loaded plugin ipmanager (category:base,tabindex:5)
2025-05-21 08:55:24,321 [INFO] PluginManage:310 - Check plugin lpbam
2025-05-21 08:55:24,340 [INFO] PluginManage:359 - Loaded plugin lpbam (category:base,tabindex:0)
2025-05-21 08:55:24,340 [INFO] PluginManage:310 - Check plugin memorymap
2025-05-21 08:55:24,361 [INFO] PluginManage:359 - Loaded plugin memorymap (category:base,tabindex:4)
2025-05-21 08:55:24,361 [INFO] PluginManage:310 - Check plugin pinoutandconfiguration
2025-05-21 08:55:24,376 [INFO] PluginManage:359 - Loaded plugin pinoutandconfiguration (category:base,tabindex:1)
2025-05-21 08:55:24,376 [INFO] PluginManage:310 - Check plugin pinoutconfig
2025-05-21 08:55:24,469 [WARN] SupportedApi:132 - Cannot load RTOS API schema: s4s-elt-must-match.1: The content of 'definitions' must match (annotation?, (simpleType | complexType)?, (unique | key | keyref)*)). A problem was found starting at: attribute.
2025-05-21 08:55:24,602 [INFO] PluginManage:359 - Loaded plugin pinoutconfig (category:base,tabindex:0)
2025-05-21 08:55:24,602 [INFO] PluginManage:310 - Check plugin power
2025-05-21 08:55:24,620 [INFO] PluginManage:359 - Loaded plugin power (category:power,tabindex:4)
2025-05-21 08:55:24,620 [INFO] PluginManage:310 - Check plugin projectmanager
2025-05-21 08:55:24,631 [INFO] PluginManage:359 - Loaded plugin projectmanager (category:projectmanager,tabindex:4)
2025-05-21 08:55:24,632 [INFO] PluginManage:310 - Check plugin rif
2025-05-21 08:55:24,648 [INFO] PluginManage:359 - Loaded plugin rif (category:base,tabindex:3)
2025-05-21 08:55:24,649 [INFO] PluginManage:310 - Check plugin thirdparty
2025-05-21 08:55:24,925 [INFO] PluginManage:359 - Loaded plugin thirdparty (category:base,tabindex:-1)
2025-05-21 08:55:24,925 [WARN] IntegrityCheckThread:84 - waiting for thirdparty lock release [integrity check]
2025-05-21 08:55:24,925 [INFO] PluginManage:310 - Check plugin tools
2025-05-21 08:55:24,925 [INFO] IntegrityCheckThread:86 - entering critical section [integrity check]
2025-05-21 08:55:24,926 [INFO] ThirdPartyUpdaterWithRetryManager:70 - Updater plugin not ready yet. [1/15]
2025-05-21 08:55:24,969 [INFO] PluginManage:359 - Loaded plugin tools (category:base,tabindex:7)
2025-05-21 08:55:24,969 [INFO] PluginManage:310 - Check plugin tutovideos
2025-05-21 08:55:25,138 [INFO] PluginManage:359 - Loaded plugin tutovideos (category:base,tabindex:-1)
2025-05-21 08:55:25,139 [INFO] PluginManage:310 - Check plugin updater
2025-05-21 08:55:25,152 [INFO] PluginManage:359 - Loaded plugin updater (category:base,tabindex:12)
2025-05-21 08:55:25,152 [INFO] PluginManage:310 - Check plugin userauth
2025-05-21 08:55:25,158 [INFO] UserAuth:113 - Init User Auth plugin
2025-05-21 08:55:25,158 [INFO] PluginManage:359 - Loaded plugin userauth (category:base,tabindex:14)
2025-05-21 08:55:25,158 [INFO] PluginManage:283 - PluginManage : Loaded plugins [18]
2025-05-21 08:55:25,331 [INFO] PinOutPanel:1561 - setPackage(No Configuration,No Configuration)
2025-05-21 08:55:25,405 [INFO] CADModel:165 - CPN selected for project level
2025-05-21 08:55:25,405 [INFO] CADModel:114 - Register for checkConnection events
2025-05-21 08:55:25,432 [INFO] IPUIPlugin:80 - create IPUIPlugin
2025-05-21 08:55:25,433 [INFO] PluginManager:220 - loadIPPluginJar : add adc
2025-05-21 08:55:25,472 [INFO] IPUIPlugin:80 - create IPUIPlugin
2025-05-21 08:55:25,472 [INFO] PluginManager:220 - loadIPPluginJar : add aes
2025-05-21 08:55:25,517 [INFO] IPUIPlugin:80 - create IPUIPlugin
2025-05-21 08:55:25,517 [INFO] PluginManager:220 - loadIPPluginJar : add can
2025-05-21 08:55:25,544 [INFO] IPUIPlugin:80 - create IPUIPlugin
2025-05-21 08:55:25,544 [INFO] PluginManager:220 - loadIPPluginJar : add comp
2025-05-21 08:55:25,577 [INFO] IPUIPlugin:80 - create IPUIPlugin
2025-05-21 08:55:25,577 [INFO] PluginManager:220 - loadIPPluginJar : add cryp
2025-05-21 08:55:25,589 [INFO] IPUIPlugin:80 - create IPUIPlugin
2025-05-21 08:55:25,589 [INFO] PluginManager:220 - loadIPPluginJar : add ddr_ctrl_phy
2025-05-21 08:55:25,618 [INFO] IPUIPlugin:80 - create IPUIPlugin
2025-05-21 08:55:25,618 [INFO] PluginManager:220 - loadIPPluginJar : add dfsdm
2025-05-21 08:55:25,634 [INFO] IPUIPlugin:80 - create IPUIPlugin
2025-05-21 08:55:25,634 [INFO] PluginManager:220 - loadIPPluginJar : add dma
2025-05-21 08:55:25,678 [INFO] IPUIPlugin:80 - create IPUIPlugin
2025-05-21 08:55:25,678 [INFO] PluginManager:220 - loadIPPluginJar : add dma3
2025-05-21 08:55:25,718 [INFO] IPUIPlugin:80 - create IPUIPlugin
2025-05-21 08:55:25,719 [INFO] PluginManager:220 - loadIPPluginJar : add extmemmanager
2025-05-21 08:55:25,738 [INFO] IPUIPlugin:80 - create IPUIPlugin
2025-05-21 08:55:25,739 [INFO] PluginManager:220 - loadIPPluginJar : add fatfs
2025-05-21 08:55:25,780 [INFO] IPUIPlugin:80 - create IPUIPlugin
2025-05-21 08:55:25,780 [INFO] PluginManager:220 - loadIPPluginJar : add fmc
2025-05-21 08:55:25,794 [INFO] IPUIPlugin:80 - create IPUIPlugin
2025-05-21 08:55:25,794 [INFO] PluginManager:220 - loadIPPluginJar : add freertos
2025-05-21 08:55:25,815 [INFO] IPUIPlugin:80 - create IPUIPlugin
2025-05-21 08:55:25,815 [INFO] PluginManager:220 - loadIPPluginJar : add genericplugin
2025-05-21 08:55:25,913 [INFO] IPUIPlugin:80 - create IPUIPlugin
2025-05-21 08:55:25,914 [INFO] PluginManager:220 - loadIPPluginJar : add gfxmmu
2025-05-21 08:55:26,051 [INFO] IPUIPlugin:80 - create IPUIPlugin
2025-05-21 08:55:26,051 [INFO] PluginManager:220 - loadIPPluginJar : add gic
2025-05-21 08:55:26,064 [INFO] IPUIPlugin:80 - create IPUIPlugin
2025-05-21 08:55:26,064 [INFO] PluginManager:220 - loadIPPluginJar : add gpio
2025-05-21 08:55:26,144 [INFO] IPUIPlugin:80 - create IPUIPlugin
2025-05-21 08:55:26,144 [INFO] PluginManager:220 - loadIPPluginJar : add gtzc
2025-05-21 08:55:26,175 [INFO] IPUIPlugin:80 - create IPUIPlugin
2025-05-21 08:55:26,175 [INFO] PluginManager:220 - loadIPPluginJar : add hash
2025-05-21 08:55:26,239 [INFO] IPUIPlugin:80 - create IPUIPlugin
2025-05-21 08:55:26,239 [INFO] PluginManager:220 - loadIPPluginJar : add i2c
2025-05-21 08:55:26,276 [INFO] IPUIPlugin:80 - create IPUIPlugin
2025-05-21 08:55:26,276 [INFO] PluginManager:220 - loadIPPluginJar : add i2s
2025-05-21 08:55:26,314 [INFO] IPUIPlugin:80 - create IPUIPlugin
2025-05-21 08:55:26,314 [INFO] PluginManager:220 - loadIPPluginJar : add i3c
2025-05-21 08:55:26,409 [INFO] IPUIPlugin:80 - create IPUIPlugin
2025-05-21 08:55:26,409 [INFO] PluginManager:220 - loadIPPluginJar : add ipddr
2025-05-21 08:55:26,530 [INFO] IPUIPlugin:80 - create IPUIPlugin
2025-05-21 08:55:26,530 [INFO] PluginManager:220 - loadIPPluginJar : add linkedlist
2025-05-21 08:55:26,571 [INFO] IPUIPlugin:80 - create IPUIPlugin
2025-05-21 08:55:26,571 [INFO] PluginManager:220 - loadIPPluginJar : add lorawan
2025-05-21 08:55:26,606 [INFO] IPUIPlugin:80 - create IPUIPlugin
2025-05-21 08:55:26,606 [INFO] PluginManager:220 - loadIPPluginJar : add ltdc
2025-05-21 08:55:26,619 [INFO] IPUIPlugin:80 - create IPUIPlugin
2025-05-21 08:55:26,619 [INFO] PluginManager:220 - loadIPPluginJar : add mdma
2025-05-21 08:55:26,630 [INFO] IPUIPlugin:80 - create IPUIPlugin
2025-05-21 08:55:26,630 [INFO] PluginManager:220 - loadIPPluginJar : add nvic
2025-05-21 08:55:26,663 [INFO] IPUIPlugin:80 - create IPUIPlugin
2025-05-21 08:55:26,663 [INFO] PluginManager:220 - loadIPPluginJar : add opamp
2025-05-21 08:55:26,720 [INFO] IPUIPlugin:80 - create IPUIPlugin
2025-05-21 08:55:26,720 [INFO] PluginManager:220 - loadIPPluginJar : add openamp
2025-05-21 08:55:26,761 [INFO] IPUIPlugin:80 - create IPUIPlugin
2025-05-21 08:55:26,761 [INFO] PluginManager:220 - loadIPPluginJar : add pdm2pcm
2025-05-21 08:55:26,774 [INFO] IPUIPlugin:80 - create IPUIPlugin
2025-05-21 08:55:26,776 [INFO] PluginManager:220 - loadIPPluginJar : add plateformsettings
2025-05-21 08:55:26,797 [INFO] IPUIPlugin:80 - create IPUIPlugin
2025-05-21 08:55:26,797 [INFO] PluginManager:220 - loadIPPluginJar : add quadspi
2025-05-21 08:55:26,822 [INFO] IPUIPlugin:80 - create IPUIPlugin
2025-05-21 08:55:26,823 [INFO] PluginManager:220 - loadIPPluginJar : add radio
2025-05-21 08:55:26,835 [INFO] IPUIPlugin:80 - create IPUIPlugin
2025-05-21 08:55:26,835 [INFO] PluginManager:220 - loadIPPluginJar : add resmgrutility
2025-05-21 08:55:26,881 [INFO] IPUIPlugin:80 - create IPUIPlugin
2025-05-21 08:55:26,881 [INFO] PluginManager:220 - loadIPPluginJar : add sai
2025-05-21 08:55:26,922 [INFO] IPUIPlugin:80 - create IPUIPlugin
2025-05-21 08:55:26,922 [INFO] PluginManager:220 - loadIPPluginJar : add spi
2025-05-21 08:55:26,995 [INFO] IPUIPlugin:80 - create IPUIPlugin
2025-05-21 08:55:26,995 [INFO] PluginManager:220 - loadIPPluginJar : add stm32_wpan
2025-05-21 08:55:27,026 [INFO] IPUIPlugin:80 - create IPUIPlugin
2025-05-21 08:55:27,026 [INFO] PluginManager:220 - loadIPPluginJar : add tim
2025-05-21 08:55:27,089 [INFO] IPUIPlugin:80 - create IPUIPlugin
2025-05-21 08:55:27,089 [INFO] PluginManager:220 - loadIPPluginJar : add touchsensing
2025-05-21 08:55:27,112 [INFO] IPUIPlugin:80 - create IPUIPlugin
2025-05-21 08:55:27,112 [INFO] PluginManager:220 - loadIPPluginJar : add tracer_emb
2025-05-21 08:55:27,135 [INFO] IPUIPlugin:80 - create IPUIPlugin
2025-05-21 08:55:27,135 [INFO] PluginManager:220 - loadIPPluginJar : add ts
2025-05-21 08:55:27,161 [INFO] IPUIPlugin:80 - create IPUIPlugin
2025-05-21 08:55:27,161 [INFO] PluginManager:220 - loadIPPluginJar : add tsc
2025-05-21 08:55:27,183 [INFO] IPUIPlugin:80 - create IPUIPlugin
2025-05-21 08:55:27,183 [INFO] PluginManager:220 - loadIPPluginJar : add ucpd
2025-05-21 08:55:27,226 [INFO] IPUIPlugin:80 - create IPUIPlugin
2025-05-21 08:55:27,226 [INFO] PluginManager:220 - loadIPPluginJar : add usart
2025-05-21 08:55:27,270 [INFO] IPUIPlugin:80 - create IPUIPlugin
2025-05-21 08:55:27,270 [INFO] PluginManager:220 - loadIPPluginJar : add usbx
2025-05-21 08:55:27,395 [INFO] CADModel:165 - CPN selected for project level
2025-05-21 08:55:27,395 [INFO] CADModel:114 - Register for checkConnection events
2025-05-21 08:55:27,395 [FATAL] Updater:334 - Updater called before beeing initialized
2025-05-21 08:55:27,395 [ERROR] CADModel:125 - Updater not yet initialized, retry later 
2025-05-21 08:55:27,505 [INFO] CADModel:165 - CPN selected for project level
2025-05-21 08:55:27,505 [INFO] CADModel:114 - Register for checkConnection events
2025-05-21 08:55:27,505 [FATAL] Updater:334 - Updater called before beeing initialized
2025-05-21 08:55:27,505 [ERROR] CADModel:125 - Updater not yet initialized, retry later 
2025-05-21 08:55:27,508 [FATAL] Updater:334 - Updater called before beeing initialized
2025-05-21 08:55:27,590 [FATAL] Updater:334 - Updater called before beeing initialized
2025-05-21 08:55:27,599 [INFO] DbMcusAds:53 - JSON generation date=Thu Mar 06 23:54:21 KST 2025 (1741272861825)
2025-05-21 08:55:27,599 [FATAL] Updater:334 - Updater called before beeing initialized
2025-05-21 08:55:27,627 [WARN] DetailPanel:346 - Failed to get advertising image, set to default
2025-05-21 08:55:27,713 [FATAL] Updater:334 - Updater called before beeing initialized
2025-05-21 08:55:27,715 [FATAL] Updater:334 - Updater called before beeing initialized
2025-05-21 08:55:27,715 [FATAL] Updater:334 - Updater called before beeing initialized
2025-05-21 08:55:27,715 [WARN] DetailPanel:346 - Failed to get advertising image, set to default
2025-05-21 08:55:27,715 [FATAL] Updater:334 - Updater called before beeing initialized
2025-05-21 08:55:27,781 [ERROR] Updater:1164 - MainUpdater not yet initialized. External WinMGr cannot be set.
2025-05-21 08:55:27,792 [INFO] Updater:1100 - Updater Version found : 6.12.1
2025-05-21 08:55:27,805 [INFO] ApplicationProperties:184 - Using Application install path: C:\ST\STM32CubeIDE_1.16.1\STM32CubeIDE\plugins\com.st.stm32cube.common.mx_6.12.1.202409122256
2025-05-21 08:55:27,939 [INFO] ThirdPartyUpdaterWithRetryManager:70 - Updater plugin not ready yet. [2/15]
2025-05-21 08:55:28,503 [INFO] MainUpdater:2873 - connection check result : 10
2025-05-21 08:55:28,504 [INFO] MainUpdater:3567 - Updater definition file requires update
2025-05-21 08:55:28,505 [INFO] MainUpdater:290 - Updater Check For Update Now.
2025-05-21 08:55:28,505 [INFO] MicroXplorer:498 - Change Database Version : DB.6.0.121
2025-05-21 08:55:28,520 [INFO] McuFinderGlobals:63 - Set McuFinder mode to 2 (CubeIDE integrated)
2025-05-21 08:55:28,527 [INFO] UserAuth:417 - Internet connection configuration mode: 1
2025-05-21 08:55:28,549 [INFO] JxBrowserEngine:152 - Initiate JxBrowser Engine with user profile folder
2025-05-21 08:55:28,839 [INFO] ServerAccessManage:473 - Download File updaters.zip
2025-05-21 08:55:29,115 [INFO] FileExtend:240 - Unzip File : updaters.zip
2025-05-21 08:55:29,115 [INFO] FileExtend:255 - Standard Zip Deflate
2025-05-21 08:55:29,871 [INFO] ServerAccessManage:473 - Download File PacksControlFlags.xml
2025-05-21 08:55:30,088 [INFO] ServerAccessManage:473 - Download File cubemx.pidx
2025-05-21 08:55:30,942 [WARN] MainUpdater:1194 - Updater busy. Cannot search thirdparties
2025-05-21 08:55:30,942 [INFO] ThirdPartyUpdaterWithRetryManager:96 - Updater plugin is busy. [1/15]
2025-05-21 08:55:31,316 [INFO] ServerAccessManage:473 - Download File STMicroelectronics.X-CUBE-FREERTOS.pdsc
2025-05-21 08:55:31,343 [INFO] WebApp:167 - Instantiating new browser for Auth
2025-05-21 08:55:31,995 [INFO] WebApp:448 - Apply proxy settings
2025-05-21 08:55:32,001 [INFO] WebApp:493 - Chromium authenticates against Manually configured proxy
2025-05-21 08:55:32,008 [INFO] WebApp:501 - Username used for proxy authentication: 
2025-05-21 08:55:32,045 [INFO] WebApp:869 - Register for checkConnection events
2025-05-21 08:55:32,046 [INFO] WebApp:448 - Apply proxy settings
2025-05-21 08:55:32,051 [INFO] WebApp:493 - Chromium authenticates against Manually configured proxy
2025-05-21 08:55:32,051 [INFO] WebApp:501 - Username used for proxy authentication: 
2025-05-21 08:55:32,229 [INFO] WebApp:220 - Starting web application
2025-05-21 08:55:32,230 [INFO] WebApp:578 - Web application path used C:\ST\STM32CubeIDE_1.16.1\STM32CubeIDE\plugins\com.st.stm32cube.common.mx_6.12.1.202409122256\db\plugins\mcufinder\reactClient1\index.html
2025-05-21 08:55:32,343 [INFO] WebApp:186 - Connection restablished
2025-05-21 08:55:32,388 [INFO] UserAuth:417 - Internet connection configuration mode: 1
2025-05-21 08:55:33,954 [WARN] MainUpdater:1194 - Updater busy. Cannot search thirdparties
2025-05-21 08:55:33,954 [INFO] ThirdPartyUpdaterWithRetryManager:96 - Updater plugin is busy. [2/15]
2025-05-21 08:55:36,439 [INFO] ServerAccessManage:473 - Download File STMicroelectronics.X-CUBE-NFC7.pdsc
2025-05-21 08:55:36,957 [WARN] MainUpdater:1194 - Updater busy. Cannot search thirdparties
2025-05-21 08:55:36,957 [INFO] ThirdPartyUpdaterWithRetryManager:96 - Updater plugin is busy. [3/15]
2025-05-21 08:55:39,223 [WARN] PackLoader:240 - Cannot read IP mode file for STMicroelectronics.X-CUBE-FREERTOS.1.3.1
2025-05-21 08:55:39,229 [WARN] PackLoader:240 - Cannot read IP mode file for STMicroelectronics.X-CUBE-NFC7.2.0.0
2025-05-21 08:55:39,231 [INFO] PopulateThirdPartyThread:66 - Ending populate Thread
2025-05-21 08:55:39,232 [INFO] ThirdParty:1030 - CMSIS Pack Vendor :STMicroelectronics X-CUBE-FREERTOS 1.3.1
2025-05-21 08:55:39,232 [INFO] ThirdParty:1030 - CMSIS Pack Vendor :STMicroelectronics X-CUBE-NFC7 2.0.0
2025-05-21 08:55:39,232 [INFO] LoadServerUpdatesThread:375 - End of LoadServerUpdate Thread
2025-05-21 08:55:39,337 [INFO] CheckServerUpdateThread:120 - End of CheckServer Thread
2025-05-21 08:55:40,175 [WARN] PackLoader:240 - Cannot read IP mode file for STMicroelectronics.FP-SNS-MOTENVWB1.1.4.0
2025-05-21 08:55:40,181 [WARN] PackLoader:240 - Cannot read IP mode file for STMicroelectronics.FP-ATR-ASTRA1.2.0.2
2025-05-21 08:55:40,191 [WARN] PackLoader:240 - Cannot read IP mode file for STMicroelectronics.FP-ATR-ASTRA1.2.0.1
2025-05-21 08:55:40,205 [WARN] PackLoader:240 - Cannot read IP mode file for STMicroelectronics.X-CUBE-SMBUS.2.1.0
2025-05-21 08:55:40,216 [WARN] PackLoader:240 - Cannot read IP mode file for STMicroelectronics.X-CUBE-WB05N.1.1.0
2025-05-21 08:55:40,226 [WARN] PackLoader:240 - Cannot read IP mode file for STMicroelectronics.X-CUBE-TOUCHGFX.4.23.0
2025-05-21 08:55:40,236 [WARN] PackLoader:240 - Cannot read IP mode file for STMicroelectronics.X-CUBE-TOUCHGFX.4.23.2
2025-05-21 08:55:40,258 [WARN] PackLoader:240 - Cannot read IP mode file for STMicroelectronics.X-CUBE-AZRTOS-F7.1.1.0
2025-05-21 08:55:40,272 [WARN] PackLoader:240 - Cannot read IP mode file for STMicroelectronics.FP-SNS-MOTENV1.4.3.2
2025-05-21 08:55:40,318 [WARN] PackLoader:240 - Cannot read IP mode file for STMicroelectronics.X-CUBE-MEMS1.11.0.0
2025-05-21 08:55:40,412 [WARN] PackLoader:240 - Cannot read IP mode file for STMicroelectronics.FP-SNS-FLIGHT1.5.0.2
2025-05-21 08:55:40,432 [WARN] PackLoader:240 - Cannot read IP mode file for STMicroelectronics.X-CUBE-DISPLAY.3.0.0
2025-05-21 08:55:40,452 [WARN] PackLoader:240 - Cannot read IP mode file for STMicroelectronics.X-CUBE-BLE1.7.0.0
2025-05-21 08:55:40,468 [WARN] PackLoader:240 - Cannot read IP mode file for STMicroelectronics.X-CUBE-NFC10.1.0.0
2025-05-21 08:55:40,487 [WARN] PackLoader:240 - Cannot read IP mode file for STMicroelectronics.X-CUBE-BLEMGR.4.0.0
2025-05-21 08:55:40,508 [WARN] PackLoader:240 - Cannot read IP mode file for emotas.I-CUBE-CANOPEN.1.3.0
2025-05-21 08:55:40,528 [WARN] PackLoader:240 - Cannot read IP mode file for STMicroelectronics.X-CUBE-BLEMGR.3.1.0
2025-05-21 08:55:40,547 [WARN] PackLoader:240 - Cannot read IP mode file for STMicroelectronics.X-CUBE-AI.10.0.0
2025-05-21 08:55:40,567 [WARN] PackLoader:240 - Cannot read IP mode file for STMicroelectronics.FP-SNS-SMARTAG2.1.2.0
2025-05-21 08:55:40,572 [ERROR] Engine:466 - C:\Users\RND1\.stm32cubemx\thirdparties\pdsc\STMicroelectronics.FP-SNS-FLIGHT1.5.1.0.pdsc: PDSC version is not supported
2025-05-21 08:55:40,630 [WARN] PackLoader:240 - Cannot read IP mode file for STMicroelectronics.X-CUBE-MEMS1.11.1.0
2025-05-21 08:55:40,710 [INFO] LogOutputStream:77 - [STDOUT_REDIRECT] 1 : Invalid condition id : UX_CORESTACK_Condition cause : null
2025-05-21 08:55:40,711 [INFO] LogOutputStream:77 - [STDOUT_REDIRECT] 1 : Invalid condition id : UX_CORESTACK_Condition cause : null
2025-05-21 08:55:40,712 [INFO] LogOutputStream:77 - [STDOUT_REDIRECT] 1 : Invalid condition id : UX_CORESTACK_Condition cause : null
2025-05-21 08:55:40,713 [INFO] LogOutputStream:77 - [STDOUT_REDIRECT] 1 : Invalid condition id : UX_CORESTACK_Condition cause : null
2025-05-21 08:55:40,714 [INFO] LogOutputStream:77 - [STDOUT_REDIRECT] 1 : Invalid condition id : UX_CORESTACK_Condition cause : null
2025-05-21 08:55:40,717 [WARN] PackLoader:240 - Cannot read IP mode file for STMicroelectronics.X-CUBE-AZRTOS-WL.2.0.0
2025-05-21 08:55:40,736 [WARN] PackLoader:240 - Cannot read IP mode file for STMicroelectronics.FP-SNS-MOTENV1.5.0.0
2025-05-21 08:55:40,743 [WARN] PackLoader:240 - Cannot read IP mode file for wolfSSL.I-CUBE-wolfMQTT.1.19.0
2025-05-21 08:55:40,761 [WARN] PackLoader:240 - Cannot read IP mode file for WES.I-CUBE-Cesium.1.3.0
2025-05-21 08:55:40,777 [WARN] PackLoader:240 - Cannot read IP mode file for STMicroelectronics.X-CUBE-BLE2.3.3.0
2025-05-21 08:55:40,794 [WARN] PackLoader:240 - Cannot read IP mode file for STMicroelectronics.X-CUBE-NFC9.1.0.0
2025-05-21 08:55:40,810 [WARN] PackLoader:240 - Cannot read IP mode file for STMicroelectronics.X-CUBE-BLE1.7.1.0
2025-05-21 08:55:40,830 [WARN] PackLoader:240 - Cannot read IP mode file for STMicroelectronics.X-CUBE-TCPP.4.1.0
2025-05-21 08:55:40,850 [WARN] PackLoader:240 - Cannot read IP mode file for STMicroelectronics.X-CUBE-ALGOBUILD.1.3.0
2025-05-21 08:55:40,905 [WARN] PackLoader:240 - Cannot read IP mode file for STMicroelectronics.X-CUBE-MEMS1.11.2.0
2025-05-21 08:55:41,023 [WARN] PackLoader:240 - Cannot read IP mode file for STMicroelectronics.X-CUBE-AZRTOS-G0.1.1.0
2025-05-21 08:55:41,043 [WARN] PackLoader:240 - Cannot read IP mode file for STMicroelectronics.X-CUBE-SAFEA1.1.2.2
2025-05-21 08:55:41,065 [WARN] PackLoader:240 - Cannot read IP mode file for STMicroelectronics.X-CUBE-NFC4.3.0.0
2025-05-21 08:55:41,082 [WARN] PackLoader:240 - Cannot read IP mode file for wolfSSL.I-CUBE-wolfMQTT.1.18.0
2025-05-21 08:55:41,105 [WARN] PackLoader:240 - Cannot read IP mode file for EmbeddedOffice.I-CUBE-FS-RTOS.1.0.1
2025-05-21 08:55:41,106 [ERROR] ConditionMgr:805 - Attr not supported : Dmpu
2025-05-21 08:55:41,106 [ERROR] ConditionMgr:805 - Attr not supported : Dmpu
2025-05-21 08:55:41,106 [ERROR] ConditionMgr:805 - Attr not supported : Dmpu
2025-05-21 08:55:41,106 [ERROR] ConditionMgr:805 - Attr not supported : Dmpu
2025-05-21 08:55:41,106 [ERROR] ConditionMgr:805 - Attr not supported : Dmpu
2025-05-21 08:55:41,106 [ERROR] ConditionMgr:805 - Attr not supported : Dmpu
2025-05-21 08:55:41,106 [ERROR] ConditionMgr:805 - Attr not supported : Dmpu
2025-05-21 08:55:41,106 [ERROR] ConditionMgr:805 - Attr not supported : Dmpu
2025-05-21 08:55:41,106 [ERROR] ConditionMgr:805 - Attr not supported : Dmpu
2025-05-21 08:55:41,106 [ERROR] ConditionMgr:805 - Attr not supported : Dmpu
2025-05-21 08:55:41,106 [ERROR] ConditionMgr:805 - Attr not supported : Dmpu
2025-05-21 08:55:41,106 [ERROR] ConditionMgr:805 - Attr not supported : Dmpu
2025-05-21 08:55:41,107 [ERROR] ConditionMgr:805 - Attr not supported : Dmpu
2025-05-21 08:55:41,107 [ERROR] ConditionMgr:805 - Attr not supported : Dmpu
2025-05-21 08:55:41,107 [ERROR] ConditionMgr:805 - Attr not supported : Dmpu
2025-05-21 08:55:41,107 [ERROR] ConditionMgr:805 - Attr not supported : Dmpu
2025-05-21 08:55:41,107 [ERROR] ConditionMgr:805 - Attr not supported : Dmpu
2025-05-21 08:55:41,107 [ERROR] ConditionMgr:805 - Attr not supported : Dmpu
2025-05-21 08:55:41,107 [ERROR] ConditionMgr:805 - Attr not supported : Dmpu
2025-05-21 08:55:41,107 [ERROR] ConditionMgr:805 - Attr not supported : Dmpu
2025-05-21 08:55:41,107 [ERROR] ConditionMgr:805 - Attr not supported : Dmpu
2025-05-21 08:55:41,107 [ERROR] ConditionMgr:805 - Attr not supported : Dmpu
2025-05-21 08:55:41,107 [ERROR] ConditionMgr:805 - Attr not supported : Dmpu
2025-05-21 08:55:41,107 [ERROR] ConditionMgr:805 - Attr not supported : Dmpu
2025-05-21 08:55:41,107 [ERROR] ConditionMgr:805 - Attr not supported : Dmpu
2025-05-21 08:55:41,107 [ERROR] ConditionMgr:805 - Attr not supported : Dmpu
2025-05-21 08:55:41,107 [ERROR] ConditionMgr:805 - Attr not supported : Dmpu
2025-05-21 08:55:41,107 [ERROR] ConditionMgr:805 - Attr not supported : Dmpu
2025-05-21 08:55:41,107 [ERROR] ConditionMgr:805 - Attr not supported : Dmpu
2025-05-21 08:55:41,107 [ERROR] ConditionMgr:805 - Attr not supported : Dmpu
2025-05-21 08:55:41,107 [ERROR] ConditionMgr:805 - Attr not supported : Dmpu
2025-05-21 08:55:41,108 [ERROR] ConditionMgr:805 - Attr not supported : Dmpu
2025-05-21 08:55:41,108 [ERROR] ConditionMgr:805 - Attr not supported : Dmpu
2025-05-21 08:55:41,108 [ERROR] ConditionMgr:805 - Attr not supported : Dmpu
2025-05-21 08:55:41,108 [ERROR] ConditionMgr:805 - Attr not supported : Dmpu
2025-05-21 08:55:41,108 [ERROR] ConditionMgr:805 - Attr not supported : Dmpu
2025-05-21 08:55:41,108 [ERROR] ConditionMgr:805 - Attr not supported : Dmpu
2025-05-21 08:55:41,108 [ERROR] ConditionMgr:805 - Attr not supported : Dmpu
2025-05-21 08:55:41,108 [ERROR] ConditionMgr:805 - Attr not supported : Dmpu
2025-05-21 08:55:41,108 [ERROR] ConditionMgr:805 - Attr not supported : Dmpu
2025-05-21 08:55:41,108 [ERROR] ConditionMgr:805 - Attr not supported : Dmpu
2025-05-21 08:55:41,108 [ERROR] ConditionMgr:805 - Attr not supported : Dmpu
2025-05-21 08:55:41,108 [ERROR] ConditionMgr:805 - Attr not supported : Dmpu
2025-05-21 08:55:41,108 [ERROR] ConditionMgr:805 - Attr not supported : Dmpu
2025-05-21 08:55:41,108 [ERROR] ConditionMgr:805 - Attr not supported : Dmpu
2025-05-21 08:55:41,108 [ERROR] ConditionMgr:805 - Attr not supported : Dmpu
2025-05-21 08:55:41,108 [ERROR] ConditionMgr:805 - Attr not supported : Dmpu
2025-05-21 08:55:41,108 [ERROR] ConditionMgr:805 - Attr not supported : Dmpu
2025-05-21 08:55:41,108 [ERROR] ConditionMgr:805 - Attr not supported : Dmpu
2025-05-21 08:55:41,108 [ERROR] ConditionMgr:805 - Attr not supported : Dmpu
2025-05-21 08:55:41,108 [ERROR] ConditionMgr:805 - Attr not supported : Dmpu
2025-05-21 08:55:41,108 [ERROR] ConditionMgr:805 - Attr not supported : Dmpu
2025-05-21 08:55:41,108 [ERROR] ConditionMgr:805 - Attr not supported : Dmpu
2025-05-21 08:55:41,108 [ERROR] ConditionMgr:805 - Attr not supported : Dmpu
2025-05-21 08:55:41,108 [ERROR] ConditionMgr:805 - Attr not supported : Dmpu
2025-05-21 08:55:41,108 [ERROR] ConditionMgr:805 - Attr not supported : Dmpu
2025-05-21 08:55:41,108 [ERROR] ConditionMgr:805 - Attr not supported : Dmpu
2025-05-21 08:55:41,108 [ERROR] ConditionMgr:805 - Attr not supported : Dmpu
2025-05-21 08:55:41,108 [ERROR] ConditionMgr:805 - Attr not supported : Dmpu
2025-05-21 08:55:41,108 [ERROR] ConditionMgr:805 - Attr not supported : Dmpu
2025-05-21 08:55:41,108 [ERROR] ConditionMgr:805 - Attr not supported : Dmpu
2025-05-21 08:55:41,109 [ERROR] ConditionMgr:805 - Attr not supported : Dmpu
2025-05-21 08:55:41,109 [ERROR] ConditionMgr:805 - Attr not supported : Dmpu
2025-05-21 08:55:41,109 [ERROR] ConditionMgr:805 - Attr not supported : Dmpu
2025-05-21 08:55:41,128 [WARN] PackLoader:240 - Cannot read IP mode file for STMicroelectronics.X-CUBE-WB05N.2.0.0
2025-05-21 08:55:41,148 [WARN] PackLoader:240 - Cannot read IP mode file for STMicroelectronics.X-CUBE-BLEMGR.3.0.0
2025-05-21 08:55:41,165 [ERROR] Engine:466 - C:\Users\RND1\.stm32cubemx\thirdparties\pdsc\STMicroelectronics.X-CUBE-TCPP.4.2.0.pdsc: PDSC version is not supported
2025-05-21 08:55:41,181 [WARN] PackLoader:240 - Cannot read IP mode file for RealThread.X-CUBE-RT-Thread_Nano.4.1.1
2025-05-21 08:55:41,187 [WARN] PackLoader:240 - Cannot read IP mode file for STMicroelectronics.FP-ATR-SIGFOX1.3.2.0
2025-05-21 08:55:41,193 [WARN] ConditionMgr:438 - getConditionDescription Invalid condition id : Cortex-A Device cause : null
2025-05-21 08:55:41,217 [WARN] ConditionMgr:1039 - genDependencies : Invalid condition id : Cortex-A Device cause : null
2025-05-21 08:55:41,218 [WARN] ConditionMgr:1039 - genDependencies : Invalid condition id : Cortex-A Device cause : null
2025-05-21 08:55:41,218 [WARN] ConditionMgr:1039 - genDependencies : Invalid condition id : Cortex-A Device cause : null
2025-05-21 08:55:41,234 [WARN] PackLoader:240 - Cannot read IP mode file for STMicroelectronics.X-CUBE-EEPRMA1.5.1.0
2025-05-21 08:55:41,272 [WARN] PackLoader:240 - Cannot read IP mode file for SEGGER.I-CUBE-embOS.1.3.1
2025-05-21 08:55:41,309 [WARN] PackLoader:240 - Cannot read IP mode file for STMicroelectronics.X-CUBE-ALGOBUILD.1.4.0
2025-05-21 08:55:41,330 [WARN] PackLoader:240 - Cannot read IP mode file for STMicroelectronics.X-CUBE-AI.9.1.0
2025-05-21 08:55:41,347 [WARN] PackLoader:240 - Cannot read IP mode file for STMicroelectronics.X-CUBE-GNSS1.6.0.0
2025-05-21 08:55:41,377 [WARN] PackLoader:240 - Cannot read IP mode file for STMicroelectronics.X-CUBE-AZRTOS-F4.1.1.0
2025-05-21 08:55:41,393 [WARN] PackLoader:240 - Cannot read IP mode file for wolfSSL.I-CUBE-wolfSSL.5.6.4
2025-05-21 08:55:41,396 [ERROR] Engine:466 - C:\Users\RND1\.stm32cubemx\thirdparties\pdsc\Avnet-IotConnect.X-CUBE-IoTC-DA16k-PMOD.1.0.0.pdsc: PDSC version is not supported
2025-05-21 08:55:41,410 [WARN] PackLoader:240 - Cannot read IP mode file for STMicroelectronics.X-CUBE-ISPU.2.1.0
2025-05-21 08:55:41,423 [WARN] PackLoader:240 - Cannot read IP mode file for STMicroelectronics.X-CUBE-FREERTOS.1.2.0
2025-05-21 08:55:41,446 [WARN] PackLoader:240 - Cannot read IP mode file for STMicroelectronics.X-CUBE-AZRTOS-L5.2.0.0
2025-05-21 08:55:41,459 [WARN] PackLoader:240 - Cannot read IP mode file for STMicroelectronics.X-CUBE-EEPRMA1.4.2.0
2025-05-21 08:55:41,475 [WARN] PackLoader:240 - Cannot read IP mode file for STMicroelectronics.X-CUBE-NFC6.3.1.0
2025-05-21 08:55:41,488 [WARN] PackLoader:240 - Cannot read IP mode file for ITTIA_DB.I-CUBE-ITTIADB.8.8.0
2025-05-21 08:55:41,503 [WARN] PackLoader:240 - Cannot read IP mode file for STMicroelectronics.X-CUBE-DPower.1.2.0
2025-05-21 08:55:41,515 [WARN] PackLoader:240 - Cannot read IP mode file for STMicroelectronics.X-CUBE-AI.9.0.0
2025-05-21 08:55:41,518 [WARN] PackLoader:240 - Cannot read IP mode file for STMicroelectronics.X-CUBE-FREERTOS.1.3.1
2025-05-21 08:55:41,530 [WARN] PackLoader:240 - Cannot read IP mode file for STMicroelectronics.X-CUBE-FREERTOS.1.3.0
2025-05-21 08:55:41,543 [WARN] PackLoader:240 - Cannot read IP mode file for STMicroelectronics.X-CUBE-NFC7.1.0.1
2025-05-21 08:55:41,556 [WARN] PackLoader:240 - Cannot read IP mode file for STMicroelectronics.X-CUBE-NFC6.3.0.0
2025-05-21 08:55:41,569 [WARN] PackLoader:240 - Cannot read IP mode file for STMicroelectronics.X-CUBE-DPower.1.3.0
2025-05-21 08:55:41,582 [WARN] PackLoader:240 - Cannot read IP mode file for STMicroelectronics.X-CUBE-AI.8.1.0
2025-05-21 08:55:41,602 [WARN] ConditionMgr:438 - getConditionDescription Invalid condition id : LAN8742 Phy interface Condition cause : null
2025-05-21 08:55:41,603 [WARN] PackLoader:240 - Cannot read IP mode file for STMicroelectronics.X-CUBE-AZRTOS-L4.2.0.0
2025-05-21 08:55:41,604 [WARN] ConditionMgr:1039 - genDependencies : Invalid condition id : LAN8742 Phy interface Condition cause : null
2025-05-21 08:55:41,604 [WARN] ConditionMgr:1039 - genDependencies : Invalid condition id : LAN8742 Phy interface Condition cause : null
2025-05-21 08:55:41,604 [WARN] ConditionMgr:1039 - genDependencies : Invalid condition id : LAN8742 Phy interface Condition cause : null
2025-05-21 08:55:41,619 [WARN] PackLoader:240 - Cannot read IP mode file for STMicroelectronics.X-CUBE-SFXS2LP1.4.0.0
2025-05-21 08:55:41,643 [WARN] PackLoader:240 - Cannot read IP mode file for STMicroelectronics.X-CUBE-AZRTOS-H7.3.3.0
2025-05-21 08:55:41,659 [WARN] PackLoader:240 - Cannot read IP mode file for STMicroelectronics.X-CUBE-IPS.3.0.0
2025-05-21 08:55:41,678 [WARN] ConditionMgr:438 - getConditionDescription Invalid condition id : UX DEVICE CLASS RTOS Condition cause : null
2025-05-21 08:55:41,678 [WARN] ConditionMgr:438 - getConditionDescription Invalid condition id : UX DEVICE CLASS RTOS Condition cause : null
2025-05-21 08:55:41,679 [WARN] PackLoader:240 - Cannot read IP mode file for STMicroelectronics.X-CUBE-AZRTOS-WB.2.0.0
2025-05-21 08:55:41,679 [WARN] ConditionMgr:1039 - genDependencies : Invalid condition id : UX DEVICE CLASS RTOS Condition cause : null
2025-05-21 08:55:41,679 [WARN] ConditionMgr:1039 - genDependencies : Invalid condition id : UX DEVICE CLASS RTOS Condition cause : null
2025-05-21 08:55:41,682 [WARN] ConditionMgr:1039 - genDependencies : Invalid condition id : UX DEVICE CLASS RTOS Condition cause : null
2025-05-21 08:55:41,682 [WARN] ConditionMgr:1039 - genDependencies : Invalid condition id : UX DEVICE CLASS RTOS Condition cause : null
2025-05-21 08:55:41,682 [WARN] ConditionMgr:1039 - genDependencies : Invalid condition id : UX DEVICE CLASS RTOS Condition cause : null
2025-05-21 08:55:41,698 [WARN] PackLoader:240 - Cannot read IP mode file for STMicroelectronics.X-CUBE-GNSS1.7.0.0
2025-05-21 08:55:41,713 [WARN] PackLoader:240 - Cannot read IP mode file for STMicroelectronics.X-CUBE-GNSS1.7.0.1
2025-05-21 08:55:41,729 [WARN] PackLoader:240 - Cannot read IP mode file for STMicroelectronics.X-CUBE-TOUCHGFX.4.25.0
2025-05-21 08:55:41,745 [WARN] PackLoader:240 - Cannot read IP mode file for STMicroelectronics.FP-SNS-STBOX1.2.0.0
2025-05-21 08:55:41,759 [WARN] PackLoader:240 - Cannot read IP mode file for STMicroelectronics.X-CUBE-SUBG2.5.0.0
2025-05-21 08:55:41,780 [WARN] PackLoader:240 - Cannot read IP mode file for STMicroelectronics.X-CUBE-AZRTOS-H7RS.1.1.0
2025-05-21 08:55:41,798 [WARN] PackLoader:240 - Cannot read IP mode file for STMicroelectronics.X-CUBE-AZRTOS-G4.2.0.0
2025-05-21 08:55:41,817 [WARN] PackLoader:240 - Cannot read IP mode file for Infineon.AIROC-Wi-Fi-Bluetooth-STM32.1.5.1
2025-05-21 08:55:41,821 [WARN] PackLoader:240 - Cannot read IP mode file for STMicroelectronics.X-CUBE-NFC7.2.0.0
2025-05-21 08:55:41,837 [WARN] PackLoader:240 - Cannot read IP mode file for STMicroelectronics.FP-SNS-MOTENVWB1.1.3.1
2025-05-21 08:55:41,847 [WARN] PackLoader:240 - Cannot read IP mode file for STMicroelectronics.X-CUBE-ISPU.2.0.0
2025-05-21 08:55:41,859 [ERROR] Engine:466 - C:\Users\RND1\.stm32cubemx\thirdparties\pdsc\STMicroelectronics.X-CUBE-IPS.3.1.0.pdsc: PDSC version is not supported
2025-05-21 08:55:41,872 [WARN] PackLoader:240 - Cannot read IP mode file for STMicroelectronics.X-CUBE-ALS.1.0.2
2025-05-21 08:55:41,901 [WARN] PackLoader:240 - Cannot read IP mode file for STMicroelectronics.X-CUBE-MEMS1.10.0.0
2025-05-21 08:55:41,951 [WARN] PackLoader:240 - Cannot read IP mode file for STMicroelectronics.X-CUBE-FREERTOS.1.1.0
2025-05-21 08:55:41,967 [WARN] PackLoader:240 - Cannot read IP mode file for STMicroelectronics.X-CUBE-TOUCHGFX.4.24.0
2025-05-21 08:55:41,985 [WARN] PackLoader:240 - Cannot read IP mode file for STMicroelectronics.X-CUBE-TOUCHGFX.4.24.2
2025-05-21 08:55:42,000 [WARN] PackLoader:240 - Cannot read IP mode file for STMicroelectronics.X-CUBE-TOUCHGFX.4.24.1
2025-05-21 08:55:42,004 [WARN] PackLoader:240 - Cannot read IP mode file for wolfSSL.I-CUBE-wolfTPM.3.4.0
2025-05-21 08:55:42,019 [WARN] PackLoader:240 - Cannot read IP mode file for portGmbH.I-Cube-SoM-uGOAL.1.1.0
2025-05-21 08:55:42,031 [WARN] PackLoader:240 - Cannot read IP mode file for STMicroelectronics.X-CUBE-ALS.1.0.1
2025-05-21 08:55:42,055 [WARN] PackLoader:240 - Cannot read IP mode file for STMicroelectronics.X-CUBE-AZRTOS-H7RS.1.0.0
2025-05-21 08:55:42,067 [WARN] PackLoader:240 - Cannot read IP mode file for STMicroelectronics.FP-ATR-ASTRA1.2.0.0
2025-05-21 08:55:42,082 [WARN] PackLoader:240 - Cannot read IP mode file for STMicroelectronics.X-CUBE-TOF1.3.4.2
2025-05-21 08:55:42,101 [ERROR] Engine:466 - C:\Users\RND1\.stm32cubemx\thirdparties\pdsc\STMicroelectronics.X-CUBE-TOF1.3.4.3.pdsc: PDSC version is not supported
2025-05-21 08:55:42,115 [WARN] PackLoader:240 - Cannot read IP mode file for STMicroelectronics.X-CUBE-TOF1.3.4.0
2025-05-21 08:55:42,134 [WARN] PackLoader:240 - Cannot read IP mode file for STMicroelectronics.X-CUBE-TOF1.3.4.1
2025-05-21 08:55:42,160 [WARN] PackLoader:240 - Cannot read IP mode file for STMicroelectronics.X-CUBE-AZRTOS-H7.3.2.0
2025-05-21 08:55:42,165 [WARN] PackLoader:240 - Cannot read IP mode file for wolfSSL.I-CUBE-wolfSSH.1.4.17
2025-05-21 08:55:42,165 [INFO] ThirdParty:978 - Integrity check success = true
2025-05-21 08:55:42,166 [INFO] IntegrityCheckThread:100 - exiting critical section [integrity check]
2025-05-21 08:55:42,166 [INFO] IntegrityCheckThread:103 - End integrity checks thread
2025-05-21 10:06:48,956 [INFO] McuFinderGlobals:63 - Set McuFinder mode to 2 (CubeIDE integrated)
2025-05-21 10:06:48,979 [INFO] MainUpdater:2873 - connection check result : 10
2025-05-21 10:06:49,122 [INFO] RulesReader:64 - Compatibility file has been processed (297 Rules)
2025-05-21 10:06:49,127 [INFO] RulesReader:64 - Compatibility file has been processed (297 Rules)
2025-05-21 10:06:49,132 [INFO] MicroXplorer:468 - Change Database Path : 
2025-05-21 10:06:49,132 [INFO] MicroXplorer:498 - Change Database Version : DB.6.0.121
2025-05-21 10:06:49,139 [WARN] ThirdParty:871 - waiting for thirdparty lock release [close project]
2025-05-21 10:06:49,139 [INFO] ThirdParty:873 - entering critical section [close project]
2025-05-21 10:06:49,140 [INFO] ThirdParty:883 - exiting critical section [close project]
2025-05-21 10:06:49,141 [INFO] PinOutPanel:1561 - setPackage(No Configuration,No Configuration)
2025-05-21 10:06:49,147 [INFO] UtilMem:75 - Begin LoadConfig() Used Memory: 643530160 Bytes (1073741824)
2025-05-21 10:06:49,150 [INFO] MicroXplorer:468 - Change Database Path : 
2025-05-21 10:06:49,150 [INFO] MicroXplorer:498 - Change Database Version : DB.6.0.121
2025-05-21 10:06:49,150 [INFO] OpenFileManager:332 - Change cursor
2025-05-21 10:06:49,180 [INFO] Mcu:2032 - Initializing MCU STM32F103C(8-B)Tx STM32F103C8Tx STM32F103C8T6
2025-05-21 10:06:49,881 [INFO] Context:742 - Trying to add GPIOservice into a context  which must be forbidden
2025-05-21 10:06:50,166 [INFO] RtosManager:555 - Registered RTOS mode: class=CMSIS, group=RTOS, mode=CMSIS_V1, owner=FREERTOS
2025-05-21 10:06:50,166 [INFO] RtosManager:555 - Registered RTOS mode: class=CMSIS, group=RTOS2, mode=CMSIS_V2, owner=FREERTOS
2025-05-21 10:06:50,166 [INFO] RtosManager:555 - Registered RTOS mode: class=RTOS, group=Core, mode=CMSIS_V1, owner=FREERTOS
2025-05-21 10:06:50,167 [INFO] RtosManager:555 - Registered RTOS mode: class=RTOS, group=Core, mode=CMSIS_V2, owner=FREERTOS
2025-05-21 10:06:50,167 [WARN] ModelIntegratedComponent:184 - Missing modes for component STMicroelectronics:FreeRTOS:0.0.1:STMicroelectronics:RTOS:FreeRTOS:Core:::10.2.0:
2025-05-21 10:06:50,173 [WARN] ModelIntegratedComponent:63 - No mode defined for component null
2025-05-21 10:06:50,173 [WARN] ModelIntegratedComponent:63 - No mode defined for component null
2025-05-21 10:06:50,173 [WARN] ModelIntegratedComponent:63 - No mode defined for component null
2025-05-21 10:06:50,173 [WARN] ModelIntegratedComponent:63 - No mode defined for component null
2025-05-21 10:06:50,173 [WARN] ModelIntegratedComponent:63 - No mode defined for component null
2025-05-21 10:06:50,173 [WARN] ModelIntegratedComponent:63 - No mode defined for component null
2025-05-21 10:06:50,173 [WARN] ModelIntegratedComponent:63 - No mode defined for component null
2025-05-21 10:06:50,173 [WARN] ModelIntegratedComponent:63 - No mode defined for component null
2025-05-21 10:06:50,173 [WARN] ModelIntegratedComponent:63 - No mode defined for component null
2025-05-21 10:06:50,173 [WARN] ModelIntegratedComponent:63 - No mode defined for component null
2025-05-21 10:06:50,173 [WARN] ModelIntegratedComponent:63 - No mode defined for component null
2025-05-21 10:06:50,173 [WARN] ModelIntegratedComponent:63 - No mode defined for component null
2025-05-21 10:06:50,173 [WARN] ModelIntegratedComponent:63 - No mode defined for component null
2025-05-21 10:06:50,173 [WARN] ModelIntegratedComponent:63 - No mode defined for component null
2025-05-21 10:06:50,173 [WARN] ModelIntegratedComponent:63 - No mode defined for component null
2025-05-21 10:06:50,173 [WARN] ModelIntegratedComponent:63 - No mode defined for component null
2025-05-21 10:06:50,173 [WARN] ModelIntegratedComponent:63 - No mode defined for component null
2025-05-21 10:06:50,173 [WARN] ModelIntegratedComponent:63 - No mode defined for component null
2025-05-21 10:06:50,173 [WARN] ModelIntegratedComponent:63 - No mode defined for component null
2025-05-21 10:06:50,173 [WARN] ModelIntegratedComponent:63 - No mode defined for component null
2025-05-21 10:06:50,173 [WARN] ModelIntegratedComponent:63 - No mode defined for component null
2025-05-21 10:06:50,173 [WARN] ModelIntegratedComponent:63 - No mode defined for component null
2025-05-21 10:06:50,173 [WARN] ModelIntegratedComponent:63 - No mode defined for component null
2025-05-21 10:06:50,173 [WARN] ModelIntegratedComponent:63 - No mode defined for component null
2025-05-21 10:06:50,173 [WARN] ModelIntegratedComponent:63 - No mode defined for component null
2025-05-21 10:06:50,174 [WARN] ModelIntegratedComponent:63 - No mode defined for component null
2025-05-21 10:06:50,174 [WARN] ModelIntegratedComponent:63 - No mode defined for component null
2025-05-21 10:06:50,174 [WARN] ModelIntegratedComponent:63 - No mode defined for component null
2025-05-21 10:06:50,174 [WARN] ModelIntegratedComponent:63 - No mode defined for component null
2025-05-21 10:06:50,174 [WARN] ModelIntegratedComponent:63 - No mode defined for component null
2025-05-21 10:06:50,174 [WARN] ModelIntegratedComponent:63 - No mode defined for component null
2025-05-21 10:06:50,174 [WARN] ModelIntegratedComponent:63 - No mode defined for component null
2025-05-21 10:06:50,174 [WARN] ModelIntegratedComponent:63 - No mode defined for component null
2025-05-21 10:06:50,174 [WARN] ModelIntegratedComponent:63 - No mode defined for component null
2025-05-21 10:06:50,174 [WARN] ModelIntegratedComponent:63 - No mode defined for component null
2025-05-21 10:06:50,174 [WARN] ModelPack:524 - Component already loaded: STMicroelectronics:HAL Drivers:0.0.0:STMicroelectronics:Device:STMicro_Driver:XSPI:HAL::0.0.1:HAL_XSPI
2025-05-21 10:06:50,321 [INFO] ThirdPartyModel:298 - Start build external matchings
2025-05-21 10:06:51,105 [INFO] ThirdPartyModel:316 - End build external matchings
2025-05-21 10:06:51,125 [INFO] ImportTextPane:205 - (OptionalMessage_ERROR) IP (RCC) : Parameter (ADCFreqValue) has invalid value (36000000)
2025-05-21 10:06:51,126 [INFO] ImportTextPane:205 - (OptionalMessage_ERROR) IP (RCC) : Invalid parameter (FamilyName)
2025-05-21 10:06:51,126 [INFO] ImportTextPane:205 - (OptionalMessage_ERROR) IP (RCC) : Parameter (MCOFreq_Value) has invalid value (72000000)
2025-05-21 10:06:51,126 [INFO] ImportTextPane:205 - (OptionalMessage_ERROR) IP (RCC) : Parameter (USBFreq_Value) has invalid value (72000000)
2025-05-21 10:06:51,380 [INFO] ApiDb:581 - Connected to CubeFinder SQLite database (C:\Users\RND1\.stmcufinder\plugins\mcufinder\mcu\cube-finder-db.db)
2025-05-21 10:06:51,452 [INFO] ApiDb:668 - CubeFinder database Data Model version=2.1
2025-05-21 10:06:51,452 [INFO] ApiDb:669 - CubeFinder database Configuration version=3.0.39
2025-05-21 10:06:51,453 [INFO] ApiDb:670 - CubeFinder database generation date=2025-03-07 (1741340029)
2025-05-21 10:06:51,454 [INFO] ApiDb:671 - CubeFinder database FW Pack versions=[FP-ATR-ASTRA1_V2.0.0, FP-SNS-FLIGHT1_V5.0.2, FP-SNS-MOTENV1_V5.0.0, FP-SNS-MOTENVWB1_V1.4.0, FP-SNS-SMARTAG2_V1.2.0, FP-SNS-STBOX1_V2.0.0, STM32Cube_FW_C0_V1.4.0, STM32Cube_FW_F4_V1.28.1, STM32Cube_FW_F7_V1.17.2, STM32Cube_FW_G0_V1.6.2, STM32Cube_FW_G4_V1.6.1, STM32Cube_FW_H5_V1.5.0, STM32Cube_FW_H7RS_V1.2.0, STM32Cube_FW_H7_V1.12.1, STM32Cube_FW_L0_V1.12.2, STM32Cube_FW_L4_V1.18.1, STM32Cube_FW_L5_V1.5.1, STM32Cube_FW_N6_V1.1.0, STM32Cube_FW_U0_V1.2.0, STM32Cube_FW_U3_V1.1.0, STM32Cube_FW_U5_V1.7.0, STM32Cube_FW_WB0_V1.2.0, STM32Cube_FW_WBA_V1.6.0, STM32Cube_FW_WB_V1.22.0, STM32Cube_FW_WL3_V1.1.0, STM32Cube_FW_WL_V1.3.1, X-CUBE-ALGOBUILD_V1.4.0, X-CUBE-ALS_V1.0.2, X-CUBE-AZRTOS-F4_V1.1.0, X-CUBE-AZRTOS-F7_V1.1.0, X-CUBE-AZRTOS-G0_V1.1.0, X-CUBE-AZRTOS-G4_V2.0.0, X-CUBE-AZRTOS-H7RS_V1.0.0, X-CUBE-AZRTOS-H7_V3.3.0, X-CUBE-AZRTOS-L4_V2.0.0, X-CUBE-AZRTOS-L5_V2.0.0, X-CUBE-AZRTOS-WB_V2.0.0, X-CUBE-AZRTOS-WL_V2.0.0, X-CUBE-BLE1_V7.1.0, X-CUBE-BLE2_V3.3.0, X-CUBE-BLEMGR_V4.0.0, X-CUBE-EEPRMA1_V5.1.0, X-CUBE-FREERTOS_V1.3.0, X-CUBE-GNSS1_V6.0.0, X-CUBE-MEMS1_V11.1.0, X-CUBE-NFC4_V3.0.0, X-CUBE-NFC7_V1.0.1, X-CUBE-SFXS2LP1_V4.0.0, X-CUBE-SUBG2_V5.0.0, X-CUBE-TOF1_V3.4.2]
2025-05-21 10:06:51,582 [INFO] DbBoardsSqlite:226 - include board P-NUCLEO-WB55-NUCLEO as a kit item of type 'Nucleo-64'
2025-05-21 10:06:51,583 [INFO] DbBoardsSqlite:226 - include board P-NUCLEO-WB55-USBDONGLE as a kit item of type 'Nucleo USB Dongle'
2025-05-21 10:06:51,584 [INFO] DbBoardsSqlite:226 - include board STEVAL-IDP005V1 as a kit item of type 'Evaluation Board'
2025-05-21 10:06:51,584 [INFO] DbBoardsSqlite:226 - include board STEVAL-IDP005V2 as a kit item of type 'Evaluation Board'
2025-05-21 10:06:51,918 [INFO] ApiDb:240 - Found 646 in-development CPN: [B-G473E-ZEST1S, B-WB1M-WPAN1, B-WL5M-SUBG1, NUCLEO-C031C6, NUCLEO-C071RB, NUCLEO-H503RB, NUCLEO-H533RE, NUCLEO-H563ZI, NUCLEO-H7S3L8, NUCLEO-U031R8, NUCLEO-U083RC, NUCLEO-U545RE-Q, NUCLEO-U5A5ZJ-Q, NUCLEO-WB05KZ, NUCLEO-WB07CC, NUCLEO-WB09KE, NUCLEO-WBA52CG, NUCLEO-WBA55CG, STEVAL-PROTEUS1, STEVAL-SMARTAG2, STEVAL-STWINBX1, STM320518-EVAL, STM32C0116-DK, STM32C011D6Y3TR, STM32C011D6Y6TR, STM32C011F4P3, STM32C011F4P6, STM32C011F4U3, STM32C011F4U6TR, STM32C011F6P3, STM32C011F6P6, STM32C011F6U3, STM32C011F6U6TR, STM32C011J4M3, STM32C011J4M6, STM32C011J6M3, STM32C011J6M6, STM32C0316-DK, STM32C031C4T3, STM32C031C4T6, STM32C031C4U3, STM32C031C4U6, STM32C031C6T3, STM32C031C6T6, STM32C031C6U3, STM32C031C6U6, STM32C031F4P3, STM32C031F4P6, STM32C031F6P3, STM32C031F6P6, STM32C031G4U3, STM32C031G4U6, STM32C031G6U3, STM32C031G6U6, STM32C031K4T3, STM32C031K4T6, STM32C031K4U3, STM32C031K4U6, STM32C031K6T3, STM32C031K6T6, STM32C031K6U3, STM32C031K6U6, STM32C071C8T6, STM32C071C8T6N, STM32C071C8U6, STM32C071C8U6N, STM32C071CBT6, STM32C071CBT6N, STM32C071CBU6, STM32C071CBU6N, STM32C071F8P6, STM32C071F8P6N, STM32C071FBP6, STM32C071FBP6N, STM32C071FBY6TR, STM32C071G8U6, STM32C071G8U6N, STM32C071GBU6, STM32C071GBU6N, STM32C071K8T6, STM32C071K8T6N, STM32C071K8U6, STM32C071K8U6N, STM32C071KBT6, STM32C071KBT6N, STM32C071KBU6, STM32C071KBU6N, STM32C071R8T6, STM32C071R8T6N, STM32C071RBI6N, STM32C071RBT6, STM32C071RBT6N, STM32G071K8TXN, STM32G071K8UXN, STM32G081GBU6N, STM32G081KBT6N, STM32G081KBUXN, STM32G0B1CCT6N, STM32G0B1KCT6, STM32G0B1NEY6TR, STM32G0B1RCT6N, STM32G0C1CCT6, STM32G0C1CCT6N, STM32G0C1CCU6N, STM32G0C1CET6N, STM32G0C1CEU6N, STM32G0C1KCT6, STM32G0C1NEY6TR, STM32G0C1RCI6N, STM32G0C1RCT6N, STM32G0C1REI6N, STM32G0C1RET6N, STM32G0C1VCI6, STM32G0C1VEI6, STM32G411C6T3, STM32G411C6T6, STM32G411C6U3, STM32G411C6U6, STM32G411C8T3, STM32G411C8T6, STM32G411C8U3, STM32G411C8U6, STM32G411CBT3, STM32G411CBT6, STM32G411CBU3, STM32G411CBU6, STM32G411K6T3, STM32G411K6T6, STM32G411K6U3, STM32G411K6U6, STM32G411K8T3, STM32G411K8T6, STM32G411K8U3, STM32G411K8U6, STM32G411KBT3, STM32G411KBT6, STM32G411KBU3, STM32G411KBU6, STM32G411M6T3, STM32G411M6T6, STM32G411M8T3, STM32G411M8T6, STM32G411MBT3, STM32G411MBT6, STM32G411R6T3, STM32G411R6T6, STM32G411R8T3, STM32G411R8T6, STM32G411RBT3, STM32G411RBT6, STM32G414CBT3, STM32G414CBT6, STM32G414CBU3, STM32G414CBU6, STM32G414CCT3, STM32G414CCT6, STM32G414CCU3, STM32G414CCU6, STM32G414MBT3, STM32G414MBT6, STM32G414MCT3, STM32G414MCT6, STM32G414RBT3, STM32G414RBT6, STM32G414RCT3, STM32G414RCT6, STM32G414VBT3, STM32G414VBT6, STM32G414VCT3, STM32G414VCT6, STM32G431CBT3Z, STM32G431RBT3Z, STM32G471CCT6, STM32G471CCU6, STM32G471CET3, STM32G471CET6, STM32G471CEU3, STM32G471CEU6, STM32G471MCT6, STM32G471MET3, STM32G471MET6, STM32G471MEY6TR, STM32G471QCT6, STM32G471QET3, STM32G471RCT6, STM32G471RET3, STM32G471RET6, STM32G471VCH6, STM32G471VCI6, STM32G471VCT6, STM32G471VEH3, STM32G471VEH6, STM32G471VEI3, STM32G471VEI6, STM32G471VET3, STM32G471VET6, STM32G473QET3Z, STM32G473RET3Z, STM32G474CCT6, STM32G491RET3Z, STM32H503CBT6, STM32H503CBU6, STM32H503EBY6TR, STM32H503KBU6, STM32H503RBT6, STM32H523CCT6, STM32H523CCU6, STM32H523CET6, STM32H523CEU6, STM32H523HEY6TR, STM32H523RCT6, STM32H523RET6, STM32H523VCI6, STM32H523VCT6, STM32H523VEI6, STM32H523VET6, STM32H523ZCJ6, STM32H523ZCT6, STM32H523ZEJ6, STM32H523ZET6, STM32H533CET6, STM32H533CEU6, STM32H533HEY6TR, STM32H533RET6, STM32H533VEI6, STM32H533VET6, STM32H533ZEJ6, STM32H533ZET6, STM32H562AGI6, STM32H562AII6, STM32H562IGK6, STM32H562IGT6, STM32H562IIK6, STM32H562IIT6, STM32H562RGT6, STM32H562RGV6, STM32H562RIT6, STM32H562RIV6, STM32H562VGT6, STM32H562VIT6, STM32H562ZGT6, STM32H562ZIT6, STM32H563AGI6, STM32H563AII3Q, STM32H563AII6, STM32H563IGK6, STM32H563IGT6, STM32H563IIK3Q, STM32H563IIK6, STM32H563IIT3Q, STM32H563IIT6, STM32H563MIY3QTR, STM32H563RGT6, STM32H563RGV6, STM32H563RIT6, STM32H563RIV6, STM32H563VGT6, STM32H563VIT3Q, STM32H563VIT6, STM32H563ZGT6, STM32H563ZIT3Q, STM32H563ZIT6, STM32H573AII3Q, STM32H573AII6, STM32H573I-DK, STM32H573IIK3Q, STM32H573IIK6, STM32H573IIT3Q, STM32H573IIT6, STM32H573MIY3QTR, STM32H573RIT6, STM32H573RIV6, STM32H573VIT3Q, STM32H573VIT6, STM32H573ZIT3Q, STM32H573ZIT6, STM32H7R3A8I6, STM32H7R3I8K6, STM32H7R3I8T6, STM32H7R3L8H6, STM32H7R3L8H6H, STM32H7R3R8V6, STM32H7R3V8H6, STM32H7R3V8T6, STM32H7R3V8Y6TR, STM32H7R3Z8J6, STM32H7R3Z8T6, STM32H7R7A8I6, STM32H7R7I8K6, STM32H7R7I8T6, STM32H7R7L8H6, STM32H7R7L8H6H, STM32H7R7Z8J6, STM32H7S3A8I6, STM32H7S3I8K6, STM32H7S3I8T6, STM32H7S3L8H6, STM32H7S3L8H6H, STM32H7S3R8V6, STM32H7S3V8H6, STM32H7S3V8T6, STM32H7S3V8Y6TR, STM32H7S3Z8J6, STM32H7S3Z8T6, STM32H7S78-DK, STM32H7S7A8I6, STM32H7S7I8K6, STM32H7S7I8T6, STM32H7S7L8H6, STM32H7S7L8H6H, STM32H7S7Z8J6, STM32L4R5QGI6STR, STM32MP131AAE3, STM32MP131AAF3, STM32MP131AAG3, STM32MP131CAE3, STM32MP131CAF3, STM32MP131CAG3, STM32MP131DAE7, STM32MP131DAF7, STM32MP131DAG7, STM32MP131FAE7, STM32MP131FAF7, STM32MP131FAG7, STM32MP133AAE3, STM32MP133AAF3, STM32MP133AAG3, STM32MP133CAE3, STM32MP133CAF3, STM32MP133CAG3, STM32MP133DAE7, STM32MP133DAF7, STM32MP133DAG7, STM32MP133FAE7, STM32MP133FAF7, STM32MP133FAG7, STM32MP135AAE3, STM32MP135AAF3, STM32MP135AAG3, STM32MP135CAE3, STM32MP135CAF3, STM32MP135CAG3, STM32MP135DAE7, STM32MP135DAF7, STM32MP135DAG7, STM32MP135F-DK, STM32MP135FAE7, STM32MP135FAF7, STM32MP135FAF7T, STM32MP135FAF7U, STM32MP135FAG7, STM32MP251AAI3, STM32MP251AAK3, STM32MP251AAL3, STM32MP251CAI3, STM32MP251CAK3, STM32MP251CAL3, STM32MP251DAI3, STM32MP251DAK3, STM32MP251DAL3, STM32MP251FAI3, STM32MP251FAK3, STM32MP251FAL3, STM32MP253AAI3, STM32MP253AAK3, STM32MP253AAL3, STM32MP253CAI3, STM32MP253CAK3, STM32MP253CAL3, STM32MP253DAI3, STM32MP253DAK3, STM32MP253DAL3, STM32MP253FAI3, STM32MP253FAK3, STM32MP253FAL3, STM32MP255AAI3, STM32MP255AAK3, STM32MP255AAL3, STM32MP255CAI3, STM32MP255CAK3, STM32MP255CAL3, STM32MP255DAI3, STM32MP255DAK3, STM32MP255DAL3, STM32MP255FAI3, STM32MP255FAK3, STM32MP255FAL3, STM32MP257AAI3, STM32MP257AAK3, STM32MP257AAL3, STM32MP257CAI3, STM32MP257CAK3, STM32MP257CAL3, STM32MP257DAI3, STM32MP257DAK3, STM32MP257DAL3, STM32MP257F-DK, STM32MP257F-EV1, STM32MP257FAI3, STM32MP257FAK3, STM32MP257FAL3, STM32U031C6T6, STM32U031C6U6, STM32U031C8T6, STM32U031C8U6, STM32U031F4P6, STM32U031F6P6, STM32U031F8P6, STM32U031G6Y6TR, STM32U031G8Y6TR, STM32U031K4U6, STM32U031K6U6, STM32U031K8U6, STM32U031R6I6, STM32U031R6T6, STM32U031R8I6, STM32U031R8T6, STM32U073C8T6, STM32U073C8U6, STM32U073CBT6, STM32U073CBU6, STM32U073CCT6, STM32U073CCU6, STM32U073H8Y6TR, STM32U073HBY6TR, STM32U073HCY6TR, STM32U073K8U6, STM32U073KBU6, STM32U073KCU6, STM32U073M8I6, STM32U073M8T6, STM32U073MBI6, STM32U073MBT6, STM32U073MCI6, STM32U073MCT6, STM32U073R8I6, STM32U073R8T6, STM32U073RBI6, STM32U073RBT6, STM32U073RCI6, STM32U073RCT6, STM32U083C-DK, STM32U083CCT6, STM32U083CCU6, STM32U083HCY6TR, STM32U083KCU6, STM32U083MCI6, STM32U083MCT6, STM32U083RCI6, STM32U083RCT6, STM32U535CBT6, STM32U535CBT6Q, STM32U535CBU6, STM32U535CBU6Q, STM32U535CCT6, STM32U535CCT6Q, STM32U535CCU6, STM32U535CCU6Q, STM32U535CET6, STM32U535CET6Q, STM32U535CEU6, STM32U535CEU6Q, STM32U535JEY6QTR, STM32U535NCY6QTR, STM32U535NEY6QTR, STM32U535RBI6, STM32U535RBI6Q, STM32U535RBT6, STM32U535RBT6Q, STM32U535RCI6, STM32U535RCI6Q, STM32U535RCT6, STM32U535RCT6Q, STM32U535REI6, STM32U535REI6Q, STM32U535RET6, STM32U535RET6Q, STM32U535VCI6, STM32U535VCI6Q, STM32U535VCT6, STM32U535VCT6Q, STM32U535VEI6, STM32U535VEI6Q, STM32U535VET6, STM32U535VET6Q, STM32U545CET6, STM32U545CET6Q, STM32U545CEU6, STM32U545CEU6Q, STM32U545JEY6QTR, STM32U545NEY6QTR, STM32U545REI6, STM32U545REI6Q, STM32U545RET6, STM32U545RET6Q, STM32U545VEI6, STM32U545VEI6Q, STM32U545VET6, STM32U545VET6Q, STM32U595AIH6, STM32U595AIH6Q, STM32U595AJH6, STM32U595AJH6Q, STM32U595QII6, STM32U595QII6Q, STM32U595QJI6, STM32U595QJI6Q, STM32U595RIT6, STM32U595RIT6Q, STM32U595RJT6, STM32U595RJT6Q, STM32U595VIT6, STM32U595VIT6Q, STM32U595VJT6, STM32U595VJT6Q, STM32U595ZIT6, STM32U595ZIT6Q, STM32U595ZIY6QTR, STM32U595ZJT6, STM32U595ZJT6Q, STM32U595ZJY6QTR, STM32U599BJY6QTR, STM32U599NIH6Q, STM32U599NJH6Q, STM32U599VIT6Q, STM32U599VJT6, STM32U599VJT6Q, STM32U599ZIT6Q, STM32U599ZIY6QTR, STM32U599ZJT6Q, STM32U599ZJY6QTR, STM32U5A5AJH6, STM32U5A5AJH6Q, STM32U5A5QII3Q , STM32U5A5QJI6, STM32U5A5QJI6Q, STM32U5A5RJT6, STM32U5A5RJT6Q, STM32U5A5VJT6, STM32U5A5VJT6Q, STM32U5A5ZJT6, STM32U5A5ZJT6Q, STM32U5A5ZJY6QTR, STM32U5A9BJY6QTR, STM32U5A9J-DK, STM32U5A9NJH6Q, STM32U5A9VJT6Q, STM32U5A9ZJT6Q, STM32U5A9ZJY6QTR, STM32U5F7VIT6, STM32U5F7VIT6Q, STM32U5F7VJT6, STM32U5F7VJT6Q, STM32U5F9BJY6QTR, STM32U5F9NJH6Q, STM32U5F9VIT6Q, STM32U5F9VJT6Q, STM32U5F9ZIJ6QTR, STM32U5F9ZIT6Q, STM32U5F9ZJJ6QTR, STM32U5F9ZJT6Q, STM32U5G7VJT6, STM32U5G7VJT6Q, STM32U5G9BJY6QTR, STM32U5G9J-DK1, STM32U5G9J-DK2, STM32U5G9NJH6Q, STM32U5G9VJT6Q, STM32U5G9ZJJ6QTR, STM32U5G9ZJT6Q, STM32WB05KZV6TR, STM32WB05KZV7TR, STM32WB05TZF6TR, STM32WB05TZF7TR, STM32WB06CCF6TR, STM32WB06CCF7TR, STM32WB06CCV6TR, STM32WB06CCV7TR, STM32WB06KCV6TR, STM32WB06KCV7TR, STM32WB07CCF6TR, STM32WB07CCF7TR, STM32WB07CCV6TR, STM32WB07CCV7TR, STM32WB07KCV6TR, STM32WB07KCV7TR, STM32WB09KEV6TR, STM32WB09KEV7TR, STM32WB09TEF6TR, STM32WB09TEF7TR, STM32WB1MMCH6, STM32WBA50KGU6, STM32WBA50KGU6TR, STM32WBA52CEU6, STM32WBA52CEU6TR, STM32WBA52CEU7, STM32WBA52CEU7TR, STM32WBA52CGU6, STM32WBA52CGU6TR, STM32WBA52CGU6U, STM32WBA52CGU7, STM32WBA52CGU7TR, STM32WBA52KEU6, STM32WBA52KEU6TR, STM32WBA52KGU6, STM32WBA52KGU6TR, STM32WBA54CEU6, STM32WBA54CEU6TR, STM32WBA54CEU7, STM32WBA54CEU7TR, STM32WBA54CGU6, STM32WBA54CGU6TR, STM32WBA54CGU7, STM32WBA54CGU7TR, STM32WBA54KEU6, STM32WBA54KEU6TR, STM32WBA54KEU7, STM32WBA54KEU7TR, STM32WBA54KGU6, STM32WBA54KGU6TR, STM32WBA54KGU7, STM32WBA54KGU7TR, STM32WBA55CEU6, STM32WBA55CEU6TR, STM32WBA55CEU7, STM32WBA55CEU7TR, STM32WBA55CGU6, STM32WBA55CGU6TR, STM32WBA55CGU6U, STM32WBA55CGU7, STM32WBA55CGU7TR, STM32WBA55G-DK1, STM32WBA55HEF6, STM32WBA55HEF7, STM32WBA55HGF6, STM32WBA55HGF7, STM32WBA55UEI6, STM32WBA55UEI6TR, STM32WBA55UEI7, STM32WBA55UEI7TR, STM32WBA55UGI6, STM32WBA55UGI6TR, STM32WBA55UGI7, STM32WBA55UGI7TR, STM32WL5MOCH6, STM32WL5MOCH6TR]
2025-05-21 10:06:51,920 [INFO] ApiDb:668 - CubeFinder database Data Model version=2.1
2025-05-21 10:06:51,920 [INFO] ApiDb:669 - CubeFinder database Configuration version=3.0.39
2025-05-21 10:06:51,920 [INFO] ApiDb:670 - CubeFinder database generation date=2025-03-07 (1741340029)
2025-05-21 10:06:51,920 [INFO] ApiDb:671 - CubeFinder database FW Pack versions=[FP-ATR-ASTRA1_V2.0.0, FP-SNS-FLIGHT1_V5.0.2, FP-SNS-MOTENV1_V5.0.0, FP-SNS-MOTENVWB1_V1.4.0, FP-SNS-SMARTAG2_V1.2.0, FP-SNS-STBOX1_V2.0.0, STM32Cube_FW_C0_V1.4.0, STM32Cube_FW_F4_V1.28.1, STM32Cube_FW_F7_V1.17.2, STM32Cube_FW_G0_V1.6.2, STM32Cube_FW_G4_V1.6.1, STM32Cube_FW_H5_V1.5.0, STM32Cube_FW_H7RS_V1.2.0, STM32Cube_FW_H7_V1.12.1, STM32Cube_FW_L0_V1.12.2, STM32Cube_FW_L4_V1.18.1, STM32Cube_FW_L5_V1.5.1, STM32Cube_FW_N6_V1.1.0, STM32Cube_FW_U0_V1.2.0, STM32Cube_FW_U3_V1.1.0, STM32Cube_FW_U5_V1.7.0, STM32Cube_FW_WB0_V1.2.0, STM32Cube_FW_WBA_V1.6.0, STM32Cube_FW_WB_V1.22.0, STM32Cube_FW_WL3_V1.1.0, STM32Cube_FW_WL_V1.3.1, X-CUBE-ALGOBUILD_V1.4.0, X-CUBE-ALS_V1.0.2, X-CUBE-AZRTOS-F4_V1.1.0, X-CUBE-AZRTOS-F7_V1.1.0, X-CUBE-AZRTOS-G0_V1.1.0, X-CUBE-AZRTOS-G4_V2.0.0, X-CUBE-AZRTOS-H7RS_V1.0.0, X-CUBE-AZRTOS-H7_V3.3.0, X-CUBE-AZRTOS-L4_V2.0.0, X-CUBE-AZRTOS-L5_V2.0.0, X-CUBE-AZRTOS-WB_V2.0.0, X-CUBE-AZRTOS-WL_V2.0.0, X-CUBE-BLE1_V7.1.0, X-CUBE-BLE2_V3.3.0, X-CUBE-BLEMGR_V4.0.0, X-CUBE-EEPRMA1_V5.1.0, X-CUBE-FREERTOS_V1.3.0, X-CUBE-GNSS1_V6.0.0, X-CUBE-MEMS1_V11.1.0, X-CUBE-NFC4_V3.0.0, X-CUBE-NFC7_V1.0.1, X-CUBE-SFXS2LP1_V4.0.0, X-CUBE-SUBG2_V5.0.0, X-CUBE-TOF1_V3.4.2]
2025-05-21 10:06:53,380 [INFO] ApiDb:240 - Found 646 in-development CPN: [B-G473E-ZEST1S, B-WB1M-WPAN1, B-WL5M-SUBG1, NUCLEO-C031C6, NUCLEO-C071RB, NUCLEO-H503RB, NUCLEO-H533RE, NUCLEO-H563ZI, NUCLEO-H7S3L8, NUCLEO-U031R8, NUCLEO-U083RC, NUCLEO-U545RE-Q, NUCLEO-U5A5ZJ-Q, NUCLEO-WB05KZ, NUCLEO-WB07CC, NUCLEO-WB09KE, NUCLEO-WBA52CG, NUCLEO-WBA55CG, STEVAL-PROTEUS1, STEVAL-SMARTAG2, STEVAL-STWINBX1, STM320518-EVAL, STM32C0116-DK, STM32C011D6Y3TR, STM32C011D6Y6TR, STM32C011F4P3, STM32C011F4P6, STM32C011F4U3, STM32C011F4U6TR, STM32C011F6P3, STM32C011F6P6, STM32C011F6U3, STM32C011F6U6TR, STM32C011J4M3, STM32C011J4M6, STM32C011J6M3, STM32C011J6M6, STM32C0316-DK, STM32C031C4T3, STM32C031C4T6, STM32C031C4U3, STM32C031C4U6, STM32C031C6T3, STM32C031C6T6, STM32C031C6U3, STM32C031C6U6, STM32C031F4P3, STM32C031F4P6, STM32C031F6P3, STM32C031F6P6, STM32C031G4U3, STM32C031G4U6, STM32C031G6U3, STM32C031G6U6, STM32C031K4T3, STM32C031K4T6, STM32C031K4U3, STM32C031K4U6, STM32C031K6T3, STM32C031K6T6, STM32C031K6U3, STM32C031K6U6, STM32C071C8T6, STM32C071C8T6N, STM32C071C8U6, STM32C071C8U6N, STM32C071CBT6, STM32C071CBT6N, STM32C071CBU6, STM32C071CBU6N, STM32C071F8P6, STM32C071F8P6N, STM32C071FBP6, STM32C071FBP6N, STM32C071FBY6TR, STM32C071G8U6, STM32C071G8U6N, STM32C071GBU6, STM32C071GBU6N, STM32C071K8T6, STM32C071K8T6N, STM32C071K8U6, STM32C071K8U6N, STM32C071KBT6, STM32C071KBT6N, STM32C071KBU6, STM32C071KBU6N, STM32C071R8T6, STM32C071R8T6N, STM32C071RBI6N, STM32C071RBT6, STM32C071RBT6N, STM32G071K8TXN, STM32G071K8UXN, STM32G081GBU6N, STM32G081KBT6N, STM32G081KBUXN, STM32G0B1CCT6N, STM32G0B1KCT6, STM32G0B1NEY6TR, STM32G0B1RCT6N, STM32G0C1CCT6, STM32G0C1CCT6N, STM32G0C1CCU6N, STM32G0C1CET6N, STM32G0C1CEU6N, STM32G0C1KCT6, STM32G0C1NEY6TR, STM32G0C1RCI6N, STM32G0C1RCT6N, STM32G0C1REI6N, STM32G0C1RET6N, STM32G0C1VCI6, STM32G0C1VEI6, STM32G411C6T3, STM32G411C6T6, STM32G411C6U3, STM32G411C6U6, STM32G411C8T3, STM32G411C8T6, STM32G411C8U3, STM32G411C8U6, STM32G411CBT3, STM32G411CBT6, STM32G411CBU3, STM32G411CBU6, STM32G411K6T3, STM32G411K6T6, STM32G411K6U3, STM32G411K6U6, STM32G411K8T3, STM32G411K8T6, STM32G411K8U3, STM32G411K8U6, STM32G411KBT3, STM32G411KBT6, STM32G411KBU3, STM32G411KBU6, STM32G411M6T3, STM32G411M6T6, STM32G411M8T3, STM32G411M8T6, STM32G411MBT3, STM32G411MBT6, STM32G411R6T3, STM32G411R6T6, STM32G411R8T3, STM32G411R8T6, STM32G411RBT3, STM32G411RBT6, STM32G414CBT3, STM32G414CBT6, STM32G414CBU3, STM32G414CBU6, STM32G414CCT3, STM32G414CCT6, STM32G414CCU3, STM32G414CCU6, STM32G414MBT3, STM32G414MBT6, STM32G414MCT3, STM32G414MCT6, STM32G414RBT3, STM32G414RBT6, STM32G414RCT3, STM32G414RCT6, STM32G414VBT3, STM32G414VBT6, STM32G414VCT3, STM32G414VCT6, STM32G431CBT3Z, STM32G431RBT3Z, STM32G471CCT6, STM32G471CCU6, STM32G471CET3, STM32G471CET6, STM32G471CEU3, STM32G471CEU6, STM32G471MCT6, STM32G471MET3, STM32G471MET6, STM32G471MEY6TR, STM32G471QCT6, STM32G471QET3, STM32G471RCT6, STM32G471RET3, STM32G471RET6, STM32G471VCH6, STM32G471VCI6, STM32G471VCT6, STM32G471VEH3, STM32G471VEH6, STM32G471VEI3, STM32G471VEI6, STM32G471VET3, STM32G471VET6, STM32G473QET3Z, STM32G473RET3Z, STM32G474CCT6, STM32G491RET3Z, STM32H503CBT6, STM32H503CBU6, STM32H503EBY6TR, STM32H503KBU6, STM32H503RBT6, STM32H523CCT6, STM32H523CCU6, STM32H523CET6, STM32H523CEU6, STM32H523HEY6TR, STM32H523RCT6, STM32H523RET6, STM32H523VCI6, STM32H523VCT6, STM32H523VEI6, STM32H523VET6, STM32H523ZCJ6, STM32H523ZCT6, STM32H523ZEJ6, STM32H523ZET6, STM32H533CET6, STM32H533CEU6, STM32H533HEY6TR, STM32H533RET6, STM32H533VEI6, STM32H533VET6, STM32H533ZEJ6, STM32H533ZET6, STM32H562AGI6, STM32H562AII6, STM32H562IGK6, STM32H562IGT6, STM32H562IIK6, STM32H562IIT6, STM32H562RGT6, STM32H562RGV6, STM32H562RIT6, STM32H562RIV6, STM32H562VGT6, STM32H562VIT6, STM32H562ZGT6, STM32H562ZIT6, STM32H563AGI6, STM32H563AII3Q, STM32H563AII6, STM32H563IGK6, STM32H563IGT6, STM32H563IIK3Q, STM32H563IIK6, STM32H563IIT3Q, STM32H563IIT6, STM32H563MIY3QTR, STM32H563RGT6, STM32H563RGV6, STM32H563RIT6, STM32H563RIV6, STM32H563VGT6, STM32H563VIT3Q, STM32H563VIT6, STM32H563ZGT6, STM32H563ZIT3Q, STM32H563ZIT6, STM32H573AII3Q, STM32H573AII6, STM32H573I-DK, STM32H573IIK3Q, STM32H573IIK6, STM32H573IIT3Q, STM32H573IIT6, STM32H573MIY3QTR, STM32H573RIT6, STM32H573RIV6, STM32H573VIT3Q, STM32H573VIT6, STM32H573ZIT3Q, STM32H573ZIT6, STM32H7R3A8I6, STM32H7R3I8K6, STM32H7R3I8T6, STM32H7R3L8H6, STM32H7R3L8H6H, STM32H7R3R8V6, STM32H7R3V8H6, STM32H7R3V8T6, STM32H7R3V8Y6TR, STM32H7R3Z8J6, STM32H7R3Z8T6, STM32H7R7A8I6, STM32H7R7I8K6, STM32H7R7I8T6, STM32H7R7L8H6, STM32H7R7L8H6H, STM32H7R7Z8J6, STM32H7S3A8I6, STM32H7S3I8K6, STM32H7S3I8T6, STM32H7S3L8H6, STM32H7S3L8H6H, STM32H7S3R8V6, STM32H7S3V8H6, STM32H7S3V8T6, STM32H7S3V8Y6TR, STM32H7S3Z8J6, STM32H7S3Z8T6, STM32H7S78-DK, STM32H7S7A8I6, STM32H7S7I8K6, STM32H7S7I8T6, STM32H7S7L8H6, STM32H7S7L8H6H, STM32H7S7Z8J6, STM32L4R5QGI6STR, STM32MP131AAE3, STM32MP131AAF3, STM32MP131AAG3, STM32MP131CAE3, STM32MP131CAF3, STM32MP131CAG3, STM32MP131DAE7, STM32MP131DAF7, STM32MP131DAG7, STM32MP131FAE7, STM32MP131FAF7, STM32MP131FAG7, STM32MP133AAE3, STM32MP133AAF3, STM32MP133AAG3, STM32MP133CAE3, STM32MP133CAF3, STM32MP133CAG3, STM32MP133DAE7, STM32MP133DAF7, STM32MP133DAG7, STM32MP133FAE7, STM32MP133FAF7, STM32MP133FAG7, STM32MP135AAE3, STM32MP135AAF3, STM32MP135AAG3, STM32MP135CAE3, STM32MP135CAF3, STM32MP135CAG3, STM32MP135DAE7, STM32MP135DAF7, STM32MP135DAG7, STM32MP135F-DK, STM32MP135FAE7, STM32MP135FAF7, STM32MP135FAF7T, STM32MP135FAF7U, STM32MP135FAG7, STM32MP251AAI3, STM32MP251AAK3, STM32MP251AAL3, STM32MP251CAI3, STM32MP251CAK3, STM32MP251CAL3, STM32MP251DAI3, STM32MP251DAK3, STM32MP251DAL3, STM32MP251FAI3, STM32MP251FAK3, STM32MP251FAL3, STM32MP253AAI3, STM32MP253AAK3, STM32MP253AAL3, STM32MP253CAI3, STM32MP253CAK3, STM32MP253CAL3, STM32MP253DAI3, STM32MP253DAK3, STM32MP253DAL3, STM32MP253FAI3, STM32MP253FAK3, STM32MP253FAL3, STM32MP255AAI3, STM32MP255AAK3, STM32MP255AAL3, STM32MP255CAI3, STM32MP255CAK3, STM32MP255CAL3, STM32MP255DAI3, STM32MP255DAK3, STM32MP255DAL3, STM32MP255FAI3, STM32MP255FAK3, STM32MP255FAL3, STM32MP257AAI3, STM32MP257AAK3, STM32MP257AAL3, STM32MP257CAI3, STM32MP257CAK3, STM32MP257CAL3, STM32MP257DAI3, STM32MP257DAK3, STM32MP257DAL3, STM32MP257F-DK, STM32MP257F-EV1, STM32MP257FAI3, STM32MP257FAK3, STM32MP257FAL3, STM32U031C6T6, STM32U031C6U6, STM32U031C8T6, STM32U031C8U6, STM32U031F4P6, STM32U031F6P6, STM32U031F8P6, STM32U031G6Y6TR, STM32U031G8Y6TR, STM32U031K4U6, STM32U031K6U6, STM32U031K8U6, STM32U031R6I6, STM32U031R6T6, STM32U031R8I6, STM32U031R8T6, STM32U073C8T6, STM32U073C8U6, STM32U073CBT6, STM32U073CBU6, STM32U073CCT6, STM32U073CCU6, STM32U073H8Y6TR, STM32U073HBY6TR, STM32U073HCY6TR, STM32U073K8U6, STM32U073KBU6, STM32U073KCU6, STM32U073M8I6, STM32U073M8T6, STM32U073MBI6, STM32U073MBT6, STM32U073MCI6, STM32U073MCT6, STM32U073R8I6, STM32U073R8T6, STM32U073RBI6, STM32U073RBT6, STM32U073RCI6, STM32U073RCT6, STM32U083C-DK, STM32U083CCT6, STM32U083CCU6, STM32U083HCY6TR, STM32U083KCU6, STM32U083MCI6, STM32U083MCT6, STM32U083RCI6, STM32U083RCT6, STM32U535CBT6, STM32U535CBT6Q, STM32U535CBU6, STM32U535CBU6Q, STM32U535CCT6, STM32U535CCT6Q, STM32U535CCU6, STM32U535CCU6Q, STM32U535CET6, STM32U535CET6Q, STM32U535CEU6, STM32U535CEU6Q, STM32U535JEY6QTR, STM32U535NCY6QTR, STM32U535NEY6QTR, STM32U535RBI6, STM32U535RBI6Q, STM32U535RBT6, STM32U535RBT6Q, STM32U535RCI6, STM32U535RCI6Q, STM32U535RCT6, STM32U535RCT6Q, STM32U535REI6, STM32U535REI6Q, STM32U535RET6, STM32U535RET6Q, STM32U535VCI6, STM32U535VCI6Q, STM32U535VCT6, STM32U535VCT6Q, STM32U535VEI6, STM32U535VEI6Q, STM32U535VET6, STM32U535VET6Q, STM32U545CET6, STM32U545CET6Q, STM32U545CEU6, STM32U545CEU6Q, STM32U545JEY6QTR, STM32U545NEY6QTR, STM32U545REI6, STM32U545REI6Q, STM32U545RET6, STM32U545RET6Q, STM32U545VEI6, STM32U545VEI6Q, STM32U545VET6, STM32U545VET6Q, STM32U595AIH6, STM32U595AIH6Q, STM32U595AJH6, STM32U595AJH6Q, STM32U595QII6, STM32U595QII6Q, STM32U595QJI6, STM32U595QJI6Q, STM32U595RIT6, STM32U595RIT6Q, STM32U595RJT6, STM32U595RJT6Q, STM32U595VIT6, STM32U595VIT6Q, STM32U595VJT6, STM32U595VJT6Q, STM32U595ZIT6, STM32U595ZIT6Q, STM32U595ZIY6QTR, STM32U595ZJT6, STM32U595ZJT6Q, STM32U595ZJY6QTR, STM32U599BJY6QTR, STM32U599NIH6Q, STM32U599NJH6Q, STM32U599VIT6Q, STM32U599VJT6, STM32U599VJT6Q, STM32U599ZIT6Q, STM32U599ZIY6QTR, STM32U599ZJT6Q, STM32U599ZJY6QTR, STM32U5A5AJH6, STM32U5A5AJH6Q, STM32U5A5QII3Q , STM32U5A5QJI6, STM32U5A5QJI6Q, STM32U5A5RJT6, STM32U5A5RJT6Q, STM32U5A5VJT6, STM32U5A5VJT6Q, STM32U5A5ZJT6, STM32U5A5ZJT6Q, STM32U5A5ZJY6QTR, STM32U5A9BJY6QTR, STM32U5A9J-DK, STM32U5A9NJH6Q, STM32U5A9VJT6Q, STM32U5A9ZJT6Q, STM32U5A9ZJY6QTR, STM32U5F7VIT6, STM32U5F7VIT6Q, STM32U5F7VJT6, STM32U5F7VJT6Q, STM32U5F9BJY6QTR, STM32U5F9NJH6Q, STM32U5F9VIT6Q, STM32U5F9VJT6Q, STM32U5F9ZIJ6QTR, STM32U5F9ZIT6Q, STM32U5F9ZJJ6QTR, STM32U5F9ZJT6Q, STM32U5G7VJT6, STM32U5G7VJT6Q, STM32U5G9BJY6QTR, STM32U5G9J-DK1, STM32U5G9J-DK2, STM32U5G9NJH6Q, STM32U5G9VJT6Q, STM32U5G9ZJJ6QTR, STM32U5G9ZJT6Q, STM32WB05KZV6TR, STM32WB05KZV7TR, STM32WB05TZF6TR, STM32WB05TZF7TR, STM32WB06CCF6TR, STM32WB06CCF7TR, STM32WB06CCV6TR, STM32WB06CCV7TR, STM32WB06KCV6TR, STM32WB06KCV7TR, STM32WB07CCF6TR, STM32WB07CCF7TR, STM32WB07CCV6TR, STM32WB07CCV7TR, STM32WB07KCV6TR, STM32WB07KCV7TR, STM32WB09KEV6TR, STM32WB09KEV7TR, STM32WB09TEF6TR, STM32WB09TEF7TR, STM32WB1MMCH6, STM32WBA50KGU6, STM32WBA50KGU6TR, STM32WBA52CEU6, STM32WBA52CEU6TR, STM32WBA52CEU7, STM32WBA52CEU7TR, STM32WBA52CGU6, STM32WBA52CGU6TR, STM32WBA52CGU6U, STM32WBA52CGU7, STM32WBA52CGU7TR, STM32WBA52KEU6, STM32WBA52KEU6TR, STM32WBA52KGU6, STM32WBA52KGU6TR, STM32WBA54CEU6, STM32WBA54CEU6TR, STM32WBA54CEU7, STM32WBA54CEU7TR, STM32WBA54CGU6, STM32WBA54CGU6TR, STM32WBA54CGU7, STM32WBA54CGU7TR, STM32WBA54KEU6, STM32WBA54KEU6TR, STM32WBA54KEU7, STM32WBA54KEU7TR, STM32WBA54KGU6, STM32WBA54KGU6TR, STM32WBA54KGU7, STM32WBA54KGU7TR, STM32WBA55CEU6, STM32WBA55CEU6TR, STM32WBA55CEU7, STM32WBA55CEU7TR, STM32WBA55CGU6, STM32WBA55CGU6TR, STM32WBA55CGU6U, STM32WBA55CGU7, STM32WBA55CGU7TR, STM32WBA55G-DK1, STM32WBA55HEF6, STM32WBA55HEF7, STM32WBA55HGF6, STM32WBA55HGF7, STM32WBA55UEI6, STM32WBA55UEI6TR, STM32WBA55UEI7, STM32WBA55UEI7TR, STM32WBA55UGI6, STM32WBA55UGI6TR, STM32WBA55UGI7, STM32WBA55UGI7TR, STM32WL5MOCH6, STM32WL5MOCH6TR]
2025-05-21 10:06:53,385 [INFO] DbMcus:218 - Found 4608 MCUs, 4608 are supported
2025-05-21 10:06:53,386 [INFO] ApiDb:423 - Load user favorites file C:\Users\RND1/.stm32cubeide/favorites.mcus.txt: 0 item(s)
2025-05-21 10:06:53,386 [INFO] ApiDb:427 - User favorites MCUs=[]
2025-05-21 10:06:53,386 [INFO] DbMcus:224 - Set 0 / 0 favorites MCUs
2025-05-21 10:06:53,762 [INFO] BoardInfo:889 - No configuration file found for board NUCLEO-C051C8
2025-05-21 10:06:53,763 [INFO] DbBoards:161 - Board is not supported: NUCLEO-C051C8
2025-05-21 10:06:53,767 [INFO] BoardInfo:889 - No configuration file found for board NUCLEO-C092RC
2025-05-21 10:06:53,768 [INFO] DbBoards:161 - Board is not supported: NUCLEO-C092RC
2025-05-21 10:06:53,857 [INFO] BoardInfo:889 - No configuration file found for board NUCLEO-N657X0-Q
2025-05-21 10:06:53,858 [INFO] DbBoards:161 - Board is not supported: NUCLEO-N657X0-Q
2025-05-21 10:06:53,874 [INFO] BoardInfo:889 - No configuration file found for board NUCLEO-WBA65RI
2025-05-21 10:06:53,875 [INFO] DbBoards:161 - Board is not supported: NUCLEO-WBA65RI
2025-05-21 10:06:53,876 [INFO] BoardInfo:889 - No configuration file found for board NUCLEO-WL33CC1
2025-05-21 10:06:53,876 [INFO] DbBoards:161 - Board is not supported: NUCLEO-WL33CC1
2025-05-21 10:06:53,877 [INFO] BoardInfo:889 - No configuration file found for board NUCLEO-WL33CC2
2025-05-21 10:06:53,877 [INFO] DbBoards:161 - Board is not supported: NUCLEO-WL33CC2
2025-05-21 10:06:53,883 [INFO] BoardInfo:889 - No configuration file found for board P-NUCLEO-WB55
2025-05-21 10:06:53,884 [INFO] DbBoards:161 - Kit is not supported: P-NUCLEO-WB55
2025-05-21 10:06:53,889 [INFO] BoardInfo:889 - No configuration file found for board STEVAL-BFA001V1B
2025-05-21 10:06:53,889 [INFO] DbBoards:161 - Kit is not supported: STEVAL-BFA001V1B
2025-05-21 10:06:53,891 [INFO] BoardInfo:889 - No configuration file found for board STEVAL-BFA001V2B
2025-05-21 10:06:53,891 [INFO] DbBoards:161 - Kit is not supported: STEVAL-BFA001V2B
2025-05-21 10:06:54,023 [INFO] BoardInfo:889 - No configuration file found for board STM32N6570-DK
2025-05-21 10:06:54,023 [INFO] DbBoards:161 - Board is not supported: STM32N6570-DK
2025-05-21 10:06:54,037 [INFO] BoardInfo:889 - No configuration file found for board STM32WBA65I-DK1
2025-05-21 10:06:54,038 [INFO] DbBoards:161 - Board is not supported: STM32WBA65I-DK1
2025-05-21 10:06:54,038 [INFO] DbBoards:168 - Found 209 boards, 198 are supported
2025-05-21 10:06:54,038 [INFO] DbBoards:169 - Found 209 boards, 25 of them is supported for  Bsp
2025-05-21 10:06:54,041 [INFO] ApiDb:423 - Load user favorites file C:\Users\RND1/.stm32cubeide/favorites.boards.txt: 0 item(s)
2025-05-21 10:06:54,041 [INFO] ApiDb:427 - User favorites Boards=[]
2025-05-21 10:06:54,041 [INFO] DbBoards:198 - Set 0 / 0 favorites Boards
2025-05-21 10:06:54,095 [INFO] UtilMem:75 - End LoadConfig() Used Memory: 877684056 Bytes (1073741824)
2025-05-21 10:06:54,206 [WARN] ThirdParty:833 - waiting for thirdparty lock release [change project]
2025-05-21 10:06:54,206 [INFO] ThirdParty:835 - entering critical section [change project]
2025-05-21 10:06:54,206 [INFO] ThirdParty:1030 - CMSIS Pack Vendor :STMicroelectronics USBPD 4.1
2025-05-21 10:06:54,206 [INFO] ThirdParty:1030 - CMSIS Pack Vendor :STMicroelectronics X-CUBE-GNSS1 6.0.0
2025-05-21 10:06:54,206 [INFO] ThirdParty:1030 - CMSIS Pack Vendor :STMicroelectronics USB_HOST 2.0.0
2025-05-21 10:06:54,206 [INFO] ThirdParty:1030 - CMSIS Pack Vendor :STMicroelectronics FP-SNS-MOTENVWB1 1.4.0
2025-05-21 10:06:54,206 [INFO] ThirdParty:1030 - CMSIS Pack Vendor :STMicroelectronics X-CUBE-AZRTOS-F4 1.1.0
2025-05-21 10:06:54,206 [INFO] ThirdParty:1030 - CMSIS Pack Vendor :STMicroelectronics LIBJPEG 8.0.0
2025-05-21 10:06:54,206 [INFO] ThirdParty:1030 - CMSIS Pack Vendor :STMicroelectronics FP-ATR-ASTRA1 2.0.2
2025-05-21 10:06:54,206 [INFO] ThirdParty:1030 - CMSIS Pack Vendor :wolfSSL I-CUBE-wolfSSL 5.6.4
2025-05-21 10:06:54,206 [INFO] ThirdParty:1030 - CMSIS Pack Vendor :STMicroelectronics FP-ATR-ASTRA1 2.0.1
2025-05-21 10:06:54,206 [INFO] ThirdParty:1030 - CMSIS Pack Vendor :STMicroelectronics X-CUBE-SMBUS 2.1.0
2025-05-21 10:06:54,206 [INFO] ThirdParty:1030 - CMSIS Pack Vendor :STMicroelectronics X-CUBE-WB05N 1.1.0
2025-05-21 10:06:54,206 [INFO] ThirdParty:1030 - CMSIS Pack Vendor :STMicroelectronics X-CUBE-ISPU 2.1.0
2025-05-21 10:06:54,206 [INFO] ThirdParty:1030 - CMSIS Pack Vendor :STMicroelectronics X-CUBE-FREERTOS 1.2.0
2025-05-21 10:06:54,206 [INFO] ThirdParty:1030 - CMSIS Pack Vendor :STMicroelectronics X-CUBE-TOUCHGFX 4.23.0
2025-05-21 10:06:54,206 [INFO] ThirdParty:1030 - CMSIS Pack Vendor :STMicroelectronics X-CUBE-TOUCHGFX 4.23.2
2025-05-21 10:06:54,206 [INFO] ThirdParty:1030 - CMSIS Pack Vendor :STMicroelectronics X-CUBE-AZRTOS-F7 1.1.0
2025-05-21 10:06:54,206 [INFO] ThirdParty:1030 - CMSIS Pack Vendor :STMicroelectronics X-CUBE-AZRTOS-L5 2.0.0
2025-05-21 10:06:54,206 [INFO] ThirdParty:1030 - CMSIS Pack Vendor :STMicroelectronics USB_DEVICE 2.0.0
2025-05-21 10:06:54,206 [INFO] ThirdParty:1030 - CMSIS Pack Vendor :STMicroelectronics X-CUBE-EEPRMA1 4.2.0
2025-05-21 10:06:54,206 [INFO] ThirdParty:1030 - CMSIS Pack Vendor :STMicroelectronics X-CUBE-NFC6 3.1.0
2025-05-21 10:06:54,206 [INFO] ThirdParty:1030 - CMSIS Pack Vendor :ITTIA_DB I-CUBE-ITTIADB 8.8.0
2025-05-21 10:06:54,206 [INFO] ThirdParty:1030 - CMSIS Pack Vendor :STMicroelectronics FP-SNS-MOTENV1 4.3.2
2025-05-21 10:06:54,207 [INFO] ThirdParty:1030 - CMSIS Pack Vendor :STMicroelectronics X-CUBE-MEMS1 11.0.0
2025-05-21 10:06:54,207 [INFO] ThirdParty:1030 - CMSIS Pack Vendor :STMicroelectronics FreeRTOS 0.0.1
2025-05-21 10:06:54,207 [INFO] ThirdParty:1030 - CMSIS Pack Vendor :STMicroelectronics X-CUBE-DPower 1.2.0
2025-05-21 10:06:54,207 [INFO] ThirdParty:1030 - CMSIS Pack Vendor :STMicroelectronics FP-SNS-FLIGHT1 5.0.2
2025-05-21 10:06:54,207 [INFO] ThirdParty:1030 - CMSIS Pack Vendor :STMicroelectronics X-CUBE-AI 9.0.0
2025-05-21 10:06:54,207 [INFO] ThirdParty:1030 - CMSIS Pack Vendor :STMicroelectronics PDM2PCM 3.3.0
2025-05-21 10:06:54,207 [INFO] ThirdParty:1030 - CMSIS Pack Vendor :STMicroelectronics X-CUBE-DISPLAY 3.0.0
2025-05-21 10:06:54,207 [INFO] ThirdParty:1030 - CMSIS Pack Vendor :STMicroelectronics X-CUBE-BLE1 7.0.0
2025-05-21 10:06:54,207 [INFO] ThirdParty:1030 - CMSIS Pack Vendor :STMicroelectronics X-CUBE-NFC10 1.0.0
2025-05-21 10:06:54,207 [INFO] ThirdParty:1030 - CMSIS Pack Vendor :STMicroelectronics X-CUBE-BLEMGR 4.0.0
2025-05-21 10:06:54,207 [INFO] ThirdParty:1030 - CMSIS Pack Vendor :STMicroelectronics X-CUBE-FREERTOS 1.3.1
2025-05-21 10:06:54,207 [INFO] ThirdParty:1030 - CMSIS Pack Vendor :STMicroelectronics HAL Drivers 0.0.0
2025-05-21 10:06:54,207 [INFO] ThirdParty:1030 - CMSIS Pack Vendor :emotas I-CUBE-CANOPEN 1.3.0
2025-05-21 10:06:54,207 [INFO] ThirdParty:1030 - CMSIS Pack Vendor :STMicroelectronics X-CUBE-FREERTOS 1.3.0
2025-05-21 10:06:54,207 [INFO] ThirdParty:1030 - CMSIS Pack Vendor :STMicroelectronics X-CUBE-NFC7 1.0.1
2025-05-21 10:06:54,207 [INFO] ThirdParty:1030 - CMSIS Pack Vendor :STMicroelectronics MBEDTLS 2.14.1
2025-05-21 10:06:54,207 [INFO] ThirdParty:1030 - CMSIS Pack Vendor :STMicroelectronics X-CUBE-NFC6 3.0.0
2025-05-21 10:06:54,207 [INFO] ThirdParty:1030 - CMSIS Pack Vendor :STMicroelectronics X-CUBE-BLEMGR 3.1.0
2025-05-21 10:06:54,207 [INFO] ThirdParty:1030 - CMSIS Pack Vendor :STMicroelectronics X-CUBE-AI 10.0.0
2025-05-21 10:06:54,207 [INFO] ThirdParty:1030 - CMSIS Pack Vendor :STMicroelectronics FP-SNS-SMARTAG2 1.2.0
2025-05-21 10:06:54,207 [INFO] ThirdParty:1030 - CMSIS Pack Vendor :STMicroelectronics X-CUBE-MEMS1 11.1.0
2025-05-21 10:06:54,207 [INFO] ThirdParty:1030 - CMSIS Pack Vendor :STMicroelectronics X-CUBE-AZRTOS-WL 2.0.0
2025-05-21 10:06:54,207 [INFO] ThirdParty:1030 - CMSIS Pack Vendor :STMicroelectronics X-CUBE-DPower 1.3.0
2025-05-21 10:06:54,207 [INFO] ThirdParty:1030 - CMSIS Pack Vendor :STMicroelectronics FP-SNS-MOTENV1 5.0.0
2025-05-21 10:06:54,207 [INFO] ThirdParty:1030 - CMSIS Pack Vendor :STMicroelectronics USB_DEVICE 1.0.0
2025-05-21 10:06:54,207 [INFO] ThirdParty:1030 - CMSIS Pack Vendor :STMicroelectronics X-CUBE-AI 8.1.0
2025-05-21 10:06:54,207 [INFO] ThirdParty:1030 - CMSIS Pack Vendor :wolfSSL I-CUBE-wolfMQTT 1.19.0
2025-05-21 10:06:54,207 [INFO] ThirdParty:1030 - CMSIS Pack Vendor :STMicroelectronics X-CUBE-AZRTOS-L4 2.0.0
2025-05-21 10:06:54,207 [INFO] ThirdParty:1030 - CMSIS Pack Vendor :STMicroelectronics ThreadX 0.0.2
2025-05-21 10:06:54,207 [INFO] ThirdParty:1030 - CMSIS Pack Vendor :WES I-CUBE-Cesium 1.3.0
2025-05-21 10:06:54,207 [INFO] ThirdParty:1030 - CMSIS Pack Vendor :STMicroelectronics lwIP 2.1.2
2025-05-21 10:06:54,207 [INFO] ThirdParty:1030 - CMSIS Pack Vendor :STMicroelectronics X-CUBE-SFXS2LP1 4.0.0
2025-05-21 10:06:54,207 [INFO] ThirdParty:1030 - CMSIS Pack Vendor :STMicroelectronics X-CUBE-BLE2 3.3.0
2025-05-21 10:06:54,207 [INFO] ThirdParty:1030 - CMSIS Pack Vendor :STMicroelectronics PDM2PCM 3.2.0
2025-05-21 10:06:54,207 [INFO] ThirdParty:1030 - CMSIS Pack Vendor :STMicroelectronics X-CUBE-AZRTOS-H7 3.3.0
2025-05-21 10:06:54,207 [INFO] ThirdParty:1030 - CMSIS Pack Vendor :STMicroelectronics X-CUBE-NFC9 1.0.0
2025-05-21 10:06:54,207 [INFO] ThirdParty:1030 - CMSIS Pack Vendor :STMicroelectronics X-CUBE-BLE1 7.1.0
2025-05-21 10:06:54,207 [INFO] ThirdParty:1030 - CMSIS Pack Vendor :STMicroelectronics USB_DEVICE 3.0.0
2025-05-21 10:06:54,207 [INFO] ThirdParty:1030 - CMSIS Pack Vendor :STMicroelectronics X-CUBE-TCPP 4.1.0
2025-05-21 10:06:54,207 [INFO] ThirdParty:1030 - CMSIS Pack Vendor :STMicroelectronics X-CUBE-IPS 3.0.0
2025-05-21 10:06:54,207 [INFO] ThirdParty:1030 - CMSIS Pack Vendor :STMicroelectronics X-CUBE-AZRTOS-WB 2.0.0
2025-05-21 10:06:54,207 [INFO] ThirdParty:1030 - CMSIS Pack Vendor :STMicroelectronics X-CUBE-GNSS1 7.0.0
2025-05-21 10:06:54,207 [INFO] ThirdParty:1030 - CMSIS Pack Vendor :STMicroelectronics X-CUBE-GNSS1 7.0.1
2025-05-21 10:06:54,207 [INFO] ThirdParty:1030 - CMSIS Pack Vendor :STMicroelectronics X-CUBE-TOUCHGFX 4.25.0
2025-05-21 10:06:54,207 [INFO] ThirdParty:1030 - CMSIS Pack Vendor :STMicroelectronics FP-SNS-STBOX1 2.0.0
2025-05-21 10:06:54,207 [INFO] ThirdParty:1030 - CMSIS Pack Vendor :STMicroelectronics X-CUBE-ALGOBUILD 1.3.0
2025-05-21 10:06:54,208 [INFO] ThirdParty:1030 - CMSIS Pack Vendor :STMicroelectronics X-CUBE-MEMS1 11.2.0
2025-05-21 10:06:54,208 [INFO] ThirdParty:1030 - CMSIS Pack Vendor :STMicroelectronics X-CUBE-AZRTOS-G0 1.1.0
2025-05-21 10:06:54,208 [INFO] ThirdParty:1030 - CMSIS Pack Vendor :STMicroelectronics X-CUBE-SAFEA1 1.2.2
2025-05-21 10:06:54,208 [INFO] ThirdParty:1030 - CMSIS Pack Vendor :STMicroelectronics X-CUBE-NFC4 3.0.0
2025-05-21 10:06:54,208 [INFO] ThirdParty:1030 - CMSIS Pack Vendor :STMicroelectronics X-CUBE-SUBG2 5.0.0
2025-05-21 10:06:54,208 [INFO] ThirdParty:1030 - CMSIS Pack Vendor :STMicroelectronics X-CUBE-AZRTOS-H7RS 1.1.0
2025-05-21 10:06:54,208 [INFO] ThirdParty:1030 - CMSIS Pack Vendor :STMicroelectronics STM32_WPAN 1.0.0
2025-05-21 10:06:54,208 [INFO] ThirdParty:1030 - CMSIS Pack Vendor :wolfSSL I-CUBE-wolfMQTT 1.18.0
2025-05-21 10:06:54,208 [INFO] ThirdParty:1030 - CMSIS Pack Vendor :EmbeddedOffice I-CUBE-FS-RTOS 1.0.1
2025-05-21 10:06:54,208 [INFO] ThirdParty:1030 - CMSIS Pack Vendor :STMicroelectronics lwIP 2.0.3
2025-05-21 10:06:54,208 [INFO] ThirdParty:1030 - CMSIS Pack Vendor :STMicroelectronics USB_HOST 1.0.0
2025-05-21 10:06:54,208 [INFO] ThirdParty:1030 - CMSIS Pack Vendor :STMicroelectronics X-CUBE-AZRTOS-G4 2.0.0
2025-05-21 10:06:54,208 [INFO] ThirdParty:1030 - CMSIS Pack Vendor :STMicroelectronics X-CUBE-WB05N 2.0.0
2025-05-21 10:06:54,208 [INFO] ThirdParty:1030 - CMSIS Pack Vendor :STMicroelectronics PDM2PCM 3.1.0
2025-05-21 10:06:54,208 [INFO] ThirdParty:1030 - CMSIS Pack Vendor :Infineon AIROC-Wi-Fi-Bluetooth-STM32 1.5.1
2025-05-21 10:06:54,208 [INFO] ThirdParty:1030 - CMSIS Pack Vendor :STMicroelectronics X-CUBE-BLEMGR 3.0.0
2025-05-21 10:06:54,208 [INFO] ThirdParty:1030 - CMSIS Pack Vendor :STMicroelectronics X-CUBE-NFC7 2.0.0
2025-05-21 10:06:54,208 [INFO] ThirdParty:1030 - CMSIS Pack Vendor :RealThread X-CUBE-RT-Thread_Nano 4.1.1
2025-05-21 10:06:54,208 [INFO] ThirdParty:1030 - CMSIS Pack Vendor :STMicroelectronics FP-SNS-MOTENVWB1 1.3.1
2025-05-21 10:06:54,208 [INFO] ThirdParty:1030 - CMSIS Pack Vendor :STMicroelectronics FP-ATR-SIGFOX1 3.2.0
2025-05-21 10:06:54,208 [INFO] ThirdParty:1030 - CMSIS Pack Vendor :quantropi X-CUBE-qispace-sdk-base 1.9.3
2025-05-21 10:06:54,208 [INFO] ThirdParty:1030 - CMSIS Pack Vendor :STMicroelectronics X-CUBE-ISPU 2.0.0
2025-05-21 10:06:54,208 [INFO] ThirdParty:1030 - CMSIS Pack Vendor :STMicroelectronics X-CUBE-EEPRMA1 5.1.0
2025-05-21 10:06:54,208 [INFO] ThirdParty:1030 - CMSIS Pack Vendor :STMicroelectronics MBEDTLS 2.16.2
2025-05-21 10:06:54,208 [INFO] ThirdParty:1030 - CMSIS Pack Vendor :STMicroelectronics X-CUBE-ALS 1.0.2
2025-05-21 10:06:54,208 [INFO] ThirdParty:1030 - CMSIS Pack Vendor :STMicroelectronics X-CUBE-MEMS1 10.0.0
2025-05-21 10:06:54,208 [INFO] ThirdParty:1030 - CMSIS Pack Vendor :STMicroelectronics X-CUBE-FREERTOS 1.1.0
2025-05-21 10:06:54,208 [INFO] ThirdParty:1030 - CMSIS Pack Vendor :STMicroelectronics X-CUBE-TOUCHGFX 4.24.0
2025-05-21 10:06:54,208 [INFO] ThirdParty:1030 - CMSIS Pack Vendor :STMicroelectronics X-CUBE-TOUCHGFX 4.24.2
2025-05-21 10:06:54,208 [INFO] ThirdParty:1030 - CMSIS Pack Vendor :STMicroelectronics X-CUBE-TOUCHGFX 4.24.1
2025-05-21 10:06:54,208 [INFO] ThirdParty:1030 - CMSIS Pack Vendor :wolfSSL I-CUBE-wolfTPM 3.4.0
2025-05-21 10:06:54,208 [INFO] ThirdParty:1030 - CMSIS Pack Vendor :portGmbH I-Cube-SoM-uGOAL 1.1.0
2025-05-21 10:06:54,208 [INFO] ThirdParty:1030 - CMSIS Pack Vendor :STMicroelectronics X-CUBE-ALS 1.0.1
2025-05-21 10:06:54,208 [INFO] ThirdParty:1030 - CMSIS Pack Vendor :STMicroelectronics ThreadX 1.0.0
2025-05-21 10:06:54,208 [INFO] ThirdParty:1030 - CMSIS Pack Vendor :SEGGER I-CUBE-embOS 1.3.1
2025-05-21 10:06:54,208 [INFO] ThirdParty:1030 - CMSIS Pack Vendor :STMicroelectronics X-CUBE-ALGOBUILD 1.4.0
2025-05-21 10:06:54,208 [INFO] ThirdParty:1030 - CMSIS Pack Vendor :STMicroelectronics X-CUBE-AZRTOS-H7RS 1.0.0
2025-05-21 10:06:54,208 [INFO] ThirdParty:1030 - CMSIS Pack Vendor :STMicroelectronics FP-ATR-ASTRA1 2.0.0
2025-05-21 10:06:54,208 [INFO] ThirdParty:1030 - CMSIS Pack Vendor :STMicroelectronics X-CUBE-TOF1 3.4.2
2025-05-21 10:06:54,208 [INFO] ThirdParty:1030 - CMSIS Pack Vendor :STMicroelectronics X-CUBE-AI 9.1.0
2025-05-21 10:06:54,208 [INFO] ThirdParty:1030 - CMSIS Pack Vendor :STMicroelectronics X-CUBE-TOF1 3.4.0
2025-05-21 10:06:54,208 [INFO] ThirdParty:1030 - CMSIS Pack Vendor :STMicroelectronics X-CUBE-TOF1 3.4.1
2025-05-21 10:06:54,208 [INFO] ThirdParty:1030 - CMSIS Pack Vendor :STMicroelectronics X-CUBE-AZRTOS-H7 3.2.0
2025-05-21 10:06:54,208 [INFO] ThirdParty:1030 - CMSIS Pack Vendor :wolfSSL I-CUBE-wolfSSH 1.4.17
2025-05-21 10:06:54,208 [INFO] ThirdParty:841 - exiting critical section [change project]
2025-05-21 10:06:54,438 [INFO] PinOutPanel:1561 - setPackage(No Configuration,No Configuration)
2025-05-21 10:06:54,440 [INFO] PinOutPanel:1561 - setPackage(STM32F103C8Tx,LQFP48)
2025-05-21 10:06:54,841 [INFO] UtilMem:75 - Before build in PCC Used Memory: 687534992 Bytes (1073741824)
2025-05-21 10:06:55,714 [INFO] UtilMem:75 - After build in PCC Used Memory: 751498128 Bytes (1073741824)
2025-05-21 10:06:55,740 [INFO] IPUIPlugin:80 - create IPUIPlugin
2025-05-21 10:06:55,740 [INFO] IPUIPlugin:80 - create IPUIPlugin
2025-05-21 10:06:55,740 [INFO] IPUIPlugin:80 - create IPUIPlugin
2025-05-21 10:06:55,740 [INFO] IPUIPlugin:80 - create IPUIPlugin
2025-05-21 10:06:55,740 [INFO] IPUIPlugin:80 - create IPUIPlugin
2025-05-21 10:06:55,740 [INFO] IPUIPlugin:80 - create IPUIPlugin
2025-05-21 10:06:55,740 [INFO] IPUIPlugin:80 - create IPUIPlugin
2025-05-21 10:06:55,741 [INFO] IPUIPlugin:80 - create IPUIPlugin
2025-05-21 10:06:55,741 [INFO] IPUIPlugin:80 - create IPUIPlugin
2025-05-21 10:06:55,741 [INFO] IPUIPlugin:80 - create IPUIPlugin
2025-05-21 10:06:55,741 [INFO] IPUIPlugin:80 - create IPUIPlugin
2025-05-21 10:06:55,741 [INFO] IPUIPlugin:80 - create IPUIPlugin
2025-05-21 10:06:55,741 [INFO] IPUIPlugin:80 - create IPUIPlugin
2025-05-21 10:06:55,741 [INFO] IPUIPlugin:80 - create IPUIPlugin
2025-05-21 10:06:55,742 [INFO] IPUIPlugin:80 - create IPUIPlugin
2025-05-21 10:06:55,742 [INFO] IPUIPlugin:80 - create IPUIPlugin
2025-05-21 10:06:55,742 [INFO] IPUIPlugin:80 - create IPUIPlugin
2025-05-21 10:06:55,742 [INFO] IPUIPlugin:80 - create IPUIPlugin
2025-05-21 10:06:55,742 [INFO] IPUIPlugin:80 - create IPUIPlugin
2025-05-21 10:06:55,742 [INFO] IPUIPlugin:80 - create IPUIPlugin
2025-05-21 10:06:55,743 [INFO] IPUIPlugin:80 - create IPUIPlugin
2025-05-21 10:06:55,743 [INFO] IPUIPlugin:80 - create IPUIPlugin
2025-05-21 10:06:55,743 [INFO] IPUIPlugin:80 - create IPUIPlugin
2025-05-21 10:06:55,743 [INFO] IPUIPlugin:80 - create IPUIPlugin
2025-05-21 10:06:55,743 [INFO] IPUIPlugin:80 - create IPUIPlugin
2025-05-21 10:06:55,743 [INFO] IPUIPlugin:80 - create IPUIPlugin
2025-05-21 10:06:55,744 [INFO] IPUIPlugin:80 - create IPUIPlugin
2025-05-21 10:06:55,759 [WARN] IP:2191 - I2C_Coeff_DF not found: check if there is a RefParameter without a condition.
2025-05-21 10:06:55,759 [WARN] IP:2191 - Analog_Filter not found: check if there is a RefParameter without a condition.
2025-05-21 10:06:56,032 [INFO] CADModel:165 - CPN selected for project levelSTM32F103C8T6
2025-05-21 10:06:56,032 [INFO] CADModel:114 - Register for checkConnection events
2025-05-21 10:06:56,092 [INFO] OpenFileManager:363 - Restore cursor
2025-05-21 10:06:56,224 [WARN] IP:2191 - I2C_Coeff_DF not found: check if there is a RefParameter without a condition.
2025-05-21 10:06:56,224 [WARN] IP:2191 - Analog_Filter not found: check if there is a RefParameter without a condition.
2025-05-21 10:06:56,224 [WARN] IP:2191 - I2C_Coeff_DF not found: check if there is a RefParameter without a condition.
2025-05-21 10:06:56,224 [WARN] IP:2191 - Analog_Filter not found: check if there is a RefParameter without a condition.
2025-05-21 10:10:15,688 [WARN] IP:2191 - I2C_Coeff_DF not found: check if there is a RefParameter without a condition.
2025-05-21 10:10:15,688 [WARN] IP:2191 - Analog_Filter not found: check if there is a RefParameter without a condition.
2025-05-21 10:10:15,689 [WARN] IP:2191 - I2C_Coeff_DF not found: check if there is a RefParameter without a condition.
2025-05-21 10:10:15,689 [WARN] IP:2191 - Analog_Filter not found: check if there is a RefParameter without a condition.
2025-05-21 10:10:15,696 [WARN] IP:2191 - I2C_Coeff_DF not found: check if there is a RefParameter without a condition.
2025-05-21 10:10:15,696 [WARN] IP:2191 - Analog_Filter not found: check if there is a RefParameter without a condition.
2025-05-21 10:10:15,703 [WARN] IP:2191 - I2C_Coeff_DF not found: check if there is a RefParameter without a condition.
2025-05-21 10:10:15,703 [WARN] IP:2191 - Analog_Filter not found: check if there is a RefParameter without a condition.
2025-05-21 10:10:18,849 [WARN] IP:2191 - I2C_Coeff_DF not found: check if there is a RefParameter without a condition.
2025-05-21 10:10:18,849 [WARN] IP:2191 - Analog_Filter not found: check if there is a RefParameter without a condition.
2025-05-21 10:10:18,850 [WARN] IP:2191 - I2C_Coeff_DF not found: check if there is a RefParameter without a condition.
2025-05-21 10:10:18,850 [WARN] IP:2191 - Analog_Filter not found: check if there is a RefParameter without a condition.
2025-05-21 10:10:18,857 [WARN] IP:2191 - I2C_Coeff_DF not found: check if there is a RefParameter without a condition.
2025-05-21 10:10:18,857 [WARN] IP:2191 - Analog_Filter not found: check if there is a RefParameter without a condition.
2025-05-21 10:10:18,863 [WARN] IP:2191 - I2C_Coeff_DF not found: check if there is a RefParameter without a condition.
2025-05-21 10:10:18,863 [WARN] IP:2191 - Analog_Filter not found: check if there is a RefParameter without a condition.
2025-05-21 10:10:21,779 [WARN] IP:2191 - I2C_Coeff_DF not found: check if there is a RefParameter without a condition.
2025-05-21 10:10:21,779 [WARN] IP:2191 - Analog_Filter not found: check if there is a RefParameter without a condition.
2025-05-21 10:10:21,779 [WARN] IP:2191 - I2C_Coeff_DF not found: check if there is a RefParameter without a condition.
2025-05-21 10:10:21,779 [WARN] IP:2191 - Analog_Filter not found: check if there is a RefParameter without a condition.
2025-05-21 10:10:21,784 [WARN] IP:2191 - I2C_Coeff_DF not found: check if there is a RefParameter without a condition.
2025-05-21 10:10:21,784 [WARN] IP:2191 - Analog_Filter not found: check if there is a RefParameter without a condition.
2025-05-21 10:10:21,789 [WARN] IP:2191 - I2C_Coeff_DF not found: check if there is a RefParameter without a condition.
2025-05-21 10:10:21,789 [WARN] IP:2191 - Analog_Filter not found: check if there is a RefParameter without a condition.
2025-05-21 10:10:24,586 [WARN] IP:2191 - I2C_Coeff_DF not found: check if there is a RefParameter without a condition.
2025-05-21 10:10:24,586 [WARN] IP:2191 - Analog_Filter not found: check if there is a RefParameter without a condition.
2025-05-21 10:10:24,587 [WARN] IP:2191 - I2C_Coeff_DF not found: check if there is a RefParameter without a condition.
2025-05-21 10:10:24,587 [WARN] IP:2191 - Analog_Filter not found: check if there is a RefParameter without a condition.
2025-05-21 10:10:24,594 [WARN] IP:2191 - I2C_Coeff_DF not found: check if there is a RefParameter without a condition.
2025-05-21 10:10:24,594 [WARN] IP:2191 - Analog_Filter not found: check if there is a RefParameter without a condition.
2025-05-21 10:10:24,600 [WARN] IP:2191 - I2C_Coeff_DF not found: check if there is a RefParameter without a condition.
2025-05-21 10:10:24,600 [WARN] IP:2191 - Analog_Filter not found: check if there is a RefParameter without a condition.
2025-05-21 10:10:40,007 [INFO] Gpio:277 - dependency for GPIO [I2C1, RCC, SYS]
2025-05-21 10:11:05,896 [INFO] UtilMem:75 - End SaveConfig() Used Memory: 871698912 Bytes (1073741824)
2025-05-21 10:11:16,730 [INFO] UtilMem:75 - End SaveConfig() Used Memory: 940390736 Bytes (1073741824)
2025-05-21 10:11:17,070 [INFO] BlockDiagram:2766 - set Specific Code input for plugin: NVIC
2025-05-21 10:11:17,070 [INFO] BlockDiagram:2766 - set Specific Code input for plugin: SYS
2025-05-21 10:11:17,071 [INFO] BlockDiagram:2766 - set Specific Code input for plugin: GPIO
2025-05-21 10:11:17,071 [INFO] BlockDiagram:2766 - set Specific Code input for plugin: RCC
2025-05-21 10:11:17,071 [INFO] BlockDiagram:2766 - set Specific Code input for plugin: I2C
2025-05-21 10:11:17,072 [INFO] CodeGenerator:807 - code generatio: config db path: C:\ST\STM32CubeIDE_1.16.1\STM32CubeIDE\plugins\com.st.stm32cube.common.mx_6.12.1.202409122256\\db\
2025-05-21 10:11:17,078 [WARN] IP:2191 - I2C_Coeff_DF not found: check if there is a RefParameter without a condition.
2025-05-21 10:11:17,079 [WARN] IP:2191 - Analog_Filter not found: check if there is a RefParameter without a condition.
2025-05-21 10:11:17,196 [INFO] CodeEngine:255 - oldGeneratedFile, C:\Users\RND1\STM32CubeIDE\workspace_1.16.1\f103_ssd1603\MXTmpFiles\license.tmp_save
2025-05-21 10:11:17,431 [INFO] CodeEngine:279 - Generated code: C:\Users\RND1\STM32CubeIDE\workspace_1.16.1\f103_ssd1603\MXTmpFiles\license.tmp
2025-05-21 10:11:17,557 [INFO] CodeEngine:255 - oldGeneratedFile, C:\Users\RND1\STM32CubeIDE\workspace_1.16.1\f103_ssd1603\Core\Src\gpio.c_save
2025-05-21 10:11:17,694 [INFO] CodeEngine:279 - Generated code: C:\Users\RND1\STM32CubeIDE\workspace_1.16.1\f103_ssd1603\Core\Src\gpio.c
2025-05-21 10:11:17,716 [INFO] CodeEngine:255 - oldGeneratedFile, C:\Users\RND1\STM32CubeIDE\workspace_1.16.1\f103_ssd1603\Core\Inc\gpio.h_save
2025-05-21 10:11:17,805 [INFO] CodeEngine:279 - Generated code: C:\Users\RND1\STM32CubeIDE\workspace_1.16.1\f103_ssd1603\Core\Inc\gpio.h
2025-05-21 10:11:17,960 [INFO] CodeEngine:255 - oldGeneratedFile, C:\Users\RND1\STM32CubeIDE\workspace_1.16.1\f103_ssd1603\Core\Src\i2c.c_save
2025-05-21 10:11:18,087 [INFO] CodeEngine:279 - Generated code: C:\Users\RND1\STM32CubeIDE\workspace_1.16.1\f103_ssd1603\Core\Src\i2c.c
2025-05-21 10:11:18,108 [INFO] CodeEngine:255 - oldGeneratedFile, C:\Users\RND1\STM32CubeIDE\workspace_1.16.1\f103_ssd1603\Core\Inc\i2c.h_save
2025-05-21 10:11:18,180 [INFO] CodeEngine:279 - Generated code: C:\Users\RND1\STM32CubeIDE\workspace_1.16.1\f103_ssd1603\Core\Inc\i2c.h
2025-05-21 10:11:18,208 [INFO] CodeEngine:255 - oldGeneratedFile, C:\Users\RND1\STM32CubeIDE\workspace_1.16.1\f103_ssd1603\Core\Src\stm32f1xx_it.c_save
2025-05-21 10:11:18,305 [INFO] CodeEngine:279 - Generated code: C:\Users\RND1\STM32CubeIDE\workspace_1.16.1\f103_ssd1603\Core\Src\stm32f1xx_it.c
2025-05-21 10:11:18,324 [INFO] CodeEngine:255 - oldGeneratedFile, C:\Users\RND1\STM32CubeIDE\workspace_1.16.1\f103_ssd1603\Core\Inc\stm32f1xx_it.h_save
2025-05-21 10:11:18,394 [INFO] CodeEngine:279 - Generated code: C:\Users\RND1\STM32CubeIDE\workspace_1.16.1\f103_ssd1603\Core\Inc\stm32f1xx_it.h
2025-05-21 10:11:18,423 [INFO] CodeEngine:255 - oldGeneratedFile, C:\Users\RND1\STM32CubeIDE\workspace_1.16.1\f103_ssd1603\Core\Src\stm32f1xx_hal_msp.c_save
2025-05-21 10:11:18,494 [INFO] CodeEngine:279 - Generated code: C:\Users\RND1\STM32CubeIDE\workspace_1.16.1\f103_ssd1603\Core\Src\stm32f1xx_hal_msp.c
2025-05-21 10:11:18,504 [INFO] CodeEngine:255 - oldGeneratedFile, C:\Users\RND1\STM32CubeIDE\workspace_1.16.1\f103_ssd1603\MXTmpFiles\system.tmp_save
2025-05-21 10:11:18,548 [INFO] CodeEngine:279 - Generated code: C:\Users\RND1\STM32CubeIDE\workspace_1.16.1\f103_ssd1603\MXTmpFiles\system.tmp
2025-05-21 10:11:18,572 [INFO] CodeEngine:311 - oldGeneratedFile, C:\Users\RND1\STM32CubeIDE\workspace_1.16.1\f103_ssd1603\Core\Inc\stm32f1xx_hal_conf.h_save
2025-05-21 10:11:18,641 [INFO] CodeEngine:335 - Generated code: C:\Users\RND1\STM32CubeIDE\workspace_1.16.1\f103_ssd1603\Core\Inc\stm32f1xx_hal_conf.h
2025-05-21 10:11:18,690 [INFO] CodeEngine:255 - oldGeneratedFile, C:\Users\RND1\STM32CubeIDE\workspace_1.16.1\f103_ssd1603\Core\Inc\main.h_save
2025-05-21 10:11:18,758 [INFO] CodeEngine:279 - Generated code: C:\Users\RND1\STM32CubeIDE\workspace_1.16.1\f103_ssd1603\Core\Inc\main.h
2025-05-21 10:11:18,779 [INFO] CodeEngine:255 - oldGeneratedFile, C:\Users\RND1\STM32CubeIDE\workspace_1.16.1\f103_ssd1603\Core\Src\main.c_save
2025-05-21 10:11:18,884 [INFO] CodeEngine:279 - Generated code: C:\Users\RND1\STM32CubeIDE\workspace_1.16.1\f103_ssd1603\Core\Src\main.c
2025-05-21 10:11:19,258 [INFO] ProjectBuilder:3249 - Time for Copy HAL[1] : 240mS.
2025-05-21 10:11:19,263 [INFO] ProjectBuilder:4828 - Project Generator version: 4.5.0-B34
2025-05-21 10:11:19,318 [INFO] ConfigFileManager:1531 - The Die is : DIE410
2025-05-21 10:11:19,330 [INFO] ApiDbMcu:508 - Load IP Config File for FATFS
2025-05-21 10:11:19,342 [INFO] ApiDbMcu:508 - Load IP Config File for FREERTOS
2025-05-21 10:11:19,355 [INFO] ApiDbMcu:508 - Load IP Config File for USB_DEVICE
2025-05-21 10:11:19,846 [INFO] LogOutputStream:77 - [STDOUT_REDIRECT] 
2025-05-21 10:11:21,204 [INFO] ProjectBuilder:5097 - Time for Generating toolchain IDE Files: 1941mS.
2025-05-21 10:11:21,205 [INFO] ProjectBuilder:3107 - Time for Copy CMSIS : 1mS.
2025-05-21 10:11:21,208 [INFO] ProjectBuilder:3107 - Time for Copy CMSIS : 0mS.
2025-05-21 11:09:46,360 [ERROR] LogOutputStream:75 - [STDERR_REDIRECT] 
