2025-03-12 10:58:21,893 [INFO] Activator:176 - 


2025-03-12 10:58:21,901 [INFO] Activator:177 - !SESSION log4j initialized
2025-03-12 10:58:28,973 [INFO] LogOutputStream:77 - [STDOUT_REDIRECT] 
2025-03-12 10:58:34,619 [INFO] ApplicationProperties:184 - Using Application install path: C:\ST\STM32CubeIDE_1.16.1\STM32CubeIDE\plugins\com.st.stm32cube.common.mx_6.12.1.202409122256
2025-03-12 10:58:34,633 [INFO] DbMcusXml:78 - Set database path to: C:\ST\STM32CubeIDE_1.16.1\STM32CubeIDE\plugins\com.st.stm32cube.common.mx_6.12.1.202409122256\\db\/mcu/
2025-03-12 10:58:34,634 [INFO] ApiDb:274 - Set plugin database path to: C:\ST\STM32CubeIDE_1.16.1\STM32CubeIDE\plugins\com.st.stm32cube.common.mx_6.12.1.202409122256\\db\/plugins/boardmanager/
2025-03-12 10:58:34,634 [WARN] ApiDb:259 - Overriding images path with different value:  => C:\ST\STM32CubeIDE_1.16.1\STM32CubeIDE\plugins\com.st.stm32cube.common.mx_6.12.1.202409122256\\db\/plugins/mcufinder/images/
2025-03-12 10:58:34,647 [INFO] ApiDb:250 - Set database path to: C:\Users\RND1\.stmcufinder\plugins\mcufinder//mcu/
2025-03-12 10:58:34,648 [INFO] DbMcusAds:125 - Set database path to: C:\Users\RND1\.stmcufinder\plugins\mcufinder//mcu/
2025-03-12 10:58:34,651 [INFO] CrossReferenceDbSqlite:203 - Set database path to: C:\Users\RND1\.stmcufinder\plugins\mcufinder//mcu/cs/
2025-03-12 10:58:34,738 [INFO] RulesReader:64 - Compatibility file has been processed (297 Rules)
2025-03-12 10:58:34,811 [INFO] DbMcusXml:78 - Set database path to: C:\ST\STM32CubeIDE_1.16.1\STM32CubeIDE\plugins\com.st.stm32cube.common.mx_6.12.1.202409122256\\db\/mcu/
2025-03-12 10:58:34,812 [INFO] ApiDb:274 - Set plugin database path to: C:\ST\STM32CubeIDE_1.16.1\STM32CubeIDE\plugins\com.st.stm32cube.common.mx_6.12.1.202409122256\\db\/plugins/boardmanager/
2025-03-12 10:58:34,812 [INFO] ApiDb:261 - Set plugin images path to: C:\ST\STM32CubeIDE_1.16.1\STM32CubeIDE\plugins\com.st.stm32cube.common.mx_6.12.1.202409122256\\db\/plugins/mcufinder/images/
2025-03-12 10:58:34,812 [WARN] DbFile:41 - Overriding database path with different value: C:\Users\RND1\.stmcufinder\plugins\mcufinder/ => C:\Users\RND1\.stmcufinder\plugins\mcufinder
2025-03-12 10:58:34,812 [INFO] ApiDb:250 - Set database path to: C:\Users\RND1\.stmcufinder\plugins\mcufinder//mcu/
2025-03-12 10:58:34,812 [WARN] DbFile:41 - Overriding database path with different value: C:\Users\RND1\.stmcufinder\plugins\mcufinder/ => C:\Users\RND1\.stmcufinder\plugins\mcufinder
2025-03-12 10:58:34,812 [INFO] DbMcusAds:125 - Set database path to: C:\Users\RND1\.stmcufinder\plugins\mcufinder//mcu/
2025-03-12 10:58:34,812 [WARN] DbFile:41 - Overriding database path with different value: C:\Users\RND1\.stmcufinder\plugins\mcufinder/ => C:\Users\RND1\.stmcufinder\plugins\mcufinder
2025-03-12 10:58:34,812 [WARN] DbFile:41 - Overriding database path with different value: C:\Users\RND1\.stmcufinder\plugins\mcufinder/ => C:\Users\RND1\.stmcufinder\plugins\mcufinder
2025-03-12 10:58:34,812 [INFO] CrossReferenceDbSqlite:203 - Set database path to: C:\Users\RND1\.stmcufinder\plugins\mcufinder//mcu/cs/
2025-03-12 10:58:34,881 [INFO] MainPanel:268 - HeapMemory: 268435456
2025-03-12 10:58:34,983 [INFO] DbMcusXml:78 - Set database path to: C:\ST\STM32CubeIDE_1.16.1\STM32CubeIDE\plugins\com.st.stm32cube.common.mx_6.12.1.202409122256\\db\/mcu/
2025-03-12 10:58:34,983 [INFO] ApiDb:274 - Set plugin database path to: C:\ST\STM32CubeIDE_1.16.1\STM32CubeIDE\plugins\com.st.stm32cube.common.mx_6.12.1.202409122256\\db\/plugins/boardmanager/
2025-03-12 10:58:34,983 [INFO] ApiDb:261 - Set plugin images path to: C:\ST\STM32CubeIDE_1.16.1\STM32CubeIDE\plugins\com.st.stm32cube.common.mx_6.12.1.202409122256\\db\/plugins/mcufinder/images/
2025-03-12 10:58:34,984 [WARN] DbFile:41 - Overriding database path with different value: C:\Users\RND1\.stmcufinder\plugins\mcufinder/ => C:\Users\RND1\.stmcufinder\plugins\mcufinder
2025-03-12 10:58:34,984 [INFO] ApiDb:250 - Set database path to: C:\Users\RND1\.stmcufinder\plugins\mcufinder//mcu/
2025-03-12 10:58:34,984 [WARN] DbFile:41 - Overriding database path with different value: C:\Users\RND1\.stmcufinder\plugins\mcufinder/ => C:\Users\RND1\.stmcufinder\plugins\mcufinder
2025-03-12 10:58:34,984 [INFO] DbMcusAds:125 - Set database path to: C:\Users\RND1\.stmcufinder\plugins\mcufinder//mcu/
2025-03-12 10:58:34,984 [WARN] DbFile:41 - Overriding database path with different value: C:\Users\RND1\.stmcufinder\plugins\mcufinder/ => C:\Users\RND1\.stmcufinder\plugins\mcufinder
2025-03-12 10:58:34,984 [WARN] DbFile:41 - Overriding database path with different value: C:\Users\RND1\.stmcufinder\plugins\mcufinder/ => C:\Users\RND1\.stmcufinder\plugins\mcufinder
2025-03-12 10:58:34,984 [INFO] CrossReferenceDbSqlite:203 - Set database path to: C:\Users\RND1\.stmcufinder\plugins\mcufinder//mcu/cs/
2025-03-12 10:58:35,004 [INFO] ApplicationProperties:184 - Using Application install path: C:\ST\STM32CubeIDE_1.16.1\STM32CubeIDE\plugins\com.st.stm32cube.common.mx_6.12.1.202409122256
2025-03-12 10:58:35,005 [INFO] PluginManage:196 - Search for loadable plugins [exclusion list=, ]
2025-03-12 10:58:35,007 [INFO] PluginManage:310 - Check plugin analytics
2025-03-12 10:58:35,166 [INFO] AnalyticsPlugin:253 - Accepted Software Licenses: STM32CubeMX.6.10.0
2025-03-12 10:58:35,166 [INFO] AnalyticsPlugin:255 - Accepted CMSIS Pack Licenses: 
2025-03-12 10:58:35,167 [INFO] AnalyticsPlugin:257 - Accepted Firmware Licenses: FW.G4.1.5.0,FW.G4.1.6.0,FW.F4.1.28.0,FW.H7.1.11.0
2025-03-12 10:58:35,170 [INFO] PluginManage:359 - Loaded plugin analytics (category:tool,tabindex:-1)
2025-03-12 10:58:35,170 [INFO] PluginManage:310 - Check plugin cadmodel
2025-03-12 10:58:35,186 [INFO] CADModel:105 - Init CAD model plugin
2025-03-12 10:58:35,186 [INFO] PluginManage:359 - Loaded plugin cadmodel (category:power,tabindex:5)
2025-03-12 10:58:35,186 [INFO] PluginManage:310 - Check plugin clock
2025-03-12 10:58:35,210 [INFO] PluginManage:359 - Loaded plugin clock (category:base,tabindex:2)
2025-03-12 10:58:35,211 [INFO] PluginManage:310 - Check plugin ddr
2025-03-12 10:58:35,214 [INFO] PluginManage:359 - Loaded plugin ddr (category:tool,tabindex:6)
2025-03-12 10:58:35,214 [INFO] PluginManage:310 - Check plugin filemanager
2025-03-12 10:58:35,354 [INFO] PluginManage:359 - Loaded plugin filemanager (category:base,tabindex:10)
2025-03-12 10:58:35,355 [INFO] PluginManage:310 - Check plugin ipmanager
2025-03-12 10:58:35,364 [INFO] PluginManage:359 - Loaded plugin ipmanager (category:base,tabindex:5)
2025-03-12 10:58:35,364 [INFO] PluginManage:310 - Check plugin lpbam
2025-03-12 10:58:35,385 [INFO] PluginManage:359 - Loaded plugin lpbam (category:base,tabindex:0)
2025-03-12 10:58:35,385 [INFO] PluginManage:310 - Check plugin memorymap
2025-03-12 10:58:35,411 [INFO] PluginManage:359 - Loaded plugin memorymap (category:base,tabindex:4)
2025-03-12 10:58:35,411 [INFO] PluginManage:310 - Check plugin pinoutandconfiguration
2025-03-12 10:58:35,438 [INFO] PluginManage:359 - Loaded plugin pinoutandconfiguration (category:base,tabindex:1)
2025-03-12 10:58:35,438 [INFO] PluginManage:310 - Check plugin pinoutconfig
2025-03-12 10:58:35,559 [WARN] SupportedApi:132 - Cannot load RTOS API schema: s4s-elt-must-match.1: The content of 'definitions' must match (annotation?, (simpleType | complexType)?, (unique | key | keyref)*)). A problem was found starting at: attribute.
2025-03-12 10:58:35,694 [INFO] PluginManage:359 - Loaded plugin pinoutconfig (category:base,tabindex:0)
2025-03-12 10:58:35,694 [INFO] PluginManage:310 - Check plugin power
2025-03-12 10:58:35,718 [INFO] PluginManage:359 - Loaded plugin power (category:power,tabindex:4)
2025-03-12 10:58:35,718 [INFO] PluginManage:310 - Check plugin projectmanager
2025-03-12 10:58:35,735 [INFO] PluginManage:359 - Loaded plugin projectmanager (category:projectmanager,tabindex:4)
2025-03-12 10:58:35,735 [INFO] PluginManage:310 - Check plugin rif
2025-03-12 10:58:35,755 [INFO] PluginManage:359 - Loaded plugin rif (category:base,tabindex:3)
2025-03-12 10:58:35,755 [INFO] PluginManage:310 - Check plugin thirdparty
2025-03-12 10:58:36,033 [INFO] PluginManage:359 - Loaded plugin thirdparty (category:base,tabindex:-1)
2025-03-12 10:58:36,033 [WARN] IntegrityCheckThread:84 - waiting for thirdparty lock release [integrity check]
2025-03-12 10:58:36,033 [INFO] PluginManage:310 - Check plugin tools
2025-03-12 10:58:36,033 [INFO] IntegrityCheckThread:86 - entering critical section [integrity check]
2025-03-12 10:58:36,033 [INFO] ThirdPartyUpdaterWithRetryManager:70 - Updater plugin not ready yet. [1/15]
2025-03-12 10:58:36,088 [INFO] PluginManage:359 - Loaded plugin tools (category:base,tabindex:7)
2025-03-12 10:58:36,088 [INFO] PluginManage:310 - Check plugin tutovideos
2025-03-12 10:58:36,289 [INFO] PluginManage:359 - Loaded plugin tutovideos (category:base,tabindex:-1)
2025-03-12 10:58:36,289 [INFO] PluginManage:310 - Check plugin updater
2025-03-12 10:58:36,304 [INFO] PluginManage:359 - Loaded plugin updater (category:base,tabindex:12)
2025-03-12 10:58:36,304 [INFO] PluginManage:310 - Check plugin userauth
2025-03-12 10:58:36,311 [INFO] UserAuth:113 - Init User Auth plugin
2025-03-12 10:58:36,311 [INFO] PluginManage:359 - Loaded plugin userauth (category:base,tabindex:14)
2025-03-12 10:58:36,311 [INFO] PluginManage:283 - PluginManage : Loaded plugins [18]
2025-03-12 10:58:36,556 [INFO] PinOutPanel:1561 - setPackage(No Configuration,No Configuration)
2025-03-12 10:58:36,658 [INFO] CADModel:165 - CPN selected for project level
2025-03-12 10:58:36,659 [INFO] CADModel:114 - Register for checkConnection events
2025-03-12 10:58:36,689 [INFO] IPUIPlugin:80 - create IPUIPlugin
2025-03-12 10:58:36,689 [INFO] PluginManager:220 - loadIPPluginJar : add adc
2025-03-12 10:58:36,738 [INFO] IPUIPlugin:80 - create IPUIPlugin
2025-03-12 10:58:36,738 [INFO] PluginManager:220 - loadIPPluginJar : add aes
2025-03-12 10:58:36,798 [INFO] IPUIPlugin:80 - create IPUIPlugin
2025-03-12 10:58:36,798 [INFO] PluginManager:220 - loadIPPluginJar : add can
2025-03-12 10:58:36,837 [INFO] IPUIPlugin:80 - create IPUIPlugin
2025-03-12 10:58:36,837 [INFO] PluginManager:220 - loadIPPluginJar : add comp
2025-03-12 10:58:36,885 [INFO] IPUIPlugin:80 - create IPUIPlugin
2025-03-12 10:58:36,886 [INFO] PluginManager:220 - loadIPPluginJar : add cryp
2025-03-12 10:58:36,901 [INFO] IPUIPlugin:80 - create IPUIPlugin
2025-03-12 10:58:36,901 [INFO] PluginManager:220 - loadIPPluginJar : add ddr_ctrl_phy
2025-03-12 10:58:36,946 [INFO] IPUIPlugin:80 - create IPUIPlugin
2025-03-12 10:58:36,946 [INFO] PluginManager:220 - loadIPPluginJar : add dfsdm
2025-03-12 10:58:36,967 [INFO] IPUIPlugin:80 - create IPUIPlugin
2025-03-12 10:58:36,968 [INFO] PluginManager:220 - loadIPPluginJar : add dma
2025-03-12 10:58:37,042 [INFO] IPUIPlugin:80 - create IPUIPlugin
2025-03-12 10:58:37,042 [INFO] PluginManager:220 - loadIPPluginJar : add dma3
2025-03-12 10:58:37,107 [INFO] IPUIPlugin:80 - create IPUIPlugin
2025-03-12 10:58:37,107 [INFO] PluginManager:220 - loadIPPluginJar : add extmemmanager
2025-03-12 10:58:37,139 [INFO] IPUIPlugin:80 - create IPUIPlugin
2025-03-12 10:58:37,139 [INFO] PluginManager:220 - loadIPPluginJar : add fatfs
2025-03-12 10:58:37,201 [INFO] IPUIPlugin:80 - create IPUIPlugin
2025-03-12 10:58:37,201 [INFO] PluginManager:220 - loadIPPluginJar : add fmc
2025-03-12 10:58:37,217 [INFO] IPUIPlugin:80 - create IPUIPlugin
2025-03-12 10:58:37,217 [INFO] PluginManager:220 - loadIPPluginJar : add freertos
2025-03-12 10:58:37,243 [INFO] IPUIPlugin:80 - create IPUIPlugin
2025-03-12 10:58:37,243 [INFO] PluginManager:220 - loadIPPluginJar : add genericplugin
2025-03-12 10:58:37,360 [INFO] IPUIPlugin:80 - create IPUIPlugin
2025-03-12 10:58:37,360 [INFO] PluginManager:220 - loadIPPluginJar : add gfxmmu
2025-03-12 10:58:37,557 [INFO] IPUIPlugin:80 - create IPUIPlugin
2025-03-12 10:58:37,558 [INFO] PluginManager:220 - loadIPPluginJar : add gic
2025-03-12 10:58:37,571 [INFO] IPUIPlugin:80 - create IPUIPlugin
2025-03-12 10:58:37,571 [INFO] PluginManager:220 - loadIPPluginJar : add gpio
2025-03-12 10:58:37,667 [INFO] IPUIPlugin:80 - create IPUIPlugin
2025-03-12 10:58:37,667 [INFO] PluginManager:220 - loadIPPluginJar : add gtzc
2025-03-12 10:58:37,702 [INFO] IPUIPlugin:80 - create IPUIPlugin
2025-03-12 10:58:37,702 [INFO] PluginManager:220 - loadIPPluginJar : add hash
2025-03-12 10:58:37,757 [INFO] IPUIPlugin:80 - create IPUIPlugin
2025-03-12 10:58:37,757 [INFO] PluginManager:220 - loadIPPluginJar : add i2c
2025-03-12 10:58:37,795 [INFO] IPUIPlugin:80 - create IPUIPlugin
2025-03-12 10:58:37,795 [INFO] PluginManager:220 - loadIPPluginJar : add i2s
2025-03-12 10:58:37,830 [INFO] IPUIPlugin:80 - create IPUIPlugin
2025-03-12 10:58:37,831 [INFO] PluginManager:220 - loadIPPluginJar : add i3c
2025-03-12 10:58:37,929 [INFO] IPUIPlugin:80 - create IPUIPlugin
2025-03-12 10:58:37,929 [INFO] PluginManager:220 - loadIPPluginJar : add ipddr
2025-03-12 10:58:38,046 [INFO] IPUIPlugin:80 - create IPUIPlugin
2025-03-12 10:58:38,046 [INFO] PluginManager:220 - loadIPPluginJar : add linkedlist
2025-03-12 10:58:38,087 [INFO] IPUIPlugin:80 - create IPUIPlugin
2025-03-12 10:58:38,087 [INFO] PluginManager:220 - loadIPPluginJar : add lorawan
2025-03-12 10:58:38,127 [INFO] IPUIPlugin:80 - create IPUIPlugin
2025-03-12 10:58:38,127 [INFO] PluginManager:220 - loadIPPluginJar : add ltdc
2025-03-12 10:58:38,148 [INFO] IPUIPlugin:80 - create IPUIPlugin
2025-03-12 10:58:38,148 [INFO] PluginManager:220 - loadIPPluginJar : add mdma
2025-03-12 10:58:38,160 [INFO] IPUIPlugin:80 - create IPUIPlugin
2025-03-12 10:58:38,160 [INFO] PluginManager:220 - loadIPPluginJar : add nvic
2025-03-12 10:58:38,199 [INFO] IPUIPlugin:80 - create IPUIPlugin
2025-03-12 10:58:38,199 [INFO] PluginManager:220 - loadIPPluginJar : add opamp
2025-03-12 10:58:38,254 [INFO] IPUIPlugin:80 - create IPUIPlugin
2025-03-12 10:58:38,254 [INFO] PluginManager:220 - loadIPPluginJar : add openamp
2025-03-12 10:58:38,292 [INFO] IPUIPlugin:80 - create IPUIPlugin
2025-03-12 10:58:38,292 [INFO] PluginManager:220 - loadIPPluginJar : add pdm2pcm
2025-03-12 10:58:38,305 [INFO] IPUIPlugin:80 - create IPUIPlugin
2025-03-12 10:58:38,306 [INFO] PluginManager:220 - loadIPPluginJar : add plateformsettings
2025-03-12 10:58:38,328 [INFO] IPUIPlugin:80 - create IPUIPlugin
2025-03-12 10:58:38,328 [INFO] PluginManager:220 - loadIPPluginJar : add quadspi
2025-03-12 10:58:38,354 [INFO] IPUIPlugin:80 - create IPUIPlugin
2025-03-12 10:58:38,355 [INFO] PluginManager:220 - loadIPPluginJar : add radio
2025-03-12 10:58:38,368 [INFO] IPUIPlugin:80 - create IPUIPlugin
2025-03-12 10:58:38,368 [INFO] PluginManager:220 - loadIPPluginJar : add resmgrutility
2025-03-12 10:58:38,412 [INFO] IPUIPlugin:80 - create IPUIPlugin
2025-03-12 10:58:38,412 [INFO] PluginManager:220 - loadIPPluginJar : add sai
2025-03-12 10:58:38,453 [INFO] IPUIPlugin:80 - create IPUIPlugin
2025-03-12 10:58:38,453 [INFO] PluginManager:220 - loadIPPluginJar : add spi
2025-03-12 10:58:38,519 [INFO] IPUIPlugin:80 - create IPUIPlugin
2025-03-12 10:58:38,519 [INFO] PluginManager:220 - loadIPPluginJar : add stm32_wpan
2025-03-12 10:58:38,543 [INFO] IPUIPlugin:80 - create IPUIPlugin
2025-03-12 10:58:38,543 [INFO] PluginManager:220 - loadIPPluginJar : add tim
2025-03-12 10:58:38,599 [INFO] IPUIPlugin:80 - create IPUIPlugin
2025-03-12 10:58:38,600 [INFO] PluginManager:220 - loadIPPluginJar : add touchsensing
2025-03-12 10:58:38,620 [INFO] IPUIPlugin:80 - create IPUIPlugin
2025-03-12 10:58:38,620 [INFO] PluginManager:220 - loadIPPluginJar : add tracer_emb
2025-03-12 10:58:38,640 [INFO] IPUIPlugin:80 - create IPUIPlugin
2025-03-12 10:58:38,641 [INFO] PluginManager:220 - loadIPPluginJar : add ts
2025-03-12 10:58:38,662 [INFO] IPUIPlugin:80 - create IPUIPlugin
2025-03-12 10:58:38,662 [INFO] PluginManager:220 - loadIPPluginJar : add tsc
2025-03-12 10:58:38,684 [INFO] IPUIPlugin:80 - create IPUIPlugin
2025-03-12 10:58:38,684 [INFO] PluginManager:220 - loadIPPluginJar : add ucpd
2025-03-12 10:58:38,724 [INFO] IPUIPlugin:80 - create IPUIPlugin
2025-03-12 10:58:38,724 [INFO] PluginManager:220 - loadIPPluginJar : add usart
2025-03-12 10:58:38,766 [INFO] IPUIPlugin:80 - create IPUIPlugin
2025-03-12 10:58:38,766 [INFO] PluginManager:220 - loadIPPluginJar : add usbx
2025-03-12 10:58:38,881 [INFO] CADModel:165 - CPN selected for project level
2025-03-12 10:58:38,881 [INFO] CADModel:114 - Register for checkConnection events
2025-03-12 10:58:38,881 [FATAL] Updater:334 - Updater called before beeing initialized
2025-03-12 10:58:38,882 [ERROR] CADModel:125 - Updater not yet initialized, retry later 
2025-03-12 10:58:38,984 [INFO] CADModel:165 - CPN selected for project level
2025-03-12 10:58:38,984 [INFO] CADModel:114 - Register for checkConnection events
2025-03-12 10:58:38,984 [FATAL] Updater:334 - Updater called before beeing initialized
2025-03-12 10:58:38,984 [ERROR] CADModel:125 - Updater not yet initialized, retry later 
2025-03-12 10:58:38,987 [FATAL] Updater:334 - Updater called before beeing initialized
2025-03-12 10:58:39,036 [INFO] ThirdPartyUpdaterWithRetryManager:70 - Updater plugin not ready yet. [2/15]
2025-03-12 10:58:39,075 [FATAL] Updater:334 - Updater called before beeing initialized
2025-03-12 10:58:39,079 [INFO] DbMcusAds:53 - JSON generation date=Thu Mar 06 23:54:21 KST 2025 (1741272861825)
2025-03-12 10:58:39,079 [FATAL] Updater:334 - Updater called before beeing initialized
2025-03-12 10:58:39,154 [WARN] DetailPanel:346 - Failed to get advertising image, set to default
2025-03-12 10:58:39,223 [FATAL] Updater:334 - Updater called before beeing initialized
2025-03-12 10:58:39,225 [FATAL] Updater:334 - Updater called before beeing initialized
2025-03-12 10:58:39,225 [FATAL] Updater:334 - Updater called before beeing initialized
2025-03-12 10:58:39,225 [WARN] DetailPanel:346 - Failed to get advertising image, set to default
2025-03-12 10:58:39,225 [FATAL] Updater:334 - Updater called before beeing initialized
2025-03-12 10:58:39,269 [ERROR] Updater:1164 - MainUpdater not yet initialized. External WinMGr cannot be set.
2025-03-12 10:58:39,278 [INFO] Updater:1100 - Updater Version found : 6.12.1
2025-03-12 10:58:39,293 [INFO] ApplicationProperties:184 - Using Application install path: C:\ST\STM32CubeIDE_1.16.1\STM32CubeIDE\plugins\com.st.stm32cube.common.mx_6.12.1.202409122256
2025-03-12 10:58:39,332 [INFO] MainUpdater:526 - Copy updater definitions from MX database
2025-03-12 10:58:39,783 [INFO] MainUpdater:2873 - connection check result : 10
2025-03-12 10:58:39,783 [INFO] MainUpdater:3567 - Updater definition file requires update
2025-03-12 10:58:39,784 [INFO] MainUpdater:290 - Updater Check For Update Now.
2025-03-12 10:58:39,784 [INFO] MicroXplorer:498 - Change Database Version : DB.6.0.121
2025-03-12 10:58:39,798 [INFO] McuFinderGlobals:63 - Set McuFinder mode to 2 (CubeIDE integrated)
2025-03-12 10:58:39,799 [INFO] UserAuth:417 - Internet connection configuration mode: 1
2025-03-12 10:58:39,812 [INFO] JxBrowserEngine:152 - Initiate JxBrowser Engine with user profile folder
2025-03-12 10:58:40,130 [INFO] ServerAccessManage:473 - Download File updaters.zip
2025-03-12 10:58:40,446 [INFO] FileExtend:240 - Unzip File : updaters.zip
2025-03-12 10:58:40,446 [INFO] FileExtend:255 - Standard Zip Deflate
2025-03-12 10:58:41,371 [INFO] ServerAccessManage:473 - Download File PacksControlFlags.xml
2025-03-12 10:58:41,554 [INFO] ServerAccessManage:473 - Download File cubemx.pidx
2025-03-12 10:58:41,622 [INFO] LoadServerUpdatesThread:375 - End of LoadServerUpdate Thread
2025-03-12 10:58:41,772 [INFO] CheckServerUpdateThread:120 - End of CheckServer Thread
2025-03-12 10:58:42,301 [WARN] PackLoader:240 - Cannot read IP mode file for STMicroelectronics.FP-SNS-MOTENVWB1.1.4.0
2025-03-12 10:58:42,316 [WARN] PackLoader:240 - Cannot read IP mode file for STMicroelectronics.FP-ATR-ASTRA1.2.0.2
2025-03-12 10:58:42,319 [WARN] PackLoader:240 - Cannot read IP mode file for STMicroelectronics.FP-ATR-ASTRA1.2.0.1
2025-03-12 10:58:42,328 [WARN] PackLoader:240 - Cannot read IP mode file for STMicroelectronics.X-CUBE-SMBUS.2.1.0
2025-03-12 10:58:42,333 [WARN] PackLoader:240 - Cannot read IP mode file for STMicroelectronics.X-CUBE-WB05N.1.1.0
2025-03-12 10:58:42,337 [WARN] PackLoader:240 - Cannot read IP mode file for STMicroelectronics.X-CUBE-TOUCHGFX.4.23.0
2025-03-12 10:58:42,340 [WARN] PackLoader:240 - Cannot read IP mode file for STMicroelectronics.X-CUBE-TOUCHGFX.4.23.2
2025-03-12 10:58:42,357 [WARN] PackLoader:240 - Cannot read IP mode file for STMicroelectronics.X-CUBE-AZRTOS-F7.1.1.0
2025-03-12 10:58:42,367 [WARN] PackLoader:240 - Cannot read IP mode file for STMicroelectronics.FP-SNS-MOTENV1.4.3.2
2025-03-12 10:58:42,407 [WARN] PackLoader:240 - Cannot read IP mode file for STMicroelectronics.X-CUBE-MEMS1.11.0.0
2025-03-12 10:58:42,497 [WARN] PackLoader:240 - Cannot read IP mode file for STMicroelectronics.FP-SNS-FLIGHT1.5.0.2
2025-03-12 10:58:42,504 [WARN] PackLoader:240 - Cannot read IP mode file for STMicroelectronics.X-CUBE-DISPLAY.3.0.0
2025-03-12 10:58:42,512 [WARN] PackLoader:240 - Cannot read IP mode file for STMicroelectronics.X-CUBE-BLE1.7.0.0
2025-03-12 10:58:42,519 [WARN] PackLoader:240 - Cannot read IP mode file for STMicroelectronics.X-CUBE-NFC10.1.0.0
2025-03-12 10:58:42,532 [WARN] PackLoader:240 - Cannot read IP mode file for STMicroelectronics.X-CUBE-BLEMGR.4.0.0
2025-03-12 10:58:42,542 [WARN] PackLoader:240 - Cannot read IP mode file for emotas.I-CUBE-CANOPEN.1.3.0
2025-03-12 10:58:42,550 [WARN] PackLoader:240 - Cannot read IP mode file for STMicroelectronics.X-CUBE-BLEMGR.3.1.0
2025-03-12 10:58:42,558 [WARN] PackLoader:240 - Cannot read IP mode file for STMicroelectronics.X-CUBE-AI.10.0.0
2025-03-12 10:58:42,563 [WARN] PackLoader:240 - Cannot read IP mode file for STMicroelectronics.FP-SNS-SMARTAG2.1.2.0
2025-03-12 10:58:42,568 [ERROR] Engine:466 - C:\Users\RND1\.stm32cubemx\thirdparties\pdsc\STMicroelectronics.FP-SNS-FLIGHT1.5.1.0.pdsc: PDSC version is not supported
2025-03-12 10:58:42,606 [WARN] PackLoader:240 - Cannot read IP mode file for STMicroelectronics.X-CUBE-MEMS1.11.1.0
2025-03-12 10:58:42,689 [INFO] LogOutputStream:77 - [STDOUT_REDIRECT] 1 : Invalid condition id : UX_CORESTACK_Condition cause : null
2025-03-12 10:58:42,690 [INFO] LogOutputStream:77 - [STDOUT_REDIRECT] 1 : Invalid condition id : UX_CORESTACK_Condition cause : null
2025-03-12 10:58:42,691 [INFO] LogOutputStream:77 - [STDOUT_REDIRECT] 1 : Invalid condition id : UX_CORESTACK_Condition cause : null
2025-03-12 10:58:42,693 [INFO] LogOutputStream:77 - [STDOUT_REDIRECT] 1 : Invalid condition id : UX_CORESTACK_Condition cause : null
2025-03-12 10:58:42,695 [INFO] LogOutputStream:77 - [STDOUT_REDIRECT] 1 : Invalid condition id : UX_CORESTACK_Condition cause : null
2025-03-12 10:58:42,698 [WARN] PackLoader:240 - Cannot read IP mode file for STMicroelectronics.X-CUBE-AZRTOS-WL.2.0.0
2025-03-12 10:58:42,703 [WARN] PackLoader:240 - Cannot read IP mode file for STMicroelectronics.FP-SNS-MOTENV1.5.0.0
2025-03-12 10:58:42,710 [WARN] PackLoader:240 - Cannot read IP mode file for wolfSSL.I-CUBE-wolfMQTT.1.19.0
2025-03-12 10:58:42,722 [WARN] PackLoader:240 - Cannot read IP mode file for WES.I-CUBE-Cesium.1.3.0
2025-03-12 10:58:42,728 [WARN] PackLoader:240 - Cannot read IP mode file for STMicroelectronics.X-CUBE-BLE2.3.3.0
2025-03-12 10:58:42,736 [WARN] PackLoader:240 - Cannot read IP mode file for STMicroelectronics.X-CUBE-NFC9.1.0.0
2025-03-12 10:58:42,750 [INFO] WebApp:167 - Instantiating new browser for Auth
2025-03-12 10:58:42,755 [WARN] PackLoader:240 - Cannot read IP mode file for STMicroelectronics.X-CUBE-BLE1.7.1.0
2025-03-12 10:58:42,761 [WARN] PackLoader:240 - Cannot read IP mode file for STMicroelectronics.X-CUBE-TCPP.4.1.0
2025-03-12 10:58:42,771 [WARN] PackLoader:240 - Cannot read IP mode file for STMicroelectronics.X-CUBE-ALGOBUILD.1.3.0
2025-03-12 10:58:42,793 [WARN] PackLoader:240 - Cannot read IP mode file for STMicroelectronics.X-CUBE-AZRTOS-G0.1.1.0
2025-03-12 10:58:42,809 [WARN] PackLoader:240 - Cannot read IP mode file for STMicroelectronics.X-CUBE-SAFEA1.1.2.2
2025-03-12 10:58:42,817 [WARN] PackLoader:240 - Cannot read IP mode file for STMicroelectronics.X-CUBE-NFC4.3.0.0
2025-03-12 10:58:42,823 [WARN] PackLoader:240 - Cannot read IP mode file for wolfSSL.I-CUBE-wolfMQTT.1.18.0
2025-03-12 10:58:42,836 [WARN] PackLoader:240 - Cannot read IP mode file for EmbeddedOffice.I-CUBE-FS-RTOS.1.0.1
2025-03-12 10:58:42,837 [ERROR] ConditionMgr:805 - Attr not supported : Dmpu
2025-03-12 10:58:42,837 [ERROR] ConditionMgr:805 - Attr not supported : Dmpu
2025-03-12 10:58:42,838 [ERROR] ConditionMgr:805 - Attr not supported : Dmpu
2025-03-12 10:58:42,838 [ERROR] ConditionMgr:805 - Attr not supported : Dmpu
2025-03-12 10:58:42,838 [ERROR] ConditionMgr:805 - Attr not supported : Dmpu
2025-03-12 10:58:42,839 [ERROR] ConditionMgr:805 - Attr not supported : Dmpu
2025-03-12 10:58:42,839 [ERROR] ConditionMgr:805 - Attr not supported : Dmpu
2025-03-12 10:58:42,839 [ERROR] ConditionMgr:805 - Attr not supported : Dmpu
2025-03-12 10:58:42,839 [ERROR] ConditionMgr:805 - Attr not supported : Dmpu
2025-03-12 10:58:42,840 [ERROR] ConditionMgr:805 - Attr not supported : Dmpu
2025-03-12 10:58:42,840 [ERROR] ConditionMgr:805 - Attr not supported : Dmpu
2025-03-12 10:58:42,841 [ERROR] ConditionMgr:805 - Attr not supported : Dmpu
2025-03-12 10:58:42,841 [ERROR] ConditionMgr:805 - Attr not supported : Dmpu
2025-03-12 10:58:42,841 [ERROR] ConditionMgr:805 - Attr not supported : Dmpu
2025-03-12 10:58:42,841 [ERROR] ConditionMgr:805 - Attr not supported : Dmpu
2025-03-12 10:58:42,842 [ERROR] ConditionMgr:805 - Attr not supported : Dmpu
2025-03-12 10:58:42,842 [ERROR] ConditionMgr:805 - Attr not supported : Dmpu
2025-03-12 10:58:42,843 [ERROR] ConditionMgr:805 - Attr not supported : Dmpu
2025-03-12 10:58:42,843 [ERROR] ConditionMgr:805 - Attr not supported : Dmpu
2025-03-12 10:58:42,843 [ERROR] ConditionMgr:805 - Attr not supported : Dmpu
2025-03-12 10:58:42,843 [ERROR] ConditionMgr:805 - Attr not supported : Dmpu
2025-03-12 10:58:42,843 [ERROR] ConditionMgr:805 - Attr not supported : Dmpu
2025-03-12 10:58:42,843 [ERROR] ConditionMgr:805 - Attr not supported : Dmpu
2025-03-12 10:58:42,843 [ERROR] ConditionMgr:805 - Attr not supported : Dmpu
2025-03-12 10:58:42,844 [ERROR] ConditionMgr:805 - Attr not supported : Dmpu
2025-03-12 10:58:42,844 [ERROR] ConditionMgr:805 - Attr not supported : Dmpu
2025-03-12 10:58:42,844 [ERROR] ConditionMgr:805 - Attr not supported : Dmpu
2025-03-12 10:58:42,844 [ERROR] ConditionMgr:805 - Attr not supported : Dmpu
2025-03-12 10:58:42,850 [ERROR] ConditionMgr:805 - Attr not supported : Dmpu
2025-03-12 10:58:42,850 [ERROR] ConditionMgr:805 - Attr not supported : Dmpu
2025-03-12 10:58:42,851 [ERROR] ConditionMgr:805 - Attr not supported : Dmpu
2025-03-12 10:58:42,851 [ERROR] ConditionMgr:805 - Attr not supported : Dmpu
2025-03-12 10:58:42,851 [ERROR] ConditionMgr:805 - Attr not supported : Dmpu
2025-03-12 10:58:42,851 [ERROR] ConditionMgr:805 - Attr not supported : Dmpu
2025-03-12 10:58:42,851 [ERROR] ConditionMgr:805 - Attr not supported : Dmpu
2025-03-12 10:58:42,851 [ERROR] ConditionMgr:805 - Attr not supported : Dmpu
2025-03-12 10:58:42,851 [ERROR] ConditionMgr:805 - Attr not supported : Dmpu
2025-03-12 10:58:42,852 [ERROR] ConditionMgr:805 - Attr not supported : Dmpu
2025-03-12 10:58:42,852 [ERROR] ConditionMgr:805 - Attr not supported : Dmpu
2025-03-12 10:58:42,852 [ERROR] ConditionMgr:805 - Attr not supported : Dmpu
2025-03-12 10:58:42,852 [ERROR] ConditionMgr:805 - Attr not supported : Dmpu
2025-03-12 10:58:42,852 [ERROR] ConditionMgr:805 - Attr not supported : Dmpu
2025-03-12 10:58:42,852 [ERROR] ConditionMgr:805 - Attr not supported : Dmpu
2025-03-12 10:58:42,852 [ERROR] ConditionMgr:805 - Attr not supported : Dmpu
2025-03-12 10:58:42,853 [ERROR] ConditionMgr:805 - Attr not supported : Dmpu
2025-03-12 10:58:42,853 [ERROR] ConditionMgr:805 - Attr not supported : Dmpu
2025-03-12 10:58:42,853 [ERROR] ConditionMgr:805 - Attr not supported : Dmpu
2025-03-12 10:58:42,853 [ERROR] ConditionMgr:805 - Attr not supported : Dmpu
2025-03-12 10:58:42,853 [ERROR] ConditionMgr:805 - Attr not supported : Dmpu
2025-03-12 10:58:42,854 [ERROR] ConditionMgr:805 - Attr not supported : Dmpu
2025-03-12 10:58:42,854 [ERROR] ConditionMgr:805 - Attr not supported : Dmpu
2025-03-12 10:58:42,854 [ERROR] ConditionMgr:805 - Attr not supported : Dmpu
2025-03-12 10:58:42,854 [ERROR] ConditionMgr:805 - Attr not supported : Dmpu
2025-03-12 10:58:42,854 [ERROR] ConditionMgr:805 - Attr not supported : Dmpu
2025-03-12 10:58:42,854 [ERROR] ConditionMgr:805 - Attr not supported : Dmpu
2025-03-12 10:58:42,854 [ERROR] ConditionMgr:805 - Attr not supported : Dmpu
2025-03-12 10:58:42,854 [ERROR] ConditionMgr:805 - Attr not supported : Dmpu
2025-03-12 10:58:42,854 [ERROR] ConditionMgr:805 - Attr not supported : Dmpu
2025-03-12 10:58:42,854 [ERROR] ConditionMgr:805 - Attr not supported : Dmpu
2025-03-12 10:58:42,855 [ERROR] ConditionMgr:805 - Attr not supported : Dmpu
2025-03-12 10:58:42,855 [ERROR] ConditionMgr:805 - Attr not supported : Dmpu
2025-03-12 10:58:42,855 [ERROR] ConditionMgr:805 - Attr not supported : Dmpu
2025-03-12 10:58:42,856 [ERROR] ConditionMgr:805 - Attr not supported : Dmpu
2025-03-12 10:58:42,857 [ERROR] ConditionMgr:805 - Attr not supported : Dmpu
2025-03-12 10:58:42,868 [WARN] PackLoader:240 - Cannot read IP mode file for STMicroelectronics.X-CUBE-BLEMGR.3.0.0
2025-03-12 10:58:42,875 [ERROR] Engine:466 - C:\Users\RND1\.stm32cubemx\thirdparties\pdsc\STMicroelectronics.X-CUBE-TCPP.4.2.0.pdsc: PDSC version is not supported
2025-03-12 10:58:42,884 [WARN] PackLoader:240 - Cannot read IP mode file for RealThread.X-CUBE-RT-Thread_Nano.4.1.1
2025-03-12 10:58:42,891 [WARN] PackLoader:240 - Cannot read IP mode file for STMicroelectronics.FP-ATR-SIGFOX1.3.2.0
2025-03-12 10:58:42,899 [WARN] ConditionMgr:438 - getConditionDescription Invalid condition id : Cortex-A Device cause : null
2025-03-12 10:58:42,931 [WARN] ConditionMgr:1039 - genDependencies : Invalid condition id : Cortex-A Device cause : null
2025-03-12 10:58:42,931 [WARN] ConditionMgr:1039 - genDependencies : Invalid condition id : Cortex-A Device cause : null
2025-03-12 10:58:42,931 [WARN] ConditionMgr:1039 - genDependencies : Invalid condition id : Cortex-A Device cause : null
2025-03-12 10:58:42,938 [WARN] PackLoader:240 - Cannot read IP mode file for STMicroelectronics.X-CUBE-EEPRMA1.5.1.0
2025-03-12 10:58:42,964 [WARN] PackLoader:240 - Cannot read IP mode file for SEGGER.I-CUBE-embOS.1.3.1
2025-03-12 10:58:42,994 [WARN] PackLoader:240 - Cannot read IP mode file for STMicroelectronics.X-CUBE-ALGOBUILD.1.4.0
2025-03-12 10:58:42,998 [WARN] PackLoader:240 - Cannot read IP mode file for STMicroelectronics.X-CUBE-AI.9.1.0
2025-03-12 10:58:43,004 [WARN] PackLoader:240 - Cannot read IP mode file for STMicroelectronics.X-CUBE-GNSS1.6.0.0
2025-03-12 10:58:43,014 [WARN] PackLoader:240 - Cannot read IP mode file for STMicroelectronics.X-CUBE-AZRTOS-F4.1.1.0
2025-03-12 10:58:43,020 [WARN] PackLoader:240 - Cannot read IP mode file for wolfSSL.I-CUBE-wolfSSL.5.6.4
2025-03-12 10:58:43,026 [WARN] PackLoader:240 - Cannot read IP mode file for STMicroelectronics.X-CUBE-ISPU.2.1.0
2025-03-12 10:58:43,031 [WARN] PackLoader:240 - Cannot read IP mode file for STMicroelectronics.X-CUBE-FREERTOS.1.2.0
2025-03-12 10:58:43,042 [WARN] PackLoader:240 - Cannot read IP mode file for STMicroelectronics.X-CUBE-AZRTOS-L5.2.0.0
2025-03-12 10:58:43,047 [WARN] PackLoader:240 - Cannot read IP mode file for STMicroelectronics.X-CUBE-EEPRMA1.4.2.0
2025-03-12 10:58:43,054 [WARN] PackLoader:240 - Cannot read IP mode file for STMicroelectronics.X-CUBE-NFC6.3.1.0
2025-03-12 10:58:43,062 [WARN] PackLoader:240 - Cannot read IP mode file for ITTIA_DB.I-CUBE-ITTIADB.8.8.0
2025-03-12 10:58:43,067 [WARN] PackLoader:240 - Cannot read IP mode file for STMicroelectronics.X-CUBE-DPower.1.2.0
2025-03-12 10:58:43,070 [WARN] PackLoader:240 - Cannot read IP mode file for STMicroelectronics.X-CUBE-AI.9.0.0
2025-03-12 10:58:43,075 [WARN] PackLoader:240 - Cannot read IP mode file for STMicroelectronics.X-CUBE-FREERTOS.1.3.0
2025-03-12 10:58:43,081 [WARN] PackLoader:240 - Cannot read IP mode file for STMicroelectronics.X-CUBE-NFC7.1.0.1
2025-03-12 10:58:43,085 [WARN] PackLoader:240 - Cannot read IP mode file for STMicroelectronics.X-CUBE-NFC6.3.0.0
2025-03-12 10:58:43,090 [WARN] PackLoader:240 - Cannot read IP mode file for STMicroelectronics.X-CUBE-AI.8.1.0
2025-03-12 10:58:43,103 [WARN] ConditionMgr:438 - getConditionDescription Invalid condition id : LAN8742 Phy interface Condition cause : null
2025-03-12 10:58:43,104 [WARN] PackLoader:240 - Cannot read IP mode file for STMicroelectronics.X-CUBE-AZRTOS-L4.2.0.0
2025-03-12 10:58:43,105 [WARN] ConditionMgr:1039 - genDependencies : Invalid condition id : LAN8742 Phy interface Condition cause : null
2025-03-12 10:58:43,106 [WARN] ConditionMgr:1039 - genDependencies : Invalid condition id : LAN8742 Phy interface Condition cause : null
2025-03-12 10:58:43,107 [WARN] ConditionMgr:1039 - genDependencies : Invalid condition id : LAN8742 Phy interface Condition cause : null
2025-03-12 10:58:43,115 [WARN] PackLoader:240 - Cannot read IP mode file for STMicroelectronics.X-CUBE-SFXS2LP1.4.0.0
2025-03-12 10:58:43,136 [WARN] PackLoader:240 - Cannot read IP mode file for STMicroelectronics.X-CUBE-AZRTOS-H7.3.3.0
2025-03-12 10:58:43,150 [WARN] PackLoader:240 - Cannot read IP mode file for STMicroelectronics.X-CUBE-IPS.3.0.0
2025-03-12 10:58:43,167 [WARN] ConditionMgr:438 - getConditionDescription Invalid condition id : UX DEVICE CLASS RTOS Condition cause : null
2025-03-12 10:58:43,167 [WARN] ConditionMgr:438 - getConditionDescription Invalid condition id : UX DEVICE CLASS RTOS Condition cause : null
2025-03-12 10:58:43,168 [WARN] PackLoader:240 - Cannot read IP mode file for STMicroelectronics.X-CUBE-AZRTOS-WB.2.0.0
2025-03-12 10:58:43,169 [WARN] ConditionMgr:1039 - genDependencies : Invalid condition id : UX DEVICE CLASS RTOS Condition cause : null
2025-03-12 10:58:43,169 [WARN] ConditionMgr:1039 - genDependencies : Invalid condition id : UX DEVICE CLASS RTOS Condition cause : null
2025-03-12 10:58:43,169 [WARN] ConditionMgr:1039 - genDependencies : Invalid condition id : UX DEVICE CLASS RTOS Condition cause : null
2025-03-12 10:58:43,170 [WARN] ConditionMgr:1039 - genDependencies : Invalid condition id : UX DEVICE CLASS RTOS Condition cause : null
2025-03-12 10:58:43,170 [WARN] ConditionMgr:1039 - genDependencies : Invalid condition id : UX DEVICE CLASS RTOS Condition cause : null
2025-03-12 10:58:43,174 [WARN] PackLoader:240 - Cannot read IP mode file for STMicroelectronics.X-CUBE-GNSS1.7.0.0
2025-03-12 10:58:43,180 [WARN] PackLoader:240 - Cannot read IP mode file for STMicroelectronics.X-CUBE-GNSS1.7.0.1
2025-03-12 10:58:43,196 [WARN] PackLoader:240 - Cannot read IP mode file for STMicroelectronics.X-CUBE-TOUCHGFX.4.25.0
2025-03-12 10:58:43,201 [WARN] PackLoader:240 - Cannot read IP mode file for STMicroelectronics.FP-SNS-STBOX1.2.0.0
2025-03-12 10:58:43,210 [WARN] PackLoader:240 - Cannot read IP mode file for STMicroelectronics.X-CUBE-SUBG2.5.0.0
2025-03-12 10:58:43,224 [WARN] PackLoader:240 - Cannot read IP mode file for STMicroelectronics.X-CUBE-AZRTOS-G4.2.0.0
2025-03-12 10:58:43,235 [WARN] PackLoader:240 - Cannot read IP mode file for Infineon.AIROC-Wi-Fi-Bluetooth-STM32.1.5.1
2025-03-12 10:58:43,240 [WARN] PackLoader:240 - Cannot read IP mode file for STMicroelectronics.FP-SNS-MOTENVWB1.1.3.1
2025-03-12 10:58:43,245 [WARN] PackLoader:240 - Cannot read IP mode file for STMicroelectronics.X-CUBE-ISPU.2.0.0
2025-03-12 10:58:43,248 [ERROR] Engine:466 - C:\Users\RND1\.stm32cubemx\thirdparties\pdsc\STMicroelectronics.X-CUBE-IPS.3.1.0.pdsc: PDSC version is not supported
2025-03-12 10:58:43,252 [WARN] PackLoader:240 - Cannot read IP mode file for STMicroelectronics.X-CUBE-ALS.1.0.2
2025-03-12 10:58:43,273 [WARN] PackLoader:240 - Cannot read IP mode file for STMicroelectronics.X-CUBE-MEMS1.10.0.0
2025-03-12 10:58:43,346 [WARN] PackLoader:240 - Cannot read IP mode file for STMicroelectronics.X-CUBE-FREERTOS.1.1.0
2025-03-12 10:58:43,351 [WARN] PackLoader:240 - Cannot read IP mode file for STMicroelectronics.X-CUBE-TOUCHGFX.4.24.0
2025-03-12 10:58:43,355 [WARN] PackLoader:240 - Cannot read IP mode file for STMicroelectronics.X-CUBE-TOUCHGFX.4.24.2
2025-03-12 10:58:43,360 [WARN] PackLoader:240 - Cannot read IP mode file for STMicroelectronics.X-CUBE-TOUCHGFX.4.24.1
2025-03-12 10:58:43,365 [WARN] PackLoader:240 - Cannot read IP mode file for wolfSSL.I-CUBE-wolfTPM.3.4.0
2025-03-12 10:58:43,372 [WARN] PackLoader:240 - Cannot read IP mode file for portGmbH.I-Cube-SoM-uGOAL.1.1.0
2025-03-12 10:58:43,376 [WARN] PackLoader:240 - Cannot read IP mode file for STMicroelectronics.X-CUBE-ALS.1.0.1
2025-03-12 10:58:43,398 [WARN] PackLoader:240 - Cannot read IP mode file for STMicroelectronics.X-CUBE-AZRTOS-H7RS.1.0.0
2025-03-12 10:58:43,403 [WARN] PackLoader:240 - Cannot read IP mode file for STMicroelectronics.FP-ATR-ASTRA1.2.0.0
2025-03-12 10:58:43,409 [WARN] PackLoader:240 - Cannot read IP mode file for STMicroelectronics.X-CUBE-TOF1.3.4.2
2025-03-12 10:58:43,426 [WARN] PackLoader:240 - Cannot read IP mode file for STMicroelectronics.X-CUBE-TOF1.3.4.0
2025-03-12 10:58:43,441 [WARN] PackLoader:240 - Cannot read IP mode file for STMicroelectronics.X-CUBE-TOF1.3.4.1
2025-03-12 10:58:43,461 [WARN] PackLoader:240 - Cannot read IP mode file for STMicroelectronics.X-CUBE-AZRTOS-H7.3.2.0
2025-03-12 10:58:43,468 [WARN] PackLoader:240 - Cannot read IP mode file for wolfSSL.I-CUBE-wolfSSH.1.4.17
2025-03-12 10:58:43,468 [INFO] ThirdParty:978 - Integrity check success = true
2025-03-12 10:58:43,468 [INFO] IntegrityCheckThread:100 - exiting critical section [integrity check]
2025-03-12 10:58:43,468 [INFO] IntegrityCheckThread:103 - End integrity checks thread
2025-03-12 10:58:44,111 [INFO] WebApp:448 - Apply proxy settings
2025-03-12 10:58:44,112 [INFO] WebApp:533 - Chromium requires no authentication
2025-03-12 10:58:44,119 [INFO] WebApp:476 - Direct internet connection detected
2025-03-12 10:58:44,139 [INFO] WebApp:869 - Register for checkConnection events
2025-03-12 10:58:44,140 [INFO] WebApp:448 - Apply proxy settings
2025-03-12 10:58:44,140 [INFO] WebApp:533 - Chromium requires no authentication
2025-03-12 10:58:44,140 [INFO] WebApp:476 - Direct internet connection detected
2025-03-12 10:58:44,284 [INFO] WebApp:220 - Starting web application
2025-03-12 10:58:44,285 [INFO] WebApp:578 - Web application path used C:\ST\STM32CubeIDE_1.16.1\STM32CubeIDE\plugins\com.st.stm32cube.common.mx_6.12.1.202409122256\db\plugins\mcufinder\reactClient1\index.html
2025-03-12 10:58:44,416 [INFO] UserAuth:417 - Internet connection configuration mode: 1
2025-03-12 10:58:44,427 [INFO] WebApp:186 - Connection restablished
2025-03-12 11:05:06,874 [INFO] McuFinderGlobals:63 - Set McuFinder mode to 2 (CubeIDE integrated)
2025-03-12 11:05:07,192 [INFO] ApiDb:581 - Connected to CubeFinder SQLite database (C:\Users\RND1\.stmcufinder\plugins\mcufinder\mcu\cube-finder-db.db)
2025-03-12 11:05:07,264 [INFO] ApiDb:668 - CubeFinder database Data Model version=2.1
2025-03-12 11:05:07,264 [INFO] ApiDb:669 - CubeFinder database Configuration version=3.0.39
2025-03-12 11:05:07,264 [INFO] ApiDb:670 - CubeFinder database generation date=2024-12-10 (1733817889)
2025-03-12 11:05:07,264 [INFO] ApiDb:671 - CubeFinder database FW Pack versions=[FP-ATR-ASTRA1_V2.0.0, FP-SNS-FLIGHT1_V5.0.2, FP-SNS-MOTENV1_V5.0.0, FP-SNS-MOTENVWB1_V1.4.0, FP-SNS-SMARTAG2_V1.2.0, FP-SNS-STBOX1_V2.0.0, STM32Cube_FW_C0_V1.3.0, STM32Cube_FW_F4_V1.28.1, STM32Cube_FW_F7_V1.17.2, STM32Cube_FW_G0_V1.6.2, STM32Cube_FW_G4_V1.6.1, STM32Cube_FW_H5_V1.4.0, STM32Cube_FW_H7RS_V1.1.0, STM32Cube_FW_H7_V1.12.0, STM32Cube_FW_L0_V1.12.2, STM32Cube_FW_L4_V1.18.1, STM32Cube_FW_L5_V1.5.1, STM32Cube_FW_N6_V1.0.0, STM32Cube_FW_U0_V1.2.0, STM32Cube_FW_U3_V1.0.0, STM32Cube_FW_U5_V1.7.0, STM32Cube_FW_WB0_V1.1.0, STM32Cube_FW_WBA_V1.5.0, STM32Cube_FW_WB_V1.21.0, STM32Cube_FW_WL3_V1.0.0, STM32Cube_FW_WL_V1.3.0, X-CUBE-ALGOBUILD_V1.4.0, X-CUBE-ALS_V1.0.2, X-CUBE-AZRTOS-F4_V1.1.0, X-CUBE-AZRTOS-F7_V1.1.0, X-CUBE-AZRTOS-G0_V1.1.0, X-CUBE-AZRTOS-G4_V2.0.0, X-CUBE-AZRTOS-H7RS_V1.0.0, X-CUBE-AZRTOS-H7_V3.3.0, X-CUBE-AZRTOS-L4_V2.0.0, X-CUBE-AZRTOS-L5_V2.0.0, X-CUBE-AZRTOS-WB_V2.0.0, X-CUBE-AZRTOS-WL_V2.0.0, X-CUBE-BLE1_V7.0.0, X-CUBE-BLE2_V3.3.0, X-CUBE-BLEMGR_V3.1.0, X-CUBE-EEPRMA1_V5.1.0, X-CUBE-FREERTOS_V1.2.0, X-CUBE-GNSS1_V6.0.0, X-CUBE-MEMS1_V11.0.0, X-CUBE-NFC4_V3.0.0, X-CUBE-NFC7_V1.0.1, X-CUBE-SFXS2LP1_V4.0.0, X-CUBE-SUBG2_V5.0.0, X-CUBE-TOF1_V3.4.2]
2025-03-12 11:05:07,341 [INFO] DbBoardsSqlite:226 - include board P-NUCLEO-WB55-NUCLEO as a kit item of type 'Nucleo-64'
2025-03-12 11:05:07,341 [INFO] DbBoardsSqlite:226 - include board P-NUCLEO-WB55-USBDONGLE as a kit item of type 'Nucleo USB Dongle'
2025-03-12 11:05:07,342 [INFO] DbBoardsSqlite:226 - include board STEVAL-IDP005V1 as a kit item of type 'Evaluation Board'
2025-03-12 11:05:07,342 [INFO] DbBoardsSqlite:226 - include board STEVAL-IDP005V2 as a kit item of type 'Evaluation Board'
2025-03-12 11:05:07,610 [INFO] ApiDb:240 - Found 646 in-development CPN: [B-G473E-ZEST1S, B-WB1M-WPAN1, B-WL5M-SUBG1, NUCLEO-C031C6, NUCLEO-C071RB, NUCLEO-H503RB, NUCLEO-H533RE, NUCLEO-H563ZI, NUCLEO-H7S3L8, NUCLEO-U031R8, NUCLEO-U083RC, NUCLEO-U545RE-Q, NUCLEO-U5A5ZJ-Q, NUCLEO-WB05KZ, NUCLEO-WB07CC, NUCLEO-WB09KE, NUCLEO-WBA52CG, NUCLEO-WBA55CG, STEVAL-PROTEUS1, STEVAL-SMARTAG2, STEVAL-STWINBX1, STM320518-EVAL, STM32C0116-DK, STM32C011D6Y3TR, STM32C011D6Y6TR, STM32C011F4P3, STM32C011F4P6, STM32C011F4U3, STM32C011F4U6TR, STM32C011F6P3, STM32C011F6P6, STM32C011F6U3, STM32C011F6U6TR, STM32C011J4M3, STM32C011J4M6, STM32C011J6M3, STM32C011J6M6, STM32C0316-DK, STM32C031C4T3, STM32C031C4T6, STM32C031C4U3, STM32C031C4U6, STM32C031C6T3, STM32C031C6T6, STM32C031C6U3, STM32C031C6U6, STM32C031F4P3, STM32C031F4P6, STM32C031F6P3, STM32C031F6P6, STM32C031G4U3, STM32C031G4U6, STM32C031G6U3, STM32C031G6U6, STM32C031K4T3, STM32C031K4T6, STM32C031K4U3, STM32C031K4U6, STM32C031K6T3, STM32C031K6T6, STM32C031K6U3, STM32C031K6U6, STM32C071C8T6, STM32C071C8T6N, STM32C071C8U6, STM32C071C8U6N, STM32C071CBT6, STM32C071CBT6N, STM32C071CBU6, STM32C071CBU6N, STM32C071F8P6, STM32C071F8P6N, STM32C071FBP6, STM32C071FBP6N, STM32C071FBY6TR, STM32C071G8U6, STM32C071G8U6N, STM32C071GBU6, STM32C071GBU6N, STM32C071K8T6, STM32C071K8T6N, STM32C071K8U6, STM32C071K8U6N, STM32C071KBT6, STM32C071KBT6N, STM32C071KBU6, STM32C071KBU6N, STM32C071R8T6, STM32C071R8T6N, STM32C071RBI6N, STM32C071RBT6, STM32C071RBT6N, STM32G071K8TXN, STM32G071K8UXN, STM32G081GBU6N, STM32G081KBT6N, STM32G081KBUXN, STM32G0B1CCT6N, STM32G0B1KCT6, STM32G0B1NEY6TR, STM32G0B1RCT6N, STM32G0C1CCT6, STM32G0C1CCT6N, STM32G0C1CCU6N, STM32G0C1CET6N, STM32G0C1CEU6N, STM32G0C1KCT6, STM32G0C1NEY6TR, STM32G0C1RCI6N, STM32G0C1RCT6N, STM32G0C1REI6N, STM32G0C1RET6N, STM32G0C1VCI6, STM32G0C1VEI6, STM32G411C6T3, STM32G411C6T6, STM32G411C6U3, STM32G411C6U6, STM32G411C8T3, STM32G411C8T6, STM32G411C8U3, STM32G411C8U6, STM32G411CBT3, STM32G411CBT6, STM32G411CBU3, STM32G411CBU6, STM32G411K6T3, STM32G411K6T6, STM32G411K6U3, STM32G411K6U6, STM32G411K8T3, STM32G411K8T6, STM32G411K8U3, STM32G411K8U6, STM32G411KBT3, STM32G411KBT6, STM32G411KBU3, STM32G411KBU6, STM32G411M6T3, STM32G411M6T6, STM32G411M8T3, STM32G411M8T6, STM32G411MBT3, STM32G411MBT6, STM32G411R6T3, STM32G411R6T6, STM32G411R8T3, STM32G411R8T6, STM32G411RBT3, STM32G411RBT6, STM32G414CBT3, STM32G414CBT6, STM32G414CBU3, STM32G414CBU6, STM32G414CCT3, STM32G414CCT6, STM32G414CCU3, STM32G414CCU6, STM32G414MBT3, STM32G414MBT6, STM32G414MCT3, STM32G414MCT6, STM32G414RBT3, STM32G414RBT6, STM32G414RCT3, STM32G414RCT6, STM32G414VBT3, STM32G414VBT6, STM32G414VCT3, STM32G414VCT6, STM32G431CBT3Z, STM32G431RBT3Z, STM32G471CCT6, STM32G471CCU6, STM32G471CET3, STM32G471CET6, STM32G471CEU3, STM32G471CEU6, STM32G471MCT6, STM32G471MET3, STM32G471MET6, STM32G471MEY6TR, STM32G471QCT6, STM32G471QET3, STM32G471RCT6, STM32G471RET3, STM32G471RET6, STM32G471VCH6, STM32G471VCI6, STM32G471VCT6, STM32G471VEH3, STM32G471VEH6, STM32G471VEI3, STM32G471VEI6, STM32G471VET3, STM32G471VET6, STM32G473QET3Z, STM32G473RET3Z, STM32G474CCT6, STM32G491RET3Z, STM32H503CBT6, STM32H503CBU6, STM32H503EBY6TR, STM32H503KBU6, STM32H503RBT6, STM32H523CCT6, STM32H523CCU6, STM32H523CET6, STM32H523CEU6, STM32H523HEY6TR, STM32H523RCT6, STM32H523RET6, STM32H523VCI6, STM32H523VCT6, STM32H523VEI6, STM32H523VET6, STM32H523ZCJ6, STM32H523ZCT6, STM32H523ZEJ6, STM32H523ZET6, STM32H533CET6, STM32H533CEU6, STM32H533HEY6TR, STM32H533RET6, STM32H533VEI6, STM32H533VET6, STM32H533ZEJ6, STM32H533ZET6, STM32H562AGI6, STM32H562AII6, STM32H562IGK6, STM32H562IGT6, STM32H562IIK6, STM32H562IIT6, STM32H562RGT6, STM32H562RGV6, STM32H562RIT6, STM32H562RIV6, STM32H562VGT6, STM32H562VIT6, STM32H562ZGT6, STM32H562ZIT6, STM32H563AGI6, STM32H563AII3Q, STM32H563AII6, STM32H563IGK6, STM32H563IGT6, STM32H563IIK3Q, STM32H563IIK6, STM32H563IIT3Q, STM32H563IIT6, STM32H563MIY3QTR, STM32H563RGT6, STM32H563RGV6, STM32H563RIT6, STM32H563RIV6, STM32H563VGT6, STM32H563VIT3Q, STM32H563VIT6, STM32H563ZGT6, STM32H563ZIT3Q, STM32H563ZIT6, STM32H573AII3Q, STM32H573AII6, STM32H573I-DK, STM32H573IIK3Q, STM32H573IIK6, STM32H573IIT3Q, STM32H573IIT6, STM32H573MIY3QTR, STM32H573RIT6, STM32H573RIV6, STM32H573VIT3Q, STM32H573VIT6, STM32H573ZIT3Q, STM32H573ZIT6, STM32H7R3A8I6, STM32H7R3I8K6, STM32H7R3I8T6, STM32H7R3L8H6, STM32H7R3L8H6H, STM32H7R3R8V6, STM32H7R3V8H6, STM32H7R3V8T6, STM32H7R3V8Y6TR, STM32H7R3Z8J6, STM32H7R3Z8T6, STM32H7R7A8I6, STM32H7R7I8K6, STM32H7R7I8T6, STM32H7R7L8H6, STM32H7R7L8H6H, STM32H7R7Z8J6, STM32H7S3A8I6, STM32H7S3I8K6, STM32H7S3I8T6, STM32H7S3L8H6, STM32H7S3L8H6H, STM32H7S3R8V6, STM32H7S3V8H6, STM32H7S3V8T6, STM32H7S3V8Y6TR, STM32H7S3Z8J6, STM32H7S3Z8T6, STM32H7S78-DK, STM32H7S7A8I6, STM32H7S7I8K6, STM32H7S7I8T6, STM32H7S7L8H6, STM32H7S7L8H6H, STM32H7S7Z8J6, STM32L4R5QGI6STR, STM32MP131AAE3, STM32MP131AAF3, STM32MP131AAG3, STM32MP131CAE3, STM32MP131CAF3, STM32MP131CAG3, STM32MP131DAE7, STM32MP131DAF7, STM32MP131DAG7, STM32MP131FAE7, STM32MP131FAF7, STM32MP131FAG7, STM32MP133AAE3, STM32MP133AAF3, STM32MP133AAG3, STM32MP133CAE3, STM32MP133CAF3, STM32MP133CAG3, STM32MP133DAE7, STM32MP133DAF7, STM32MP133DAG7, STM32MP133FAE7, STM32MP133FAF7, STM32MP133FAG7, STM32MP135AAE3, STM32MP135AAF3, STM32MP135AAG3, STM32MP135CAE3, STM32MP135CAF3, STM32MP135CAG3, STM32MP135DAE7, STM32MP135DAF7, STM32MP135DAG7, STM32MP135F-DK, STM32MP135FAE7, STM32MP135FAF7, STM32MP135FAF7T, STM32MP135FAF7U, STM32MP135FAG7, STM32MP251AAI3, STM32MP251AAK3, STM32MP251AAL3, STM32MP251CAI3, STM32MP251CAK3, STM32MP251CAL3, STM32MP251DAI3, STM32MP251DAK3, STM32MP251DAL3, STM32MP251FAI3, STM32MP251FAK3, STM32MP251FAL3, STM32MP253AAI3, STM32MP253AAK3, STM32MP253AAL3, STM32MP253CAI3, STM32MP253CAK3, STM32MP253CAL3, STM32MP253DAI3, STM32MP253DAK3, STM32MP253DAL3, STM32MP253FAI3, STM32MP253FAK3, STM32MP253FAL3, STM32MP255AAI3, STM32MP255AAK3, STM32MP255AAL3, STM32MP255CAI3, STM32MP255CAK3, STM32MP255CAL3, STM32MP255DAI3, STM32MP255DAK3, STM32MP255DAL3, STM32MP255FAI3, STM32MP255FAK3, STM32MP255FAL3, STM32MP257AAI3, STM32MP257AAK3, STM32MP257AAL3, STM32MP257CAI3, STM32MP257CAK3, STM32MP257CAL3, STM32MP257DAI3, STM32MP257DAK3, STM32MP257DAL3, STM32MP257F-DK, STM32MP257F-EV1, STM32MP257FAI3, STM32MP257FAK3, STM32MP257FAL3, STM32U031C6T6, STM32U031C6U6, STM32U031C8T6, STM32U031C8U6, STM32U031F4P6, STM32U031F6P6, STM32U031F8P6, STM32U031G6Y6TR, STM32U031G8Y6TR, STM32U031K4U6, STM32U031K6U6, STM32U031K8U6, STM32U031R6I6, STM32U031R6T6, STM32U031R8I6, STM32U031R8T6, STM32U073C8T6, STM32U073C8U6, STM32U073CBT6, STM32U073CBU6, STM32U073CCT6, STM32U073CCU6, STM32U073H8Y6TR, STM32U073HBY6TR, STM32U073HCY6TR, STM32U073K8U6, STM32U073KBU6, STM32U073KCU6, STM32U073M8I6, STM32U073M8T6, STM32U073MBI6, STM32U073MBT6, STM32U073MCI6, STM32U073MCT6, STM32U073R8I6, STM32U073R8T6, STM32U073RBI6, STM32U073RBT6, STM32U073RCI6, STM32U073RCT6, STM32U083C-DK, STM32U083CCT6, STM32U083CCU6, STM32U083HCY6TR, STM32U083KCU6, STM32U083MCI6, STM32U083MCT6, STM32U083RCI6, STM32U083RCT6, STM32U535CBT6, STM32U535CBT6Q, STM32U535CBU6, STM32U535CBU6Q, STM32U535CCT6, STM32U535CCT6Q, STM32U535CCU6, STM32U535CCU6Q, STM32U535CET6, STM32U535CET6Q, STM32U535CEU6, STM32U535CEU6Q, STM32U535JEY6QTR, STM32U535NCY6QTR, STM32U535NEY6QTR, STM32U535RBI6, STM32U535RBI6Q, STM32U535RBT6, STM32U535RBT6Q, STM32U535RCI6, STM32U535RCI6Q, STM32U535RCT6, STM32U535RCT6Q, STM32U535REI6, STM32U535REI6Q, STM32U535RET6, STM32U535RET6Q, STM32U535VCI6, STM32U535VCI6Q, STM32U535VCT6, STM32U535VCT6Q, STM32U535VEI6, STM32U535VEI6Q, STM32U535VET6, STM32U535VET6Q, STM32U545CET6, STM32U545CET6Q, STM32U545CEU6, STM32U545CEU6Q, STM32U545JEY6QTR, STM32U545NEY6QTR, STM32U545REI6, STM32U545REI6Q, STM32U545RET6, STM32U545RET6Q, STM32U545VEI6, STM32U545VEI6Q, STM32U545VET6, STM32U545VET6Q, STM32U595AIH6, STM32U595AIH6Q, STM32U595AJH6, STM32U595AJH6Q, STM32U595QII6, STM32U595QII6Q, STM32U595QJI6, STM32U595QJI6Q, STM32U595RIT6, STM32U595RIT6Q, STM32U595RJT6, STM32U595RJT6Q, STM32U595VIT6, STM32U595VIT6Q, STM32U595VJT6, STM32U595VJT6Q, STM32U595ZIT6, STM32U595ZIT6Q, STM32U595ZIY6QTR, STM32U595ZJT6, STM32U595ZJT6Q, STM32U595ZJY6QTR, STM32U599BJY6QTR, STM32U599NIH6Q, STM32U599NJH6Q, STM32U599VIT6Q, STM32U599VJT6, STM32U599VJT6Q, STM32U599ZIT6Q, STM32U599ZIY6QTR, STM32U599ZJT6Q, STM32U599ZJY6QTR, STM32U5A5AJH6, STM32U5A5AJH6Q, STM32U5A5QII3Q , STM32U5A5QJI6, STM32U5A5QJI6Q, STM32U5A5RJT6, STM32U5A5RJT6Q, STM32U5A5VJT6, STM32U5A5VJT6Q, STM32U5A5ZJT6, STM32U5A5ZJT6Q, STM32U5A5ZJY6QTR, STM32U5A9BJY6QTR, STM32U5A9J-DK, STM32U5A9NJH6Q, STM32U5A9VJT6Q, STM32U5A9ZJT6Q, STM32U5A9ZJY6QTR, STM32U5F7VIT6, STM32U5F7VIT6Q, STM32U5F7VJT6, STM32U5F7VJT6Q, STM32U5F9BJY6QTR, STM32U5F9NJH6Q, STM32U5F9VIT6Q, STM32U5F9VJT6Q, STM32U5F9ZIJ6QTR, STM32U5F9ZIT6Q, STM32U5F9ZJJ6QTR, STM32U5F9ZJT6Q, STM32U5G7VJT6, STM32U5G7VJT6Q, STM32U5G9BJY6QTR, STM32U5G9J-DK1, STM32U5G9J-DK2, STM32U5G9NJH6Q, STM32U5G9VJT6Q, STM32U5G9ZJJ6QTR, STM32U5G9ZJT6Q, STM32WB05KZV6TR, STM32WB05KZV7TR, STM32WB05TZF6TR, STM32WB05TZF7TR, STM32WB06CCF6TR, STM32WB06CCF7TR, STM32WB06CCV6TR, STM32WB06CCV7TR, STM32WB06KCV6TR, STM32WB06KCV7TR, STM32WB07CCF6TR, STM32WB07CCF7TR, STM32WB07CCV6TR, STM32WB07CCV7TR, STM32WB07KCV6TR, STM32WB07KCV7TR, STM32WB09KEV6TR, STM32WB09KEV7TR, STM32WB09TEF6TR, STM32WB09TEF7TR, STM32WB1MMCH6, STM32WBA50KGU6, STM32WBA50KGU6TR, STM32WBA52CEU6, STM32WBA52CEU6TR, STM32WBA52CEU7, STM32WBA52CEU7TR, STM32WBA52CGU6, STM32WBA52CGU6TR, STM32WBA52CGU6U, STM32WBA52CGU7, STM32WBA52CGU7TR, STM32WBA52KEU6, STM32WBA52KEU6TR, STM32WBA52KGU6, STM32WBA52KGU6TR, STM32WBA54CEU6, STM32WBA54CEU6TR, STM32WBA54CEU7, STM32WBA54CEU7TR, STM32WBA54CGU6, STM32WBA54CGU6TR, STM32WBA54CGU7, STM32WBA54CGU7TR, STM32WBA54KEU6, STM32WBA54KEU6TR, STM32WBA54KEU7, STM32WBA54KEU7TR, STM32WBA54KGU6, STM32WBA54KGU6TR, STM32WBA54KGU7, STM32WBA54KGU7TR, STM32WBA55CEU6, STM32WBA55CEU6TR, STM32WBA55CEU7, STM32WBA55CEU7TR, STM32WBA55CGU6, STM32WBA55CGU6TR, STM32WBA55CGU6U, STM32WBA55CGU7, STM32WBA55CGU7TR, STM32WBA55G-DK1, STM32WBA55HEF6, STM32WBA55HEF7, STM32WBA55HGF6, STM32WBA55HGF7, STM32WBA55UEI6, STM32WBA55UEI6TR, STM32WBA55UEI7, STM32WBA55UEI7TR, STM32WBA55UGI6, STM32WBA55UGI6TR, STM32WBA55UGI7, STM32WBA55UGI7TR, STM32WL5MOCH6, STM32WL5MOCH6TR]
2025-03-12 11:05:07,613 [INFO] ApiDb:668 - CubeFinder database Data Model version=2.1
2025-03-12 11:05:07,613 [INFO] ApiDb:669 - CubeFinder database Configuration version=3.0.39
2025-03-12 11:05:07,613 [INFO] ApiDb:670 - CubeFinder database generation date=2024-12-10 (1733817889)
2025-03-12 11:05:07,613 [INFO] ApiDb:671 - CubeFinder database FW Pack versions=[FP-ATR-ASTRA1_V2.0.0, FP-SNS-FLIGHT1_V5.0.2, FP-SNS-MOTENV1_V5.0.0, FP-SNS-MOTENVWB1_V1.4.0, FP-SNS-SMARTAG2_V1.2.0, FP-SNS-STBOX1_V2.0.0, STM32Cube_FW_C0_V1.3.0, STM32Cube_FW_F4_V1.28.1, STM32Cube_FW_F7_V1.17.2, STM32Cube_FW_G0_V1.6.2, STM32Cube_FW_G4_V1.6.1, STM32Cube_FW_H5_V1.4.0, STM32Cube_FW_H7RS_V1.1.0, STM32Cube_FW_H7_V1.12.0, STM32Cube_FW_L0_V1.12.2, STM32Cube_FW_L4_V1.18.1, STM32Cube_FW_L5_V1.5.1, STM32Cube_FW_N6_V1.0.0, STM32Cube_FW_U0_V1.2.0, STM32Cube_FW_U3_V1.0.0, STM32Cube_FW_U5_V1.7.0, STM32Cube_FW_WB0_V1.1.0, STM32Cube_FW_WBA_V1.5.0, STM32Cube_FW_WB_V1.21.0, STM32Cube_FW_WL3_V1.0.0, STM32Cube_FW_WL_V1.3.0, X-CUBE-ALGOBUILD_V1.4.0, X-CUBE-ALS_V1.0.2, X-CUBE-AZRTOS-F4_V1.1.0, X-CUBE-AZRTOS-F7_V1.1.0, X-CUBE-AZRTOS-G0_V1.1.0, X-CUBE-AZRTOS-G4_V2.0.0, X-CUBE-AZRTOS-H7RS_V1.0.0, X-CUBE-AZRTOS-H7_V3.3.0, X-CUBE-AZRTOS-L4_V2.0.0, X-CUBE-AZRTOS-L5_V2.0.0, X-CUBE-AZRTOS-WB_V2.0.0, X-CUBE-AZRTOS-WL_V2.0.0, X-CUBE-BLE1_V7.0.0, X-CUBE-BLE2_V3.3.0, X-CUBE-BLEMGR_V3.1.0, X-CUBE-EEPRMA1_V5.1.0, X-CUBE-FREERTOS_V1.2.0, X-CUBE-GNSS1_V6.0.0, X-CUBE-MEMS1_V11.0.0, X-CUBE-NFC4_V3.0.0, X-CUBE-NFC7_V1.0.1, X-CUBE-SFXS2LP1_V4.0.0, X-CUBE-SUBG2_V5.0.0, X-CUBE-TOF1_V3.4.2]
2025-03-12 11:05:08,931 [INFO] ApiDb:240 - Found 646 in-development CPN: [B-G473E-ZEST1S, B-WB1M-WPAN1, B-WL5M-SUBG1, NUCLEO-C031C6, NUCLEO-C071RB, NUCLEO-H503RB, NUCLEO-H533RE, NUCLEO-H563ZI, NUCLEO-H7S3L8, NUCLEO-U031R8, NUCLEO-U083RC, NUCLEO-U545RE-Q, NUCLEO-U5A5ZJ-Q, NUCLEO-WB05KZ, NUCLEO-WB07CC, NUCLEO-WB09KE, NUCLEO-WBA52CG, NUCLEO-WBA55CG, STEVAL-PROTEUS1, STEVAL-SMARTAG2, STEVAL-STWINBX1, STM320518-EVAL, STM32C0116-DK, STM32C011D6Y3TR, STM32C011D6Y6TR, STM32C011F4P3, STM32C011F4P6, STM32C011F4U3, STM32C011F4U6TR, STM32C011F6P3, STM32C011F6P6, STM32C011F6U3, STM32C011F6U6TR, STM32C011J4M3, STM32C011J4M6, STM32C011J6M3, STM32C011J6M6, STM32C0316-DK, STM32C031C4T3, STM32C031C4T6, STM32C031C4U3, STM32C031C4U6, STM32C031C6T3, STM32C031C6T6, STM32C031C6U3, STM32C031C6U6, STM32C031F4P3, STM32C031F4P6, STM32C031F6P3, STM32C031F6P6, STM32C031G4U3, STM32C031G4U6, STM32C031G6U3, STM32C031G6U6, STM32C031K4T3, STM32C031K4T6, STM32C031K4U3, STM32C031K4U6, STM32C031K6T3, STM32C031K6T6, STM32C031K6U3, STM32C031K6U6, STM32C071C8T6, STM32C071C8T6N, STM32C071C8U6, STM32C071C8U6N, STM32C071CBT6, STM32C071CBT6N, STM32C071CBU6, STM32C071CBU6N, STM32C071F8P6, STM32C071F8P6N, STM32C071FBP6, STM32C071FBP6N, STM32C071FBY6TR, STM32C071G8U6, STM32C071G8U6N, STM32C071GBU6, STM32C071GBU6N, STM32C071K8T6, STM32C071K8T6N, STM32C071K8U6, STM32C071K8U6N, STM32C071KBT6, STM32C071KBT6N, STM32C071KBU6, STM32C071KBU6N, STM32C071R8T6, STM32C071R8T6N, STM32C071RBI6N, STM32C071RBT6, STM32C071RBT6N, STM32G071K8TXN, STM32G071K8UXN, STM32G081GBU6N, STM32G081KBT6N, STM32G081KBUXN, STM32G0B1CCT6N, STM32G0B1KCT6, STM32G0B1NEY6TR, STM32G0B1RCT6N, STM32G0C1CCT6, STM32G0C1CCT6N, STM32G0C1CCU6N, STM32G0C1CET6N, STM32G0C1CEU6N, STM32G0C1KCT6, STM32G0C1NEY6TR, STM32G0C1RCI6N, STM32G0C1RCT6N, STM32G0C1REI6N, STM32G0C1RET6N, STM32G0C1VCI6, STM32G0C1VEI6, STM32G411C6T3, STM32G411C6T6, STM32G411C6U3, STM32G411C6U6, STM32G411C8T3, STM32G411C8T6, STM32G411C8U3, STM32G411C8U6, STM32G411CBT3, STM32G411CBT6, STM32G411CBU3, STM32G411CBU6, STM32G411K6T3, STM32G411K6T6, STM32G411K6U3, STM32G411K6U6, STM32G411K8T3, STM32G411K8T6, STM32G411K8U3, STM32G411K8U6, STM32G411KBT3, STM32G411KBT6, STM32G411KBU3, STM32G411KBU6, STM32G411M6T3, STM32G411M6T6, STM32G411M8T3, STM32G411M8T6, STM32G411MBT3, STM32G411MBT6, STM32G411R6T3, STM32G411R6T6, STM32G411R8T3, STM32G411R8T6, STM32G411RBT3, STM32G411RBT6, STM32G414CBT3, STM32G414CBT6, STM32G414CBU3, STM32G414CBU6, STM32G414CCT3, STM32G414CCT6, STM32G414CCU3, STM32G414CCU6, STM32G414MBT3, STM32G414MBT6, STM32G414MCT3, STM32G414MCT6, STM32G414RBT3, STM32G414RBT6, STM32G414RCT3, STM32G414RCT6, STM32G414VBT3, STM32G414VBT6, STM32G414VCT3, STM32G414VCT6, STM32G431CBT3Z, STM32G431RBT3Z, STM32G471CCT6, STM32G471CCU6, STM32G471CET3, STM32G471CET6, STM32G471CEU3, STM32G471CEU6, STM32G471MCT6, STM32G471MET3, STM32G471MET6, STM32G471MEY6TR, STM32G471QCT6, STM32G471QET3, STM32G471RCT6, STM32G471RET3, STM32G471RET6, STM32G471VCH6, STM32G471VCI6, STM32G471VCT6, STM32G471VEH3, STM32G471VEH6, STM32G471VEI3, STM32G471VEI6, STM32G471VET3, STM32G471VET6, STM32G473QET3Z, STM32G473RET3Z, STM32G474CCT6, STM32G491RET3Z, STM32H503CBT6, STM32H503CBU6, STM32H503EBY6TR, STM32H503KBU6, STM32H503RBT6, STM32H523CCT6, STM32H523CCU6, STM32H523CET6, STM32H523CEU6, STM32H523HEY6TR, STM32H523RCT6, STM32H523RET6, STM32H523VCI6, STM32H523VCT6, STM32H523VEI6, STM32H523VET6, STM32H523ZCJ6, STM32H523ZCT6, STM32H523ZEJ6, STM32H523ZET6, STM32H533CET6, STM32H533CEU6, STM32H533HEY6TR, STM32H533RET6, STM32H533VEI6, STM32H533VET6, STM32H533ZEJ6, STM32H533ZET6, STM32H562AGI6, STM32H562AII6, STM32H562IGK6, STM32H562IGT6, STM32H562IIK6, STM32H562IIT6, STM32H562RGT6, STM32H562RGV6, STM32H562RIT6, STM32H562RIV6, STM32H562VGT6, STM32H562VIT6, STM32H562ZGT6, STM32H562ZIT6, STM32H563AGI6, STM32H563AII3Q, STM32H563AII6, STM32H563IGK6, STM32H563IGT6, STM32H563IIK3Q, STM32H563IIK6, STM32H563IIT3Q, STM32H563IIT6, STM32H563MIY3QTR, STM32H563RGT6, STM32H563RGV6, STM32H563RIT6, STM32H563RIV6, STM32H563VGT6, STM32H563VIT3Q, STM32H563VIT6, STM32H563ZGT6, STM32H563ZIT3Q, STM32H563ZIT6, STM32H573AII3Q, STM32H573AII6, STM32H573I-DK, STM32H573IIK3Q, STM32H573IIK6, STM32H573IIT3Q, STM32H573IIT6, STM32H573MIY3QTR, STM32H573RIT6, STM32H573RIV6, STM32H573VIT3Q, STM32H573VIT6, STM32H573ZIT3Q, STM32H573ZIT6, STM32H7R3A8I6, STM32H7R3I8K6, STM32H7R3I8T6, STM32H7R3L8H6, STM32H7R3L8H6H, STM32H7R3R8V6, STM32H7R3V8H6, STM32H7R3V8T6, STM32H7R3V8Y6TR, STM32H7R3Z8J6, STM32H7R3Z8T6, STM32H7R7A8I6, STM32H7R7I8K6, STM32H7R7I8T6, STM32H7R7L8H6, STM32H7R7L8H6H, STM32H7R7Z8J6, STM32H7S3A8I6, STM32H7S3I8K6, STM32H7S3I8T6, STM32H7S3L8H6, STM32H7S3L8H6H, STM32H7S3R8V6, STM32H7S3V8H6, STM32H7S3V8T6, STM32H7S3V8Y6TR, STM32H7S3Z8J6, STM32H7S3Z8T6, STM32H7S78-DK, STM32H7S7A8I6, STM32H7S7I8K6, STM32H7S7I8T6, STM32H7S7L8H6, STM32H7S7L8H6H, STM32H7S7Z8J6, STM32L4R5QGI6STR, STM32MP131AAE3, STM32MP131AAF3, STM32MP131AAG3, STM32MP131CAE3, STM32MP131CAF3, STM32MP131CAG3, STM32MP131DAE7, STM32MP131DAF7, STM32MP131DAG7, STM32MP131FAE7, STM32MP131FAF7, STM32MP131FAG7, STM32MP133AAE3, STM32MP133AAF3, STM32MP133AAG3, STM32MP133CAE3, STM32MP133CAF3, STM32MP133CAG3, STM32MP133DAE7, STM32MP133DAF7, STM32MP133DAG7, STM32MP133FAE7, STM32MP133FAF7, STM32MP133FAG7, STM32MP135AAE3, STM32MP135AAF3, STM32MP135AAG3, STM32MP135CAE3, STM32MP135CAF3, STM32MP135CAG3, STM32MP135DAE7, STM32MP135DAF7, STM32MP135DAG7, STM32MP135F-DK, STM32MP135FAE7, STM32MP135FAF7, STM32MP135FAF7T, STM32MP135FAF7U, STM32MP135FAG7, STM32MP251AAI3, STM32MP251AAK3, STM32MP251AAL3, STM32MP251CAI3, STM32MP251CAK3, STM32MP251CAL3, STM32MP251DAI3, STM32MP251DAK3, STM32MP251DAL3, STM32MP251FAI3, STM32MP251FAK3, STM32MP251FAL3, STM32MP253AAI3, STM32MP253AAK3, STM32MP253AAL3, STM32MP253CAI3, STM32MP253CAK3, STM32MP253CAL3, STM32MP253DAI3, STM32MP253DAK3, STM32MP253DAL3, STM32MP253FAI3, STM32MP253FAK3, STM32MP253FAL3, STM32MP255AAI3, STM32MP255AAK3, STM32MP255AAL3, STM32MP255CAI3, STM32MP255CAK3, STM32MP255CAL3, STM32MP255DAI3, STM32MP255DAK3, STM32MP255DAL3, STM32MP255FAI3, STM32MP255FAK3, STM32MP255FAL3, STM32MP257AAI3, STM32MP257AAK3, STM32MP257AAL3, STM32MP257CAI3, STM32MP257CAK3, STM32MP257CAL3, STM32MP257DAI3, STM32MP257DAK3, STM32MP257DAL3, STM32MP257F-DK, STM32MP257F-EV1, STM32MP257FAI3, STM32MP257FAK3, STM32MP257FAL3, STM32U031C6T6, STM32U031C6U6, STM32U031C8T6, STM32U031C8U6, STM32U031F4P6, STM32U031F6P6, STM32U031F8P6, STM32U031G6Y6TR, STM32U031G8Y6TR, STM32U031K4U6, STM32U031K6U6, STM32U031K8U6, STM32U031R6I6, STM32U031R6T6, STM32U031R8I6, STM32U031R8T6, STM32U073C8T6, STM32U073C8U6, STM32U073CBT6, STM32U073CBU6, STM32U073CCT6, STM32U073CCU6, STM32U073H8Y6TR, STM32U073HBY6TR, STM32U073HCY6TR, STM32U073K8U6, STM32U073KBU6, STM32U073KCU6, STM32U073M8I6, STM32U073M8T6, STM32U073MBI6, STM32U073MBT6, STM32U073MCI6, STM32U073MCT6, STM32U073R8I6, STM32U073R8T6, STM32U073RBI6, STM32U073RBT6, STM32U073RCI6, STM32U073RCT6, STM32U083C-DK, STM32U083CCT6, STM32U083CCU6, STM32U083HCY6TR, STM32U083KCU6, STM32U083MCI6, STM32U083MCT6, STM32U083RCI6, STM32U083RCT6, STM32U535CBT6, STM32U535CBT6Q, STM32U535CBU6, STM32U535CBU6Q, STM32U535CCT6, STM32U535CCT6Q, STM32U535CCU6, STM32U535CCU6Q, STM32U535CET6, STM32U535CET6Q, STM32U535CEU6, STM32U535CEU6Q, STM32U535JEY6QTR, STM32U535NCY6QTR, STM32U535NEY6QTR, STM32U535RBI6, STM32U535RBI6Q, STM32U535RBT6, STM32U535RBT6Q, STM32U535RCI6, STM32U535RCI6Q, STM32U535RCT6, STM32U535RCT6Q, STM32U535REI6, STM32U535REI6Q, STM32U535RET6, STM32U535RET6Q, STM32U535VCI6, STM32U535VCI6Q, STM32U535VCT6, STM32U535VCT6Q, STM32U535VEI6, STM32U535VEI6Q, STM32U535VET6, STM32U535VET6Q, STM32U545CET6, STM32U545CET6Q, STM32U545CEU6, STM32U545CEU6Q, STM32U545JEY6QTR, STM32U545NEY6QTR, STM32U545REI6, STM32U545REI6Q, STM32U545RET6, STM32U545RET6Q, STM32U545VEI6, STM32U545VEI6Q, STM32U545VET6, STM32U545VET6Q, STM32U595AIH6, STM32U595AIH6Q, STM32U595AJH6, STM32U595AJH6Q, STM32U595QII6, STM32U595QII6Q, STM32U595QJI6, STM32U595QJI6Q, STM32U595RIT6, STM32U595RIT6Q, STM32U595RJT6, STM32U595RJT6Q, STM32U595VIT6, STM32U595VIT6Q, STM32U595VJT6, STM32U595VJT6Q, STM32U595ZIT6, STM32U595ZIT6Q, STM32U595ZIY6QTR, STM32U595ZJT6, STM32U595ZJT6Q, STM32U595ZJY6QTR, STM32U599BJY6QTR, STM32U599NIH6Q, STM32U599NJH6Q, STM32U599VIT6Q, STM32U599VJT6, STM32U599VJT6Q, STM32U599ZIT6Q, STM32U599ZIY6QTR, STM32U599ZJT6Q, STM32U599ZJY6QTR, STM32U5A5AJH6, STM32U5A5AJH6Q, STM32U5A5QII3Q , STM32U5A5QJI6, STM32U5A5QJI6Q, STM32U5A5RJT6, STM32U5A5RJT6Q, STM32U5A5VJT6, STM32U5A5VJT6Q, STM32U5A5ZJT6, STM32U5A5ZJT6Q, STM32U5A5ZJY6QTR, STM32U5A9BJY6QTR, STM32U5A9J-DK, STM32U5A9NJH6Q, STM32U5A9VJT6Q, STM32U5A9ZJT6Q, STM32U5A9ZJY6QTR, STM32U5F7VIT6, STM32U5F7VIT6Q, STM32U5F7VJT6, STM32U5F7VJT6Q, STM32U5F9BJY6QTR, STM32U5F9NJH6Q, STM32U5F9VIT6Q, STM32U5F9VJT6Q, STM32U5F9ZIJ6QTR, STM32U5F9ZIT6Q, STM32U5F9ZJJ6QTR, STM32U5F9ZJT6Q, STM32U5G7VJT6, STM32U5G7VJT6Q, STM32U5G9BJY6QTR, STM32U5G9J-DK1, STM32U5G9J-DK2, STM32U5G9NJH6Q, STM32U5G9VJT6Q, STM32U5G9ZJJ6QTR, STM32U5G9ZJT6Q, STM32WB05KZV6TR, STM32WB05KZV7TR, STM32WB05TZF6TR, STM32WB05TZF7TR, STM32WB06CCF6TR, STM32WB06CCF7TR, STM32WB06CCV6TR, STM32WB06CCV7TR, STM32WB06KCV6TR, STM32WB06KCV7TR, STM32WB07CCF6TR, STM32WB07CCF7TR, STM32WB07CCV6TR, STM32WB07CCV7TR, STM32WB07KCV6TR, STM32WB07KCV7TR, STM32WB09KEV6TR, STM32WB09KEV7TR, STM32WB09TEF6TR, STM32WB09TEF7TR, STM32WB1MMCH6, STM32WBA50KGU6, STM32WBA50KGU6TR, STM32WBA52CEU6, STM32WBA52CEU6TR, STM32WBA52CEU7, STM32WBA52CEU7TR, STM32WBA52CGU6, STM32WBA52CGU6TR, STM32WBA52CGU6U, STM32WBA52CGU7, STM32WBA52CGU7TR, STM32WBA52KEU6, STM32WBA52KEU6TR, STM32WBA52KGU6, STM32WBA52KGU6TR, STM32WBA54CEU6, STM32WBA54CEU6TR, STM32WBA54CEU7, STM32WBA54CEU7TR, STM32WBA54CGU6, STM32WBA54CGU6TR, STM32WBA54CGU7, STM32WBA54CGU7TR, STM32WBA54KEU6, STM32WBA54KEU6TR, STM32WBA54KEU7, STM32WBA54KEU7TR, STM32WBA54KGU6, STM32WBA54KGU6TR, STM32WBA54KGU7, STM32WBA54KGU7TR, STM32WBA55CEU6, STM32WBA55CEU6TR, STM32WBA55CEU7, STM32WBA55CEU7TR, STM32WBA55CGU6, STM32WBA55CGU6TR, STM32WBA55CGU6U, STM32WBA55CGU7, STM32WBA55CGU7TR, STM32WBA55G-DK1, STM32WBA55HEF6, STM32WBA55HEF7, STM32WBA55HGF6, STM32WBA55HGF7, STM32WBA55UEI6, STM32WBA55UEI6TR, STM32WBA55UEI7, STM32WBA55UEI7TR, STM32WBA55UGI6, STM32WBA55UGI6TR, STM32WBA55UGI7, STM32WBA55UGI7TR, STM32WL5MOCH6, STM32WL5MOCH6TR]
2025-03-12 11:05:08,933 [INFO] DbMcus:218 - Found 4404 MCUs, 4404 are supported
2025-03-12 11:05:08,934 [INFO] ApiDb:423 - Load user favorites file C:\Users\RND1/.stm32cubeide/favorites.mcus.txt: 0 item(s)
2025-03-12 11:05:08,934 [INFO] ApiDb:427 - User favorites MCUs=[]
2025-03-12 11:05:08,934 [INFO] DbMcus:224 - Set 0 / 0 favorites MCUs
2025-03-12 11:05:09,266 [INFO] BoardInfo:889 - No configuration file found for board NUCLEO-N657X0-Q
2025-03-12 11:05:09,267 [INFO] DbBoards:161 - Board is not supported: NUCLEO-N657X0-Q
2025-03-12 11:05:09,307 [INFO] BoardInfo:889 - No configuration file found for board P-NUCLEO-WB55
2025-03-12 11:05:09,307 [INFO] DbBoards:161 - Kit is not supported: P-NUCLEO-WB55
2025-03-12 11:05:09,312 [INFO] BoardInfo:889 - No configuration file found for board STEVAL-BFA001V1B
2025-03-12 11:05:09,312 [INFO] DbBoards:161 - Kit is not supported: STEVAL-BFA001V1B
2025-03-12 11:05:09,313 [INFO] BoardInfo:889 - No configuration file found for board STEVAL-BFA001V2B
2025-03-12 11:05:09,314 [INFO] DbBoards:161 - Kit is not supported: STEVAL-BFA001V2B
2025-03-12 11:05:09,423 [INFO] BoardInfo:889 - No configuration file found for board STM32N6570-DK
2025-03-12 11:05:09,424 [INFO] DbBoards:161 - Board is not supported: STM32N6570-DK
2025-03-12 11:05:09,433 [INFO] DbBoards:168 - Found 203 boards, 198 are supported
2025-03-12 11:05:09,433 [INFO] DbBoards:169 - Found 203 boards, 25 of them is supported for  Bsp
2025-03-12 11:05:09,435 [INFO] ApiDb:423 - Load user favorites file C:\Users\RND1/.stm32cubeide/favorites.boards.txt: 0 item(s)
2025-03-12 11:05:09,435 [INFO] ApiDb:427 - User favorites Boards=[]
2025-03-12 11:05:09,435 [INFO] DbBoards:198 - Set 0 / 0 favorites Boards
2025-03-12 11:05:09,435 [INFO] McuFinderGlobals:76 - Set McuFinderConnectedMode to false
2025-03-12 11:05:09,446 [INFO] MultiScanPanel:200 - Auto-refresh data requested => check proxy status ongoing
2025-03-12 11:05:09,446 [INFO] MultiScanPanel:204 - Proxy status is invalid
2025-03-12 11:05:09,448 [INFO] FinderPluginLoader:95 - Searching for filters in installed packs
2025-03-12 11:05:10,278 [INFO] DetailPanel:341 - Set advertising image to C:/Users/RND1/STM32Cube/Repository/\en.prom-stm32u3-mcu-finder.jpg
2025-03-12 11:05:53,387 [INFO] MainUpdater:2873 - connection check result : 10
2025-03-12 11:05:53,429 [INFO] RulesReader:64 - Compatibility file has been processed (297 Rules)
2025-03-12 11:05:53,438 [INFO] RulesReader:64 - Compatibility file has been processed (297 Rules)
2025-03-12 11:05:53,444 [INFO] MicroXplorer:468 - Change Database Path : 
2025-03-12 11:05:53,444 [INFO] MicroXplorer:498 - Change Database Version : DB.6.0.121
2025-03-12 11:05:53,457 [WARN] ThirdParty:871 - waiting for thirdparty lock release [close project]
2025-03-12 11:05:53,457 [INFO] ThirdParty:873 - entering critical section [close project]
2025-03-12 11:05:53,459 [INFO] ThirdParty:883 - exiting critical section [close project]
2025-03-12 11:05:53,462 [INFO] PinOutPanel:1561 - setPackage(No Configuration,No Configuration)
2025-03-12 11:05:53,465 [INFO] UtilMem:75 - Begin LoadConfig() Used Memory: 729376112 Bytes (1073741824)
2025-03-12 11:05:53,466 [INFO] MicroXplorer:468 - Change Database Path : 
2025-03-12 11:05:53,466 [INFO] MicroXplorer:498 - Change Database Version : DB.6.0.121
2025-03-12 11:05:53,466 [INFO] OpenFileManager:332 - Change cursor
2025-03-12 11:05:53,566 [INFO] Mcu:2032 - Initializing MCU STM32F103C8Tx STM32F103C8Tx STM32F103C8T6
2025-03-12 11:05:54,277 [INFO] Context:742 - Trying to add GPIOservice into a context  which must be forbidden
2025-03-12 11:05:54,450 [INFO] ImportTextPane:205 - (OptionalMessage_ERROR) Unable to find key (Mcu.ThirdPartyNb) in loaded IOC file
2025-03-12 11:05:54,451 [INFO] ImportTextPane:205 - (OptionalMessage_ERROR) Unable to find key (Mcu.PinsNb) in loaded IOC file
2025-03-12 11:05:54,451 [INFO] ImportTextPane:205 - (OptionalMessage_ERROR) Unable to find key (Mcu.IPNb) in loaded IOC file
2025-03-12 11:05:54,555 [INFO] RtosManager:555 - Registered RTOS mode: class=CMSIS, group=RTOS, mode=CMSIS_V1, owner=FREERTOS
2025-03-12 11:05:54,556 [INFO] RtosManager:555 - Registered RTOS mode: class=CMSIS, group=RTOS2, mode=CMSIS_V2, owner=FREERTOS
2025-03-12 11:05:54,556 [INFO] RtosManager:555 - Registered RTOS mode: class=RTOS, group=Core, mode=CMSIS_V1, owner=FREERTOS
2025-03-12 11:05:54,556 [INFO] RtosManager:555 - Registered RTOS mode: class=RTOS, group=Core, mode=CMSIS_V2, owner=FREERTOS
2025-03-12 11:05:54,556 [WARN] ModelIntegratedComponent:184 - Missing modes for component STMicroelectronics:FreeRTOS:0.0.1:STMicroelectronics:RTOS:FreeRTOS:Core:::10.2.0:
2025-03-12 11:05:54,560 [WARN] ModelIntegratedComponent:63 - No mode defined for component null
2025-03-12 11:05:54,560 [WARN] ModelIntegratedComponent:63 - No mode defined for component null
2025-03-12 11:05:54,560 [WARN] ModelIntegratedComponent:63 - No mode defined for component null
2025-03-12 11:05:54,560 [WARN] ModelIntegratedComponent:63 - No mode defined for component null
2025-03-12 11:05:54,560 [WARN] ModelIntegratedComponent:63 - No mode defined for component null
2025-03-12 11:05:54,560 [WARN] ModelIntegratedComponent:63 - No mode defined for component null
2025-03-12 11:05:54,560 [WARN] ModelIntegratedComponent:63 - No mode defined for component null
2025-03-12 11:05:54,560 [WARN] ModelIntegratedComponent:63 - No mode defined for component null
2025-03-12 11:05:54,560 [WARN] ModelIntegratedComponent:63 - No mode defined for component null
2025-03-12 11:05:54,560 [WARN] ModelIntegratedComponent:63 - No mode defined for component null
2025-03-12 11:05:54,560 [WARN] ModelIntegratedComponent:63 - No mode defined for component null
2025-03-12 11:05:54,560 [WARN] ModelIntegratedComponent:63 - No mode defined for component null
2025-03-12 11:05:54,560 [WARN] ModelIntegratedComponent:63 - No mode defined for component null
2025-03-12 11:05:54,560 [WARN] ModelIntegratedComponent:63 - No mode defined for component null
2025-03-12 11:05:54,560 [WARN] ModelIntegratedComponent:63 - No mode defined for component null
2025-03-12 11:05:54,560 [WARN] ModelIntegratedComponent:63 - No mode defined for component null
2025-03-12 11:05:54,560 [WARN] ModelIntegratedComponent:63 - No mode defined for component null
2025-03-12 11:05:54,560 [WARN] ModelIntegratedComponent:63 - No mode defined for component null
2025-03-12 11:05:54,560 [WARN] ModelIntegratedComponent:63 - No mode defined for component null
2025-03-12 11:05:54,560 [WARN] ModelIntegratedComponent:63 - No mode defined for component null
2025-03-12 11:05:54,560 [WARN] ModelIntegratedComponent:63 - No mode defined for component null
2025-03-12 11:05:54,560 [WARN] ModelIntegratedComponent:63 - No mode defined for component null
2025-03-12 11:05:54,560 [WARN] ModelIntegratedComponent:63 - No mode defined for component null
2025-03-12 11:05:54,560 [WARN] ModelIntegratedComponent:63 - No mode defined for component null
2025-03-12 11:05:54,560 [WARN] ModelIntegratedComponent:63 - No mode defined for component null
2025-03-12 11:05:54,560 [WARN] ModelIntegratedComponent:63 - No mode defined for component null
2025-03-12 11:05:54,560 [WARN] ModelIntegratedComponent:63 - No mode defined for component null
2025-03-12 11:05:54,561 [WARN] ModelIntegratedComponent:63 - No mode defined for component null
2025-03-12 11:05:54,561 [WARN] ModelIntegratedComponent:63 - No mode defined for component null
2025-03-12 11:05:54,561 [WARN] ModelIntegratedComponent:63 - No mode defined for component null
2025-03-12 11:05:54,561 [WARN] ModelIntegratedComponent:63 - No mode defined for component null
2025-03-12 11:05:54,561 [WARN] ModelIntegratedComponent:63 - No mode defined for component null
2025-03-12 11:05:54,561 [WARN] ModelIntegratedComponent:63 - No mode defined for component null
2025-03-12 11:05:54,561 [WARN] ModelIntegratedComponent:63 - No mode defined for component null
2025-03-12 11:05:54,561 [WARN] ModelIntegratedComponent:63 - No mode defined for component null
2025-03-12 11:05:54,561 [WARN] ModelPack:524 - Component already loaded: STMicroelectronics:HAL Drivers:0.0.0:STMicroelectronics:Device:STMicro_Driver:XSPI:HAL::0.0.1:HAL_XSPI
2025-03-12 11:05:54,661 [INFO] ThirdPartyModel:298 - Start build external matchings
2025-03-12 11:05:55,427 [INFO] ThirdPartyModel:316 - End build external matchings
2025-03-12 11:05:55,612 [INFO] UtilMem:75 - End LoadConfig() Used Memory: 754939496 Bytes (1073741824)
2025-03-12 11:05:55,631 [WARN] ThirdParty:833 - waiting for thirdparty lock release [change project]
2025-03-12 11:05:55,632 [INFO] ThirdParty:835 - entering critical section [change project]
2025-03-12 11:05:55,632 [INFO] ThirdParty:1030 - CMSIS Pack Vendor :STMicroelectronics USBPD 4.1
2025-03-12 11:05:55,632 [INFO] ThirdParty:1030 - CMSIS Pack Vendor :STMicroelectronics X-CUBE-GNSS1 6.0.0
2025-03-12 11:05:55,632 [INFO] ThirdParty:1030 - CMSIS Pack Vendor :STMicroelectronics USB_HOST 2.0.0
2025-03-12 11:05:55,632 [INFO] ThirdParty:1030 - CMSIS Pack Vendor :STMicroelectronics FP-SNS-MOTENVWB1 1.4.0
2025-03-12 11:05:55,632 [INFO] ThirdParty:1030 - CMSIS Pack Vendor :STMicroelectronics X-CUBE-AZRTOS-F4 1.1.0
2025-03-12 11:05:55,632 [INFO] ThirdParty:1030 - CMSIS Pack Vendor :STMicroelectronics LIBJPEG 8.0.0
2025-03-12 11:05:55,632 [INFO] ThirdParty:1030 - CMSIS Pack Vendor :STMicroelectronics FP-ATR-ASTRA1 2.0.2
2025-03-12 11:05:55,632 [INFO] ThirdParty:1030 - CMSIS Pack Vendor :wolfSSL I-CUBE-wolfSSL 5.6.4
2025-03-12 11:05:55,632 [INFO] ThirdParty:1030 - CMSIS Pack Vendor :STMicroelectronics FP-ATR-ASTRA1 2.0.1
2025-03-12 11:05:55,632 [INFO] ThirdParty:1030 - CMSIS Pack Vendor :STMicroelectronics X-CUBE-SMBUS 2.1.0
2025-03-12 11:05:55,632 [INFO] ThirdParty:1030 - CMSIS Pack Vendor :STMicroelectronics X-CUBE-WB05N 1.1.0
2025-03-12 11:05:55,632 [INFO] ThirdParty:1030 - CMSIS Pack Vendor :STMicroelectronics X-CUBE-ISPU 2.1.0
2025-03-12 11:05:55,632 [INFO] ThirdParty:1030 - CMSIS Pack Vendor :STMicroelectronics X-CUBE-FREERTOS 1.2.0
2025-03-12 11:05:55,632 [INFO] ThirdParty:1030 - CMSIS Pack Vendor :STMicroelectronics X-CUBE-TOUCHGFX 4.23.0
2025-03-12 11:05:55,632 [INFO] ThirdParty:1030 - CMSIS Pack Vendor :STMicroelectronics X-CUBE-TOUCHGFX 4.23.2
2025-03-12 11:05:55,632 [INFO] ThirdParty:1030 - CMSIS Pack Vendor :STMicroelectronics X-CUBE-AZRTOS-F7 1.1.0
2025-03-12 11:05:55,632 [INFO] ThirdParty:1030 - CMSIS Pack Vendor :STMicroelectronics X-CUBE-AZRTOS-L5 2.0.0
2025-03-12 11:05:55,633 [INFO] ThirdParty:1030 - CMSIS Pack Vendor :STMicroelectronics USB_DEVICE 2.0.0
2025-03-12 11:05:55,633 [INFO] ThirdParty:1030 - CMSIS Pack Vendor :STMicroelectronics X-CUBE-EEPRMA1 4.2.0
2025-03-12 11:05:55,633 [INFO] ThirdParty:1030 - CMSIS Pack Vendor :STMicroelectronics X-CUBE-NFC6 3.1.0
2025-03-12 11:05:55,633 [INFO] ThirdParty:1030 - CMSIS Pack Vendor :ITTIA_DB I-CUBE-ITTIADB 8.8.0
2025-03-12 11:05:55,633 [INFO] ThirdParty:1030 - CMSIS Pack Vendor :STMicroelectronics FP-SNS-MOTENV1 4.3.2
2025-03-12 11:05:55,633 [INFO] ThirdParty:1030 - CMSIS Pack Vendor :STMicroelectronics X-CUBE-MEMS1 11.0.0
2025-03-12 11:05:55,633 [INFO] ThirdParty:1030 - CMSIS Pack Vendor :STMicroelectronics FreeRTOS 0.0.1
2025-03-12 11:05:55,633 [INFO] ThirdParty:1030 - CMSIS Pack Vendor :STMicroelectronics X-CUBE-DPower 1.2.0
2025-03-12 11:05:55,633 [INFO] ThirdParty:1030 - CMSIS Pack Vendor :STMicroelectronics FP-SNS-FLIGHT1 5.0.2
2025-03-12 11:05:55,633 [INFO] ThirdParty:1030 - CMSIS Pack Vendor :STMicroelectronics X-CUBE-AI 9.0.0
2025-03-12 11:05:55,633 [INFO] ThirdParty:1030 - CMSIS Pack Vendor :STMicroelectronics PDM2PCM 3.3.0
2025-03-12 11:05:55,633 [INFO] ThirdParty:1030 - CMSIS Pack Vendor :STMicroelectronics X-CUBE-DISPLAY 3.0.0
2025-03-12 11:05:55,633 [INFO] ThirdParty:1030 - CMSIS Pack Vendor :STMicroelectronics X-CUBE-BLE1 7.0.0
2025-03-12 11:05:55,633 [INFO] ThirdParty:1030 - CMSIS Pack Vendor :STMicroelectronics X-CUBE-NFC10 1.0.0
2025-03-12 11:05:55,633 [INFO] ThirdParty:1030 - CMSIS Pack Vendor :STMicroelectronics X-CUBE-BLEMGR 4.0.0
2025-03-12 11:05:55,633 [INFO] ThirdParty:1030 - CMSIS Pack Vendor :STMicroelectronics HAL Drivers 0.0.0
2025-03-12 11:05:55,633 [INFO] ThirdParty:1030 - CMSIS Pack Vendor :emotas I-CUBE-CANOPEN 1.3.0
2025-03-12 11:05:55,633 [INFO] ThirdParty:1030 - CMSIS Pack Vendor :STMicroelectronics X-CUBE-FREERTOS 1.3.0
2025-03-12 11:05:55,633 [INFO] ThirdParty:1030 - CMSIS Pack Vendor :STMicroelectronics X-CUBE-NFC7 1.0.1
2025-03-12 11:05:55,633 [INFO] ThirdParty:1030 - CMSIS Pack Vendor :STMicroelectronics MBEDTLS 2.14.1
2025-03-12 11:05:55,633 [INFO] ThirdParty:1030 - CMSIS Pack Vendor :STMicroelectronics X-CUBE-NFC6 3.0.0
2025-03-12 11:05:55,633 [INFO] ThirdParty:1030 - CMSIS Pack Vendor :STMicroelectronics X-CUBE-BLEMGR 3.1.0
2025-03-12 11:05:55,633 [INFO] ThirdParty:1030 - CMSIS Pack Vendor :STMicroelectronics X-CUBE-AI 10.0.0
2025-03-12 11:05:55,633 [INFO] ThirdParty:1030 - CMSIS Pack Vendor :STMicroelectronics FP-SNS-SMARTAG2 1.2.0
2025-03-12 11:05:55,633 [INFO] ThirdParty:1030 - CMSIS Pack Vendor :STMicroelectronics X-CUBE-MEMS1 11.1.0
2025-03-12 11:05:55,633 [INFO] ThirdParty:1030 - CMSIS Pack Vendor :STMicroelectronics X-CUBE-AZRTOS-WL 2.0.0
2025-03-12 11:05:55,634 [INFO] ThirdParty:1030 - CMSIS Pack Vendor :STMicroelectronics FP-SNS-MOTENV1 5.0.0
2025-03-12 11:05:55,634 [INFO] ThirdParty:1030 - CMSIS Pack Vendor :STMicroelectronics USB_DEVICE 1.0.0
2025-03-12 11:05:55,634 [INFO] ThirdParty:1030 - CMSIS Pack Vendor :STMicroelectronics X-CUBE-AI 8.1.0
2025-03-12 11:05:55,634 [INFO] ThirdParty:1030 - CMSIS Pack Vendor :wolfSSL I-CUBE-wolfMQTT 1.19.0
2025-03-12 11:05:55,634 [INFO] ThirdParty:1030 - CMSIS Pack Vendor :STMicroelectronics X-CUBE-AZRTOS-L4 2.0.0
2025-03-12 11:05:55,634 [INFO] ThirdParty:1030 - CMSIS Pack Vendor :STMicroelectronics ThreadX 0.0.2
2025-03-12 11:05:55,634 [INFO] ThirdParty:1030 - CMSIS Pack Vendor :WES I-CUBE-Cesium 1.3.0
2025-03-12 11:05:55,634 [INFO] ThirdParty:1030 - CMSIS Pack Vendor :STMicroelectronics lwIP 2.1.2
2025-03-12 11:05:55,634 [INFO] ThirdParty:1030 - CMSIS Pack Vendor :STMicroelectronics X-CUBE-SFXS2LP1 4.0.0
2025-03-12 11:05:55,634 [INFO] ThirdParty:1030 - CMSIS Pack Vendor :STMicroelectronics X-CUBE-BLE2 3.3.0
2025-03-12 11:05:55,634 [INFO] ThirdParty:1030 - CMSIS Pack Vendor :STMicroelectronics PDM2PCM 3.2.0
2025-03-12 11:05:55,634 [INFO] ThirdParty:1030 - CMSIS Pack Vendor :STMicroelectronics X-CUBE-AZRTOS-H7 3.3.0
2025-03-12 11:05:55,634 [INFO] ThirdParty:1030 - CMSIS Pack Vendor :STMicroelectronics X-CUBE-NFC9 1.0.0
2025-03-12 11:05:55,634 [INFO] ThirdParty:1030 - CMSIS Pack Vendor :STMicroelectronics X-CUBE-BLE1 7.1.0
2025-03-12 11:05:55,634 [INFO] ThirdParty:1030 - CMSIS Pack Vendor :STMicroelectronics USB_DEVICE 3.0.0
2025-03-12 11:05:55,634 [INFO] ThirdParty:1030 - CMSIS Pack Vendor :STMicroelectronics X-CUBE-TCPP 4.1.0
2025-03-12 11:05:55,634 [INFO] ThirdParty:1030 - CMSIS Pack Vendor :STMicroelectronics X-CUBE-IPS 3.0.0
2025-03-12 11:05:55,634 [INFO] ThirdParty:1030 - CMSIS Pack Vendor :STMicroelectronics X-CUBE-AZRTOS-WB 2.0.0
2025-03-12 11:05:55,634 [INFO] ThirdParty:1030 - CMSIS Pack Vendor :STMicroelectronics X-CUBE-GNSS1 7.0.0
2025-03-12 11:05:55,634 [INFO] ThirdParty:1030 - CMSIS Pack Vendor :STMicroelectronics X-CUBE-GNSS1 7.0.1
2025-03-12 11:05:55,634 [INFO] ThirdParty:1030 - CMSIS Pack Vendor :STMicroelectronics X-CUBE-TOUCHGFX 4.25.0
2025-03-12 11:05:55,634 [INFO] ThirdParty:1030 - CMSIS Pack Vendor :STMicroelectronics FP-SNS-STBOX1 2.0.0
2025-03-12 11:05:55,634 [INFO] ThirdParty:1030 - CMSIS Pack Vendor :STMicroelectronics X-CUBE-ALGOBUILD 1.3.0
2025-03-12 11:05:55,634 [INFO] ThirdParty:1030 - CMSIS Pack Vendor :STMicroelectronics X-CUBE-AZRTOS-G0 1.1.0
2025-03-12 11:05:55,634 [INFO] ThirdParty:1030 - CMSIS Pack Vendor :STMicroelectronics X-CUBE-SAFEA1 1.2.2
2025-03-12 11:05:55,634 [INFO] ThirdParty:1030 - CMSIS Pack Vendor :STMicroelectronics X-CUBE-NFC4 3.0.0
2025-03-12 11:05:55,634 [INFO] ThirdParty:1030 - CMSIS Pack Vendor :STMicroelectronics X-CUBE-SUBG2 5.0.0
2025-03-12 11:05:55,635 [INFO] ThirdParty:1030 - CMSIS Pack Vendor :STMicroelectronics STM32_WPAN 1.0.0
2025-03-12 11:05:55,635 [INFO] ThirdParty:1030 - CMSIS Pack Vendor :wolfSSL I-CUBE-wolfMQTT 1.18.0
2025-03-12 11:05:55,635 [INFO] ThirdParty:1030 - CMSIS Pack Vendor :EmbeddedOffice I-CUBE-FS-RTOS 1.0.1
2025-03-12 11:05:55,635 [INFO] ThirdParty:1030 - CMSIS Pack Vendor :STMicroelectronics lwIP 2.0.3
2025-03-12 11:05:55,635 [INFO] ThirdParty:1030 - CMSIS Pack Vendor :STMicroelectronics USB_HOST 1.0.0
2025-03-12 11:05:55,635 [INFO] ThirdParty:1030 - CMSIS Pack Vendor :STMicroelectronics X-CUBE-AZRTOS-G4 2.0.0
2025-03-12 11:05:55,635 [INFO] ThirdParty:1030 - CMSIS Pack Vendor :STMicroelectronics PDM2PCM 3.1.0
2025-03-12 11:05:55,635 [INFO] ThirdParty:1030 - CMSIS Pack Vendor :Infineon AIROC-Wi-Fi-Bluetooth-STM32 1.5.1
2025-03-12 11:05:55,635 [INFO] ThirdParty:1030 - CMSIS Pack Vendor :STMicroelectronics X-CUBE-BLEMGR 3.0.0
2025-03-12 11:05:55,635 [INFO] ThirdParty:1030 - CMSIS Pack Vendor :RealThread X-CUBE-RT-Thread_Nano 4.1.1
2025-03-12 11:05:55,635 [INFO] ThirdParty:1030 - CMSIS Pack Vendor :STMicroelectronics FP-SNS-MOTENVWB1 1.3.1
2025-03-12 11:05:55,635 [INFO] ThirdParty:1030 - CMSIS Pack Vendor :STMicroelectronics FP-ATR-SIGFOX1 3.2.0
2025-03-12 11:05:55,635 [INFO] ThirdParty:1030 - CMSIS Pack Vendor :quantropi X-CUBE-qispace-sdk-base 1.9.3
2025-03-12 11:05:55,635 [INFO] ThirdParty:1030 - CMSIS Pack Vendor :STMicroelectronics X-CUBE-ISPU 2.0.0
2025-03-12 11:05:55,635 [INFO] ThirdParty:1030 - CMSIS Pack Vendor :STMicroelectronics X-CUBE-EEPRMA1 5.1.0
2025-03-12 11:05:55,635 [INFO] ThirdParty:1030 - CMSIS Pack Vendor :STMicroelectronics MBEDTLS 2.16.2
2025-03-12 11:05:55,635 [INFO] ThirdParty:1030 - CMSIS Pack Vendor :STMicroelectronics X-CUBE-ALS 1.0.2
2025-03-12 11:05:55,635 [INFO] ThirdParty:1030 - CMSIS Pack Vendor :STMicroelectronics X-CUBE-MEMS1 10.0.0
2025-03-12 11:05:55,635 [INFO] ThirdParty:1030 - CMSIS Pack Vendor :STMicroelectronics X-CUBE-FREERTOS 1.1.0
2025-03-12 11:05:55,635 [INFO] ThirdParty:1030 - CMSIS Pack Vendor :STMicroelectronics X-CUBE-TOUCHGFX 4.24.0
2025-03-12 11:05:55,635 [INFO] ThirdParty:1030 - CMSIS Pack Vendor :STMicroelectronics X-CUBE-TOUCHGFX 4.24.2
2025-03-12 11:05:55,635 [INFO] ThirdParty:1030 - CMSIS Pack Vendor :STMicroelectronics X-CUBE-TOUCHGFX 4.24.1
2025-03-12 11:05:55,635 [INFO] ThirdParty:1030 - CMSIS Pack Vendor :wolfSSL I-CUBE-wolfTPM 3.4.0
2025-03-12 11:05:55,635 [INFO] ThirdParty:1030 - CMSIS Pack Vendor :portGmbH I-Cube-SoM-uGOAL 1.1.0
2025-03-12 11:05:55,635 [INFO] ThirdParty:1030 - CMSIS Pack Vendor :STMicroelectronics X-CUBE-ALS 1.0.1
2025-03-12 11:05:55,635 [INFO] ThirdParty:1030 - CMSIS Pack Vendor :STMicroelectronics ThreadX 1.0.0
2025-03-12 11:05:55,635 [INFO] ThirdParty:1030 - CMSIS Pack Vendor :SEGGER I-CUBE-embOS 1.3.1
2025-03-12 11:05:55,635 [INFO] ThirdParty:1030 - CMSIS Pack Vendor :STMicroelectronics X-CUBE-ALGOBUILD 1.4.0
2025-03-12 11:05:55,635 [INFO] ThirdParty:1030 - CMSIS Pack Vendor :STMicroelectronics X-CUBE-AZRTOS-H7RS 1.0.0
2025-03-12 11:05:55,635 [INFO] ThirdParty:1030 - CMSIS Pack Vendor :STMicroelectronics FP-ATR-ASTRA1 2.0.0
2025-03-12 11:05:55,635 [INFO] ThirdParty:1030 - CMSIS Pack Vendor :STMicroelectronics X-CUBE-TOF1 3.4.2
2025-03-12 11:05:55,635 [INFO] ThirdParty:1030 - CMSIS Pack Vendor :STMicroelectronics X-CUBE-AI 9.1.0
2025-03-12 11:05:55,635 [INFO] ThirdParty:1030 - CMSIS Pack Vendor :STMicroelectronics X-CUBE-TOF1 3.4.0
2025-03-12 11:05:55,635 [INFO] ThirdParty:1030 - CMSIS Pack Vendor :STMicroelectronics X-CUBE-TOF1 3.4.1
2025-03-12 11:05:55,635 [INFO] ThirdParty:1030 - CMSIS Pack Vendor :STMicroelectronics X-CUBE-AZRTOS-H7 3.2.0
2025-03-12 11:05:55,635 [INFO] ThirdParty:1030 - CMSIS Pack Vendor :wolfSSL I-CUBE-wolfSSH 1.4.17
2025-03-12 11:05:55,635 [INFO] ThirdParty:841 - exiting critical section [change project]
2025-03-12 11:05:55,787 [INFO] PinOutPanel:1561 - setPackage(No Configuration,No Configuration)
2025-03-12 11:05:55,788 [INFO] PinOutPanel:1561 - setPackage(STM32F103C8Tx,LQFP48)
2025-03-12 11:05:56,121 [INFO] UtilMem:75 - Before build in PCC Used Memory: 853546024 Bytes (1073741824)
2025-03-12 11:05:56,897 [INFO] UtilMem:75 - After build in PCC Used Memory: 916986920 Bytes (1073741824)
2025-03-12 11:05:56,915 [INFO] IPUIPlugin:80 - create IPUIPlugin
2025-03-12 11:05:56,915 [INFO] IPUIPlugin:80 - create IPUIPlugin
2025-03-12 11:05:56,916 [INFO] IPUIPlugin:80 - create IPUIPlugin
2025-03-12 11:05:56,916 [INFO] IPUIPlugin:80 - create IPUIPlugin
2025-03-12 11:05:56,916 [INFO] IPUIPlugin:80 - create IPUIPlugin
2025-03-12 11:05:56,916 [INFO] IPUIPlugin:80 - create IPUIPlugin
2025-03-12 11:05:56,916 [INFO] IPUIPlugin:80 - create IPUIPlugin
2025-03-12 11:05:56,916 [INFO] IPUIPlugin:80 - create IPUIPlugin
2025-03-12 11:05:56,916 [INFO] IPUIPlugin:80 - create IPUIPlugin
2025-03-12 11:05:56,916 [INFO] IPUIPlugin:80 - create IPUIPlugin
2025-03-12 11:05:56,916 [INFO] IPUIPlugin:80 - create IPUIPlugin
2025-03-12 11:05:56,916 [INFO] IPUIPlugin:80 - create IPUIPlugin
2025-03-12 11:05:56,916 [INFO] IPUIPlugin:80 - create IPUIPlugin
2025-03-12 11:05:56,916 [INFO] IPUIPlugin:80 - create IPUIPlugin
2025-03-12 11:05:56,916 [INFO] IPUIPlugin:80 - create IPUIPlugin
2025-03-12 11:05:56,916 [INFO] IPUIPlugin:80 - create IPUIPlugin
2025-03-12 11:05:56,916 [INFO] IPUIPlugin:80 - create IPUIPlugin
2025-03-12 11:05:56,916 [INFO] IPUIPlugin:80 - create IPUIPlugin
2025-03-12 11:05:56,917 [INFO] IPUIPlugin:80 - create IPUIPlugin
2025-03-12 11:05:56,917 [INFO] IPUIPlugin:80 - create IPUIPlugin
2025-03-12 11:05:56,917 [INFO] IPUIPlugin:80 - create IPUIPlugin
2025-03-12 11:05:56,917 [INFO] IPUIPlugin:80 - create IPUIPlugin
2025-03-12 11:05:56,917 [INFO] IPUIPlugin:80 - create IPUIPlugin
2025-03-12 11:05:56,917 [INFO] IPUIPlugin:80 - create IPUIPlugin
2025-03-12 11:05:56,917 [INFO] IPUIPlugin:80 - create IPUIPlugin
2025-03-12 11:05:56,917 [INFO] IPUIPlugin:80 - create IPUIPlugin
2025-03-12 11:05:56,918 [INFO] IPUIPlugin:80 - create IPUIPlugin
2025-03-12 11:05:57,169 [INFO] CADModel:165 - CPN selected for project levelSTM32F103C8T6
2025-03-12 11:05:57,169 [INFO] CADModel:114 - Register for checkConnection events
2025-03-12 11:05:57,227 [INFO] OpenFileManager:363 - Restore cursor
2025-03-12 11:05:57,652 [INFO] UtilMem:75 - End SaveConfig() Used Memory: 680135696 Bytes (1073741824)
2025-03-12 11:05:57,719 [INFO] UtilMem:75 - End SaveConfig() Used Memory: 694291472 Bytes (1073741824)
2025-03-12 11:05:58,044 [INFO] BlockDiagram:2766 - set Specific Code input for plugin: NVIC
2025-03-12 11:05:58,045 [INFO] BlockDiagram:2766 - set Specific Code input for plugin: RCC
2025-03-12 11:05:58,047 [INFO] CodeGenerator:807 - code generatio: config db path: C:\ST\STM32CubeIDE_1.16.1\STM32CubeIDE\plugins\com.st.stm32cube.common.mx_6.12.1.202409122256\\db\
2025-03-12 11:05:58,214 [INFO] CodeEngine:255 - oldGeneratedFile, C:\Users\RND1\STM32CubeIDE\workspace_1.16.1\f103_fw_ex_vs2\MXTmpFiles\license.tmp_save
2025-03-12 11:05:58,472 [INFO] CodeEngine:279 - Generated code: C:\Users\RND1\STM32CubeIDE\workspace_1.16.1\f103_fw_ex_vs2\MXTmpFiles\license.tmp
2025-03-12 11:05:58,496 [INFO] CodeEngine:255 - oldGeneratedFile, C:\Users\RND1\STM32CubeIDE\workspace_1.16.1\f103_fw_ex_vs2\Core\Src\stm32f1xx_it.c_save
2025-03-12 11:05:58,650 [INFO] CodeEngine:279 - Generated code: C:\Users\RND1\STM32CubeIDE\workspace_1.16.1\f103_fw_ex_vs2\Core\Src\stm32f1xx_it.c
2025-03-12 11:05:58,663 [INFO] CodeEngine:255 - oldGeneratedFile, C:\Users\RND1\STM32CubeIDE\workspace_1.16.1\f103_fw_ex_vs2\Core\Inc\stm32f1xx_it.h_save
2025-03-12 11:05:58,739 [INFO] CodeEngine:279 - Generated code: C:\Users\RND1\STM32CubeIDE\workspace_1.16.1\f103_fw_ex_vs2\Core\Inc\stm32f1xx_it.h
2025-03-12 11:05:58,996 [INFO] CodeEngine:255 - oldGeneratedFile, C:\Users\RND1\STM32CubeIDE\workspace_1.16.1\f103_fw_ex_vs2\Core\Src\stm32f1xx_hal_msp.c_save
2025-03-12 11:05:59,107 [INFO] CodeEngine:279 - Generated code: C:\Users\RND1\STM32CubeIDE\workspace_1.16.1\f103_fw_ex_vs2\Core\Src\stm32f1xx_hal_msp.c
2025-03-12 11:05:59,111 [INFO] CodeEngine:255 - oldGeneratedFile, C:\Users\RND1\STM32CubeIDE\workspace_1.16.1\f103_fw_ex_vs2\MXTmpFiles\system.tmp_save
2025-03-12 11:05:59,172 [INFO] CodeEngine:279 - Generated code: C:\Users\RND1\STM32CubeIDE\workspace_1.16.1\f103_fw_ex_vs2\MXTmpFiles\system.tmp
2025-03-12 11:05:59,190 [INFO] CodeEngine:311 - oldGeneratedFile, C:\Users\RND1\STM32CubeIDE\workspace_1.16.1\f103_fw_ex_vs2\Core\Inc\stm32f1xx_hal_conf.h_save
2025-03-12 11:05:59,263 [INFO] CodeEngine:335 - Generated code: C:\Users\RND1\STM32CubeIDE\workspace_1.16.1\f103_fw_ex_vs2\Core\Inc\stm32f1xx_hal_conf.h
2025-03-12 11:05:59,311 [INFO] CodeEngine:255 - oldGeneratedFile, C:\Users\RND1\STM32CubeIDE\workspace_1.16.1\f103_fw_ex_vs2\Core\Inc\main.h_save
2025-03-12 11:05:59,391 [INFO] CodeEngine:279 - Generated code: C:\Users\RND1\STM32CubeIDE\workspace_1.16.1\f103_fw_ex_vs2\Core\Inc\main.h
2025-03-12 11:05:59,402 [INFO] CodeEngine:255 - oldGeneratedFile, C:\Users\RND1\STM32CubeIDE\workspace_1.16.1\f103_fw_ex_vs2\Core\Src\main.c_save
2025-03-12 11:05:59,519 [INFO] CodeEngine:279 - Generated code: C:\Users\RND1\STM32CubeIDE\workspace_1.16.1\f103_fw_ex_vs2\Core\Src\main.c
2025-03-12 11:05:59,721 [INFO] ProjectBuilder:3249 - Time for Copy HAL[1] : 90mS.
2025-03-12 11:05:59,725 [INFO] ProjectBuilder:4828 - Project Generator version: 4.5.0-B34
2025-03-12 11:05:59,794 [INFO] ConfigFileManager:1531 - The Die is : DIE410
2025-03-12 11:05:59,810 [INFO] ApiDbMcu:508 - Load IP Config File for FATFS
2025-03-12 11:05:59,826 [INFO] ApiDbMcu:508 - Load IP Config File for FREERTOS
2025-03-12 11:05:59,838 [INFO] ApiDbMcu:508 - Load IP Config File for USB_DEVICE
2025-03-12 11:06:00,416 [INFO] LogOutputStream:77 - [STDOUT_REDIRECT] 
2025-03-12 11:06:02,131 [INFO] ProjectBuilder:5097 - Time for Generating toolchain IDE Files: 2406mS.
2025-03-12 11:06:02,133 [INFO] ProjectBuilder:3107 - Time for Copy CMSIS : 1mS.
2025-03-12 11:06:02,136 [INFO] ProjectBuilder:3107 - Time for Copy CMSIS : 0mS.
2025-03-12 11:06:03,198 [INFO] McuFinderGlobals:76 - Set McuFinderConnectedMode to true
2025-03-12 11:06:03,202 [INFO] ApiDb:448 - Save user favorites file C:\Users\RND1/.stm32cubeide/favorites.mcus.txt: 0 item(s)
2025-03-12 11:06:03,202 [INFO] ApiDb:452 - User favorites MCUs=[]
2025-03-12 11:06:58,815 [ERROR] ConfigurationRetriever:142 - IOException on connection: Read timed out
