2024-12-23 15:54:22,058 [INFO] Activator:176 - 


2024-12-23 15:54:22,062 [INFO] Activator:177 - !SESSION log4j initialized
2024-12-23 15:54:26,441 [INFO] LogOutputStream:77 - [STDOUT_REDIRECT] 
2024-12-23 15:54:28,845 [INFO] ApplicationProperties:184 - Using Application install path: C:\ST\STM32CubeIDE_1.16.1\STM32CubeIDE\plugins\com.st.stm32cube.common.mx_6.12.1.202409122256
2024-12-23 15:54:28,857 [INFO] DbMcusXml:78 - Set database path to: C:\ST\STM32CubeIDE_1.16.1\STM32CubeIDE\plugins\com.st.stm32cube.common.mx_6.12.1.202409122256\\db\/mcu/
2024-12-23 15:54:28,858 [INFO] ApiDb:274 - Set plugin database path to: C:\ST\STM32CubeIDE_1.16.1\STM32CubeIDE\plugins\com.st.stm32cube.common.mx_6.12.1.202409122256\\db\/plugins/boardmanager/
2024-12-23 15:54:28,858 [WARN] ApiDb:259 - Overriding images path with different value:  => C:\ST\STM32CubeIDE_1.16.1\STM32CubeIDE\plugins\com.st.stm32cube.common.mx_6.12.1.202409122256\\db\/plugins/mcufinder/images/
2024-12-23 15:54:28,868 [INFO] ApiDb:250 - Set database path to: C:\Users\RND1\.stmcufinder\plugins\mcufinder//mcu/
2024-12-23 15:54:28,869 [INFO] DbMcusAds:125 - Set database path to: C:\Users\RND1\.stmcufinder\plugins\mcufinder//mcu/
2024-12-23 15:54:28,871 [INFO] CrossReferenceDbSqlite:203 - Set database path to: C:\Users\RND1\.stmcufinder\plugins\mcufinder//mcu/cs/
2024-12-23 15:54:28,951 [INFO] RulesReader:64 - Compatibility file has been processed (297 Rules)
2024-12-23 15:54:29,006 [INFO] DbMcusXml:78 - Set database path to: C:\ST\STM32CubeIDE_1.16.1\STM32CubeIDE\plugins\com.st.stm32cube.common.mx_6.12.1.202409122256\\db\/mcu/
2024-12-23 15:54:29,007 [INFO] ApiDb:274 - Set plugin database path to: C:\ST\STM32CubeIDE_1.16.1\STM32CubeIDE\plugins\com.st.stm32cube.common.mx_6.12.1.202409122256\\db\/plugins/boardmanager/
2024-12-23 15:54:29,007 [INFO] ApiDb:261 - Set plugin images path to: C:\ST\STM32CubeIDE_1.16.1\STM32CubeIDE\plugins\com.st.stm32cube.common.mx_6.12.1.202409122256\\db\/plugins/mcufinder/images/
2024-12-23 15:54:29,007 [WARN] DbFile:41 - Overriding database path with different value: C:\Users\RND1\.stmcufinder\plugins\mcufinder/ => C:\Users\RND1\.stmcufinder\plugins\mcufinder
2024-12-23 15:54:29,007 [INFO] ApiDb:250 - Set database path to: C:\Users\RND1\.stmcufinder\plugins\mcufinder//mcu/
2024-12-23 15:54:29,007 [WARN] DbFile:41 - Overriding database path with different value: C:\Users\RND1\.stmcufinder\plugins\mcufinder/ => C:\Users\RND1\.stmcufinder\plugins\mcufinder
2024-12-23 15:54:29,007 [INFO] DbMcusAds:125 - Set database path to: C:\Users\RND1\.stmcufinder\plugins\mcufinder//mcu/
2024-12-23 15:54:29,007 [WARN] DbFile:41 - Overriding database path with different value: C:\Users\RND1\.stmcufinder\plugins\mcufinder/ => C:\Users\RND1\.stmcufinder\plugins\mcufinder
2024-12-23 15:54:29,007 [WARN] DbFile:41 - Overriding database path with different value: C:\Users\RND1\.stmcufinder\plugins\mcufinder/ => C:\Users\RND1\.stmcufinder\plugins\mcufinder
2024-12-23 15:54:29,007 [INFO] CrossReferenceDbSqlite:203 - Set database path to: C:\Users\RND1\.stmcufinder\plugins\mcufinder//mcu/cs/
2024-12-23 15:54:29,064 [INFO] MainPanel:268 - HeapMemory: 268435456
2024-12-23 15:54:29,137 [INFO] DbMcusXml:78 - Set database path to: C:\ST\STM32CubeIDE_1.16.1\STM32CubeIDE\plugins\com.st.stm32cube.common.mx_6.12.1.202409122256\\db\/mcu/
2024-12-23 15:54:29,137 [INFO] ApiDb:274 - Set plugin database path to: C:\ST\STM32CubeIDE_1.16.1\STM32CubeIDE\plugins\com.st.stm32cube.common.mx_6.12.1.202409122256\\db\/plugins/boardmanager/
2024-12-23 15:54:29,137 [INFO] ApiDb:261 - Set plugin images path to: C:\ST\STM32CubeIDE_1.16.1\STM32CubeIDE\plugins\com.st.stm32cube.common.mx_6.12.1.202409122256\\db\/plugins/mcufinder/images/
2024-12-23 15:54:29,137 [WARN] DbFile:41 - Overriding database path with different value: C:\Users\RND1\.stmcufinder\plugins\mcufinder/ => C:\Users\RND1\.stmcufinder\plugins\mcufinder
2024-12-23 15:54:29,137 [INFO] ApiDb:250 - Set database path to: C:\Users\RND1\.stmcufinder\plugins\mcufinder//mcu/
2024-12-23 15:54:29,137 [WARN] DbFile:41 - Overriding database path with different value: C:\Users\RND1\.stmcufinder\plugins\mcufinder/ => C:\Users\RND1\.stmcufinder\plugins\mcufinder
2024-12-23 15:54:29,137 [INFO] DbMcusAds:125 - Set database path to: C:\Users\RND1\.stmcufinder\plugins\mcufinder//mcu/
2024-12-23 15:54:29,137 [WARN] DbFile:41 - Overriding database path with different value: C:\Users\RND1\.stmcufinder\plugins\mcufinder/ => C:\Users\RND1\.stmcufinder\plugins\mcufinder
2024-12-23 15:54:29,137 [WARN] DbFile:41 - Overriding database path with different value: C:\Users\RND1\.stmcufinder\plugins\mcufinder/ => C:\Users\RND1\.stmcufinder\plugins\mcufinder
2024-12-23 15:54:29,137 [INFO] CrossReferenceDbSqlite:203 - Set database path to: C:\Users\RND1\.stmcufinder\plugins\mcufinder//mcu/cs/
2024-12-23 15:54:29,150 [INFO] ApplicationProperties:184 - Using Application install path: C:\ST\STM32CubeIDE_1.16.1\STM32CubeIDE\plugins\com.st.stm32cube.common.mx_6.12.1.202409122256
2024-12-23 15:54:29,151 [INFO] PluginManage:196 - Search for loadable plugins [exclusion list=, ]
2024-12-23 15:54:29,152 [INFO] PluginManage:310 - Check plugin analytics
2024-12-23 15:54:29,284 [INFO] AnalyticsPlugin:253 - Accepted Software Licenses: STM32CubeMX.6.10.0
2024-12-23 15:54:29,285 [INFO] AnalyticsPlugin:255 - Accepted CMSIS Pack Licenses: 
2024-12-23 15:54:29,285 [INFO] AnalyticsPlugin:257 - Accepted Firmware Licenses: FW.G4.1.5.0,FW.G4.1.6.0
2024-12-23 15:54:29,287 [INFO] PluginManage:359 - Loaded plugin analytics (category:tool,tabindex:-1)
2024-12-23 15:54:29,287 [INFO] PluginManage:310 - Check plugin cadmodel
2024-12-23 15:54:29,302 [INFO] CADModel:105 - Init CAD model plugin
2024-12-23 15:54:29,302 [INFO] PluginManage:359 - Loaded plugin cadmodel (category:power,tabindex:5)
2024-12-23 15:54:29,302 [INFO] PluginManage:310 - Check plugin clock
2024-12-23 15:54:29,317 [INFO] PluginManage:359 - Loaded plugin clock (category:base,tabindex:2)
2024-12-23 15:54:29,317 [INFO] PluginManage:310 - Check plugin ddr
2024-12-23 15:54:29,319 [INFO] PluginManage:359 - Loaded plugin ddr (category:tool,tabindex:6)
2024-12-23 15:54:29,319 [INFO] PluginManage:310 - Check plugin filemanager
2024-12-23 15:54:29,428 [INFO] PluginManage:359 - Loaded plugin filemanager (category:base,tabindex:10)
2024-12-23 15:54:29,428 [INFO] PluginManage:310 - Check plugin ipmanager
2024-12-23 15:54:29,434 [INFO] PluginManage:359 - Loaded plugin ipmanager (category:base,tabindex:5)
2024-12-23 15:54:29,434 [INFO] PluginManage:310 - Check plugin lpbam
2024-12-23 15:54:29,448 [INFO] PluginManage:359 - Loaded plugin lpbam (category:base,tabindex:0)
2024-12-23 15:54:29,448 [INFO] PluginManage:310 - Check plugin memorymap
2024-12-23 15:54:29,465 [INFO] PluginManage:359 - Loaded plugin memorymap (category:base,tabindex:4)
2024-12-23 15:54:29,466 [INFO] PluginManage:310 - Check plugin pinoutandconfiguration
2024-12-23 15:54:29,479 [INFO] PluginManage:359 - Loaded plugin pinoutandconfiguration (category:base,tabindex:1)
2024-12-23 15:54:29,479 [INFO] PluginManage:310 - Check plugin pinoutconfig
2024-12-23 15:54:29,547 [WARN] SupportedApi:132 - Cannot load RTOS API schema: s4s-elt-must-match.1: The content of 'definitions' must match (annotation?, (simpleType | complexType)?, (unique | key | keyref)*)). A problem was found starting at: attribute.
2024-12-23 15:54:29,632 [INFO] PluginManage:359 - Loaded plugin pinoutconfig (category:base,tabindex:0)
2024-12-23 15:54:29,633 [INFO] PluginManage:310 - Check plugin power
2024-12-23 15:54:29,647 [INFO] PluginManage:359 - Loaded plugin power (category:power,tabindex:4)
2024-12-23 15:54:29,647 [INFO] PluginManage:310 - Check plugin projectmanager
2024-12-23 15:54:29,658 [INFO] PluginManage:359 - Loaded plugin projectmanager (category:projectmanager,tabindex:4)
2024-12-23 15:54:29,658 [INFO] PluginManage:310 - Check plugin rif
2024-12-23 15:54:29,670 [INFO] PluginManage:359 - Loaded plugin rif (category:base,tabindex:3)
2024-12-23 15:54:29,670 [INFO] PluginManage:310 - Check plugin thirdparty
2024-12-23 15:54:29,861 [INFO] PluginManage:359 - Loaded plugin thirdparty (category:base,tabindex:-1)
2024-12-23 15:54:29,861 [INFO] PluginManage:310 - Check plugin tools
2024-12-23 15:54:29,861 [WARN] IntegrityCheckThread:84 - waiting for thirdparty lock release [integrity check]
2024-12-23 15:54:29,862 [INFO] IntegrityCheckThread:86 - entering critical section [integrity check]
2024-12-23 15:54:29,862 [INFO] ThirdPartyUpdaterWithRetryManager:70 - Updater plugin not ready yet. [1/15]
2024-12-23 15:54:29,888 [INFO] PluginManage:359 - Loaded plugin tools (category:base,tabindex:7)
2024-12-23 15:54:29,888 [INFO] PluginManage:310 - Check plugin tutovideos
2024-12-23 15:54:30,019 [INFO] PluginManage:359 - Loaded plugin tutovideos (category:base,tabindex:-1)
2024-12-23 15:54:30,019 [INFO] PluginManage:310 - Check plugin updater
2024-12-23 15:54:30,033 [INFO] PluginManage:359 - Loaded plugin updater (category:base,tabindex:12)
2024-12-23 15:54:30,033 [INFO] PluginManage:310 - Check plugin userauth
2024-12-23 15:54:30,037 [INFO] UserAuth:113 - Init User Auth plugin
2024-12-23 15:54:30,038 [INFO] PluginManage:359 - Loaded plugin userauth (category:base,tabindex:14)
2024-12-23 15:54:30,038 [INFO] PluginManage:283 - PluginManage : Loaded plugins [18]
2024-12-23 15:54:30,182 [INFO] PinOutPanel:1561 - setPackage(No Configuration,No Configuration)
2024-12-23 15:54:30,237 [INFO] CADModel:165 - CPN selected for project level
2024-12-23 15:54:30,237 [INFO] CADModel:114 - Register for checkConnection events
2024-12-23 15:54:30,256 [INFO] IPUIPlugin:80 - create IPUIPlugin
2024-12-23 15:54:30,256 [INFO] PluginManager:220 - loadIPPluginJar : add adc
2024-12-23 15:54:30,284 [INFO] IPUIPlugin:80 - create IPUIPlugin
2024-12-23 15:54:30,284 [INFO] PluginManager:220 - loadIPPluginJar : add aes
2024-12-23 15:54:30,312 [INFO] IPUIPlugin:80 - create IPUIPlugin
2024-12-23 15:54:30,312 [INFO] PluginManager:220 - loadIPPluginJar : add can
2024-12-23 15:54:30,331 [INFO] IPUIPlugin:80 - create IPUIPlugin
2024-12-23 15:54:30,331 [INFO] PluginManager:220 - loadIPPluginJar : add comp
2024-12-23 15:54:30,354 [INFO] IPUIPlugin:80 - create IPUIPlugin
2024-12-23 15:54:30,354 [INFO] PluginManager:220 - loadIPPluginJar : add cryp
2024-12-23 15:54:30,365 [INFO] IPUIPlugin:80 - create IPUIPlugin
2024-12-23 15:54:30,365 [INFO] PluginManager:220 - loadIPPluginJar : add ddr_ctrl_phy
2024-12-23 15:54:30,387 [INFO] IPUIPlugin:80 - create IPUIPlugin
2024-12-23 15:54:30,387 [INFO] PluginManager:220 - loadIPPluginJar : add dfsdm
2024-12-23 15:54:30,397 [INFO] IPUIPlugin:80 - create IPUIPlugin
2024-12-23 15:54:30,397 [INFO] PluginManager:220 - loadIPPluginJar : add dma
2024-12-23 15:54:30,426 [INFO] IPUIPlugin:80 - create IPUIPlugin
2024-12-23 15:54:30,426 [INFO] PluginManager:220 - loadIPPluginJar : add dma3
2024-12-23 15:54:30,455 [INFO] IPUIPlugin:80 - create IPUIPlugin
2024-12-23 15:54:30,455 [INFO] PluginManager:220 - loadIPPluginJar : add extmemmanager
2024-12-23 15:54:30,469 [INFO] IPUIPlugin:80 - create IPUIPlugin
2024-12-23 15:54:30,469 [INFO] PluginManager:220 - loadIPPluginJar : add fatfs
2024-12-23 15:54:30,501 [INFO] IPUIPlugin:80 - create IPUIPlugin
2024-12-23 15:54:30,501 [INFO] PluginManager:220 - loadIPPluginJar : add fmc
2024-12-23 15:54:30,511 [INFO] IPUIPlugin:80 - create IPUIPlugin
2024-12-23 15:54:30,511 [INFO] PluginManager:220 - loadIPPluginJar : add freertos
2024-12-23 15:54:30,525 [INFO] IPUIPlugin:80 - create IPUIPlugin
2024-12-23 15:54:30,525 [INFO] PluginManager:220 - loadIPPluginJar : add genericplugin
2024-12-23 15:54:30,584 [INFO] IPUIPlugin:80 - create IPUIPlugin
2024-12-23 15:54:30,584 [INFO] PluginManager:220 - loadIPPluginJar : add gfxmmu
2024-12-23 15:54:30,667 [INFO] IPUIPlugin:80 - create IPUIPlugin
2024-12-23 15:54:30,667 [INFO] PluginManager:220 - loadIPPluginJar : add gic
2024-12-23 15:54:30,675 [INFO] IPUIPlugin:80 - create IPUIPlugin
2024-12-23 15:54:30,675 [INFO] PluginManager:220 - loadIPPluginJar : add gpio
2024-12-23 15:54:30,735 [INFO] IPUIPlugin:80 - create IPUIPlugin
2024-12-23 15:54:30,736 [INFO] PluginManager:220 - loadIPPluginJar : add gtzc
2024-12-23 15:54:30,757 [INFO] IPUIPlugin:80 - create IPUIPlugin
2024-12-23 15:54:30,758 [INFO] PluginManager:220 - loadIPPluginJar : add hash
2024-12-23 15:54:30,795 [INFO] IPUIPlugin:80 - create IPUIPlugin
2024-12-23 15:54:30,795 [INFO] PluginManager:220 - loadIPPluginJar : add i2c
2024-12-23 15:54:30,824 [INFO] IPUIPlugin:80 - create IPUIPlugin
2024-12-23 15:54:30,825 [INFO] PluginManager:220 - loadIPPluginJar : add i2s
2024-12-23 15:54:30,855 [INFO] IPUIPlugin:80 - create IPUIPlugin
2024-12-23 15:54:30,855 [INFO] PluginManager:220 - loadIPPluginJar : add i3c
2024-12-23 15:54:30,932 [INFO] IPUIPlugin:80 - create IPUIPlugin
2024-12-23 15:54:30,933 [INFO] PluginManager:220 - loadIPPluginJar : add ipddr
2024-12-23 15:54:31,001 [INFO] IPUIPlugin:80 - create IPUIPlugin
2024-12-23 15:54:31,002 [INFO] PluginManager:220 - loadIPPluginJar : add linkedlist
2024-12-23 15:54:31,027 [INFO] IPUIPlugin:80 - create IPUIPlugin
2024-12-23 15:54:31,028 [INFO] PluginManager:220 - loadIPPluginJar : add lorawan
2024-12-23 15:54:31,055 [INFO] IPUIPlugin:80 - create IPUIPlugin
2024-12-23 15:54:31,056 [INFO] PluginManager:220 - loadIPPluginJar : add ltdc
2024-12-23 15:54:31,066 [INFO] IPUIPlugin:80 - create IPUIPlugin
2024-12-23 15:54:31,067 [INFO] PluginManager:220 - loadIPPluginJar : add mdma
2024-12-23 15:54:31,076 [INFO] IPUIPlugin:80 - create IPUIPlugin
2024-12-23 15:54:31,077 [INFO] PluginManager:220 - loadIPPluginJar : add nvic
2024-12-23 15:54:31,104 [INFO] IPUIPlugin:80 - create IPUIPlugin
2024-12-23 15:54:31,104 [INFO] PluginManager:220 - loadIPPluginJar : add opamp
2024-12-23 15:54:31,150 [INFO] IPUIPlugin:80 - create IPUIPlugin
2024-12-23 15:54:31,150 [INFO] PluginManager:220 - loadIPPluginJar : add openamp
2024-12-23 15:54:31,182 [INFO] IPUIPlugin:80 - create IPUIPlugin
2024-12-23 15:54:31,182 [INFO] PluginManager:220 - loadIPPluginJar : add pdm2pcm
2024-12-23 15:54:31,193 [INFO] IPUIPlugin:80 - create IPUIPlugin
2024-12-23 15:54:31,194 [INFO] PluginManager:220 - loadIPPluginJar : add plateformsettings
2024-12-23 15:54:31,212 [INFO] IPUIPlugin:80 - create IPUIPlugin
2024-12-23 15:54:31,212 [INFO] PluginManager:220 - loadIPPluginJar : add quadspi
2024-12-23 15:54:31,230 [INFO] IPUIPlugin:80 - create IPUIPlugin
2024-12-23 15:54:31,231 [INFO] PluginManager:220 - loadIPPluginJar : add radio
2024-12-23 15:54:31,241 [INFO] IPUIPlugin:80 - create IPUIPlugin
2024-12-23 15:54:31,241 [INFO] PluginManager:220 - loadIPPluginJar : add resmgrutility
2024-12-23 15:54:31,274 [INFO] IPUIPlugin:80 - create IPUIPlugin
2024-12-23 15:54:31,274 [INFO] PluginManager:220 - loadIPPluginJar : add sai
2024-12-23 15:54:31,298 [INFO] IPUIPlugin:80 - create IPUIPlugin
2024-12-23 15:54:31,298 [INFO] PluginManager:220 - loadIPPluginJar : add spi
2024-12-23 15:54:31,349 [INFO] IPUIPlugin:80 - create IPUIPlugin
2024-12-23 15:54:31,349 [INFO] PluginManager:220 - loadIPPluginJar : add stm32_wpan
2024-12-23 15:54:31,365 [INFO] IPUIPlugin:80 - create IPUIPlugin
2024-12-23 15:54:31,366 [INFO] PluginManager:220 - loadIPPluginJar : add tim
2024-12-23 15:54:31,405 [INFO] IPUIPlugin:80 - create IPUIPlugin
2024-12-23 15:54:31,406 [INFO] PluginManager:220 - loadIPPluginJar : add touchsensing
2024-12-23 15:54:31,422 [INFO] IPUIPlugin:80 - create IPUIPlugin
2024-12-23 15:54:31,422 [INFO] PluginManager:220 - loadIPPluginJar : add tracer_emb
2024-12-23 15:54:31,439 [INFO] IPUIPlugin:80 - create IPUIPlugin
2024-12-23 15:54:31,439 [INFO] PluginManager:220 - loadIPPluginJar : add ts
2024-12-23 15:54:31,454 [INFO] IPUIPlugin:80 - create IPUIPlugin
2024-12-23 15:54:31,454 [INFO] PluginManager:220 - loadIPPluginJar : add tsc
2024-12-23 15:54:31,469 [INFO] IPUIPlugin:80 - create IPUIPlugin
2024-12-23 15:54:31,469 [INFO] PluginManager:220 - loadIPPluginJar : add ucpd
2024-12-23 15:54:31,498 [INFO] IPUIPlugin:80 - create IPUIPlugin
2024-12-23 15:54:31,498 [INFO] PluginManager:220 - loadIPPluginJar : add usart
2024-12-23 15:54:31,526 [INFO] IPUIPlugin:80 - create IPUIPlugin
2024-12-23 15:54:31,526 [INFO] PluginManager:220 - loadIPPluginJar : add usbx
2024-12-23 15:54:31,631 [INFO] CADModel:165 - CPN selected for project level
2024-12-23 15:54:31,632 [INFO] CADModel:114 - Register for checkConnection events
2024-12-23 15:54:31,632 [FATAL] Updater:334 - Updater called before beeing initialized
2024-12-23 15:54:31,632 [ERROR] CADModel:125 - Updater not yet initialized, retry later 
2024-12-23 15:54:31,716 [INFO] CADModel:165 - CPN selected for project level
2024-12-23 15:54:31,716 [INFO] CADModel:114 - Register for checkConnection events
2024-12-23 15:54:31,716 [FATAL] Updater:334 - Updater called before beeing initialized
2024-12-23 15:54:31,716 [ERROR] CADModel:125 - Updater not yet initialized, retry later 
2024-12-23 15:54:31,719 [FATAL] Updater:334 - Updater called before beeing initialized
2024-12-23 15:54:31,788 [FATAL] Updater:334 - Updater called before beeing initialized
2024-12-23 15:54:31,796 [INFO] DbMcusAds:53 - JSON generation date=Fri Sep 20 22:04:38 KST 2024 (1726837478367)
2024-12-23 15:54:31,796 [FATAL] Updater:334 - Updater called before beeing initialized
2024-12-23 15:54:31,821 [WARN] DetailPanel:346 - Failed to get advertising image, set to default
2024-12-23 15:54:31,879 [FATAL] Updater:334 - Updater called before beeing initialized
2024-12-23 15:54:31,881 [FATAL] Updater:334 - Updater called before beeing initialized
2024-12-23 15:54:31,881 [FATAL] Updater:334 - Updater called before beeing initialized
2024-12-23 15:54:31,881 [WARN] DetailPanel:346 - Failed to get advertising image, set to default
2024-12-23 15:54:31,882 [FATAL] Updater:334 - Updater called before beeing initialized
2024-12-23 15:54:31,924 [ERROR] Updater:1164 - MainUpdater not yet initialized. External WinMGr cannot be set.
2024-12-23 15:54:31,932 [INFO] Updater:1100 - Updater Version found : 6.12.1
2024-12-23 15:54:31,946 [INFO] ApplicationProperties:184 - Using Application install path: C:\ST\STM32CubeIDE_1.16.1\STM32CubeIDE\plugins\com.st.stm32cube.common.mx_6.12.1.202409122256
2024-12-23 15:54:32,559 [INFO] MainUpdater:2873 - connection check result : 10
2024-12-23 15:54:32,559 [INFO] MainUpdater:3567 - Updater definition file requires update
2024-12-23 15:54:32,560 [INFO] MainUpdater:290 - Updater Check For Update Now.
2024-12-23 15:54:32,560 [INFO] MicroXplorer:498 - Change Database Version : DB.6.0.121
2024-12-23 15:54:32,572 [INFO] McuFinderGlobals:63 - Set McuFinder mode to 2 (CubeIDE integrated)
2024-12-23 15:54:32,575 [INFO] UserAuth:417 - Internet connection configuration mode: 1
2024-12-23 15:54:32,593 [INFO] JxBrowserEngine:152 - Initiate JxBrowser Engine with user profile folder
2024-12-23 15:54:32,734 [INFO] ServerAccessManage:473 - Download File updaters.zip
2024-12-23 15:54:32,865 [WARN] MainUpdater:1194 - Updater busy. Cannot search thirdparties
2024-12-23 15:54:32,865 [INFO] ThirdPartyUpdaterWithRetryManager:96 - Updater plugin is busy. [1/15]
2024-12-23 15:54:33,058 [INFO] FileExtend:240 - Unzip File : updaters.zip
2024-12-23 15:54:33,058 [INFO] FileExtend:255 - Standard Zip Deflate
2024-12-23 15:54:33,574 [INFO] ServerAccessManage:473 - Download File PacksControlFlags.xml
2024-12-23 15:54:33,795 [INFO] ServerAccessManage:473 - Download File cubemx.pidx
2024-12-23 15:54:33,864 [INFO] LoadServerUpdatesThread:375 - End of LoadServerUpdate Thread
2024-12-23 15:54:34,028 [INFO] CheckServerUpdateThread:120 - End of CheckServer Thread
2024-12-23 15:54:36,011 [WARN] PackLoader:240 - Cannot read IP mode file for STMicroelectronics.FP-SNS-MOTENVWB1.1.4.0
2024-12-23 15:54:36,022 [WARN] PackLoader:240 - Cannot read IP mode file for STMicroelectronics.FP-ATR-ASTRA1.2.0.1
2024-12-23 15:54:36,032 [WARN] PackLoader:240 - Cannot read IP mode file for STMicroelectronics.X-CUBE-SMBUS.2.1.0
2024-12-23 15:54:36,044 [WARN] PackLoader:240 - Cannot read IP mode file for STMicroelectronics.X-CUBE-WB05N.1.1.0
2024-12-23 15:54:36,053 [WARN] PackLoader:240 - Cannot read IP mode file for STMicroelectronics.X-CUBE-TOUCHGFX.4.23.0
2024-12-23 15:54:36,062 [WARN] PackLoader:240 - Cannot read IP mode file for STMicroelectronics.X-CUBE-TOUCHGFX.4.23.2
2024-12-23 15:54:36,091 [WARN] PackLoader:240 - Cannot read IP mode file for STMicroelectronics.X-CUBE-AZRTOS-F7.1.1.0
2024-12-23 15:54:36,105 [WARN] PackLoader:240 - Cannot read IP mode file for STMicroelectronics.FP-SNS-MOTENV1.4.3.2
2024-12-23 15:54:36,152 [WARN] PackLoader:240 - Cannot read IP mode file for STMicroelectronics.X-CUBE-MEMS1.11.0.0
2024-12-23 15:54:36,242 [WARN] PackLoader:240 - Cannot read IP mode file for STMicroelectronics.FP-SNS-FLIGHT1.5.0.2
2024-12-23 15:54:36,258 [WARN] PackLoader:240 - Cannot read IP mode file for STMicroelectronics.X-CUBE-DISPLAY.3.0.0
2024-12-23 15:54:36,272 [WARN] PackLoader:240 - Cannot read IP mode file for STMicroelectronics.X-CUBE-BLE1.7.0.0
2024-12-23 15:54:36,284 [WARN] PackLoader:240 - Cannot read IP mode file for STMicroelectronics.X-CUBE-NFC10.1.0.0
2024-12-23 15:54:36,298 [WARN] PackLoader:240 - Cannot read IP mode file for STMicroelectronics.X-CUBE-BLEMGR.4.0.0
2024-12-23 15:54:36,313 [WARN] PackLoader:240 - Cannot read IP mode file for emotas.I-CUBE-CANOPEN.1.3.0
2024-12-23 15:54:36,327 [WARN] PackLoader:240 - Cannot read IP mode file for STMicroelectronics.X-CUBE-BLEMGR.3.1.0
2024-12-23 15:54:36,339 [WARN] PackLoader:240 - Cannot read IP mode file for STMicroelectronics.FP-SNS-SMARTAG2.1.2.0
2024-12-23 15:54:36,456 [WARN] PackLoader:240 - Cannot read IP mode file for STMicroelectronics.X-CUBE-MEMS1.11.1.0
2024-12-23 15:54:36,558 [INFO] LogOutputStream:77 - [STDOUT_REDIRECT] 1 : Invalid condition id : UX_CORESTACK_Condition cause : null
2024-12-23 15:54:36,558 [INFO] LogOutputStream:77 - [STDOUT_REDIRECT] 1 : Invalid condition id : UX_CORESTACK_Condition cause : null
2024-12-23 15:54:36,559 [INFO] LogOutputStream:77 - [STDOUT_REDIRECT] 1 : Invalid condition id : UX_CORESTACK_Condition cause : null
2024-12-23 15:54:36,561 [INFO] LogOutputStream:77 - [STDOUT_REDIRECT] 1 : Invalid condition id : UX_CORESTACK_Condition cause : null
2024-12-23 15:54:36,562 [INFO] LogOutputStream:77 - [STDOUT_REDIRECT] 1 : Invalid condition id : UX_CORESTACK_Condition cause : null
2024-12-23 15:54:36,563 [WARN] PackLoader:240 - Cannot read IP mode file for STMicroelectronics.X-CUBE-AZRTOS-WL.2.0.0
2024-12-23 15:54:36,574 [WARN] PackLoader:240 - Cannot read IP mode file for STMicroelectronics.FP-SNS-MOTENV1.5.0.0
2024-12-23 15:54:36,585 [WARN] PackLoader:240 - Cannot read IP mode file for wolfSSL.I-CUBE-wolfMQTT.1.19.0
2024-12-23 15:54:36,596 [WARN] PackLoader:240 - Cannot read IP mode file for WES.I-CUBE-Cesium.1.3.0
2024-12-23 15:54:36,606 [WARN] PackLoader:240 - Cannot read IP mode file for STMicroelectronics.X-CUBE-BLE2.3.3.0
2024-12-23 15:54:36,617 [WARN] PackLoader:240 - Cannot read IP mode file for STMicroelectronics.X-CUBE-NFC9.1.0.0
2024-12-23 15:54:36,628 [WARN] PackLoader:240 - Cannot read IP mode file for STMicroelectronics.X-CUBE-TCPP.4.1.0
2024-12-23 15:54:36,641 [WARN] PackLoader:240 - Cannot read IP mode file for STMicroelectronics.X-CUBE-ALGOBUILD.1.3.0
2024-12-23 15:54:36,666 [WARN] PackLoader:240 - Cannot read IP mode file for STMicroelectronics.X-CUBE-AZRTOS-G0.1.1.0
2024-12-23 15:54:36,686 [WARN] PackLoader:240 - Cannot read IP mode file for STMicroelectronics.X-CUBE-SAFEA1.1.2.2
2024-12-23 15:54:36,703 [WARN] PackLoader:240 - Cannot read IP mode file for STMicroelectronics.X-CUBE-NFC4.3.0.0
2024-12-23 15:54:36,716 [WARN] PackLoader:240 - Cannot read IP mode file for wolfSSL.I-CUBE-wolfMQTT.1.18.0
2024-12-23 15:54:36,737 [WARN] PackLoader:240 - Cannot read IP mode file for EmbeddedOffice.I-CUBE-FS-RTOS.1.0.1
2024-12-23 15:54:36,737 [ERROR] ConditionMgr:805 - Attr not supported : Dmpu
2024-12-23 15:54:36,737 [ERROR] ConditionMgr:805 - Attr not supported : Dmpu
2024-12-23 15:54:36,737 [ERROR] ConditionMgr:805 - Attr not supported : Dmpu
2024-12-23 15:54:36,737 [ERROR] ConditionMgr:805 - Attr not supported : Dmpu
2024-12-23 15:54:36,737 [ERROR] ConditionMgr:805 - Attr not supported : Dmpu
2024-12-23 15:54:36,737 [ERROR] ConditionMgr:805 - Attr not supported : Dmpu
2024-12-23 15:54:36,737 [ERROR] ConditionMgr:805 - Attr not supported : Dmpu
2024-12-23 15:54:36,737 [ERROR] ConditionMgr:805 - Attr not supported : Dmpu
2024-12-23 15:54:36,737 [ERROR] ConditionMgr:805 - Attr not supported : Dmpu
2024-12-23 15:54:36,737 [ERROR] ConditionMgr:805 - Attr not supported : Dmpu
2024-12-23 15:54:36,737 [ERROR] ConditionMgr:805 - Attr not supported : Dmpu
2024-12-23 15:54:36,737 [ERROR] ConditionMgr:805 - Attr not supported : Dmpu
2024-12-23 15:54:36,737 [ERROR] ConditionMgr:805 - Attr not supported : Dmpu
2024-12-23 15:54:36,737 [ERROR] ConditionMgr:805 - Attr not supported : Dmpu
2024-12-23 15:54:36,738 [ERROR] ConditionMgr:805 - Attr not supported : Dmpu
2024-12-23 15:54:36,738 [ERROR] ConditionMgr:805 - Attr not supported : Dmpu
2024-12-23 15:54:36,738 [ERROR] ConditionMgr:805 - Attr not supported : Dmpu
2024-12-23 15:54:36,738 [ERROR] ConditionMgr:805 - Attr not supported : Dmpu
2024-12-23 15:54:36,738 [ERROR] ConditionMgr:805 - Attr not supported : Dmpu
2024-12-23 15:54:36,738 [ERROR] ConditionMgr:805 - Attr not supported : Dmpu
2024-12-23 15:54:36,738 [ERROR] ConditionMgr:805 - Attr not supported : Dmpu
2024-12-23 15:54:36,738 [ERROR] ConditionMgr:805 - Attr not supported : Dmpu
2024-12-23 15:54:36,738 [ERROR] ConditionMgr:805 - Attr not supported : Dmpu
2024-12-23 15:54:36,738 [ERROR] ConditionMgr:805 - Attr not supported : Dmpu
2024-12-23 15:54:36,738 [ERROR] ConditionMgr:805 - Attr not supported : Dmpu
2024-12-23 15:54:36,738 [ERROR] ConditionMgr:805 - Attr not supported : Dmpu
2024-12-23 15:54:36,739 [ERROR] ConditionMgr:805 - Attr not supported : Dmpu
2024-12-23 15:54:36,739 [ERROR] ConditionMgr:805 - Attr not supported : Dmpu
2024-12-23 15:54:36,739 [ERROR] ConditionMgr:805 - Attr not supported : Dmpu
2024-12-23 15:54:36,739 [ERROR] ConditionMgr:805 - Attr not supported : Dmpu
2024-12-23 15:54:36,739 [ERROR] ConditionMgr:805 - Attr not supported : Dmpu
2024-12-23 15:54:36,739 [ERROR] ConditionMgr:805 - Attr not supported : Dmpu
2024-12-23 15:54:36,739 [ERROR] ConditionMgr:805 - Attr not supported : Dmpu
2024-12-23 15:54:36,739 [ERROR] ConditionMgr:805 - Attr not supported : Dmpu
2024-12-23 15:54:36,739 [ERROR] ConditionMgr:805 - Attr not supported : Dmpu
2024-12-23 15:54:36,739 [ERROR] ConditionMgr:805 - Attr not supported : Dmpu
2024-12-23 15:54:36,739 [ERROR] ConditionMgr:805 - Attr not supported : Dmpu
2024-12-23 15:54:36,739 [ERROR] ConditionMgr:805 - Attr not supported : Dmpu
2024-12-23 15:54:36,739 [ERROR] ConditionMgr:805 - Attr not supported : Dmpu
2024-12-23 15:54:36,739 [ERROR] ConditionMgr:805 - Attr not supported : Dmpu
2024-12-23 15:54:36,739 [ERROR] ConditionMgr:805 - Attr not supported : Dmpu
2024-12-23 15:54:36,739 [ERROR] ConditionMgr:805 - Attr not supported : Dmpu
2024-12-23 15:54:36,739 [ERROR] ConditionMgr:805 - Attr not supported : Dmpu
2024-12-23 15:54:36,739 [ERROR] ConditionMgr:805 - Attr not supported : Dmpu
2024-12-23 15:54:36,739 [ERROR] ConditionMgr:805 - Attr not supported : Dmpu
2024-12-23 15:54:36,739 [ERROR] ConditionMgr:805 - Attr not supported : Dmpu
2024-12-23 15:54:36,739 [ERROR] ConditionMgr:805 - Attr not supported : Dmpu
2024-12-23 15:54:36,739 [ERROR] ConditionMgr:805 - Attr not supported : Dmpu
2024-12-23 15:54:36,740 [ERROR] ConditionMgr:805 - Attr not supported : Dmpu
2024-12-23 15:54:36,740 [ERROR] ConditionMgr:805 - Attr not supported : Dmpu
2024-12-23 15:54:36,740 [ERROR] ConditionMgr:805 - Attr not supported : Dmpu
2024-12-23 15:54:36,740 [ERROR] ConditionMgr:805 - Attr not supported : Dmpu
2024-12-23 15:54:36,740 [ERROR] ConditionMgr:805 - Attr not supported : Dmpu
2024-12-23 15:54:36,740 [ERROR] ConditionMgr:805 - Attr not supported : Dmpu
2024-12-23 15:54:36,740 [ERROR] ConditionMgr:805 - Attr not supported : Dmpu
2024-12-23 15:54:36,740 [ERROR] ConditionMgr:805 - Attr not supported : Dmpu
2024-12-23 15:54:36,740 [ERROR] ConditionMgr:805 - Attr not supported : Dmpu
2024-12-23 15:54:36,740 [ERROR] ConditionMgr:805 - Attr not supported : Dmpu
2024-12-23 15:54:36,740 [ERROR] ConditionMgr:805 - Attr not supported : Dmpu
2024-12-23 15:54:36,740 [ERROR] ConditionMgr:805 - Attr not supported : Dmpu
2024-12-23 15:54:36,740 [ERROR] ConditionMgr:805 - Attr not supported : Dmpu
2024-12-23 15:54:36,740 [ERROR] ConditionMgr:805 - Attr not supported : Dmpu
2024-12-23 15:54:36,740 [ERROR] ConditionMgr:805 - Attr not supported : Dmpu
2024-12-23 15:54:36,740 [ERROR] ConditionMgr:805 - Attr not supported : Dmpu
2024-12-23 15:54:36,757 [WARN] PackLoader:240 - Cannot read IP mode file for STMicroelectronics.X-CUBE-BLEMGR.3.0.0
2024-12-23 15:54:36,769 [ERROR] Engine:466 - C:\Users\RND1\.stm32cubemx\thirdparties\pdsc\STMicroelectronics.X-CUBE-TCPP.4.2.0.pdsc: PDSC version is not supported
2024-12-23 15:54:36,780 [WARN] PackLoader:240 - Cannot read IP mode file for RealThread.X-CUBE-RT-Thread_Nano.4.1.1
2024-12-23 15:54:36,789 [WARN] PackLoader:240 - Cannot read IP mode file for STMicroelectronics.FP-ATR-SIGFOX1.3.2.0
2024-12-23 15:54:36,797 [WARN] ConditionMgr:438 - getConditionDescription Invalid condition id : Cortex-A Device cause : null
2024-12-23 15:54:36,810 [WARN] ConditionMgr:1039 - genDependencies : Invalid condition id : Cortex-A Device cause : null
2024-12-23 15:54:36,810 [WARN] ConditionMgr:1039 - genDependencies : Invalid condition id : Cortex-A Device cause : null
2024-12-23 15:54:36,810 [WARN] ConditionMgr:1039 - genDependencies : Invalid condition id : Cortex-A Device cause : null
2024-12-23 15:54:36,820 [WARN] PackLoader:240 - Cannot read IP mode file for STMicroelectronics.X-CUBE-EEPRMA1.5.1.0
2024-12-23 15:54:36,845 [WARN] PackLoader:240 - Cannot read IP mode file for SEGGER.I-CUBE-embOS.1.3.1
2024-12-23 15:54:36,873 [WARN] PackLoader:240 - Cannot read IP mode file for STMicroelectronics.X-CUBE-ALGOBUILD.1.4.0
2024-12-23 15:54:36,882 [INFO] WebApp:167 - Instantiating new browser for Auth
2024-12-23 15:54:36,886 [WARN] PackLoader:240 - Cannot read IP mode file for STMicroelectronics.X-CUBE-AI.9.1.0
2024-12-23 15:54:36,903 [WARN] PackLoader:240 - Cannot read IP mode file for STMicroelectronics.X-CUBE-GNSS1.6.0.0
2024-12-23 15:54:36,932 [WARN] PackLoader:240 - Cannot read IP mode file for STMicroelectronics.X-CUBE-AZRTOS-F4.1.1.0
2024-12-23 15:54:36,946 [WARN] PackLoader:240 - Cannot read IP mode file for wolfSSL.I-CUBE-wolfSSL.5.6.4
2024-12-23 15:54:36,960 [WARN] PackLoader:240 - Cannot read IP mode file for STMicroelectronics.X-CUBE-ISPU.2.1.0
2024-12-23 15:54:36,971 [WARN] PackLoader:240 - Cannot read IP mode file for STMicroelectronics.X-CUBE-FREERTOS.1.2.0
2024-12-23 15:54:36,992 [WARN] PackLoader:240 - Cannot read IP mode file for STMicroelectronics.X-CUBE-AZRTOS-L5.2.0.0
2024-12-23 15:54:37,007 [WARN] PackLoader:240 - Cannot read IP mode file for STMicroelectronics.X-CUBE-EEPRMA1.4.2.0
2024-12-23 15:54:37,022 [WARN] PackLoader:240 - Cannot read IP mode file for STMicroelectronics.X-CUBE-NFC6.3.1.0
2024-12-23 15:54:37,037 [WARN] PackLoader:240 - Cannot read IP mode file for ITTIA_DB.I-CUBE-ITTIADB.8.8.0
2024-12-23 15:54:37,051 [WARN] PackLoader:240 - Cannot read IP mode file for STMicroelectronics.X-CUBE-DPower.1.2.0
2024-12-23 15:54:37,063 [WARN] PackLoader:240 - Cannot read IP mode file for STMicroelectronics.X-CUBE-AI.9.0.0
2024-12-23 15:54:37,076 [WARN] PackLoader:240 - Cannot read IP mode file for STMicroelectronics.X-CUBE-FREERTOS.1.3.0
2024-12-23 15:54:37,086 [WARN] PackLoader:240 - Cannot read IP mode file for STMicroelectronics.X-CUBE-NFC7.1.0.1
2024-12-23 15:54:37,099 [WARN] PackLoader:240 - Cannot read IP mode file for STMicroelectronics.X-CUBE-NFC6.3.0.0
2024-12-23 15:54:37,111 [WARN] PackLoader:240 - Cannot read IP mode file for STMicroelectronics.X-CUBE-AI.8.1.0
2024-12-23 15:54:37,130 [WARN] ConditionMgr:438 - getConditionDescription Invalid condition id : LAN8742 Phy interface Condition cause : null
2024-12-23 15:54:37,131 [WARN] PackLoader:240 - Cannot read IP mode file for STMicroelectronics.X-CUBE-AZRTOS-L4.2.0.0
2024-12-23 15:54:37,131 [WARN] ConditionMgr:1039 - genDependencies : Invalid condition id : LAN8742 Phy interface Condition cause : null
2024-12-23 15:54:37,132 [WARN] ConditionMgr:1039 - genDependencies : Invalid condition id : LAN8742 Phy interface Condition cause : null
2024-12-23 15:54:37,132 [WARN] ConditionMgr:1039 - genDependencies : Invalid condition id : LAN8742 Phy interface Condition cause : null
2024-12-23 15:54:37,143 [WARN] PackLoader:240 - Cannot read IP mode file for STMicroelectronics.X-CUBE-SFXS2LP1.4.0.0
2024-12-23 15:54:37,167 [WARN] PackLoader:240 - Cannot read IP mode file for STMicroelectronics.X-CUBE-AZRTOS-H7.3.3.0
2024-12-23 15:54:37,181 [WARN] PackLoader:240 - Cannot read IP mode file for STMicroelectronics.X-CUBE-IPS.3.0.0
2024-12-23 15:54:37,204 [WARN] ConditionMgr:438 - getConditionDescription Invalid condition id : UX DEVICE CLASS RTOS Condition cause : null
2024-12-23 15:54:37,204 [WARN] ConditionMgr:438 - getConditionDescription Invalid condition id : UX DEVICE CLASS RTOS Condition cause : null
2024-12-23 15:54:37,204 [WARN] PackLoader:240 - Cannot read IP mode file for STMicroelectronics.X-CUBE-AZRTOS-WB.2.0.0
2024-12-23 15:54:37,205 [WARN] ConditionMgr:1039 - genDependencies : Invalid condition id : UX DEVICE CLASS RTOS Condition cause : null
2024-12-23 15:54:37,205 [WARN] ConditionMgr:1039 - genDependencies : Invalid condition id : UX DEVICE CLASS RTOS Condition cause : null
2024-12-23 15:54:37,205 [WARN] ConditionMgr:1039 - genDependencies : Invalid condition id : UX DEVICE CLASS RTOS Condition cause : null
2024-12-23 15:54:37,205 [WARN] ConditionMgr:1039 - genDependencies : Invalid condition id : UX DEVICE CLASS RTOS Condition cause : null
2024-12-23 15:54:37,205 [WARN] ConditionMgr:1039 - genDependencies : Invalid condition id : UX DEVICE CLASS RTOS Condition cause : null
2024-12-23 15:54:37,216 [WARN] PackLoader:240 - Cannot read IP mode file for STMicroelectronics.X-CUBE-GNSS1.7.0.0
2024-12-23 15:54:37,227 [WARN] PackLoader:240 - Cannot read IP mode file for STMicroelectronics.X-CUBE-GNSS1.7.0.1
2024-12-23 15:54:37,238 [WARN] PackLoader:240 - Cannot read IP mode file for STMicroelectronics.FP-SNS-STBOX1.2.0.0
2024-12-23 15:54:37,251 [WARN] PackLoader:240 - Cannot read IP mode file for STMicroelectronics.X-CUBE-SUBG2.5.0.0
2024-12-23 15:54:37,272 [WARN] PackLoader:240 - Cannot read IP mode file for STMicroelectronics.X-CUBE-AZRTOS-G4.2.0.0
2024-12-23 15:54:37,292 [WARN] PackLoader:240 - Cannot read IP mode file for Infineon.AIROC-Wi-Fi-Bluetooth-STM32.1.5.1
2024-12-23 15:54:37,303 [WARN] PackLoader:240 - Cannot read IP mode file for STMicroelectronics.FP-SNS-MOTENVWB1.1.3.1
2024-12-23 15:54:37,312 [WARN] PackLoader:240 - Cannot read IP mode file for STMicroelectronics.X-CUBE-ISPU.2.0.0
2024-12-23 15:54:37,322 [WARN] PackLoader:240 - Cannot read IP mode file for STMicroelectronics.X-CUBE-ALS.1.0.2
2024-12-23 15:54:37,354 [WARN] PackLoader:240 - Cannot read IP mode file for STMicroelectronics.X-CUBE-MEMS1.10.0.0
2024-12-23 15:54:37,405 [WARN] PackLoader:240 - Cannot read IP mode file for STMicroelectronics.X-CUBE-FREERTOS.1.1.0
2024-12-23 15:54:37,415 [WARN] PackLoader:240 - Cannot read IP mode file for STMicroelectronics.X-CUBE-TOUCHGFX.4.24.0
2024-12-23 15:54:37,425 [WARN] PackLoader:240 - Cannot read IP mode file for STMicroelectronics.X-CUBE-TOUCHGFX.4.24.1
2024-12-23 15:54:37,436 [WARN] PackLoader:240 - Cannot read IP mode file for wolfSSL.I-CUBE-wolfTPM.3.4.0
2024-12-23 15:54:37,450 [WARN] PackLoader:240 - Cannot read IP mode file for portGmbH.I-Cube-SoM-uGOAL.1.1.0
2024-12-23 15:54:37,462 [WARN] PackLoader:240 - Cannot read IP mode file for STMicroelectronics.X-CUBE-ALS.1.0.1
2024-12-23 15:54:37,485 [WARN] PackLoader:240 - Cannot read IP mode file for STMicroelectronics.X-CUBE-AZRTOS-H7RS.1.0.0
2024-12-23 15:54:37,499 [WARN] PackLoader:240 - Cannot read IP mode file for STMicroelectronics.FP-ATR-ASTRA1.2.0.0
2024-12-23 15:54:37,513 [WARN] PackLoader:240 - Cannot read IP mode file for STMicroelectronics.X-CUBE-TOF1.3.4.2
2024-12-23 15:54:37,533 [WARN] PackLoader:240 - Cannot read IP mode file for STMicroelectronics.X-CUBE-TOF1.3.4.0
2024-12-23 15:54:37,554 [WARN] PackLoader:240 - Cannot read IP mode file for STMicroelectronics.X-CUBE-TOF1.3.4.1
2024-12-23 15:54:37,564 [INFO] WebApp:448 - Apply proxy settings
2024-12-23 15:54:37,564 [INFO] WebApp:533 - Chromium requires no authentication
2024-12-23 15:54:37,575 [INFO] WebApp:476 - Direct internet connection detected
2024-12-23 15:54:37,592 [WARN] PackLoader:240 - Cannot read IP mode file for STMicroelectronics.X-CUBE-AZRTOS-H7.3.2.0
2024-12-23 15:54:37,605 [WARN] PackLoader:240 - Cannot read IP mode file for wolfSSL.I-CUBE-wolfSSH.1.4.17
2024-12-23 15:54:37,605 [INFO] ThirdParty:978 - Integrity check success = true
2024-12-23 15:54:37,605 [INFO] IntegrityCheckThread:100 - exiting critical section [integrity check]
2024-12-23 15:54:37,605 [INFO] IntegrityCheckThread:103 - End integrity checks thread
2024-12-23 15:54:37,607 [INFO] WebApp:869 - Register for checkConnection events
2024-12-23 15:54:37,607 [INFO] WebApp:448 - Apply proxy settings
2024-12-23 15:54:37,607 [INFO] WebApp:533 - Chromium requires no authentication
2024-12-23 15:54:37,608 [INFO] WebApp:476 - Direct internet connection detected
2024-12-23 15:54:37,756 [INFO] WebApp:220 - Starting web application
2024-12-23 15:54:37,756 [INFO] WebApp:578 - Web application path used C:\ST\STM32CubeIDE_1.16.1\STM32CubeIDE\plugins\com.st.stm32cube.common.mx_6.12.1.202409122256\db\plugins\mcufinder\reactClient1\index.html
2024-12-23 15:54:37,884 [INFO] WebApp:186 - Connection restablished
2024-12-23 15:54:37,895 [INFO] UserAuth:417 - Internet connection configuration mode: 1
2024-12-23 15:54:39,001 [INFO] McuFinderGlobals:63 - Set McuFinder mode to 2 (CubeIDE integrated)
2024-12-23 15:54:39,291 [INFO] ApiDb:581 - Connected to CubeFinder SQLite database (C:\Users\RND1\.stmcufinder\plugins\mcufinder\mcu\cube-finder-db.db)
2024-12-23 15:54:39,344 [INFO] ApiDb:668 - CubeFinder database Data Model version=2.1
2024-12-23 15:54:39,344 [INFO] ApiDb:669 - CubeFinder database Configuration version=3.0.39
2024-12-23 15:54:39,345 [INFO] ApiDb:670 - CubeFinder database generation date=2024-10-16 (1729006872)
2024-12-23 15:54:39,345 [INFO] ApiDb:671 - CubeFinder database FW Pack versions=[FP-ATR-ASTRA1_V2.0.0, FP-SNS-FLIGHT1_V5.0.2, FP-SNS-MOTENV1_V5.0.0, FP-SNS-MOTENVWB1_V1.4.0, FP-SNS-SMARTAG2_V1.2.0, FP-SNS-STBOX1_V2.0.0, STM32Cube_FW_C0_V1.2.0, STM32Cube_FW_F4_V1.28.1, STM32Cube_FW_F7_V1.17.2, STM32Cube_FW_G0_V1.6.2, STM32Cube_FW_G4_V1.6.0, STM32Cube_FW_H5_V1.3.0, STM32Cube_FW_H7RS_V1.1.0, STM32Cube_FW_H7_V1.11.2, STM32Cube_FW_L0_V1.12.2, STM32Cube_FW_L5_V1.5.1, STM32Cube_FW_U0_V1.1.0, STM32Cube_FW_U5_V1.6.0, STM32Cube_FW_WB0_V1.0.0, STM32Cube_FW_WBA_V1.4.1, STM32Cube_FW_WB_V1.20.0, STM32Cube_FW_WL_V1.3.0, X-CUBE-ALGOBUILD_V1.4.0, X-CUBE-ALS_V1.0.2, X-CUBE-AZRTOS-F4_V1.1.0, X-CUBE-AZRTOS-F7_V1.1.0, X-CUBE-AZRTOS-G0_V1.1.0, X-CUBE-AZRTOS-G4_V2.0.0, X-CUBE-AZRTOS-H7RS_V1.0.0, X-CUBE-AZRTOS-H7_V3.3.0, X-CUBE-AZRTOS-L4_V2.0.0, X-CUBE-AZRTOS-L5_V2.0.0, X-CUBE-AZRTOS-WB_V2.0.0, X-CUBE-AZRTOS-WL_V2.0.0, X-CUBE-BLE1_V7.0.0, X-CUBE-BLE2_V3.3.0, X-CUBE-BLEMGR_V3.1.0, X-CUBE-EEPRMA1_V5.1.0, X-CUBE-FREERTOS_V1.2.0, X-CUBE-GNSS1_V6.0.0, X-CUBE-MEMS1_V11.0.0, X-CUBE-NFC4_V3.0.0, X-CUBE-NFC7_V1.0.1, X-CUBE-SFXS2LP1_V4.0.0, X-CUBE-SUBG2_V5.0.0, X-CUBE-TOF1_V3.4.2]
2024-12-23 15:54:39,436 [INFO] DbBoardsSqlite:226 - include board P-NUCLEO-WB55-NUCLEO as a kit item of type 'Nucleo-64'
2024-12-23 15:54:39,436 [INFO] DbBoardsSqlite:226 - include board P-NUCLEO-WB55-USBDONGLE as a kit item of type 'Nucleo USB Dongle'
2024-12-23 15:54:39,437 [INFO] DbBoardsSqlite:226 - include board STEVAL-IDP005V1 as a kit item of type 'Evaluation Board'
2024-12-23 15:54:39,437 [INFO] DbBoardsSqlite:226 - include board STEVAL-IDP005V2 as a kit item of type 'Evaluation Board'
2024-12-23 15:54:39,636 [INFO] ApiDb:240 - Found 646 in-development CPN: [B-G473E-ZEST1S, B-WB1M-WPAN1, B-WL5M-SUBG1, NUCLEO-C031C6, NUCLEO-C071RB, NUCLEO-H503RB, NUCLEO-H533RE, NUCLEO-H563ZI, NUCLEO-H7S3L8, NUCLEO-U031R8, NUCLEO-U083RC, NUCLEO-U545RE-Q, NUCLEO-U5A5ZJ-Q, NUCLEO-WB05KZ, NUCLEO-WB07CC, NUCLEO-WB09KE, NUCLEO-WBA52CG, NUCLEO-WBA55CG, STEVAL-PROTEUS1, STEVAL-SMARTAG2, STEVAL-STWINBX1, STM320518-EVAL, STM32C0116-DK, STM32C011D6Y3TR, STM32C011D6Y6TR, STM32C011F4P3, STM32C011F4P6, STM32C011F4U3, STM32C011F4U6TR, STM32C011F6P3, STM32C011F6P6, STM32C011F6U3, STM32C011F6U6TR, STM32C011J4M3, STM32C011J4M6, STM32C011J6M3, STM32C011J6M6, STM32C0316-DK, STM32C031C4T3, STM32C031C4T6, STM32C031C4U3, STM32C031C4U6, STM32C031C6T3, STM32C031C6T6, STM32C031C6U3, STM32C031C6U6, STM32C031F4P3, STM32C031F4P6, STM32C031F6P3, STM32C031F6P6, STM32C031G4U3, STM32C031G4U6, STM32C031G6U3, STM32C031G6U6, STM32C031K4T3, STM32C031K4T6, STM32C031K4U3, STM32C031K4U6, STM32C031K6T3, STM32C031K6T6, STM32C031K6U3, STM32C031K6U6, STM32C071C8T6, STM32C071C8T6N, STM32C071C8U6, STM32C071C8U6N, STM32C071CBT6, STM32C071CBT6N, STM32C071CBU6, STM32C071CBU6N, STM32C071F8P6, STM32C071F8P6N, STM32C071FBP6, STM32C071FBP6N, STM32C071FBY6TR, STM32C071G8U6, STM32C071G8U6N, STM32C071GBU6, STM32C071GBU6N, STM32C071K8T6, STM32C071K8T6N, STM32C071K8U6, STM32C071K8U6N, STM32C071KBT6, STM32C071KBT6N, STM32C071KBU6, STM32C071KBU6N, STM32C071R8T6, STM32C071R8T6N, STM32C071RBI6N, STM32C071RBT6, STM32C071RBT6N, STM32G071K8TXN, STM32G071K8UXN, STM32G081GBU6N, STM32G081KBT6N, STM32G081KBUXN, STM32G0B1CCT6N, STM32G0B1KCT6, STM32G0B1NEY6TR, STM32G0B1RCT6N, STM32G0C1CCT6, STM32G0C1CCT6N, STM32G0C1CCU6N, STM32G0C1CET6N, STM32G0C1CEU6N, STM32G0C1KCT6, STM32G0C1NEY6TR, STM32G0C1RCI6N, STM32G0C1RCT6N, STM32G0C1REI6N, STM32G0C1RET6N, STM32G0C1VCI6, STM32G0C1VEI6, STM32G411C6T3, STM32G411C6T6, STM32G411C6U3, STM32G411C6U6, STM32G411C8T3, STM32G411C8T6, STM32G411C8U3, STM32G411C8U6, STM32G411CBT3, STM32G411CBT6, STM32G411CBU3, STM32G411CBU6, STM32G411K6T3, STM32G411K6T6, STM32G411K6U3, STM32G411K6U6, STM32G411K8T3, STM32G411K8T6, STM32G411K8U3, STM32G411K8U6, STM32G411KBT3, STM32G411KBT6, STM32G411KBU3, STM32G411KBU6, STM32G411M6T3, STM32G411M6T6, STM32G411M8T3, STM32G411M8T6, STM32G411MBT3, STM32G411MBT6, STM32G411R6T3, STM32G411R6T6, STM32G411R8T3, STM32G411R8T6, STM32G411RBT3, STM32G411RBT6, STM32G414CBT3, STM32G414CBT6, STM32G414CBU3, STM32G414CBU6, STM32G414CCT3, STM32G414CCT6, STM32G414CCU3, STM32G414CCU6, STM32G414MBT3, STM32G414MBT6, STM32G414MCT3, STM32G414MCT6, STM32G414RBT3, STM32G414RBT6, STM32G414RCT3, STM32G414RCT6, STM32G414VBT3, STM32G414VBT6, STM32G414VCT3, STM32G414VCT6, STM32G431CBT3Z, STM32G431RBT3Z, STM32G471CCT6, STM32G471CCU6, STM32G471CET3, STM32G471CET6, STM32G471CEU3, STM32G471CEU6, STM32G471MCT6, STM32G471MET3, STM32G471MET6, STM32G471MEY6TR, STM32G471QCT6, STM32G471QET3, STM32G471RCT6, STM32G471RET3, STM32G471RET6, STM32G471VCH6, STM32G471VCI6, STM32G471VCT6, STM32G471VEH3, STM32G471VEH6, STM32G471VEI3, STM32G471VEI6, STM32G471VET3, STM32G471VET6, STM32G473QET3Z, STM32G473RET3Z, STM32G474CCT6, STM32G491RET3Z, STM32H503CBT6, STM32H503CBU6, STM32H503EBY6TR, STM32H503KBU6, STM32H503RBT6, STM32H523CCT6, STM32H523CCU6, STM32H523CET6, STM32H523CEU6, STM32H523HEY6TR, STM32H523RCT6, STM32H523RET6, STM32H523VCI6, STM32H523VCT6, STM32H523VEI6, STM32H523VET6, STM32H523ZCJ6, STM32H523ZCT6, STM32H523ZEJ6, STM32H523ZET6, STM32H533CET6, STM32H533CEU6, STM32H533HEY6TR, STM32H533RET6, STM32H533VEI6, STM32H533VET6, STM32H533ZEJ6, STM32H533ZET6, STM32H562AGI6, STM32H562AII6, STM32H562IGK6, STM32H562IGT6, STM32H562IIK6, STM32H562IIT6, STM32H562RGT6, STM32H562RGV6, STM32H562RIT6, STM32H562RIV6, STM32H562VGT6, STM32H562VIT6, STM32H562ZGT6, STM32H562ZIT6, STM32H563AGI6, STM32H563AII3Q, STM32H563AII6, STM32H563IGK6, STM32H563IGT6, STM32H563IIK3Q, STM32H563IIK6, STM32H563IIT3Q, STM32H563IIT6, STM32H563MIY3QTR, STM32H563RGT6, STM32H563RGV6, STM32H563RIT6, STM32H563RIV6, STM32H563VGT6, STM32H563VIT3Q, STM32H563VIT6, STM32H563ZGT6, STM32H563ZIT3Q, STM32H563ZIT6, STM32H573AII3Q, STM32H573AII6, STM32H573I-DK, STM32H573IIK3Q, STM32H573IIK6, STM32H573IIT3Q, STM32H573IIT6, STM32H573MIY3QTR, STM32H573RIT6, STM32H573RIV6, STM32H573VIT3Q, STM32H573VIT6, STM32H573ZIT3Q, STM32H573ZIT6, STM32H7R3A8I6, STM32H7R3I8K6, STM32H7R3I8T6, STM32H7R3L8H6, STM32H7R3L8H6H, STM32H7R3R8V6, STM32H7R3V8H6, STM32H7R3V8T6, STM32H7R3V8Y6TR, STM32H7R3Z8J6, STM32H7R3Z8T6, STM32H7R7A8I6, STM32H7R7I8K6, STM32H7R7I8T6, STM32H7R7L8H6, STM32H7R7L8H6H, STM32H7R7Z8J6, STM32H7S3A8I6, STM32H7S3I8K6, STM32H7S3I8T6, STM32H7S3L8H6, STM32H7S3L8H6H, STM32H7S3R8V6, STM32H7S3V8H6, STM32H7S3V8T6, STM32H7S3V8Y6TR, STM32H7S3Z8J6, STM32H7S3Z8T6, STM32H7S78-DK, STM32H7S7A8I6, STM32H7S7I8K6, STM32H7S7I8T6, STM32H7S7L8H6, STM32H7S7L8H6H, STM32H7S7Z8J6, STM32L4R5QGI6STR, STM32MP131AAE3, STM32MP131AAF3, STM32MP131AAG3, STM32MP131CAE3, STM32MP131CAF3, STM32MP131CAG3, STM32MP131DAE7, STM32MP131DAF7, STM32MP131DAG7, STM32MP131FAE7, STM32MP131FAF7, STM32MP131FAG7, STM32MP133AAE3, STM32MP133AAF3, STM32MP133AAG3, STM32MP133CAE3, STM32MP133CAF3, STM32MP133CAG3, STM32MP133DAE7, STM32MP133DAF7, STM32MP133DAG7, STM32MP133FAE7, STM32MP133FAF7, STM32MP133FAG7, STM32MP135AAE3, STM32MP135AAF3, STM32MP135AAG3, STM32MP135CAE3, STM32MP135CAF3, STM32MP135CAG3, STM32MP135DAE7, STM32MP135DAF7, STM32MP135DAG7, STM32MP135F-DK, STM32MP135FAE7, STM32MP135FAF7, STM32MP135FAF7T, STM32MP135FAF7U, STM32MP135FAG7, STM32MP251AAI3, STM32MP251AAK3, STM32MP251AAL3, STM32MP251CAI3, STM32MP251CAK3, STM32MP251CAL3, STM32MP251DAI3, STM32MP251DAK3, STM32MP251DAL3, STM32MP251FAI3, STM32MP251FAK3, STM32MP251FAL3, STM32MP253AAI3, STM32MP253AAK3, STM32MP253AAL3, STM32MP253CAI3, STM32MP253CAK3, STM32MP253CAL3, STM32MP253DAI3, STM32MP253DAK3, STM32MP253DAL3, STM32MP253FAI3, STM32MP253FAK3, STM32MP253FAL3, STM32MP255AAI3, STM32MP255AAK3, STM32MP255AAL3, STM32MP255CAI3, STM32MP255CAK3, STM32MP255CAL3, STM32MP255DAI3, STM32MP255DAK3, STM32MP255DAL3, STM32MP255FAI3, STM32MP255FAK3, STM32MP255FAL3, STM32MP257AAI3, STM32MP257AAK3, STM32MP257AAL3, STM32MP257CAI3, STM32MP257CAK3, STM32MP257CAL3, STM32MP257DAI3, STM32MP257DAK3, STM32MP257DAL3, STM32MP257F-DK, STM32MP257F-EV1, STM32MP257FAI3, STM32MP257FAK3, STM32MP257FAL3, STM32U031C6T6, STM32U031C6U6, STM32U031C8T6, STM32U031C8U6, STM32U031F4P6, STM32U031F6P6, STM32U031F8P6, STM32U031G6Y6TR, STM32U031G8Y6TR, STM32U031K4U6, STM32U031K6U6, STM32U031K8U6, STM32U031R6I6, STM32U031R6T6, STM32U031R8I6, STM32U031R8T6, STM32U073C8T6, STM32U073C8U6, STM32U073CBT6, STM32U073CBU6, STM32U073CCT6, STM32U073CCU6, STM32U073H8Y6TR, STM32U073HBY6TR, STM32U073HCY6TR, STM32U073K8U6, STM32U073KBU6, STM32U073KCU6, STM32U073M8I6, STM32U073M8T6, STM32U073MBI6, STM32U073MBT6, STM32U073MCI6, STM32U073MCT6, STM32U073R8I6, STM32U073R8T6, STM32U073RBI6, STM32U073RBT6, STM32U073RCI6, STM32U073RCT6, STM32U083C-DK, STM32U083CCT6, STM32U083CCU6, STM32U083HCY6TR, STM32U083KCU6, STM32U083MCI6, STM32U083MCT6, STM32U083RCI6, STM32U083RCT6, STM32U535CBT6, STM32U535CBT6Q, STM32U535CBU6, STM32U535CBU6Q, STM32U535CCT6, STM32U535CCT6Q, STM32U535CCU6, STM32U535CCU6Q, STM32U535CET6, STM32U535CET6Q, STM32U535CEU6, STM32U535CEU6Q, STM32U535JEY6QTR, STM32U535NCY6QTR, STM32U535NEY6QTR, STM32U535RBI6, STM32U535RBI6Q, STM32U535RBT6, STM32U535RBT6Q, STM32U535RCI6, STM32U535RCI6Q, STM32U535RCT6, STM32U535RCT6Q, STM32U535REI6, STM32U535REI6Q, STM32U535RET6, STM32U535RET6Q, STM32U535VCI6, STM32U535VCI6Q, STM32U535VCT6, STM32U535VCT6Q, STM32U535VEI6, STM32U535VEI6Q, STM32U535VET6, STM32U535VET6Q, STM32U545CET6, STM32U545CET6Q, STM32U545CEU6, STM32U545CEU6Q, STM32U545JEY6QTR, STM32U545NEY6QTR, STM32U545REI6, STM32U545REI6Q, STM32U545RET6, STM32U545RET6Q, STM32U545VEI6, STM32U545VEI6Q, STM32U545VET6, STM32U545VET6Q, STM32U595AIH6, STM32U595AIH6Q, STM32U595AJH6, STM32U595AJH6Q, STM32U595QII6, STM32U595QII6Q, STM32U595QJI6, STM32U595QJI6Q, STM32U595RIT6, STM32U595RIT6Q, STM32U595RJT6, STM32U595RJT6Q, STM32U595VIT6, STM32U595VIT6Q, STM32U595VJT6, STM32U595VJT6Q, STM32U595ZIT6, STM32U595ZIT6Q, STM32U595ZIY6QTR, STM32U595ZJT6, STM32U595ZJT6Q, STM32U595ZJY6QTR, STM32U599BJY6QTR, STM32U599NIH6Q, STM32U599NJH6Q, STM32U599VIT6Q, STM32U599VJT6, STM32U599VJT6Q, STM32U599ZIT6Q, STM32U599ZIY6QTR, STM32U599ZJT6Q, STM32U599ZJY6QTR, STM32U5A5AJH6, STM32U5A5AJH6Q, STM32U5A5QII3Q , STM32U5A5QJI6, STM32U5A5QJI6Q, STM32U5A5RJT6, STM32U5A5RJT6Q, STM32U5A5VJT6, STM32U5A5VJT6Q, STM32U5A5ZJT6, STM32U5A5ZJT6Q, STM32U5A5ZJY6QTR, STM32U5A9BJY6QTR, STM32U5A9J-DK, STM32U5A9NJH6Q, STM32U5A9VJT6Q, STM32U5A9ZJT6Q, STM32U5A9ZJY6QTR, STM32U5F7VIT6, STM32U5F7VIT6Q, STM32U5F7VJT6, STM32U5F7VJT6Q, STM32U5F9BJY6QTR, STM32U5F9NJH6Q, STM32U5F9VIT6Q, STM32U5F9VJT6Q, STM32U5F9ZIJ6QTR, STM32U5F9ZIT6Q, STM32U5F9ZJJ6QTR, STM32U5F9ZJT6Q, STM32U5G7VJT6, STM32U5G7VJT6Q, STM32U5G9BJY6QTR, STM32U5G9J-DK1, STM32U5G9J-DK2, STM32U5G9NJH6Q, STM32U5G9VJT6Q, STM32U5G9ZJJ6QTR, STM32U5G9ZJT6Q, STM32WB05KZV6TR, STM32WB05KZV7TR, STM32WB05TZF6TR, STM32WB05TZF7TR, STM32WB06CCF6TR, STM32WB06CCF7TR, STM32WB06CCV6TR, STM32WB06CCV7TR, STM32WB06KCV6TR, STM32WB06KCV7TR, STM32WB07CCF6TR, STM32WB07CCF7TR, STM32WB07CCV6TR, STM32WB07CCV7TR, STM32WB07KCV6TR, STM32WB07KCV7TR, STM32WB09KEV6TR, STM32WB09KEV7TR, STM32WB09TEF6TR, STM32WB09TEF7TR, STM32WB1MMCH6, STM32WBA50KGU6, STM32WBA50KGU6TR, STM32WBA52CEU6, STM32WBA52CEU6TR, STM32WBA52CEU7, STM32WBA52CEU7TR, STM32WBA52CGU6, STM32WBA52CGU6TR, STM32WBA52CGU6U, STM32WBA52CGU7, STM32WBA52CGU7TR, STM32WBA52KEU6, STM32WBA52KEU6TR, STM32WBA52KGU6, STM32WBA52KGU6TR, STM32WBA54CEU6, STM32WBA54CEU6TR, STM32WBA54CEU7, STM32WBA54CEU7TR, STM32WBA54CGU6, STM32WBA54CGU6TR, STM32WBA54CGU7, STM32WBA54CGU7TR, STM32WBA54KEU6, STM32WBA54KEU6TR, STM32WBA54KEU7, STM32WBA54KEU7TR, STM32WBA54KGU6, STM32WBA54KGU6TR, STM32WBA54KGU7, STM32WBA54KGU7TR, STM32WBA55CEU6, STM32WBA55CEU6TR, STM32WBA55CEU7, STM32WBA55CEU7TR, STM32WBA55CGU6, STM32WBA55CGU6TR, STM32WBA55CGU6U, STM32WBA55CGU7, STM32WBA55CGU7TR, STM32WBA55G-DK1, STM32WBA55HEF6, STM32WBA55HEF7, STM32WBA55HGF6, STM32WBA55HGF7, STM32WBA55UEI6, STM32WBA55UEI6TR, STM32WBA55UEI7, STM32WBA55UEI7TR, STM32WBA55UGI6, STM32WBA55UGI6TR, STM32WBA55UGI7, STM32WBA55UGI7TR, STM32WL5MOCH6, STM32WL5MOCH6TR]
2024-12-23 15:54:39,746 [INFO] BoardInfo:889 - No configuration file found for board P-NUCLEO-WB55
2024-12-23 15:54:39,747 [INFO] DbBoards:161 - Kit is not supported: P-NUCLEO-WB55
2024-12-23 15:54:39,751 [INFO] BoardInfo:889 - No configuration file found for board STEVAL-BFA001V1B
2024-12-23 15:54:39,752 [INFO] DbBoards:161 - Kit is not supported: STEVAL-BFA001V1B
2024-12-23 15:54:39,752 [INFO] BoardInfo:889 - No configuration file found for board STEVAL-BFA001V2B
2024-12-23 15:54:39,753 [INFO] DbBoards:161 - Kit is not supported: STEVAL-BFA001V2B
2024-12-23 15:54:39,859 [INFO] DbBoards:168 - Found 201 boards, 198 are supported
2024-12-23 15:54:39,859 [INFO] DbBoards:169 - Found 201 boards, 25 of them is supported for  Bsp
2024-12-23 15:54:39,862 [INFO] ApiDb:668 - CubeFinder database Data Model version=2.1
2024-12-23 15:54:39,862 [INFO] ApiDb:669 - CubeFinder database Configuration version=3.0.39
2024-12-23 15:54:39,862 [INFO] ApiDb:670 - CubeFinder database generation date=2024-10-16 (1729006872)
2024-12-23 15:54:39,862 [INFO] ApiDb:671 - CubeFinder database FW Pack versions=[FP-ATR-ASTRA1_V2.0.0, FP-SNS-FLIGHT1_V5.0.2, FP-SNS-MOTENV1_V5.0.0, FP-SNS-MOTENVWB1_V1.4.0, FP-SNS-SMARTAG2_V1.2.0, FP-SNS-STBOX1_V2.0.0, STM32Cube_FW_C0_V1.2.0, STM32Cube_FW_F4_V1.28.1, STM32Cube_FW_F7_V1.17.2, STM32Cube_FW_G0_V1.6.2, STM32Cube_FW_G4_V1.6.0, STM32Cube_FW_H5_V1.3.0, STM32Cube_FW_H7RS_V1.1.0, STM32Cube_FW_H7_V1.11.2, STM32Cube_FW_L0_V1.12.2, STM32Cube_FW_L5_V1.5.1, STM32Cube_FW_U0_V1.1.0, STM32Cube_FW_U5_V1.6.0, STM32Cube_FW_WB0_V1.0.0, STM32Cube_FW_WBA_V1.4.1, STM32Cube_FW_WB_V1.20.0, STM32Cube_FW_WL_V1.3.0, X-CUBE-ALGOBUILD_V1.4.0, X-CUBE-ALS_V1.0.2, X-CUBE-AZRTOS-F4_V1.1.0, X-CUBE-AZRTOS-F7_V1.1.0, X-CUBE-AZRTOS-G0_V1.1.0, X-CUBE-AZRTOS-G4_V2.0.0, X-CUBE-AZRTOS-H7RS_V1.0.0, X-CUBE-AZRTOS-H7_V3.3.0, X-CUBE-AZRTOS-L4_V2.0.0, X-CUBE-AZRTOS-L5_V2.0.0, X-CUBE-AZRTOS-WB_V2.0.0, X-CUBE-AZRTOS-WL_V2.0.0, X-CUBE-BLE1_V7.0.0, X-CUBE-BLE2_V3.3.0, X-CUBE-BLEMGR_V3.1.0, X-CUBE-EEPRMA1_V5.1.0, X-CUBE-FREERTOS_V1.2.0, X-CUBE-GNSS1_V6.0.0, X-CUBE-MEMS1_V11.0.0, X-CUBE-NFC4_V3.0.0, X-CUBE-NFC7_V1.0.1, X-CUBE-SFXS2LP1_V4.0.0, X-CUBE-SUBG2_V5.0.0, X-CUBE-TOF1_V3.4.2]
2024-12-23 15:54:41,143 [INFO] ApiDb:240 - Found 646 in-development CPN: [B-G473E-ZEST1S, B-WB1M-WPAN1, B-WL5M-SUBG1, NUCLEO-C031C6, NUCLEO-C071RB, NUCLEO-H503RB, NUCLEO-H533RE, NUCLEO-H563ZI, NUCLEO-H7S3L8, NUCLEO-U031R8, NUCLEO-U083RC, NUCLEO-U545RE-Q, NUCLEO-U5A5ZJ-Q, NUCLEO-WB05KZ, NUCLEO-WB07CC, NUCLEO-WB09KE, NUCLEO-WBA52CG, NUCLEO-WBA55CG, STEVAL-PROTEUS1, STEVAL-SMARTAG2, STEVAL-STWINBX1, STM320518-EVAL, STM32C0116-DK, STM32C011D6Y3TR, STM32C011D6Y6TR, STM32C011F4P3, STM32C011F4P6, STM32C011F4U3, STM32C011F4U6TR, STM32C011F6P3, STM32C011F6P6, STM32C011F6U3, STM32C011F6U6TR, STM32C011J4M3, STM32C011J4M6, STM32C011J6M3, STM32C011J6M6, STM32C0316-DK, STM32C031C4T3, STM32C031C4T6, STM32C031C4U3, STM32C031C4U6, STM32C031C6T3, STM32C031C6T6, STM32C031C6U3, STM32C031C6U6, STM32C031F4P3, STM32C031F4P6, STM32C031F6P3, STM32C031F6P6, STM32C031G4U3, STM32C031G4U6, STM32C031G6U3, STM32C031G6U6, STM32C031K4T3, STM32C031K4T6, STM32C031K4U3, STM32C031K4U6, STM32C031K6T3, STM32C031K6T6, STM32C031K6U3, STM32C031K6U6, STM32C071C8T6, STM32C071C8T6N, STM32C071C8U6, STM32C071C8U6N, STM32C071CBT6, STM32C071CBT6N, STM32C071CBU6, STM32C071CBU6N, STM32C071F8P6, STM32C071F8P6N, STM32C071FBP6, STM32C071FBP6N, STM32C071FBY6TR, STM32C071G8U6, STM32C071G8U6N, STM32C071GBU6, STM32C071GBU6N, STM32C071K8T6, STM32C071K8T6N, STM32C071K8U6, STM32C071K8U6N, STM32C071KBT6, STM32C071KBT6N, STM32C071KBU6, STM32C071KBU6N, STM32C071R8T6, STM32C071R8T6N, STM32C071RBI6N, STM32C071RBT6, STM32C071RBT6N, STM32G071K8TXN, STM32G071K8UXN, STM32G081GBU6N, STM32G081KBT6N, STM32G081KBUXN, STM32G0B1CCT6N, STM32G0B1KCT6, STM32G0B1NEY6TR, STM32G0B1RCT6N, STM32G0C1CCT6, STM32G0C1CCT6N, STM32G0C1CCU6N, STM32G0C1CET6N, STM32G0C1CEU6N, STM32G0C1KCT6, STM32G0C1NEY6TR, STM32G0C1RCI6N, STM32G0C1RCT6N, STM32G0C1REI6N, STM32G0C1RET6N, STM32G0C1VCI6, STM32G0C1VEI6, STM32G411C6T3, STM32G411C6T6, STM32G411C6U3, STM32G411C6U6, STM32G411C8T3, STM32G411C8T6, STM32G411C8U3, STM32G411C8U6, STM32G411CBT3, STM32G411CBT6, STM32G411CBU3, STM32G411CBU6, STM32G411K6T3, STM32G411K6T6, STM32G411K6U3, STM32G411K6U6, STM32G411K8T3, STM32G411K8T6, STM32G411K8U3, STM32G411K8U6, STM32G411KBT3, STM32G411KBT6, STM32G411KBU3, STM32G411KBU6, STM32G411M6T3, STM32G411M6T6, STM32G411M8T3, STM32G411M8T6, STM32G411MBT3, STM32G411MBT6, STM32G411R6T3, STM32G411R6T6, STM32G411R8T3, STM32G411R8T6, STM32G411RBT3, STM32G411RBT6, STM32G414CBT3, STM32G414CBT6, STM32G414CBU3, STM32G414CBU6, STM32G414CCT3, STM32G414CCT6, STM32G414CCU3, STM32G414CCU6, STM32G414MBT3, STM32G414MBT6, STM32G414MCT3, STM32G414MCT6, STM32G414RBT3, STM32G414RBT6, STM32G414RCT3, STM32G414RCT6, STM32G414VBT3, STM32G414VBT6, STM32G414VCT3, STM32G414VCT6, STM32G431CBT3Z, STM32G431RBT3Z, STM32G471CCT6, STM32G471CCU6, STM32G471CET3, STM32G471CET6, STM32G471CEU3, STM32G471CEU6, STM32G471MCT6, STM32G471MET3, STM32G471MET6, STM32G471MEY6TR, STM32G471QCT6, STM32G471QET3, STM32G471RCT6, STM32G471RET3, STM32G471RET6, STM32G471VCH6, STM32G471VCI6, STM32G471VCT6, STM32G471VEH3, STM32G471VEH6, STM32G471VEI3, STM32G471VEI6, STM32G471VET3, STM32G471VET6, STM32G473QET3Z, STM32G473RET3Z, STM32G474CCT6, STM32G491RET3Z, STM32H503CBT6, STM32H503CBU6, STM32H503EBY6TR, STM32H503KBU6, STM32H503RBT6, STM32H523CCT6, STM32H523CCU6, STM32H523CET6, STM32H523CEU6, STM32H523HEY6TR, STM32H523RCT6, STM32H523RET6, STM32H523VCI6, STM32H523VCT6, STM32H523VEI6, STM32H523VET6, STM32H523ZCJ6, STM32H523ZCT6, STM32H523ZEJ6, STM32H523ZET6, STM32H533CET6, STM32H533CEU6, STM32H533HEY6TR, STM32H533RET6, STM32H533VEI6, STM32H533VET6, STM32H533ZEJ6, STM32H533ZET6, STM32H562AGI6, STM32H562AII6, STM32H562IGK6, STM32H562IGT6, STM32H562IIK6, STM32H562IIT6, STM32H562RGT6, STM32H562RGV6, STM32H562RIT6, STM32H562RIV6, STM32H562VGT6, STM32H562VIT6, STM32H562ZGT6, STM32H562ZIT6, STM32H563AGI6, STM32H563AII3Q, STM32H563AII6, STM32H563IGK6, STM32H563IGT6, STM32H563IIK3Q, STM32H563IIK6, STM32H563IIT3Q, STM32H563IIT6, STM32H563MIY3QTR, STM32H563RGT6, STM32H563RGV6, STM32H563RIT6, STM32H563RIV6, STM32H563VGT6, STM32H563VIT3Q, STM32H563VIT6, STM32H563ZGT6, STM32H563ZIT3Q, STM32H563ZIT6, STM32H573AII3Q, STM32H573AII6, STM32H573I-DK, STM32H573IIK3Q, STM32H573IIK6, STM32H573IIT3Q, STM32H573IIT6, STM32H573MIY3QTR, STM32H573RIT6, STM32H573RIV6, STM32H573VIT3Q, STM32H573VIT6, STM32H573ZIT3Q, STM32H573ZIT6, STM32H7R3A8I6, STM32H7R3I8K6, STM32H7R3I8T6, STM32H7R3L8H6, STM32H7R3L8H6H, STM32H7R3R8V6, STM32H7R3V8H6, STM32H7R3V8T6, STM32H7R3V8Y6TR, STM32H7R3Z8J6, STM32H7R3Z8T6, STM32H7R7A8I6, STM32H7R7I8K6, STM32H7R7I8T6, STM32H7R7L8H6, STM32H7R7L8H6H, STM32H7R7Z8J6, STM32H7S3A8I6, STM32H7S3I8K6, STM32H7S3I8T6, STM32H7S3L8H6, STM32H7S3L8H6H, STM32H7S3R8V6, STM32H7S3V8H6, STM32H7S3V8T6, STM32H7S3V8Y6TR, STM32H7S3Z8J6, STM32H7S3Z8T6, STM32H7S78-DK, STM32H7S7A8I6, STM32H7S7I8K6, STM32H7S7I8T6, STM32H7S7L8H6, STM32H7S7L8H6H, STM32H7S7Z8J6, STM32L4R5QGI6STR, STM32MP131AAE3, STM32MP131AAF3, STM32MP131AAG3, STM32MP131CAE3, STM32MP131CAF3, STM32MP131CAG3, STM32MP131DAE7, STM32MP131DAF7, STM32MP131DAG7, STM32MP131FAE7, STM32MP131FAF7, STM32MP131FAG7, STM32MP133AAE3, STM32MP133AAF3, STM32MP133AAG3, STM32MP133CAE3, STM32MP133CAF3, STM32MP133CAG3, STM32MP133DAE7, STM32MP133DAF7, STM32MP133DAG7, STM32MP133FAE7, STM32MP133FAF7, STM32MP133FAG7, STM32MP135AAE3, STM32MP135AAF3, STM32MP135AAG3, STM32MP135CAE3, STM32MP135CAF3, STM32MP135CAG3, STM32MP135DAE7, STM32MP135DAF7, STM32MP135DAG7, STM32MP135F-DK, STM32MP135FAE7, STM32MP135FAF7, STM32MP135FAF7T, STM32MP135FAF7U, STM32MP135FAG7, STM32MP251AAI3, STM32MP251AAK3, STM32MP251AAL3, STM32MP251CAI3, STM32MP251CAK3, STM32MP251CAL3, STM32MP251DAI3, STM32MP251DAK3, STM32MP251DAL3, STM32MP251FAI3, STM32MP251FAK3, STM32MP251FAL3, STM32MP253AAI3, STM32MP253AAK3, STM32MP253AAL3, STM32MP253CAI3, STM32MP253CAK3, STM32MP253CAL3, STM32MP253DAI3, STM32MP253DAK3, STM32MP253DAL3, STM32MP253FAI3, STM32MP253FAK3, STM32MP253FAL3, STM32MP255AAI3, STM32MP255AAK3, STM32MP255AAL3, STM32MP255CAI3, STM32MP255CAK3, STM32MP255CAL3, STM32MP255DAI3, STM32MP255DAK3, STM32MP255DAL3, STM32MP255FAI3, STM32MP255FAK3, STM32MP255FAL3, STM32MP257AAI3, STM32MP257AAK3, STM32MP257AAL3, STM32MP257CAI3, STM32MP257CAK3, STM32MP257CAL3, STM32MP257DAI3, STM32MP257DAK3, STM32MP257DAL3, STM32MP257F-DK, STM32MP257F-EV1, STM32MP257FAI3, STM32MP257FAK3, STM32MP257FAL3, STM32U031C6T6, STM32U031C6U6, STM32U031C8T6, STM32U031C8U6, STM32U031F4P6, STM32U031F6P6, STM32U031F8P6, STM32U031G6Y6TR, STM32U031G8Y6TR, STM32U031K4U6, STM32U031K6U6, STM32U031K8U6, STM32U031R6I6, STM32U031R6T6, STM32U031R8I6, STM32U031R8T6, STM32U073C8T6, STM32U073C8U6, STM32U073CBT6, STM32U073CBU6, STM32U073CCT6, STM32U073CCU6, STM32U073H8Y6TR, STM32U073HBY6TR, STM32U073HCY6TR, STM32U073K8U6, STM32U073KBU6, STM32U073KCU6, STM32U073M8I6, STM32U073M8T6, STM32U073MBI6, STM32U073MBT6, STM32U073MCI6, STM32U073MCT6, STM32U073R8I6, STM32U073R8T6, STM32U073RBI6, STM32U073RBT6, STM32U073RCI6, STM32U073RCT6, STM32U083C-DK, STM32U083CCT6, STM32U083CCU6, STM32U083HCY6TR, STM32U083KCU6, STM32U083MCI6, STM32U083MCT6, STM32U083RCI6, STM32U083RCT6, STM32U535CBT6, STM32U535CBT6Q, STM32U535CBU6, STM32U535CBU6Q, STM32U535CCT6, STM32U535CCT6Q, STM32U535CCU6, STM32U535CCU6Q, STM32U535CET6, STM32U535CET6Q, STM32U535CEU6, STM32U535CEU6Q, STM32U535JEY6QTR, STM32U535NCY6QTR, STM32U535NEY6QTR, STM32U535RBI6, STM32U535RBI6Q, STM32U535RBT6, STM32U535RBT6Q, STM32U535RCI6, STM32U535RCI6Q, STM32U535RCT6, STM32U535RCT6Q, STM32U535REI6, STM32U535REI6Q, STM32U535RET6, STM32U535RET6Q, STM32U535VCI6, STM32U535VCI6Q, STM32U535VCT6, STM32U535VCT6Q, STM32U535VEI6, STM32U535VEI6Q, STM32U535VET6, STM32U535VET6Q, STM32U545CET6, STM32U545CET6Q, STM32U545CEU6, STM32U545CEU6Q, STM32U545JEY6QTR, STM32U545NEY6QTR, STM32U545REI6, STM32U545REI6Q, STM32U545RET6, STM32U545RET6Q, STM32U545VEI6, STM32U545VEI6Q, STM32U545VET6, STM32U545VET6Q, STM32U595AIH6, STM32U595AIH6Q, STM32U595AJH6, STM32U595AJH6Q, STM32U595QII6, STM32U595QII6Q, STM32U595QJI6, STM32U595QJI6Q, STM32U595RIT6, STM32U595RIT6Q, STM32U595RJT6, STM32U595RJT6Q, STM32U595VIT6, STM32U595VIT6Q, STM32U595VJT6, STM32U595VJT6Q, STM32U595ZIT6, STM32U595ZIT6Q, STM32U595ZIY6QTR, STM32U595ZJT6, STM32U595ZJT6Q, STM32U595ZJY6QTR, STM32U599BJY6QTR, STM32U599NIH6Q, STM32U599NJH6Q, STM32U599VIT6Q, STM32U599VJT6, STM32U599VJT6Q, STM32U599ZIT6Q, STM32U599ZIY6QTR, STM32U599ZJT6Q, STM32U599ZJY6QTR, STM32U5A5AJH6, STM32U5A5AJH6Q, STM32U5A5QII3Q , STM32U5A5QJI6, STM32U5A5QJI6Q, STM32U5A5RJT6, STM32U5A5RJT6Q, STM32U5A5VJT6, STM32U5A5VJT6Q, STM32U5A5ZJT6, STM32U5A5ZJT6Q, STM32U5A5ZJY6QTR, STM32U5A9BJY6QTR, STM32U5A9J-DK, STM32U5A9NJH6Q, STM32U5A9VJT6Q, STM32U5A9ZJT6Q, STM32U5A9ZJY6QTR, STM32U5F7VIT6, STM32U5F7VIT6Q, STM32U5F7VJT6, STM32U5F7VJT6Q, STM32U5F9BJY6QTR, STM32U5F9NJH6Q, STM32U5F9VIT6Q, STM32U5F9VJT6Q, STM32U5F9ZIJ6QTR, STM32U5F9ZIT6Q, STM32U5F9ZJJ6QTR, STM32U5F9ZJT6Q, STM32U5G7VJT6, STM32U5G7VJT6Q, STM32U5G9BJY6QTR, STM32U5G9J-DK1, STM32U5G9J-DK2, STM32U5G9NJH6Q, STM32U5G9VJT6Q, STM32U5G9ZJJ6QTR, STM32U5G9ZJT6Q, STM32WB05KZV6TR, STM32WB05KZV7TR, STM32WB05TZF6TR, STM32WB05TZF7TR, STM32WB06CCF6TR, STM32WB06CCF7TR, STM32WB06CCV6TR, STM32WB06CCV7TR, STM32WB06KCV6TR, STM32WB06KCV7TR, STM32WB07CCF6TR, STM32WB07CCF7TR, STM32WB07CCV6TR, STM32WB07CCV7TR, STM32WB07KCV6TR, STM32WB07KCV7TR, STM32WB09KEV6TR, STM32WB09KEV7TR, STM32WB09TEF6TR, STM32WB09TEF7TR, STM32WB1MMCH6, STM32WBA50KGU6, STM32WBA50KGU6TR, STM32WBA52CEU6, STM32WBA52CEU6TR, STM32WBA52CEU7, STM32WBA52CEU7TR, STM32WBA52CGU6, STM32WBA52CGU6TR, STM32WBA52CGU6U, STM32WBA52CGU7, STM32WBA52CGU7TR, STM32WBA52KEU6, STM32WBA52KEU6TR, STM32WBA52KGU6, STM32WBA52KGU6TR, STM32WBA54CEU6, STM32WBA54CEU6TR, STM32WBA54CEU7, STM32WBA54CEU7TR, STM32WBA54CGU6, STM32WBA54CGU6TR, STM32WBA54CGU7, STM32WBA54CGU7TR, STM32WBA54KEU6, STM32WBA54KEU6TR, STM32WBA54KEU7, STM32WBA54KEU7TR, STM32WBA54KGU6, STM32WBA54KGU6TR, STM32WBA54KGU7, STM32WBA54KGU7TR, STM32WBA55CEU6, STM32WBA55CEU6TR, STM32WBA55CEU7, STM32WBA55CEU7TR, STM32WBA55CGU6, STM32WBA55CGU6TR, STM32WBA55CGU6U, STM32WBA55CGU7, STM32WBA55CGU7TR, STM32WBA55G-DK1, STM32WBA55HEF6, STM32WBA55HEF7, STM32WBA55HGF6, STM32WBA55HGF7, STM32WBA55UEI6, STM32WBA55UEI6TR, STM32WBA55UEI7, STM32WBA55UEI7TR, STM32WBA55UGI6, STM32WBA55UGI6TR, STM32WBA55UGI7, STM32WBA55UGI7TR, STM32WL5MOCH6, STM32WL5MOCH6TR]
2024-12-23 15:54:41,146 [INFO] DbMcus:218 - Found 4252 MCUs, 4252 are supported
2024-12-23 15:54:41,146 [INFO] ApiDb:423 - Load user favorites file C:\Users\RND1/.stm32cubeide/favorites.mcus.txt: 0 item(s)
2024-12-23 15:54:41,146 [INFO] ApiDb:427 - User favorites MCUs=[]
2024-12-23 15:54:41,146 [INFO] DbMcus:224 - Set 0 / 0 favorites MCUs
2024-12-23 15:54:41,347 [INFO] ApiDb:423 - Load user favorites file C:\Users\RND1/.stm32cubeide/favorites.boards.txt: 0 item(s)
2024-12-23 15:54:41,348 [INFO] ApiDb:427 - User favorites Boards=[]
2024-12-23 15:54:41,348 [INFO] DbBoards:198 - Set 0 / 0 favorites Boards
2024-12-23 15:54:41,348 [INFO] McuFinderGlobals:76 - Set McuFinderConnectedMode to false
2024-12-23 15:54:41,354 [INFO] MultiScanPanel:200 - Auto-refresh data requested => check proxy status ongoing
2024-12-23 15:54:41,354 [INFO] MultiScanPanel:204 - Proxy status is invalid
2024-12-23 15:54:41,356 [INFO] FinderPluginLoader:95 - Searching for filters in installed packs
2024-12-23 15:54:42,082 [INFO] DetailPanel:341 - Set advertising image to C:/Users/RND1/STM32Cube/Repository/\en.prom-stm32c071-usb-memories-mcu-finder.png
2024-12-23 15:55:38,892 [INFO] MainUpdater:2873 - connection check result : 10
2024-12-23 15:55:38,932 [INFO] RulesReader:64 - Compatibility file has been processed (297 Rules)
2024-12-23 15:55:38,939 [INFO] RulesReader:64 - Compatibility file has been processed (297 Rules)
2024-12-23 15:55:38,942 [INFO] MicroXplorer:468 - Change Database Path : 
2024-12-23 15:55:38,942 [INFO] MicroXplorer:498 - Change Database Version : DB.6.0.121
2024-12-23 15:55:38,947 [WARN] ThirdParty:871 - waiting for thirdparty lock release [close project]
2024-12-23 15:55:38,947 [INFO] ThirdParty:873 - entering critical section [close project]
2024-12-23 15:55:38,948 [INFO] ThirdParty:883 - exiting critical section [close project]
2024-12-23 15:55:38,950 [INFO] PinOutPanel:1561 - setPackage(No Configuration,No Configuration)
2024-12-23 15:55:38,952 [INFO] UtilMem:75 - Begin LoadConfig() Used Memory: 482999840 Bytes (791674880)
2024-12-23 15:55:38,953 [INFO] MicroXplorer:468 - Change Database Path : 
2024-12-23 15:55:38,953 [INFO] MicroXplorer:498 - Change Database Version : DB.6.0.121
2024-12-23 15:55:38,953 [INFO] OpenFileManager:332 - Change cursor
2024-12-23 15:55:39,011 [INFO] Mcu:2032 - Initializing MCU STM32F401CCUx STM32F401CCUx STM32F401CCU6
2024-12-23 15:55:39,842 [INFO] Context:742 - Trying to add GPIOservice into a context  which must be forbidden
2024-12-23 15:55:40,070 [INFO] ImportTextPane:205 - (OptionalMessage_ERROR) Unable to find key (Mcu.ThirdPartyNb) in loaded IOC file
2024-12-23 15:55:40,070 [INFO] ImportTextPane:205 - (OptionalMessage_ERROR) Unable to find key (Mcu.PinsNb) in loaded IOC file
2024-12-23 15:55:40,070 [INFO] ImportTextPane:205 - (OptionalMessage_ERROR) Unable to find key (Mcu.IPNb) in loaded IOC file
2024-12-23 15:55:40,183 [INFO] RtosManager:555 - Registered RTOS mode: class=CMSIS, group=RTOS, mode=CMSIS_V1, owner=FREERTOS
2024-12-23 15:55:40,183 [INFO] RtosManager:555 - Registered RTOS mode: class=CMSIS, group=RTOS2, mode=CMSIS_V2, owner=FREERTOS
2024-12-23 15:55:40,183 [INFO] RtosManager:555 - Registered RTOS mode: class=RTOS, group=Core, mode=CMSIS_V1, owner=FREERTOS
2024-12-23 15:55:40,183 [INFO] RtosManager:555 - Registered RTOS mode: class=RTOS, group=Core, mode=CMSIS_V2, owner=FREERTOS
2024-12-23 15:55:40,183 [WARN] ModelIntegratedComponent:184 - Missing modes for component STMicroelectronics:FreeRTOS:0.0.1:STMicroelectronics:RTOS:FreeRTOS:Core:::10.2.0:
2024-12-23 15:55:40,187 [WARN] ModelIntegratedComponent:63 - No mode defined for component null
2024-12-23 15:55:40,187 [WARN] ModelIntegratedComponent:63 - No mode defined for component null
2024-12-23 15:55:40,187 [WARN] ModelIntegratedComponent:63 - No mode defined for component null
2024-12-23 15:55:40,187 [WARN] ModelIntegratedComponent:63 - No mode defined for component null
2024-12-23 15:55:40,187 [WARN] ModelIntegratedComponent:63 - No mode defined for component null
2024-12-23 15:55:40,187 [WARN] ModelIntegratedComponent:63 - No mode defined for component null
2024-12-23 15:55:40,187 [WARN] ModelIntegratedComponent:63 - No mode defined for component null
2024-12-23 15:55:40,187 [WARN] ModelIntegratedComponent:63 - No mode defined for component null
2024-12-23 15:55:40,187 [WARN] ModelIntegratedComponent:63 - No mode defined for component null
2024-12-23 15:55:40,187 [WARN] ModelIntegratedComponent:63 - No mode defined for component null
2024-12-23 15:55:40,187 [WARN] ModelIntegratedComponent:63 - No mode defined for component null
2024-12-23 15:55:40,187 [WARN] ModelIntegratedComponent:63 - No mode defined for component null
2024-12-23 15:55:40,187 [WARN] ModelIntegratedComponent:63 - No mode defined for component null
2024-12-23 15:55:40,187 [WARN] ModelIntegratedComponent:63 - No mode defined for component null
2024-12-23 15:55:40,187 [WARN] ModelIntegratedComponent:63 - No mode defined for component null
2024-12-23 15:55:40,187 [WARN] ModelIntegratedComponent:63 - No mode defined for component null
2024-12-23 15:55:40,187 [WARN] ModelIntegratedComponent:63 - No mode defined for component null
2024-12-23 15:55:40,187 [WARN] ModelIntegratedComponent:63 - No mode defined for component null
2024-12-23 15:55:40,187 [WARN] ModelIntegratedComponent:63 - No mode defined for component null
2024-12-23 15:55:40,187 [WARN] ModelIntegratedComponent:63 - No mode defined for component null
2024-12-23 15:55:40,187 [WARN] ModelIntegratedComponent:63 - No mode defined for component null
2024-12-23 15:55:40,187 [WARN] ModelIntegratedComponent:63 - No mode defined for component null
2024-12-23 15:55:40,187 [WARN] ModelIntegratedComponent:63 - No mode defined for component null
2024-12-23 15:55:40,187 [WARN] ModelIntegratedComponent:63 - No mode defined for component null
2024-12-23 15:55:40,187 [WARN] ModelIntegratedComponent:63 - No mode defined for component null
2024-12-23 15:55:40,187 [WARN] ModelIntegratedComponent:63 - No mode defined for component null
2024-12-23 15:55:40,187 [WARN] ModelIntegratedComponent:63 - No mode defined for component null
2024-12-23 15:55:40,187 [WARN] ModelIntegratedComponent:63 - No mode defined for component null
2024-12-23 15:55:40,187 [WARN] ModelIntegratedComponent:63 - No mode defined for component null
2024-12-23 15:55:40,187 [WARN] ModelIntegratedComponent:63 - No mode defined for component null
2024-12-23 15:55:40,187 [WARN] ModelIntegratedComponent:63 - No mode defined for component null
2024-12-23 15:55:40,187 [WARN] ModelIntegratedComponent:63 - No mode defined for component null
2024-12-23 15:55:40,187 [WARN] ModelIntegratedComponent:63 - No mode defined for component null
2024-12-23 15:55:40,187 [WARN] ModelIntegratedComponent:63 - No mode defined for component null
2024-12-23 15:55:40,187 [WARN] ModelIntegratedComponent:63 - No mode defined for component null
2024-12-23 15:55:40,188 [WARN] ModelPack:524 - Component already loaded: STMicroelectronics:HAL Drivers:0.0.0:STMicroelectronics:Device:STMicro_Driver:XSPI:HAL::0.0.1:HAL_XSPI
2024-12-23 15:55:40,226 [WARN] ModelIntegratedComponent:182 - Modes not found for component STMicroelectronics:USB_DEVICE:1.0.0:STMicroelectronics:USB::USB Device:Audio HS::1.0:USB_DEVICE_1_0_RESTRICTED_HS
2024-12-23 15:55:40,226 [WARN] ModelIntegratedComponent:188 - Modes not found for component STMicroelectronics:USB_DEVICE:1.0.0:STMicroelectronics:USB::USB Device:Audio HS::1.0:USB_DEVICE_1_0_RESTRICTED_HS
2024-12-23 15:55:40,226 [WARN] ModelIntegratedComponent:182 - Modes not found for component STMicroelectronics:USB_DEVICE:1.0.0:STMicroelectronics:USB::USB Device:CDC HS::1.0:USB_DEVICE_1_0_RESTRICTED_HS
2024-12-23 15:55:40,226 [WARN] ModelIntegratedComponent:188 - Modes not found for component STMicroelectronics:USB_DEVICE:1.0.0:STMicroelectronics:USB::USB Device:CDC HS::1.0:USB_DEVICE_1_0_RESTRICTED_HS
2024-12-23 15:55:40,226 [WARN] ModelIntegratedComponent:182 - Modes not found for component STMicroelectronics:USB_DEVICE:1.0.0:STMicroelectronics:USB::USB Device:DFU HS::1.0:USB_DEVICE_1_0_RESTRICTED_HS
2024-12-23 15:55:40,226 [WARN] ModelIntegratedComponent:188 - Modes not found for component STMicroelectronics:USB_DEVICE:1.0.0:STMicroelectronics:USB::USB Device:DFU HS::1.0:USB_DEVICE_1_0_RESTRICTED_HS
2024-12-23 15:55:40,227 [WARN] ModelIntegratedComponent:182 - Modes not found for component STMicroelectronics:USB_DEVICE:1.0.0:STMicroelectronics:USB::USB Device:HID HS::1.0:USB_DEVICE_1_0_RESTRICTED_HS
2024-12-23 15:55:40,227 [WARN] ModelIntegratedComponent:188 - Modes not found for component STMicroelectronics:USB_DEVICE:1.0.0:STMicroelectronics:USB::USB Device:HID HS::1.0:USB_DEVICE_1_0_RESTRICTED_HS
2024-12-23 15:55:40,227 [WARN] ModelIntegratedComponent:182 - Modes not found for component STMicroelectronics:USB_DEVICE:1.0.0:STMicroelectronics:USB::USB Device:Custom HID HS::1.0:USB_DEVICE_1_0_RESTRICTED_HS
2024-12-23 15:55:40,227 [WARN] ModelIntegratedComponent:188 - Modes not found for component STMicroelectronics:USB_DEVICE:1.0.0:STMicroelectronics:USB::USB Device:Custom HID HS::1.0:USB_DEVICE_1_0_RESTRICTED_HS
2024-12-23 15:55:40,227 [WARN] ModelIntegratedComponent:182 - Modes not found for component STMicroelectronics:USB_DEVICE:1.0.0:STMicroelectronics:USB::USB Device:MSC HS::1.0:USB_DEVICE_1_0_RESTRICTED_HS
2024-12-23 15:55:40,227 [WARN] ModelIntegratedComponent:188 - Modes not found for component STMicroelectronics:USB_DEVICE:1.0.0:STMicroelectronics:USB::USB Device:MSC HS::1.0:USB_DEVICE_1_0_RESTRICTED_HS
2024-12-23 15:55:40,235 [WARN] ModelIntegratedComponent:182 - Modes not found for component STMicroelectronics:USB_HOST:1.0.0:STMicroelectronics:USB::USB Host:Audio HS::1.0:USB_HOST_1_0_RESTRICTED_HS
2024-12-23 15:55:40,235 [WARN] ModelIntegratedComponent:188 - Modes not found for component STMicroelectronics:USB_HOST:1.0.0:STMicroelectronics:USB::USB Host:Audio HS::1.0:USB_HOST_1_0_RESTRICTED_HS
2024-12-23 15:55:40,235 [WARN] ModelIntegratedComponent:182 - Modes not found for component STMicroelectronics:USB_HOST:1.0.0:STMicroelectronics:USB::USB Host:CDC HS::1.0:USB_HOST_1_0_RESTRICTED_HS
2024-12-23 15:55:40,235 [WARN] ModelIntegratedComponent:188 - Modes not found for component STMicroelectronics:USB_HOST:1.0.0:STMicroelectronics:USB::USB Host:CDC HS::1.0:USB_HOST_1_0_RESTRICTED_HS
2024-12-23 15:55:40,235 [WARN] ModelIntegratedComponent:182 - Modes not found for component STMicroelectronics:USB_HOST:1.0.0:STMicroelectronics:USB::USB Host:MSC HS::1.0:USB_HOST_1_0_RESTRICTED_HS
2024-12-23 15:55:40,235 [WARN] ModelIntegratedComponent:188 - Modes not found for component STMicroelectronics:USB_HOST:1.0.0:STMicroelectronics:USB::USB Host:MSC HS::1.0:USB_HOST_1_0_RESTRICTED_HS
2024-12-23 15:55:40,235 [WARN] ModelIntegratedComponent:182 - Modes not found for component STMicroelectronics:USB_HOST:1.0.0:STMicroelectronics:USB::USB Host:HID HS::1.0:USB_HOST_1_0_RESTRICTED_HS
2024-12-23 15:55:40,235 [WARN] ModelIntegratedComponent:188 - Modes not found for component STMicroelectronics:USB_HOST:1.0.0:STMicroelectronics:USB::USB Host:HID HS::1.0:USB_HOST_1_0_RESTRICTED_HS
2024-12-23 15:55:40,235 [WARN] ModelIntegratedComponent:182 - Modes not found for component STMicroelectronics:USB_HOST:1.0.0:STMicroelectronics:USB::USB Host:MTP HS::1.0:USB_HOST_1_0_RESTRICTED_HS
2024-12-23 15:55:40,235 [WARN] ModelIntegratedComponent:188 - Modes not found for component STMicroelectronics:USB_HOST:1.0.0:STMicroelectronics:USB::USB Host:MTP HS::1.0:USB_HOST_1_0_RESTRICTED_HS
2024-12-23 15:55:40,289 [INFO] ThirdPartyModel:298 - Start build external matchings
2024-12-23 15:55:41,076 [INFO] ThirdPartyModel:316 - End build external matchings
2024-12-23 15:55:41,215 [INFO] UtilMem:75 - End LoadConfig() Used Memory: 842243016 Bytes (1073741824)
2024-12-23 15:55:41,231 [WARN] ThirdParty:833 - waiting for thirdparty lock release [change project]
2024-12-23 15:55:41,231 [INFO] ThirdParty:835 - entering critical section [change project]
2024-12-23 15:55:41,231 [INFO] ThirdParty:1030 - CMSIS Pack Vendor :STMicroelectronics USBPD 4.1
2024-12-23 15:55:41,231 [INFO] ThirdParty:1030 - CMSIS Pack Vendor :STMicroelectronics X-CUBE-GNSS1 6.0.0
2024-12-23 15:55:41,231 [INFO] ThirdParty:1030 - CMSIS Pack Vendor :STMicroelectronics USB_HOST 2.0.0
2024-12-23 15:55:41,231 [INFO] ThirdParty:1030 - CMSIS Pack Vendor :STMicroelectronics FP-SNS-MOTENVWB1 1.4.0
2024-12-23 15:55:41,231 [INFO] ThirdParty:1030 - CMSIS Pack Vendor :STMicroelectronics X-CUBE-AZRTOS-F4 1.1.0
2024-12-23 15:55:41,231 [INFO] ThirdParty:1030 - CMSIS Pack Vendor :STMicroelectronics LIBJPEG 8.0.0
2024-12-23 15:55:41,231 [INFO] ThirdParty:1030 - CMSIS Pack Vendor :wolfSSL I-CUBE-wolfSSL 5.6.4
2024-12-23 15:55:41,231 [INFO] ThirdParty:1030 - CMSIS Pack Vendor :STMicroelectronics FP-ATR-ASTRA1 2.0.1
2024-12-23 15:55:41,231 [INFO] ThirdParty:1030 - CMSIS Pack Vendor :STMicroelectronics X-CUBE-SMBUS 2.1.0
2024-12-23 15:55:41,231 [INFO] ThirdParty:1030 - CMSIS Pack Vendor :STMicroelectronics X-CUBE-WB05N 1.1.0
2024-12-23 15:55:41,231 [INFO] ThirdParty:1030 - CMSIS Pack Vendor :STMicroelectronics X-CUBE-ISPU 2.1.0
2024-12-23 15:55:41,231 [INFO] ThirdParty:1030 - CMSIS Pack Vendor :STMicroelectronics X-CUBE-FREERTOS 1.2.0
2024-12-23 15:55:41,231 [INFO] ThirdParty:1030 - CMSIS Pack Vendor :STMicroelectronics X-CUBE-TOUCHGFX 4.23.0
2024-12-23 15:55:41,231 [INFO] ThirdParty:1030 - CMSIS Pack Vendor :STMicroelectronics X-CUBE-TOUCHGFX 4.23.2
2024-12-23 15:55:41,231 [INFO] ThirdParty:1030 - CMSIS Pack Vendor :STMicroelectronics X-CUBE-AZRTOS-F7 1.1.0
2024-12-23 15:55:41,231 [INFO] ThirdParty:1030 - CMSIS Pack Vendor :STMicroelectronics X-CUBE-AZRTOS-L5 2.0.0
2024-12-23 15:55:41,231 [INFO] ThirdParty:1030 - CMSIS Pack Vendor :STMicroelectronics USB_DEVICE 2.0.0
2024-12-23 15:55:41,231 [INFO] ThirdParty:1030 - CMSIS Pack Vendor :STMicroelectronics X-CUBE-EEPRMA1 4.2.0
2024-12-23 15:55:41,231 [INFO] ThirdParty:1030 - CMSIS Pack Vendor :STMicroelectronics X-CUBE-NFC6 3.1.0
2024-12-23 15:55:41,231 [INFO] ThirdParty:1030 - CMSIS Pack Vendor :ITTIA_DB I-CUBE-ITTIADB 8.8.0
2024-12-23 15:55:41,231 [INFO] ThirdParty:1030 - CMSIS Pack Vendor :STMicroelectronics FP-SNS-MOTENV1 4.3.2
2024-12-23 15:55:41,231 [INFO] ThirdParty:1030 - CMSIS Pack Vendor :STMicroelectronics X-CUBE-MEMS1 11.0.0
2024-12-23 15:55:41,232 [INFO] ThirdParty:1030 - CMSIS Pack Vendor :STMicroelectronics FreeRTOS 0.0.1
2024-12-23 15:55:41,232 [INFO] ThirdParty:1030 - CMSIS Pack Vendor :STMicroelectronics X-CUBE-DPower 1.2.0
2024-12-23 15:55:41,232 [INFO] ThirdParty:1030 - CMSIS Pack Vendor :STMicroelectronics FP-SNS-FLIGHT1 5.0.2
2024-12-23 15:55:41,232 [INFO] ThirdParty:1030 - CMSIS Pack Vendor :STMicroelectronics X-CUBE-AI 9.0.0
2024-12-23 15:55:41,232 [INFO] ThirdParty:1030 - CMSIS Pack Vendor :STMicroelectronics PDM2PCM 3.3.0
2024-12-23 15:55:41,232 [INFO] ThirdParty:1030 - CMSIS Pack Vendor :STMicroelectronics X-CUBE-DISPLAY 3.0.0
2024-12-23 15:55:41,232 [INFO] ThirdParty:1030 - CMSIS Pack Vendor :STMicroelectronics X-CUBE-BLE1 7.0.0
2024-12-23 15:55:41,232 [INFO] ThirdParty:1030 - CMSIS Pack Vendor :STMicroelectronics X-CUBE-NFC10 1.0.0
2024-12-23 15:55:41,232 [INFO] ThirdParty:1030 - CMSIS Pack Vendor :STMicroelectronics X-CUBE-BLEMGR 4.0.0
2024-12-23 15:55:41,232 [INFO] ThirdParty:1030 - CMSIS Pack Vendor :STMicroelectronics HAL Drivers 0.0.0
2024-12-23 15:55:41,232 [INFO] ThirdParty:1030 - CMSIS Pack Vendor :emotas I-CUBE-CANOPEN 1.3.0
2024-12-23 15:55:41,232 [INFO] ThirdParty:1030 - CMSIS Pack Vendor :STMicroelectronics X-CUBE-FREERTOS 1.3.0
2024-12-23 15:55:41,232 [INFO] ThirdParty:1030 - CMSIS Pack Vendor :STMicroelectronics X-CUBE-NFC7 1.0.1
2024-12-23 15:55:41,232 [INFO] ThirdParty:1030 - CMSIS Pack Vendor :STMicroelectronics MBEDTLS 2.14.1
2024-12-23 15:55:41,232 [INFO] ThirdParty:1030 - CMSIS Pack Vendor :STMicroelectronics X-CUBE-NFC6 3.0.0
2024-12-23 15:55:41,232 [INFO] ThirdParty:1030 - CMSIS Pack Vendor :STMicroelectronics X-CUBE-BLEMGR 3.1.0
2024-12-23 15:55:41,232 [INFO] ThirdParty:1030 - CMSIS Pack Vendor :STMicroelectronics FP-SNS-SMARTAG2 1.2.0
2024-12-23 15:55:41,232 [INFO] ThirdParty:1030 - CMSIS Pack Vendor :STMicroelectronics X-CUBE-MEMS1 11.1.0
2024-12-23 15:55:41,232 [INFO] ThirdParty:1030 - CMSIS Pack Vendor :STMicroelectronics X-CUBE-AZRTOS-WL 2.0.0
2024-12-23 15:55:41,232 [INFO] ThirdParty:1030 - CMSIS Pack Vendor :STMicroelectronics FP-SNS-MOTENV1 5.0.0
2024-12-23 15:55:41,232 [INFO] ThirdParty:1030 - CMSIS Pack Vendor :STMicroelectronics USB_DEVICE 1.0.0
2024-12-23 15:55:41,232 [INFO] ThirdParty:1030 - CMSIS Pack Vendor :STMicroelectronics X-CUBE-AI 8.1.0
2024-12-23 15:55:41,232 [INFO] ThirdParty:1030 - CMSIS Pack Vendor :wolfSSL I-CUBE-wolfMQTT 1.19.0
2024-12-23 15:55:41,232 [INFO] ThirdParty:1030 - CMSIS Pack Vendor :STMicroelectronics X-CUBE-AZRTOS-L4 2.0.0
2024-12-23 15:55:41,232 [INFO] ThirdParty:1030 - CMSIS Pack Vendor :STMicroelectronics ThreadX 0.0.2
2024-12-23 15:55:41,232 [INFO] ThirdParty:1030 - CMSIS Pack Vendor :WES I-CUBE-Cesium 1.3.0
2024-12-23 15:55:41,232 [INFO] ThirdParty:1030 - CMSIS Pack Vendor :STMicroelectronics lwIP 2.1.2
2024-12-23 15:55:41,232 [INFO] ThirdParty:1030 - CMSIS Pack Vendor :STMicroelectronics X-CUBE-SFXS2LP1 4.0.0
2024-12-23 15:55:41,232 [INFO] ThirdParty:1030 - CMSIS Pack Vendor :STMicroelectronics X-CUBE-BLE2 3.3.0
2024-12-23 15:55:41,232 [INFO] ThirdParty:1030 - CMSIS Pack Vendor :STMicroelectronics PDM2PCM 3.2.0
2024-12-23 15:55:41,232 [INFO] ThirdParty:1030 - CMSIS Pack Vendor :STMicroelectronics X-CUBE-AZRTOS-H7 3.3.0
2024-12-23 15:55:41,232 [INFO] ThirdParty:1030 - CMSIS Pack Vendor :STMicroelectronics X-CUBE-NFC9 1.0.0
2024-12-23 15:55:41,232 [INFO] ThirdParty:1030 - CMSIS Pack Vendor :STMicroelectronics USB_DEVICE 3.0.0
2024-12-23 15:55:41,232 [INFO] ThirdParty:1030 - CMSIS Pack Vendor :STMicroelectronics X-CUBE-TCPP 4.1.0
2024-12-23 15:55:41,232 [INFO] ThirdParty:1030 - CMSIS Pack Vendor :STMicroelectronics X-CUBE-IPS 3.0.0
2024-12-23 15:55:41,232 [INFO] ThirdParty:1030 - CMSIS Pack Vendor :STMicroelectronics X-CUBE-AZRTOS-WB 2.0.0
2024-12-23 15:55:41,232 [INFO] ThirdParty:1030 - CMSIS Pack Vendor :STMicroelectronics X-CUBE-GNSS1 7.0.0
2024-12-23 15:55:41,232 [INFO] ThirdParty:1030 - CMSIS Pack Vendor :STMicroelectronics X-CUBE-GNSS1 7.0.1
2024-12-23 15:55:41,232 [INFO] ThirdParty:1030 - CMSIS Pack Vendor :STMicroelectronics FP-SNS-STBOX1 2.0.0
2024-12-23 15:55:41,232 [INFO] ThirdParty:1030 - CMSIS Pack Vendor :STMicroelectronics X-CUBE-ALGOBUILD 1.3.0
2024-12-23 15:55:41,232 [INFO] ThirdParty:1030 - CMSIS Pack Vendor :STMicroelectronics X-CUBE-AZRTOS-G0 1.1.0
2024-12-23 15:55:41,232 [INFO] ThirdParty:1030 - CMSIS Pack Vendor :STMicroelectronics X-CUBE-SAFEA1 1.2.2
2024-12-23 15:55:41,232 [INFO] ThirdParty:1030 - CMSIS Pack Vendor :STMicroelectronics X-CUBE-NFC4 3.0.0
2024-12-23 15:55:41,232 [INFO] ThirdParty:1030 - CMSIS Pack Vendor :STMicroelectronics X-CUBE-SUBG2 5.0.0
2024-12-23 15:55:41,232 [INFO] ThirdParty:1030 - CMSIS Pack Vendor :STMicroelectronics STM32_WPAN 1.0.0
2024-12-23 15:55:41,232 [INFO] ThirdParty:1030 - CMSIS Pack Vendor :wolfSSL I-CUBE-wolfMQTT 1.18.0
2024-12-23 15:55:41,232 [INFO] ThirdParty:1030 - CMSIS Pack Vendor :EmbeddedOffice I-CUBE-FS-RTOS 1.0.1
2024-12-23 15:55:41,232 [INFO] ThirdParty:1030 - CMSIS Pack Vendor :STMicroelectronics lwIP 2.0.3
2024-12-23 15:55:41,232 [INFO] ThirdParty:1030 - CMSIS Pack Vendor :STMicroelectronics USB_HOST 1.0.0
2024-12-23 15:55:41,232 [INFO] ThirdParty:1030 - CMSIS Pack Vendor :STMicroelectronics X-CUBE-AZRTOS-G4 2.0.0
2024-12-23 15:55:41,233 [INFO] ThirdParty:1030 - CMSIS Pack Vendor :STMicroelectronics PDM2PCM 3.1.0
2024-12-23 15:55:41,233 [INFO] ThirdParty:1030 - CMSIS Pack Vendor :Infineon AIROC-Wi-Fi-Bluetooth-STM32 1.5.1
2024-12-23 15:55:41,233 [INFO] ThirdParty:1030 - CMSIS Pack Vendor :STMicroelectronics X-CUBE-BLEMGR 3.0.0
2024-12-23 15:55:41,233 [INFO] ThirdParty:1030 - CMSIS Pack Vendor :RealThread X-CUBE-RT-Thread_Nano 4.1.1
2024-12-23 15:55:41,233 [INFO] ThirdParty:1030 - CMSIS Pack Vendor :STMicroelectronics FP-SNS-MOTENVWB1 1.3.1
2024-12-23 15:55:41,233 [INFO] ThirdParty:1030 - CMSIS Pack Vendor :STMicroelectronics FP-ATR-SIGFOX1 3.2.0
2024-12-23 15:55:41,233 [INFO] ThirdParty:1030 - CMSIS Pack Vendor :quantropi X-CUBE-qispace-sdk-base 1.9.3
2024-12-23 15:55:41,233 [INFO] ThirdParty:1030 - CMSIS Pack Vendor :STMicroelectronics X-CUBE-ISPU 2.0.0
2024-12-23 15:55:41,233 [INFO] ThirdParty:1030 - CMSIS Pack Vendor :STMicroelectronics X-CUBE-EEPRMA1 5.1.0
2024-12-23 15:55:41,233 [INFO] ThirdParty:1030 - CMSIS Pack Vendor :STMicroelectronics MBEDTLS 2.16.2
2024-12-23 15:55:41,233 [INFO] ThirdParty:1030 - CMSIS Pack Vendor :STMicroelectronics X-CUBE-ALS 1.0.2
2024-12-23 15:55:41,233 [INFO] ThirdParty:1030 - CMSIS Pack Vendor :STMicroelectronics X-CUBE-MEMS1 10.0.0
2024-12-23 15:55:41,233 [INFO] ThirdParty:1030 - CMSIS Pack Vendor :STMicroelectronics X-CUBE-FREERTOS 1.1.0
2024-12-23 15:55:41,233 [INFO] ThirdParty:1030 - CMSIS Pack Vendor :STMicroelectronics X-CUBE-TOUCHGFX 4.24.0
2024-12-23 15:55:41,233 [INFO] ThirdParty:1030 - CMSIS Pack Vendor :STMicroelectronics X-CUBE-TOUCHGFX 4.24.1
2024-12-23 15:55:41,233 [INFO] ThirdParty:1030 - CMSIS Pack Vendor :wolfSSL I-CUBE-wolfTPM 3.4.0
2024-12-23 15:55:41,233 [INFO] ThirdParty:1030 - CMSIS Pack Vendor :portGmbH I-Cube-SoM-uGOAL 1.1.0
2024-12-23 15:55:41,233 [INFO] ThirdParty:1030 - CMSIS Pack Vendor :STMicroelectronics X-CUBE-ALS 1.0.1
2024-12-23 15:55:41,233 [INFO] ThirdParty:1030 - CMSIS Pack Vendor :STMicroelectronics ThreadX 1.0.0
2024-12-23 15:55:41,233 [INFO] ThirdParty:1030 - CMSIS Pack Vendor :SEGGER I-CUBE-embOS 1.3.1
2024-12-23 15:55:41,233 [INFO] ThirdParty:1030 - CMSIS Pack Vendor :STMicroelectronics X-CUBE-ALGOBUILD 1.4.0
2024-12-23 15:55:41,233 [INFO] ThirdParty:1030 - CMSIS Pack Vendor :STMicroelectronics X-CUBE-AZRTOS-H7RS 1.0.0
2024-12-23 15:55:41,233 [INFO] ThirdParty:1030 - CMSIS Pack Vendor :STMicroelectronics FP-ATR-ASTRA1 2.0.0
2024-12-23 15:55:41,233 [INFO] ThirdParty:1030 - CMSIS Pack Vendor :STMicroelectronics X-CUBE-TOF1 3.4.2
2024-12-23 15:55:41,233 [INFO] ThirdParty:1030 - CMSIS Pack Vendor :STMicroelectronics X-CUBE-AI 9.1.0
2024-12-23 15:55:41,233 [INFO] ThirdParty:1030 - CMSIS Pack Vendor :STMicroelectronics X-CUBE-TOF1 3.4.0
2024-12-23 15:55:41,233 [INFO] ThirdParty:1030 - CMSIS Pack Vendor :STMicroelectronics X-CUBE-TOF1 3.4.1
2024-12-23 15:55:41,233 [INFO] ThirdParty:1030 - CMSIS Pack Vendor :STMicroelectronics X-CUBE-AZRTOS-H7 3.2.0
2024-12-23 15:55:41,233 [INFO] ThirdParty:1030 - CMSIS Pack Vendor :wolfSSL I-CUBE-wolfSSH 1.4.17
2024-12-23 15:55:41,233 [INFO] ThirdParty:841 - exiting critical section [change project]
2024-12-23 15:55:41,385 [INFO] PinOutPanel:1561 - setPackage(No Configuration,No Configuration)
2024-12-23 15:55:41,386 [INFO] PinOutPanel:1561 - setPackage(STM32F401CCUx,UFQFPN48)
2024-12-23 15:55:41,711 [INFO] UtilMem:75 - Before build in PCC Used Memory: 530155392 Bytes (1073741824)
2024-12-23 15:55:42,307 [INFO] UtilMem:75 - After build in PCC Used Memory: 634518104 Bytes (1073741824)
2024-12-23 15:55:42,327 [INFO] IPUIPlugin:80 - create IPUIPlugin
2024-12-23 15:55:42,327 [INFO] IPUIPlugin:80 - create IPUIPlugin
2024-12-23 15:55:42,327 [INFO] IPUIPlugin:80 - create IPUIPlugin
2024-12-23 15:55:42,327 [INFO] IPUIPlugin:80 - create IPUIPlugin
2024-12-23 15:55:42,327 [INFO] IPUIPlugin:80 - create IPUIPlugin
2024-12-23 15:55:42,327 [INFO] IPUIPlugin:80 - create IPUIPlugin
2024-12-23 15:55:42,327 [INFO] IPUIPlugin:80 - create IPUIPlugin
2024-12-23 15:55:42,327 [INFO] IPUIPlugin:80 - create IPUIPlugin
2024-12-23 15:55:42,327 [INFO] IPUIPlugin:80 - create IPUIPlugin
2024-12-23 15:55:42,327 [INFO] IPUIPlugin:80 - create IPUIPlugin
2024-12-23 15:55:42,327 [INFO] IPUIPlugin:80 - create IPUIPlugin
2024-12-23 15:55:42,327 [INFO] IPUIPlugin:80 - create IPUIPlugin
2024-12-23 15:55:42,327 [INFO] IPUIPlugin:80 - create IPUIPlugin
2024-12-23 15:55:42,327 [INFO] IPUIPlugin:80 - create IPUIPlugin
2024-12-23 15:55:42,327 [INFO] IPUIPlugin:80 - create IPUIPlugin
2024-12-23 15:55:42,328 [INFO] IPUIPlugin:80 - create IPUIPlugin
2024-12-23 15:55:42,328 [INFO] IPUIPlugin:80 - create IPUIPlugin
2024-12-23 15:55:42,328 [INFO] IPUIPlugin:80 - create IPUIPlugin
2024-12-23 15:55:42,328 [INFO] IPUIPlugin:80 - create IPUIPlugin
2024-12-23 15:55:42,328 [INFO] IPUIPlugin:80 - create IPUIPlugin
2024-12-23 15:55:42,329 [INFO] IPUIPlugin:80 - create IPUIPlugin
2024-12-23 15:55:42,329 [INFO] IPUIPlugin:80 - create IPUIPlugin
2024-12-23 15:55:42,329 [INFO] IPUIPlugin:80 - create IPUIPlugin
2024-12-23 15:55:42,329 [INFO] IPUIPlugin:80 - create IPUIPlugin
2024-12-23 15:55:42,329 [INFO] IPUIPlugin:80 - create IPUIPlugin
2024-12-23 15:55:42,330 [INFO] IPUIPlugin:80 - create IPUIPlugin
2024-12-23 15:55:42,330 [INFO] IPUIPlugin:80 - create IPUIPlugin
2024-12-23 15:55:42,330 [INFO] IPUIPlugin:80 - create IPUIPlugin
2024-12-23 15:55:42,331 [INFO] IPUIPlugin:80 - create IPUIPlugin
2024-12-23 15:55:42,331 [INFO] IPUIPlugin:80 - create IPUIPlugin
2024-12-23 15:55:42,331 [INFO] IPUIPlugin:80 - create IPUIPlugin
2024-12-23 15:55:42,332 [INFO] IPUIPlugin:80 - create IPUIPlugin
2024-12-23 15:55:42,332 [INFO] IPUIPlugin:80 - create IPUIPlugin
2024-12-23 15:55:42,333 [INFO] IPUIPlugin:80 - create IPUIPlugin
2024-12-23 15:55:42,333 [INFO] IPUIPlugin:80 - create IPUIPlugin
2024-12-23 15:55:42,334 [INFO] IPUIPlugin:80 - create IPUIPlugin
2024-12-23 15:55:42,334 [INFO] IPUIPlugin:80 - create IPUIPlugin
2024-12-23 15:55:42,435 [INFO] ApiDbMcu:508 - Load IP Config File for PDM2PCM
2024-12-23 15:55:42,624 [INFO] CADModel:165 - CPN selected for project levelSTM32F401CCU6
2024-12-23 15:55:42,624 [INFO] CADModel:114 - Register for checkConnection events
2024-12-23 15:55:42,667 [INFO] OpenFileManager:363 - Restore cursor
2024-12-23 15:55:42,947 [INFO] UtilMem:75 - End SaveConfig() Used Memory: 792940928 Bytes (1073741824)
2024-12-23 15:55:43,654 [INFO] ServerAccessManage:473 - Download File stm32cube_fw_f4_v1280.zip
2024-12-23 15:56:50,060 [INFO] AnalyticsPlugin:368 - Accepted License(s): [FW.F4.1.28.0]
2024-12-23 15:56:50,061 [INFO] FileExtend:240 - Unzip File : stm32cube_fw_f4_v1280.zip
2024-12-23 15:56:50,062 [INFO] FileExtend:255 - Standard Zip Deflate
2024-12-23 15:57:42,280 [INFO] ServerAccessManage:473 - Download File stm32cube_fw_f4_v1281.zip
2024-12-23 15:58:10,523 [INFO] FileExtend:240 - Unzip File : stm32cube_fw_f4_v1281.zip
2024-12-23 15:58:10,523 [INFO] FileExtend:255 - Standard Zip Deflate
2024-12-23 15:58:40,349 [INFO] LoadServerPackagesThread:196 - End of LoadServerPackages Thread
2024-12-23 15:58:40,467 [INFO] ThirdPartyModel:298 - Start build external matchings
2024-12-23 15:58:40,472 [INFO] UtilMem:75 - End SaveConfig() Used Memory: 815671400 Bytes (1073741824)
2024-12-23 15:58:40,816 [INFO] BlockDiagram:2766 - set Specific Code input for plugin: NVIC
2024-12-23 15:58:40,816 [INFO] BlockDiagram:2766 - set Specific Code input for plugin: RCC
2024-12-23 15:58:40,817 [INFO] CodeGenerator:807 - code generatio: config db path: C:\ST\STM32CubeIDE_1.16.1\STM32CubeIDE\plugins\com.st.stm32cube.common.mx_6.12.1.202409122256\\db\
2024-12-23 15:58:40,947 [INFO] CodeEngine:255 - oldGeneratedFile, C:\Users\RND1\STM32CubeIDE\workspace_1.16.1\f401test\MXTmpFiles\license.tmp_save
2024-12-23 15:58:41,235 [INFO] CodeEngine:279 - Generated code: C:\Users\RND1\STM32CubeIDE\workspace_1.16.1\f401test\MXTmpFiles\license.tmp
2024-12-23 15:58:41,257 [INFO] CodeEngine:255 - oldGeneratedFile, C:\Users\RND1\STM32CubeIDE\workspace_1.16.1\f401test\Core\Src\stm32f4xx_it.c_save
2024-12-23 15:58:41,438 [INFO] CodeEngine:279 - Generated code: C:\Users\RND1\STM32CubeIDE\workspace_1.16.1\f401test\Core\Src\stm32f4xx_it.c
2024-12-23 15:58:41,453 [INFO] CodeEngine:255 - oldGeneratedFile, C:\Users\RND1\STM32CubeIDE\workspace_1.16.1\f401test\Core\Inc\stm32f4xx_it.h_save
2024-12-23 15:58:41,563 [INFO] CodeEngine:279 - Generated code: C:\Users\RND1\STM32CubeIDE\workspace_1.16.1\f401test\Core\Inc\stm32f4xx_it.h
2024-12-23 15:58:41,668 [INFO] CodeEngine:255 - oldGeneratedFile, C:\Users\RND1\STM32CubeIDE\workspace_1.16.1\f401test\Core\Src\stm32f4xx_hal_msp.c_save
2024-12-23 15:58:41,775 [INFO] ThirdPartyModel:316 - End build external matchings
2024-12-23 15:58:41,790 [INFO] CheckServerUpdateThread:120 - End of CheckServer Thread
2024-12-23 15:58:41,791 [INFO] CodeEngine:279 - Generated code: C:\Users\RND1\STM32CubeIDE\workspace_1.16.1\f401test\Core\Src\stm32f4xx_hal_msp.c
2024-12-23 15:58:41,800 [INFO] CodeEngine:255 - oldGeneratedFile, C:\Users\RND1\STM32CubeIDE\workspace_1.16.1\f401test\MXTmpFiles\system.tmp_save
2024-12-23 15:58:41,857 [INFO] CodeEngine:279 - Generated code: C:\Users\RND1\STM32CubeIDE\workspace_1.16.1\f401test\MXTmpFiles\system.tmp
2024-12-23 15:58:41,873 [INFO] CodeEngine:311 - oldGeneratedFile, C:\Users\RND1\STM32CubeIDE\workspace_1.16.1\f401test\Core\Inc\stm32f4xx_hal_conf.h_save
2024-12-23 15:58:41,946 [INFO] CodeEngine:335 - Generated code: C:\Users\RND1\STM32CubeIDE\workspace_1.16.1\f401test\Core\Inc\stm32f4xx_hal_conf.h
2024-12-23 15:58:41,997 [INFO] CodeEngine:255 - oldGeneratedFile, C:\Users\RND1\STM32CubeIDE\workspace_1.16.1\f401test\Core\Inc\main.h_save
2024-12-23 15:58:42,076 [INFO] CodeEngine:279 - Generated code: C:\Users\RND1\STM32CubeIDE\workspace_1.16.1\f401test\Core\Inc\main.h
2024-12-23 15:58:42,086 [INFO] CodeEngine:255 - oldGeneratedFile, C:\Users\RND1\STM32CubeIDE\workspace_1.16.1\f401test\Core\Src\main.c_save
2024-12-23 15:58:42,185 [INFO] CodeEngine:279 - Generated code: C:\Users\RND1\STM32CubeIDE\workspace_1.16.1\f401test\Core\Src\main.c
2024-12-23 15:58:42,402 [INFO] ProjectBuilder:3249 - Time for Copy HAL[1] : 77mS.
2024-12-23 15:58:42,406 [INFO] ProjectBuilder:4828 - Project Generator version: 4.5.0-B34
2024-12-23 15:58:42,459 [INFO] ConfigFileManager:1531 - The Die is : DIE423
2024-12-23 15:58:42,472 [INFO] ApiDbMcu:508 - Load IP Config File for FATFS
2024-12-23 15:58:42,482 [INFO] ApiDbMcu:508 - Load IP Config File for FREERTOS
2024-12-23 15:58:42,491 [INFO] ApiDbMcu:508 - Load IP Config File for LIBJPEG
2024-12-23 15:58:42,501 [INFO] ApiDbMcu:508 - Load IP Config File for MBEDTLS
2024-12-23 15:58:42,514 [INFO] ApiDbMcu:508 - Load IP Config File for USB_DEVICE
2024-12-23 15:58:42,523 [INFO] ApiDbMcu:508 - Load IP Config File for USB_HOST
2024-12-23 15:58:42,950 [INFO] LogOutputStream:77 - [STDOUT_REDIRECT] 
2024-12-23 15:58:44,954 [INFO] ProjectBuilder:5097 - Time for Generating toolchain IDE Files: 2548mS.
2024-12-23 15:58:44,955 [INFO] ProjectBuilder:3107 - Time for Copy CMSIS : 1mS.
2024-12-23 15:58:44,956 [INFO] ProjectBuilder:3107 - Time for Copy CMSIS : 0mS.
2024-12-23 15:58:45,387 [INFO] McuFinderGlobals:76 - Set McuFinderConnectedMode to true
2024-12-23 15:58:45,390 [INFO] ApiDb:448 - Save user favorites file C:\Users\RND1/.stm32cubeide/favorites.mcus.txt: 0 item(s)
2024-12-23 15:58:45,390 [INFO] ApiDb:452 - User favorites MCUs=[]
2024-12-23 16:06:18,447 [INFO] Gpio:277 - dependency for GPIO [RCC]
2024-12-23 16:07:26,365 [INFO] UtilMem:75 - End SaveConfig() Used Memory: 935546296 Bytes (1073741824)
2024-12-23 16:07:27,744 [INFO] UtilMem:75 - End SaveConfig() Used Memory: 672545312 Bytes (1073741824)
2024-12-23 16:07:27,845 [INFO] BlockDiagram:2766 - set Specific Code input for plugin: NVIC
2024-12-23 16:07:27,845 [INFO] BlockDiagram:2766 - set Specific Code input for plugin: SYS
2024-12-23 16:07:27,845 [INFO] BlockDiagram:2766 - set Specific Code input for plugin: GPIO
2024-12-23 16:07:27,845 [INFO] BlockDiagram:2766 - set Specific Code input for plugin: RCC
2024-12-23 16:07:27,846 [INFO] CodeGenerator:807 - code generatio: config db path: C:\ST\STM32CubeIDE_1.16.1\STM32CubeIDE\plugins\com.st.stm32cube.common.mx_6.12.1.202409122256\\db\
2024-12-23 16:07:27,883 [INFO] CodeEngine:255 - oldGeneratedFile, C:\Users\RND1\STM32CubeIDE\workspace_1.16.1\f401test\MXTmpFiles\license.tmp_save
2024-12-23 16:07:27,953 [INFO] CodeEngine:279 - Generated code: C:\Users\RND1\STM32CubeIDE\workspace_1.16.1\f401test\MXTmpFiles\license.tmp
2024-12-23 16:07:28,003 [INFO] CodeEngine:255 - oldGeneratedFile, C:\Users\RND1\STM32CubeIDE\workspace_1.16.1\f401test\MXTmpFiles\gpio.tmp_save
2024-12-23 16:07:28,107 [INFO] CodeEngine:279 - Generated code: C:\Users\RND1\STM32CubeIDE\workspace_1.16.1\f401test\MXTmpFiles\gpio.tmp
2024-12-23 16:07:28,134 [INFO] CodeEngine:255 - oldGeneratedFile, C:\Users\RND1\STM32CubeIDE\workspace_1.16.1\f401test\Core\Src\stm32f4xx_it.c_save
2024-12-23 16:07:28,255 [INFO] CodeEngine:279 - Generated code: C:\Users\RND1\STM32CubeIDE\workspace_1.16.1\f401test\Core\Src\stm32f4xx_it.c
2024-12-23 16:07:28,259 [INFO] CodeEngine:255 - oldGeneratedFile, C:\Users\RND1\STM32CubeIDE\workspace_1.16.1\f401test\Core\Inc\stm32f4xx_it.h_save
2024-12-23 16:07:28,300 [INFO] CodeEngine:279 - Generated code: C:\Users\RND1\STM32CubeIDE\workspace_1.16.1\f401test\Core\Inc\stm32f4xx_it.h
2024-12-23 16:07:28,315 [INFO] CodeEngine:255 - oldGeneratedFile, C:\Users\RND1\STM32CubeIDE\workspace_1.16.1\f401test\Core\Src\stm32f4xx_hal_msp.c_save
2024-12-23 16:07:28,368 [INFO] CodeEngine:279 - Generated code: C:\Users\RND1\STM32CubeIDE\workspace_1.16.1\f401test\Core\Src\stm32f4xx_hal_msp.c
2024-12-23 16:07:28,370 [INFO] CodeEngine:255 - oldGeneratedFile, C:\Users\RND1\STM32CubeIDE\workspace_1.16.1\f401test\MXTmpFiles\system.tmp_save
2024-12-23 16:07:28,411 [INFO] CodeEngine:279 - Generated code: C:\Users\RND1\STM32CubeIDE\workspace_1.16.1\f401test\MXTmpFiles\system.tmp
2024-12-23 16:07:28,423 [INFO] CodeEngine:311 - oldGeneratedFile, C:\Users\RND1\STM32CubeIDE\workspace_1.16.1\f401test\Core\Inc\stm32f4xx_hal_conf.h_save
2024-12-23 16:07:28,488 [INFO] CodeEngine:335 - Generated code: C:\Users\RND1\STM32CubeIDE\workspace_1.16.1\f401test\Core\Inc\stm32f4xx_hal_conf.h
2024-12-23 16:07:28,514 [INFO] CodeEngine:255 - oldGeneratedFile, C:\Users\RND1\STM32CubeIDE\workspace_1.16.1\f401test\Core\Inc\main.h_save
2024-12-23 16:07:28,558 [INFO] CodeEngine:279 - Generated code: C:\Users\RND1\STM32CubeIDE\workspace_1.16.1\f401test\Core\Inc\main.h
2024-12-23 16:07:28,568 [INFO] CodeEngine:255 - oldGeneratedFile, C:\Users\RND1\STM32CubeIDE\workspace_1.16.1\f401test\Core\Src\main.c_save
2024-12-23 16:07:28,652 [INFO] CodeEngine:279 - Generated code: C:\Users\RND1\STM32CubeIDE\workspace_1.16.1\f401test\Core\Src\main.c
2024-12-23 16:07:28,816 [INFO] ProjectBuilder:3249 - Time for Copy HAL[1] : 87mS.
2024-12-23 16:07:28,818 [INFO] ProjectBuilder:4828 - Project Generator version: 4.5.0-B34
2024-12-23 16:07:28,856 [INFO] ConfigFileManager:1531 - The Die is : DIE423
2024-12-23 16:07:29,548 [INFO] ProjectBuilder:5097 - Time for Generating toolchain IDE Files: 729mS.
2024-12-23 16:07:29,548 [INFO] ProjectBuilder:3107 - Time for Copy CMSIS : 0mS.
2024-12-23 16:07:29,549 [INFO] ProjectBuilder:3107 - Time for Copy CMSIS : 0mS.
2024-12-23 16:21:39,424 [ERROR] LogOutputStream:75 - [STDERR_REDIRECT] 
