2024-12-30 10:32:39,554 [INFO] Activator:176 - 


2024-12-30 10:32:39,558 [INFO] Activator:177 - !SESSION log4j initialized
2024-12-30 10:32:43,933 [INFO] LogOutputStream:77 - [STDOUT_REDIRECT] 
2024-12-30 10:32:46,792 [INFO] ApplicationProperties:184 - Using Application install path: C:\ST\STM32CubeIDE_1.16.1\STM32CubeIDE\plugins\com.st.stm32cube.common.mx_6.12.1.202409122256
2024-12-30 10:32:46,804 [INFO] DbMcusXml:78 - Set database path to: C:\ST\STM32CubeIDE_1.16.1\STM32CubeIDE\plugins\com.st.stm32cube.common.mx_6.12.1.202409122256\\db\/mcu/
2024-12-30 10:32:46,804 [INFO] ApiDb:274 - Set plugin database path to: C:\ST\STM32CubeIDE_1.16.1\STM32CubeIDE\plugins\com.st.stm32cube.common.mx_6.12.1.202409122256\\db\/plugins/boardmanager/
2024-12-30 10:32:46,805 [WARN] ApiDb:259 - Overriding images path with different value:  => C:\ST\STM32CubeIDE_1.16.1\STM32CubeIDE\plugins\com.st.stm32cube.common.mx_6.12.1.202409122256\\db\/plugins/mcufinder/images/
2024-12-30 10:32:46,816 [INFO] ApiDb:250 - Set database path to: C:\Users\RND1\.stmcufinder\plugins\mcufinder//mcu/
2024-12-30 10:32:46,817 [INFO] DbMcusAds:125 - Set database path to: C:\Users\RND1\.stmcufinder\plugins\mcufinder//mcu/
2024-12-30 10:32:46,819 [INFO] CrossReferenceDbSqlite:203 - Set database path to: C:\Users\RND1\.stmcufinder\plugins\mcufinder//mcu/cs/
2024-12-30 10:32:46,898 [INFO] RulesReader:64 - Compatibility file has been processed (297 Rules)
2024-12-30 10:32:46,954 [INFO] DbMcusXml:78 - Set database path to: C:\ST\STM32CubeIDE_1.16.1\STM32CubeIDE\plugins\com.st.stm32cube.common.mx_6.12.1.202409122256\\db\/mcu/
2024-12-30 10:32:46,954 [INFO] ApiDb:274 - Set plugin database path to: C:\ST\STM32CubeIDE_1.16.1\STM32CubeIDE\plugins\com.st.stm32cube.common.mx_6.12.1.202409122256\\db\/plugins/boardmanager/
2024-12-30 10:32:46,955 [INFO] ApiDb:261 - Set plugin images path to: C:\ST\STM32CubeIDE_1.16.1\STM32CubeIDE\plugins\com.st.stm32cube.common.mx_6.12.1.202409122256\\db\/plugins/mcufinder/images/
2024-12-30 10:32:46,955 [WARN] DbFile:41 - Overriding database path with different value: C:\Users\RND1\.stmcufinder\plugins\mcufinder/ => C:\Users\RND1\.stmcufinder\plugins\mcufinder
2024-12-30 10:32:46,955 [INFO] ApiDb:250 - Set database path to: C:\Users\RND1\.stmcufinder\plugins\mcufinder//mcu/
2024-12-30 10:32:46,955 [WARN] DbFile:41 - Overriding database path with different value: C:\Users\RND1\.stmcufinder\plugins\mcufinder/ => C:\Users\RND1\.stmcufinder\plugins\mcufinder
2024-12-30 10:32:46,955 [INFO] DbMcusAds:125 - Set database path to: C:\Users\RND1\.stmcufinder\plugins\mcufinder//mcu/
2024-12-30 10:32:46,955 [WARN] DbFile:41 - Overriding database path with different value: C:\Users\RND1\.stmcufinder\plugins\mcufinder/ => C:\Users\RND1\.stmcufinder\plugins\mcufinder
2024-12-30 10:32:46,955 [WARN] DbFile:41 - Overriding database path with different value: C:\Users\RND1\.stmcufinder\plugins\mcufinder/ => C:\Users\RND1\.stmcufinder\plugins\mcufinder
2024-12-30 10:32:46,955 [INFO] CrossReferenceDbSqlite:203 - Set database path to: C:\Users\RND1\.stmcufinder\plugins\mcufinder//mcu/cs/
2024-12-30 10:32:47,008 [INFO] MainPanel:268 - HeapMemory: 268435456
2024-12-30 10:32:47,078 [INFO] DbMcusXml:78 - Set database path to: C:\ST\STM32CubeIDE_1.16.1\STM32CubeIDE\plugins\com.st.stm32cube.common.mx_6.12.1.202409122256\\db\/mcu/
2024-12-30 10:32:47,078 [INFO] ApiDb:274 - Set plugin database path to: C:\ST\STM32CubeIDE_1.16.1\STM32CubeIDE\plugins\com.st.stm32cube.common.mx_6.12.1.202409122256\\db\/plugins/boardmanager/
2024-12-30 10:32:47,078 [INFO] ApiDb:261 - Set plugin images path to: C:\ST\STM32CubeIDE_1.16.1\STM32CubeIDE\plugins\com.st.stm32cube.common.mx_6.12.1.202409122256\\db\/plugins/mcufinder/images/
2024-12-30 10:32:47,078 [WARN] DbFile:41 - Overriding database path with different value: C:\Users\RND1\.stmcufinder\plugins\mcufinder/ => C:\Users\RND1\.stmcufinder\plugins\mcufinder
2024-12-30 10:32:47,078 [INFO] ApiDb:250 - Set database path to: C:\Users\RND1\.stmcufinder\plugins\mcufinder//mcu/
2024-12-30 10:32:47,078 [WARN] DbFile:41 - Overriding database path with different value: C:\Users\RND1\.stmcufinder\plugins\mcufinder/ => C:\Users\RND1\.stmcufinder\plugins\mcufinder
2024-12-30 10:32:47,078 [INFO] DbMcusAds:125 - Set database path to: C:\Users\RND1\.stmcufinder\plugins\mcufinder//mcu/
2024-12-30 10:32:47,078 [WARN] DbFile:41 - Overriding database path with different value: C:\Users\RND1\.stmcufinder\plugins\mcufinder/ => C:\Users\RND1\.stmcufinder\plugins\mcufinder
2024-12-30 10:32:47,078 [WARN] DbFile:41 - Overriding database path with different value: C:\Users\RND1\.stmcufinder\plugins\mcufinder/ => C:\Users\RND1\.stmcufinder\plugins\mcufinder
2024-12-30 10:32:47,078 [INFO] CrossReferenceDbSqlite:203 - Set database path to: C:\Users\RND1\.stmcufinder\plugins\mcufinder//mcu/cs/
2024-12-30 10:32:47,089 [INFO] ApplicationProperties:184 - Using Application install path: C:\ST\STM32CubeIDE_1.16.1\STM32CubeIDE\plugins\com.st.stm32cube.common.mx_6.12.1.202409122256
2024-12-30 10:32:47,090 [INFO] PluginManage:196 - Search for loadable plugins [exclusion list=, ]
2024-12-30 10:32:47,092 [INFO] PluginManage:310 - Check plugin analytics
2024-12-30 10:32:47,217 [INFO] AnalyticsPlugin:253 - Accepted Software Licenses: STM32CubeMX.6.10.0
2024-12-30 10:32:47,217 [INFO] AnalyticsPlugin:255 - Accepted CMSIS Pack Licenses: 
2024-12-30 10:32:47,217 [INFO] AnalyticsPlugin:257 - Accepted Firmware Licenses: FW.G4.1.5.0,FW.G4.1.6.0,FW.F4.1.28.0
2024-12-30 10:32:47,219 [INFO] PluginManage:359 - Loaded plugin analytics (category:tool,tabindex:-1)
2024-12-30 10:32:47,219 [INFO] PluginManage:310 - Check plugin cadmodel
2024-12-30 10:32:47,233 [INFO] CADModel:105 - Init CAD model plugin
2024-12-30 10:32:47,233 [INFO] PluginManage:359 - Loaded plugin cadmodel (category:power,tabindex:5)
2024-12-30 10:32:47,234 [INFO] PluginManage:310 - Check plugin clock
2024-12-30 10:32:47,249 [INFO] PluginManage:359 - Loaded plugin clock (category:base,tabindex:2)
2024-12-30 10:32:47,249 [INFO] PluginManage:310 - Check plugin ddr
2024-12-30 10:32:47,251 [INFO] PluginManage:359 - Loaded plugin ddr (category:tool,tabindex:6)
2024-12-30 10:32:47,251 [INFO] PluginManage:310 - Check plugin filemanager
2024-12-30 10:32:47,356 [INFO] PluginManage:359 - Loaded plugin filemanager (category:base,tabindex:10)
2024-12-30 10:32:47,356 [INFO] PluginManage:310 - Check plugin ipmanager
2024-12-30 10:32:47,362 [INFO] PluginManage:359 - Loaded plugin ipmanager (category:base,tabindex:5)
2024-12-30 10:32:47,362 [INFO] PluginManage:310 - Check plugin lpbam
2024-12-30 10:32:47,377 [INFO] PluginManage:359 - Loaded plugin lpbam (category:base,tabindex:0)
2024-12-30 10:32:47,377 [INFO] PluginManage:310 - Check plugin memorymap
2024-12-30 10:32:47,396 [INFO] PluginManage:359 - Loaded plugin memorymap (category:base,tabindex:4)
2024-12-30 10:32:47,396 [INFO] PluginManage:310 - Check plugin pinoutandconfiguration
2024-12-30 10:32:47,411 [INFO] PluginManage:359 - Loaded plugin pinoutandconfiguration (category:base,tabindex:1)
2024-12-30 10:32:47,411 [INFO] PluginManage:310 - Check plugin pinoutconfig
2024-12-30 10:32:47,477 [WARN] SupportedApi:132 - Cannot load RTOS API schema: s4s-elt-must-match.1: The content of 'definitions' must match (annotation?, (simpleType | complexType)?, (unique | key | keyref)*)). A problem was found starting at: attribute.
2024-12-30 10:32:47,573 [INFO] PluginManage:359 - Loaded plugin pinoutconfig (category:base,tabindex:0)
2024-12-30 10:32:47,573 [INFO] PluginManage:310 - Check plugin power
2024-12-30 10:32:47,589 [INFO] PluginManage:359 - Loaded plugin power (category:power,tabindex:4)
2024-12-30 10:32:47,589 [INFO] PluginManage:310 - Check plugin projectmanager
2024-12-30 10:32:47,600 [INFO] PluginManage:359 - Loaded plugin projectmanager (category:projectmanager,tabindex:4)
2024-12-30 10:32:47,600 [INFO] PluginManage:310 - Check plugin rif
2024-12-30 10:32:47,613 [INFO] PluginManage:359 - Loaded plugin rif (category:base,tabindex:3)
2024-12-30 10:32:47,614 [INFO] PluginManage:310 - Check plugin thirdparty
2024-12-30 10:32:47,810 [INFO] PluginManage:359 - Loaded plugin thirdparty (category:base,tabindex:-1)
2024-12-30 10:32:47,810 [WARN] IntegrityCheckThread:84 - waiting for thirdparty lock release [integrity check]
2024-12-30 10:32:47,810 [INFO] PluginManage:310 - Check plugin tools
2024-12-30 10:32:47,810 [INFO] IntegrityCheckThread:86 - entering critical section [integrity check]
2024-12-30 10:32:47,810 [INFO] ThirdPartyUpdaterWithRetryManager:70 - Updater plugin not ready yet. [1/15]
2024-12-30 10:32:47,837 [INFO] PluginManage:359 - Loaded plugin tools (category:base,tabindex:7)
2024-12-30 10:32:47,837 [INFO] PluginManage:310 - Check plugin tutovideos
2024-12-30 10:32:47,960 [INFO] PluginManage:359 - Loaded plugin tutovideos (category:base,tabindex:-1)
2024-12-30 10:32:47,960 [INFO] PluginManage:310 - Check plugin updater
2024-12-30 10:32:47,972 [INFO] PluginManage:359 - Loaded plugin updater (category:base,tabindex:12)
2024-12-30 10:32:47,972 [INFO] PluginManage:310 - Check plugin userauth
2024-12-30 10:32:47,976 [INFO] UserAuth:113 - Init User Auth plugin
2024-12-30 10:32:47,976 [INFO] PluginManage:359 - Loaded plugin userauth (category:base,tabindex:14)
2024-12-30 10:32:47,977 [INFO] PluginManage:283 - PluginManage : Loaded plugins [18]
2024-12-30 10:32:48,112 [INFO] PinOutPanel:1561 - setPackage(No Configuration,No Configuration)
2024-12-30 10:32:48,168 [INFO] CADModel:165 - CPN selected for project level
2024-12-30 10:32:48,168 [INFO] CADModel:114 - Register for checkConnection events
2024-12-30 10:32:48,188 [INFO] IPUIPlugin:80 - create IPUIPlugin
2024-12-30 10:32:48,189 [INFO] PluginManager:220 - loadIPPluginJar : add adc
2024-12-30 10:32:48,215 [INFO] IPUIPlugin:80 - create IPUIPlugin
2024-12-30 10:32:48,215 [INFO] PluginManager:220 - loadIPPluginJar : add aes
2024-12-30 10:32:48,246 [INFO] IPUIPlugin:80 - create IPUIPlugin
2024-12-30 10:32:48,246 [INFO] PluginManager:220 - loadIPPluginJar : add can
2024-12-30 10:32:48,265 [INFO] IPUIPlugin:80 - create IPUIPlugin
2024-12-30 10:32:48,265 [INFO] PluginManager:220 - loadIPPluginJar : add comp
2024-12-30 10:32:48,289 [INFO] IPUIPlugin:80 - create IPUIPlugin
2024-12-30 10:32:48,289 [INFO] PluginManager:220 - loadIPPluginJar : add cryp
2024-12-30 10:32:48,299 [INFO] IPUIPlugin:80 - create IPUIPlugin
2024-12-30 10:32:48,299 [INFO] PluginManager:220 - loadIPPluginJar : add ddr_ctrl_phy
2024-12-30 10:32:48,321 [INFO] IPUIPlugin:80 - create IPUIPlugin
2024-12-30 10:32:48,321 [INFO] PluginManager:220 - loadIPPluginJar : add dfsdm
2024-12-30 10:32:48,339 [INFO] IPUIPlugin:80 - create IPUIPlugin
2024-12-30 10:32:48,339 [INFO] PluginManager:220 - loadIPPluginJar : add dma
2024-12-30 10:32:48,374 [INFO] IPUIPlugin:80 - create IPUIPlugin
2024-12-30 10:32:48,374 [INFO] PluginManager:220 - loadIPPluginJar : add dma3
2024-12-30 10:32:48,409 [INFO] IPUIPlugin:80 - create IPUIPlugin
2024-12-30 10:32:48,409 [INFO] PluginManager:220 - loadIPPluginJar : add extmemmanager
2024-12-30 10:32:48,426 [INFO] IPUIPlugin:80 - create IPUIPlugin
2024-12-30 10:32:48,426 [INFO] PluginManager:220 - loadIPPluginJar : add fatfs
2024-12-30 10:32:48,465 [INFO] IPUIPlugin:80 - create IPUIPlugin
2024-12-30 10:32:48,465 [INFO] PluginManager:220 - loadIPPluginJar : add fmc
2024-12-30 10:32:48,479 [INFO] IPUIPlugin:80 - create IPUIPlugin
2024-12-30 10:32:48,479 [INFO] PluginManager:220 - loadIPPluginJar : add freertos
2024-12-30 10:32:48,500 [INFO] IPUIPlugin:80 - create IPUIPlugin
2024-12-30 10:32:48,500 [INFO] PluginManager:220 - loadIPPluginJar : add genericplugin
2024-12-30 10:32:48,571 [INFO] IPUIPlugin:80 - create IPUIPlugin
2024-12-30 10:32:48,571 [INFO] PluginManager:220 - loadIPPluginJar : add gfxmmu
2024-12-30 10:32:48,665 [INFO] IPUIPlugin:80 - create IPUIPlugin
2024-12-30 10:32:48,665 [INFO] PluginManager:220 - loadIPPluginJar : add gic
2024-12-30 10:32:48,675 [INFO] IPUIPlugin:80 - create IPUIPlugin
2024-12-30 10:32:48,675 [INFO] PluginManager:220 - loadIPPluginJar : add gpio
2024-12-30 10:32:48,739 [INFO] IPUIPlugin:80 - create IPUIPlugin
2024-12-30 10:32:48,739 [INFO] PluginManager:220 - loadIPPluginJar : add gtzc
2024-12-30 10:32:48,762 [INFO] IPUIPlugin:80 - create IPUIPlugin
2024-12-30 10:32:48,762 [INFO] PluginManager:220 - loadIPPluginJar : add hash
2024-12-30 10:32:48,799 [INFO] IPUIPlugin:80 - create IPUIPlugin
2024-12-30 10:32:48,799 [INFO] PluginManager:220 - loadIPPluginJar : add i2c
2024-12-30 10:32:48,827 [INFO] IPUIPlugin:80 - create IPUIPlugin
2024-12-30 10:32:48,827 [INFO] PluginManager:220 - loadIPPluginJar : add i2s
2024-12-30 10:32:48,854 [INFO] IPUIPlugin:80 - create IPUIPlugin
2024-12-30 10:32:48,854 [INFO] PluginManager:220 - loadIPPluginJar : add i3c
2024-12-30 10:32:48,922 [INFO] IPUIPlugin:80 - create IPUIPlugin
2024-12-30 10:32:48,923 [INFO] PluginManager:220 - loadIPPluginJar : add ipddr
2024-12-30 10:32:48,986 [INFO] IPUIPlugin:80 - create IPUIPlugin
2024-12-30 10:32:48,987 [INFO] PluginManager:220 - loadIPPluginJar : add linkedlist
2024-12-30 10:32:49,013 [INFO] IPUIPlugin:80 - create IPUIPlugin
2024-12-30 10:32:49,013 [INFO] PluginManager:220 - loadIPPluginJar : add lorawan
2024-12-30 10:32:49,039 [INFO] IPUIPlugin:80 - create IPUIPlugin
2024-12-30 10:32:49,039 [INFO] PluginManager:220 - loadIPPluginJar : add ltdc
2024-12-30 10:32:49,048 [INFO] IPUIPlugin:80 - create IPUIPlugin
2024-12-30 10:32:49,048 [INFO] PluginManager:220 - loadIPPluginJar : add mdma
2024-12-30 10:32:49,057 [INFO] IPUIPlugin:80 - create IPUIPlugin
2024-12-30 10:32:49,057 [INFO] PluginManager:220 - loadIPPluginJar : add nvic
2024-12-30 10:32:49,086 [INFO] IPUIPlugin:80 - create IPUIPlugin
2024-12-30 10:32:49,086 [INFO] PluginManager:220 - loadIPPluginJar : add opamp
2024-12-30 10:32:49,130 [INFO] IPUIPlugin:80 - create IPUIPlugin
2024-12-30 10:32:49,130 [INFO] PluginManager:220 - loadIPPluginJar : add openamp
2024-12-30 10:32:49,163 [INFO] IPUIPlugin:80 - create IPUIPlugin
2024-12-30 10:32:49,163 [INFO] PluginManager:220 - loadIPPluginJar : add pdm2pcm
2024-12-30 10:32:49,174 [INFO] IPUIPlugin:80 - create IPUIPlugin
2024-12-30 10:32:49,176 [INFO] PluginManager:220 - loadIPPluginJar : add plateformsettings
2024-12-30 10:32:49,194 [INFO] IPUIPlugin:80 - create IPUIPlugin
2024-12-30 10:32:49,194 [INFO] PluginManager:220 - loadIPPluginJar : add quadspi
2024-12-30 10:32:49,214 [INFO] IPUIPlugin:80 - create IPUIPlugin
2024-12-30 10:32:49,214 [INFO] PluginManager:220 - loadIPPluginJar : add radio
2024-12-30 10:32:49,224 [INFO] IPUIPlugin:80 - create IPUIPlugin
2024-12-30 10:32:49,224 [INFO] PluginManager:220 - loadIPPluginJar : add resmgrutility
2024-12-30 10:32:49,257 [INFO] IPUIPlugin:80 - create IPUIPlugin
2024-12-30 10:32:49,257 [INFO] PluginManager:220 - loadIPPluginJar : add sai
2024-12-30 10:32:49,284 [INFO] IPUIPlugin:80 - create IPUIPlugin
2024-12-30 10:32:49,284 [INFO] PluginManager:220 - loadIPPluginJar : add spi
2024-12-30 10:32:49,333 [INFO] IPUIPlugin:80 - create IPUIPlugin
2024-12-30 10:32:49,333 [INFO] PluginManager:220 - loadIPPluginJar : add stm32_wpan
2024-12-30 10:32:49,351 [INFO] IPUIPlugin:80 - create IPUIPlugin
2024-12-30 10:32:49,352 [INFO] PluginManager:220 - loadIPPluginJar : add tim
2024-12-30 10:32:49,394 [INFO] IPUIPlugin:80 - create IPUIPlugin
2024-12-30 10:32:49,394 [INFO] PluginManager:220 - loadIPPluginJar : add touchsensing
2024-12-30 10:32:49,411 [INFO] IPUIPlugin:80 - create IPUIPlugin
2024-12-30 10:32:49,411 [INFO] PluginManager:220 - loadIPPluginJar : add tracer_emb
2024-12-30 10:32:49,430 [INFO] IPUIPlugin:80 - create IPUIPlugin
2024-12-30 10:32:49,430 [INFO] PluginManager:220 - loadIPPluginJar : add ts
2024-12-30 10:32:49,447 [INFO] IPUIPlugin:80 - create IPUIPlugin
2024-12-30 10:32:49,447 [INFO] PluginManager:220 - loadIPPluginJar : add tsc
2024-12-30 10:32:49,464 [INFO] IPUIPlugin:80 - create IPUIPlugin
2024-12-30 10:32:49,464 [INFO] PluginManager:220 - loadIPPluginJar : add ucpd
2024-12-30 10:32:49,503 [INFO] IPUIPlugin:80 - create IPUIPlugin
2024-12-30 10:32:49,503 [INFO] PluginManager:220 - loadIPPluginJar : add usart
2024-12-30 10:32:49,535 [INFO] IPUIPlugin:80 - create IPUIPlugin
2024-12-30 10:32:49,536 [INFO] PluginManager:220 - loadIPPluginJar : add usbx
2024-12-30 10:32:49,645 [INFO] CADModel:165 - CPN selected for project level
2024-12-30 10:32:49,646 [INFO] CADModel:114 - Register for checkConnection events
2024-12-30 10:32:49,646 [FATAL] Updater:334 - Updater called before beeing initialized
2024-12-30 10:32:49,646 [ERROR] CADModel:125 - Updater not yet initialized, retry later 
2024-12-30 10:32:49,741 [INFO] CADModel:165 - CPN selected for project level
2024-12-30 10:32:49,741 [INFO] CADModel:114 - Register for checkConnection events
2024-12-30 10:32:49,741 [FATAL] Updater:334 - Updater called before beeing initialized
2024-12-30 10:32:49,741 [ERROR] CADModel:125 - Updater not yet initialized, retry later 
2024-12-30 10:32:49,744 [FATAL] Updater:334 - Updater called before beeing initialized
2024-12-30 10:32:49,835 [FATAL] Updater:334 - Updater called before beeing initialized
2024-12-30 10:32:49,844 [INFO] DbMcusAds:53 - JSON generation date=Wed Dec 18 01:01:15 KST 2024 (1734451275196)
2024-12-30 10:32:49,844 [FATAL] Updater:334 - Updater called before beeing initialized
2024-12-30 10:32:49,871 [WARN] DetailPanel:346 - Failed to get advertising image, set to default
2024-12-30 10:32:49,931 [FATAL] Updater:334 - Updater called before beeing initialized
2024-12-30 10:32:49,932 [FATAL] Updater:334 - Updater called before beeing initialized
2024-12-30 10:32:49,932 [FATAL] Updater:334 - Updater called before beeing initialized
2024-12-30 10:32:49,932 [WARN] DetailPanel:346 - Failed to get advertising image, set to default
2024-12-30 10:32:49,933 [FATAL] Updater:334 - Updater called before beeing initialized
2024-12-30 10:32:49,981 [ERROR] Updater:1164 - MainUpdater not yet initialized. External WinMGr cannot be set.
2024-12-30 10:32:49,989 [INFO] Updater:1100 - Updater Version found : 6.12.1
2024-12-30 10:32:50,003 [INFO] ApplicationProperties:184 - Using Application install path: C:\ST\STM32CubeIDE_1.16.1\STM32CubeIDE\plugins\com.st.stm32cube.common.mx_6.12.1.202409122256
2024-12-30 10:32:50,812 [INFO] ThirdPartyUpdaterWithRetryManager:70 - Updater plugin not ready yet. [2/15]
2024-12-30 10:32:50,813 [INFO] MainUpdater:2873 - connection check result : 10
2024-12-30 10:32:50,813 [INFO] MainUpdater:290 - Updater Check For Update Now.
2024-12-30 10:32:50,813 [INFO] MicroXplorer:498 - Change Database Version : DB.6.0.121
2024-12-30 10:32:50,831 [INFO] McuFinderGlobals:63 - Set McuFinder mode to 2 (CubeIDE integrated)
2024-12-30 10:32:50,836 [INFO] UserAuth:417 - Internet connection configuration mode: 1
2024-12-30 10:32:50,855 [INFO] JxBrowserEngine:152 - Initiate JxBrowser Engine with user profile folder
2024-12-30 10:32:51,009 [INFO] CheckServerUpdateThread:120 - End of CheckServer Thread
2024-12-30 10:32:53,969 [WARN] PackLoader:240 - Cannot read IP mode file for STMicroelectronics.FP-SNS-MOTENVWB1.1.4.0
2024-12-30 10:32:53,980 [WARN] PackLoader:240 - Cannot read IP mode file for STMicroelectronics.FP-ATR-ASTRA1.2.0.1
2024-12-30 10:32:53,990 [WARN] PackLoader:240 - Cannot read IP mode file for STMicroelectronics.X-CUBE-SMBUS.2.1.0
2024-12-30 10:32:54,002 [WARN] PackLoader:240 - Cannot read IP mode file for STMicroelectronics.X-CUBE-WB05N.1.1.0
2024-12-30 10:32:54,011 [WARN] PackLoader:240 - Cannot read IP mode file for STMicroelectronics.X-CUBE-TOUCHGFX.4.23.0
2024-12-30 10:32:54,019 [WARN] PackLoader:240 - Cannot read IP mode file for STMicroelectronics.X-CUBE-TOUCHGFX.4.23.2
2024-12-30 10:32:54,052 [WARN] PackLoader:240 - Cannot read IP mode file for STMicroelectronics.X-CUBE-AZRTOS-F7.1.1.0
2024-12-30 10:32:54,068 [WARN] PackLoader:240 - Cannot read IP mode file for STMicroelectronics.FP-SNS-MOTENV1.4.3.2
2024-12-30 10:32:54,111 [WARN] PackLoader:240 - Cannot read IP mode file for STMicroelectronics.X-CUBE-MEMS1.11.0.0
2024-12-30 10:32:54,206 [WARN] PackLoader:240 - Cannot read IP mode file for STMicroelectronics.FP-SNS-FLIGHT1.5.0.2
2024-12-30 10:32:54,221 [WARN] PackLoader:240 - Cannot read IP mode file for STMicroelectronics.X-CUBE-DISPLAY.3.0.0
2024-12-30 10:32:54,235 [WARN] PackLoader:240 - Cannot read IP mode file for STMicroelectronics.X-CUBE-BLE1.7.0.0
2024-12-30 10:32:54,252 [WARN] PackLoader:240 - Cannot read IP mode file for STMicroelectronics.X-CUBE-NFC10.1.0.0
2024-12-30 10:32:54,269 [WARN] PackLoader:240 - Cannot read IP mode file for STMicroelectronics.X-CUBE-BLEMGR.4.0.0
2024-12-30 10:32:54,284 [WARN] PackLoader:240 - Cannot read IP mode file for emotas.I-CUBE-CANOPEN.1.3.0
2024-12-30 10:32:54,297 [WARN] PackLoader:240 - Cannot read IP mode file for STMicroelectronics.X-CUBE-BLEMGR.3.1.0
2024-12-30 10:32:54,312 [WARN] PackLoader:240 - Cannot read IP mode file for STMicroelectronics.FP-SNS-SMARTAG2.1.2.0
2024-12-30 10:32:54,363 [WARN] PackLoader:240 - Cannot read IP mode file for STMicroelectronics.X-CUBE-MEMS1.11.1.0
2024-12-30 10:32:54,435 [INFO] LogOutputStream:77 - [STDOUT_REDIRECT] 1 : Invalid condition id : UX_CORESTACK_Condition cause : null
2024-12-30 10:32:54,435 [INFO] LogOutputStream:77 - [STDOUT_REDIRECT] 1 : Invalid condition id : UX_CORESTACK_Condition cause : null
2024-12-30 10:32:54,436 [INFO] LogOutputStream:77 - [STDOUT_REDIRECT] 1 : Invalid condition id : UX_CORESTACK_Condition cause : null
2024-12-30 10:32:54,438 [INFO] LogOutputStream:77 - [STDOUT_REDIRECT] 1 : Invalid condition id : UX_CORESTACK_Condition cause : null
2024-12-30 10:32:54,439 [INFO] LogOutputStream:77 - [STDOUT_REDIRECT] 1 : Invalid condition id : UX_CORESTACK_Condition cause : null
2024-12-30 10:32:54,440 [WARN] PackLoader:240 - Cannot read IP mode file for STMicroelectronics.X-CUBE-AZRTOS-WL.2.0.0
2024-12-30 10:32:54,453 [WARN] PackLoader:240 - Cannot read IP mode file for STMicroelectronics.FP-SNS-MOTENV1.5.0.0
2024-12-30 10:32:54,469 [WARN] PackLoader:240 - Cannot read IP mode file for wolfSSL.I-CUBE-wolfMQTT.1.19.0
2024-12-30 10:32:54,489 [WARN] PackLoader:240 - Cannot read IP mode file for WES.I-CUBE-Cesium.1.3.0
2024-12-30 10:32:54,504 [WARN] PackLoader:240 - Cannot read IP mode file for STMicroelectronics.X-CUBE-BLE2.3.3.0
2024-12-30 10:32:54,520 [WARN] PackLoader:240 - Cannot read IP mode file for STMicroelectronics.X-CUBE-NFC9.1.0.0
2024-12-30 10:32:54,536 [WARN] PackLoader:240 - Cannot read IP mode file for STMicroelectronics.X-CUBE-TCPP.4.1.0
2024-12-30 10:32:54,551 [WARN] PackLoader:240 - Cannot read IP mode file for STMicroelectronics.X-CUBE-ALGOBUILD.1.3.0
2024-12-30 10:32:54,577 [WARN] PackLoader:240 - Cannot read IP mode file for STMicroelectronics.X-CUBE-AZRTOS-G0.1.1.0
2024-12-30 10:32:54,595 [WARN] PackLoader:240 - Cannot read IP mode file for STMicroelectronics.X-CUBE-SAFEA1.1.2.2
2024-12-30 10:32:54,610 [WARN] PackLoader:240 - Cannot read IP mode file for STMicroelectronics.X-CUBE-NFC4.3.0.0
2024-12-30 10:32:54,620 [WARN] PackLoader:240 - Cannot read IP mode file for wolfSSL.I-CUBE-wolfMQTT.1.18.0
2024-12-30 10:32:54,636 [WARN] PackLoader:240 - Cannot read IP mode file for EmbeddedOffice.I-CUBE-FS-RTOS.1.0.1
2024-12-30 10:32:54,637 [ERROR] ConditionMgr:805 - Attr not supported : Dmpu
2024-12-30 10:32:54,637 [ERROR] ConditionMgr:805 - Attr not supported : Dmpu
2024-12-30 10:32:54,637 [ERROR] ConditionMgr:805 - Attr not supported : Dmpu
2024-12-30 10:32:54,637 [ERROR] ConditionMgr:805 - Attr not supported : Dmpu
2024-12-30 10:32:54,637 [ERROR] ConditionMgr:805 - Attr not supported : Dmpu
2024-12-30 10:32:54,637 [ERROR] ConditionMgr:805 - Attr not supported : Dmpu
2024-12-30 10:32:54,637 [ERROR] ConditionMgr:805 - Attr not supported : Dmpu
2024-12-30 10:32:54,637 [ERROR] ConditionMgr:805 - Attr not supported : Dmpu
2024-12-30 10:32:54,637 [ERROR] ConditionMgr:805 - Attr not supported : Dmpu
2024-12-30 10:32:54,637 [ERROR] ConditionMgr:805 - Attr not supported : Dmpu
2024-12-30 10:32:54,637 [ERROR] ConditionMgr:805 - Attr not supported : Dmpu
2024-12-30 10:32:54,637 [ERROR] ConditionMgr:805 - Attr not supported : Dmpu
2024-12-30 10:32:54,638 [ERROR] ConditionMgr:805 - Attr not supported : Dmpu
2024-12-30 10:32:54,638 [ERROR] ConditionMgr:805 - Attr not supported : Dmpu
2024-12-30 10:32:54,638 [ERROR] ConditionMgr:805 - Attr not supported : Dmpu
2024-12-30 10:32:54,638 [ERROR] ConditionMgr:805 - Attr not supported : Dmpu
2024-12-30 10:32:54,638 [ERROR] ConditionMgr:805 - Attr not supported : Dmpu
2024-12-30 10:32:54,638 [ERROR] ConditionMgr:805 - Attr not supported : Dmpu
2024-12-30 10:32:54,638 [ERROR] ConditionMgr:805 - Attr not supported : Dmpu
2024-12-30 10:32:54,638 [ERROR] ConditionMgr:805 - Attr not supported : Dmpu
2024-12-30 10:32:54,638 [ERROR] ConditionMgr:805 - Attr not supported : Dmpu
2024-12-30 10:32:54,638 [ERROR] ConditionMgr:805 - Attr not supported : Dmpu
2024-12-30 10:32:54,638 [ERROR] ConditionMgr:805 - Attr not supported : Dmpu
2024-12-30 10:32:54,638 [ERROR] ConditionMgr:805 - Attr not supported : Dmpu
2024-12-30 10:32:54,638 [ERROR] ConditionMgr:805 - Attr not supported : Dmpu
2024-12-30 10:32:54,639 [ERROR] ConditionMgr:805 - Attr not supported : Dmpu
2024-12-30 10:32:54,639 [ERROR] ConditionMgr:805 - Attr not supported : Dmpu
2024-12-30 10:32:54,639 [ERROR] ConditionMgr:805 - Attr not supported : Dmpu
2024-12-30 10:32:54,639 [ERROR] ConditionMgr:805 - Attr not supported : Dmpu
2024-12-30 10:32:54,639 [ERROR] ConditionMgr:805 - Attr not supported : Dmpu
2024-12-30 10:32:54,639 [ERROR] ConditionMgr:805 - Attr not supported : Dmpu
2024-12-30 10:32:54,639 [ERROR] ConditionMgr:805 - Attr not supported : Dmpu
2024-12-30 10:32:54,639 [ERROR] ConditionMgr:805 - Attr not supported : Dmpu
2024-12-30 10:32:54,639 [ERROR] ConditionMgr:805 - Attr not supported : Dmpu
2024-12-30 10:32:54,639 [ERROR] ConditionMgr:805 - Attr not supported : Dmpu
2024-12-30 10:32:54,639 [ERROR] ConditionMgr:805 - Attr not supported : Dmpu
2024-12-30 10:32:54,639 [ERROR] ConditionMgr:805 - Attr not supported : Dmpu
2024-12-30 10:32:54,640 [ERROR] ConditionMgr:805 - Attr not supported : Dmpu
2024-12-30 10:32:54,640 [ERROR] ConditionMgr:805 - Attr not supported : Dmpu
2024-12-30 10:32:54,640 [ERROR] ConditionMgr:805 - Attr not supported : Dmpu
2024-12-30 10:32:54,640 [ERROR] ConditionMgr:805 - Attr not supported : Dmpu
2024-12-30 10:32:54,640 [ERROR] ConditionMgr:805 - Attr not supported : Dmpu
2024-12-30 10:32:54,640 [ERROR] ConditionMgr:805 - Attr not supported : Dmpu
2024-12-30 10:32:54,640 [ERROR] ConditionMgr:805 - Attr not supported : Dmpu
2024-12-30 10:32:54,640 [ERROR] ConditionMgr:805 - Attr not supported : Dmpu
2024-12-30 10:32:54,640 [ERROR] ConditionMgr:805 - Attr not supported : Dmpu
2024-12-30 10:32:54,640 [ERROR] ConditionMgr:805 - Attr not supported : Dmpu
2024-12-30 10:32:54,640 [ERROR] ConditionMgr:805 - Attr not supported : Dmpu
2024-12-30 10:32:54,640 [ERROR] ConditionMgr:805 - Attr not supported : Dmpu
2024-12-30 10:32:54,640 [ERROR] ConditionMgr:805 - Attr not supported : Dmpu
2024-12-30 10:32:54,640 [ERROR] ConditionMgr:805 - Attr not supported : Dmpu
2024-12-30 10:32:54,640 [ERROR] ConditionMgr:805 - Attr not supported : Dmpu
2024-12-30 10:32:54,640 [ERROR] ConditionMgr:805 - Attr not supported : Dmpu
2024-12-30 10:32:54,640 [ERROR] ConditionMgr:805 - Attr not supported : Dmpu
2024-12-30 10:32:54,640 [ERROR] ConditionMgr:805 - Attr not supported : Dmpu
2024-12-30 10:32:54,640 [ERROR] ConditionMgr:805 - Attr not supported : Dmpu
2024-12-30 10:32:54,640 [ERROR] ConditionMgr:805 - Attr not supported : Dmpu
2024-12-30 10:32:54,640 [ERROR] ConditionMgr:805 - Attr not supported : Dmpu
2024-12-30 10:32:54,640 [ERROR] ConditionMgr:805 - Attr not supported : Dmpu
2024-12-30 10:32:54,640 [ERROR] ConditionMgr:805 - Attr not supported : Dmpu
2024-12-30 10:32:54,640 [ERROR] ConditionMgr:805 - Attr not supported : Dmpu
2024-12-30 10:32:54,640 [ERROR] ConditionMgr:805 - Attr not supported : Dmpu
2024-12-30 10:32:54,640 [ERROR] ConditionMgr:805 - Attr not supported : Dmpu
2024-12-30 10:32:54,640 [ERROR] ConditionMgr:805 - Attr not supported : Dmpu
2024-12-30 10:32:54,657 [WARN] PackLoader:240 - Cannot read IP mode file for STMicroelectronics.X-CUBE-BLEMGR.3.0.0
2024-12-30 10:32:54,673 [ERROR] Engine:466 - C:\Users\RND1\.stm32cubemx\thirdparties\pdsc\STMicroelectronics.X-CUBE-TCPP.4.2.0.pdsc: PDSC version is not supported
2024-12-30 10:32:54,685 [WARN] PackLoader:240 - Cannot read IP mode file for RealThread.X-CUBE-RT-Thread_Nano.4.1.1
2024-12-30 10:32:54,695 [WARN] PackLoader:240 - Cannot read IP mode file for STMicroelectronics.FP-ATR-SIGFOX1.3.2.0
2024-12-30 10:32:54,706 [WARN] ConditionMgr:438 - getConditionDescription Invalid condition id : Cortex-A Device cause : null
2024-12-30 10:32:54,724 [WARN] ConditionMgr:1039 - genDependencies : Invalid condition id : Cortex-A Device cause : null
2024-12-30 10:32:54,725 [WARN] ConditionMgr:1039 - genDependencies : Invalid condition id : Cortex-A Device cause : null
2024-12-30 10:32:54,725 [WARN] ConditionMgr:1039 - genDependencies : Invalid condition id : Cortex-A Device cause : null
2024-12-30 10:32:54,738 [WARN] PackLoader:240 - Cannot read IP mode file for STMicroelectronics.X-CUBE-EEPRMA1.5.1.0
2024-12-30 10:32:54,762 [WARN] PackLoader:240 - Cannot read IP mode file for SEGGER.I-CUBE-embOS.1.3.1
2024-12-30 10:32:54,794 [WARN] PackLoader:240 - Cannot read IP mode file for STMicroelectronics.X-CUBE-ALGOBUILD.1.4.0
2024-12-30 10:32:54,821 [WARN] PackLoader:240 - Cannot read IP mode file for STMicroelectronics.X-CUBE-AI.9.1.0
2024-12-30 10:32:54,846 [WARN] PackLoader:240 - Cannot read IP mode file for STMicroelectronics.X-CUBE-GNSS1.6.0.0
2024-12-30 10:32:54,871 [WARN] PackLoader:240 - Cannot read IP mode file for STMicroelectronics.X-CUBE-AZRTOS-F4.1.1.0
2024-12-30 10:32:54,887 [WARN] PackLoader:240 - Cannot read IP mode file for wolfSSL.I-CUBE-wolfSSL.5.6.4
2024-12-30 10:32:54,900 [WARN] PackLoader:240 - Cannot read IP mode file for STMicroelectronics.X-CUBE-ISPU.2.1.0
2024-12-30 10:32:54,924 [WARN] PackLoader:240 - Cannot read IP mode file for STMicroelectronics.X-CUBE-FREERTOS.1.2.0
2024-12-30 10:32:55,012 [WARN] PackLoader:240 - Cannot read IP mode file for STMicroelectronics.X-CUBE-AZRTOS-L5.2.0.0
2024-12-30 10:32:55,024 [WARN] PackLoader:240 - Cannot read IP mode file for STMicroelectronics.X-CUBE-EEPRMA1.4.2.0
2024-12-30 10:32:55,035 [WARN] PackLoader:240 - Cannot read IP mode file for STMicroelectronics.X-CUBE-NFC6.3.1.0
2024-12-30 10:32:55,048 [WARN] PackLoader:240 - Cannot read IP mode file for ITTIA_DB.I-CUBE-ITTIADB.8.8.0
2024-12-30 10:32:55,059 [WARN] PackLoader:240 - Cannot read IP mode file for STMicroelectronics.X-CUBE-DPower.1.2.0
2024-12-30 10:32:55,070 [WARN] PackLoader:240 - Cannot read IP mode file for STMicroelectronics.X-CUBE-AI.9.0.0
2024-12-30 10:32:55,081 [WARN] PackLoader:240 - Cannot read IP mode file for STMicroelectronics.X-CUBE-FREERTOS.1.3.0
2024-12-30 10:32:55,093 [WARN] PackLoader:240 - Cannot read IP mode file for STMicroelectronics.X-CUBE-NFC7.1.0.1
2024-12-30 10:32:55,109 [WARN] PackLoader:240 - Cannot read IP mode file for STMicroelectronics.X-CUBE-NFC6.3.0.0
2024-12-30 10:32:55,141 [WARN] PackLoader:240 - Cannot read IP mode file for STMicroelectronics.X-CUBE-AI.8.1.0
2024-12-30 10:32:55,171 [WARN] ConditionMgr:438 - getConditionDescription Invalid condition id : LAN8742 Phy interface Condition cause : null
2024-12-30 10:32:55,171 [WARN] PackLoader:240 - Cannot read IP mode file for STMicroelectronics.X-CUBE-AZRTOS-L4.2.0.0
2024-12-30 10:32:55,172 [WARN] ConditionMgr:1039 - genDependencies : Invalid condition id : LAN8742 Phy interface Condition cause : null
2024-12-30 10:32:55,172 [WARN] ConditionMgr:1039 - genDependencies : Invalid condition id : LAN8742 Phy interface Condition cause : null
2024-12-30 10:32:55,173 [WARN] ConditionMgr:1039 - genDependencies : Invalid condition id : LAN8742 Phy interface Condition cause : null
2024-12-30 10:32:55,187 [WARN] PackLoader:240 - Cannot read IP mode file for STMicroelectronics.X-CUBE-SFXS2LP1.4.0.0
2024-12-30 10:32:55,210 [WARN] PackLoader:240 - Cannot read IP mode file for STMicroelectronics.X-CUBE-AZRTOS-H7.3.3.0
2024-12-30 10:32:55,224 [WARN] PackLoader:240 - Cannot read IP mode file for STMicroelectronics.X-CUBE-IPS.3.0.0
2024-12-30 10:32:55,245 [WARN] ConditionMgr:438 - getConditionDescription Invalid condition id : UX DEVICE CLASS RTOS Condition cause : null
2024-12-30 10:32:55,245 [WARN] ConditionMgr:438 - getConditionDescription Invalid condition id : UX DEVICE CLASS RTOS Condition cause : null
2024-12-30 10:32:55,245 [WARN] PackLoader:240 - Cannot read IP mode file for STMicroelectronics.X-CUBE-AZRTOS-WB.2.0.0
2024-12-30 10:32:55,246 [WARN] ConditionMgr:1039 - genDependencies : Invalid condition id : UX DEVICE CLASS RTOS Condition cause : null
2024-12-30 10:32:55,246 [WARN] ConditionMgr:1039 - genDependencies : Invalid condition id : UX DEVICE CLASS RTOS Condition cause : null
2024-12-30 10:32:55,246 [WARN] ConditionMgr:1039 - genDependencies : Invalid condition id : UX DEVICE CLASS RTOS Condition cause : null
2024-12-30 10:32:55,246 [WARN] ConditionMgr:1039 - genDependencies : Invalid condition id : UX DEVICE CLASS RTOS Condition cause : null
2024-12-30 10:32:55,246 [WARN] ConditionMgr:1039 - genDependencies : Invalid condition id : UX DEVICE CLASS RTOS Condition cause : null
2024-12-30 10:32:55,258 [WARN] PackLoader:240 - Cannot read IP mode file for STMicroelectronics.X-CUBE-GNSS1.7.0.0
2024-12-30 10:32:55,269 [WARN] PackLoader:240 - Cannot read IP mode file for STMicroelectronics.X-CUBE-GNSS1.7.0.1
2024-12-30 10:32:55,279 [WARN] PackLoader:240 - Cannot read IP mode file for STMicroelectronics.FP-SNS-STBOX1.2.0.0
2024-12-30 10:32:55,292 [WARN] PackLoader:240 - Cannot read IP mode file for STMicroelectronics.X-CUBE-SUBG2.5.0.0
2024-12-30 10:32:55,313 [WARN] PackLoader:240 - Cannot read IP mode file for STMicroelectronics.X-CUBE-AZRTOS-G4.2.0.0
2024-12-30 10:32:55,320 [INFO] WebApp:167 - Instantiating new browser for Auth
2024-12-30 10:32:55,336 [WARN] PackLoader:240 - Cannot read IP mode file for Infineon.AIROC-Wi-Fi-Bluetooth-STM32.1.5.1
2024-12-30 10:32:55,420 [WARN] PackLoader:240 - Cannot read IP mode file for STMicroelectronics.FP-SNS-MOTENVWB1.1.3.1
2024-12-30 10:32:55,431 [WARN] PackLoader:240 - Cannot read IP mode file for STMicroelectronics.X-CUBE-ISPU.2.0.0
2024-12-30 10:32:55,443 [WARN] PackLoader:240 - Cannot read IP mode file for STMicroelectronics.X-CUBE-ALS.1.0.2
2024-12-30 10:32:55,480 [WARN] PackLoader:240 - Cannot read IP mode file for STMicroelectronics.X-CUBE-MEMS1.10.0.0
2024-12-30 10:32:55,536 [WARN] PackLoader:240 - Cannot read IP mode file for STMicroelectronics.X-CUBE-FREERTOS.1.1.0
2024-12-30 10:32:55,546 [WARN] PackLoader:240 - Cannot read IP mode file for STMicroelectronics.X-CUBE-TOUCHGFX.4.24.0
2024-12-30 10:32:55,555 [WARN] PackLoader:240 - Cannot read IP mode file for STMicroelectronics.X-CUBE-TOUCHGFX.4.24.1
2024-12-30 10:32:55,564 [WARN] PackLoader:240 - Cannot read IP mode file for wolfSSL.I-CUBE-wolfTPM.3.4.0
2024-12-30 10:32:55,573 [WARN] PackLoader:240 - Cannot read IP mode file for portGmbH.I-Cube-SoM-uGOAL.1.1.0
2024-12-30 10:32:55,581 [WARN] PackLoader:240 - Cannot read IP mode file for STMicroelectronics.X-CUBE-ALS.1.0.1
2024-12-30 10:32:55,598 [WARN] PackLoader:240 - Cannot read IP mode file for STMicroelectronics.X-CUBE-AZRTOS-H7RS.1.0.0
2024-12-30 10:32:55,607 [WARN] PackLoader:240 - Cannot read IP mode file for STMicroelectronics.FP-ATR-ASTRA1.2.0.0
2024-12-30 10:32:55,619 [WARN] PackLoader:240 - Cannot read IP mode file for STMicroelectronics.X-CUBE-TOF1.3.4.2
2024-12-30 10:32:55,635 [WARN] PackLoader:240 - Cannot read IP mode file for STMicroelectronics.X-CUBE-TOF1.3.4.0
2024-12-30 10:32:55,654 [WARN] PackLoader:240 - Cannot read IP mode file for STMicroelectronics.X-CUBE-TOF1.3.4.1
2024-12-30 10:32:55,680 [WARN] PackLoader:240 - Cannot read IP mode file for STMicroelectronics.X-CUBE-AZRTOS-H7.3.2.0
2024-12-30 10:32:55,693 [WARN] PackLoader:240 - Cannot read IP mode file for wolfSSL.I-CUBE-wolfSSH.1.4.17
2024-12-30 10:32:55,693 [INFO] ThirdParty:978 - Integrity check success = true
2024-12-30 10:32:55,693 [INFO] IntegrityCheckThread:100 - exiting critical section [integrity check]
2024-12-30 10:32:55,694 [INFO] IntegrityCheckThread:103 - End integrity checks thread
2024-12-30 10:32:55,903 [INFO] WebApp:448 - Apply proxy settings
2024-12-30 10:32:55,904 [INFO] WebApp:533 - Chromium requires no authentication
2024-12-30 10:32:55,910 [INFO] WebApp:476 - Direct internet connection detected
2024-12-30 10:32:55,927 [INFO] WebApp:869 - Register for checkConnection events
2024-12-30 10:32:55,927 [INFO] WebApp:448 - Apply proxy settings
2024-12-30 10:32:55,927 [INFO] WebApp:533 - Chromium requires no authentication
2024-12-30 10:32:55,928 [INFO] WebApp:476 - Direct internet connection detected
2024-12-30 10:32:56,049 [INFO] WebApp:220 - Starting web application
2024-12-30 10:32:56,049 [INFO] WebApp:578 - Web application path used C:\ST\STM32CubeIDE_1.16.1\STM32CubeIDE\plugins\com.st.stm32cube.common.mx_6.12.1.202409122256\db\plugins\mcufinder\reactClient1\index.html
2024-12-30 10:32:56,173 [INFO] UserAuth:417 - Internet connection configuration mode: 1
2024-12-30 10:32:56,505 [INFO] WebApp:186 - Connection restablished
2024-12-30 16:47:32,765 [ERROR] LogOutputStream:75 - [STDERR_REDIRECT] 
