2025-08-27 09:07:23,997 [INFO] Activator:176 - 


2025-08-27 09:07:24,002 [INFO] Activator:177 - !SESSION log4j initialized
2025-08-27 09:07:30,835 [INFO] LogOutputStream:77 - [STDOUT_REDIRECT] 
2025-08-27 09:07:36,774 [INFO] ApplicationProperties:184 - Using Application install path: C:\ST\STM32CubeIDE_1.16.1\STM32CubeIDE\plugins\com.st.stm32cube.common.mx_6.12.1.202409122256
2025-08-27 09:07:36,794 [INFO] DbMcusXml:78 - Set database path to: C:\ST\STM32CubeIDE_1.16.1\STM32CubeIDE\plugins\com.st.stm32cube.common.mx_6.12.1.202409122256\\db\/mcu/
2025-08-27 09:07:36,794 [INFO] ApiDb:274 - Set plugin database path to: C:\ST\STM32CubeIDE_1.16.1\STM32CubeIDE\plugins\com.st.stm32cube.common.mx_6.12.1.202409122256\\db\/plugins/boardmanager/
2025-08-27 09:07:36,795 [WARN] ApiDb:259 - Overriding images path with different value:  => C:\ST\STM32CubeIDE_1.16.1\STM32CubeIDE\plugins\com.st.stm32cube.common.mx_6.12.1.202409122256\\db\/plugins/mcufinder/images/
2025-08-27 09:07:36,818 [INFO] ApiDb:250 - Set database path to: C:\Users\RND1\.stmcufinder\plugins\mcufinder//mcu/
2025-08-27 09:07:36,819 [INFO] DbMcusAds:125 - Set database path to: C:\Users\RND1\.stmcufinder\plugins\mcufinder//mcu/
2025-08-27 09:07:36,822 [INFO] CrossReferenceDbSqlite:203 - Set database path to: C:\Users\RND1\.stmcufinder\plugins\mcufinder//mcu/cs/
2025-08-27 09:07:36,966 [INFO] RulesReader:64 - Compatibility file has been processed (297 Rules)
2025-08-27 09:07:37,076 [INFO] DbMcusXml:78 - Set database path to: C:\ST\STM32CubeIDE_1.16.1\STM32CubeIDE\plugins\com.st.stm32cube.common.mx_6.12.1.202409122256\\db\/mcu/
2025-08-27 09:07:37,076 [INFO] ApiDb:274 - Set plugin database path to: C:\ST\STM32CubeIDE_1.16.1\STM32CubeIDE\plugins\com.st.stm32cube.common.mx_6.12.1.202409122256\\db\/plugins/boardmanager/
2025-08-27 09:07:37,076 [INFO] ApiDb:261 - Set plugin images path to: C:\ST\STM32CubeIDE_1.16.1\STM32CubeIDE\plugins\com.st.stm32cube.common.mx_6.12.1.202409122256\\db\/plugins/mcufinder/images/
2025-08-27 09:07:37,077 [WARN] DbFile:41 - Overriding database path with different value: C:\Users\RND1\.stmcufinder\plugins\mcufinder/ => C:\Users\RND1\.stmcufinder\plugins\mcufinder
2025-08-27 09:07:37,077 [INFO] ApiDb:250 - Set database path to: C:\Users\RND1\.stmcufinder\plugins\mcufinder//mcu/
2025-08-27 09:07:37,077 [WARN] DbFile:41 - Overriding database path with different value: C:\Users\RND1\.stmcufinder\plugins\mcufinder/ => C:\Users\RND1\.stmcufinder\plugins\mcufinder
2025-08-27 09:07:37,077 [INFO] DbMcusAds:125 - Set database path to: C:\Users\RND1\.stmcufinder\plugins\mcufinder//mcu/
2025-08-27 09:07:37,077 [WARN] DbFile:41 - Overriding database path with different value: C:\Users\RND1\.stmcufinder\plugins\mcufinder/ => C:\Users\RND1\.stmcufinder\plugins\mcufinder
2025-08-27 09:07:37,077 [WARN] DbFile:41 - Overriding database path with different value: C:\Users\RND1\.stmcufinder\plugins\mcufinder/ => C:\Users\RND1\.stmcufinder\plugins\mcufinder
2025-08-27 09:07:37,077 [INFO] CrossReferenceDbSqlite:203 - Set database path to: C:\Users\RND1\.stmcufinder\plugins\mcufinder//mcu/cs/
2025-08-27 09:07:37,182 [INFO] MainPanel:268 - HeapMemory: 268435456
2025-08-27 09:07:37,323 [INFO] DbMcusXml:78 - Set database path to: C:\ST\STM32CubeIDE_1.16.1\STM32CubeIDE\plugins\com.st.stm32cube.common.mx_6.12.1.202409122256\\db\/mcu/
2025-08-27 09:07:37,324 [INFO] ApiDb:274 - Set plugin database path to: C:\ST\STM32CubeIDE_1.16.1\STM32CubeIDE\plugins\com.st.stm32cube.common.mx_6.12.1.202409122256\\db\/plugins/boardmanager/
2025-08-27 09:07:37,324 [INFO] ApiDb:261 - Set plugin images path to: C:\ST\STM32CubeIDE_1.16.1\STM32CubeIDE\plugins\com.st.stm32cube.common.mx_6.12.1.202409122256\\db\/plugins/mcufinder/images/
2025-08-27 09:07:37,324 [WARN] DbFile:41 - Overriding database path with different value: C:\Users\RND1\.stmcufinder\plugins\mcufinder/ => C:\Users\RND1\.stmcufinder\plugins\mcufinder
2025-08-27 09:07:37,324 [INFO] ApiDb:250 - Set database path to: C:\Users\RND1\.stmcufinder\plugins\mcufinder//mcu/
2025-08-27 09:07:37,325 [WARN] DbFile:41 - Overriding database path with different value: C:\Users\RND1\.stmcufinder\plugins\mcufinder/ => C:\Users\RND1\.stmcufinder\plugins\mcufinder
2025-08-27 09:07:37,325 [INFO] DbMcusAds:125 - Set database path to: C:\Users\RND1\.stmcufinder\plugins\mcufinder//mcu/
2025-08-27 09:07:37,325 [WARN] DbFile:41 - Overriding database path with different value: C:\Users\RND1\.stmcufinder\plugins\mcufinder/ => C:\Users\RND1\.stmcufinder\plugins\mcufinder
2025-08-27 09:07:37,325 [WARN] DbFile:41 - Overriding database path with different value: C:\Users\RND1\.stmcufinder\plugins\mcufinder/ => C:\Users\RND1\.stmcufinder\plugins\mcufinder
2025-08-27 09:07:37,325 [INFO] CrossReferenceDbSqlite:203 - Set database path to: C:\Users\RND1\.stmcufinder\plugins\mcufinder//mcu/cs/
2025-08-27 09:07:37,350 [INFO] ApplicationProperties:184 - Using Application install path: C:\ST\STM32CubeIDE_1.16.1\STM32CubeIDE\plugins\com.st.stm32cube.common.mx_6.12.1.202409122256
2025-08-27 09:07:37,352 [INFO] PluginManage:196 - Search for loadable plugins [exclusion list=, ]
2025-08-27 09:07:37,354 [INFO] PluginManage:310 - Check plugin analytics
2025-08-27 09:07:37,571 [INFO] AnalyticsPlugin:253 - Accepted Software Licenses: STM32CubeMX.6.10.0
2025-08-27 09:07:37,571 [INFO] AnalyticsPlugin:255 - Accepted CMSIS Pack Licenses: 
2025-08-27 09:07:37,572 [INFO] AnalyticsPlugin:257 - Accepted Firmware Licenses: FW.G4.1.5.0,FW.G4.1.6.0,FW.F4.1.28.0,FW.H7.1.11.0
2025-08-27 09:07:37,576 [INFO] PluginManage:359 - Loaded plugin analytics (category:tool,tabindex:-1)
2025-08-27 09:07:37,577 [INFO] PluginManage:310 - Check plugin cadmodel
2025-08-27 09:07:37,599 [INFO] CADModel:105 - Init CAD model plugin
2025-08-27 09:07:37,599 [INFO] PluginManage:359 - Loaded plugin cadmodel (category:power,tabindex:5)
2025-08-27 09:07:37,599 [INFO] PluginManage:310 - Check plugin clock
2025-08-27 09:07:37,627 [INFO] PluginManage:359 - Loaded plugin clock (category:base,tabindex:2)
2025-08-27 09:07:37,627 [INFO] PluginManage:310 - Check plugin ddr
2025-08-27 09:07:37,630 [INFO] PluginManage:359 - Loaded plugin ddr (category:tool,tabindex:6)
2025-08-27 09:07:37,630 [INFO] PluginManage:310 - Check plugin filemanager
2025-08-27 09:07:37,767 [INFO] PluginManage:359 - Loaded plugin filemanager (category:base,tabindex:10)
2025-08-27 09:07:37,767 [INFO] PluginManage:310 - Check plugin ipmanager
2025-08-27 09:07:37,775 [INFO] PluginManage:359 - Loaded plugin ipmanager (category:base,tabindex:5)
2025-08-27 09:07:37,775 [INFO] PluginManage:310 - Check plugin lpbam
2025-08-27 09:07:37,795 [INFO] PluginManage:359 - Loaded plugin lpbam (category:base,tabindex:0)
2025-08-27 09:07:37,795 [INFO] PluginManage:310 - Check plugin memorymap
2025-08-27 09:07:37,819 [INFO] PluginManage:359 - Loaded plugin memorymap (category:base,tabindex:4)
2025-08-27 09:07:37,819 [INFO] PluginManage:310 - Check plugin pinoutandconfiguration
2025-08-27 09:07:37,838 [INFO] PluginManage:359 - Loaded plugin pinoutandconfiguration (category:base,tabindex:1)
2025-08-27 09:07:37,838 [INFO] PluginManage:310 - Check plugin pinoutconfig
2025-08-27 09:07:37,914 [WARN] SupportedApi:132 - Cannot load RTOS API schema: s4s-elt-must-match.1: The content of 'definitions' must match (annotation?, (simpleType | complexType)?, (unique | key | keyref)*)). A problem was found starting at: attribute.
2025-08-27 09:07:38,021 [INFO] PluginManage:359 - Loaded plugin pinoutconfig (category:base,tabindex:0)
2025-08-27 09:07:38,021 [INFO] PluginManage:310 - Check plugin power
2025-08-27 09:07:38,043 [INFO] PluginManage:359 - Loaded plugin power (category:power,tabindex:4)
2025-08-27 09:07:38,043 [INFO] PluginManage:310 - Check plugin projectmanager
2025-08-27 09:07:38,063 [INFO] PluginManage:359 - Loaded plugin projectmanager (category:projectmanager,tabindex:4)
2025-08-27 09:07:38,063 [INFO] PluginManage:310 - Check plugin rif
2025-08-27 09:07:38,079 [INFO] PluginManage:359 - Loaded plugin rif (category:base,tabindex:3)
2025-08-27 09:07:38,080 [INFO] PluginManage:310 - Check plugin thirdparty
2025-08-27 09:07:38,337 [INFO] PluginManage:359 - Loaded plugin thirdparty (category:base,tabindex:-1)
2025-08-27 09:07:38,337 [WARN] IntegrityCheckThread:84 - waiting for thirdparty lock release [integrity check]
2025-08-27 09:07:38,337 [INFO] PluginManage:310 - Check plugin tools
2025-08-27 09:07:38,337 [INFO] IntegrityCheckThread:86 - entering critical section [integrity check]
2025-08-27 09:07:38,338 [INFO] ThirdPartyUpdaterWithRetryManager:70 - Updater plugin not ready yet. [1/15]
2025-08-27 09:07:38,374 [INFO] PluginManage:359 - Loaded plugin tools (category:base,tabindex:7)
2025-08-27 09:07:38,374 [INFO] PluginManage:310 - Check plugin tutovideos
2025-08-27 09:07:38,527 [INFO] PluginManage:359 - Loaded plugin tutovideos (category:base,tabindex:-1)
2025-08-27 09:07:38,527 [INFO] PluginManage:310 - Check plugin updater
2025-08-27 09:07:38,542 [INFO] PluginManage:359 - Loaded plugin updater (category:base,tabindex:12)
2025-08-27 09:07:38,542 [INFO] PluginManage:310 - Check plugin userauth
2025-08-27 09:07:38,549 [INFO] UserAuth:113 - Init User Auth plugin
2025-08-27 09:07:38,549 [INFO] PluginManage:359 - Loaded plugin userauth (category:base,tabindex:14)
2025-08-27 09:07:38,549 [INFO] PluginManage:283 - PluginManage : Loaded plugins [18]
2025-08-27 09:07:38,791 [INFO] PinOutPanel:1561 - setPackage(No Configuration,No Configuration)
2025-08-27 09:07:38,873 [INFO] CADModel:165 - CPN selected for project level
2025-08-27 09:07:38,873 [INFO] CADModel:114 - Register for checkConnection events
2025-08-27 09:07:38,898 [INFO] IPUIPlugin:80 - create IPUIPlugin
2025-08-27 09:07:38,898 [INFO] PluginManager:220 - loadIPPluginJar : add adc
2025-08-27 09:07:38,930 [INFO] IPUIPlugin:80 - create IPUIPlugin
2025-08-27 09:07:38,930 [INFO] PluginManager:220 - loadIPPluginJar : add aes
2025-08-27 09:07:38,965 [INFO] IPUIPlugin:80 - create IPUIPlugin
2025-08-27 09:07:38,965 [INFO] PluginManager:220 - loadIPPluginJar : add can
2025-08-27 09:07:38,989 [INFO] IPUIPlugin:80 - create IPUIPlugin
2025-08-27 09:07:38,989 [INFO] PluginManager:220 - loadIPPluginJar : add comp
2025-08-27 09:07:39,022 [INFO] IPUIPlugin:80 - create IPUIPlugin
2025-08-27 09:07:39,022 [INFO] PluginManager:220 - loadIPPluginJar : add cryp
2025-08-27 09:07:39,034 [INFO] IPUIPlugin:80 - create IPUIPlugin
2025-08-27 09:07:39,034 [INFO] PluginManager:220 - loadIPPluginJar : add ddr_ctrl_phy
2025-08-27 09:07:39,066 [INFO] IPUIPlugin:80 - create IPUIPlugin
2025-08-27 09:07:39,066 [INFO] PluginManager:220 - loadIPPluginJar : add dfsdm
2025-08-27 09:07:39,078 [INFO] IPUIPlugin:80 - create IPUIPlugin
2025-08-27 09:07:39,079 [INFO] PluginManager:220 - loadIPPluginJar : add dma
2025-08-27 09:07:39,123 [INFO] IPUIPlugin:80 - create IPUIPlugin
2025-08-27 09:07:39,123 [INFO] PluginManager:220 - loadIPPluginJar : add dma3
2025-08-27 09:07:39,166 [INFO] IPUIPlugin:80 - create IPUIPlugin
2025-08-27 09:07:39,166 [INFO] PluginManager:220 - loadIPPluginJar : add extmemmanager
2025-08-27 09:07:39,187 [INFO] IPUIPlugin:80 - create IPUIPlugin
2025-08-27 09:07:39,187 [INFO] PluginManager:220 - loadIPPluginJar : add fatfs
2025-08-27 09:07:39,233 [INFO] IPUIPlugin:80 - create IPUIPlugin
2025-08-27 09:07:39,233 [INFO] PluginManager:220 - loadIPPluginJar : add fmc
2025-08-27 09:07:39,249 [INFO] IPUIPlugin:80 - create IPUIPlugin
2025-08-27 09:07:39,249 [INFO] PluginManager:220 - loadIPPluginJar : add freertos
2025-08-27 09:07:39,274 [INFO] IPUIPlugin:80 - create IPUIPlugin
2025-08-27 09:07:39,274 [INFO] PluginManager:220 - loadIPPluginJar : add genericplugin
2025-08-27 09:07:39,375 [INFO] IPUIPlugin:80 - create IPUIPlugin
2025-08-27 09:07:39,375 [INFO] PluginManager:220 - loadIPPluginJar : add gfxmmu
2025-08-27 09:07:39,488 [INFO] IPUIPlugin:80 - create IPUIPlugin
2025-08-27 09:07:39,489 [INFO] PluginManager:220 - loadIPPluginJar : add gic
2025-08-27 09:07:39,501 [INFO] IPUIPlugin:80 - create IPUIPlugin
2025-08-27 09:07:39,501 [INFO] PluginManager:220 - loadIPPluginJar : add gpio
2025-08-27 09:07:39,584 [INFO] IPUIPlugin:80 - create IPUIPlugin
2025-08-27 09:07:39,584 [INFO] PluginManager:220 - loadIPPluginJar : add gtzc
2025-08-27 09:07:39,616 [INFO] IPUIPlugin:80 - create IPUIPlugin
2025-08-27 09:07:39,616 [INFO] PluginManager:220 - loadIPPluginJar : add hash
2025-08-27 09:07:39,665 [INFO] IPUIPlugin:80 - create IPUIPlugin
2025-08-27 09:07:39,665 [INFO] PluginManager:220 - loadIPPluginJar : add i2c
2025-08-27 09:07:39,700 [INFO] IPUIPlugin:80 - create IPUIPlugin
2025-08-27 09:07:39,700 [INFO] PluginManager:220 - loadIPPluginJar : add i2s
2025-08-27 09:07:39,736 [INFO] IPUIPlugin:80 - create IPUIPlugin
2025-08-27 09:07:39,736 [INFO] PluginManager:220 - loadIPPluginJar : add i3c
2025-08-27 09:07:39,830 [INFO] IPUIPlugin:80 - create IPUIPlugin
2025-08-27 09:07:39,830 [INFO] PluginManager:220 - loadIPPluginJar : add ipddr
2025-08-27 09:07:39,929 [INFO] IPUIPlugin:80 - create IPUIPlugin
2025-08-27 09:07:39,929 [INFO] PluginManager:220 - loadIPPluginJar : add linkedlist
2025-08-27 09:07:39,964 [INFO] IPUIPlugin:80 - create IPUIPlugin
2025-08-27 09:07:39,964 [INFO] PluginManager:220 - loadIPPluginJar : add lorawan
2025-08-27 09:07:40,000 [INFO] IPUIPlugin:80 - create IPUIPlugin
2025-08-27 09:07:40,001 [INFO] PluginManager:220 - loadIPPluginJar : add ltdc
2025-08-27 09:07:40,014 [INFO] IPUIPlugin:80 - create IPUIPlugin
2025-08-27 09:07:40,014 [INFO] PluginManager:220 - loadIPPluginJar : add mdma
2025-08-27 09:07:40,025 [INFO] IPUIPlugin:80 - create IPUIPlugin
2025-08-27 09:07:40,025 [INFO] PluginManager:220 - loadIPPluginJar : add nvic
2025-08-27 09:07:40,060 [INFO] IPUIPlugin:80 - create IPUIPlugin
2025-08-27 09:07:40,061 [INFO] PluginManager:220 - loadIPPluginJar : add opamp
2025-08-27 09:07:40,117 [INFO] IPUIPlugin:80 - create IPUIPlugin
2025-08-27 09:07:40,117 [INFO] PluginManager:220 - loadIPPluginJar : add openamp
2025-08-27 09:07:40,156 [INFO] IPUIPlugin:80 - create IPUIPlugin
2025-08-27 09:07:40,157 [INFO] PluginManager:220 - loadIPPluginJar : add pdm2pcm
2025-08-27 09:07:40,170 [INFO] IPUIPlugin:80 - create IPUIPlugin
2025-08-27 09:07:40,171 [INFO] PluginManager:220 - loadIPPluginJar : add plateformsettings
2025-08-27 09:07:40,194 [INFO] IPUIPlugin:80 - create IPUIPlugin
2025-08-27 09:07:40,194 [INFO] PluginManager:220 - loadIPPluginJar : add quadspi
2025-08-27 09:07:40,220 [INFO] IPUIPlugin:80 - create IPUIPlugin
2025-08-27 09:07:40,221 [INFO] PluginManager:220 - loadIPPluginJar : add radio
2025-08-27 09:07:40,234 [INFO] IPUIPlugin:80 - create IPUIPlugin
2025-08-27 09:07:40,234 [INFO] PluginManager:220 - loadIPPluginJar : add resmgrutility
2025-08-27 09:07:40,287 [INFO] IPUIPlugin:80 - create IPUIPlugin
2025-08-27 09:07:40,287 [INFO] PluginManager:220 - loadIPPluginJar : add sai
2025-08-27 09:07:40,330 [INFO] IPUIPlugin:80 - create IPUIPlugin
2025-08-27 09:07:40,330 [INFO] PluginManager:220 - loadIPPluginJar : add spi
2025-08-27 09:07:40,392 [INFO] IPUIPlugin:80 - create IPUIPlugin
2025-08-27 09:07:40,392 [INFO] PluginManager:220 - loadIPPluginJar : add stm32_wpan
2025-08-27 09:07:40,417 [INFO] IPUIPlugin:80 - create IPUIPlugin
2025-08-27 09:07:40,417 [INFO] PluginManager:220 - loadIPPluginJar : add tim
2025-08-27 09:07:40,475 [INFO] IPUIPlugin:80 - create IPUIPlugin
2025-08-27 09:07:40,475 [INFO] PluginManager:220 - loadIPPluginJar : add touchsensing
2025-08-27 09:07:40,499 [INFO] IPUIPlugin:80 - create IPUIPlugin
2025-08-27 09:07:40,500 [INFO] PluginManager:220 - loadIPPluginJar : add tracer_emb
2025-08-27 09:07:40,522 [INFO] IPUIPlugin:80 - create IPUIPlugin
2025-08-27 09:07:40,523 [INFO] PluginManager:220 - loadIPPluginJar : add ts
2025-08-27 09:07:40,545 [INFO] IPUIPlugin:80 - create IPUIPlugin
2025-08-27 09:07:40,546 [INFO] PluginManager:220 - loadIPPluginJar : add tsc
2025-08-27 09:07:40,567 [INFO] IPUIPlugin:80 - create IPUIPlugin
2025-08-27 09:07:40,567 [INFO] PluginManager:220 - loadIPPluginJar : add ucpd
2025-08-27 09:07:40,608 [INFO] IPUIPlugin:80 - create IPUIPlugin
2025-08-27 09:07:40,608 [INFO] PluginManager:220 - loadIPPluginJar : add usart
2025-08-27 09:07:40,646 [INFO] IPUIPlugin:80 - create IPUIPlugin
2025-08-27 09:07:40,646 [INFO] PluginManager:220 - loadIPPluginJar : add usbx
2025-08-27 09:07:40,764 [INFO] CADModel:165 - CPN selected for project level
2025-08-27 09:07:40,764 [INFO] CADModel:114 - Register for checkConnection events
2025-08-27 09:07:40,765 [FATAL] Updater:334 - Updater called before beeing initialized
2025-08-27 09:07:40,766 [ERROR] CADModel:125 - Updater not yet initialized, retry later 
2025-08-27 09:07:40,872 [INFO] CADModel:165 - CPN selected for project level
2025-08-27 09:07:40,872 [INFO] CADModel:114 - Register for checkConnection events
2025-08-27 09:07:40,872 [FATAL] Updater:334 - Updater called before beeing initialized
2025-08-27 09:07:40,872 [ERROR] CADModel:125 - Updater not yet initialized, retry later 
2025-08-27 09:07:40,875 [FATAL] Updater:334 - Updater called before beeing initialized
2025-08-27 09:07:40,985 [FATAL] Updater:334 - Updater called before beeing initialized
2025-08-27 09:07:40,996 [INFO] DbMcusAds:53 - JSON generation date=Tue Jul 08 17:14:23 KST 2025 (1751962463562)
2025-08-27 09:07:40,996 [FATAL] Updater:334 - Updater called before beeing initialized
2025-08-27 09:07:41,028 [WARN] DetailPanel:346 - Failed to get advertising image, set to default
2025-08-27 09:07:41,100 [FATAL] Updater:334 - Updater called before beeing initialized
2025-08-27 09:07:41,101 [FATAL] Updater:334 - Updater called before beeing initialized
2025-08-27 09:07:41,101 [FATAL] Updater:334 - Updater called before beeing initialized
2025-08-27 09:07:41,101 [WARN] DetailPanel:346 - Failed to get advertising image, set to default
2025-08-27 09:07:41,102 [FATAL] Updater:334 - Updater called before beeing initialized
2025-08-27 09:07:41,163 [ERROR] Updater:1164 - MainUpdater not yet initialized. External WinMGr cannot be set.
2025-08-27 09:07:41,174 [INFO] Updater:1100 - Updater Version found : 6.12.1
2025-08-27 09:07:41,192 [INFO] ApplicationProperties:184 - Using Application install path: C:\ST\STM32CubeIDE_1.16.1\STM32CubeIDE\plugins\com.st.stm32cube.common.mx_6.12.1.202409122256
2025-08-27 09:07:41,340 [INFO] ThirdPartyUpdaterWithRetryManager:70 - Updater plugin not ready yet. [2/15]
2025-08-27 09:07:41,355 [INFO] MainUpdater:526 - Copy updater definitions from MX database
2025-08-27 09:07:42,002 [INFO] MainUpdater:2873 - connection check result : 10
2025-08-27 09:07:42,002 [INFO] MainUpdater:3567 - Updater definition file requires update
2025-08-27 09:07:42,003 [INFO] MainUpdater:290 - Updater Check For Update Now.
2025-08-27 09:07:42,003 [INFO] MicroXplorer:498 - Change Database Version : DB.6.0.121
2025-08-27 09:07:42,019 [INFO] McuFinderGlobals:63 - Set McuFinder mode to 2 (CubeIDE integrated)
2025-08-27 09:07:42,024 [INFO] UserAuth:417 - Internet connection configuration mode: 1
2025-08-27 09:07:42,048 [INFO] JxBrowserEngine:152 - Initiate JxBrowser Engine with user profile folder
2025-08-27 09:07:42,359 [INFO] ServerAccessManage:473 - Download File updaters.zip
2025-08-27 09:07:42,693 [INFO] FileExtend:240 - Unzip File : updaters.zip
2025-08-27 09:07:42,693 [INFO] FileExtend:255 - Standard Zip Deflate
2025-08-27 09:07:43,569 [INFO] ServerAccessManage:473 - Download File PacksControlFlags.xml
2025-08-27 09:07:43,759 [INFO] ServerAccessManage:473 - Download File cubemx.pidx
2025-08-27 09:07:44,272 [INFO] ServerAccessManage:473 - Download File STMicroelectronics.FP-SNS-STBOX1.pdsc
2025-08-27 09:07:44,342 [WARN] MainUpdater:1194 - Updater busy. Cannot search thirdparties
2025-08-27 09:07:44,342 [INFO] ThirdPartyUpdaterWithRetryManager:96 - Updater plugin is busy. [1/15]
2025-08-27 09:07:44,625 [INFO] WebApp:167 - Instantiating new browser for Auth
2025-08-27 09:07:45,428 [INFO] WebApp:448 - Apply proxy settings
2025-08-27 09:07:45,433 [INFO] WebApp:493 - Chromium authenticates against Manually configured proxy
2025-08-27 09:07:45,447 [INFO] WebApp:501 - Username used for proxy authentication: 
2025-08-27 09:07:45,485 [INFO] WebApp:869 - Register for checkConnection events
2025-08-27 09:07:45,485 [INFO] WebApp:448 - Apply proxy settings
2025-08-27 09:07:45,488 [INFO] WebApp:493 - Chromium authenticates against Manually configured proxy
2025-08-27 09:07:45,489 [INFO] WebApp:501 - Username used for proxy authentication: 
2025-08-27 09:07:45,635 [INFO] WebApp:220 - Starting web application
2025-08-27 09:07:45,636 [INFO] WebApp:578 - Web application path used C:\ST\STM32CubeIDE_1.16.1\STM32CubeIDE\plugins\com.st.stm32cube.common.mx_6.12.1.202409122256\db\plugins\mcufinder\reactClient1\index.html
2025-08-27 09:07:45,724 [INFO] ServerAccessManage:473 - Download File STMicroelectronics.X-CUBE-AI.pdsc
2025-08-27 09:07:45,762 [INFO] UserAuth:417 - Internet connection configuration mode: 1
2025-08-27 09:07:45,767 [INFO] WebApp:186 - Connection restablished
2025-08-27 09:07:47,344 [WARN] MainUpdater:1194 - Updater busy. Cannot search thirdparties
2025-08-27 09:07:47,344 [INFO] ThirdPartyUpdaterWithRetryManager:96 - Updater plugin is busy. [2/15]
2025-08-27 09:07:50,345 [WARN] MainUpdater:1194 - Updater busy. Cannot search thirdparties
2025-08-27 09:07:50,345 [INFO] ThirdPartyUpdaterWithRetryManager:96 - Updater plugin is busy. [3/15]
2025-08-27 09:07:50,692 [INFO] ServerAccessManage:473 - Download File STMicroelectronics.X-CUBE-FREERTOS.pdsc
2025-08-27 09:07:52,929 [WARN] PopulateThirdPartyThread:106 - Error when creating pack: C:/Users/RND1/.stm32cubemx/thirdparties/pdsc/STMicroelectronics.FP-SNS-STBOX1.pdsc
2025-08-27 09:07:52,981 [WARN] PackLoader:240 - Cannot read IP mode file for STMicroelectronics.X-CUBE-AI.10.2.0
2025-08-27 09:07:52,993 [WARN] PackLoader:240 - Cannot read IP mode file for STMicroelectronics.X-CUBE-FREERTOS.1.3.1
2025-08-27 09:07:52,994 [INFO] PopulateThirdPartyThread:66 - Ending populate Thread
2025-08-27 09:07:52,995 [INFO] ThirdParty:1030 - CMSIS Pack Vendor :STMicroelectronics X-CUBE-FREERTOS 1.3.1
2025-08-27 09:07:52,995 [INFO] ThirdParty:1030 - CMSIS Pack Vendor :STMicroelectronics X-CUBE-AI 10.2.0
2025-08-27 09:07:52,995 [INFO] LoadServerUpdatesThread:375 - End of LoadServerUpdate Thread
2025-08-27 09:07:53,085 [INFO] CheckServerUpdateThread:120 - End of CheckServer Thread
2025-08-27 09:07:53,539 [WARN] PackLoader:240 - Cannot read IP mode file for STMicroelectronics.FP-SNS-MOTENVWB1.1.4.0
2025-08-27 09:07:53,543 [WARN] PackLoader:240 - Cannot read IP mode file for STMicroelectronics.FP-ATR-ASTRA1.2.0.2
2025-08-27 09:07:53,553 [WARN] PackLoader:240 - Cannot read IP mode file for STMicroelectronics.FP-ATR-ASTRA1.2.0.1
2025-08-27 09:07:53,565 [WARN] PackLoader:240 - Cannot read IP mode file for STMicroelectronics.X-CUBE-SMBUS.2.1.0
2025-08-27 09:07:53,577 [WARN] PackLoader:240 - Cannot read IP mode file for STMicroelectronics.X-CUBE-WB05N.1.1.0
2025-08-27 09:07:53,586 [ERROR] Engine:466 - C:\Users\RND1\.stm32cubemx\thirdparties\pdsc\STMicroelectronics.X-CUBE-ST60.1.0.0.pdsc: PDSC version is not supported
2025-08-27 09:07:53,597 [WARN] PackLoader:240 - Cannot read IP mode file for STMicroelectronics.X-CUBE-TOUCHGFX.4.23.0
2025-08-27 09:07:53,605 [WARN] PackLoader:240 - Cannot read IP mode file for STMicroelectronics.X-CUBE-TOUCHGFX.4.23.2
2025-08-27 09:07:53,628 [WARN] PackLoader:240 - Cannot read IP mode file for STMicroelectronics.X-CUBE-AZRTOS-F7.1.1.0
2025-08-27 09:07:53,641 [WARN] PackLoader:240 - Cannot read IP mode file for STMicroelectronics.FP-SNS-MOTENV1.4.3.2
2025-08-27 09:07:53,682 [WARN] PackLoader:240 - Cannot read IP mode file for STMicroelectronics.X-CUBE-MEMS1.11.0.0
2025-08-27 09:07:53,764 [WARN] PackLoader:240 - Cannot read IP mode file for STMicroelectronics.FP-SNS-FLIGHT1.5.0.2
2025-08-27 09:07:53,797 [WARN] PackLoader:240 - Cannot read IP mode file for STMicroelectronics.X-CUBE-AZRTOS-H7.3.4.0
2025-08-27 09:07:53,817 [WARN] PackLoader:240 - Cannot read IP mode file for STMicroelectronics.X-CUBE-DISPLAY.3.0.0
2025-08-27 09:07:53,834 [WARN] PackLoader:240 - Cannot read IP mode file for STMicroelectronics.X-CUBE-BLE1.7.0.0
2025-08-27 09:07:53,850 [WARN] PackLoader:240 - Cannot read IP mode file for STMicroelectronics.X-CUBE-NFC10.1.0.0
2025-08-27 09:07:53,867 [WARN] PackLoader:240 - Cannot read IP mode file for STMicroelectronics.X-CUBE-BLEMGR.4.0.0
2025-08-27 09:07:53,884 [WARN] PackLoader:240 - Cannot read IP mode file for emotas.I-CUBE-CANOPEN.1.3.0
2025-08-27 09:07:53,900 [WARN] PackLoader:240 - Cannot read IP mode file for STMicroelectronics.X-CUBE-BLEMGR.3.1.0
2025-08-27 09:07:53,917 [WARN] PackLoader:240 - Cannot read IP mode file for STMicroelectronics.X-CUBE-AI.10.0.0
2025-08-27 09:07:53,920 [ERROR] Engine:466 - C:\Users\RND1\.stm32cubemx\thirdparties\pdsc\STMicroelectronics.FP-SNS-STBOX1.2.1.0.pdsc: PDSC version is not supported
2025-08-27 09:07:53,934 [WARN] PackLoader:240 - Cannot read IP mode file for STMicroelectronics.FP-SNS-SMARTAG2.1.2.0
2025-08-27 09:07:53,938 [ERROR] Engine:466 - C:\Users\RND1\.stm32cubemx\thirdparties\pdsc\STMicroelectronics.FP-SNS-FLIGHT1.5.1.0.pdsc: PDSC version is not supported
2025-08-27 09:07:53,981 [WARN] PackLoader:240 - Cannot read IP mode file for STMicroelectronics.X-CUBE-MEMS1.11.1.0
2025-08-27 09:07:54,061 [INFO] LogOutputStream:77 - [STDOUT_REDIRECT] 1 : Invalid condition id : UX_CORESTACK_Condition cause : null
2025-08-27 09:07:54,062 [INFO] LogOutputStream:77 - [STDOUT_REDIRECT] 1 : Invalid condition id : UX_CORESTACK_Condition cause : null
2025-08-27 09:07:54,063 [INFO] LogOutputStream:77 - [STDOUT_REDIRECT] 1 : Invalid condition id : UX_CORESTACK_Condition cause : null
2025-08-27 09:07:54,064 [INFO] LogOutputStream:77 - [STDOUT_REDIRECT] 1 : Invalid condition id : UX_CORESTACK_Condition cause : null
2025-08-27 09:07:54,065 [INFO] LogOutputStream:77 - [STDOUT_REDIRECT] 1 : Invalid condition id : UX_CORESTACK_Condition cause : null
2025-08-27 09:07:54,067 [WARN] PackLoader:240 - Cannot read IP mode file for STMicroelectronics.X-CUBE-AZRTOS-WL.2.0.0
2025-08-27 09:07:54,083 [WARN] PackLoader:240 - Cannot read IP mode file for STMicroelectronics.FP-SNS-MOTENV1.5.0.0
2025-08-27 09:07:54,087 [WARN] PackLoader:240 - Cannot read IP mode file for wolfSSL.I-CUBE-wolfMQTT.1.19.0
2025-08-27 09:07:54,104 [WARN] PackLoader:240 - Cannot read IP mode file for WES.I-CUBE-Cesium.1.3.0
2025-08-27 09:07:54,115 [WARN] PackLoader:240 - Cannot read IP mode file for STMicroelectronics.X-CUBE-BLE2.3.3.0
2025-08-27 09:07:54,129 [WARN] PackLoader:240 - Cannot read IP mode file for STMicroelectronics.X-CUBE-NFC9.1.0.0
2025-08-27 09:07:54,143 [WARN] PackLoader:240 - Cannot read IP mode file for STMicroelectronics.X-CUBE-BLE1.7.1.0
2025-08-27 09:07:54,159 [WARN] PackLoader:240 - Cannot read IP mode file for STMicroelectronics.X-CUBE-TCPP.4.1.0
2025-08-27 09:07:54,174 [WARN] PackLoader:240 - Cannot read IP mode file for STMicroelectronics.X-CUBE-EEPRMA1.5.2.0
2025-08-27 09:07:54,186 [WARN] PackLoader:240 - Cannot read IP mode file for STMicroelectronics.X-CUBE-AI.10.1.0
2025-08-27 09:07:54,200 [WARN] PackLoader:240 - Cannot read IP mode file for STMicroelectronics.X-CUBE-ALGOBUILD.1.3.0
2025-08-27 09:07:54,238 [WARN] PackLoader:240 - Cannot read IP mode file for STMicroelectronics.X-CUBE-MEMS1.11.2.0
2025-08-27 09:07:54,312 [WARN] PackLoader:240 - Cannot read IP mode file for STMicroelectronics.X-CUBE-AZRTOS-G0.1.1.0
2025-08-27 09:07:54,328 [WARN] PackLoader:240 - Cannot read IP mode file for STMicroelectronics.X-CUBE-SAFEA1.1.2.2
2025-08-27 09:07:54,344 [WARN] PackLoader:240 - Cannot read IP mode file for STMicroelectronics.X-CUBE-NFC4.3.0.0
2025-08-27 09:07:54,360 [WARN] PackLoader:240 - Cannot read IP mode file for wolfSSL.I-CUBE-wolfMQTT.1.18.0
2025-08-27 09:07:54,379 [WARN] PackLoader:240 - Cannot read IP mode file for EmbeddedOffice.I-CUBE-FS-RTOS.1.0.1
2025-08-27 09:07:54,380 [ERROR] ConditionMgr:805 - Attr not supported : Dmpu
2025-08-27 09:07:54,380 [ERROR] ConditionMgr:805 - Attr not supported : Dmpu
2025-08-27 09:07:54,380 [ERROR] ConditionMgr:805 - Attr not supported : Dmpu
2025-08-27 09:07:54,380 [ERROR] ConditionMgr:805 - Attr not supported : Dmpu
2025-08-27 09:07:54,380 [ERROR] ConditionMgr:805 - Attr not supported : Dmpu
2025-08-27 09:07:54,380 [ERROR] ConditionMgr:805 - Attr not supported : Dmpu
2025-08-27 09:07:54,380 [ERROR] ConditionMgr:805 - Attr not supported : Dmpu
2025-08-27 09:07:54,380 [ERROR] ConditionMgr:805 - Attr not supported : Dmpu
2025-08-27 09:07:54,380 [ERROR] ConditionMgr:805 - Attr not supported : Dmpu
2025-08-27 09:07:54,380 [ERROR] ConditionMgr:805 - Attr not supported : Dmpu
2025-08-27 09:07:54,380 [ERROR] ConditionMgr:805 - Attr not supported : Dmpu
2025-08-27 09:07:54,380 [ERROR] ConditionMgr:805 - Attr not supported : Dmpu
2025-08-27 09:07:54,380 [ERROR] ConditionMgr:805 - Attr not supported : Dmpu
2025-08-27 09:07:54,380 [ERROR] ConditionMgr:805 - Attr not supported : Dmpu
2025-08-27 09:07:54,380 [ERROR] ConditionMgr:805 - Attr not supported : Dmpu
2025-08-27 09:07:54,380 [ERROR] ConditionMgr:805 - Attr not supported : Dmpu
2025-08-27 09:07:54,380 [ERROR] ConditionMgr:805 - Attr not supported : Dmpu
2025-08-27 09:07:54,381 [ERROR] ConditionMgr:805 - Attr not supported : Dmpu
2025-08-27 09:07:54,381 [ERROR] ConditionMgr:805 - Attr not supported : Dmpu
2025-08-27 09:07:54,381 [ERROR] ConditionMgr:805 - Attr not supported : Dmpu
2025-08-27 09:07:54,381 [ERROR] ConditionMgr:805 - Attr not supported : Dmpu
2025-08-27 09:07:54,381 [ERROR] ConditionMgr:805 - Attr not supported : Dmpu
2025-08-27 09:07:54,381 [ERROR] ConditionMgr:805 - Attr not supported : Dmpu
2025-08-27 09:07:54,381 [ERROR] ConditionMgr:805 - Attr not supported : Dmpu
2025-08-27 09:07:54,381 [ERROR] ConditionMgr:805 - Attr not supported : Dmpu
2025-08-27 09:07:54,381 [ERROR] ConditionMgr:805 - Attr not supported : Dmpu
2025-08-27 09:07:54,381 [ERROR] ConditionMgr:805 - Attr not supported : Dmpu
2025-08-27 09:07:54,381 [ERROR] ConditionMgr:805 - Attr not supported : Dmpu
2025-08-27 09:07:54,381 [ERROR] ConditionMgr:805 - Attr not supported : Dmpu
2025-08-27 09:07:54,381 [ERROR] ConditionMgr:805 - Attr not supported : Dmpu
2025-08-27 09:07:54,381 [ERROR] ConditionMgr:805 - Attr not supported : Dmpu
2025-08-27 09:07:54,381 [ERROR] ConditionMgr:805 - Attr not supported : Dmpu
2025-08-27 09:07:54,381 [ERROR] ConditionMgr:805 - Attr not supported : Dmpu
2025-08-27 09:07:54,381 [ERROR] ConditionMgr:805 - Attr not supported : Dmpu
2025-08-27 09:07:54,381 [ERROR] ConditionMgr:805 - Attr not supported : Dmpu
2025-08-27 09:07:54,381 [ERROR] ConditionMgr:805 - Attr not supported : Dmpu
2025-08-27 09:07:54,381 [ERROR] ConditionMgr:805 - Attr not supported : Dmpu
2025-08-27 09:07:54,381 [ERROR] ConditionMgr:805 - Attr not supported : Dmpu
2025-08-27 09:07:54,381 [ERROR] ConditionMgr:805 - Attr not supported : Dmpu
2025-08-27 09:07:54,381 [ERROR] ConditionMgr:805 - Attr not supported : Dmpu
2025-08-27 09:07:54,381 [ERROR] ConditionMgr:805 - Attr not supported : Dmpu
2025-08-27 09:07:54,382 [ERROR] ConditionMgr:805 - Attr not supported : Dmpu
2025-08-27 09:07:54,382 [ERROR] ConditionMgr:805 - Attr not supported : Dmpu
2025-08-27 09:07:54,382 [ERROR] ConditionMgr:805 - Attr not supported : Dmpu
2025-08-27 09:07:54,382 [ERROR] ConditionMgr:805 - Attr not supported : Dmpu
2025-08-27 09:07:54,382 [ERROR] ConditionMgr:805 - Attr not supported : Dmpu
2025-08-27 09:07:54,382 [ERROR] ConditionMgr:805 - Attr not supported : Dmpu
2025-08-27 09:07:54,382 [ERROR] ConditionMgr:805 - Attr not supported : Dmpu
2025-08-27 09:07:54,382 [ERROR] ConditionMgr:805 - Attr not supported : Dmpu
2025-08-27 09:07:54,382 [ERROR] ConditionMgr:805 - Attr not supported : Dmpu
2025-08-27 09:07:54,382 [ERROR] ConditionMgr:805 - Attr not supported : Dmpu
2025-08-27 09:07:54,382 [ERROR] ConditionMgr:805 - Attr not supported : Dmpu
2025-08-27 09:07:54,382 [ERROR] ConditionMgr:805 - Attr not supported : Dmpu
2025-08-27 09:07:54,382 [ERROR] ConditionMgr:805 - Attr not supported : Dmpu
2025-08-27 09:07:54,382 [ERROR] ConditionMgr:805 - Attr not supported : Dmpu
2025-08-27 09:07:54,382 [ERROR] ConditionMgr:805 - Attr not supported : Dmpu
2025-08-27 09:07:54,382 [ERROR] ConditionMgr:805 - Attr not supported : Dmpu
2025-08-27 09:07:54,382 [ERROR] ConditionMgr:805 - Attr not supported : Dmpu
2025-08-27 09:07:54,382 [ERROR] ConditionMgr:805 - Attr not supported : Dmpu
2025-08-27 09:07:54,383 [ERROR] ConditionMgr:805 - Attr not supported : Dmpu
2025-08-27 09:07:54,383 [ERROR] ConditionMgr:805 - Attr not supported : Dmpu
2025-08-27 09:07:54,383 [ERROR] ConditionMgr:805 - Attr not supported : Dmpu
2025-08-27 09:07:54,383 [ERROR] ConditionMgr:805 - Attr not supported : Dmpu
2025-08-27 09:07:54,383 [ERROR] ConditionMgr:805 - Attr not supported : Dmpu
2025-08-27 09:07:54,399 [WARN] PackLoader:240 - Cannot read IP mode file for STMicroelectronics.X-CUBE-WB05N.2.0.0
2025-08-27 09:07:54,414 [WARN] PackLoader:240 - Cannot read IP mode file for STMicroelectronics.X-CUBE-BLEMGR.3.0.0
2025-08-27 09:07:54,430 [ERROR] Engine:466 - C:\Users\RND1\.stm32cubemx\thirdparties\pdsc\STMicroelectronics.X-CUBE-TCPP.4.2.0.pdsc: PDSC version is not supported
2025-08-27 09:07:54,444 [WARN] PackLoader:240 - Cannot read IP mode file for RealThread.X-CUBE-RT-Thread_Nano.4.1.1
2025-08-27 09:07:54,449 [WARN] PackLoader:240 - Cannot read IP mode file for STMicroelectronics.FP-ATR-SIGFOX1.3.2.0
2025-08-27 09:07:54,453 [WARN] ConditionMgr:438 - getConditionDescription Invalid condition id : Cortex-A Device cause : null
2025-08-27 09:07:54,474 [WARN] ConditionMgr:1039 - genDependencies : Invalid condition id : Cortex-A Device cause : null
2025-08-27 09:07:54,474 [WARN] ConditionMgr:1039 - genDependencies : Invalid condition id : Cortex-A Device cause : null
2025-08-27 09:07:54,474 [WARN] ConditionMgr:1039 - genDependencies : Invalid condition id : Cortex-A Device cause : null
2025-08-27 09:07:54,484 [WARN] PackLoader:240 - Cannot read IP mode file for STMicroelectronics.X-CUBE-EEPRMA1.5.1.0
2025-08-27 09:07:54,497 [ERROR] Engine:466 - C:\Users\RND1\.stm32cubemx\thirdparties\pdsc\STMicroelectronics.X-CUBE-ST67W61.1.0.0.pdsc: PDSC version is not supported
2025-08-27 09:07:54,498 [WARN] PackLoader:240 - Cannot read IP mode file for STMicroelectronics.X-CUBE-AI.10.2.0
2025-08-27 09:07:54,524 [WARN] PackLoader:240 - Cannot read IP mode file for SEGGER.I-CUBE-embOS.1.3.1
2025-08-27 09:07:54,550 [WARN] PackLoader:240 - Cannot read IP mode file for STMicroelectronics.X-CUBE-ALGOBUILD.1.4.0
2025-08-27 09:07:54,583 [WARN] PackLoader:240 - Cannot read IP mode file for STMicroelectronics.X-CUBE-MEMS1.11.3.0
2025-08-27 09:07:54,653 [WARN] PackLoader:240 - Cannot read IP mode file for STMicroelectronics.X-CUBE-AI.9.1.0
2025-08-27 09:07:54,669 [WARN] PackLoader:240 - Cannot read IP mode file for STMicroelectronics.X-CUBE-PM33A1.1.0.0
2025-08-27 09:07:54,682 [WARN] PackLoader:240 - Cannot read IP mode file for STMicroelectronics.X-CUBE-GNSS1.6.0.0
2025-08-27 09:07:54,707 [WARN] PackLoader:240 - Cannot read IP mode file for STMicroelectronics.X-CUBE-AZRTOS-F4.1.1.0
2025-08-27 09:07:54,720 [WARN] PackLoader:240 - Cannot read IP mode file for wolfSSL.I-CUBE-wolfSSL.5.6.4
2025-08-27 09:07:54,724 [ERROR] Engine:466 - C:\Users\RND1\.stm32cubemx\thirdparties\pdsc\Avnet-IotConnect.X-CUBE-IoTC-DA16k-PMOD.1.0.0.pdsc: PDSC version is not supported
2025-08-27 09:07:54,736 [WARN] PackLoader:240 - Cannot read IP mode file for STMicroelectronics.X-CUBE-ISPU.2.1.0
2025-08-27 09:07:54,748 [WARN] PackLoader:240 - Cannot read IP mode file for STMicroelectronics.X-CUBE-FREERTOS.1.2.0
2025-08-27 09:07:54,762 [WARN] PackLoader:240 - Cannot read IP mode file for STMicroelectronics.X-CUBE-NFC12.1.0.0
2025-08-27 09:07:54,785 [WARN] PackLoader:240 - Cannot read IP mode file for STMicroelectronics.X-CUBE-AZRTOS-L5.2.0.0
2025-08-27 09:07:54,803 [WARN] PackLoader:240 - Cannot read IP mode file for STMicroelectronics.X-CUBE-EEPRMA1.4.2.0
2025-08-27 09:07:54,818 [WARN] PackLoader:240 - Cannot read IP mode file for STMicroelectronics.X-CUBE-NFC6.3.1.0
2025-08-27 09:07:54,840 [WARN] PackLoader:240 - Cannot read IP mode file for ITTIA_DB.I-CUBE-ITTIADB.8.8.0
2025-08-27 09:07:54,859 [WARN] PackLoader:240 - Cannot read IP mode file for STMicroelectronics.X-CUBE-DPower.1.2.0
2025-08-27 09:07:54,874 [WARN] PackLoader:240 - Cannot read IP mode file for STMicroelectronics.X-CUBE-AI.9.0.0
2025-08-27 09:07:54,879 [WARN] PackLoader:240 - Cannot read IP mode file for STMicroelectronics.X-CUBE-FREERTOS.1.3.1
2025-08-27 09:07:54,892 [WARN] PackLoader:240 - Cannot read IP mode file for STMicroelectronics.X-CUBE-FREERTOS.1.3.0
2025-08-27 09:07:54,910 [WARN] PackLoader:240 - Cannot read IP mode file for STMicroelectronics.X-CUBE-NFC7.1.0.1
2025-08-27 09:07:54,924 [WARN] PackLoader:240 - Cannot read IP mode file for STMicroelectronics.X-CUBE-NFC6.3.0.0
2025-08-27 09:07:54,935 [ERROR] Engine:466 - C:\Users\RND1\.stm32cubemx\thirdparties\pdsc\STMicroelectronics.FP-SNS-STAIOTCFT.1.0.0.pdsc: PDSC version is not supported
2025-08-27 09:07:54,947 [WARN] PackLoader:240 - Cannot read IP mode file for STMicroelectronics.X-CUBE-DPower.1.3.0
2025-08-27 09:07:54,960 [WARN] PackLoader:240 - Cannot read IP mode file for STMicroelectronics.X-CUBE-AI.8.1.0
2025-08-27 09:07:54,979 [WARN] ConditionMgr:438 - getConditionDescription Invalid condition id : LAN8742 Phy interface Condition cause : null
2025-08-27 09:07:54,979 [WARN] PackLoader:240 - Cannot read IP mode file for STMicroelectronics.X-CUBE-AZRTOS-L4.2.0.0
2025-08-27 09:07:54,980 [WARN] ConditionMgr:1039 - genDependencies : Invalid condition id : LAN8742 Phy interface Condition cause : null
2025-08-27 09:07:54,980 [WARN] ConditionMgr:1039 - genDependencies : Invalid condition id : LAN8742 Phy interface Condition cause : null
2025-08-27 09:07:54,980 [WARN] ConditionMgr:1039 - genDependencies : Invalid condition id : LAN8742 Phy interface Condition cause : null
2025-08-27 09:07:54,994 [WARN] PackLoader:240 - Cannot read IP mode file for STMicroelectronics.X-CUBE-SFXS2LP1.4.0.0
2025-08-27 09:07:55,014 [WARN] PackLoader:240 - Cannot read IP mode file for STMicroelectronics.X-CUBE-AZRTOS-H7.3.3.0
2025-08-27 09:07:55,027 [ERROR] Engine:466 - C:\Users\RND1\.stm32cubemx\thirdparties\pdsc\STMicroelectronics.X-CUBE-BLEMGR.4.1.0.pdsc: PDSC version is not supported
2025-08-27 09:07:55,049 [WARN] PackLoader:240 - Cannot read IP mode file for STMicroelectronics.X-CUBE-IPS.3.0.0
2025-08-27 09:07:55,067 [WARN] ConditionMgr:438 - getConditionDescription Invalid condition id : UX DEVICE CLASS RTOS Condition cause : null
2025-08-27 09:07:55,067 [WARN] ConditionMgr:438 - getConditionDescription Invalid condition id : UX DEVICE CLASS RTOS Condition cause : null
2025-08-27 09:07:55,068 [WARN] PackLoader:240 - Cannot read IP mode file for STMicroelectronics.X-CUBE-AZRTOS-WB.2.0.0
2025-08-27 09:07:55,068 [WARN] ConditionMgr:1039 - genDependencies : Invalid condition id : UX DEVICE CLASS RTOS Condition cause : null
2025-08-27 09:07:55,068 [WARN] ConditionMgr:1039 - genDependencies : Invalid condition id : UX DEVICE CLASS RTOS Condition cause : null
2025-08-27 09:07:55,068 [WARN] ConditionMgr:1039 - genDependencies : Invalid condition id : UX DEVICE CLASS RTOS Condition cause : null
2025-08-27 09:07:55,068 [WARN] ConditionMgr:1039 - genDependencies : Invalid condition id : UX DEVICE CLASS RTOS Condition cause : null
2025-08-27 09:07:55,068 [WARN] ConditionMgr:1039 - genDependencies : Invalid condition id : UX DEVICE CLASS RTOS Condition cause : null
2025-08-27 09:07:55,081 [WARN] PackLoader:240 - Cannot read IP mode file for STMicroelectronics.X-CUBE-GNSS1.7.0.0
2025-08-27 09:07:55,096 [WARN] PackLoader:240 - Cannot read IP mode file for STMicroelectronics.X-CUBE-GNSS1.7.0.1
2025-08-27 09:07:55,109 [WARN] PackLoader:240 - Cannot read IP mode file for STMicroelectronics.X-CUBE-TOUCHGFX.4.25.0
2025-08-27 09:07:55,125 [WARN] PackLoader:240 - Cannot read IP mode file for STMicroelectronics.FP-SNS-STBOX1.2.0.0
2025-08-27 09:07:55,144 [WARN] PackLoader:240 - Cannot read IP mode file for STMicroelectronics.X-CUBE-SUBG2.5.0.0
2025-08-27 09:07:55,173 [WARN] PackLoader:240 - Cannot read IP mode file for STMicroelectronics.X-CUBE-AZRTOS-H7RS.1.1.0
2025-08-27 09:07:55,195 [WARN] PackLoader:240 - Cannot read IP mode file for STMicroelectronics.X-CUBE-AZRTOS-G4.2.0.0
2025-08-27 09:07:55,216 [WARN] PackLoader:240 - Cannot read IP mode file for Infineon.AIROC-Wi-Fi-Bluetooth-STM32.1.5.1
2025-08-27 09:07:55,233 [WARN] PackLoader:240 - Cannot read IP mode file for STMicroelectronics.X-CUBE-NFC7.2.0.0
2025-08-27 09:07:55,251 [WARN] PackLoader:240 - Cannot read IP mode file for STMicroelectronics.FP-SNS-MOTENVWB1.1.3.1
2025-08-27 09:07:55,270 [WARN] PackLoader:240 - Cannot read IP mode file for STMicroelectronics.X-CUBE-ISPU.2.0.0
2025-08-27 09:07:55,285 [ERROR] Engine:466 - C:\Users\RND1\.stm32cubemx\thirdparties\pdsc\STMicroelectronics.X-CUBE-IPS.3.1.0.pdsc: PDSC version is not supported
2025-08-27 09:07:55,302 [WARN] PackLoader:240 - Cannot read IP mode file for STMicroelectronics.X-CUBE-ALS.1.0.2
2025-08-27 09:07:55,333 [WARN] PackLoader:240 - Cannot read IP mode file for STMicroelectronics.X-CUBE-MEMS1.10.0.0
2025-08-27 09:07:55,390 [WARN] PackLoader:240 - Cannot read IP mode file for STMicroelectronics.X-CUBE-FREERTOS.1.1.0
2025-08-27 09:07:55,401 [WARN] PackLoader:240 - Cannot read IP mode file for STMicroelectronics.X-CUBE-TOUCHGFX.4.24.0
2025-08-27 09:07:55,415 [WARN] PackLoader:240 - Cannot read IP mode file for STMicroelectronics.X-CUBE-TOUCHGFX.4.24.2
2025-08-27 09:07:55,426 [WARN] PackLoader:240 - Cannot read IP mode file for STMicroelectronics.X-CUBE-TOUCHGFX.4.24.1
2025-08-27 09:07:55,429 [WARN] PackLoader:240 - Cannot read IP mode file for wolfSSL.I-CUBE-wolfTPM.3.4.0
2025-08-27 09:07:55,441 [WARN] PackLoader:240 - Cannot read IP mode file for portGmbH.I-Cube-SoM-uGOAL.1.1.0
2025-08-27 09:07:55,451 [WARN] PackLoader:240 - Cannot read IP mode file for STMicroelectronics.X-CUBE-ALS.1.0.1
2025-08-27 09:07:55,472 [WARN] PackLoader:240 - Cannot read IP mode file for STMicroelectronics.X-CUBE-AZRTOS-H7RS.1.0.0
2025-08-27 09:07:55,482 [WARN] PackLoader:240 - Cannot read IP mode file for STMicroelectronics.FP-ATR-ASTRA1.2.0.0
2025-08-27 09:07:55,498 [WARN] PackLoader:240 - Cannot read IP mode file for STMicroelectronics.X-CUBE-TOF1.3.4.2
2025-08-27 09:07:55,514 [ERROR] Engine:466 - C:\Users\RND1\.stm32cubemx\thirdparties\pdsc\STMicroelectronics.X-CUBE-TOF1.3.4.3.pdsc: PDSC version is not supported
2025-08-27 09:07:55,529 [WARN] PackLoader:240 - Cannot read IP mode file for STMicroelectronics.X-CUBE-TOF1.3.4.0
2025-08-27 09:07:55,545 [WARN] PackLoader:240 - Cannot read IP mode file for STMicroelectronics.X-CUBE-TOF1.3.4.1
2025-08-27 09:07:55,567 [WARN] PackLoader:240 - Cannot read IP mode file for STMicroelectronics.X-CUBE-AZRTOS-H7.3.2.0
2025-08-27 09:07:55,572 [WARN] PackLoader:240 - Cannot read IP mode file for wolfSSL.I-CUBE-wolfSSH.1.4.17
2025-08-27 09:07:55,573 [INFO] ThirdParty:978 - Integrity check success = true
2025-08-27 09:07:55,573 [INFO] IntegrityCheckThread:100 - exiting critical section [integrity check]
2025-08-27 09:07:55,573 [INFO] IntegrityCheckThread:103 - End integrity checks thread
2025-08-27 11:03:50,851 [INFO] WebApp:189 - Connection lost
2025-08-27 11:03:51,161 [INFO] WebApp:186 - Connection restablished
2025-08-27 11:04:48,229 [INFO] WebApp:189 - Connection lost
2025-08-27 11:04:48,455 [INFO] WebApp:186 - Connection restablished
2025-08-27 11:13:46,259 [INFO] WebApp:189 - Connection lost
2025-08-27 11:13:46,564 [INFO] WebApp:186 - Connection restablished
2025-08-27 11:13:52,699 [INFO] WebApp:189 - Connection lost
2025-08-27 11:13:52,861 [INFO] WebApp:186 - Connection restablished
2025-08-27 15:36:06,101 [ERROR] LogOutputStream:75 - [STDERR_REDIRECT] 
2025-08-27 17:11:00,909 [INFO] Activator:176 - 


2025-08-27 17:11:00,911 [INFO] Activator:177 - !SESSION log4j initialized
2025-08-27 17:11:07,368 [INFO] LogOutputStream:77 - [STDOUT_REDIRECT] 
2025-08-27 17:11:17,394 [INFO] ApplicationProperties:184 - Using Application install path: C:\ST\STM32CubeIDE_1.16.1\STM32CubeIDE\plugins\com.st.stm32cube.common.mx_6.12.1.202409122256
2025-08-27 17:11:17,410 [INFO] DbMcusXml:78 - Set database path to: C:\ST\STM32CubeIDE_1.16.1\STM32CubeIDE\plugins\com.st.stm32cube.common.mx_6.12.1.202409122256\\db\/mcu/
2025-08-27 17:11:17,411 [INFO] ApiDb:274 - Set plugin database path to: C:\ST\STM32CubeIDE_1.16.1\STM32CubeIDE\plugins\com.st.stm32cube.common.mx_6.12.1.202409122256\\db\/plugins/boardmanager/
2025-08-27 17:11:17,411 [WARN] ApiDb:259 - Overriding images path with different value:  => C:\ST\STM32CubeIDE_1.16.1\STM32CubeIDE\plugins\com.st.stm32cube.common.mx_6.12.1.202409122256\\db\/plugins/mcufinder/images/
2025-08-27 17:11:17,426 [INFO] ApiDb:250 - Set database path to: C:\Users\RND1\.stmcufinder\plugins\mcufinder//mcu/
2025-08-27 17:11:17,427 [INFO] DbMcusAds:125 - Set database path to: C:\Users\RND1\.stmcufinder\plugins\mcufinder//mcu/
2025-08-27 17:11:17,430 [INFO] CrossReferenceDbSqlite:203 - Set database path to: C:\Users\RND1\.stmcufinder\plugins\mcufinder//mcu/cs/
2025-08-27 17:11:17,523 [INFO] RulesReader:64 - Compatibility file has been processed (297 Rules)
2025-08-27 17:11:17,615 [INFO] DbMcusXml:78 - Set database path to: C:\ST\STM32CubeIDE_1.16.1\STM32CubeIDE\plugins\com.st.stm32cube.common.mx_6.12.1.202409122256\\db\/mcu/
2025-08-27 17:11:17,616 [INFO] ApiDb:274 - Set plugin database path to: C:\ST\STM32CubeIDE_1.16.1\STM32CubeIDE\plugins\com.st.stm32cube.common.mx_6.12.1.202409122256\\db\/plugins/boardmanager/
2025-08-27 17:11:17,616 [INFO] ApiDb:261 - Set plugin images path to: C:\ST\STM32CubeIDE_1.16.1\STM32CubeIDE\plugins\com.st.stm32cube.common.mx_6.12.1.202409122256\\db\/plugins/mcufinder/images/
2025-08-27 17:11:17,616 [WARN] DbFile:41 - Overriding database path with different value: C:\Users\RND1\.stmcufinder\plugins\mcufinder/ => C:\Users\RND1\.stmcufinder\plugins\mcufinder
2025-08-27 17:11:17,616 [INFO] ApiDb:250 - Set database path to: C:\Users\RND1\.stmcufinder\plugins\mcufinder//mcu/
2025-08-27 17:11:17,616 [WARN] DbFile:41 - Overriding database path with different value: C:\Users\RND1\.stmcufinder\plugins\mcufinder/ => C:\Users\RND1\.stmcufinder\plugins\mcufinder
2025-08-27 17:11:17,616 [INFO] DbMcusAds:125 - Set database path to: C:\Users\RND1\.stmcufinder\plugins\mcufinder//mcu/
2025-08-27 17:11:17,616 [WARN] DbFile:41 - Overriding database path with different value: C:\Users\RND1\.stmcufinder\plugins\mcufinder/ => C:\Users\RND1\.stmcufinder\plugins\mcufinder
2025-08-27 17:11:17,617 [WARN] DbFile:41 - Overriding database path with different value: C:\Users\RND1\.stmcufinder\plugins\mcufinder/ => C:\Users\RND1\.stmcufinder\plugins\mcufinder
2025-08-27 17:11:17,617 [INFO] CrossReferenceDbSqlite:203 - Set database path to: C:\Users\RND1\.stmcufinder\plugins\mcufinder//mcu/cs/
2025-08-27 17:11:17,721 [INFO] MainPanel:268 - HeapMemory: 268435456
2025-08-27 17:11:17,838 [INFO] DbMcusXml:78 - Set database path to: C:\ST\STM32CubeIDE_1.16.1\STM32CubeIDE\plugins\com.st.stm32cube.common.mx_6.12.1.202409122256\\db\/mcu/
2025-08-27 17:11:17,838 [INFO] ApiDb:274 - Set plugin database path to: C:\ST\STM32CubeIDE_1.16.1\STM32CubeIDE\plugins\com.st.stm32cube.common.mx_6.12.1.202409122256\\db\/plugins/boardmanager/
2025-08-27 17:11:17,838 [INFO] ApiDb:261 - Set plugin images path to: C:\ST\STM32CubeIDE_1.16.1\STM32CubeIDE\plugins\com.st.stm32cube.common.mx_6.12.1.202409122256\\db\/plugins/mcufinder/images/
2025-08-27 17:11:17,839 [WARN] DbFile:41 - Overriding database path with different value: C:\Users\RND1\.stmcufinder\plugins\mcufinder/ => C:\Users\RND1\.stmcufinder\plugins\mcufinder
2025-08-27 17:11:17,839 [INFO] ApiDb:250 - Set database path to: C:\Users\RND1\.stmcufinder\plugins\mcufinder//mcu/
2025-08-27 17:11:17,839 [WARN] DbFile:41 - Overriding database path with different value: C:\Users\RND1\.stmcufinder\plugins\mcufinder/ => C:\Users\RND1\.stmcufinder\plugins\mcufinder
2025-08-27 17:11:17,839 [INFO] DbMcusAds:125 - Set database path to: C:\Users\RND1\.stmcufinder\plugins\mcufinder//mcu/
2025-08-27 17:11:17,839 [WARN] DbFile:41 - Overriding database path with different value: C:\Users\RND1\.stmcufinder\plugins\mcufinder/ => C:\Users\RND1\.stmcufinder\plugins\mcufinder
2025-08-27 17:11:17,839 [WARN] DbFile:41 - Overriding database path with different value: C:\Users\RND1\.stmcufinder\plugins\mcufinder/ => C:\Users\RND1\.stmcufinder\plugins\mcufinder
2025-08-27 17:11:17,899 [INFO] CrossReferenceDbSqlite:203 - Set database path to: C:\Users\RND1\.stmcufinder\plugins\mcufinder//mcu/cs/
2025-08-27 17:11:17,918 [INFO] ApplicationProperties:184 - Using Application install path: C:\ST\STM32CubeIDE_1.16.1\STM32CubeIDE\plugins\com.st.stm32cube.common.mx_6.12.1.202409122256
2025-08-27 17:11:17,920 [INFO] PluginManage:196 - Search for loadable plugins [exclusion list=, ]
2025-08-27 17:11:17,921 [INFO] PluginManage:310 - Check plugin analytics
2025-08-27 17:11:18,146 [INFO] AnalyticsPlugin:253 - Accepted Software Licenses: STM32CubeMX.6.10.0
2025-08-27 17:11:18,147 [INFO] AnalyticsPlugin:255 - Accepted CMSIS Pack Licenses: 
2025-08-27 17:11:18,147 [INFO] AnalyticsPlugin:257 - Accepted Firmware Licenses: FW.G4.1.5.0,FW.G4.1.6.0,FW.F4.1.28.0,FW.H7.1.11.0
2025-08-27 17:11:18,151 [INFO] PluginManage:359 - Loaded plugin analytics (category:tool,tabindex:-1)
2025-08-27 17:11:18,151 [INFO] PluginManage:310 - Check plugin cadmodel
2025-08-27 17:11:18,177 [INFO] CADModel:105 - Init CAD model plugin
2025-08-27 17:11:18,177 [INFO] PluginManage:359 - Loaded plugin cadmodel (category:power,tabindex:5)
2025-08-27 17:11:18,177 [INFO] PluginManage:310 - Check plugin clock
2025-08-27 17:11:18,207 [INFO] PluginManage:359 - Loaded plugin clock (category:base,tabindex:2)
2025-08-27 17:11:18,207 [INFO] PluginManage:310 - Check plugin ddr
2025-08-27 17:11:18,210 [INFO] PluginManage:359 - Loaded plugin ddr (category:tool,tabindex:6)
2025-08-27 17:11:18,210 [INFO] PluginManage:310 - Check plugin filemanager
2025-08-27 17:11:18,377 [INFO] PluginManage:359 - Loaded plugin filemanager (category:base,tabindex:10)
2025-08-27 17:11:18,377 [INFO] PluginManage:310 - Check plugin ipmanager
2025-08-27 17:11:18,387 [INFO] PluginManage:359 - Loaded plugin ipmanager (category:base,tabindex:5)
2025-08-27 17:11:18,388 [INFO] PluginManage:310 - Check plugin lpbam
2025-08-27 17:11:18,410 [INFO] PluginManage:359 - Loaded plugin lpbam (category:base,tabindex:0)
2025-08-27 17:11:18,410 [INFO] PluginManage:310 - Check plugin memorymap
2025-08-27 17:11:18,441 [INFO] PluginManage:359 - Loaded plugin memorymap (category:base,tabindex:4)
2025-08-27 17:11:18,441 [INFO] PluginManage:310 - Check plugin pinoutandconfiguration
2025-08-27 17:11:18,461 [INFO] PluginManage:359 - Loaded plugin pinoutandconfiguration (category:base,tabindex:1)
2025-08-27 17:11:18,461 [INFO] PluginManage:310 - Check plugin pinoutconfig
2025-08-27 17:11:18,554 [WARN] SupportedApi:132 - Cannot load RTOS API schema: s4s-elt-must-match.1: The content of 'definitions' must match (annotation?, (simpleType | complexType)?, (unique | key | keyref)*)). A problem was found starting at: attribute.
2025-08-27 17:11:18,692 [INFO] PluginManage:359 - Loaded plugin pinoutconfig (category:base,tabindex:0)
2025-08-27 17:11:18,692 [INFO] PluginManage:310 - Check plugin power
2025-08-27 17:11:18,713 [INFO] PluginManage:359 - Loaded plugin power (category:power,tabindex:4)
2025-08-27 17:11:18,713 [INFO] PluginManage:310 - Check plugin projectmanager
2025-08-27 17:11:18,727 [INFO] PluginManage:359 - Loaded plugin projectmanager (category:projectmanager,tabindex:4)
2025-08-27 17:11:18,727 [INFO] PluginManage:310 - Check plugin rif
2025-08-27 17:11:18,746 [INFO] PluginManage:359 - Loaded plugin rif (category:base,tabindex:3)
2025-08-27 17:11:18,747 [INFO] PluginManage:310 - Check plugin thirdparty
2025-08-27 17:11:19,076 [INFO] PluginManage:359 - Loaded plugin thirdparty (category:base,tabindex:-1)
2025-08-27 17:11:19,076 [WARN] IntegrityCheckThread:84 - waiting for thirdparty lock release [integrity check]
2025-08-27 17:11:19,077 [INFO] PluginManage:310 - Check plugin tools
2025-08-27 17:11:19,077 [INFO] IntegrityCheckThread:86 - entering critical section [integrity check]
2025-08-27 17:11:19,077 [INFO] ThirdPartyUpdaterWithRetryManager:70 - Updater plugin not ready yet. [1/15]
2025-08-27 17:11:19,139 [INFO] PluginManage:359 - Loaded plugin tools (category:base,tabindex:7)
2025-08-27 17:11:19,139 [INFO] PluginManage:310 - Check plugin tutovideos
2025-08-27 17:11:19,325 [INFO] PluginManage:359 - Loaded plugin tutovideos (category:base,tabindex:-1)
2025-08-27 17:11:19,325 [INFO] PluginManage:310 - Check plugin updater
2025-08-27 17:11:19,338 [INFO] PluginManage:359 - Loaded plugin updater (category:base,tabindex:12)
2025-08-27 17:11:19,338 [INFO] PluginManage:310 - Check plugin userauth
2025-08-27 17:11:19,344 [INFO] UserAuth:113 - Init User Auth plugin
2025-08-27 17:11:19,344 [INFO] PluginManage:359 - Loaded plugin userauth (category:base,tabindex:14)
2025-08-27 17:11:19,344 [INFO] PluginManage:283 - PluginManage : Loaded plugins [18]
2025-08-27 17:11:19,533 [INFO] PinOutPanel:1561 - setPackage(No Configuration,No Configuration)
2025-08-27 17:11:19,623 [INFO] CADModel:165 - CPN selected for project level
2025-08-27 17:11:19,623 [INFO] CADModel:114 - Register for checkConnection events
2025-08-27 17:11:19,657 [INFO] IPUIPlugin:80 - create IPUIPlugin
2025-08-27 17:11:19,658 [INFO] PluginManager:220 - loadIPPluginJar : add adc
2025-08-27 17:11:19,713 [INFO] IPUIPlugin:80 - create IPUIPlugin
2025-08-27 17:11:19,713 [INFO] PluginManager:220 - loadIPPluginJar : add aes
2025-08-27 17:11:19,776 [INFO] IPUIPlugin:80 - create IPUIPlugin
2025-08-27 17:11:19,777 [INFO] PluginManager:220 - loadIPPluginJar : add can
2025-08-27 17:11:19,809 [INFO] IPUIPlugin:80 - create IPUIPlugin
2025-08-27 17:11:19,809 [INFO] PluginManager:220 - loadIPPluginJar : add comp
2025-08-27 17:11:19,855 [INFO] IPUIPlugin:80 - create IPUIPlugin
2025-08-27 17:11:19,855 [INFO] PluginManager:220 - loadIPPluginJar : add cryp
2025-08-27 17:11:19,870 [INFO] IPUIPlugin:80 - create IPUIPlugin
2025-08-27 17:11:19,870 [INFO] PluginManager:220 - loadIPPluginJar : add ddr_ctrl_phy
2025-08-27 17:11:19,915 [INFO] IPUIPlugin:80 - create IPUIPlugin
2025-08-27 17:11:19,915 [INFO] PluginManager:220 - loadIPPluginJar : add dfsdm
2025-08-27 17:11:19,932 [INFO] IPUIPlugin:80 - create IPUIPlugin
2025-08-27 17:11:19,934 [INFO] PluginManager:220 - loadIPPluginJar : add dma
2025-08-27 17:11:19,996 [INFO] IPUIPlugin:80 - create IPUIPlugin
2025-08-27 17:11:19,996 [INFO] PluginManager:220 - loadIPPluginJar : add dma3
2025-08-27 17:11:20,061 [INFO] IPUIPlugin:80 - create IPUIPlugin
2025-08-27 17:11:20,062 [INFO] PluginManager:220 - loadIPPluginJar : add extmemmanager
2025-08-27 17:11:20,097 [INFO] IPUIPlugin:80 - create IPUIPlugin
2025-08-27 17:11:20,098 [INFO] PluginManager:220 - loadIPPluginJar : add fatfs
2025-08-27 17:11:20,180 [INFO] IPUIPlugin:80 - create IPUIPlugin
2025-08-27 17:11:20,180 [INFO] PluginManager:220 - loadIPPluginJar : add fmc
2025-08-27 17:11:20,204 [INFO] IPUIPlugin:80 - create IPUIPlugin
2025-08-27 17:11:20,204 [INFO] PluginManager:220 - loadIPPluginJar : add freertos
2025-08-27 17:11:20,243 [INFO] IPUIPlugin:80 - create IPUIPlugin
2025-08-27 17:11:20,243 [INFO] PluginManager:220 - loadIPPluginJar : add genericplugin
2025-08-27 17:11:20,371 [INFO] IPUIPlugin:80 - create IPUIPlugin
2025-08-27 17:11:20,371 [INFO] PluginManager:220 - loadIPPluginJar : add gfxmmu
2025-08-27 17:11:20,569 [INFO] IPUIPlugin:80 - create IPUIPlugin
2025-08-27 17:11:20,569 [INFO] PluginManager:220 - loadIPPluginJar : add gic
2025-08-27 17:11:20,588 [INFO] IPUIPlugin:80 - create IPUIPlugin
2025-08-27 17:11:20,588 [INFO] PluginManager:220 - loadIPPluginJar : add gpio
2025-08-27 17:11:20,733 [INFO] IPUIPlugin:80 - create IPUIPlugin
2025-08-27 17:11:20,733 [INFO] PluginManager:220 - loadIPPluginJar : add gtzc
2025-08-27 17:11:20,785 [INFO] IPUIPlugin:80 - create IPUIPlugin
2025-08-27 17:11:20,785 [INFO] PluginManager:220 - loadIPPluginJar : add hash
2025-08-27 17:11:20,859 [INFO] IPUIPlugin:80 - create IPUIPlugin
2025-08-27 17:11:20,859 [INFO] PluginManager:220 - loadIPPluginJar : add i2c
2025-08-27 17:11:20,916 [INFO] IPUIPlugin:80 - create IPUIPlugin
2025-08-27 17:11:20,916 [INFO] PluginManager:220 - loadIPPluginJar : add i2s
2025-08-27 17:11:20,972 [INFO] IPUIPlugin:80 - create IPUIPlugin
2025-08-27 17:11:20,973 [INFO] PluginManager:220 - loadIPPluginJar : add i3c
2025-08-27 17:11:21,127 [INFO] IPUIPlugin:80 - create IPUIPlugin
2025-08-27 17:11:21,127 [INFO] PluginManager:220 - loadIPPluginJar : add ipddr
2025-08-27 17:11:21,281 [INFO] IPUIPlugin:80 - create IPUIPlugin
2025-08-27 17:11:21,282 [INFO] PluginManager:220 - loadIPPluginJar : add linkedlist
2025-08-27 17:11:21,340 [INFO] IPUIPlugin:80 - create IPUIPlugin
2025-08-27 17:11:21,340 [INFO] PluginManager:220 - loadIPPluginJar : add lorawan
2025-08-27 17:11:21,421 [INFO] IPUIPlugin:80 - create IPUIPlugin
2025-08-27 17:11:21,421 [INFO] PluginManager:220 - loadIPPluginJar : add ltdc
2025-08-27 17:11:21,439 [INFO] IPUIPlugin:80 - create IPUIPlugin
2025-08-27 17:11:21,439 [INFO] PluginManager:220 - loadIPPluginJar : add mdma
2025-08-27 17:11:21,459 [INFO] IPUIPlugin:80 - create IPUIPlugin
2025-08-27 17:11:21,459 [INFO] PluginManager:220 - loadIPPluginJar : add nvic
2025-08-27 17:11:21,566 [INFO] IPUIPlugin:80 - create IPUIPlugin
2025-08-27 17:11:21,566 [INFO] PluginManager:220 - loadIPPluginJar : add opamp
2025-08-27 17:11:21,716 [INFO] IPUIPlugin:80 - create IPUIPlugin
2025-08-27 17:11:21,716 [INFO] PluginManager:220 - loadIPPluginJar : add openamp
2025-08-27 17:11:21,800 [INFO] IPUIPlugin:80 - create IPUIPlugin
2025-08-27 17:11:21,801 [INFO] PluginManager:220 - loadIPPluginJar : add pdm2pcm
2025-08-27 17:11:21,822 [INFO] IPUIPlugin:80 - create IPUIPlugin
2025-08-27 17:11:21,824 [INFO] PluginManager:220 - loadIPPluginJar : add plateformsettings
2025-08-27 17:11:21,865 [INFO] IPUIPlugin:80 - create IPUIPlugin
2025-08-27 17:11:21,865 [INFO] PluginManager:220 - loadIPPluginJar : add quadspi
2025-08-27 17:11:21,917 [INFO] IPUIPlugin:80 - create IPUIPlugin
2025-08-27 17:11:21,918 [INFO] PluginManager:220 - loadIPPluginJar : add radio
2025-08-27 17:11:21,936 [INFO] IPUIPlugin:80 - create IPUIPlugin
2025-08-27 17:11:21,937 [INFO] PluginManager:220 - loadIPPluginJar : add resmgrutility
2025-08-27 17:11:22,018 [INFO] IPUIPlugin:80 - create IPUIPlugin
2025-08-27 17:11:22,018 [INFO] PluginManager:220 - loadIPPluginJar : add sai
2025-08-27 17:11:22,079 [INFO] ThirdPartyUpdaterWithRetryManager:70 - Updater plugin not ready yet. [2/15]
2025-08-27 17:11:22,099 [INFO] IPUIPlugin:80 - create IPUIPlugin
2025-08-27 17:11:22,100 [INFO] PluginManager:220 - loadIPPluginJar : add spi
2025-08-27 17:11:22,246 [INFO] IPUIPlugin:80 - create IPUIPlugin
2025-08-27 17:11:22,246 [INFO] PluginManager:220 - loadIPPluginJar : add stm32_wpan
2025-08-27 17:11:22,285 [INFO] IPUIPlugin:80 - create IPUIPlugin
2025-08-27 17:11:22,285 [INFO] PluginManager:220 - loadIPPluginJar : add tim
2025-08-27 17:11:22,383 [INFO] IPUIPlugin:80 - create IPUIPlugin
2025-08-27 17:11:22,383 [INFO] PluginManager:220 - loadIPPluginJar : add touchsensing
2025-08-27 17:11:22,422 [INFO] IPUIPlugin:80 - create IPUIPlugin
2025-08-27 17:11:22,422 [INFO] PluginManager:220 - loadIPPluginJar : add tracer_emb
2025-08-27 17:11:22,455 [INFO] IPUIPlugin:80 - create IPUIPlugin
2025-08-27 17:11:22,455 [INFO] PluginManager:220 - loadIPPluginJar : add ts
2025-08-27 17:11:22,491 [INFO] IPUIPlugin:80 - create IPUIPlugin
2025-08-27 17:11:22,491 [INFO] PluginManager:220 - loadIPPluginJar : add tsc
2025-08-27 17:11:22,533 [INFO] IPUIPlugin:80 - create IPUIPlugin
2025-08-27 17:11:22,533 [INFO] PluginManager:220 - loadIPPluginJar : add ucpd
2025-08-27 17:11:22,609 [INFO] IPUIPlugin:80 - create IPUIPlugin
2025-08-27 17:11:22,609 [INFO] PluginManager:220 - loadIPPluginJar : add usart
2025-08-27 17:11:22,679 [INFO] IPUIPlugin:80 - create IPUIPlugin
2025-08-27 17:11:22,679 [INFO] PluginManager:220 - loadIPPluginJar : add usbx
2025-08-27 17:11:22,802 [INFO] CADModel:165 - CPN selected for project level
2025-08-27 17:11:22,803 [INFO] CADModel:114 - Register for checkConnection events
2025-08-27 17:11:22,803 [FATAL] Updater:334 - Updater called before beeing initialized
2025-08-27 17:11:22,803 [ERROR] CADModel:125 - Updater not yet initialized, retry later 
2025-08-27 17:11:22,924 [INFO] CADModel:165 - CPN selected for project level
2025-08-27 17:11:22,924 [INFO] CADModel:114 - Register for checkConnection events
2025-08-27 17:11:22,924 [FATAL] Updater:334 - Updater called before beeing initialized
2025-08-27 17:11:22,924 [ERROR] CADModel:125 - Updater not yet initialized, retry later 
2025-08-27 17:11:22,928 [FATAL] Updater:334 - Updater called before beeing initialized
2025-08-27 17:11:23,033 [FATAL] Updater:334 - Updater called before beeing initialized
2025-08-27 17:11:23,036 [INFO] DbMcusAds:53 - JSON generation date=Tue Jul 08 17:14:23 KST 2025 (1751962463582)
2025-08-27 17:11:23,036 [FATAL] Updater:334 - Updater called before beeing initialized
2025-08-27 17:11:23,074 [WARN] DetailPanel:346 - Failed to get advertising image, set to default
2025-08-27 17:11:23,173 [FATAL] Updater:334 - Updater called before beeing initialized
2025-08-27 17:11:23,176 [FATAL] Updater:334 - Updater called before beeing initialized
2025-08-27 17:11:23,177 [FATAL] Updater:334 - Updater called before beeing initialized
2025-08-27 17:11:23,177 [WARN] DetailPanel:346 - Failed to get advertising image, set to default
2025-08-27 17:11:23,177 [FATAL] Updater:334 - Updater called before beeing initialized
2025-08-27 17:11:23,258 [ERROR] Updater:1164 - MainUpdater not yet initialized. External WinMGr cannot be set.
2025-08-27 17:11:23,273 [INFO] Updater:1100 - Updater Version found : 6.12.1
2025-08-27 17:11:23,295 [INFO] ApplicationProperties:184 - Using Application install path: C:\ST\STM32CubeIDE_1.16.1\STM32CubeIDE\plugins\com.st.stm32cube.common.mx_6.12.1.202409122256
2025-08-27 17:11:24,132 [INFO] MainUpdater:2873 - connection check result : 10
2025-08-27 17:11:24,134 [INFO] MainUpdater:290 - Updater Check For Update Now.
2025-08-27 17:11:24,134 [INFO] MicroXplorer:498 - Change Database Version : DB.6.0.121
2025-08-27 17:11:24,157 [INFO] McuFinderGlobals:63 - Set McuFinder mode to 2 (CubeIDE integrated)
2025-08-27 17:11:24,168 [INFO] UserAuth:417 - Internet connection configuration mode: 1
2025-08-27 17:11:24,211 [INFO] JxBrowserEngine:152 - Initiate JxBrowser Engine with user profile folder
2025-08-27 17:11:24,387 [INFO] CheckServerUpdateThread:120 - End of CheckServer Thread
2025-08-27 17:11:25,344 [WARN] PackLoader:240 - Cannot read IP mode file for STMicroelectronics.FP-SNS-MOTENVWB1.1.4.0
2025-08-27 17:11:25,362 [WARN] PackLoader:240 - Cannot read IP mode file for STMicroelectronics.FP-ATR-ASTRA1.2.0.2
2025-08-27 17:11:25,374 [WARN] PackLoader:240 - Cannot read IP mode file for STMicroelectronics.FP-ATR-ASTRA1.2.0.1
2025-08-27 17:11:25,389 [WARN] PackLoader:240 - Cannot read IP mode file for STMicroelectronics.X-CUBE-SMBUS.2.1.0
2025-08-27 17:11:25,405 [WARN] PackLoader:240 - Cannot read IP mode file for STMicroelectronics.X-CUBE-WB05N.1.1.0
2025-08-27 17:11:25,416 [ERROR] Engine:466 - C:\Users\RND1\.stm32cubemx\thirdparties\pdsc\STMicroelectronics.X-CUBE-ST60.1.0.0.pdsc: PDSC version is not supported
2025-08-27 17:11:25,429 [WARN] PackLoader:240 - Cannot read IP mode file for STMicroelectronics.X-CUBE-TOUCHGFX.4.23.0
2025-08-27 17:11:25,441 [WARN] PackLoader:240 - Cannot read IP mode file for STMicroelectronics.X-CUBE-TOUCHGFX.4.23.2
2025-08-27 17:11:25,468 [WARN] PackLoader:240 - Cannot read IP mode file for STMicroelectronics.X-CUBE-AZRTOS-F7.1.1.0
2025-08-27 17:11:25,486 [WARN] PackLoader:240 - Cannot read IP mode file for STMicroelectronics.FP-SNS-MOTENV1.4.3.2
2025-08-27 17:11:25,530 [WARN] PackLoader:240 - Cannot read IP mode file for STMicroelectronics.X-CUBE-MEMS1.11.0.0
2025-08-27 17:11:25,627 [WARN] PackLoader:240 - Cannot read IP mode file for STMicroelectronics.FP-SNS-FLIGHT1.5.0.2
2025-08-27 17:11:25,664 [WARN] PackLoader:240 - Cannot read IP mode file for STMicroelectronics.X-CUBE-AZRTOS-H7.3.4.0
2025-08-27 17:11:25,689 [WARN] PackLoader:240 - Cannot read IP mode file for STMicroelectronics.X-CUBE-DISPLAY.3.0.0
2025-08-27 17:11:25,707 [WARN] PackLoader:240 - Cannot read IP mode file for STMicroelectronics.X-CUBE-BLE1.7.0.0
2025-08-27 17:11:25,726 [WARN] PackLoader:240 - Cannot read IP mode file for STMicroelectronics.X-CUBE-NFC10.1.0.0
2025-08-27 17:11:25,751 [WARN] PackLoader:240 - Cannot read IP mode file for STMicroelectronics.X-CUBE-BLEMGR.4.0.0
2025-08-27 17:11:25,773 [WARN] PackLoader:240 - Cannot read IP mode file for emotas.I-CUBE-CANOPEN.1.3.0
2025-08-27 17:11:25,793 [WARN] PackLoader:240 - Cannot read IP mode file for STMicroelectronics.X-CUBE-BLEMGR.3.1.0
2025-08-27 17:11:25,811 [WARN] PackLoader:240 - Cannot read IP mode file for STMicroelectronics.X-CUBE-AI.10.0.0
2025-08-27 17:11:25,826 [ERROR] Engine:466 - C:\Users\RND1\.stm32cubemx\thirdparties\pdsc\STMicroelectronics.FP-SNS-STBOX1.2.1.0.pdsc: PDSC version is not supported
2025-08-27 17:11:25,841 [WARN] PackLoader:240 - Cannot read IP mode file for STMicroelectronics.FP-SNS-SMARTAG2.1.2.0
2025-08-27 17:11:25,854 [ERROR] Engine:466 - C:\Users\RND1\.stm32cubemx\thirdparties\pdsc\STMicroelectronics.FP-SNS-FLIGHT1.5.1.0.pdsc: PDSC version is not supported
2025-08-27 17:11:25,906 [WARN] PackLoader:240 - Cannot read IP mode file for STMicroelectronics.X-CUBE-MEMS1.11.1.0
2025-08-27 17:11:25,995 [INFO] LogOutputStream:77 - [STDOUT_REDIRECT] 1 : Invalid condition id : UX_CORESTACK_Condition cause : null
2025-08-27 17:11:25,996 [INFO] LogOutputStream:77 - [STDOUT_REDIRECT] 1 : Invalid condition id : UX_CORESTACK_Condition cause : null
2025-08-27 17:11:25,998 [INFO] LogOutputStream:77 - [STDOUT_REDIRECT] 1 : Invalid condition id : UX_CORESTACK_Condition cause : null
2025-08-27 17:11:26,000 [INFO] LogOutputStream:77 - [STDOUT_REDIRECT] 1 : Invalid condition id : UX_CORESTACK_Condition cause : null
2025-08-27 17:11:26,002 [INFO] LogOutputStream:77 - [STDOUT_REDIRECT] 1 : Invalid condition id : UX_CORESTACK_Condition cause : null
2025-08-27 17:11:26,004 [WARN] PackLoader:240 - Cannot read IP mode file for STMicroelectronics.X-CUBE-AZRTOS-WL.2.0.0
2025-08-27 17:11:26,023 [WARN] PackLoader:240 - Cannot read IP mode file for STMicroelectronics.FP-SNS-MOTENV1.5.0.0
2025-08-27 17:11:26,039 [WARN] PackLoader:240 - Cannot read IP mode file for wolfSSL.I-CUBE-wolfMQTT.1.19.0
2025-08-27 17:11:26,061 [WARN] PackLoader:240 - Cannot read IP mode file for WES.I-CUBE-Cesium.1.3.0
2025-08-27 17:11:26,083 [WARN] PackLoader:240 - Cannot read IP mode file for STMicroelectronics.X-CUBE-BLE2.3.3.0
2025-08-27 17:11:26,106 [WARN] PackLoader:240 - Cannot read IP mode file for STMicroelectronics.X-CUBE-NFC9.1.0.0
2025-08-27 17:11:26,126 [WARN] PackLoader:240 - Cannot read IP mode file for STMicroelectronics.X-CUBE-BLE1.7.1.0
2025-08-27 17:11:26,149 [WARN] PackLoader:240 - Cannot read IP mode file for STMicroelectronics.X-CUBE-TCPP.4.1.0
2025-08-27 17:11:26,176 [WARN] PackLoader:240 - Cannot read IP mode file for STMicroelectronics.X-CUBE-EEPRMA1.5.2.0
2025-08-27 17:11:26,200 [WARN] PackLoader:240 - Cannot read IP mode file for STMicroelectronics.X-CUBE-AI.10.1.0
2025-08-27 17:11:26,223 [WARN] PackLoader:240 - Cannot read IP mode file for STMicroelectronics.X-CUBE-ALGOBUILD.1.3.0
2025-08-27 17:11:26,308 [WARN] PackLoader:240 - Cannot read IP mode file for STMicroelectronics.X-CUBE-MEMS1.11.2.0
2025-08-27 17:11:26,436 [WARN] PackLoader:240 - Cannot read IP mode file for STMicroelectronics.X-CUBE-AZRTOS-G0.1.1.0
2025-08-27 17:11:26,455 [WARN] PackLoader:240 - Cannot read IP mode file for STMicroelectronics.X-CUBE-SAFEA1.1.2.2
2025-08-27 17:11:26,472 [WARN] PackLoader:240 - Cannot read IP mode file for STMicroelectronics.X-CUBE-NFC4.3.0.0
2025-08-27 17:11:26,487 [WARN] PackLoader:240 - Cannot read IP mode file for wolfSSL.I-CUBE-wolfMQTT.1.18.0
2025-08-27 17:11:26,506 [WARN] PackLoader:240 - Cannot read IP mode file for EmbeddedOffice.I-CUBE-FS-RTOS.1.0.1
2025-08-27 17:11:26,507 [ERROR] ConditionMgr:805 - Attr not supported : Dmpu
2025-08-27 17:11:26,507 [ERROR] ConditionMgr:805 - Attr not supported : Dmpu
2025-08-27 17:11:26,507 [ERROR] ConditionMgr:805 - Attr not supported : Dmpu
2025-08-27 17:11:26,507 [ERROR] ConditionMgr:805 - Attr not supported : Dmpu
2025-08-27 17:11:26,507 [ERROR] ConditionMgr:805 - Attr not supported : Dmpu
2025-08-27 17:11:26,507 [ERROR] ConditionMgr:805 - Attr not supported : Dmpu
2025-08-27 17:11:26,507 [ERROR] ConditionMgr:805 - Attr not supported : Dmpu
2025-08-27 17:11:26,507 [ERROR] ConditionMgr:805 - Attr not supported : Dmpu
2025-08-27 17:11:26,507 [ERROR] ConditionMgr:805 - Attr not supported : Dmpu
2025-08-27 17:11:26,507 [ERROR] ConditionMgr:805 - Attr not supported : Dmpu
2025-08-27 17:11:26,507 [ERROR] ConditionMgr:805 - Attr not supported : Dmpu
2025-08-27 17:11:26,508 [ERROR] ConditionMgr:805 - Attr not supported : Dmpu
2025-08-27 17:11:26,508 [ERROR] ConditionMgr:805 - Attr not supported : Dmpu
2025-08-27 17:11:26,508 [ERROR] ConditionMgr:805 - Attr not supported : Dmpu
2025-08-27 17:11:26,508 [ERROR] ConditionMgr:805 - Attr not supported : Dmpu
2025-08-27 17:11:26,508 [ERROR] ConditionMgr:805 - Attr not supported : Dmpu
2025-08-27 17:11:26,508 [ERROR] ConditionMgr:805 - Attr not supported : Dmpu
2025-08-27 17:11:26,508 [ERROR] ConditionMgr:805 - Attr not supported : Dmpu
2025-08-27 17:11:26,508 [ERROR] ConditionMgr:805 - Attr not supported : Dmpu
2025-08-27 17:11:26,508 [ERROR] ConditionMgr:805 - Attr not supported : Dmpu
2025-08-27 17:11:26,508 [ERROR] ConditionMgr:805 - Attr not supported : Dmpu
2025-08-27 17:11:26,508 [ERROR] ConditionMgr:805 - Attr not supported : Dmpu
2025-08-27 17:11:26,508 [ERROR] ConditionMgr:805 - Attr not supported : Dmpu
2025-08-27 17:11:26,508 [ERROR] ConditionMgr:805 - Attr not supported : Dmpu
2025-08-27 17:11:26,508 [ERROR] ConditionMgr:805 - Attr not supported : Dmpu
2025-08-27 17:11:26,508 [ERROR] ConditionMgr:805 - Attr not supported : Dmpu
2025-08-27 17:11:26,508 [ERROR] ConditionMgr:805 - Attr not supported : Dmpu
2025-08-27 17:11:26,508 [ERROR] ConditionMgr:805 - Attr not supported : Dmpu
2025-08-27 17:11:26,508 [ERROR] ConditionMgr:805 - Attr not supported : Dmpu
2025-08-27 17:11:26,508 [ERROR] ConditionMgr:805 - Attr not supported : Dmpu
2025-08-27 17:11:26,508 [ERROR] ConditionMgr:805 - Attr not supported : Dmpu
2025-08-27 17:11:26,508 [ERROR] ConditionMgr:805 - Attr not supported : Dmpu
2025-08-27 17:11:26,508 [ERROR] ConditionMgr:805 - Attr not supported : Dmpu
2025-08-27 17:11:26,508 [ERROR] ConditionMgr:805 - Attr not supported : Dmpu
2025-08-27 17:11:26,508 [ERROR] ConditionMgr:805 - Attr not supported : Dmpu
2025-08-27 17:11:26,508 [ERROR] ConditionMgr:805 - Attr not supported : Dmpu
2025-08-27 17:11:26,508 [ERROR] ConditionMgr:805 - Attr not supported : Dmpu
2025-08-27 17:11:26,508 [ERROR] ConditionMgr:805 - Attr not supported : Dmpu
2025-08-27 17:11:26,509 [ERROR] ConditionMgr:805 - Attr not supported : Dmpu
2025-08-27 17:11:26,509 [ERROR] ConditionMgr:805 - Attr not supported : Dmpu
2025-08-27 17:11:26,509 [ERROR] ConditionMgr:805 - Attr not supported : Dmpu
2025-08-27 17:11:26,509 [ERROR] ConditionMgr:805 - Attr not supported : Dmpu
2025-08-27 17:11:26,509 [ERROR] ConditionMgr:805 - Attr not supported : Dmpu
2025-08-27 17:11:26,509 [ERROR] ConditionMgr:805 - Attr not supported : Dmpu
2025-08-27 17:11:26,509 [ERROR] ConditionMgr:805 - Attr not supported : Dmpu
2025-08-27 17:11:26,509 [ERROR] ConditionMgr:805 - Attr not supported : Dmpu
2025-08-27 17:11:26,509 [ERROR] ConditionMgr:805 - Attr not supported : Dmpu
2025-08-27 17:11:26,509 [ERROR] ConditionMgr:805 - Attr not supported : Dmpu
2025-08-27 17:11:26,509 [ERROR] ConditionMgr:805 - Attr not supported : Dmpu
2025-08-27 17:11:26,509 [ERROR] ConditionMgr:805 - Attr not supported : Dmpu
2025-08-27 17:11:26,509 [ERROR] ConditionMgr:805 - Attr not supported : Dmpu
2025-08-27 17:11:26,509 [ERROR] ConditionMgr:805 - Attr not supported : Dmpu
2025-08-27 17:11:26,509 [ERROR] ConditionMgr:805 - Attr not supported : Dmpu
2025-08-27 17:11:26,509 [ERROR] ConditionMgr:805 - Attr not supported : Dmpu
2025-08-27 17:11:26,509 [ERROR] ConditionMgr:805 - Attr not supported : Dmpu
2025-08-27 17:11:26,509 [ERROR] ConditionMgr:805 - Attr not supported : Dmpu
2025-08-27 17:11:26,509 [ERROR] ConditionMgr:805 - Attr not supported : Dmpu
2025-08-27 17:11:26,509 [ERROR] ConditionMgr:805 - Attr not supported : Dmpu
2025-08-27 17:11:26,509 [ERROR] ConditionMgr:805 - Attr not supported : Dmpu
2025-08-27 17:11:26,509 [ERROR] ConditionMgr:805 - Attr not supported : Dmpu
2025-08-27 17:11:26,509 [ERROR] ConditionMgr:805 - Attr not supported : Dmpu
2025-08-27 17:11:26,510 [ERROR] ConditionMgr:805 - Attr not supported : Dmpu
2025-08-27 17:11:26,510 [ERROR] ConditionMgr:805 - Attr not supported : Dmpu
2025-08-27 17:11:26,510 [ERROR] ConditionMgr:805 - Attr not supported : Dmpu
2025-08-27 17:11:26,527 [WARN] PackLoader:240 - Cannot read IP mode file for STMicroelectronics.X-CUBE-WB05N.2.0.0
2025-08-27 17:11:26,545 [WARN] PackLoader:240 - Cannot read IP mode file for STMicroelectronics.X-CUBE-BLEMGR.3.0.0
2025-08-27 17:11:26,566 [ERROR] Engine:466 - C:\Users\RND1\.stm32cubemx\thirdparties\pdsc\STMicroelectronics.X-CUBE-TCPP.4.2.0.pdsc: PDSC version is not supported
2025-08-27 17:11:26,587 [WARN] PackLoader:240 - Cannot read IP mode file for RealThread.X-CUBE-RT-Thread_Nano.4.1.1
2025-08-27 17:11:26,606 [WARN] PackLoader:240 - Cannot read IP mode file for STMicroelectronics.FP-ATR-SIGFOX1.3.2.0
2025-08-27 17:11:26,623 [WARN] ConditionMgr:438 - getConditionDescription Invalid condition id : Cortex-A Device cause : null
2025-08-27 17:11:26,677 [WARN] ConditionMgr:1039 - genDependencies : Invalid condition id : Cortex-A Device cause : null
2025-08-27 17:11:26,677 [WARN] ConditionMgr:1039 - genDependencies : Invalid condition id : Cortex-A Device cause : null
2025-08-27 17:11:26,678 [WARN] ConditionMgr:1039 - genDependencies : Invalid condition id : Cortex-A Device cause : null
2025-08-27 17:11:26,704 [WARN] PackLoader:240 - Cannot read IP mode file for STMicroelectronics.X-CUBE-EEPRMA1.5.1.0
2025-08-27 17:11:26,721 [ERROR] Engine:466 - C:\Users\RND1\.stm32cubemx\thirdparties\pdsc\STMicroelectronics.X-CUBE-ST67W61.1.0.0.pdsc: PDSC version is not supported
2025-08-27 17:11:26,737 [WARN] PackLoader:240 - Cannot read IP mode file for STMicroelectronics.X-CUBE-AI.10.2.0
2025-08-27 17:11:26,904 [WARN] PackLoader:240 - Cannot read IP mode file for SEGGER.I-CUBE-embOS.1.3.1
2025-08-27 17:11:26,939 [WARN] PackLoader:240 - Cannot read IP mode file for STMicroelectronics.X-CUBE-ALGOBUILD.1.4.0
2025-08-27 17:11:26,977 [WARN] PackLoader:240 - Cannot read IP mode file for STMicroelectronics.X-CUBE-MEMS1.11.3.0
2025-08-27 17:11:27,059 [WARN] PackLoader:240 - Cannot read IP mode file for STMicroelectronics.X-CUBE-AI.9.1.0
2025-08-27 17:11:27,079 [WARN] PackLoader:240 - Cannot read IP mode file for STMicroelectronics.X-CUBE-PM33A1.1.0.0
2025-08-27 17:11:27,108 [WARN] PackLoader:240 - Cannot read IP mode file for STMicroelectronics.X-CUBE-GNSS1.6.0.0
2025-08-27 17:11:27,148 [WARN] PackLoader:240 - Cannot read IP mode file for STMicroelectronics.X-CUBE-AZRTOS-F4.1.1.0
2025-08-27 17:11:27,171 [WARN] PackLoader:240 - Cannot read IP mode file for wolfSSL.I-CUBE-wolfSSL.5.6.4
2025-08-27 17:11:27,192 [ERROR] Engine:466 - C:\Users\RND1\.stm32cubemx\thirdparties\pdsc\Avnet-IotConnect.X-CUBE-IoTC-DA16k-PMOD.1.0.0.pdsc: PDSC version is not supported
2025-08-27 17:11:27,210 [WARN] PackLoader:240 - Cannot read IP mode file for STMicroelectronics.X-CUBE-ISPU.2.1.0
2025-08-27 17:11:27,227 [WARN] PackLoader:240 - Cannot read IP mode file for STMicroelectronics.X-CUBE-FREERTOS.1.2.0
2025-08-27 17:11:27,248 [WARN] PackLoader:240 - Cannot read IP mode file for STMicroelectronics.X-CUBE-NFC12.1.0.0
2025-08-27 17:11:27,284 [WARN] PackLoader:240 - Cannot read IP mode file for STMicroelectronics.X-CUBE-AZRTOS-L5.2.0.0
2025-08-27 17:11:27,302 [WARN] PackLoader:240 - Cannot read IP mode file for STMicroelectronics.X-CUBE-EEPRMA1.4.2.0
2025-08-27 17:11:27,321 [WARN] PackLoader:240 - Cannot read IP mode file for STMicroelectronics.X-CUBE-NFC6.3.1.0
2025-08-27 17:11:27,341 [WARN] PackLoader:240 - Cannot read IP mode file for ITTIA_DB.I-CUBE-ITTIADB.8.8.0
2025-08-27 17:11:27,361 [WARN] PackLoader:240 - Cannot read IP mode file for STMicroelectronics.X-CUBE-DPower.1.2.0
2025-08-27 17:11:27,377 [WARN] PackLoader:240 - Cannot read IP mode file for STMicroelectronics.X-CUBE-AI.9.0.0
2025-08-27 17:11:27,387 [INFO] WebApp:167 - Instantiating new browser for Auth
2025-08-27 17:11:27,395 [WARN] PackLoader:240 - Cannot read IP mode file for STMicroelectronics.X-CUBE-FREERTOS.1.3.1
2025-08-27 17:11:27,418 [WARN] PackLoader:240 - Cannot read IP mode file for STMicroelectronics.X-CUBE-FREERTOS.1.3.0
2025-08-27 17:11:27,438 [WARN] PackLoader:240 - Cannot read IP mode file for STMicroelectronics.X-CUBE-NFC7.1.0.1
2025-08-27 17:11:27,454 [WARN] PackLoader:240 - Cannot read IP mode file for STMicroelectronics.X-CUBE-NFC6.3.0.0
2025-08-27 17:11:27,470 [ERROR] Engine:466 - C:\Users\RND1\.stm32cubemx\thirdparties\pdsc\STMicroelectronics.FP-SNS-STAIOTCFT.1.0.0.pdsc: PDSC version is not supported
2025-08-27 17:11:27,485 [WARN] PackLoader:240 - Cannot read IP mode file for STMicroelectronics.X-CUBE-DPower.1.3.0
2025-08-27 17:11:27,502 [WARN] PackLoader:240 - Cannot read IP mode file for STMicroelectronics.X-CUBE-AI.8.1.0
2025-08-27 17:11:27,535 [WARN] ConditionMgr:438 - getConditionDescription Invalid condition id : LAN8742 Phy interface Condition cause : null
2025-08-27 17:11:27,536 [WARN] PackLoader:240 - Cannot read IP mode file for STMicroelectronics.X-CUBE-AZRTOS-L4.2.0.0
2025-08-27 17:11:27,536 [WARN] ConditionMgr:1039 - genDependencies : Invalid condition id : LAN8742 Phy interface Condition cause : null
2025-08-27 17:11:27,536 [WARN] ConditionMgr:1039 - genDependencies : Invalid condition id : LAN8742 Phy interface Condition cause : null
2025-08-27 17:11:27,537 [WARN] ConditionMgr:1039 - genDependencies : Invalid condition id : LAN8742 Phy interface Condition cause : null
2025-08-27 17:11:27,558 [WARN] PackLoader:240 - Cannot read IP mode file for STMicroelectronics.X-CUBE-SFXS2LP1.4.0.0
2025-08-27 17:11:27,610 [WARN] PackLoader:240 - Cannot read IP mode file for STMicroelectronics.X-CUBE-AZRTOS-H7.3.3.0
2025-08-27 17:11:27,627 [ERROR] Engine:466 - C:\Users\RND1\.stm32cubemx\thirdparties\pdsc\STMicroelectronics.X-CUBE-BLEMGR.4.1.0.pdsc: PDSC version is not supported
2025-08-27 17:11:27,650 [WARN] PackLoader:240 - Cannot read IP mode file for STMicroelectronics.X-CUBE-IPS.3.0.0
2025-08-27 17:11:27,679 [WARN] ConditionMgr:438 - getConditionDescription Invalid condition id : UX DEVICE CLASS RTOS Condition cause : null
2025-08-27 17:11:27,679 [WARN] ConditionMgr:438 - getConditionDescription Invalid condition id : UX DEVICE CLASS RTOS Condition cause : null
2025-08-27 17:11:27,680 [WARN] PackLoader:240 - Cannot read IP mode file for STMicroelectronics.X-CUBE-AZRTOS-WB.2.0.0
2025-08-27 17:11:27,680 [WARN] ConditionMgr:1039 - genDependencies : Invalid condition id : UX DEVICE CLASS RTOS Condition cause : null
2025-08-27 17:11:27,680 [WARN] ConditionMgr:1039 - genDependencies : Invalid condition id : UX DEVICE CLASS RTOS Condition cause : null
2025-08-27 17:11:27,681 [WARN] ConditionMgr:1039 - genDependencies : Invalid condition id : UX DEVICE CLASS RTOS Condition cause : null
2025-08-27 17:11:27,681 [WARN] ConditionMgr:1039 - genDependencies : Invalid condition id : UX DEVICE CLASS RTOS Condition cause : null
2025-08-27 17:11:27,682 [WARN] ConditionMgr:1039 - genDependencies : Invalid condition id : UX DEVICE CLASS RTOS Condition cause : null
2025-08-27 17:11:27,696 [WARN] PackLoader:240 - Cannot read IP mode file for STMicroelectronics.X-CUBE-GNSS1.7.0.0
2025-08-27 17:11:27,716 [WARN] PackLoader:240 - Cannot read IP mode file for STMicroelectronics.X-CUBE-GNSS1.7.0.1
2025-08-27 17:11:27,737 [WARN] PackLoader:240 - Cannot read IP mode file for STMicroelectronics.X-CUBE-TOUCHGFX.4.25.0
2025-08-27 17:11:27,755 [WARN] PackLoader:240 - Cannot read IP mode file for STMicroelectronics.FP-SNS-STBOX1.2.0.0
2025-08-27 17:11:27,775 [WARN] PackLoader:240 - Cannot read IP mode file for STMicroelectronics.X-CUBE-SUBG2.5.0.0
2025-08-27 17:11:27,807 [WARN] PackLoader:240 - Cannot read IP mode file for STMicroelectronics.X-CUBE-AZRTOS-H7RS.1.1.0
2025-08-27 17:11:27,834 [WARN] PackLoader:240 - Cannot read IP mode file for STMicroelectronics.X-CUBE-AZRTOS-G4.2.0.0
2025-08-27 17:11:27,855 [WARN] PackLoader:240 - Cannot read IP mode file for Infineon.AIROC-Wi-Fi-Bluetooth-STM32.1.5.1
2025-08-27 17:11:27,872 [WARN] PackLoader:240 - Cannot read IP mode file for STMicroelectronics.X-CUBE-NFC7.2.0.0
2025-08-27 17:11:27,891 [WARN] PackLoader:240 - Cannot read IP mode file for STMicroelectronics.FP-SNS-MOTENVWB1.1.3.1
2025-08-27 17:11:27,907 [WARN] PackLoader:240 - Cannot read IP mode file for STMicroelectronics.X-CUBE-ISPU.2.0.0
2025-08-27 17:11:27,926 [ERROR] Engine:466 - C:\Users\RND1\.stm32cubemx\thirdparties\pdsc\STMicroelectronics.X-CUBE-IPS.3.1.0.pdsc: PDSC version is not supported
2025-08-27 17:11:27,943 [WARN] PackLoader:240 - Cannot read IP mode file for STMicroelectronics.X-CUBE-ALS.1.0.2
2025-08-27 17:11:27,986 [WARN] PackLoader:240 - Cannot read IP mode file for STMicroelectronics.X-CUBE-MEMS1.10.0.0
2025-08-27 17:11:28,067 [WARN] PackLoader:240 - Cannot read IP mode file for STMicroelectronics.X-CUBE-FREERTOS.1.1.0
2025-08-27 17:11:28,083 [WARN] PackLoader:240 - Cannot read IP mode file for STMicroelectronics.X-CUBE-TOUCHGFX.4.24.0
2025-08-27 17:11:28,104 [WARN] PackLoader:240 - Cannot read IP mode file for STMicroelectronics.X-CUBE-TOUCHGFX.4.24.2
2025-08-27 17:11:28,128 [WARN] PackLoader:240 - Cannot read IP mode file for STMicroelectronics.X-CUBE-TOUCHGFX.4.24.1
2025-08-27 17:11:28,149 [WARN] PackLoader:240 - Cannot read IP mode file for wolfSSL.I-CUBE-wolfTPM.3.4.0
2025-08-27 17:11:28,175 [WARN] PackLoader:240 - Cannot read IP mode file for portGmbH.I-Cube-SoM-uGOAL.1.1.0
2025-08-27 17:11:28,192 [WARN] PackLoader:240 - Cannot read IP mode file for STMicroelectronics.X-CUBE-ALS.1.0.1
2025-08-27 17:11:28,225 [WARN] PackLoader:240 - Cannot read IP mode file for STMicroelectronics.X-CUBE-AZRTOS-H7RS.1.0.0
2025-08-27 17:11:28,252 [WARN] PackLoader:240 - Cannot read IP mode file for STMicroelectronics.FP-ATR-ASTRA1.2.0.0
2025-08-27 17:11:28,286 [WARN] PackLoader:240 - Cannot read IP mode file for STMicroelectronics.X-CUBE-TOF1.3.4.2
2025-08-27 17:11:28,311 [ERROR] Engine:466 - C:\Users\RND1\.stm32cubemx\thirdparties\pdsc\STMicroelectronics.X-CUBE-TOF1.3.4.3.pdsc: PDSC version is not supported
2025-08-27 17:11:28,336 [WARN] PackLoader:240 - Cannot read IP mode file for STMicroelectronics.X-CUBE-TOF1.3.4.0
2025-08-27 17:11:28,357 [WARN] PackLoader:240 - Cannot read IP mode file for STMicroelectronics.X-CUBE-TOF1.3.4.1
2025-08-27 17:11:28,390 [WARN] PackLoader:240 - Cannot read IP mode file for STMicroelectronics.X-CUBE-AZRTOS-H7.3.2.0
2025-08-27 17:11:28,408 [WARN] PackLoader:240 - Cannot read IP mode file for wolfSSL.I-CUBE-wolfSSH.1.4.17
2025-08-27 17:11:28,409 [INFO] ThirdParty:978 - Integrity check success = true
2025-08-27 17:11:28,409 [INFO] IntegrityCheckThread:100 - exiting critical section [integrity check]
2025-08-27 17:11:28,409 [INFO] IntegrityCheckThread:103 - End integrity checks thread
2025-08-27 17:11:28,418 [INFO] WebApp:448 - Apply proxy settings
2025-08-27 17:11:28,424 [INFO] WebApp:493 - Chromium authenticates against Manually configured proxy
2025-08-27 17:11:28,437 [INFO] WebApp:501 - Username used for proxy authentication: 
2025-08-27 17:11:28,472 [INFO] WebApp:869 - Register for checkConnection events
2025-08-27 17:11:28,472 [INFO] WebApp:448 - Apply proxy settings
2025-08-27 17:11:28,476 [INFO] WebApp:493 - Chromium authenticates against Manually configured proxy
2025-08-27 17:11:28,476 [INFO] WebApp:501 - Username used for proxy authentication: 
2025-08-27 17:11:28,644 [INFO] WebApp:220 - Starting web application
2025-08-27 17:11:28,645 [INFO] WebApp:578 - Web application path used C:\ST\STM32CubeIDE_1.16.1\STM32CubeIDE\plugins\com.st.stm32cube.common.mx_6.12.1.202409122256\db\plugins\mcufinder\reactClient1\index.html
2025-08-27 17:11:28,766 [INFO] WebApp:186 - Connection restablished
2025-08-27 17:11:28,795 [INFO] UserAuth:417 - Internet connection configuration mode: 1
2025-08-27 17:30:14,072 [ERROR] LogOutputStream:75 - [STDERR_REDIRECT] 
