2025-08-29 09:40:14,295 [INFO] Activator:176 - 


2025-08-29 09:40:14,300 [INFO] Activator:177 - !SESSION log4j initialized
2025-08-29 09:40:19,380 [INFO] LogOutputStream:77 - [STDOUT_REDIRECT] 
2025-08-29 09:40:25,465 [INFO] ApplicationProperties:184 - Using Application install path: C:\ST\STM32CubeIDE_1.16.1\STM32CubeIDE\plugins\com.st.stm32cube.common.mx_6.12.1.202409122256
2025-08-29 09:40:25,478 [INFO] DbMcusXml:78 - Set database path to: C:\ST\STM32CubeIDE_1.16.1\STM32CubeIDE\plugins\com.st.stm32cube.common.mx_6.12.1.202409122256\\db\/mcu/
2025-08-29 09:40:25,478 [INFO] ApiDb:274 - Set plugin database path to: C:\ST\STM32CubeIDE_1.16.1\STM32CubeIDE\plugins\com.st.stm32cube.common.mx_6.12.1.202409122256\\db\/plugins/boardmanager/
2025-08-29 09:40:25,479 [WARN] ApiDb:259 - Overriding images path with different value:  => C:\ST\STM32CubeIDE_1.16.1\STM32CubeIDE\plugins\com.st.stm32cube.common.mx_6.12.1.202409122256\\db\/plugins/mcufinder/images/
2025-08-29 09:40:25,491 [INFO] ApiDb:250 - Set database path to: C:\Users\RND1\.stmcufinder\plugins\mcufinder//mcu/
2025-08-29 09:40:25,491 [INFO] DbMcusAds:125 - Set database path to: C:\Users\RND1\.stmcufinder\plugins\mcufinder//mcu/
2025-08-29 09:40:25,494 [INFO] CrossReferenceDbSqlite:203 - Set database path to: C:\Users\RND1\.stmcufinder\plugins\mcufinder//mcu/cs/
2025-08-29 09:40:25,579 [INFO] RulesReader:64 - Compatibility file has been processed (297 Rules)
2025-08-29 09:40:25,653 [INFO] DbMcusXml:78 - Set database path to: C:\ST\STM32CubeIDE_1.16.1\STM32CubeIDE\plugins\com.st.stm32cube.common.mx_6.12.1.202409122256\\db\/mcu/
2025-08-29 09:40:25,653 [INFO] ApiDb:274 - Set plugin database path to: C:\ST\STM32CubeIDE_1.16.1\STM32CubeIDE\plugins\com.st.stm32cube.common.mx_6.12.1.202409122256\\db\/plugins/boardmanager/
2025-08-29 09:40:25,653 [INFO] ApiDb:261 - Set plugin images path to: C:\ST\STM32CubeIDE_1.16.1\STM32CubeIDE\plugins\com.st.stm32cube.common.mx_6.12.1.202409122256\\db\/plugins/mcufinder/images/
2025-08-29 09:40:25,653 [WARN] DbFile:41 - Overriding database path with different value: C:\Users\RND1\.stmcufinder\plugins\mcufinder/ => C:\Users\RND1\.stmcufinder\plugins\mcufinder
2025-08-29 09:40:25,653 [INFO] ApiDb:250 - Set database path to: C:\Users\RND1\.stmcufinder\plugins\mcufinder//mcu/
2025-08-29 09:40:25,653 [WARN] DbFile:41 - Overriding database path with different value: C:\Users\RND1\.stmcufinder\plugins\mcufinder/ => C:\Users\RND1\.stmcufinder\plugins\mcufinder
2025-08-29 09:40:25,653 [INFO] DbMcusAds:125 - Set database path to: C:\Users\RND1\.stmcufinder\plugins\mcufinder//mcu/
2025-08-29 09:40:25,653 [WARN] DbFile:41 - Overriding database path with different value: C:\Users\RND1\.stmcufinder\plugins\mcufinder/ => C:\Users\RND1\.stmcufinder\plugins\mcufinder
2025-08-29 09:40:25,653 [WARN] DbFile:41 - Overriding database path with different value: C:\Users\RND1\.stmcufinder\plugins\mcufinder/ => C:\Users\RND1\.stmcufinder\plugins\mcufinder
2025-08-29 09:40:25,654 [INFO] CrossReferenceDbSqlite:203 - Set database path to: C:\Users\RND1\.stmcufinder\plugins\mcufinder//mcu/cs/
2025-08-29 09:40:25,721 [INFO] MainPanel:268 - HeapMemory: 268435456
2025-08-29 09:40:25,798 [INFO] DbMcusXml:78 - Set database path to: C:\ST\STM32CubeIDE_1.16.1\STM32CubeIDE\plugins\com.st.stm32cube.common.mx_6.12.1.202409122256\\db\/mcu/
2025-08-29 09:40:25,798 [INFO] ApiDb:274 - Set plugin database path to: C:\ST\STM32CubeIDE_1.16.1\STM32CubeIDE\plugins\com.st.stm32cube.common.mx_6.12.1.202409122256\\db\/plugins/boardmanager/
2025-08-29 09:40:25,799 [INFO] ApiDb:261 - Set plugin images path to: C:\ST\STM32CubeIDE_1.16.1\STM32CubeIDE\plugins\com.st.stm32cube.common.mx_6.12.1.202409122256\\db\/plugins/mcufinder/images/
2025-08-29 09:40:25,799 [WARN] DbFile:41 - Overriding database path with different value: C:\Users\RND1\.stmcufinder\plugins\mcufinder/ => C:\Users\RND1\.stmcufinder\plugins\mcufinder
2025-08-29 09:40:25,799 [INFO] ApiDb:250 - Set database path to: C:\Users\RND1\.stmcufinder\plugins\mcufinder//mcu/
2025-08-29 09:40:25,799 [WARN] DbFile:41 - Overriding database path with different value: C:\Users\RND1\.stmcufinder\plugins\mcufinder/ => C:\Users\RND1\.stmcufinder\plugins\mcufinder
2025-08-29 09:40:25,799 [INFO] DbMcusAds:125 - Set database path to: C:\Users\RND1\.stmcufinder\plugins\mcufinder//mcu/
2025-08-29 09:40:25,799 [WARN] DbFile:41 - Overriding database path with different value: C:\Users\RND1\.stmcufinder\plugins\mcufinder/ => C:\Users\RND1\.stmcufinder\plugins\mcufinder
2025-08-29 09:40:25,799 [WARN] DbFile:41 - Overriding database path with different value: C:\Users\RND1\.stmcufinder\plugins\mcufinder/ => C:\Users\RND1\.stmcufinder\plugins\mcufinder
2025-08-29 09:40:25,799 [INFO] CrossReferenceDbSqlite:203 - Set database path to: C:\Users\RND1\.stmcufinder\plugins\mcufinder//mcu/cs/
2025-08-29 09:40:25,814 [INFO] ApplicationProperties:184 - Using Application install path: C:\ST\STM32CubeIDE_1.16.1\STM32CubeIDE\plugins\com.st.stm32cube.common.mx_6.12.1.202409122256
2025-08-29 09:40:25,815 [INFO] PluginManage:196 - Search for loadable plugins [exclusion list=, ]
2025-08-29 09:40:25,816 [INFO] PluginManage:310 - Check plugin analytics
2025-08-29 09:40:25,963 [INFO] AnalyticsPlugin:253 - Accepted Software Licenses: STM32CubeMX.6.10.0
2025-08-29 09:40:25,963 [INFO] AnalyticsPlugin:255 - Accepted CMSIS Pack Licenses: 
2025-08-29 09:40:25,963 [INFO] AnalyticsPlugin:257 - Accepted Firmware Licenses: FW.G4.1.5.0,FW.G4.1.6.0,FW.F4.1.28.0,FW.H7.1.11.0
2025-08-29 09:40:25,966 [INFO] PluginManage:359 - Loaded plugin analytics (category:tool,tabindex:-1)
2025-08-29 09:40:25,966 [INFO] PluginManage:310 - Check plugin cadmodel
2025-08-29 09:40:25,981 [INFO] CADModel:105 - Init CAD model plugin
2025-08-29 09:40:25,982 [INFO] PluginManage:359 - Loaded plugin cadmodel (category:power,tabindex:5)
2025-08-29 09:40:25,982 [INFO] PluginManage:310 - Check plugin clock
2025-08-29 09:40:26,002 [INFO] PluginManage:359 - Loaded plugin clock (category:base,tabindex:2)
2025-08-29 09:40:26,003 [INFO] PluginManage:310 - Check plugin ddr
2025-08-29 09:40:26,006 [INFO] PluginManage:359 - Loaded plugin ddr (category:tool,tabindex:6)
2025-08-29 09:40:26,006 [INFO] PluginManage:310 - Check plugin filemanager
2025-08-29 09:40:26,124 [INFO] PluginManage:359 - Loaded plugin filemanager (category:base,tabindex:10)
2025-08-29 09:40:26,124 [INFO] PluginManage:310 - Check plugin ipmanager
2025-08-29 09:40:26,130 [INFO] PluginManage:359 - Loaded plugin ipmanager (category:base,tabindex:5)
2025-08-29 09:40:26,130 [INFO] PluginManage:310 - Check plugin lpbam
2025-08-29 09:40:26,146 [INFO] PluginManage:359 - Loaded plugin lpbam (category:base,tabindex:0)
2025-08-29 09:40:26,147 [INFO] PluginManage:310 - Check plugin memorymap
2025-08-29 09:40:26,167 [INFO] PluginManage:359 - Loaded plugin memorymap (category:base,tabindex:4)
2025-08-29 09:40:26,167 [INFO] PluginManage:310 - Check plugin pinoutandconfiguration
2025-08-29 09:40:26,183 [INFO] PluginManage:359 - Loaded plugin pinoutandconfiguration (category:base,tabindex:1)
2025-08-29 09:40:26,184 [INFO] PluginManage:310 - Check plugin pinoutconfig
2025-08-29 09:40:26,259 [WARN] SupportedApi:132 - Cannot load RTOS API schema: s4s-elt-must-match.1: The content of 'definitions' must match (annotation?, (simpleType | complexType)?, (unique | key | keyref)*)). A problem was found starting at: attribute.
2025-08-29 09:40:26,372 [INFO] PluginManage:359 - Loaded plugin pinoutconfig (category:base,tabindex:0)
2025-08-29 09:40:26,372 [INFO] PluginManage:310 - Check plugin power
2025-08-29 09:40:26,391 [INFO] PluginManage:359 - Loaded plugin power (category:power,tabindex:4)
2025-08-29 09:40:26,391 [INFO] PluginManage:310 - Check plugin projectmanager
2025-08-29 09:40:26,401 [INFO] PluginManage:359 - Loaded plugin projectmanager (category:projectmanager,tabindex:4)
2025-08-29 09:40:26,401 [INFO] PluginManage:310 - Check plugin rif
2025-08-29 09:40:26,416 [INFO] PluginManage:359 - Loaded plugin rif (category:base,tabindex:3)
2025-08-29 09:40:26,417 [INFO] PluginManage:310 - Check plugin thirdparty
2025-08-29 09:40:26,643 [INFO] PluginManage:359 - Loaded plugin thirdparty (category:base,tabindex:-1)
2025-08-29 09:40:26,643 [WARN] IntegrityCheckThread:84 - waiting for thirdparty lock release [integrity check]
2025-08-29 09:40:26,643 [INFO] PluginManage:310 - Check plugin tools
2025-08-29 09:40:26,643 [INFO] IntegrityCheckThread:86 - entering critical section [integrity check]
2025-08-29 09:40:26,643 [INFO] ThirdPartyUpdaterWithRetryManager:70 - Updater plugin not ready yet. [1/15]
2025-08-29 09:40:26,672 [INFO] PluginManage:359 - Loaded plugin tools (category:base,tabindex:7)
2025-08-29 09:40:26,672 [INFO] PluginManage:310 - Check plugin tutovideos
2025-08-29 09:40:26,818 [INFO] PluginManage:359 - Loaded plugin tutovideos (category:base,tabindex:-1)
2025-08-29 09:40:26,819 [INFO] PluginManage:310 - Check plugin updater
2025-08-29 09:40:26,833 [INFO] PluginManage:359 - Loaded plugin updater (category:base,tabindex:12)
2025-08-29 09:40:26,833 [INFO] PluginManage:310 - Check plugin userauth
2025-08-29 09:40:26,838 [INFO] UserAuth:113 - Init User Auth plugin
2025-08-29 09:40:26,839 [INFO] PluginManage:359 - Loaded plugin userauth (category:base,tabindex:14)
2025-08-29 09:40:26,839 [INFO] PluginManage:283 - PluginManage : Loaded plugins [18]
2025-08-29 09:40:27,002 [INFO] PinOutPanel:1561 - setPackage(No Configuration,No Configuration)
2025-08-29 09:40:27,071 [INFO] CADModel:165 - CPN selected for project level
2025-08-29 09:40:27,071 [INFO] CADModel:114 - Register for checkConnection events
2025-08-29 09:40:27,094 [INFO] IPUIPlugin:80 - create IPUIPlugin
2025-08-29 09:40:27,095 [INFO] PluginManager:220 - loadIPPluginJar : add adc
2025-08-29 09:40:27,125 [INFO] IPUIPlugin:80 - create IPUIPlugin
2025-08-29 09:40:27,125 [INFO] PluginManager:220 - loadIPPluginJar : add aes
2025-08-29 09:40:27,156 [INFO] IPUIPlugin:80 - create IPUIPlugin
2025-08-29 09:40:27,157 [INFO] PluginManager:220 - loadIPPluginJar : add can
2025-08-29 09:40:27,177 [INFO] IPUIPlugin:80 - create IPUIPlugin
2025-08-29 09:40:27,178 [INFO] PluginManager:220 - loadIPPluginJar : add comp
2025-08-29 09:40:27,203 [INFO] IPUIPlugin:80 - create IPUIPlugin
2025-08-29 09:40:27,204 [INFO] PluginManager:220 - loadIPPluginJar : add cryp
2025-08-29 09:40:27,215 [INFO] IPUIPlugin:80 - create IPUIPlugin
2025-08-29 09:40:27,216 [INFO] PluginManager:220 - loadIPPluginJar : add ddr_ctrl_phy
2025-08-29 09:40:27,240 [INFO] IPUIPlugin:80 - create IPUIPlugin
2025-08-29 09:40:27,240 [INFO] PluginManager:220 - loadIPPluginJar : add dfsdm
2025-08-29 09:40:27,251 [INFO] IPUIPlugin:80 - create IPUIPlugin
2025-08-29 09:40:27,252 [INFO] PluginManager:220 - loadIPPluginJar : add dma
2025-08-29 09:40:27,287 [INFO] IPUIPlugin:80 - create IPUIPlugin
2025-08-29 09:40:27,287 [INFO] PluginManager:220 - loadIPPluginJar : add dma3
2025-08-29 09:40:27,320 [INFO] IPUIPlugin:80 - create IPUIPlugin
2025-08-29 09:40:27,321 [INFO] PluginManager:220 - loadIPPluginJar : add extmemmanager
2025-08-29 09:40:27,339 [INFO] IPUIPlugin:80 - create IPUIPlugin
2025-08-29 09:40:27,339 [INFO] PluginManager:220 - loadIPPluginJar : add fatfs
2025-08-29 09:40:27,374 [INFO] IPUIPlugin:80 - create IPUIPlugin
2025-08-29 09:40:27,374 [INFO] PluginManager:220 - loadIPPluginJar : add fmc
2025-08-29 09:40:27,389 [INFO] IPUIPlugin:80 - create IPUIPlugin
2025-08-29 09:40:27,389 [INFO] PluginManager:220 - loadIPPluginJar : add freertos
2025-08-29 09:40:27,406 [INFO] IPUIPlugin:80 - create IPUIPlugin
2025-08-29 09:40:27,407 [INFO] PluginManager:220 - loadIPPluginJar : add genericplugin
2025-08-29 09:40:27,474 [INFO] IPUIPlugin:80 - create IPUIPlugin
2025-08-29 09:40:27,474 [INFO] PluginManager:220 - loadIPPluginJar : add gfxmmu
2025-08-29 09:40:27,571 [INFO] IPUIPlugin:80 - create IPUIPlugin
2025-08-29 09:40:27,571 [INFO] PluginManager:220 - loadIPPluginJar : add gic
2025-08-29 09:40:27,582 [INFO] IPUIPlugin:80 - create IPUIPlugin
2025-08-29 09:40:27,582 [INFO] PluginManager:220 - loadIPPluginJar : add gpio
2025-08-29 09:40:27,647 [INFO] IPUIPlugin:80 - create IPUIPlugin
2025-08-29 09:40:27,647 [INFO] PluginManager:220 - loadIPPluginJar : add gtzc
2025-08-29 09:40:27,673 [INFO] IPUIPlugin:80 - create IPUIPlugin
2025-08-29 09:40:27,673 [INFO] PluginManager:220 - loadIPPluginJar : add hash
2025-08-29 09:40:27,719 [INFO] IPUIPlugin:80 - create IPUIPlugin
2025-08-29 09:40:27,719 [INFO] PluginManager:220 - loadIPPluginJar : add i2c
2025-08-29 09:40:27,749 [INFO] IPUIPlugin:80 - create IPUIPlugin
2025-08-29 09:40:27,749 [INFO] PluginManager:220 - loadIPPluginJar : add i2s
2025-08-29 09:40:27,784 [INFO] IPUIPlugin:80 - create IPUIPlugin
2025-08-29 09:40:27,784 [INFO] PluginManager:220 - loadIPPluginJar : add i3c
2025-08-29 09:40:27,855 [INFO] IPUIPlugin:80 - create IPUIPlugin
2025-08-29 09:40:27,855 [INFO] PluginManager:220 - loadIPPluginJar : add ipddr
2025-08-29 09:40:27,923 [INFO] IPUIPlugin:80 - create IPUIPlugin
2025-08-29 09:40:27,923 [INFO] PluginManager:220 - loadIPPluginJar : add linkedlist
2025-08-29 09:40:27,952 [INFO] IPUIPlugin:80 - create IPUIPlugin
2025-08-29 09:40:27,952 [INFO] PluginManager:220 - loadIPPluginJar : add lorawan
2025-08-29 09:40:27,981 [INFO] IPUIPlugin:80 - create IPUIPlugin
2025-08-29 09:40:27,981 [INFO] PluginManager:220 - loadIPPluginJar : add ltdc
2025-08-29 09:40:27,993 [INFO] IPUIPlugin:80 - create IPUIPlugin
2025-08-29 09:40:27,993 [INFO] PluginManager:220 - loadIPPluginJar : add mdma
2025-08-29 09:40:28,003 [INFO] IPUIPlugin:80 - create IPUIPlugin
2025-08-29 09:40:28,003 [INFO] PluginManager:220 - loadIPPluginJar : add nvic
2025-08-29 09:40:28,034 [INFO] IPUIPlugin:80 - create IPUIPlugin
2025-08-29 09:40:28,034 [INFO] PluginManager:220 - loadIPPluginJar : add opamp
2025-08-29 09:40:28,079 [INFO] IPUIPlugin:80 - create IPUIPlugin
2025-08-29 09:40:28,080 [INFO] PluginManager:220 - loadIPPluginJar : add openamp
2025-08-29 09:40:28,111 [INFO] IPUIPlugin:80 - create IPUIPlugin
2025-08-29 09:40:28,112 [INFO] PluginManager:220 - loadIPPluginJar : add pdm2pcm
2025-08-29 09:40:28,125 [INFO] IPUIPlugin:80 - create IPUIPlugin
2025-08-29 09:40:28,127 [INFO] PluginManager:220 - loadIPPluginJar : add plateformsettings
2025-08-29 09:40:28,147 [INFO] IPUIPlugin:80 - create IPUIPlugin
2025-08-29 09:40:28,147 [INFO] PluginManager:220 - loadIPPluginJar : add quadspi
2025-08-29 09:40:28,168 [INFO] IPUIPlugin:80 - create IPUIPlugin
2025-08-29 09:40:28,169 [INFO] PluginManager:220 - loadIPPluginJar : add radio
2025-08-29 09:40:28,181 [INFO] IPUIPlugin:80 - create IPUIPlugin
2025-08-29 09:40:28,181 [INFO] PluginManager:220 - loadIPPluginJar : add resmgrutility
2025-08-29 09:40:28,216 [INFO] IPUIPlugin:80 - create IPUIPlugin
2025-08-29 09:40:28,216 [INFO] PluginManager:220 - loadIPPluginJar : add sai
2025-08-29 09:40:28,244 [INFO] IPUIPlugin:80 - create IPUIPlugin
2025-08-29 09:40:28,244 [INFO] PluginManager:220 - loadIPPluginJar : add spi
2025-08-29 09:40:28,294 [INFO] IPUIPlugin:80 - create IPUIPlugin
2025-08-29 09:40:28,294 [INFO] PluginManager:220 - loadIPPluginJar : add stm32_wpan
2025-08-29 09:40:28,315 [INFO] IPUIPlugin:80 - create IPUIPlugin
2025-08-29 09:40:28,315 [INFO] PluginManager:220 - loadIPPluginJar : add tim
2025-08-29 09:40:28,358 [INFO] IPUIPlugin:80 - create IPUIPlugin
2025-08-29 09:40:28,359 [INFO] PluginManager:220 - loadIPPluginJar : add touchsensing
2025-08-29 09:40:28,378 [INFO] IPUIPlugin:80 - create IPUIPlugin
2025-08-29 09:40:28,378 [INFO] PluginManager:220 - loadIPPluginJar : add tracer_emb
2025-08-29 09:40:28,397 [INFO] IPUIPlugin:80 - create IPUIPlugin
2025-08-29 09:40:28,398 [INFO] PluginManager:220 - loadIPPluginJar : add ts
2025-08-29 09:40:28,416 [INFO] IPUIPlugin:80 - create IPUIPlugin
2025-08-29 09:40:28,416 [INFO] PluginManager:220 - loadIPPluginJar : add tsc
2025-08-29 09:40:28,435 [INFO] IPUIPlugin:80 - create IPUIPlugin
2025-08-29 09:40:28,435 [INFO] PluginManager:220 - loadIPPluginJar : add ucpd
2025-08-29 09:40:28,468 [INFO] IPUIPlugin:80 - create IPUIPlugin
2025-08-29 09:40:28,468 [INFO] PluginManager:220 - loadIPPluginJar : add usart
2025-08-29 09:40:28,500 [INFO] IPUIPlugin:80 - create IPUIPlugin
2025-08-29 09:40:28,500 [INFO] PluginManager:220 - loadIPPluginJar : add usbx
2025-08-29 09:40:28,613 [INFO] CADModel:165 - CPN selected for project level
2025-08-29 09:40:28,613 [INFO] CADModel:114 - Register for checkConnection events
2025-08-29 09:40:28,613 [FATAL] Updater:334 - Updater called before beeing initialized
2025-08-29 09:40:28,613 [ERROR] CADModel:125 - Updater not yet initialized, retry later 
2025-08-29 09:40:28,707 [INFO] CADModel:165 - CPN selected for project level
2025-08-29 09:40:28,707 [INFO] CADModel:114 - Register for checkConnection events
2025-08-29 09:40:28,707 [FATAL] Updater:334 - Updater called before beeing initialized
2025-08-29 09:40:28,707 [ERROR] CADModel:125 - Updater not yet initialized, retry later 
2025-08-29 09:40:28,710 [FATAL] Updater:334 - Updater called before beeing initialized
2025-08-29 09:40:28,788 [FATAL] Updater:334 - Updater called before beeing initialized
2025-08-29 09:40:28,797 [INFO] DbMcusAds:53 - JSON generation date=Tue Jul 08 17:14:23 KST 2025 (1751962463582)
2025-08-29 09:40:28,797 [FATAL] Updater:334 - Updater called before beeing initialized
2025-08-29 09:40:28,826 [WARN] DetailPanel:346 - Failed to get advertising image, set to default
2025-08-29 09:40:28,912 [FATAL] Updater:334 - Updater called before beeing initialized
2025-08-29 09:40:28,913 [FATAL] Updater:334 - Updater called before beeing initialized
2025-08-29 09:40:28,914 [FATAL] Updater:334 - Updater called before beeing initialized
2025-08-29 09:40:28,914 [WARN] DetailPanel:346 - Failed to get advertising image, set to default
2025-08-29 09:40:28,914 [FATAL] Updater:334 - Updater called before beeing initialized
2025-08-29 09:40:28,974 [ERROR] Updater:1164 - MainUpdater not yet initialized. External WinMGr cannot be set.
2025-08-29 09:40:28,983 [INFO] Updater:1100 - Updater Version found : 6.12.1
2025-08-29 09:40:28,997 [INFO] ApplicationProperties:184 - Using Application install path: C:\ST\STM32CubeIDE_1.16.1\STM32CubeIDE\plugins\com.st.stm32cube.common.mx_6.12.1.202409122256
2025-08-29 09:40:29,650 [INFO] ThirdPartyUpdaterWithRetryManager:70 - Updater plugin not ready yet. [2/15]
2025-08-29 09:40:29,714 [INFO] MainUpdater:2873 - connection check result : 10
2025-08-29 09:40:29,715 [INFO] MainUpdater:290 - Updater Check For Update Now.
2025-08-29 09:40:29,715 [INFO] MicroXplorer:498 - Change Database Version : DB.6.0.121
2025-08-29 09:40:29,732 [INFO] McuFinderGlobals:63 - Set McuFinder mode to 2 (CubeIDE integrated)
2025-08-29 09:40:29,738 [INFO] UserAuth:417 - Internet connection configuration mode: 1
2025-08-29 09:40:29,770 [INFO] JxBrowserEngine:152 - Initiate JxBrowser Engine with user profile folder
2025-08-29 09:40:29,909 [INFO] CheckServerUpdateThread:120 - End of CheckServer Thread
2025-08-29 09:40:31,708 [INFO] WebApp:167 - Instantiating new browser for Auth
2025-08-29 09:40:32,251 [INFO] WebApp:448 - Apply proxy settings
2025-08-29 09:40:32,257 [INFO] WebApp:493 - Chromium authenticates against Manually configured proxy
2025-08-29 09:40:32,263 [INFO] WebApp:501 - Username used for proxy authentication: 
2025-08-29 09:40:32,286 [INFO] WebApp:869 - Register for checkConnection events
2025-08-29 09:40:32,286 [INFO] WebApp:448 - Apply proxy settings
2025-08-29 09:40:32,290 [INFO] WebApp:493 - Chromium authenticates against Manually configured proxy
2025-08-29 09:40:32,290 [INFO] WebApp:501 - Username used for proxy authentication: 
2025-08-29 09:40:32,415 [INFO] WebApp:220 - Starting web application
2025-08-29 09:40:32,415 [INFO] WebApp:578 - Web application path used C:\ST\STM32CubeIDE_1.16.1\STM32CubeIDE\plugins\com.st.stm32cube.common.mx_6.12.1.202409122256\db\plugins\mcufinder\reactClient1\index.html
2025-08-29 09:40:32,531 [INFO] UserAuth:417 - Internet connection configuration mode: 1
2025-08-29 09:40:32,556 [INFO] WebApp:186 - Connection restablished
2025-08-29 09:40:32,898 [WARN] PackLoader:240 - Cannot read IP mode file for STMicroelectronics.FP-SNS-MOTENVWB1.1.4.0
2025-08-29 09:40:32,911 [WARN] PackLoader:240 - Cannot read IP mode file for STMicroelectronics.FP-ATR-ASTRA1.2.0.2
2025-08-29 09:40:32,920 [WARN] PackLoader:240 - Cannot read IP mode file for STMicroelectronics.FP-ATR-ASTRA1.2.0.1
2025-08-29 09:40:32,932 [WARN] PackLoader:240 - Cannot read IP mode file for STMicroelectronics.X-CUBE-SMBUS.2.1.0
2025-08-29 09:40:32,945 [WARN] PackLoader:240 - Cannot read IP mode file for STMicroelectronics.X-CUBE-WB05N.1.1.0
2025-08-29 09:40:32,956 [ERROR] Engine:466 - C:\Users\RND1\.stm32cubemx\thirdparties\pdsc\STMicroelectronics.X-CUBE-ST60.1.0.0.pdsc: PDSC version is not supported
2025-08-29 09:40:32,966 [WARN] PackLoader:240 - Cannot read IP mode file for STMicroelectronics.X-CUBE-TOUCHGFX.4.23.0
2025-08-29 09:40:32,977 [WARN] PackLoader:240 - Cannot read IP mode file for STMicroelectronics.X-CUBE-TOUCHGFX.4.23.2
2025-08-29 09:40:33,002 [WARN] PackLoader:240 - Cannot read IP mode file for STMicroelectronics.X-CUBE-AZRTOS-F7.1.1.0
2025-08-29 09:40:33,017 [WARN] PackLoader:240 - Cannot read IP mode file for STMicroelectronics.FP-SNS-MOTENV1.4.3.2
2025-08-29 09:40:33,062 [WARN] PackLoader:240 - Cannot read IP mode file for STMicroelectronics.X-CUBE-MEMS1.11.0.0
2025-08-29 09:40:33,200 [WARN] PackLoader:240 - Cannot read IP mode file for STMicroelectronics.FP-SNS-FLIGHT1.5.0.2
2025-08-29 09:40:33,224 [WARN] PackLoader:240 - Cannot read IP mode file for STMicroelectronics.X-CUBE-AZRTOS-H7.3.4.0
2025-08-29 09:40:33,240 [WARN] PackLoader:240 - Cannot read IP mode file for STMicroelectronics.X-CUBE-DISPLAY.3.0.0
2025-08-29 09:40:33,256 [WARN] PackLoader:240 - Cannot read IP mode file for STMicroelectronics.X-CUBE-BLE1.7.0.0
2025-08-29 09:40:33,270 [WARN] PackLoader:240 - Cannot read IP mode file for STMicroelectronics.X-CUBE-NFC10.1.0.0
2025-08-29 09:40:33,287 [WARN] PackLoader:240 - Cannot read IP mode file for STMicroelectronics.X-CUBE-BLEMGR.4.0.0
2025-08-29 09:40:33,307 [WARN] PackLoader:240 - Cannot read IP mode file for emotas.I-CUBE-CANOPEN.1.3.0
2025-08-29 09:40:33,321 [WARN] PackLoader:240 - Cannot read IP mode file for STMicroelectronics.X-CUBE-BLEMGR.3.1.0
2025-08-29 09:40:33,337 [WARN] PackLoader:240 - Cannot read IP mode file for STMicroelectronics.X-CUBE-AI.10.0.0
2025-08-29 09:40:33,349 [ERROR] Engine:466 - C:\Users\RND1\.stm32cubemx\thirdparties\pdsc\STMicroelectronics.FP-SNS-STBOX1.2.1.0.pdsc: PDSC version is not supported
2025-08-29 09:40:33,362 [WARN] PackLoader:240 - Cannot read IP mode file for STMicroelectronics.FP-SNS-SMARTAG2.1.2.0
2025-08-29 09:40:33,375 [ERROR] Engine:466 - C:\Users\RND1\.stm32cubemx\thirdparties\pdsc\STMicroelectronics.FP-SNS-FLIGHT1.5.1.0.pdsc: PDSC version is not supported
2025-08-29 09:40:33,424 [WARN] PackLoader:240 - Cannot read IP mode file for STMicroelectronics.X-CUBE-MEMS1.11.1.0
2025-08-29 09:40:33,496 [INFO] LogOutputStream:77 - [STDOUT_REDIRECT] 1 : Invalid condition id : UX_CORESTACK_Condition cause : null
2025-08-29 09:40:33,497 [INFO] LogOutputStream:77 - [STDOUT_REDIRECT] 1 : Invalid condition id : UX_CORESTACK_Condition cause : null
2025-08-29 09:40:33,498 [INFO] LogOutputStream:77 - [STDOUT_REDIRECT] 1 : Invalid condition id : UX_CORESTACK_Condition cause : null
2025-08-29 09:40:33,499 [INFO] LogOutputStream:77 - [STDOUT_REDIRECT] 1 : Invalid condition id : UX_CORESTACK_Condition cause : null
2025-08-29 09:40:33,500 [INFO] LogOutputStream:77 - [STDOUT_REDIRECT] 1 : Invalid condition id : UX_CORESTACK_Condition cause : null
2025-08-29 09:40:33,503 [WARN] PackLoader:240 - Cannot read IP mode file for STMicroelectronics.X-CUBE-AZRTOS-WL.2.0.0
2025-08-29 09:40:33,519 [WARN] PackLoader:240 - Cannot read IP mode file for STMicroelectronics.FP-SNS-MOTENV1.5.0.0
2025-08-29 09:40:33,535 [WARN] PackLoader:240 - Cannot read IP mode file for wolfSSL.I-CUBE-wolfMQTT.1.19.0
2025-08-29 09:40:33,556 [WARN] PackLoader:240 - Cannot read IP mode file for WES.I-CUBE-Cesium.1.3.0
2025-08-29 09:40:33,575 [WARN] PackLoader:240 - Cannot read IP mode file for STMicroelectronics.X-CUBE-BLE2.3.3.0
2025-08-29 09:40:33,591 [WARN] PackLoader:240 - Cannot read IP mode file for STMicroelectronics.X-CUBE-NFC9.1.0.0
2025-08-29 09:40:33,604 [WARN] PackLoader:240 - Cannot read IP mode file for STMicroelectronics.X-CUBE-BLE1.7.1.0
2025-08-29 09:40:33,619 [WARN] PackLoader:240 - Cannot read IP mode file for STMicroelectronics.X-CUBE-TCPP.4.1.0
2025-08-29 09:40:33,636 [WARN] PackLoader:240 - Cannot read IP mode file for STMicroelectronics.X-CUBE-EEPRMA1.5.2.0
2025-08-29 09:40:33,650 [WARN] PackLoader:240 - Cannot read IP mode file for STMicroelectronics.X-CUBE-AI.10.1.0
2025-08-29 09:40:33,664 [WARN] PackLoader:240 - Cannot read IP mode file for STMicroelectronics.X-CUBE-ALGOBUILD.1.3.0
2025-08-29 09:40:33,702 [WARN] PackLoader:240 - Cannot read IP mode file for STMicroelectronics.X-CUBE-MEMS1.11.2.0
2025-08-29 09:40:33,774 [WARN] PackLoader:240 - Cannot read IP mode file for STMicroelectronics.X-CUBE-AZRTOS-G0.1.1.0
2025-08-29 09:40:33,788 [WARN] PackLoader:240 - Cannot read IP mode file for STMicroelectronics.X-CUBE-SAFEA1.1.2.2
2025-08-29 09:40:33,801 [WARN] PackLoader:240 - Cannot read IP mode file for STMicroelectronics.X-CUBE-NFC4.3.0.0
2025-08-29 09:40:33,814 [WARN] PackLoader:240 - Cannot read IP mode file for wolfSSL.I-CUBE-wolfMQTT.1.18.0
2025-08-29 09:40:33,829 [WARN] PackLoader:240 - Cannot read IP mode file for EmbeddedOffice.I-CUBE-FS-RTOS.1.0.1
2025-08-29 09:40:33,830 [ERROR] ConditionMgr:805 - Attr not supported : Dmpu
2025-08-29 09:40:33,830 [ERROR] ConditionMgr:805 - Attr not supported : Dmpu
2025-08-29 09:40:33,830 [ERROR] ConditionMgr:805 - Attr not supported : Dmpu
2025-08-29 09:40:33,831 [ERROR] ConditionMgr:805 - Attr not supported : Dmpu
2025-08-29 09:40:33,831 [ERROR] ConditionMgr:805 - Attr not supported : Dmpu
2025-08-29 09:40:33,831 [ERROR] ConditionMgr:805 - Attr not supported : Dmpu
2025-08-29 09:40:33,831 [ERROR] ConditionMgr:805 - Attr not supported : Dmpu
2025-08-29 09:40:33,831 [ERROR] ConditionMgr:805 - Attr not supported : Dmpu
2025-08-29 09:40:33,831 [ERROR] ConditionMgr:805 - Attr not supported : Dmpu
2025-08-29 09:40:33,831 [ERROR] ConditionMgr:805 - Attr not supported : Dmpu
2025-08-29 09:40:33,831 [ERROR] ConditionMgr:805 - Attr not supported : Dmpu
2025-08-29 09:40:33,831 [ERROR] ConditionMgr:805 - Attr not supported : Dmpu
2025-08-29 09:40:33,831 [ERROR] ConditionMgr:805 - Attr not supported : Dmpu
2025-08-29 09:40:33,831 [ERROR] ConditionMgr:805 - Attr not supported : Dmpu
2025-08-29 09:40:33,831 [ERROR] ConditionMgr:805 - Attr not supported : Dmpu
2025-08-29 09:40:33,831 [ERROR] ConditionMgr:805 - Attr not supported : Dmpu
2025-08-29 09:40:33,831 [ERROR] ConditionMgr:805 - Attr not supported : Dmpu
2025-08-29 09:40:33,831 [ERROR] ConditionMgr:805 - Attr not supported : Dmpu
2025-08-29 09:40:33,831 [ERROR] ConditionMgr:805 - Attr not supported : Dmpu
2025-08-29 09:40:33,831 [ERROR] ConditionMgr:805 - Attr not supported : Dmpu
2025-08-29 09:40:33,831 [ERROR] ConditionMgr:805 - Attr not supported : Dmpu
2025-08-29 09:40:33,831 [ERROR] ConditionMgr:805 - Attr not supported : Dmpu
2025-08-29 09:40:33,831 [ERROR] ConditionMgr:805 - Attr not supported : Dmpu
2025-08-29 09:40:33,831 [ERROR] ConditionMgr:805 - Attr not supported : Dmpu
2025-08-29 09:40:33,831 [ERROR] ConditionMgr:805 - Attr not supported : Dmpu
2025-08-29 09:40:33,831 [ERROR] ConditionMgr:805 - Attr not supported : Dmpu
2025-08-29 09:40:33,831 [ERROR] ConditionMgr:805 - Attr not supported : Dmpu
2025-08-29 09:40:33,831 [ERROR] ConditionMgr:805 - Attr not supported : Dmpu
2025-08-29 09:40:33,831 [ERROR] ConditionMgr:805 - Attr not supported : Dmpu
2025-08-29 09:40:33,831 [ERROR] ConditionMgr:805 - Attr not supported : Dmpu
2025-08-29 09:40:33,831 [ERROR] ConditionMgr:805 - Attr not supported : Dmpu
2025-08-29 09:40:33,832 [ERROR] ConditionMgr:805 - Attr not supported : Dmpu
2025-08-29 09:40:33,832 [ERROR] ConditionMgr:805 - Attr not supported : Dmpu
2025-08-29 09:40:33,832 [ERROR] ConditionMgr:805 - Attr not supported : Dmpu
2025-08-29 09:40:33,832 [ERROR] ConditionMgr:805 - Attr not supported : Dmpu
2025-08-29 09:40:33,832 [ERROR] ConditionMgr:805 - Attr not supported : Dmpu
2025-08-29 09:40:33,832 [ERROR] ConditionMgr:805 - Attr not supported : Dmpu
2025-08-29 09:40:33,832 [ERROR] ConditionMgr:805 - Attr not supported : Dmpu
2025-08-29 09:40:33,832 [ERROR] ConditionMgr:805 - Attr not supported : Dmpu
2025-08-29 09:40:33,832 [ERROR] ConditionMgr:805 - Attr not supported : Dmpu
2025-08-29 09:40:33,832 [ERROR] ConditionMgr:805 - Attr not supported : Dmpu
2025-08-29 09:40:33,832 [ERROR] ConditionMgr:805 - Attr not supported : Dmpu
2025-08-29 09:40:33,832 [ERROR] ConditionMgr:805 - Attr not supported : Dmpu
2025-08-29 09:40:33,832 [ERROR] ConditionMgr:805 - Attr not supported : Dmpu
2025-08-29 09:40:33,832 [ERROR] ConditionMgr:805 - Attr not supported : Dmpu
2025-08-29 09:40:33,832 [ERROR] ConditionMgr:805 - Attr not supported : Dmpu
2025-08-29 09:40:33,832 [ERROR] ConditionMgr:805 - Attr not supported : Dmpu
2025-08-29 09:40:33,832 [ERROR] ConditionMgr:805 - Attr not supported : Dmpu
2025-08-29 09:40:33,832 [ERROR] ConditionMgr:805 - Attr not supported : Dmpu
2025-08-29 09:40:33,832 [ERROR] ConditionMgr:805 - Attr not supported : Dmpu
2025-08-29 09:40:33,832 [ERROR] ConditionMgr:805 - Attr not supported : Dmpu
2025-08-29 09:40:33,832 [ERROR] ConditionMgr:805 - Attr not supported : Dmpu
2025-08-29 09:40:33,832 [ERROR] ConditionMgr:805 - Attr not supported : Dmpu
2025-08-29 09:40:33,832 [ERROR] ConditionMgr:805 - Attr not supported : Dmpu
2025-08-29 09:40:33,832 [ERROR] ConditionMgr:805 - Attr not supported : Dmpu
2025-08-29 09:40:33,832 [ERROR] ConditionMgr:805 - Attr not supported : Dmpu
2025-08-29 09:40:33,832 [ERROR] ConditionMgr:805 - Attr not supported : Dmpu
2025-08-29 09:40:33,832 [ERROR] ConditionMgr:805 - Attr not supported : Dmpu
2025-08-29 09:40:33,832 [ERROR] ConditionMgr:805 - Attr not supported : Dmpu
2025-08-29 09:40:33,832 [ERROR] ConditionMgr:805 - Attr not supported : Dmpu
2025-08-29 09:40:33,832 [ERROR] ConditionMgr:805 - Attr not supported : Dmpu
2025-08-29 09:40:33,832 [ERROR] ConditionMgr:805 - Attr not supported : Dmpu
2025-08-29 09:40:33,832 [ERROR] ConditionMgr:805 - Attr not supported : Dmpu
2025-08-29 09:40:33,833 [ERROR] ConditionMgr:805 - Attr not supported : Dmpu
2025-08-29 09:40:33,846 [WARN] PackLoader:240 - Cannot read IP mode file for STMicroelectronics.X-CUBE-WB05N.2.0.0
2025-08-29 09:40:33,861 [WARN] PackLoader:240 - Cannot read IP mode file for STMicroelectronics.X-CUBE-BLEMGR.3.0.0
2025-08-29 09:40:33,873 [ERROR] Engine:466 - C:\Users\RND1\.stm32cubemx\thirdparties\pdsc\STMicroelectronics.X-CUBE-TCPP.4.2.0.pdsc: PDSC version is not supported
2025-08-29 09:40:33,887 [WARN] PackLoader:240 - Cannot read IP mode file for RealThread.X-CUBE-RT-Thread_Nano.4.1.1
2025-08-29 09:40:33,900 [WARN] PackLoader:240 - Cannot read IP mode file for STMicroelectronics.FP-ATR-SIGFOX1.3.2.0
2025-08-29 09:40:33,913 [WARN] ConditionMgr:438 - getConditionDescription Invalid condition id : Cortex-A Device cause : null
2025-08-29 09:40:33,934 [WARN] ConditionMgr:1039 - genDependencies : Invalid condition id : Cortex-A Device cause : null
2025-08-29 09:40:33,934 [WARN] ConditionMgr:1039 - genDependencies : Invalid condition id : Cortex-A Device cause : null
2025-08-29 09:40:33,934 [WARN] ConditionMgr:1039 - genDependencies : Invalid condition id : Cortex-A Device cause : null
2025-08-29 09:40:33,946 [WARN] PackLoader:240 - Cannot read IP mode file for STMicroelectronics.X-CUBE-EEPRMA1.5.1.0
2025-08-29 09:40:33,958 [ERROR] Engine:466 - C:\Users\RND1\.stm32cubemx\thirdparties\pdsc\STMicroelectronics.X-CUBE-ST67W61.1.0.0.pdsc: PDSC version is not supported
2025-08-29 09:40:33,970 [WARN] PackLoader:240 - Cannot read IP mode file for STMicroelectronics.X-CUBE-AI.10.2.0
2025-08-29 09:40:33,994 [WARN] PackLoader:240 - Cannot read IP mode file for SEGGER.I-CUBE-embOS.1.3.1
2025-08-29 09:40:34,035 [WARN] PackLoader:240 - Cannot read IP mode file for STMicroelectronics.X-CUBE-ALGOBUILD.1.4.0
2025-08-29 09:40:34,076 [WARN] PackLoader:240 - Cannot read IP mode file for STMicroelectronics.X-CUBE-MEMS1.11.3.0
2025-08-29 09:40:34,164 [WARN] PackLoader:240 - Cannot read IP mode file for STMicroelectronics.X-CUBE-AI.9.1.0
2025-08-29 09:40:34,174 [WARN] PackLoader:240 - Cannot read IP mode file for STMicroelectronics.X-CUBE-PM33A1.1.0.0
2025-08-29 09:40:34,186 [WARN] PackLoader:240 - Cannot read IP mode file for STMicroelectronics.X-CUBE-GNSS1.6.0.0
2025-08-29 09:40:34,206 [WARN] PackLoader:240 - Cannot read IP mode file for STMicroelectronics.X-CUBE-AZRTOS-F4.1.1.0
2025-08-29 09:40:34,220 [WARN] PackLoader:240 - Cannot read IP mode file for wolfSSL.I-CUBE-wolfSSL.5.6.4
2025-08-29 09:40:34,229 [ERROR] Engine:466 - C:\Users\RND1\.stm32cubemx\thirdparties\pdsc\Avnet-IotConnect.X-CUBE-IoTC-DA16k-PMOD.1.0.0.pdsc: PDSC version is not supported
2025-08-29 09:40:34,239 [WARN] PackLoader:240 - Cannot read IP mode file for STMicroelectronics.X-CUBE-ISPU.2.1.0
2025-08-29 09:40:34,250 [WARN] PackLoader:240 - Cannot read IP mode file for STMicroelectronics.X-CUBE-FREERTOS.1.2.0
2025-08-29 09:40:34,262 [WARN] PackLoader:240 - Cannot read IP mode file for STMicroelectronics.X-CUBE-NFC12.1.0.0
2025-08-29 09:40:34,281 [WARN] PackLoader:240 - Cannot read IP mode file for STMicroelectronics.X-CUBE-AZRTOS-L5.2.0.0
2025-08-29 09:40:34,294 [WARN] PackLoader:240 - Cannot read IP mode file for STMicroelectronics.X-CUBE-EEPRMA1.4.2.0
2025-08-29 09:40:34,307 [WARN] PackLoader:240 - Cannot read IP mode file for STMicroelectronics.X-CUBE-NFC6.3.1.0
2025-08-29 09:40:34,319 [WARN] PackLoader:240 - Cannot read IP mode file for ITTIA_DB.I-CUBE-ITTIADB.8.8.0
2025-08-29 09:40:34,331 [WARN] PackLoader:240 - Cannot read IP mode file for STMicroelectronics.X-CUBE-DPower.1.2.0
2025-08-29 09:40:34,341 [WARN] PackLoader:240 - Cannot read IP mode file for STMicroelectronics.X-CUBE-AI.9.0.0
2025-08-29 09:40:34,351 [WARN] PackLoader:240 - Cannot read IP mode file for STMicroelectronics.X-CUBE-FREERTOS.1.3.1
2025-08-29 09:40:34,362 [WARN] PackLoader:240 - Cannot read IP mode file for STMicroelectronics.X-CUBE-FREERTOS.1.3.0
2025-08-29 09:40:34,373 [WARN] PackLoader:240 - Cannot read IP mode file for STMicroelectronics.X-CUBE-NFC7.1.0.1
2025-08-29 09:40:34,384 [WARN] PackLoader:240 - Cannot read IP mode file for STMicroelectronics.X-CUBE-NFC6.3.0.0
2025-08-29 09:40:34,395 [ERROR] Engine:466 - C:\Users\RND1\.stm32cubemx\thirdparties\pdsc\STMicroelectronics.FP-SNS-STAIOTCFT.1.0.0.pdsc: PDSC version is not supported
2025-08-29 09:40:34,405 [WARN] PackLoader:240 - Cannot read IP mode file for STMicroelectronics.X-CUBE-DPower.1.3.0
2025-08-29 09:40:34,416 [WARN] PackLoader:240 - Cannot read IP mode file for STMicroelectronics.X-CUBE-AI.8.1.0
2025-08-29 09:40:34,441 [WARN] ConditionMgr:438 - getConditionDescription Invalid condition id : LAN8742 Phy interface Condition cause : null
2025-08-29 09:40:34,442 [WARN] PackLoader:240 - Cannot read IP mode file for STMicroelectronics.X-CUBE-AZRTOS-L4.2.0.0
2025-08-29 09:40:34,443 [WARN] ConditionMgr:1039 - genDependencies : Invalid condition id : LAN8742 Phy interface Condition cause : null
2025-08-29 09:40:34,443 [WARN] ConditionMgr:1039 - genDependencies : Invalid condition id : LAN8742 Phy interface Condition cause : null
2025-08-29 09:40:34,443 [WARN] ConditionMgr:1039 - genDependencies : Invalid condition id : LAN8742 Phy interface Condition cause : null
2025-08-29 09:40:34,455 [WARN] PackLoader:240 - Cannot read IP mode file for STMicroelectronics.X-CUBE-SFXS2LP1.4.0.0
2025-08-29 09:40:34,474 [WARN] PackLoader:240 - Cannot read IP mode file for STMicroelectronics.X-CUBE-AZRTOS-H7.3.3.0
2025-08-29 09:40:34,486 [ERROR] Engine:466 - C:\Users\RND1\.stm32cubemx\thirdparties\pdsc\STMicroelectronics.X-CUBE-BLEMGR.4.1.0.pdsc: PDSC version is not supported
2025-08-29 09:40:34,501 [WARN] PackLoader:240 - Cannot read IP mode file for STMicroelectronics.X-CUBE-IPS.3.0.0
2025-08-29 09:40:34,520 [WARN] ConditionMgr:438 - getConditionDescription Invalid condition id : UX DEVICE CLASS RTOS Condition cause : null
2025-08-29 09:40:34,520 [WARN] ConditionMgr:438 - getConditionDescription Invalid condition id : UX DEVICE CLASS RTOS Condition cause : null
2025-08-29 09:40:34,520 [WARN] PackLoader:240 - Cannot read IP mode file for STMicroelectronics.X-CUBE-AZRTOS-WB.2.0.0
2025-08-29 09:40:34,521 [WARN] ConditionMgr:1039 - genDependencies : Invalid condition id : UX DEVICE CLASS RTOS Condition cause : null
2025-08-29 09:40:34,521 [WARN] ConditionMgr:1039 - genDependencies : Invalid condition id : UX DEVICE CLASS RTOS Condition cause : null
2025-08-29 09:40:34,521 [WARN] ConditionMgr:1039 - genDependencies : Invalid condition id : UX DEVICE CLASS RTOS Condition cause : null
2025-08-29 09:40:34,521 [WARN] ConditionMgr:1039 - genDependencies : Invalid condition id : UX DEVICE CLASS RTOS Condition cause : null
2025-08-29 09:40:34,521 [WARN] ConditionMgr:1039 - genDependencies : Invalid condition id : UX DEVICE CLASS RTOS Condition cause : null
2025-08-29 09:40:34,531 [WARN] PackLoader:240 - Cannot read IP mode file for STMicroelectronics.X-CUBE-GNSS1.7.0.0
2025-08-29 09:40:34,542 [WARN] PackLoader:240 - Cannot read IP mode file for STMicroelectronics.X-CUBE-GNSS1.7.0.1
2025-08-29 09:40:34,553 [WARN] PackLoader:240 - Cannot read IP mode file for STMicroelectronics.X-CUBE-TOUCHGFX.4.25.0
2025-08-29 09:40:34,565 [WARN] PackLoader:240 - Cannot read IP mode file for STMicroelectronics.FP-SNS-STBOX1.2.0.0
2025-08-29 09:40:34,579 [WARN] PackLoader:240 - Cannot read IP mode file for STMicroelectronics.X-CUBE-SUBG2.5.0.0
2025-08-29 09:40:34,600 [WARN] PackLoader:240 - Cannot read IP mode file for STMicroelectronics.X-CUBE-AZRTOS-H7RS.1.1.0
2025-08-29 09:40:34,619 [WARN] PackLoader:240 - Cannot read IP mode file for STMicroelectronics.X-CUBE-AZRTOS-G4.2.0.0
2025-08-29 09:40:34,637 [WARN] PackLoader:240 - Cannot read IP mode file for Infineon.AIROC-Wi-Fi-Bluetooth-STM32.1.5.1
2025-08-29 09:40:34,649 [WARN] PackLoader:240 - Cannot read IP mode file for STMicroelectronics.X-CUBE-NFC7.2.0.0
2025-08-29 09:40:34,659 [WARN] PackLoader:240 - Cannot read IP mode file for STMicroelectronics.FP-SNS-MOTENVWB1.1.3.1
2025-08-29 09:40:34,669 [WARN] PackLoader:240 - Cannot read IP mode file for STMicroelectronics.X-CUBE-ISPU.2.0.0
2025-08-29 09:40:34,683 [ERROR] Engine:466 - C:\Users\RND1\.stm32cubemx\thirdparties\pdsc\STMicroelectronics.X-CUBE-IPS.3.1.0.pdsc: PDSC version is not supported
2025-08-29 09:40:34,694 [WARN] PackLoader:240 - Cannot read IP mode file for STMicroelectronics.X-CUBE-ALS.1.0.2
2025-08-29 09:40:34,718 [WARN] PackLoader:240 - Cannot read IP mode file for STMicroelectronics.X-CUBE-MEMS1.10.0.0
2025-08-29 09:40:34,759 [WARN] PackLoader:240 - Cannot read IP mode file for STMicroelectronics.X-CUBE-FREERTOS.1.1.0
2025-08-29 09:40:34,769 [WARN] PackLoader:240 - Cannot read IP mode file for STMicroelectronics.X-CUBE-TOUCHGFX.4.24.0
2025-08-29 09:40:34,779 [WARN] PackLoader:240 - Cannot read IP mode file for STMicroelectronics.X-CUBE-TOUCHGFX.4.24.2
2025-08-29 09:40:34,788 [WARN] PackLoader:240 - Cannot read IP mode file for STMicroelectronics.X-CUBE-TOUCHGFX.4.24.1
2025-08-29 09:40:34,800 [WARN] PackLoader:240 - Cannot read IP mode file for wolfSSL.I-CUBE-wolfTPM.3.4.0
2025-08-29 09:40:34,811 [WARN] PackLoader:240 - Cannot read IP mode file for portGmbH.I-Cube-SoM-uGOAL.1.1.0
2025-08-29 09:40:34,822 [WARN] PackLoader:240 - Cannot read IP mode file for STMicroelectronics.X-CUBE-ALS.1.0.1
2025-08-29 09:40:34,843 [WARN] PackLoader:240 - Cannot read IP mode file for STMicroelectronics.X-CUBE-AZRTOS-H7RS.1.0.0
2025-08-29 09:40:34,856 [WARN] PackLoader:240 - Cannot read IP mode file for STMicroelectronics.FP-ATR-ASTRA1.2.0.0
2025-08-29 09:40:34,873 [WARN] PackLoader:240 - Cannot read IP mode file for STMicroelectronics.X-CUBE-TOF1.3.4.2
2025-08-29 09:40:34,897 [ERROR] Engine:466 - C:\Users\RND1\.stm32cubemx\thirdparties\pdsc\STMicroelectronics.X-CUBE-TOF1.3.4.3.pdsc: PDSC version is not supported
2025-08-29 09:40:34,911 [WARN] PackLoader:240 - Cannot read IP mode file for STMicroelectronics.X-CUBE-TOF1.3.4.0
2025-08-29 09:40:34,932 [WARN] PackLoader:240 - Cannot read IP mode file for STMicroelectronics.X-CUBE-TOF1.3.4.1
2025-08-29 09:40:34,953 [WARN] PackLoader:240 - Cannot read IP mode file for STMicroelectronics.X-CUBE-AZRTOS-H7.3.2.0
2025-08-29 09:40:34,969 [WARN] PackLoader:240 - Cannot read IP mode file for wolfSSL.I-CUBE-wolfSSH.1.4.17
2025-08-29 09:40:34,969 [INFO] ThirdParty:978 - Integrity check success = true
2025-08-29 09:40:34,969 [INFO] IntegrityCheckThread:100 - exiting critical section [integrity check]
2025-08-29 09:40:34,969 [INFO] IntegrityCheckThread:103 - End integrity checks thread
2025-08-29 12:27:21,712 [ERROR] LogOutputStream:75 - [STDERR_REDIRECT] 
