2025-09-05 10:50:19,580 [INFO] Activator:176 - 


2025-09-05 10:50:19,585 [INFO] Activator:177 - !SESSION log4j initialized
2025-09-05 10:50:25,331 [INFO] LogOutputStream:77 - [STDOUT_REDIRECT] 
2025-09-05 10:50:33,964 [INFO] ApplicationProperties:184 - Using Application install path: C:\ST\STM32CubeIDE_1.16.1\STM32CubeIDE\plugins\com.st.stm32cube.common.mx_6.12.1.202409122256
2025-09-05 10:50:33,994 [INFO] DbMcusXml:78 - Set database path to: C:\ST\STM32CubeIDE_1.16.1\STM32CubeIDE\plugins\com.st.stm32cube.common.mx_6.12.1.202409122256\\db\/mcu/
2025-09-05 10:50:33,995 [INFO] ApiDb:274 - Set plugin database path to: C:\ST\STM32CubeIDE_1.16.1\STM32CubeIDE\plugins\com.st.stm32cube.common.mx_6.12.1.202409122256\\db\/plugins/boardmanager/
2025-09-05 10:50:33,995 [WARN] ApiDb:259 - Overriding images path with different value:  => C:\ST\STM32CubeIDE_1.16.1\STM32CubeIDE\plugins\com.st.stm32cube.common.mx_6.12.1.202409122256\\db\/plugins/mcufinder/images/
2025-09-05 10:50:34,021 [INFO] ApiDb:250 - Set database path to: C:\Users\RND1\.stmcufinder\plugins\mcufinder//mcu/
2025-09-05 10:50:34,023 [INFO] DbMcusAds:125 - Set database path to: C:\Users\RND1\.stmcufinder\plugins\mcufinder//mcu/
2025-09-05 10:50:34,028 [INFO] CrossReferenceDbSqlite:203 - Set database path to: C:\Users\RND1\.stmcufinder\plugins\mcufinder//mcu/cs/
2025-09-05 10:50:34,160 [INFO] RulesReader:64 - Compatibility file has been processed (297 Rules)
2025-09-05 10:50:34,289 [INFO] DbMcusXml:78 - Set database path to: C:\ST\STM32CubeIDE_1.16.1\STM32CubeIDE\plugins\com.st.stm32cube.common.mx_6.12.1.202409122256\\db\/mcu/
2025-09-05 10:50:34,290 [INFO] ApiDb:274 - Set plugin database path to: C:\ST\STM32CubeIDE_1.16.1\STM32CubeIDE\plugins\com.st.stm32cube.common.mx_6.12.1.202409122256\\db\/plugins/boardmanager/
2025-09-05 10:50:34,290 [INFO] ApiDb:261 - Set plugin images path to: C:\ST\STM32CubeIDE_1.16.1\STM32CubeIDE\plugins\com.st.stm32cube.common.mx_6.12.1.202409122256\\db\/plugins/mcufinder/images/
2025-09-05 10:50:34,290 [WARN] DbFile:41 - Overriding database path with different value: C:\Users\RND1\.stmcufinder\plugins\mcufinder/ => C:\Users\RND1\.stmcufinder\plugins\mcufinder
2025-09-05 10:50:34,290 [INFO] ApiDb:250 - Set database path to: C:\Users\RND1\.stmcufinder\plugins\mcufinder//mcu/
2025-09-05 10:50:34,290 [WARN] DbFile:41 - Overriding database path with different value: C:\Users\RND1\.stmcufinder\plugins\mcufinder/ => C:\Users\RND1\.stmcufinder\plugins\mcufinder
2025-09-05 10:50:34,290 [INFO] DbMcusAds:125 - Set database path to: C:\Users\RND1\.stmcufinder\plugins\mcufinder//mcu/
2025-09-05 10:50:34,291 [WARN] DbFile:41 - Overriding database path with different value: C:\Users\RND1\.stmcufinder\plugins\mcufinder/ => C:\Users\RND1\.stmcufinder\plugins\mcufinder
2025-09-05 10:50:34,291 [WARN] DbFile:41 - Overriding database path with different value: C:\Users\RND1\.stmcufinder\plugins\mcufinder/ => C:\Users\RND1\.stmcufinder\plugins\mcufinder
2025-09-05 10:50:34,291 [INFO] CrossReferenceDbSqlite:203 - Set database path to: C:\Users\RND1\.stmcufinder\plugins\mcufinder//mcu/cs/
2025-09-05 10:50:34,411 [INFO] MainPanel:268 - HeapMemory: 268435456
2025-09-05 10:50:34,562 [INFO] DbMcusXml:78 - Set database path to: C:\ST\STM32CubeIDE_1.16.1\STM32CubeIDE\plugins\com.st.stm32cube.common.mx_6.12.1.202409122256\\db\/mcu/
2025-09-05 10:50:34,562 [INFO] ApiDb:274 - Set plugin database path to: C:\ST\STM32CubeIDE_1.16.1\STM32CubeIDE\plugins\com.st.stm32cube.common.mx_6.12.1.202409122256\\db\/plugins/boardmanager/
2025-09-05 10:50:34,563 [INFO] ApiDb:261 - Set plugin images path to: C:\ST\STM32CubeIDE_1.16.1\STM32CubeIDE\plugins\com.st.stm32cube.common.mx_6.12.1.202409122256\\db\/plugins/mcufinder/images/
2025-09-05 10:50:34,563 [WARN] DbFile:41 - Overriding database path with different value: C:\Users\RND1\.stmcufinder\plugins\mcufinder/ => C:\Users\RND1\.stmcufinder\plugins\mcufinder
2025-09-05 10:50:34,563 [INFO] ApiDb:250 - Set database path to: C:\Users\RND1\.stmcufinder\plugins\mcufinder//mcu/
2025-09-05 10:50:34,564 [WARN] DbFile:41 - Overriding database path with different value: C:\Users\RND1\.stmcufinder\plugins\mcufinder/ => C:\Users\RND1\.stmcufinder\plugins\mcufinder
2025-09-05 10:50:34,564 [INFO] DbMcusAds:125 - Set database path to: C:\Users\RND1\.stmcufinder\plugins\mcufinder//mcu/
2025-09-05 10:50:34,564 [WARN] DbFile:41 - Overriding database path with different value: C:\Users\RND1\.stmcufinder\plugins\mcufinder/ => C:\Users\RND1\.stmcufinder\plugins\mcufinder
2025-09-05 10:50:34,564 [WARN] DbFile:41 - Overriding database path with different value: C:\Users\RND1\.stmcufinder\plugins\mcufinder/ => C:\Users\RND1\.stmcufinder\plugins\mcufinder
2025-09-05 10:50:34,564 [INFO] CrossReferenceDbSqlite:203 - Set database path to: C:\Users\RND1\.stmcufinder\plugins\mcufinder//mcu/cs/
2025-09-05 10:50:34,591 [INFO] ApplicationProperties:184 - Using Application install path: C:\ST\STM32CubeIDE_1.16.1\STM32CubeIDE\plugins\com.st.stm32cube.common.mx_6.12.1.202409122256
2025-09-05 10:50:34,593 [INFO] PluginManage:196 - Search for loadable plugins [exclusion list=, ]
2025-09-05 10:50:34,595 [INFO] PluginManage:310 - Check plugin analytics
2025-09-05 10:50:34,807 [INFO] AnalyticsPlugin:253 - Accepted Software Licenses: STM32CubeMX.6.10.0
2025-09-05 10:50:34,807 [INFO] AnalyticsPlugin:255 - Accepted CMSIS Pack Licenses: 
2025-09-05 10:50:34,808 [INFO] AnalyticsPlugin:257 - Accepted Firmware Licenses: FW.G4.1.5.0,FW.G4.1.6.0,FW.F4.1.28.0,FW.H7.1.11.0
2025-09-05 10:50:34,812 [INFO] PluginManage:359 - Loaded plugin analytics (category:tool,tabindex:-1)
2025-09-05 10:50:34,813 [INFO] PluginManage:310 - Check plugin cadmodel
2025-09-05 10:50:34,839 [INFO] CADModel:105 - Init CAD model plugin
2025-09-05 10:50:34,839 [INFO] PluginManage:359 - Loaded plugin cadmodel (category:power,tabindex:5)
2025-09-05 10:50:34,839 [INFO] PluginManage:310 - Check plugin clock
2025-09-05 10:50:34,870 [INFO] PluginManage:359 - Loaded plugin clock (category:base,tabindex:2)
2025-09-05 10:50:34,871 [INFO] PluginManage:310 - Check plugin ddr
2025-09-05 10:50:34,875 [INFO] PluginManage:359 - Loaded plugin ddr (category:tool,tabindex:6)
2025-09-05 10:50:34,876 [INFO] PluginManage:310 - Check plugin filemanager
2025-09-05 10:50:35,024 [INFO] PluginManage:359 - Loaded plugin filemanager (category:base,tabindex:10)
2025-09-05 10:50:35,024 [INFO] PluginManage:310 - Check plugin ipmanager
2025-09-05 10:50:35,032 [INFO] PluginManage:359 - Loaded plugin ipmanager (category:base,tabindex:5)
2025-09-05 10:50:35,032 [INFO] PluginManage:310 - Check plugin lpbam
2025-09-05 10:50:35,052 [INFO] PluginManage:359 - Loaded plugin lpbam (category:base,tabindex:0)
2025-09-05 10:50:35,052 [INFO] PluginManage:310 - Check plugin memorymap
2025-09-05 10:50:35,079 [INFO] PluginManage:359 - Loaded plugin memorymap (category:base,tabindex:4)
2025-09-05 10:50:35,079 [INFO] PluginManage:310 - Check plugin pinoutandconfiguration
2025-09-05 10:50:35,098 [INFO] PluginManage:359 - Loaded plugin pinoutandconfiguration (category:base,tabindex:1)
2025-09-05 10:50:35,098 [INFO] PluginManage:310 - Check plugin pinoutconfig
2025-09-05 10:50:35,195 [WARN] SupportedApi:132 - Cannot load RTOS API schema: s4s-elt-must-match.1: The content of 'definitions' must match (annotation?, (simpleType | complexType)?, (unique | key | keyref)*)). A problem was found starting at: attribute.
2025-09-05 10:50:35,354 [INFO] PluginManage:359 - Loaded plugin pinoutconfig (category:base,tabindex:0)
2025-09-05 10:50:35,354 [INFO] PluginManage:310 - Check plugin power
2025-09-05 10:50:35,378 [INFO] PluginManage:359 - Loaded plugin power (category:power,tabindex:4)
2025-09-05 10:50:35,379 [INFO] PluginManage:310 - Check plugin projectmanager
2025-09-05 10:50:35,391 [INFO] PluginManage:359 - Loaded plugin projectmanager (category:projectmanager,tabindex:4)
2025-09-05 10:50:35,391 [INFO] PluginManage:310 - Check plugin rif
2025-09-05 10:50:35,411 [INFO] PluginManage:359 - Loaded plugin rif (category:base,tabindex:3)
2025-09-05 10:50:35,411 [INFO] PluginManage:310 - Check plugin thirdparty
2025-09-05 10:50:35,805 [WARN] IntegrityCheckThread:84 - waiting for thirdparty lock release [integrity check]
2025-09-05 10:50:35,805 [INFO] PluginManage:359 - Loaded plugin thirdparty (category:base,tabindex:-1)
2025-09-05 10:50:35,806 [INFO] IntegrityCheckThread:86 - entering critical section [integrity check]
2025-09-05 10:50:35,806 [INFO] PluginManage:310 - Check plugin tools
2025-09-05 10:50:35,806 [INFO] ThirdPartyUpdaterWithRetryManager:70 - Updater plugin not ready yet. [1/15]
2025-09-05 10:50:35,871 [INFO] PluginManage:359 - Loaded plugin tools (category:base,tabindex:7)
2025-09-05 10:50:35,872 [INFO] PluginManage:310 - Check plugin tutovideos
2025-09-05 10:50:36,061 [INFO] PluginManage:359 - Loaded plugin tutovideos (category:base,tabindex:-1)
2025-09-05 10:50:36,061 [INFO] PluginManage:310 - Check plugin updater
2025-09-05 10:50:36,074 [INFO] PluginManage:359 - Loaded plugin updater (category:base,tabindex:12)
2025-09-05 10:50:36,075 [INFO] PluginManage:310 - Check plugin userauth
2025-09-05 10:50:36,083 [INFO] UserAuth:113 - Init User Auth plugin
2025-09-05 10:50:36,083 [INFO] PluginManage:359 - Loaded plugin userauth (category:base,tabindex:14)
2025-09-05 10:50:36,084 [INFO] PluginManage:283 - PluginManage : Loaded plugins [18]
2025-09-05 10:50:36,287 [INFO] PinOutPanel:1561 - setPackage(No Configuration,No Configuration)
2025-09-05 10:50:36,382 [INFO] CADModel:165 - CPN selected for project level
2025-09-05 10:50:36,382 [INFO] CADModel:114 - Register for checkConnection events
2025-09-05 10:50:36,415 [INFO] IPUIPlugin:80 - create IPUIPlugin
2025-09-05 10:50:36,416 [INFO] PluginManager:220 - loadIPPluginJar : add adc
2025-09-05 10:50:36,461 [INFO] IPUIPlugin:80 - create IPUIPlugin
2025-09-05 10:50:36,462 [INFO] PluginManager:220 - loadIPPluginJar : add aes
2025-09-05 10:50:36,512 [INFO] IPUIPlugin:80 - create IPUIPlugin
2025-09-05 10:50:36,512 [INFO] PluginManager:220 - loadIPPluginJar : add can
2025-09-05 10:50:36,560 [INFO] IPUIPlugin:80 - create IPUIPlugin
2025-09-05 10:50:36,560 [INFO] PluginManager:220 - loadIPPluginJar : add comp
2025-09-05 10:50:36,618 [INFO] IPUIPlugin:80 - create IPUIPlugin
2025-09-05 10:50:36,618 [INFO] PluginManager:220 - loadIPPluginJar : add cryp
2025-09-05 10:50:36,636 [INFO] IPUIPlugin:80 - create IPUIPlugin
2025-09-05 10:50:36,636 [INFO] PluginManager:220 - loadIPPluginJar : add ddr_ctrl_phy
2025-09-05 10:50:36,699 [INFO] IPUIPlugin:80 - create IPUIPlugin
2025-09-05 10:50:36,699 [INFO] PluginManager:220 - loadIPPluginJar : add dfsdm
2025-09-05 10:50:36,720 [INFO] IPUIPlugin:80 - create IPUIPlugin
2025-09-05 10:50:36,722 [INFO] PluginManager:220 - loadIPPluginJar : add dma
2025-09-05 10:50:36,806 [INFO] IPUIPlugin:80 - create IPUIPlugin
2025-09-05 10:50:36,806 [INFO] PluginManager:220 - loadIPPluginJar : add dma3
2025-09-05 10:50:36,880 [INFO] IPUIPlugin:80 - create IPUIPlugin
2025-09-05 10:50:36,880 [INFO] PluginManager:220 - loadIPPluginJar : add extmemmanager
2025-09-05 10:50:36,913 [INFO] IPUIPlugin:80 - create IPUIPlugin
2025-09-05 10:50:36,913 [INFO] PluginManager:220 - loadIPPluginJar : add fatfs
2025-09-05 10:50:36,986 [INFO] IPUIPlugin:80 - create IPUIPlugin
2025-09-05 10:50:36,986 [INFO] PluginManager:220 - loadIPPluginJar : add fmc
2025-09-05 10:50:37,005 [INFO] IPUIPlugin:80 - create IPUIPlugin
2025-09-05 10:50:37,006 [INFO] PluginManager:220 - loadIPPluginJar : add freertos
2025-09-05 10:50:37,042 [INFO] IPUIPlugin:80 - create IPUIPlugin
2025-09-05 10:50:37,042 [INFO] PluginManager:220 - loadIPPluginJar : add genericplugin
2025-09-05 10:50:37,199 [INFO] IPUIPlugin:80 - create IPUIPlugin
2025-09-05 10:50:37,199 [INFO] PluginManager:220 - loadIPPluginJar : add gfxmmu
2025-09-05 10:50:37,462 [INFO] IPUIPlugin:80 - create IPUIPlugin
2025-09-05 10:50:37,462 [INFO] PluginManager:220 - loadIPPluginJar : add gic
2025-09-05 10:50:37,484 [INFO] IPUIPlugin:80 - create IPUIPlugin
2025-09-05 10:50:37,485 [INFO] PluginManager:220 - loadIPPluginJar : add gpio
2025-09-05 10:50:37,667 [INFO] IPUIPlugin:80 - create IPUIPlugin
2025-09-05 10:50:37,667 [INFO] PluginManager:220 - loadIPPluginJar : add gtzc
2025-09-05 10:50:37,741 [INFO] IPUIPlugin:80 - create IPUIPlugin
2025-09-05 10:50:37,741 [INFO] PluginManager:220 - loadIPPluginJar : add hash
2025-09-05 10:50:37,854 [INFO] IPUIPlugin:80 - create IPUIPlugin
2025-09-05 10:50:37,854 [INFO] PluginManager:220 - loadIPPluginJar : add i2c
2025-09-05 10:50:37,919 [INFO] IPUIPlugin:80 - create IPUIPlugin
2025-09-05 10:50:37,919 [INFO] PluginManager:220 - loadIPPluginJar : add i2s
2025-09-05 10:50:37,998 [INFO] IPUIPlugin:80 - create IPUIPlugin
2025-09-05 10:50:37,998 [INFO] PluginManager:220 - loadIPPluginJar : add i3c
2025-09-05 10:50:38,169 [INFO] IPUIPlugin:80 - create IPUIPlugin
2025-09-05 10:50:38,169 [INFO] PluginManager:220 - loadIPPluginJar : add ipddr
2025-09-05 10:50:38,354 [INFO] IPUIPlugin:80 - create IPUIPlugin
2025-09-05 10:50:38,354 [INFO] PluginManager:220 - loadIPPluginJar : add linkedlist
2025-09-05 10:50:38,432 [INFO] IPUIPlugin:80 - create IPUIPlugin
2025-09-05 10:50:38,433 [INFO] PluginManager:220 - loadIPPluginJar : add lorawan
2025-09-05 10:50:38,506 [INFO] IPUIPlugin:80 - create IPUIPlugin
2025-09-05 10:50:38,506 [INFO] PluginManager:220 - loadIPPluginJar : add ltdc
2025-09-05 10:50:38,531 [INFO] IPUIPlugin:80 - create IPUIPlugin
2025-09-05 10:50:38,531 [INFO] PluginManager:220 - loadIPPluginJar : add mdma
2025-09-05 10:50:38,551 [INFO] IPUIPlugin:80 - create IPUIPlugin
2025-09-05 10:50:38,551 [INFO] PluginManager:220 - loadIPPluginJar : add nvic
2025-09-05 10:50:38,634 [INFO] IPUIPlugin:80 - create IPUIPlugin
2025-09-05 10:50:38,634 [INFO] PluginManager:220 - loadIPPluginJar : add opamp
2025-09-05 10:50:38,772 [INFO] IPUIPlugin:80 - create IPUIPlugin
2025-09-05 10:50:38,772 [INFO] PluginManager:220 - loadIPPluginJar : add openamp
2025-09-05 10:50:38,808 [INFO] ThirdPartyUpdaterWithRetryManager:70 - Updater plugin not ready yet. [2/15]
2025-09-05 10:50:38,863 [INFO] IPUIPlugin:80 - create IPUIPlugin
2025-09-05 10:50:38,863 [INFO] PluginManager:220 - loadIPPluginJar : add pdm2pcm
2025-09-05 10:50:38,890 [INFO] IPUIPlugin:80 - create IPUIPlugin
2025-09-05 10:50:38,894 [INFO] PluginManager:220 - loadIPPluginJar : add plateformsettings
2025-09-05 10:50:38,944 [INFO] IPUIPlugin:80 - create IPUIPlugin
2025-09-05 10:50:38,944 [INFO] PluginManager:220 - loadIPPluginJar : add quadspi
2025-09-05 10:50:39,004 [INFO] IPUIPlugin:80 - create IPUIPlugin
2025-09-05 10:50:39,006 [INFO] PluginManager:220 - loadIPPluginJar : add radio
2025-09-05 10:50:39,032 [INFO] IPUIPlugin:80 - create IPUIPlugin
2025-09-05 10:50:39,032 [INFO] PluginManager:220 - loadIPPluginJar : add resmgrutility
2025-09-05 10:50:39,129 [INFO] IPUIPlugin:80 - create IPUIPlugin
2025-09-05 10:50:39,129 [INFO] PluginManager:220 - loadIPPluginJar : add sai
2025-09-05 10:50:39,210 [INFO] IPUIPlugin:80 - create IPUIPlugin
2025-09-05 10:50:39,210 [INFO] PluginManager:220 - loadIPPluginJar : add spi
2025-09-05 10:50:39,357 [INFO] IPUIPlugin:80 - create IPUIPlugin
2025-09-05 10:50:39,357 [INFO] PluginManager:220 - loadIPPluginJar : add stm32_wpan
2025-09-05 10:50:39,401 [INFO] IPUIPlugin:80 - create IPUIPlugin
2025-09-05 10:50:39,401 [INFO] PluginManager:220 - loadIPPluginJar : add tim
2025-09-05 10:50:39,569 [INFO] IPUIPlugin:80 - create IPUIPlugin
2025-09-05 10:50:39,570 [INFO] PluginManager:220 - loadIPPluginJar : add touchsensing
2025-09-05 10:50:39,611 [INFO] IPUIPlugin:80 - create IPUIPlugin
2025-09-05 10:50:39,611 [INFO] PluginManager:220 - loadIPPluginJar : add tracer_emb
2025-09-05 10:50:39,658 [INFO] IPUIPlugin:80 - create IPUIPlugin
2025-09-05 10:50:39,658 [INFO] PluginManager:220 - loadIPPluginJar : add ts
2025-09-05 10:50:39,707 [INFO] IPUIPlugin:80 - create IPUIPlugin
2025-09-05 10:50:39,707 [INFO] PluginManager:220 - loadIPPluginJar : add tsc
2025-09-05 10:50:39,797 [INFO] IPUIPlugin:80 - create IPUIPlugin
2025-09-05 10:50:39,797 [INFO] PluginManager:220 - loadIPPluginJar : add ucpd
2025-09-05 10:50:39,876 [INFO] IPUIPlugin:80 - create IPUIPlugin
2025-09-05 10:50:39,876 [INFO] PluginManager:220 - loadIPPluginJar : add usart
2025-09-05 10:50:39,951 [INFO] IPUIPlugin:80 - create IPUIPlugin
2025-09-05 10:50:39,951 [INFO] PluginManager:220 - loadIPPluginJar : add usbx
2025-09-05 10:50:40,085 [INFO] CADModel:165 - CPN selected for project level
2025-09-05 10:50:40,085 [INFO] CADModel:114 - Register for checkConnection events
2025-09-05 10:50:40,085 [FATAL] Updater:334 - Updater called before beeing initialized
2025-09-05 10:50:40,085 [ERROR] CADModel:125 - Updater not yet initialized, retry later 
2025-09-05 10:50:40,231 [INFO] CADModel:165 - CPN selected for project level
2025-09-05 10:50:40,231 [INFO] CADModel:114 - Register for checkConnection events
2025-09-05 10:50:40,231 [FATAL] Updater:334 - Updater called before beeing initialized
2025-09-05 10:50:40,231 [ERROR] CADModel:125 - Updater not yet initialized, retry later 
2025-09-05 10:50:40,235 [FATAL] Updater:334 - Updater called before beeing initialized
2025-09-05 10:50:40,373 [FATAL] Updater:334 - Updater called before beeing initialized
2025-09-05 10:50:40,390 [INFO] DbMcusAds:53 - JSON generation date=Tue Jul 08 17:14:23 KST 2025 (1751962463582)
2025-09-05 10:50:40,391 [FATAL] Updater:334 - Updater called before beeing initialized
2025-09-05 10:50:40,443 [WARN] DetailPanel:346 - Failed to get advertising image, set to default
2025-09-05 10:50:40,548 [FATAL] Updater:334 - Updater called before beeing initialized
2025-09-05 10:50:40,550 [FATAL] Updater:334 - Updater called before beeing initialized
2025-09-05 10:50:40,550 [FATAL] Updater:334 - Updater called before beeing initialized
2025-09-05 10:50:40,550 [WARN] DetailPanel:346 - Failed to get advertising image, set to default
2025-09-05 10:50:40,550 [FATAL] Updater:334 - Updater called before beeing initialized
2025-09-05 10:50:40,644 [ERROR] Updater:1164 - MainUpdater not yet initialized. External WinMGr cannot be set.
2025-09-05 10:50:40,663 [INFO] Updater:1100 - Updater Version found : 6.12.1
2025-09-05 10:50:40,692 [INFO] ApplicationProperties:184 - Using Application install path: C:\ST\STM32CubeIDE_1.16.1\STM32CubeIDE\plugins\com.st.stm32cube.common.mx_6.12.1.202409122256
2025-09-05 10:50:41,669 [INFO] MainUpdater:2873 - connection check result : 10
2025-09-05 10:50:41,670 [INFO] MainUpdater:290 - Updater Check For Update Now.
2025-09-05 10:50:41,670 [INFO] MicroXplorer:498 - Change Database Version : DB.6.0.121
2025-09-05 10:50:41,689 [INFO] McuFinderGlobals:63 - Set McuFinder mode to 2 (CubeIDE integrated)
2025-09-05 10:50:41,701 [INFO] UserAuth:417 - Internet connection configuration mode: 1
2025-09-05 10:50:41,750 [INFO] JxBrowserEngine:152 - Initiate JxBrowser Engine with user profile folder
2025-09-05 10:50:41,810 [WARN] MainUpdater:1194 - Updater busy. Cannot search thirdparties
2025-09-05 10:50:41,811 [INFO] ThirdPartyUpdaterWithRetryManager:96 - Updater plugin is busy. [1/15]
2025-09-05 10:50:41,912 [INFO] CheckServerUpdateThread:120 - End of CheckServer Thread
2025-09-05 10:50:44,927 [INFO] WebApp:167 - Instantiating new browser for Auth
2025-09-05 10:50:45,423 [WARN] PackLoader:240 - Cannot read IP mode file for STMicroelectronics.FP-SNS-MOTENVWB1.1.4.0
2025-09-05 10:50:45,447 [WARN] PackLoader:240 - Cannot read IP mode file for STMicroelectronics.FP-ATR-ASTRA1.2.0.2
2025-09-05 10:50:45,466 [WARN] PackLoader:240 - Cannot read IP mode file for STMicroelectronics.FP-ATR-ASTRA1.2.0.1
2025-09-05 10:50:45,490 [WARN] PackLoader:240 - Cannot read IP mode file for STMicroelectronics.X-CUBE-SMBUS.2.1.0
2025-09-05 10:50:45,513 [WARN] PackLoader:240 - Cannot read IP mode file for STMicroelectronics.X-CUBE-WB05N.1.1.0
2025-09-05 10:50:45,531 [ERROR] Engine:466 - C:\Users\RND1\.stm32cubemx\thirdparties\pdsc\STMicroelectronics.X-CUBE-ST60.1.0.0.pdsc: PDSC version is not supported
2025-09-05 10:50:45,553 [WARN] PackLoader:240 - Cannot read IP mode file for STMicroelectronics.X-CUBE-TOUCHGFX.4.23.0
2025-09-05 10:50:45,574 [WARN] PackLoader:240 - Cannot read IP mode file for STMicroelectronics.X-CUBE-TOUCHGFX.4.23.2
2025-09-05 10:50:45,621 [WARN] PackLoader:240 - Cannot read IP mode file for STMicroelectronics.X-CUBE-AZRTOS-F7.1.1.0
2025-09-05 10:50:45,651 [WARN] PackLoader:240 - Cannot read IP mode file for STMicroelectronics.FP-SNS-MOTENV1.4.3.2
2025-09-05 10:50:45,737 [WARN] PackLoader:240 - Cannot read IP mode file for STMicroelectronics.X-CUBE-MEMS1.11.0.0
2025-09-05 10:50:46,119 [WARN] PackLoader:240 - Cannot read IP mode file for STMicroelectronics.FP-SNS-FLIGHT1.5.0.2
2025-09-05 10:50:46,181 [WARN] PackLoader:240 - Cannot read IP mode file for STMicroelectronics.X-CUBE-AZRTOS-H7.3.4.0
2025-09-05 10:50:46,216 [WARN] PackLoader:240 - Cannot read IP mode file for STMicroelectronics.X-CUBE-DISPLAY.3.0.0
2025-09-05 10:50:46,246 [INFO] WebApp:448 - Apply proxy settings
2025-09-05 10:50:46,252 [WARN] PackLoader:240 - Cannot read IP mode file for STMicroelectronics.X-CUBE-BLE1.7.0.0
2025-09-05 10:50:46,271 [INFO] WebApp:493 - Chromium authenticates against Manually configured proxy
2025-09-05 10:50:46,285 [WARN] PackLoader:240 - Cannot read IP mode file for STMicroelectronics.X-CUBE-NFC10.1.0.0
2025-09-05 10:50:46,287 [INFO] WebApp:501 - Username used for proxy authentication: 
2025-09-05 10:50:46,346 [WARN] PackLoader:240 - Cannot read IP mode file for STMicroelectronics.X-CUBE-BLEMGR.4.0.0
2025-09-05 10:50:46,401 [WARN] PackLoader:240 - Cannot read IP mode file for emotas.I-CUBE-CANOPEN.1.3.0
2025-09-05 10:50:46,403 [INFO] WebApp:869 - Register for checkConnection events
2025-09-05 10:50:46,403 [INFO] WebApp:448 - Apply proxy settings
2025-09-05 10:50:46,418 [INFO] WebApp:493 - Chromium authenticates against Manually configured proxy
2025-09-05 10:50:46,420 [INFO] WebApp:501 - Username used for proxy authentication: 
2025-09-05 10:50:46,432 [WARN] PackLoader:240 - Cannot read IP mode file for STMicroelectronics.X-CUBE-BLEMGR.3.1.0
2025-09-05 10:50:46,463 [WARN] PackLoader:240 - Cannot read IP mode file for STMicroelectronics.X-CUBE-AI.10.0.0
2025-09-05 10:50:46,487 [ERROR] Engine:466 - C:\Users\RND1\.stm32cubemx\thirdparties\pdsc\STMicroelectronics.FP-SNS-STBOX1.2.1.0.pdsc: PDSC version is not supported
2025-09-05 10:50:46,516 [WARN] PackLoader:240 - Cannot read IP mode file for STMicroelectronics.FP-SNS-SMARTAG2.1.2.0
2025-09-05 10:50:46,538 [ERROR] Engine:466 - C:\Users\RND1\.stm32cubemx\thirdparties\pdsc\STMicroelectronics.FP-SNS-FLIGHT1.5.1.0.pdsc: PDSC version is not supported
2025-09-05 10:50:46,641 [WARN] PackLoader:240 - Cannot read IP mode file for STMicroelectronics.X-CUBE-MEMS1.11.1.0
2025-09-05 10:50:46,699 [INFO] WebApp:186 - Connection restablished
2025-09-05 10:50:46,835 [INFO] LogOutputStream:77 - [STDOUT_REDIRECT] 1 : Invalid condition id : UX_CORESTACK_Condition cause : null
2025-09-05 10:50:46,836 [INFO] LogOutputStream:77 - [STDOUT_REDIRECT] 1 : Invalid condition id : UX_CORESTACK_Condition cause : null
2025-09-05 10:50:46,838 [INFO] LogOutputStream:77 - [STDOUT_REDIRECT] 1 : Invalid condition id : UX_CORESTACK_Condition cause : null
2025-09-05 10:50:46,845 [INFO] LogOutputStream:77 - [STDOUT_REDIRECT] 1 : Invalid condition id : UX_CORESTACK_Condition cause : null
2025-09-05 10:50:46,848 [INFO] LogOutputStream:77 - [STDOUT_REDIRECT] 1 : Invalid condition id : UX_CORESTACK_Condition cause : null
2025-09-05 10:50:46,851 [WARN] PackLoader:240 - Cannot read IP mode file for STMicroelectronics.X-CUBE-AZRTOS-WL.2.0.0
2025-09-05 10:50:46,881 [WARN] PackLoader:240 - Cannot read IP mode file for STMicroelectronics.FP-SNS-MOTENV1.5.0.0
2025-09-05 10:50:46,889 [INFO] WebApp:220 - Starting web application
2025-09-05 10:50:46,890 [INFO] WebApp:578 - Web application path used C:\ST\STM32CubeIDE_1.16.1\STM32CubeIDE\plugins\com.st.stm32cube.common.mx_6.12.1.202409122256\db\plugins\mcufinder\reactClient1\index.html
2025-09-05 10:50:46,916 [WARN] PackLoader:240 - Cannot read IP mode file for wolfSSL.I-CUBE-wolfMQTT.1.19.0
2025-09-05 10:50:46,970 [WARN] PackLoader:240 - Cannot read IP mode file for WES.I-CUBE-Cesium.1.3.0
2025-09-05 10:50:47,032 [WARN] PackLoader:240 - Cannot read IP mode file for STMicroelectronics.X-CUBE-BLE2.3.3.0
2025-09-05 10:50:47,057 [WARN] PackLoader:240 - Cannot read IP mode file for STMicroelectronics.X-CUBE-NFC9.1.0.0
2025-09-05 10:50:47,083 [WARN] PackLoader:240 - Cannot read IP mode file for STMicroelectronics.X-CUBE-BLE1.7.1.0
2025-09-05 10:50:47,114 [WARN] PackLoader:240 - Cannot read IP mode file for STMicroelectronics.X-CUBE-TCPP.4.1.0
2025-09-05 10:50:47,152 [WARN] PackLoader:240 - Cannot read IP mode file for STMicroelectronics.X-CUBE-EEPRMA1.5.2.0
2025-09-05 10:50:47,200 [WARN] PackLoader:240 - Cannot read IP mode file for STMicroelectronics.X-CUBE-AI.10.1.0
2025-09-05 10:50:47,228 [WARN] PackLoader:240 - Cannot read IP mode file for STMicroelectronics.X-CUBE-ALGOBUILD.1.3.0
2025-09-05 10:50:47,312 [WARN] PackLoader:240 - Cannot read IP mode file for STMicroelectronics.X-CUBE-MEMS1.11.2.0
2025-09-05 10:50:47,521 [WARN] PackLoader:240 - Cannot read IP mode file for STMicroelectronics.X-CUBE-AZRTOS-G0.1.1.0
2025-09-05 10:50:47,552 [WARN] PackLoader:240 - Cannot read IP mode file for STMicroelectronics.X-CUBE-SAFEA1.1.2.2
2025-09-05 10:50:47,581 [WARN] PackLoader:240 - Cannot read IP mode file for STMicroelectronics.X-CUBE-NFC4.3.0.0
2025-09-05 10:50:47,600 [WARN] PackLoader:240 - Cannot read IP mode file for wolfSSL.I-CUBE-wolfMQTT.1.18.0
2025-09-05 10:50:47,627 [WARN] PackLoader:240 - Cannot read IP mode file for EmbeddedOffice.I-CUBE-FS-RTOS.1.0.1
2025-09-05 10:50:47,628 [ERROR] ConditionMgr:805 - Attr not supported : Dmpu
2025-09-05 10:50:47,629 [ERROR] ConditionMgr:805 - Attr not supported : Dmpu
2025-09-05 10:50:47,629 [ERROR] ConditionMgr:805 - Attr not supported : Dmpu
2025-09-05 10:50:47,629 [ERROR] ConditionMgr:805 - Attr not supported : Dmpu
2025-09-05 10:50:47,629 [ERROR] ConditionMgr:805 - Attr not supported : Dmpu
2025-09-05 10:50:47,629 [ERROR] ConditionMgr:805 - Attr not supported : Dmpu
2025-09-05 10:50:47,629 [ERROR] ConditionMgr:805 - Attr not supported : Dmpu
2025-09-05 10:50:47,629 [ERROR] ConditionMgr:805 - Attr not supported : Dmpu
2025-09-05 10:50:47,629 [ERROR] ConditionMgr:805 - Attr not supported : Dmpu
2025-09-05 10:50:47,629 [ERROR] ConditionMgr:805 - Attr not supported : Dmpu
2025-09-05 10:50:47,629 [ERROR] ConditionMgr:805 - Attr not supported : Dmpu
2025-09-05 10:50:47,629 [ERROR] ConditionMgr:805 - Attr not supported : Dmpu
2025-09-05 10:50:47,629 [ERROR] ConditionMgr:805 - Attr not supported : Dmpu
2025-09-05 10:50:47,629 [ERROR] ConditionMgr:805 - Attr not supported : Dmpu
2025-09-05 10:50:47,630 [ERROR] ConditionMgr:805 - Attr not supported : Dmpu
2025-09-05 10:50:47,630 [ERROR] ConditionMgr:805 - Attr not supported : Dmpu
2025-09-05 10:50:47,630 [ERROR] ConditionMgr:805 - Attr not supported : Dmpu
2025-09-05 10:50:47,630 [ERROR] ConditionMgr:805 - Attr not supported : Dmpu
2025-09-05 10:50:47,630 [ERROR] ConditionMgr:805 - Attr not supported : Dmpu
2025-09-05 10:50:47,630 [ERROR] ConditionMgr:805 - Attr not supported : Dmpu
2025-09-05 10:50:47,630 [ERROR] ConditionMgr:805 - Attr not supported : Dmpu
2025-09-05 10:50:47,630 [ERROR] ConditionMgr:805 - Attr not supported : Dmpu
2025-09-05 10:50:47,630 [ERROR] ConditionMgr:805 - Attr not supported : Dmpu
2025-09-05 10:50:47,630 [ERROR] ConditionMgr:805 - Attr not supported : Dmpu
2025-09-05 10:50:47,630 [ERROR] ConditionMgr:805 - Attr not supported : Dmpu
2025-09-05 10:50:47,630 [ERROR] ConditionMgr:805 - Attr not supported : Dmpu
2025-09-05 10:50:47,630 [ERROR] ConditionMgr:805 - Attr not supported : Dmpu
2025-09-05 10:50:47,630 [ERROR] ConditionMgr:805 - Attr not supported : Dmpu
2025-09-05 10:50:47,630 [ERROR] ConditionMgr:805 - Attr not supported : Dmpu
2025-09-05 10:50:47,630 [ERROR] ConditionMgr:805 - Attr not supported : Dmpu
2025-09-05 10:50:47,631 [ERROR] ConditionMgr:805 - Attr not supported : Dmpu
2025-09-05 10:50:47,631 [ERROR] ConditionMgr:805 - Attr not supported : Dmpu
2025-09-05 10:50:47,631 [ERROR] ConditionMgr:805 - Attr not supported : Dmpu
2025-09-05 10:50:47,631 [ERROR] ConditionMgr:805 - Attr not supported : Dmpu
2025-09-05 10:50:47,631 [ERROR] ConditionMgr:805 - Attr not supported : Dmpu
2025-09-05 10:50:47,631 [ERROR] ConditionMgr:805 - Attr not supported : Dmpu
2025-09-05 10:50:47,631 [ERROR] ConditionMgr:805 - Attr not supported : Dmpu
2025-09-05 10:50:47,631 [ERROR] ConditionMgr:805 - Attr not supported : Dmpu
2025-09-05 10:50:47,631 [ERROR] ConditionMgr:805 - Attr not supported : Dmpu
2025-09-05 10:50:47,631 [ERROR] ConditionMgr:805 - Attr not supported : Dmpu
2025-09-05 10:50:47,631 [ERROR] ConditionMgr:805 - Attr not supported : Dmpu
2025-09-05 10:50:47,631 [ERROR] ConditionMgr:805 - Attr not supported : Dmpu
2025-09-05 10:50:47,631 [ERROR] ConditionMgr:805 - Attr not supported : Dmpu
2025-09-05 10:50:47,632 [ERROR] ConditionMgr:805 - Attr not supported : Dmpu
2025-09-05 10:50:47,632 [ERROR] ConditionMgr:805 - Attr not supported : Dmpu
2025-09-05 10:50:47,632 [ERROR] ConditionMgr:805 - Attr not supported : Dmpu
2025-09-05 10:50:47,632 [ERROR] ConditionMgr:805 - Attr not supported : Dmpu
2025-09-05 10:50:47,632 [ERROR] ConditionMgr:805 - Attr not supported : Dmpu
2025-09-05 10:50:47,632 [ERROR] ConditionMgr:805 - Attr not supported : Dmpu
2025-09-05 10:50:47,632 [ERROR] ConditionMgr:805 - Attr not supported : Dmpu
2025-09-05 10:50:47,632 [ERROR] ConditionMgr:805 - Attr not supported : Dmpu
2025-09-05 10:50:47,632 [ERROR] ConditionMgr:805 - Attr not supported : Dmpu
2025-09-05 10:50:47,632 [ERROR] ConditionMgr:805 - Attr not supported : Dmpu
2025-09-05 10:50:47,632 [ERROR] ConditionMgr:805 - Attr not supported : Dmpu
2025-09-05 10:50:47,632 [ERROR] ConditionMgr:805 - Attr not supported : Dmpu
2025-09-05 10:50:47,633 [ERROR] ConditionMgr:805 - Attr not supported : Dmpu
2025-09-05 10:50:47,633 [ERROR] ConditionMgr:805 - Attr not supported : Dmpu
2025-09-05 10:50:47,633 [ERROR] ConditionMgr:805 - Attr not supported : Dmpu
2025-09-05 10:50:47,633 [ERROR] ConditionMgr:805 - Attr not supported : Dmpu
2025-09-05 10:50:47,633 [ERROR] ConditionMgr:805 - Attr not supported : Dmpu
2025-09-05 10:50:47,633 [ERROR] ConditionMgr:805 - Attr not supported : Dmpu
2025-09-05 10:50:47,633 [ERROR] ConditionMgr:805 - Attr not supported : Dmpu
2025-09-05 10:50:47,633 [ERROR] ConditionMgr:805 - Attr not supported : Dmpu
2025-09-05 10:50:47,633 [ERROR] ConditionMgr:805 - Attr not supported : Dmpu
2025-09-05 10:50:47,650 [WARN] PackLoader:240 - Cannot read IP mode file for STMicroelectronics.X-CUBE-WB05N.2.0.0
2025-09-05 10:50:47,674 [WARN] PackLoader:240 - Cannot read IP mode file for STMicroelectronics.X-CUBE-BLEMGR.3.0.0
2025-09-05 10:50:47,696 [ERROR] Engine:466 - C:\Users\RND1\.stm32cubemx\thirdparties\pdsc\STMicroelectronics.X-CUBE-TCPP.4.2.0.pdsc: PDSC version is not supported
2025-09-05 10:50:47,718 [WARN] PackLoader:240 - Cannot read IP mode file for RealThread.X-CUBE-RT-Thread_Nano.4.1.1
2025-09-05 10:50:47,747 [WARN] PackLoader:240 - Cannot read IP mode file for STMicroelectronics.FP-ATR-SIGFOX1.3.2.0
2025-09-05 10:50:47,777 [WARN] ConditionMgr:438 - getConditionDescription Invalid condition id : Cortex-A Device cause : null
2025-09-05 10:50:47,813 [WARN] ConditionMgr:1039 - genDependencies : Invalid condition id : Cortex-A Device cause : null
2025-09-05 10:50:47,813 [WARN] ConditionMgr:1039 - genDependencies : Invalid condition id : Cortex-A Device cause : null
2025-09-05 10:50:47,814 [WARN] ConditionMgr:1039 - genDependencies : Invalid condition id : Cortex-A Device cause : null
2025-09-05 10:50:47,833 [WARN] PackLoader:240 - Cannot read IP mode file for STMicroelectronics.X-CUBE-EEPRMA1.5.1.0
2025-09-05 10:50:47,852 [ERROR] Engine:466 - C:\Users\RND1\.stm32cubemx\thirdparties\pdsc\STMicroelectronics.X-CUBE-ST67W61.1.0.0.pdsc: PDSC version is not supported
2025-09-05 10:50:47,870 [WARN] PackLoader:240 - Cannot read IP mode file for STMicroelectronics.X-CUBE-AI.10.2.0
2025-09-05 10:50:47,916 [WARN] PackLoader:240 - Cannot read IP mode file for SEGGER.I-CUBE-embOS.1.3.1
2025-09-05 10:50:47,963 [WARN] PackLoader:240 - Cannot read IP mode file for STMicroelectronics.X-CUBE-ALGOBUILD.1.4.0
2025-09-05 10:50:48,008 [WARN] PackLoader:240 - Cannot read IP mode file for STMicroelectronics.X-CUBE-MEMS1.11.3.0
2025-09-05 10:50:48,102 [WARN] PackLoader:240 - Cannot read IP mode file for STMicroelectronics.X-CUBE-AI.9.1.0
2025-09-05 10:50:48,120 [WARN] PackLoader:240 - Cannot read IP mode file for STMicroelectronics.X-CUBE-PM33A1.1.0.0
2025-09-05 10:50:48,138 [WARN] PackLoader:240 - Cannot read IP mode file for STMicroelectronics.X-CUBE-GNSS1.6.0.0
2025-09-05 10:50:48,167 [WARN] PackLoader:240 - Cannot read IP mode file for STMicroelectronics.X-CUBE-AZRTOS-F4.1.1.0
2025-09-05 10:50:48,189 [WARN] PackLoader:240 - Cannot read IP mode file for wolfSSL.I-CUBE-wolfSSL.5.6.4
2025-09-05 10:50:48,206 [ERROR] Engine:466 - C:\Users\RND1\.stm32cubemx\thirdparties\pdsc\Avnet-IotConnect.X-CUBE-IoTC-DA16k-PMOD.1.0.0.pdsc: PDSC version is not supported
2025-09-05 10:50:48,228 [WARN] PackLoader:240 - Cannot read IP mode file for STMicroelectronics.X-CUBE-ISPU.2.1.0
2025-09-05 10:50:48,248 [WARN] PackLoader:240 - Cannot read IP mode file for STMicroelectronics.X-CUBE-FREERTOS.1.2.0
2025-09-05 10:50:48,268 [WARN] PackLoader:240 - Cannot read IP mode file for STMicroelectronics.X-CUBE-NFC12.1.0.0
2025-09-05 10:50:48,303 [WARN] PackLoader:240 - Cannot read IP mode file for STMicroelectronics.X-CUBE-AZRTOS-L5.2.0.0
2025-09-05 10:50:48,328 [WARN] PackLoader:240 - Cannot read IP mode file for STMicroelectronics.X-CUBE-EEPRMA1.4.2.0
2025-09-05 10:50:48,350 [WARN] PackLoader:240 - Cannot read IP mode file for STMicroelectronics.X-CUBE-NFC6.3.1.0
2025-09-05 10:50:48,369 [WARN] PackLoader:240 - Cannot read IP mode file for ITTIA_DB.I-CUBE-ITTIADB.8.8.0
2025-09-05 10:50:48,387 [WARN] PackLoader:240 - Cannot read IP mode file for STMicroelectronics.X-CUBE-DPower.1.2.0
2025-09-05 10:50:48,403 [WARN] PackLoader:240 - Cannot read IP mode file for STMicroelectronics.X-CUBE-AI.9.0.0
2025-09-05 10:50:48,422 [WARN] PackLoader:240 - Cannot read IP mode file for STMicroelectronics.X-CUBE-FREERTOS.1.3.1
2025-09-05 10:50:48,442 [WARN] PackLoader:240 - Cannot read IP mode file for STMicroelectronics.X-CUBE-FREERTOS.1.3.0
2025-09-05 10:50:48,462 [WARN] PackLoader:240 - Cannot read IP mode file for STMicroelectronics.X-CUBE-NFC7.1.0.1
2025-09-05 10:50:48,479 [WARN] PackLoader:240 - Cannot read IP mode file for STMicroelectronics.X-CUBE-NFC6.3.0.0
2025-09-05 10:50:48,495 [ERROR] Engine:466 - C:\Users\RND1\.stm32cubemx\thirdparties\pdsc\STMicroelectronics.FP-SNS-STAIOTCFT.1.0.0.pdsc: PDSC version is not supported
2025-09-05 10:50:48,510 [WARN] PackLoader:240 - Cannot read IP mode file for STMicroelectronics.X-CUBE-DPower.1.3.0
2025-09-05 10:50:48,527 [WARN] PackLoader:240 - Cannot read IP mode file for STMicroelectronics.X-CUBE-AI.8.1.0
2025-09-05 10:50:48,553 [WARN] ConditionMgr:438 - getConditionDescription Invalid condition id : LAN8742 Phy interface Condition cause : null
2025-09-05 10:50:48,554 [WARN] PackLoader:240 - Cannot read IP mode file for STMicroelectronics.X-CUBE-AZRTOS-L4.2.0.0
2025-09-05 10:50:48,554 [WARN] ConditionMgr:1039 - genDependencies : Invalid condition id : LAN8742 Phy interface Condition cause : null
2025-09-05 10:50:48,554 [WARN] ConditionMgr:1039 - genDependencies : Invalid condition id : LAN8742 Phy interface Condition cause : null
2025-09-05 10:50:48,554 [WARN] ConditionMgr:1039 - genDependencies : Invalid condition id : LAN8742 Phy interface Condition cause : null
2025-09-05 10:50:48,577 [WARN] PackLoader:240 - Cannot read IP mode file for STMicroelectronics.X-CUBE-SFXS2LP1.4.0.0
2025-09-05 10:50:48,610 [WARN] PackLoader:240 - Cannot read IP mode file for STMicroelectronics.X-CUBE-AZRTOS-H7.3.3.0
2025-09-05 10:50:48,630 [ERROR] Engine:466 - C:\Users\RND1\.stm32cubemx\thirdparties\pdsc\STMicroelectronics.X-CUBE-BLEMGR.4.1.0.pdsc: PDSC version is not supported
2025-09-05 10:50:48,653 [WARN] PackLoader:240 - Cannot read IP mode file for STMicroelectronics.X-CUBE-IPS.3.0.0
2025-09-05 10:50:48,683 [WARN] ConditionMgr:438 - getConditionDescription Invalid condition id : UX DEVICE CLASS RTOS Condition cause : null
2025-09-05 10:50:48,683 [WARN] ConditionMgr:438 - getConditionDescription Invalid condition id : UX DEVICE CLASS RTOS Condition cause : null
2025-09-05 10:50:48,684 [WARN] PackLoader:240 - Cannot read IP mode file for STMicroelectronics.X-CUBE-AZRTOS-WB.2.0.0
2025-09-05 10:50:48,684 [WARN] ConditionMgr:1039 - genDependencies : Invalid condition id : UX DEVICE CLASS RTOS Condition cause : null
2025-09-05 10:50:48,685 [WARN] ConditionMgr:1039 - genDependencies : Invalid condition id : UX DEVICE CLASS RTOS Condition cause : null
2025-09-05 10:50:48,685 [WARN] ConditionMgr:1039 - genDependencies : Invalid condition id : UX DEVICE CLASS RTOS Condition cause : null
2025-09-05 10:50:48,685 [WARN] ConditionMgr:1039 - genDependencies : Invalid condition id : UX DEVICE CLASS RTOS Condition cause : null
2025-09-05 10:50:48,685 [WARN] ConditionMgr:1039 - genDependencies : Invalid condition id : UX DEVICE CLASS RTOS Condition cause : null
2025-09-05 10:50:48,706 [WARN] PackLoader:240 - Cannot read IP mode file for STMicroelectronics.X-CUBE-GNSS1.7.0.0
2025-09-05 10:50:48,729 [WARN] PackLoader:240 - Cannot read IP mode file for STMicroelectronics.X-CUBE-GNSS1.7.0.1
2025-09-05 10:50:48,747 [WARN] PackLoader:240 - Cannot read IP mode file for STMicroelectronics.X-CUBE-TOUCHGFX.4.25.0
2025-09-05 10:50:48,765 [WARN] PackLoader:240 - Cannot read IP mode file for STMicroelectronics.FP-SNS-STBOX1.2.0.0
2025-09-05 10:50:48,790 [WARN] PackLoader:240 - Cannot read IP mode file for STMicroelectronics.X-CUBE-SUBG2.5.0.0
2025-09-05 10:50:48,821 [WARN] PackLoader:240 - Cannot read IP mode file for STMicroelectronics.X-CUBE-AZRTOS-H7RS.1.1.0
2025-09-05 10:50:48,848 [WARN] PackLoader:240 - Cannot read IP mode file for STMicroelectronics.X-CUBE-AZRTOS-G4.2.0.0
2025-09-05 10:50:48,871 [WARN] PackLoader:240 - Cannot read IP mode file for Infineon.AIROC-Wi-Fi-Bluetooth-STM32.1.5.1
2025-09-05 10:50:48,893 [WARN] PackLoader:240 - Cannot read IP mode file for STMicroelectronics.X-CUBE-NFC7.2.0.0
2025-09-05 10:50:48,907 [INFO] UserAuth:417 - Internet connection configuration mode: 1
2025-09-05 10:50:48,913 [WARN] PackLoader:240 - Cannot read IP mode file for STMicroelectronics.FP-SNS-MOTENVWB1.1.3.1
2025-09-05 10:50:48,933 [WARN] PackLoader:240 - Cannot read IP mode file for STMicroelectronics.X-CUBE-ISPU.2.0.0
2025-09-05 10:50:48,953 [ERROR] Engine:466 - C:\Users\RND1\.stm32cubemx\thirdparties\pdsc\STMicroelectronics.X-CUBE-IPS.3.1.0.pdsc: PDSC version is not supported
2025-09-05 10:50:48,971 [WARN] PackLoader:240 - Cannot read IP mode file for STMicroelectronics.X-CUBE-ALS.1.0.2
2025-09-05 10:50:49,014 [WARN] PackLoader:240 - Cannot read IP mode file for STMicroelectronics.X-CUBE-MEMS1.10.0.0
2025-09-05 10:50:49,131 [WARN] PackLoader:240 - Cannot read IP mode file for STMicroelectronics.X-CUBE-FREERTOS.1.1.0
2025-09-05 10:50:49,148 [WARN] PackLoader:240 - Cannot read IP mode file for STMicroelectronics.X-CUBE-TOUCHGFX.4.24.0
2025-09-05 10:50:49,164 [WARN] PackLoader:240 - Cannot read IP mode file for STMicroelectronics.X-CUBE-TOUCHGFX.4.24.2
2025-09-05 10:50:49,177 [WARN] PackLoader:240 - Cannot read IP mode file for STMicroelectronics.X-CUBE-TOUCHGFX.4.24.1
2025-09-05 10:50:49,194 [WARN] PackLoader:240 - Cannot read IP mode file for wolfSSL.I-CUBE-wolfTPM.3.4.0
2025-09-05 10:50:49,214 [WARN] PackLoader:240 - Cannot read IP mode file for portGmbH.I-Cube-SoM-uGOAL.1.1.0
2025-09-05 10:50:49,230 [WARN] PackLoader:240 - Cannot read IP mode file for STMicroelectronics.X-CUBE-ALS.1.0.1
2025-09-05 10:50:49,255 [WARN] PackLoader:240 - Cannot read IP mode file for STMicroelectronics.X-CUBE-AZRTOS-H7RS.1.0.0
2025-09-05 10:50:49,272 [WARN] PackLoader:240 - Cannot read IP mode file for STMicroelectronics.FP-ATR-ASTRA1.2.0.0
2025-09-05 10:50:49,295 [WARN] PackLoader:240 - Cannot read IP mode file for STMicroelectronics.X-CUBE-TOF1.3.4.2
2025-09-05 10:50:49,313 [ERROR] Engine:466 - C:\Users\RND1\.stm32cubemx\thirdparties\pdsc\STMicroelectronics.X-CUBE-TOF1.3.4.3.pdsc: PDSC version is not supported
2025-09-05 10:50:49,335 [WARN] PackLoader:240 - Cannot read IP mode file for STMicroelectronics.X-CUBE-TOF1.3.4.0
2025-09-05 10:50:49,361 [WARN] PackLoader:240 - Cannot read IP mode file for STMicroelectronics.X-CUBE-TOF1.3.4.1
2025-09-05 10:50:49,388 [WARN] PackLoader:240 - Cannot read IP mode file for STMicroelectronics.X-CUBE-AZRTOS-H7.3.2.0
2025-09-05 10:50:49,406 [WARN] PackLoader:240 - Cannot read IP mode file for wolfSSL.I-CUBE-wolfSSH.1.4.17
2025-09-05 10:50:49,407 [INFO] ThirdParty:978 - Integrity check success = true
2025-09-05 10:50:49,407 [INFO] IntegrityCheckThread:100 - exiting critical section [integrity check]
2025-09-05 10:50:49,407 [INFO] IntegrityCheckThread:103 - End integrity checks thread
2025-09-05 11:06:11,466 [INFO] WebApp:189 - Connection lost
2025-09-05 11:06:11,727 [INFO] WebApp:186 - Connection restablished
2025-09-05 11:06:13,233 [INFO] WebApp:189 - Connection lost
2025-09-05 11:06:13,384 [INFO] WebApp:186 - Connection restablished
2025-09-05 17:30:18,758 [ERROR] LogOutputStream:75 - [STDERR_REDIRECT] 
