2024-12-18 11:30:53,520 [INFO] Activator:176 - 


2024-12-18 11:30:53,526 [INFO] Activator:177 - !SESSION log4j initialized
2024-12-18 11:30:57,322 [INFO] LogOutputStream:77 - [STDOUT_REDIRECT] 
2024-12-18 11:30:59,671 [INFO] ApplicationProperties:184 - Using Application install path: C:\ST\STM32CubeIDE_1.16.1\STM32CubeIDE\plugins\com.st.stm32cube.common.mx_6.12.1.202409122256
2024-12-18 11:30:59,684 [INFO] DbMcusXml:78 - Set database path to: C:\ST\STM32CubeIDE_1.16.1\STM32CubeIDE\plugins\com.st.stm32cube.common.mx_6.12.1.202409122256\\db\/mcu/
2024-12-18 11:30:59,684 [INFO] ApiDb:274 - Set plugin database path to: C:\ST\STM32CubeIDE_1.16.1\STM32CubeIDE\plugins\com.st.stm32cube.common.mx_6.12.1.202409122256\\db\/plugins/boardmanager/
2024-12-18 11:30:59,684 [WARN] ApiDb:259 - Overriding images path with different value:  => C:\ST\STM32CubeIDE_1.16.1\STM32CubeIDE\plugins\com.st.stm32cube.common.mx_6.12.1.202409122256\\db\/plugins/mcufinder/images/
2024-12-18 11:30:59,694 [INFO] ApiDb:250 - Set database path to: C:\Users\RND1\.stmcufinder\plugins\mcufinder//mcu/
2024-12-18 11:30:59,695 [INFO] DbMcusAds:125 - Set database path to: C:\Users\RND1\.stmcufinder\plugins\mcufinder//mcu/
2024-12-18 11:30:59,696 [INFO] CrossReferenceDbSqlite:203 - Set database path to: C:\Users\RND1\.stmcufinder\plugins\mcufinder//mcu/cs/
2024-12-18 11:30:59,773 [INFO] RulesReader:64 - Compatibility file has been processed (297 Rules)
2024-12-18 11:30:59,834 [INFO] DbMcusXml:78 - Set database path to: C:\ST\STM32CubeIDE_1.16.1\STM32CubeIDE\plugins\com.st.stm32cube.common.mx_6.12.1.202409122256\\db\/mcu/
2024-12-18 11:30:59,834 [INFO] ApiDb:274 - Set plugin database path to: C:\ST\STM32CubeIDE_1.16.1\STM32CubeIDE\plugins\com.st.stm32cube.common.mx_6.12.1.202409122256\\db\/plugins/boardmanager/
2024-12-18 11:30:59,834 [INFO] ApiDb:261 - Set plugin images path to: C:\ST\STM32CubeIDE_1.16.1\STM32CubeIDE\plugins\com.st.stm32cube.common.mx_6.12.1.202409122256\\db\/plugins/mcufinder/images/
2024-12-18 11:30:59,834 [WARN] DbFile:41 - Overriding database path with different value: C:\Users\RND1\.stmcufinder\plugins\mcufinder/ => C:\Users\RND1\.stmcufinder\plugins\mcufinder
2024-12-18 11:30:59,834 [INFO] ApiDb:250 - Set database path to: C:\Users\RND1\.stmcufinder\plugins\mcufinder//mcu/
2024-12-18 11:30:59,834 [WARN] DbFile:41 - Overriding database path with different value: C:\Users\RND1\.stmcufinder\plugins\mcufinder/ => C:\Users\RND1\.stmcufinder\plugins\mcufinder
2024-12-18 11:30:59,834 [INFO] DbMcusAds:125 - Set database path to: C:\Users\RND1\.stmcufinder\plugins\mcufinder//mcu/
2024-12-18 11:30:59,834 [WARN] DbFile:41 - Overriding database path with different value: C:\Users\RND1\.stmcufinder\plugins\mcufinder/ => C:\Users\RND1\.stmcufinder\plugins\mcufinder
2024-12-18 11:30:59,835 [WARN] DbFile:41 - Overriding database path with different value: C:\Users\RND1\.stmcufinder\plugins\mcufinder/ => C:\Users\RND1\.stmcufinder\plugins\mcufinder
2024-12-18 11:30:59,835 [INFO] CrossReferenceDbSqlite:203 - Set database path to: C:\Users\RND1\.stmcufinder\plugins\mcufinder//mcu/cs/
2024-12-18 11:30:59,891 [INFO] MainPanel:268 - HeapMemory: 268435456
2024-12-18 11:30:59,965 [INFO] DbMcusXml:78 - Set database path to: C:\ST\STM32CubeIDE_1.16.1\STM32CubeIDE\plugins\com.st.stm32cube.common.mx_6.12.1.202409122256\\db\/mcu/
2024-12-18 11:30:59,965 [INFO] ApiDb:274 - Set plugin database path to: C:\ST\STM32CubeIDE_1.16.1\STM32CubeIDE\plugins\com.st.stm32cube.common.mx_6.12.1.202409122256\\db\/plugins/boardmanager/
2024-12-18 11:30:59,965 [INFO] ApiDb:261 - Set plugin images path to: C:\ST\STM32CubeIDE_1.16.1\STM32CubeIDE\plugins\com.st.stm32cube.common.mx_6.12.1.202409122256\\db\/plugins/mcufinder/images/
2024-12-18 11:30:59,965 [WARN] DbFile:41 - Overriding database path with different value: C:\Users\RND1\.stmcufinder\plugins\mcufinder/ => C:\Users\RND1\.stmcufinder\plugins\mcufinder
2024-12-18 11:30:59,965 [INFO] ApiDb:250 - Set database path to: C:\Users\RND1\.stmcufinder\plugins\mcufinder//mcu/
2024-12-18 11:30:59,965 [WARN] DbFile:41 - Overriding database path with different value: C:\Users\RND1\.stmcufinder\plugins\mcufinder/ => C:\Users\RND1\.stmcufinder\plugins\mcufinder
2024-12-18 11:30:59,965 [INFO] DbMcusAds:125 - Set database path to: C:\Users\RND1\.stmcufinder\plugins\mcufinder//mcu/
2024-12-18 11:30:59,966 [WARN] DbFile:41 - Overriding database path with different value: C:\Users\RND1\.stmcufinder\plugins\mcufinder/ => C:\Users\RND1\.stmcufinder\plugins\mcufinder
2024-12-18 11:30:59,966 [WARN] DbFile:41 - Overriding database path with different value: C:\Users\RND1\.stmcufinder\plugins\mcufinder/ => C:\Users\RND1\.stmcufinder\plugins\mcufinder
2024-12-18 11:30:59,966 [INFO] CrossReferenceDbSqlite:203 - Set database path to: C:\Users\RND1\.stmcufinder\plugins\mcufinder//mcu/cs/
2024-12-18 11:30:59,976 [INFO] ApplicationProperties:184 - Using Application install path: C:\ST\STM32CubeIDE_1.16.1\STM32CubeIDE\plugins\com.st.stm32cube.common.mx_6.12.1.202409122256
2024-12-18 11:30:59,977 [INFO] PluginManage:196 - Search for loadable plugins [exclusion list=, ]
2024-12-18 11:30:59,979 [INFO] PluginManage:310 - Check plugin analytics
2024-12-18 11:31:00,087 [INFO] AnalyticsPlugin:253 - Accepted Software Licenses: STM32CubeMX.6.10.0
2024-12-18 11:31:00,087 [INFO] AnalyticsPlugin:255 - Accepted CMSIS Pack Licenses: 
2024-12-18 11:31:00,087 [INFO] AnalyticsPlugin:257 - Accepted Firmware Licenses: FW.G4.1.5.0,FW.G4.1.6.0
2024-12-18 11:31:00,089 [INFO] PluginManage:359 - Loaded plugin analytics (category:tool,tabindex:-1)
2024-12-18 11:31:00,089 [INFO] PluginManage:310 - Check plugin cadmodel
2024-12-18 11:31:00,101 [INFO] CADModel:105 - Init CAD model plugin
2024-12-18 11:31:00,101 [INFO] PluginManage:359 - Loaded plugin cadmodel (category:power,tabindex:5)
2024-12-18 11:31:00,101 [INFO] PluginManage:310 - Check plugin clock
2024-12-18 11:31:00,116 [INFO] PluginManage:359 - Loaded plugin clock (category:base,tabindex:2)
2024-12-18 11:31:00,116 [INFO] PluginManage:310 - Check plugin ddr
2024-12-18 11:31:00,118 [INFO] PluginManage:359 - Loaded plugin ddr (category:tool,tabindex:6)
2024-12-18 11:31:00,118 [INFO] PluginManage:310 - Check plugin filemanager
2024-12-18 11:31:00,226 [INFO] PluginManage:359 - Loaded plugin filemanager (category:base,tabindex:10)
2024-12-18 11:31:00,227 [INFO] PluginManage:310 - Check plugin ipmanager
2024-12-18 11:31:00,232 [INFO] PluginManage:359 - Loaded plugin ipmanager (category:base,tabindex:5)
2024-12-18 11:31:00,233 [INFO] PluginManage:310 - Check plugin lpbam
2024-12-18 11:31:00,246 [INFO] PluginManage:359 - Loaded plugin lpbam (category:base,tabindex:0)
2024-12-18 11:31:00,246 [INFO] PluginManage:310 - Check plugin memorymap
2024-12-18 11:31:00,263 [INFO] PluginManage:359 - Loaded plugin memorymap (category:base,tabindex:4)
2024-12-18 11:31:00,263 [INFO] PluginManage:310 - Check plugin pinoutandconfiguration
2024-12-18 11:31:00,276 [INFO] PluginManage:359 - Loaded plugin pinoutandconfiguration (category:base,tabindex:1)
2024-12-18 11:31:00,276 [INFO] PluginManage:310 - Check plugin pinoutconfig
2024-12-18 11:31:00,341 [WARN] SupportedApi:132 - Cannot load RTOS API schema: s4s-elt-must-match.1: The content of 'definitions' must match (annotation?, (simpleType | complexType)?, (unique | key | keyref)*)). A problem was found starting at: attribute.
2024-12-18 11:31:00,429 [INFO] PluginManage:359 - Loaded plugin pinoutconfig (category:base,tabindex:0)
2024-12-18 11:31:00,429 [INFO] PluginManage:310 - Check plugin power
2024-12-18 11:31:00,445 [INFO] PluginManage:359 - Loaded plugin power (category:power,tabindex:4)
2024-12-18 11:31:00,445 [INFO] PluginManage:310 - Check plugin projectmanager
2024-12-18 11:31:00,455 [INFO] PluginManage:359 - Loaded plugin projectmanager (category:projectmanager,tabindex:4)
2024-12-18 11:31:00,455 [INFO] PluginManage:310 - Check plugin rif
2024-12-18 11:31:00,466 [INFO] PluginManage:359 - Loaded plugin rif (category:base,tabindex:3)
2024-12-18 11:31:00,466 [INFO] PluginManage:310 - Check plugin thirdparty
2024-12-18 11:31:00,646 [INFO] PluginManage:359 - Loaded plugin thirdparty (category:base,tabindex:-1)
2024-12-18 11:31:00,646 [WARN] IntegrityCheckThread:84 - waiting for thirdparty lock release [integrity check]
2024-12-18 11:31:00,646 [INFO] IntegrityCheckThread:86 - entering critical section [integrity check]
2024-12-18 11:31:00,646 [INFO] PluginManage:310 - Check plugin tools
2024-12-18 11:31:00,647 [INFO] ThirdPartyUpdaterWithRetryManager:70 - Updater plugin not ready yet. [1/15]
2024-12-18 11:31:00,671 [INFO] PluginManage:359 - Loaded plugin tools (category:base,tabindex:7)
2024-12-18 11:31:00,671 [INFO] PluginManage:310 - Check plugin tutovideos
2024-12-18 11:31:00,795 [INFO] PluginManage:359 - Loaded plugin tutovideos (category:base,tabindex:-1)
2024-12-18 11:31:00,795 [INFO] PluginManage:310 - Check plugin updater
2024-12-18 11:31:00,807 [INFO] PluginManage:359 - Loaded plugin updater (category:base,tabindex:12)
2024-12-18 11:31:00,808 [INFO] PluginManage:310 - Check plugin userauth
2024-12-18 11:31:00,812 [INFO] UserAuth:113 - Init User Auth plugin
2024-12-18 11:31:00,812 [INFO] PluginManage:359 - Loaded plugin userauth (category:base,tabindex:14)
2024-12-18 11:31:00,812 [INFO] PluginManage:283 - PluginManage : Loaded plugins [18]
2024-12-18 11:31:00,948 [INFO] PinOutPanel:1561 - setPackage(No Configuration,No Configuration)
2024-12-18 11:31:01,009 [INFO] CADModel:165 - CPN selected for project level
2024-12-18 11:31:01,009 [INFO] CADModel:114 - Register for checkConnection events
2024-12-18 11:31:01,030 [INFO] IPUIPlugin:80 - create IPUIPlugin
2024-12-18 11:31:01,030 [INFO] PluginManager:220 - loadIPPluginJar : add adc
2024-12-18 11:31:01,061 [INFO] IPUIPlugin:80 - create IPUIPlugin
2024-12-18 11:31:01,061 [INFO] PluginManager:220 - loadIPPluginJar : add aes
2024-12-18 11:31:01,092 [INFO] IPUIPlugin:80 - create IPUIPlugin
2024-12-18 11:31:01,092 [INFO] PluginManager:220 - loadIPPluginJar : add can
2024-12-18 11:31:01,108 [INFO] IPUIPlugin:80 - create IPUIPlugin
2024-12-18 11:31:01,108 [INFO] PluginManager:220 - loadIPPluginJar : add comp
2024-12-18 11:31:01,128 [INFO] IPUIPlugin:80 - create IPUIPlugin
2024-12-18 11:31:01,128 [INFO] PluginManager:220 - loadIPPluginJar : add cryp
2024-12-18 11:31:01,137 [INFO] IPUIPlugin:80 - create IPUIPlugin
2024-12-18 11:31:01,137 [INFO] PluginManager:220 - loadIPPluginJar : add ddr_ctrl_phy
2024-12-18 11:31:01,156 [INFO] IPUIPlugin:80 - create IPUIPlugin
2024-12-18 11:31:01,156 [INFO] PluginManager:220 - loadIPPluginJar : add dfsdm
2024-12-18 11:31:01,166 [INFO] IPUIPlugin:80 - create IPUIPlugin
2024-12-18 11:31:01,166 [INFO] PluginManager:220 - loadIPPluginJar : add dma
2024-12-18 11:31:01,196 [INFO] IPUIPlugin:80 - create IPUIPlugin
2024-12-18 11:31:01,196 [INFO] PluginManager:220 - loadIPPluginJar : add dma3
2024-12-18 11:31:01,225 [INFO] IPUIPlugin:80 - create IPUIPlugin
2024-12-18 11:31:01,225 [INFO] PluginManager:220 - loadIPPluginJar : add extmemmanager
2024-12-18 11:31:01,237 [INFO] IPUIPlugin:80 - create IPUIPlugin
2024-12-18 11:31:01,238 [INFO] PluginManager:220 - loadIPPluginJar : add fatfs
2024-12-18 11:31:01,267 [INFO] IPUIPlugin:80 - create IPUIPlugin
2024-12-18 11:31:01,268 [INFO] PluginManager:220 - loadIPPluginJar : add fmc
2024-12-18 11:31:01,277 [INFO] IPUIPlugin:80 - create IPUIPlugin
2024-12-18 11:31:01,278 [INFO] PluginManager:220 - loadIPPluginJar : add freertos
2024-12-18 11:31:01,291 [INFO] IPUIPlugin:80 - create IPUIPlugin
2024-12-18 11:31:01,291 [INFO] PluginManager:220 - loadIPPluginJar : add genericplugin
2024-12-18 11:31:01,353 [INFO] IPUIPlugin:80 - create IPUIPlugin
2024-12-18 11:31:01,353 [INFO] PluginManager:220 - loadIPPluginJar : add gfxmmu
2024-12-18 11:31:01,443 [INFO] IPUIPlugin:80 - create IPUIPlugin
2024-12-18 11:31:01,443 [INFO] PluginManager:220 - loadIPPluginJar : add gic
2024-12-18 11:31:01,454 [INFO] IPUIPlugin:80 - create IPUIPlugin
2024-12-18 11:31:01,454 [INFO] PluginManager:220 - loadIPPluginJar : add gpio
2024-12-18 11:31:01,522 [INFO] IPUIPlugin:80 - create IPUIPlugin
2024-12-18 11:31:01,522 [INFO] PluginManager:220 - loadIPPluginJar : add gtzc
2024-12-18 11:31:01,548 [INFO] IPUIPlugin:80 - create IPUIPlugin
2024-12-18 11:31:01,548 [INFO] PluginManager:220 - loadIPPluginJar : add hash
2024-12-18 11:31:01,590 [INFO] IPUIPlugin:80 - create IPUIPlugin
2024-12-18 11:31:01,590 [INFO] PluginManager:220 - loadIPPluginJar : add i2c
2024-12-18 11:31:01,622 [INFO] IPUIPlugin:80 - create IPUIPlugin
2024-12-18 11:31:01,622 [INFO] PluginManager:220 - loadIPPluginJar : add i2s
2024-12-18 11:31:01,653 [INFO] IPUIPlugin:80 - create IPUIPlugin
2024-12-18 11:31:01,653 [INFO] PluginManager:220 - loadIPPluginJar : add i3c
2024-12-18 11:31:01,730 [INFO] IPUIPlugin:80 - create IPUIPlugin
2024-12-18 11:31:01,730 [INFO] PluginManager:220 - loadIPPluginJar : add ipddr
2024-12-18 11:31:01,787 [INFO] IPUIPlugin:80 - create IPUIPlugin
2024-12-18 11:31:01,788 [INFO] PluginManager:220 - loadIPPluginJar : add linkedlist
2024-12-18 11:31:01,811 [INFO] IPUIPlugin:80 - create IPUIPlugin
2024-12-18 11:31:01,811 [INFO] PluginManager:220 - loadIPPluginJar : add lorawan
2024-12-18 11:31:01,833 [INFO] IPUIPlugin:80 - create IPUIPlugin
2024-12-18 11:31:01,833 [INFO] PluginManager:220 - loadIPPluginJar : add ltdc
2024-12-18 11:31:01,843 [INFO] IPUIPlugin:80 - create IPUIPlugin
2024-12-18 11:31:01,843 [INFO] PluginManager:220 - loadIPPluginJar : add mdma
2024-12-18 11:31:01,850 [INFO] IPUIPlugin:80 - create IPUIPlugin
2024-12-18 11:31:01,850 [INFO] PluginManager:220 - loadIPPluginJar : add nvic
2024-12-18 11:31:01,875 [INFO] IPUIPlugin:80 - create IPUIPlugin
2024-12-18 11:31:01,875 [INFO] PluginManager:220 - loadIPPluginJar : add opamp
2024-12-18 11:31:01,914 [INFO] IPUIPlugin:80 - create IPUIPlugin
2024-12-18 11:31:01,914 [INFO] PluginManager:220 - loadIPPluginJar : add openamp
2024-12-18 11:31:01,941 [INFO] IPUIPlugin:80 - create IPUIPlugin
2024-12-18 11:31:01,941 [INFO] PluginManager:220 - loadIPPluginJar : add pdm2pcm
2024-12-18 11:31:01,952 [INFO] IPUIPlugin:80 - create IPUIPlugin
2024-12-18 11:31:01,953 [INFO] PluginManager:220 - loadIPPluginJar : add plateformsettings
2024-12-18 11:31:01,970 [INFO] IPUIPlugin:80 - create IPUIPlugin
2024-12-18 11:31:01,970 [INFO] PluginManager:220 - loadIPPluginJar : add quadspi
2024-12-18 11:31:01,989 [INFO] IPUIPlugin:80 - create IPUIPlugin
2024-12-18 11:31:01,989 [INFO] PluginManager:220 - loadIPPluginJar : add radio
2024-12-18 11:31:01,998 [INFO] IPUIPlugin:80 - create IPUIPlugin
2024-12-18 11:31:01,998 [INFO] PluginManager:220 - loadIPPluginJar : add resmgrutility
2024-12-18 11:31:02,028 [INFO] IPUIPlugin:80 - create IPUIPlugin
2024-12-18 11:31:02,029 [INFO] PluginManager:220 - loadIPPluginJar : add sai
2024-12-18 11:31:02,051 [INFO] IPUIPlugin:80 - create IPUIPlugin
2024-12-18 11:31:02,051 [INFO] PluginManager:220 - loadIPPluginJar : add spi
2024-12-18 11:31:02,097 [INFO] IPUIPlugin:80 - create IPUIPlugin
2024-12-18 11:31:02,097 [INFO] PluginManager:220 - loadIPPluginJar : add stm32_wpan
2024-12-18 11:31:02,113 [INFO] IPUIPlugin:80 - create IPUIPlugin
2024-12-18 11:31:02,113 [INFO] PluginManager:220 - loadIPPluginJar : add tim
2024-12-18 11:31:02,149 [INFO] IPUIPlugin:80 - create IPUIPlugin
2024-12-18 11:31:02,149 [INFO] PluginManager:220 - loadIPPluginJar : add touchsensing
2024-12-18 11:31:02,165 [INFO] IPUIPlugin:80 - create IPUIPlugin
2024-12-18 11:31:02,165 [INFO] PluginManager:220 - loadIPPluginJar : add tracer_emb
2024-12-18 11:31:02,180 [INFO] IPUIPlugin:80 - create IPUIPlugin
2024-12-18 11:31:02,180 [INFO] PluginManager:220 - loadIPPluginJar : add ts
2024-12-18 11:31:02,194 [INFO] IPUIPlugin:80 - create IPUIPlugin
2024-12-18 11:31:02,195 [INFO] PluginManager:220 - loadIPPluginJar : add tsc
2024-12-18 11:31:02,209 [INFO] IPUIPlugin:80 - create IPUIPlugin
2024-12-18 11:31:02,209 [INFO] PluginManager:220 - loadIPPluginJar : add ucpd
2024-12-18 11:31:02,236 [INFO] IPUIPlugin:80 - create IPUIPlugin
2024-12-18 11:31:02,236 [INFO] PluginManager:220 - loadIPPluginJar : add usart
2024-12-18 11:31:02,263 [INFO] IPUIPlugin:80 - create IPUIPlugin
2024-12-18 11:31:02,263 [INFO] PluginManager:220 - loadIPPluginJar : add usbx
2024-12-18 11:31:02,370 [INFO] CADModel:165 - CPN selected for project level
2024-12-18 11:31:02,371 [INFO] CADModel:114 - Register for checkConnection events
2024-12-18 11:31:02,371 [FATAL] Updater:334 - Updater called before beeing initialized
2024-12-18 11:31:02,372 [ERROR] CADModel:125 - Updater not yet initialized, retry later 
2024-12-18 11:31:02,449 [INFO] CADModel:165 - CPN selected for project level
2024-12-18 11:31:02,450 [INFO] CADModel:114 - Register for checkConnection events
2024-12-18 11:31:02,450 [FATAL] Updater:334 - Updater called before beeing initialized
2024-12-18 11:31:02,450 [ERROR] CADModel:125 - Updater not yet initialized, retry later 
2024-12-18 11:31:02,451 [FATAL] Updater:334 - Updater called before beeing initialized
2024-12-18 11:31:02,518 [FATAL] Updater:334 - Updater called before beeing initialized
2024-12-18 11:31:02,525 [INFO] DbMcusAds:53 - JSON generation date=Fri Sep 20 22:04:38 KST 2024 (1726837478367)
2024-12-18 11:31:02,525 [FATAL] Updater:334 - Updater called before beeing initialized
2024-12-18 11:31:02,550 [WARN] DetailPanel:346 - Failed to get advertising image, set to default
2024-12-18 11:31:02,611 [FATAL] Updater:334 - Updater called before beeing initialized
2024-12-18 11:31:02,612 [FATAL] Updater:334 - Updater called before beeing initialized
2024-12-18 11:31:02,612 [FATAL] Updater:334 - Updater called before beeing initialized
2024-12-18 11:31:02,612 [WARN] DetailPanel:346 - Failed to get advertising image, set to default
2024-12-18 11:31:02,613 [FATAL] Updater:334 - Updater called before beeing initialized
2024-12-18 11:31:02,653 [ERROR] Updater:1164 - MainUpdater not yet initialized. External WinMGr cannot be set.
2024-12-18 11:31:02,660 [INFO] Updater:1100 - Updater Version found : 6.12.1
2024-12-18 11:31:02,674 [INFO] ApplicationProperties:184 - Using Application install path: C:\ST\STM32CubeIDE_1.16.1\STM32CubeIDE\plugins\com.st.stm32cube.common.mx_6.12.1.202409122256
2024-12-18 11:31:03,277 [INFO] MainUpdater:2873 - connection check result : 10
2024-12-18 11:31:03,277 [INFO] MainUpdater:3567 - Updater definition file requires update
2024-12-18 11:31:03,277 [INFO] MainUpdater:290 - Updater Check For Update Now.
2024-12-18 11:31:03,277 [INFO] MicroXplorer:498 - Change Database Version : DB.6.0.121
2024-12-18 11:31:03,289 [INFO] McuFinderGlobals:63 - Set McuFinder mode to 2 (CubeIDE integrated)
2024-12-18 11:31:03,293 [INFO] UserAuth:417 - Internet connection configuration mode: 1
2024-12-18 11:31:03,310 [INFO] JxBrowserEngine:152 - Initiate JxBrowser Engine with user profile folder
2024-12-18 11:31:03,439 [INFO] ServerAccessManage:473 - Download File updaters.zip
2024-12-18 11:31:03,648 [WARN] MainUpdater:1194 - Updater busy. Cannot search thirdparties
2024-12-18 11:31:03,648 [INFO] ThirdPartyUpdaterWithRetryManager:96 - Updater plugin is busy. [1/15]
2024-12-18 11:31:03,814 [INFO] FileExtend:240 - Unzip File : updaters.zip
2024-12-18 11:31:03,814 [INFO] FileExtend:255 - Standard Zip Deflate
2024-12-18 11:31:04,572 [INFO] ServerAccessManage:473 - Download File PacksControlFlags.xml
2024-12-18 11:31:04,822 [INFO] ServerAccessManage:473 - Download File cubemx.pidx
2024-12-18 11:31:05,515 [INFO] ServerAccessManage:473 - Download File STMicroelectronics.X-CUBE-BLEMGR.pdsc
2024-12-18 11:31:06,511 [ERROR] ServerAccessManage:1089 - Problem, file not found on Server
2024-12-18 11:31:06,648 [WARN] MainUpdater:1194 - Updater busy. Cannot search thirdparties
2024-12-18 11:31:06,648 [INFO] ThirdPartyUpdaterWithRetryManager:96 - Updater plugin is busy. [2/15]
2024-12-18 11:31:07,409 [INFO] WebApp:167 - Instantiating new browser for Auth
2024-12-18 11:31:07,901 [INFO] WebApp:448 - Apply proxy settings
2024-12-18 11:31:07,901 [INFO] WebApp:533 - Chromium requires no authentication
2024-12-18 11:31:07,908 [INFO] WebApp:476 - Direct internet connection detected
2024-12-18 11:31:07,927 [INFO] WebApp:869 - Register for checkConnection events
2024-12-18 11:31:07,927 [INFO] WebApp:448 - Apply proxy settings
2024-12-18 11:31:07,927 [INFO] WebApp:533 - Chromium requires no authentication
2024-12-18 11:31:07,927 [INFO] WebApp:476 - Direct internet connection detected
2024-12-18 11:31:08,056 [INFO] WebApp:220 - Starting web application
2024-12-18 11:31:08,056 [INFO] WebApp:578 - Web application path used C:\ST\STM32CubeIDE_1.16.1\STM32CubeIDE\plugins\com.st.stm32cube.common.mx_6.12.1.202409122256\db\plugins\mcufinder\reactClient1\index.html
2024-12-18 11:31:08,174 [INFO] WebApp:186 - Connection restablished
2024-12-18 11:31:08,177 [INFO] UserAuth:417 - Internet connection configuration mode: 1
2024-12-18 11:31:08,802 [INFO] ServerAccessManage:473 - Download File STMicroelectronics.X-CUBE-FREERTOS.pdsc
2024-12-18 11:31:09,651 [WARN] MainUpdater:1194 - Updater busy. Cannot search thirdparties
2024-12-18 11:31:09,651 [INFO] ThirdPartyUpdaterWithRetryManager:96 - Updater plugin is busy. [3/15]
2024-12-18 11:31:10,480 [INFO] ServerAccessManage:473 - Download File STMicroelectronics.X-CUBE-GNSS1.pdsc
2024-12-18 11:31:12,652 [WARN] MainUpdater:1194 - Updater busy. Cannot search thirdparties
2024-12-18 11:31:12,652 [INFO] ThirdPartyUpdaterWithRetryManager:96 - Updater plugin is busy. [4/15]
2024-12-18 11:31:14,064 [ERROR] ServerAccessManage:1089 - Problem, file not found on Server
2024-12-18 11:31:14,744 [ERROR] ServerAccessManage:1089 - Problem, file not found on Server
2024-12-18 11:31:15,414 [ERROR] ServerAccessManage:1089 - Problem, file not found on Server
2024-12-18 11:31:15,653 [WARN] MainUpdater:1194 - Updater busy. Cannot search thirdparties
2024-12-18 11:31:15,653 [INFO] ThirdPartyUpdaterWithRetryManager:96 - Updater plugin is busy. [5/15]
2024-12-18 11:31:16,253 [ERROR] ServerAccessManage:1089 - Problem, file not found on Server
2024-12-18 11:31:16,938 [ERROR] ServerAccessManage:1089 - Problem, file not found on Server
2024-12-18 11:31:17,366 [ERROR] ServerAccessManage:1089 - Problem, file not found on Server
2024-12-18 11:31:17,713 [INFO] ServerAccessManage:473 - Download File STMicroelectronics.X-CUBE-MEMS1.pdsc
2024-12-18 11:31:18,654 [WARN] MainUpdater:1194 - Updater busy. Cannot search thirdparties
2024-12-18 11:31:18,655 [INFO] ThirdPartyUpdaterWithRetryManager:96 - Updater plugin is busy. [6/15]
2024-12-18 11:31:21,656 [WARN] MainUpdater:1194 - Updater busy. Cannot search thirdparties
2024-12-18 11:31:21,656 [INFO] ThirdPartyUpdaterWithRetryManager:96 - Updater plugin is busy. [7/15]
2024-12-18 11:31:24,656 [WARN] MainUpdater:1194 - Updater busy. Cannot search thirdparties
2024-12-18 11:31:24,656 [INFO] ThirdPartyUpdaterWithRetryManager:96 - Updater plugin is busy. [8/15]
2024-12-18 11:31:25,341 [INFO] ServerAccessManage:473 - Download File STMicroelectronics.X-CUBE-TCPP.pdsc
2024-12-18 11:31:26,421 [WARN] PackLoader:240 - Cannot read IP mode file for STMicroelectronics.X-CUBE-BLEMGR.4.0.0
2024-12-18 11:31:26,431 [WARN] PackLoader:240 - Cannot read IP mode file for STMicroelectronics.X-CUBE-FREERTOS.1.3.0
2024-12-18 11:31:26,437 [WARN] PackLoader:240 - Cannot read IP mode file for STMicroelectronics.X-CUBE-GNSS1.7.0.1
2024-12-18 11:31:26,478 [WARN] PackLoader:240 - Cannot read IP mode file for STMicroelectronics.X-CUBE-MEMS1.11.1.0
2024-12-18 11:31:26,571 [INFO] CheckServerUpdateThread:120 - End of CheckServer Thread
2024-12-18 11:31:26,575 [WARN] PopulateThirdPartyThread:106 - Error when creating pack: C:/Users/RND1/.stm32cubemx/thirdparties/pdsc/STMicroelectronics.X-CUBE-TCPP.pdsc
2024-12-18 11:31:26,575 [INFO] PopulateThirdPartyThread:66 - Ending populate Thread
2024-12-18 11:31:26,577 [INFO] ThirdParty:1030 - CMSIS Pack Vendor :STMicroelectronics X-CUBE-BLEMGR 4.0.0
2024-12-18 11:31:26,577 [INFO] ThirdParty:1030 - CMSIS Pack Vendor :STMicroelectronics X-CUBE-FREERTOS 1.3.0
2024-12-18 11:31:26,577 [INFO] ThirdParty:1030 - CMSIS Pack Vendor :STMicroelectronics X-CUBE-GNSS1 7.0.1
2024-12-18 11:31:26,577 [INFO] ThirdParty:1030 - CMSIS Pack Vendor :STMicroelectronics X-CUBE-MEMS1 11.1.0
2024-12-18 11:31:26,578 [INFO] LoadServerUpdatesThread:375 - End of LoadServerUpdate Thread
2024-12-18 11:31:27,792 [WARN] PackLoader:240 - Cannot read IP mode file for STMicroelectronics.FP-SNS-MOTENVWB1.1.4.0
2024-12-18 11:31:27,795 [WARN] PackLoader:240 - Cannot read IP mode file for STMicroelectronics.FP-ATR-ASTRA1.2.0.1
2024-12-18 11:31:27,803 [WARN] PackLoader:240 - Cannot read IP mode file for STMicroelectronics.X-CUBE-SMBUS.2.1.0
2024-12-18 11:31:27,813 [WARN] PackLoader:240 - Cannot read IP mode file for STMicroelectronics.X-CUBE-WB05N.1.1.0
2024-12-18 11:31:27,822 [WARN] PackLoader:240 - Cannot read IP mode file for STMicroelectronics.X-CUBE-TOUCHGFX.4.23.0
2024-12-18 11:31:27,829 [WARN] PackLoader:240 - Cannot read IP mode file for STMicroelectronics.X-CUBE-TOUCHGFX.4.23.2
2024-12-18 11:31:27,848 [WARN] PackLoader:240 - Cannot read IP mode file for STMicroelectronics.X-CUBE-AZRTOS-F7.1.1.0
2024-12-18 11:31:27,859 [WARN] PackLoader:240 - Cannot read IP mode file for STMicroelectronics.FP-SNS-MOTENV1.4.3.2
2024-12-18 11:31:27,892 [WARN] PackLoader:240 - Cannot read IP mode file for STMicroelectronics.X-CUBE-MEMS1.11.0.0
2024-12-18 11:31:27,936 [WARN] PackLoader:240 - Cannot read IP mode file for STMicroelectronics.FP-SNS-FLIGHT1.5.0.2
2024-12-18 11:31:27,947 [WARN] PackLoader:240 - Cannot read IP mode file for STMicroelectronics.X-CUBE-DISPLAY.3.0.0
2024-12-18 11:31:27,958 [WARN] PackLoader:240 - Cannot read IP mode file for STMicroelectronics.X-CUBE-BLE1.7.0.0
2024-12-18 11:31:27,969 [WARN] PackLoader:240 - Cannot read IP mode file for STMicroelectronics.X-CUBE-NFC10.1.0.0
2024-12-18 11:31:27,974 [WARN] PackLoader:240 - Cannot read IP mode file for STMicroelectronics.X-CUBE-BLEMGR.4.0.0
2024-12-18 11:31:27,984 [WARN] PackLoader:240 - Cannot read IP mode file for emotas.I-CUBE-CANOPEN.1.3.0
2024-12-18 11:31:27,995 [WARN] PackLoader:240 - Cannot read IP mode file for STMicroelectronics.X-CUBE-BLEMGR.3.1.0
2024-12-18 11:31:28,005 [WARN] PackLoader:240 - Cannot read IP mode file for STMicroelectronics.FP-SNS-SMARTAG2.1.2.0
2024-12-18 11:31:28,025 [WARN] PackLoader:240 - Cannot read IP mode file for STMicroelectronics.X-CUBE-MEMS1.11.1.0
2024-12-18 11:31:28,093 [INFO] LogOutputStream:77 - [STDOUT_REDIRECT] 1 : Invalid condition id : UX_CORESTACK_Condition cause : null
2024-12-18 11:31:28,093 [INFO] LogOutputStream:77 - [STDOUT_REDIRECT] 1 : Invalid condition id : UX_CORESTACK_Condition cause : null
2024-12-18 11:31:28,094 [INFO] LogOutputStream:77 - [STDOUT_REDIRECT] 1 : Invalid condition id : UX_CORESTACK_Condition cause : null
2024-12-18 11:31:28,095 [INFO] LogOutputStream:77 - [STDOUT_REDIRECT] 1 : Invalid condition id : UX_CORESTACK_Condition cause : null
2024-12-18 11:31:28,095 [INFO] LogOutputStream:77 - [STDOUT_REDIRECT] 1 : Invalid condition id : UX_CORESTACK_Condition cause : null
2024-12-18 11:31:28,097 [WARN] PackLoader:240 - Cannot read IP mode file for STMicroelectronics.X-CUBE-AZRTOS-WL.2.0.0
2024-12-18 11:31:28,107 [WARN] PackLoader:240 - Cannot read IP mode file for STMicroelectronics.FP-SNS-MOTENV1.5.0.0
2024-12-18 11:31:28,111 [WARN] PackLoader:240 - Cannot read IP mode file for wolfSSL.I-CUBE-wolfMQTT.1.19.0
2024-12-18 11:31:28,122 [WARN] PackLoader:240 - Cannot read IP mode file for WES.I-CUBE-Cesium.1.3.0
2024-12-18 11:31:28,133 [WARN] PackLoader:240 - Cannot read IP mode file for STMicroelectronics.X-CUBE-BLE2.3.3.0
2024-12-18 11:31:28,145 [WARN] PackLoader:240 - Cannot read IP mode file for STMicroelectronics.X-CUBE-NFC9.1.0.0
2024-12-18 11:31:28,155 [WARN] PackLoader:240 - Cannot read IP mode file for STMicroelectronics.X-CUBE-TCPP.4.1.0
2024-12-18 11:31:28,166 [WARN] PackLoader:240 - Cannot read IP mode file for STMicroelectronics.X-CUBE-ALGOBUILD.1.3.0
2024-12-18 11:31:28,187 [WARN] PackLoader:240 - Cannot read IP mode file for STMicroelectronics.X-CUBE-AZRTOS-G0.1.1.0
2024-12-18 11:31:28,199 [WARN] PackLoader:240 - Cannot read IP mode file for STMicroelectronics.X-CUBE-SAFEA1.1.2.2
2024-12-18 11:31:28,210 [WARN] PackLoader:240 - Cannot read IP mode file for STMicroelectronics.X-CUBE-NFC4.3.0.0
2024-12-18 11:31:28,219 [WARN] PackLoader:240 - Cannot read IP mode file for wolfSSL.I-CUBE-wolfMQTT.1.18.0
2024-12-18 11:31:28,231 [WARN] PackLoader:240 - Cannot read IP mode file for EmbeddedOffice.I-CUBE-FS-RTOS.1.0.1
2024-12-18 11:31:28,232 [ERROR] ConditionMgr:805 - Attr not supported : Dmpu
2024-12-18 11:31:28,232 [ERROR] ConditionMgr:805 - Attr not supported : Dmpu
2024-12-18 11:31:28,232 [ERROR] ConditionMgr:805 - Attr not supported : Dmpu
2024-12-18 11:31:28,232 [ERROR] ConditionMgr:805 - Attr not supported : Dmpu
2024-12-18 11:31:28,232 [ERROR] ConditionMgr:805 - Attr not supported : Dmpu
2024-12-18 11:31:28,232 [ERROR] ConditionMgr:805 - Attr not supported : Dmpu
2024-12-18 11:31:28,232 [ERROR] ConditionMgr:805 - Attr not supported : Dmpu
2024-12-18 11:31:28,232 [ERROR] ConditionMgr:805 - Attr not supported : Dmpu
2024-12-18 11:31:28,232 [ERROR] ConditionMgr:805 - Attr not supported : Dmpu
2024-12-18 11:31:28,232 [ERROR] ConditionMgr:805 - Attr not supported : Dmpu
2024-12-18 11:31:28,232 [ERROR] ConditionMgr:805 - Attr not supported : Dmpu
2024-12-18 11:31:28,232 [ERROR] ConditionMgr:805 - Attr not supported : Dmpu
2024-12-18 11:31:28,232 [ERROR] ConditionMgr:805 - Attr not supported : Dmpu
2024-12-18 11:31:28,232 [ERROR] ConditionMgr:805 - Attr not supported : Dmpu
2024-12-18 11:31:28,232 [ERROR] ConditionMgr:805 - Attr not supported : Dmpu
2024-12-18 11:31:28,232 [ERROR] ConditionMgr:805 - Attr not supported : Dmpu
2024-12-18 11:31:28,232 [ERROR] ConditionMgr:805 - Attr not supported : Dmpu
2024-12-18 11:31:28,232 [ERROR] ConditionMgr:805 - Attr not supported : Dmpu
2024-12-18 11:31:28,232 [ERROR] ConditionMgr:805 - Attr not supported : Dmpu
2024-12-18 11:31:28,232 [ERROR] ConditionMgr:805 - Attr not supported : Dmpu
2024-12-18 11:31:28,232 [ERROR] ConditionMgr:805 - Attr not supported : Dmpu
2024-12-18 11:31:28,232 [ERROR] ConditionMgr:805 - Attr not supported : Dmpu
2024-12-18 11:31:28,232 [ERROR] ConditionMgr:805 - Attr not supported : Dmpu
2024-12-18 11:31:28,232 [ERROR] ConditionMgr:805 - Attr not supported : Dmpu
2024-12-18 11:31:28,233 [ERROR] ConditionMgr:805 - Attr not supported : Dmpu
2024-12-18 11:31:28,233 [ERROR] ConditionMgr:805 - Attr not supported : Dmpu
2024-12-18 11:31:28,233 [ERROR] ConditionMgr:805 - Attr not supported : Dmpu
2024-12-18 11:31:28,233 [ERROR] ConditionMgr:805 - Attr not supported : Dmpu
2024-12-18 11:31:28,233 [ERROR] ConditionMgr:805 - Attr not supported : Dmpu
2024-12-18 11:31:28,233 [ERROR] ConditionMgr:805 - Attr not supported : Dmpu
2024-12-18 11:31:28,233 [ERROR] ConditionMgr:805 - Attr not supported : Dmpu
2024-12-18 11:31:28,233 [ERROR] ConditionMgr:805 - Attr not supported : Dmpu
2024-12-18 11:31:28,233 [ERROR] ConditionMgr:805 - Attr not supported : Dmpu
2024-12-18 11:31:28,233 [ERROR] ConditionMgr:805 - Attr not supported : Dmpu
2024-12-18 11:31:28,233 [ERROR] ConditionMgr:805 - Attr not supported : Dmpu
2024-12-18 11:31:28,233 [ERROR] ConditionMgr:805 - Attr not supported : Dmpu
2024-12-18 11:31:28,233 [ERROR] ConditionMgr:805 - Attr not supported : Dmpu
2024-12-18 11:31:28,233 [ERROR] ConditionMgr:805 - Attr not supported : Dmpu
2024-12-18 11:31:28,233 [ERROR] ConditionMgr:805 - Attr not supported : Dmpu
2024-12-18 11:31:28,233 [ERROR] ConditionMgr:805 - Attr not supported : Dmpu
2024-12-18 11:31:28,233 [ERROR] ConditionMgr:805 - Attr not supported : Dmpu
2024-12-18 11:31:28,233 [ERROR] ConditionMgr:805 - Attr not supported : Dmpu
2024-12-18 11:31:28,233 [ERROR] ConditionMgr:805 - Attr not supported : Dmpu
2024-12-18 11:31:28,233 [ERROR] ConditionMgr:805 - Attr not supported : Dmpu
2024-12-18 11:31:28,233 [ERROR] ConditionMgr:805 - Attr not supported : Dmpu
2024-12-18 11:31:28,233 [ERROR] ConditionMgr:805 - Attr not supported : Dmpu
2024-12-18 11:31:28,233 [ERROR] ConditionMgr:805 - Attr not supported : Dmpu
2024-12-18 11:31:28,233 [ERROR] ConditionMgr:805 - Attr not supported : Dmpu
2024-12-18 11:31:28,233 [ERROR] ConditionMgr:805 - Attr not supported : Dmpu
2024-12-18 11:31:28,233 [ERROR] ConditionMgr:805 - Attr not supported : Dmpu
2024-12-18 11:31:28,233 [ERROR] ConditionMgr:805 - Attr not supported : Dmpu
2024-12-18 11:31:28,233 [ERROR] ConditionMgr:805 - Attr not supported : Dmpu
2024-12-18 11:31:28,233 [ERROR] ConditionMgr:805 - Attr not supported : Dmpu
2024-12-18 11:31:28,233 [ERROR] ConditionMgr:805 - Attr not supported : Dmpu
2024-12-18 11:31:28,233 [ERROR] ConditionMgr:805 - Attr not supported : Dmpu
2024-12-18 11:31:28,233 [ERROR] ConditionMgr:805 - Attr not supported : Dmpu
2024-12-18 11:31:28,233 [ERROR] ConditionMgr:805 - Attr not supported : Dmpu
2024-12-18 11:31:28,233 [ERROR] ConditionMgr:805 - Attr not supported : Dmpu
2024-12-18 11:31:28,233 [ERROR] ConditionMgr:805 - Attr not supported : Dmpu
2024-12-18 11:31:28,233 [ERROR] ConditionMgr:805 - Attr not supported : Dmpu
2024-12-18 11:31:28,233 [ERROR] ConditionMgr:805 - Attr not supported : Dmpu
2024-12-18 11:31:28,233 [ERROR] ConditionMgr:805 - Attr not supported : Dmpu
2024-12-18 11:31:28,233 [ERROR] ConditionMgr:805 - Attr not supported : Dmpu
2024-12-18 11:31:28,233 [ERROR] ConditionMgr:805 - Attr not supported : Dmpu
2024-12-18 11:31:28,246 [WARN] PackLoader:240 - Cannot read IP mode file for STMicroelectronics.X-CUBE-BLEMGR.3.0.0
2024-12-18 11:31:28,250 [ERROR] Engine:466 - C:\Users\RND1\.stm32cubemx\thirdparties\pdsc\STMicroelectronics.X-CUBE-TCPP.4.2.0.pdsc: PDSC version is not supported
2024-12-18 11:31:28,260 [WARN] PackLoader:240 - Cannot read IP mode file for RealThread.X-CUBE-RT-Thread_Nano.4.1.1
2024-12-18 11:31:28,270 [WARN] PackLoader:240 - Cannot read IP mode file for STMicroelectronics.FP-ATR-SIGFOX1.3.2.0
2024-12-18 11:31:28,275 [WARN] ConditionMgr:438 - getConditionDescription Invalid condition id : Cortex-A Device cause : null
2024-12-18 11:31:28,294 [WARN] ConditionMgr:1039 - genDependencies : Invalid condition id : Cortex-A Device cause : null
2024-12-18 11:31:28,294 [WARN] ConditionMgr:1039 - genDependencies : Invalid condition id : Cortex-A Device cause : null
2024-12-18 11:31:28,294 [WARN] ConditionMgr:1039 - genDependencies : Invalid condition id : Cortex-A Device cause : null
2024-12-18 11:31:28,308 [WARN] PackLoader:240 - Cannot read IP mode file for STMicroelectronics.X-CUBE-EEPRMA1.5.1.0
2024-12-18 11:31:28,334 [WARN] PackLoader:240 - Cannot read IP mode file for SEGGER.I-CUBE-embOS.1.3.1
2024-12-18 11:31:28,359 [WARN] PackLoader:240 - Cannot read IP mode file for STMicroelectronics.X-CUBE-ALGOBUILD.1.4.0
2024-12-18 11:31:28,370 [WARN] PackLoader:240 - Cannot read IP mode file for STMicroelectronics.X-CUBE-AI.9.1.0
2024-12-18 11:31:28,382 [WARN] PackLoader:240 - Cannot read IP mode file for STMicroelectronics.X-CUBE-GNSS1.6.0.0
2024-12-18 11:31:28,404 [WARN] PackLoader:240 - Cannot read IP mode file for STMicroelectronics.X-CUBE-AZRTOS-F4.1.1.0
2024-12-18 11:31:28,414 [WARN] PackLoader:240 - Cannot read IP mode file for wolfSSL.I-CUBE-wolfSSL.5.6.4
2024-12-18 11:31:28,425 [WARN] PackLoader:240 - Cannot read IP mode file for STMicroelectronics.X-CUBE-ISPU.2.1.0
2024-12-18 11:31:28,435 [WARN] PackLoader:240 - Cannot read IP mode file for STMicroelectronics.X-CUBE-FREERTOS.1.2.0
2024-12-18 11:31:28,458 [WARN] PackLoader:240 - Cannot read IP mode file for STMicroelectronics.X-CUBE-AZRTOS-L5.2.0.0
2024-12-18 11:31:28,468 [WARN] PackLoader:240 - Cannot read IP mode file for STMicroelectronics.X-CUBE-EEPRMA1.4.2.0
2024-12-18 11:31:28,480 [WARN] PackLoader:240 - Cannot read IP mode file for STMicroelectronics.X-CUBE-NFC6.3.1.0
2024-12-18 11:31:28,491 [WARN] PackLoader:240 - Cannot read IP mode file for ITTIA_DB.I-CUBE-ITTIADB.8.8.0
2024-12-18 11:31:28,500 [WARN] PackLoader:240 - Cannot read IP mode file for STMicroelectronics.X-CUBE-DPower.1.2.0
2024-12-18 11:31:28,509 [WARN] PackLoader:240 - Cannot read IP mode file for STMicroelectronics.X-CUBE-AI.9.0.0
2024-12-18 11:31:28,512 [WARN] PackLoader:240 - Cannot read IP mode file for STMicroelectronics.X-CUBE-FREERTOS.1.3.0
2024-12-18 11:31:28,521 [WARN] PackLoader:240 - Cannot read IP mode file for STMicroelectronics.X-CUBE-NFC7.1.0.1
2024-12-18 11:31:28,533 [WARN] PackLoader:240 - Cannot read IP mode file for STMicroelectronics.X-CUBE-NFC6.3.0.0
2024-12-18 11:31:28,547 [WARN] PackLoader:240 - Cannot read IP mode file for STMicroelectronics.X-CUBE-AI.8.1.0
2024-12-18 11:31:28,565 [WARN] ConditionMgr:438 - getConditionDescription Invalid condition id : LAN8742 Phy interface Condition cause : null
2024-12-18 11:31:28,566 [WARN] PackLoader:240 - Cannot read IP mode file for STMicroelectronics.X-CUBE-AZRTOS-L4.2.0.0
2024-12-18 11:31:28,566 [WARN] ConditionMgr:1039 - genDependencies : Invalid condition id : LAN8742 Phy interface Condition cause : null
2024-12-18 11:31:28,567 [WARN] ConditionMgr:1039 - genDependencies : Invalid condition id : LAN8742 Phy interface Condition cause : null
2024-12-18 11:31:28,567 [WARN] ConditionMgr:1039 - genDependencies : Invalid condition id : LAN8742 Phy interface Condition cause : null
2024-12-18 11:31:28,580 [WARN] PackLoader:240 - Cannot read IP mode file for STMicroelectronics.X-CUBE-SFXS2LP1.4.0.0
2024-12-18 11:31:28,599 [WARN] PackLoader:240 - Cannot read IP mode file for STMicroelectronics.X-CUBE-AZRTOS-H7.3.3.0
2024-12-18 11:31:28,615 [WARN] PackLoader:240 - Cannot read IP mode file for STMicroelectronics.X-CUBE-IPS.3.0.0
2024-12-18 11:31:28,634 [WARN] ConditionMgr:438 - getConditionDescription Invalid condition id : UX DEVICE CLASS RTOS Condition cause : null
2024-12-18 11:31:28,634 [WARN] ConditionMgr:438 - getConditionDescription Invalid condition id : UX DEVICE CLASS RTOS Condition cause : null
2024-12-18 11:31:28,635 [WARN] PackLoader:240 - Cannot read IP mode file for STMicroelectronics.X-CUBE-AZRTOS-WB.2.0.0
2024-12-18 11:31:28,635 [WARN] ConditionMgr:1039 - genDependencies : Invalid condition id : UX DEVICE CLASS RTOS Condition cause : null
2024-12-18 11:31:28,635 [WARN] ConditionMgr:1039 - genDependencies : Invalid condition id : UX DEVICE CLASS RTOS Condition cause : null
2024-12-18 11:31:28,635 [WARN] ConditionMgr:1039 - genDependencies : Invalid condition id : UX DEVICE CLASS RTOS Condition cause : null
2024-12-18 11:31:28,636 [WARN] ConditionMgr:1039 - genDependencies : Invalid condition id : UX DEVICE CLASS RTOS Condition cause : null
2024-12-18 11:31:28,636 [WARN] ConditionMgr:1039 - genDependencies : Invalid condition id : UX DEVICE CLASS RTOS Condition cause : null
2024-12-18 11:31:28,646 [WARN] PackLoader:240 - Cannot read IP mode file for STMicroelectronics.X-CUBE-GNSS1.7.0.0
2024-12-18 11:31:28,649 [WARN] PackLoader:240 - Cannot read IP mode file for STMicroelectronics.X-CUBE-GNSS1.7.0.1
2024-12-18 11:31:28,659 [WARN] PackLoader:240 - Cannot read IP mode file for STMicroelectronics.FP-SNS-STBOX1.2.0.0
2024-12-18 11:31:28,672 [WARN] PackLoader:240 - Cannot read IP mode file for STMicroelectronics.X-CUBE-SUBG2.5.0.0
2024-12-18 11:31:28,691 [WARN] PackLoader:240 - Cannot read IP mode file for STMicroelectronics.X-CUBE-AZRTOS-G4.2.0.0
2024-12-18 11:31:28,711 [WARN] PackLoader:240 - Cannot read IP mode file for Infineon.AIROC-Wi-Fi-Bluetooth-STM32.1.5.1
2024-12-18 11:31:28,720 [WARN] PackLoader:240 - Cannot read IP mode file for STMicroelectronics.FP-SNS-MOTENVWB1.1.3.1
2024-12-18 11:31:28,728 [WARN] PackLoader:240 - Cannot read IP mode file for STMicroelectronics.X-CUBE-ISPU.2.0.0
2024-12-18 11:31:28,736 [WARN] PackLoader:240 - Cannot read IP mode file for STMicroelectronics.X-CUBE-ALS.1.0.2
2024-12-18 11:31:28,774 [WARN] PackLoader:240 - Cannot read IP mode file for STMicroelectronics.X-CUBE-MEMS1.10.0.0
2024-12-18 11:31:28,816 [WARN] PackLoader:240 - Cannot read IP mode file for STMicroelectronics.X-CUBE-FREERTOS.1.1.0
2024-12-18 11:31:28,827 [WARN] PackLoader:240 - Cannot read IP mode file for STMicroelectronics.X-CUBE-TOUCHGFX.4.24.0
2024-12-18 11:31:28,836 [WARN] PackLoader:240 - Cannot read IP mode file for STMicroelectronics.X-CUBE-TOUCHGFX.4.24.1
2024-12-18 11:31:28,841 [WARN] PackLoader:240 - Cannot read IP mode file for wolfSSL.I-CUBE-wolfTPM.3.4.0
2024-12-18 11:31:28,852 [WARN] PackLoader:240 - Cannot read IP mode file for portGmbH.I-Cube-SoM-uGOAL.1.1.0
2024-12-18 11:31:28,861 [WARN] PackLoader:240 - Cannot read IP mode file for STMicroelectronics.X-CUBE-ALS.1.0.1
2024-12-18 11:31:28,879 [WARN] PackLoader:240 - Cannot read IP mode file for STMicroelectronics.X-CUBE-AZRTOS-H7RS.1.0.0
2024-12-18 11:31:28,888 [WARN] PackLoader:240 - Cannot read IP mode file for STMicroelectronics.FP-ATR-ASTRA1.2.0.0
2024-12-18 11:31:28,900 [WARN] PackLoader:240 - Cannot read IP mode file for STMicroelectronics.X-CUBE-TOF1.3.4.2
2024-12-18 11:31:28,915 [WARN] PackLoader:240 - Cannot read IP mode file for STMicroelectronics.X-CUBE-TOF1.3.4.0
2024-12-18 11:31:28,930 [WARN] PackLoader:240 - Cannot read IP mode file for STMicroelectronics.X-CUBE-TOF1.3.4.1
2024-12-18 11:31:28,956 [WARN] PackLoader:240 - Cannot read IP mode file for STMicroelectronics.X-CUBE-AZRTOS-H7.3.2.0
2024-12-18 11:31:28,960 [WARN] PackLoader:240 - Cannot read IP mode file for wolfSSL.I-CUBE-wolfSSH.1.4.17
2024-12-18 11:31:28,961 [INFO] ThirdParty:978 - Integrity check success = true
2024-12-18 11:31:28,961 [INFO] IntegrityCheckThread:100 - exiting critical section [integrity check]
2024-12-18 11:31:28,961 [INFO] IntegrityCheckThread:103 - End integrity checks thread
2024-12-18 17:28:13,298 [ERROR] LogOutputStream:75 - [STDERR_REDIRECT] 
