2025-04-30 08:57:18,790 [INFO] Activator:176 - 


2025-04-30 08:57:18,795 [INFO] Activator:177 - !SESSION log4j initialized
2025-04-30 08:57:24,155 [INFO] LogOutputStream:77 - [STDOUT_REDIRECT] 
2025-04-30 08:57:29,649 [INFO] ApplicationProperties:184 - Using Application install path: C:\ST\STM32CubeIDE_1.16.1\STM32CubeIDE\plugins\com.st.stm32cube.common.mx_6.12.1.202409122256
2025-04-30 08:57:29,662 [INFO] DbMcusXml:78 - Set database path to: C:\ST\STM32CubeIDE_1.16.1\STM32CubeIDE\plugins\com.st.stm32cube.common.mx_6.12.1.202409122256\\db\/mcu/
2025-04-30 08:57:29,662 [INFO] ApiDb:274 - Set plugin database path to: C:\ST\STM32CubeIDE_1.16.1\STM32CubeIDE\plugins\com.st.stm32cube.common.mx_6.12.1.202409122256\\db\/plugins/boardmanager/
2025-04-30 08:57:29,662 [WARN] ApiDb:259 - Overriding images path with different value:  => C:\ST\STM32CubeIDE_1.16.1\STM32CubeIDE\plugins\com.st.stm32cube.common.mx_6.12.1.202409122256\\db\/plugins/mcufinder/images/
2025-04-30 08:57:29,675 [INFO] ApiDb:250 - Set database path to: C:\Users\RND1\.stmcufinder\plugins\mcufinder//mcu/
2025-04-30 08:57:29,675 [INFO] DbMcusAds:125 - Set database path to: C:\Users\RND1\.stmcufinder\plugins\mcufinder//mcu/
2025-04-30 08:57:29,678 [INFO] CrossReferenceDbSqlite:203 - Set database path to: C:\Users\RND1\.stmcufinder\plugins\mcufinder//mcu/cs/
2025-04-30 08:57:29,773 [INFO] RulesReader:64 - Compatibility file has been processed (297 Rules)
2025-04-30 08:57:29,841 [INFO] DbMcusXml:78 - Set database path to: C:\ST\STM32CubeIDE_1.16.1\STM32CubeIDE\plugins\com.st.stm32cube.common.mx_6.12.1.202409122256\\db\/mcu/
2025-04-30 08:57:29,841 [INFO] ApiDb:274 - Set plugin database path to: C:\ST\STM32CubeIDE_1.16.1\STM32CubeIDE\plugins\com.st.stm32cube.common.mx_6.12.1.202409122256\\db\/plugins/boardmanager/
2025-04-30 08:57:29,841 [INFO] ApiDb:261 - Set plugin images path to: C:\ST\STM32CubeIDE_1.16.1\STM32CubeIDE\plugins\com.st.stm32cube.common.mx_6.12.1.202409122256\\db\/plugins/mcufinder/images/
2025-04-30 08:57:29,841 [WARN] DbFile:41 - Overriding database path with different value: C:\Users\RND1\.stmcufinder\plugins\mcufinder/ => C:\Users\RND1\.stmcufinder\plugins\mcufinder
2025-04-30 08:57:29,842 [INFO] ApiDb:250 - Set database path to: C:\Users\RND1\.stmcufinder\plugins\mcufinder//mcu/
2025-04-30 08:57:29,842 [WARN] DbFile:41 - Overriding database path with different value: C:\Users\RND1\.stmcufinder\plugins\mcufinder/ => C:\Users\RND1\.stmcufinder\plugins\mcufinder
2025-04-30 08:57:29,842 [INFO] DbMcusAds:125 - Set database path to: C:\Users\RND1\.stmcufinder\plugins\mcufinder//mcu/
2025-04-30 08:57:29,842 [WARN] DbFile:41 - Overriding database path with different value: C:\Users\RND1\.stmcufinder\plugins\mcufinder/ => C:\Users\RND1\.stmcufinder\plugins\mcufinder
2025-04-30 08:57:29,842 [WARN] DbFile:41 - Overriding database path with different value: C:\Users\RND1\.stmcufinder\plugins\mcufinder/ => C:\Users\RND1\.stmcufinder\plugins\mcufinder
2025-04-30 08:57:29,842 [INFO] CrossReferenceDbSqlite:203 - Set database path to: C:\Users\RND1\.stmcufinder\plugins\mcufinder//mcu/cs/
2025-04-30 08:57:29,902 [INFO] MainPanel:268 - HeapMemory: 268435456
2025-04-30 08:57:29,979 [INFO] DbMcusXml:78 - Set database path to: C:\ST\STM32CubeIDE_1.16.1\STM32CubeIDE\plugins\com.st.stm32cube.common.mx_6.12.1.202409122256\\db\/mcu/
2025-04-30 08:57:29,979 [INFO] ApiDb:274 - Set plugin database path to: C:\ST\STM32CubeIDE_1.16.1\STM32CubeIDE\plugins\com.st.stm32cube.common.mx_6.12.1.202409122256\\db\/plugins/boardmanager/
2025-04-30 08:57:29,979 [INFO] ApiDb:261 - Set plugin images path to: C:\ST\STM32CubeIDE_1.16.1\STM32CubeIDE\plugins\com.st.stm32cube.common.mx_6.12.1.202409122256\\db\/plugins/mcufinder/images/
2025-04-30 08:57:29,979 [WARN] DbFile:41 - Overriding database path with different value: C:\Users\RND1\.stmcufinder\plugins\mcufinder/ => C:\Users\RND1\.stmcufinder\plugins\mcufinder
2025-04-30 08:57:29,979 [INFO] ApiDb:250 - Set database path to: C:\Users\RND1\.stmcufinder\plugins\mcufinder//mcu/
2025-04-30 08:57:29,979 [WARN] DbFile:41 - Overriding database path with different value: C:\Users\RND1\.stmcufinder\plugins\mcufinder/ => C:\Users\RND1\.stmcufinder\plugins\mcufinder
2025-04-30 08:57:29,980 [INFO] DbMcusAds:125 - Set database path to: C:\Users\RND1\.stmcufinder\plugins\mcufinder//mcu/
2025-04-30 08:57:29,980 [WARN] DbFile:41 - Overriding database path with different value: C:\Users\RND1\.stmcufinder\plugins\mcufinder/ => C:\Users\RND1\.stmcufinder\plugins\mcufinder
2025-04-30 08:57:29,980 [WARN] DbFile:41 - Overriding database path with different value: C:\Users\RND1\.stmcufinder\plugins\mcufinder/ => C:\Users\RND1\.stmcufinder\plugins\mcufinder
2025-04-30 08:57:29,980 [INFO] CrossReferenceDbSqlite:203 - Set database path to: C:\Users\RND1\.stmcufinder\plugins\mcufinder//mcu/cs/
2025-04-30 08:57:29,993 [INFO] ApplicationProperties:184 - Using Application install path: C:\ST\STM32CubeIDE_1.16.1\STM32CubeIDE\plugins\com.st.stm32cube.common.mx_6.12.1.202409122256
2025-04-30 08:57:29,995 [INFO] PluginManage:196 - Search for loadable plugins [exclusion list=, ]
2025-04-30 08:57:29,996 [INFO] PluginManage:310 - Check plugin analytics
2025-04-30 08:57:30,160 [INFO] AnalyticsPlugin:253 - Accepted Software Licenses: STM32CubeMX.6.10.0
2025-04-30 08:57:30,160 [INFO] AnalyticsPlugin:255 - Accepted CMSIS Pack Licenses: 
2025-04-30 08:57:30,161 [INFO] AnalyticsPlugin:257 - Accepted Firmware Licenses: FW.G4.1.5.0,FW.G4.1.6.0,FW.F4.1.28.0,FW.H7.1.11.0
2025-04-30 08:57:30,164 [INFO] PluginManage:359 - Loaded plugin analytics (category:tool,tabindex:-1)
2025-04-30 08:57:30,165 [INFO] PluginManage:310 - Check plugin cadmodel
2025-04-30 08:57:30,182 [INFO] CADModel:105 - Init CAD model plugin
2025-04-30 08:57:30,182 [INFO] PluginManage:359 - Loaded plugin cadmodel (category:power,tabindex:5)
2025-04-30 08:57:30,182 [INFO] PluginManage:310 - Check plugin clock
2025-04-30 08:57:30,210 [INFO] PluginManage:359 - Loaded plugin clock (category:base,tabindex:2)
2025-04-30 08:57:30,210 [INFO] PluginManage:310 - Check plugin ddr
2025-04-30 08:57:30,213 [INFO] PluginManage:359 - Loaded plugin ddr (category:tool,tabindex:6)
2025-04-30 08:57:30,213 [INFO] PluginManage:310 - Check plugin filemanager
2025-04-30 08:57:30,336 [INFO] PluginManage:359 - Loaded plugin filemanager (category:base,tabindex:10)
2025-04-30 08:57:30,336 [INFO] PluginManage:310 - Check plugin ipmanager
2025-04-30 08:57:30,343 [INFO] PluginManage:359 - Loaded plugin ipmanager (category:base,tabindex:5)
2025-04-30 08:57:30,343 [INFO] PluginManage:310 - Check plugin lpbam
2025-04-30 08:57:30,360 [INFO] PluginManage:359 - Loaded plugin lpbam (category:base,tabindex:0)
2025-04-30 08:57:30,360 [INFO] PluginManage:310 - Check plugin memorymap
2025-04-30 08:57:30,378 [INFO] PluginManage:359 - Loaded plugin memorymap (category:base,tabindex:4)
2025-04-30 08:57:30,378 [INFO] PluginManage:310 - Check plugin pinoutandconfiguration
2025-04-30 08:57:30,392 [INFO] PluginManage:359 - Loaded plugin pinoutandconfiguration (category:base,tabindex:1)
2025-04-30 08:57:30,392 [INFO] PluginManage:310 - Check plugin pinoutconfig
2025-04-30 08:57:30,464 [WARN] SupportedApi:132 - Cannot load RTOS API schema: s4s-elt-must-match.1: The content of 'definitions' must match (annotation?, (simpleType | complexType)?, (unique | key | keyref)*)). A problem was found starting at: attribute.
2025-04-30 08:57:30,550 [INFO] PluginManage:359 - Loaded plugin pinoutconfig (category:base,tabindex:0)
2025-04-30 08:57:30,550 [INFO] PluginManage:310 - Check plugin power
2025-04-30 08:57:30,567 [INFO] PluginManage:359 - Loaded plugin power (category:power,tabindex:4)
2025-04-30 08:57:30,567 [INFO] PluginManage:310 - Check plugin projectmanager
2025-04-30 08:57:30,578 [INFO] PluginManage:359 - Loaded plugin projectmanager (category:projectmanager,tabindex:4)
2025-04-30 08:57:30,578 [INFO] PluginManage:310 - Check plugin rif
2025-04-30 08:57:30,593 [INFO] PluginManage:359 - Loaded plugin rif (category:base,tabindex:3)
2025-04-30 08:57:30,594 [INFO] PluginManage:310 - Check plugin thirdparty
2025-04-30 08:57:30,804 [INFO] PluginManage:359 - Loaded plugin thirdparty (category:base,tabindex:-1)
2025-04-30 08:57:30,804 [WARN] IntegrityCheckThread:84 - waiting for thirdparty lock release [integrity check]
2025-04-30 08:57:30,805 [INFO] PluginManage:310 - Check plugin tools
2025-04-30 08:57:30,805 [INFO] IntegrityCheckThread:86 - entering critical section [integrity check]
2025-04-30 08:57:30,805 [INFO] ThirdPartyUpdaterWithRetryManager:70 - Updater plugin not ready yet. [1/15]
2025-04-30 08:57:30,834 [INFO] PluginManage:359 - Loaded plugin tools (category:base,tabindex:7)
2025-04-30 08:57:30,834 [INFO] PluginManage:310 - Check plugin tutovideos
2025-04-30 08:57:30,971 [INFO] PluginManage:359 - Loaded plugin tutovideos (category:base,tabindex:-1)
2025-04-30 08:57:30,971 [INFO] PluginManage:310 - Check plugin updater
2025-04-30 08:57:30,986 [INFO] PluginManage:359 - Loaded plugin updater (category:base,tabindex:12)
2025-04-30 08:57:30,986 [INFO] PluginManage:310 - Check plugin userauth
2025-04-30 08:57:30,991 [INFO] UserAuth:113 - Init User Auth plugin
2025-04-30 08:57:30,991 [INFO] PluginManage:359 - Loaded plugin userauth (category:base,tabindex:14)
2025-04-30 08:57:30,991 [INFO] PluginManage:283 - PluginManage : Loaded plugins [18]
2025-04-30 08:57:31,143 [INFO] PinOutPanel:1561 - setPackage(No Configuration,No Configuration)
2025-04-30 08:57:31,210 [INFO] CADModel:165 - CPN selected for project level
2025-04-30 08:57:31,210 [INFO] CADModel:114 - Register for checkConnection events
2025-04-30 08:57:31,234 [INFO] IPUIPlugin:80 - create IPUIPlugin
2025-04-30 08:57:31,234 [INFO] PluginManager:220 - loadIPPluginJar : add adc
2025-04-30 08:57:31,266 [INFO] IPUIPlugin:80 - create IPUIPlugin
2025-04-30 08:57:31,266 [INFO] PluginManager:220 - loadIPPluginJar : add aes
2025-04-30 08:57:31,298 [INFO] IPUIPlugin:80 - create IPUIPlugin
2025-04-30 08:57:31,298 [INFO] PluginManager:220 - loadIPPluginJar : add can
2025-04-30 08:57:31,318 [INFO] IPUIPlugin:80 - create IPUIPlugin
2025-04-30 08:57:31,318 [INFO] PluginManager:220 - loadIPPluginJar : add comp
2025-04-30 08:57:31,346 [INFO] IPUIPlugin:80 - create IPUIPlugin
2025-04-30 08:57:31,346 [INFO] PluginManager:220 - loadIPPluginJar : add cryp
2025-04-30 08:57:31,356 [INFO] IPUIPlugin:80 - create IPUIPlugin
2025-04-30 08:57:31,356 [INFO] PluginManager:220 - loadIPPluginJar : add ddr_ctrl_phy
2025-04-30 08:57:31,381 [INFO] IPUIPlugin:80 - create IPUIPlugin
2025-04-30 08:57:31,381 [INFO] PluginManager:220 - loadIPPluginJar : add dfsdm
2025-04-30 08:57:31,393 [INFO] IPUIPlugin:80 - create IPUIPlugin
2025-04-30 08:57:31,394 [INFO] PluginManager:220 - loadIPPluginJar : add dma
2025-04-30 08:57:31,430 [INFO] IPUIPlugin:80 - create IPUIPlugin
2025-04-30 08:57:31,430 [INFO] PluginManager:220 - loadIPPluginJar : add dma3
2025-04-30 08:57:31,466 [INFO] IPUIPlugin:80 - create IPUIPlugin
2025-04-30 08:57:31,466 [INFO] PluginManager:220 - loadIPPluginJar : add extmemmanager
2025-04-30 08:57:31,485 [INFO] IPUIPlugin:80 - create IPUIPlugin
2025-04-30 08:57:31,485 [INFO] PluginManager:220 - loadIPPluginJar : add fatfs
2025-04-30 08:57:31,524 [INFO] IPUIPlugin:80 - create IPUIPlugin
2025-04-30 08:57:31,524 [INFO] PluginManager:220 - loadIPPluginJar : add fmc
2025-04-30 08:57:31,537 [INFO] IPUIPlugin:80 - create IPUIPlugin
2025-04-30 08:57:31,537 [INFO] PluginManager:220 - loadIPPluginJar : add freertos
2025-04-30 08:57:31,555 [INFO] IPUIPlugin:80 - create IPUIPlugin
2025-04-30 08:57:31,555 [INFO] PluginManager:220 - loadIPPluginJar : add genericplugin
2025-04-30 08:57:31,628 [INFO] IPUIPlugin:80 - create IPUIPlugin
2025-04-30 08:57:31,628 [INFO] PluginManager:220 - loadIPPluginJar : add gfxmmu
2025-04-30 08:57:31,724 [INFO] IPUIPlugin:80 - create IPUIPlugin
2025-04-30 08:57:31,724 [INFO] PluginManager:220 - loadIPPluginJar : add gic
2025-04-30 08:57:31,735 [INFO] IPUIPlugin:80 - create IPUIPlugin
2025-04-30 08:57:31,735 [INFO] PluginManager:220 - loadIPPluginJar : add gpio
2025-04-30 08:57:31,805 [INFO] IPUIPlugin:80 - create IPUIPlugin
2025-04-30 08:57:31,805 [INFO] PluginManager:220 - loadIPPluginJar : add gtzc
2025-04-30 08:57:31,832 [INFO] IPUIPlugin:80 - create IPUIPlugin
2025-04-30 08:57:31,832 [INFO] PluginManager:220 - loadIPPluginJar : add hash
2025-04-30 08:57:31,876 [INFO] IPUIPlugin:80 - create IPUIPlugin
2025-04-30 08:57:31,876 [INFO] PluginManager:220 - loadIPPluginJar : add i2c
2025-04-30 08:57:31,911 [INFO] IPUIPlugin:80 - create IPUIPlugin
2025-04-30 08:57:31,911 [INFO] PluginManager:220 - loadIPPluginJar : add i2s
2025-04-30 08:57:31,946 [INFO] IPUIPlugin:80 - create IPUIPlugin
2025-04-30 08:57:31,946 [INFO] PluginManager:220 - loadIPPluginJar : add i3c
2025-04-30 08:57:32,030 [INFO] IPUIPlugin:80 - create IPUIPlugin
2025-04-30 08:57:32,030 [INFO] PluginManager:220 - loadIPPluginJar : add ipddr
2025-04-30 08:57:32,109 [INFO] IPUIPlugin:80 - create IPUIPlugin
2025-04-30 08:57:32,109 [INFO] PluginManager:220 - loadIPPluginJar : add linkedlist
2025-04-30 08:57:32,140 [INFO] IPUIPlugin:80 - create IPUIPlugin
2025-04-30 08:57:32,140 [INFO] PluginManager:220 - loadIPPluginJar : add lorawan
2025-04-30 08:57:32,167 [INFO] IPUIPlugin:80 - create IPUIPlugin
2025-04-30 08:57:32,168 [INFO] PluginManager:220 - loadIPPluginJar : add ltdc
2025-04-30 08:57:32,179 [INFO] IPUIPlugin:80 - create IPUIPlugin
2025-04-30 08:57:32,179 [INFO] PluginManager:220 - loadIPPluginJar : add mdma
2025-04-30 08:57:32,189 [INFO] IPUIPlugin:80 - create IPUIPlugin
2025-04-30 08:57:32,189 [INFO] PluginManager:220 - loadIPPluginJar : add nvic
2025-04-30 08:57:32,219 [INFO] IPUIPlugin:80 - create IPUIPlugin
2025-04-30 08:57:32,219 [INFO] PluginManager:220 - loadIPPluginJar : add opamp
2025-04-30 08:57:32,268 [INFO] IPUIPlugin:80 - create IPUIPlugin
2025-04-30 08:57:32,268 [INFO] PluginManager:220 - loadIPPluginJar : add openamp
2025-04-30 08:57:32,301 [INFO] IPUIPlugin:80 - create IPUIPlugin
2025-04-30 08:57:32,301 [INFO] PluginManager:220 - loadIPPluginJar : add pdm2pcm
2025-04-30 08:57:32,314 [INFO] IPUIPlugin:80 - create IPUIPlugin
2025-04-30 08:57:32,315 [INFO] PluginManager:220 - loadIPPluginJar : add plateformsettings
2025-04-30 08:57:32,335 [INFO] IPUIPlugin:80 - create IPUIPlugin
2025-04-30 08:57:32,335 [INFO] PluginManager:220 - loadIPPluginJar : add quadspi
2025-04-30 08:57:32,357 [INFO] IPUIPlugin:80 - create IPUIPlugin
2025-04-30 08:57:32,358 [INFO] PluginManager:220 - loadIPPluginJar : add radio
2025-04-30 08:57:32,369 [INFO] IPUIPlugin:80 - create IPUIPlugin
2025-04-30 08:57:32,369 [INFO] PluginManager:220 - loadIPPluginJar : add resmgrutility
2025-04-30 08:57:32,404 [INFO] IPUIPlugin:80 - create IPUIPlugin
2025-04-30 08:57:32,404 [INFO] PluginManager:220 - loadIPPluginJar : add sai
2025-04-30 08:57:32,432 [INFO] IPUIPlugin:80 - create IPUIPlugin
2025-04-30 08:57:32,432 [INFO] PluginManager:220 - loadIPPluginJar : add spi
2025-04-30 08:57:32,481 [INFO] IPUIPlugin:80 - create IPUIPlugin
2025-04-30 08:57:32,481 [INFO] PluginManager:220 - loadIPPluginJar : add stm32_wpan
2025-04-30 08:57:32,501 [INFO] IPUIPlugin:80 - create IPUIPlugin
2025-04-30 08:57:32,502 [INFO] PluginManager:220 - loadIPPluginJar : add tim
2025-04-30 08:57:32,545 [INFO] IPUIPlugin:80 - create IPUIPlugin
2025-04-30 08:57:32,545 [INFO] PluginManager:220 - loadIPPluginJar : add touchsensing
2025-04-30 08:57:32,564 [INFO] IPUIPlugin:80 - create IPUIPlugin
2025-04-30 08:57:32,564 [INFO] PluginManager:220 - loadIPPluginJar : add tracer_emb
2025-04-30 08:57:32,583 [INFO] IPUIPlugin:80 - create IPUIPlugin
2025-04-30 08:57:32,583 [INFO] PluginManager:220 - loadIPPluginJar : add ts
2025-04-30 08:57:32,616 [INFO] IPUIPlugin:80 - create IPUIPlugin
2025-04-30 08:57:32,616 [INFO] PluginManager:220 - loadIPPluginJar : add tsc
2025-04-30 08:57:32,642 [INFO] IPUIPlugin:80 - create IPUIPlugin
2025-04-30 08:57:32,642 [INFO] PluginManager:220 - loadIPPluginJar : add ucpd
2025-04-30 08:57:32,687 [INFO] IPUIPlugin:80 - create IPUIPlugin
2025-04-30 08:57:32,687 [INFO] PluginManager:220 - loadIPPluginJar : add usart
2025-04-30 08:57:32,725 [INFO] IPUIPlugin:80 - create IPUIPlugin
2025-04-30 08:57:32,726 [INFO] PluginManager:220 - loadIPPluginJar : add usbx
2025-04-30 08:57:32,837 [INFO] CADModel:165 - CPN selected for project level
2025-04-30 08:57:32,837 [INFO] CADModel:114 - Register for checkConnection events
2025-04-30 08:57:32,837 [FATAL] Updater:334 - Updater called before beeing initialized
2025-04-30 08:57:32,837 [ERROR] CADModel:125 - Updater not yet initialized, retry later 
2025-04-30 08:57:32,932 [INFO] CADModel:165 - CPN selected for project level
2025-04-30 08:57:32,932 [INFO] CADModel:114 - Register for checkConnection events
2025-04-30 08:57:32,932 [FATAL] Updater:334 - Updater called before beeing initialized
2025-04-30 08:57:32,932 [ERROR] CADModel:125 - Updater not yet initialized, retry later 
2025-04-30 08:57:32,934 [FATAL] Updater:334 - Updater called before beeing initialized
2025-04-30 08:57:33,029 [FATAL] Updater:334 - Updater called before beeing initialized
2025-04-30 08:57:33,038 [INFO] DbMcusAds:53 - JSON generation date=Thu Mar 06 23:54:21 KST 2025 (1741272861825)
2025-04-30 08:57:33,038 [FATAL] Updater:334 - Updater called before beeing initialized
2025-04-30 08:57:33,066 [WARN] DetailPanel:346 - Failed to get advertising image, set to default
2025-04-30 08:57:33,148 [FATAL] Updater:334 - Updater called before beeing initialized
2025-04-30 08:57:33,149 [FATAL] Updater:334 - Updater called before beeing initialized
2025-04-30 08:57:33,150 [FATAL] Updater:334 - Updater called before beeing initialized
2025-04-30 08:57:33,150 [WARN] DetailPanel:346 - Failed to get advertising image, set to default
2025-04-30 08:57:33,150 [FATAL] Updater:334 - Updater called before beeing initialized
2025-04-30 08:57:33,205 [ERROR] Updater:1164 - MainUpdater not yet initialized. External WinMGr cannot be set.
2025-04-30 08:57:33,215 [INFO] Updater:1100 - Updater Version found : 6.12.1
2025-04-30 08:57:33,229 [INFO] ApplicationProperties:184 - Using Application install path: C:\ST\STM32CubeIDE_1.16.1\STM32CubeIDE\plugins\com.st.stm32cube.common.mx_6.12.1.202409122256
2025-04-30 08:57:33,807 [INFO] ThirdPartyUpdaterWithRetryManager:70 - Updater plugin not ready yet. [2/15]
2025-04-30 08:57:36,808 [FATAL] Updater:334 - Updater called before beeing initialized
2025-04-30 08:57:36,808 [ERROR] IntegrityCheckThread:130 - Cannot retrieve database content from updater: error 21
2025-04-30 08:57:36,808 [INFO] ThirdParty:978 - Integrity check success = false
2025-04-30 08:57:36,808 [INFO] IntegrityCheckThread:100 - exiting critical section [integrity check]
2025-04-30 08:57:36,808 [INFO] IntegrityCheckThread:103 - End integrity checks thread
2025-04-30 08:57:37,210 [INFO] MainUpdater:2873 - connection check result : 10
2025-04-30 08:57:37,210 [INFO] MainUpdater:3567 - Updater definition file requires update
2025-04-30 08:57:37,211 [INFO] MainUpdater:290 - Updater Check For Update Now.
2025-04-30 08:57:37,212 [INFO] MicroXplorer:498 - Change Database Version : DB.6.0.121
2025-04-30 08:57:37,226 [INFO] McuFinderGlobals:63 - Set McuFinder mode to 2 (CubeIDE integrated)
2025-04-30 08:57:37,232 [INFO] UserAuth:417 - Internet connection configuration mode: 1
2025-04-30 08:57:37,253 [INFO] JxBrowserEngine:152 - Initiate JxBrowser Engine with user profile folder
2025-04-30 08:57:37,923 [INFO] ServerAccessManage:473 - Download File updaters.zip
2025-04-30 08:57:38,527 [INFO] FileExtend:240 - Unzip File : updaters.zip
2025-04-30 08:57:38,527 [INFO] FileExtend:255 - Standard Zip Deflate
2025-04-30 08:57:39,443 [INFO] ServerAccessManage:473 - Download File PacksControlFlags.xml
2025-04-30 08:57:39,746 [INFO] ServerAccessManage:473 - Download File cubemx.pidx
2025-04-30 08:57:39,867 [INFO] LoadServerUpdatesThread:375 - End of LoadServerUpdate Thread
2025-04-30 08:57:40,058 [INFO] CheckServerUpdateThread:120 - End of CheckServer Thread
2025-04-30 08:57:41,067 [INFO] WebApp:167 - Instantiating new browser for Auth
2025-04-30 08:57:42,851 [INFO] WebApp:448 - Apply proxy settings
2025-04-30 08:57:42,858 [INFO] WebApp:493 - Chromium authenticates against Manually configured proxy
2025-04-30 08:57:42,866 [INFO] WebApp:501 - Username used for proxy authentication: 
2025-04-30 08:57:42,897 [INFO] WebApp:869 - Register for checkConnection events
2025-04-30 08:57:42,897 [INFO] WebApp:448 - Apply proxy settings
2025-04-30 08:57:42,902 [INFO] WebApp:493 - Chromium authenticates against Manually configured proxy
2025-04-30 08:57:42,903 [INFO] WebApp:501 - Username used for proxy authentication: 
2025-04-30 08:57:43,113 [INFO] WebApp:220 - Starting web application
2025-04-30 08:57:43,113 [INFO] WebApp:578 - Web application path used C:\ST\STM32CubeIDE_1.16.1\STM32CubeIDE\plugins\com.st.stm32cube.common.mx_6.12.1.202409122256\db\plugins\mcufinder\reactClient1\index.html
2025-04-30 08:57:43,205 [INFO] WebApp:186 - Connection restablished
2025-04-30 08:57:43,276 [INFO] UserAuth:417 - Internet connection configuration mode: 1
2025-04-30 13:06:12,902 [INFO] WebApp:189 - Connection lost
2025-04-30 13:06:13,324 [INFO] WebApp:186 - Connection restablished
2025-04-30 13:06:13,454 [INFO] WebApp:189 - Connection lost
2025-04-30 13:06:14,102 [INFO] WebApp:186 - Connection restablished
2025-04-30 13:06:15,466 [INFO] WebApp:189 - Connection lost
2025-04-30 13:06:15,945 [INFO] WebApp:186 - Connection restablished
